run_id=security-overhead-final-factorial-tls-b5-rf5-isr3-msg10240-tps1000-batch16384-acksall-prod12-complz4-trial1
producer_count=12
----- /var/lib/kafka-client/results/security-overhead-final-factorial-tls-b5-rf5-isr3-msg10240-tps1000-batch16384-acksall-prod12-complz4-trial1/producer-perf-1.log -----
producer_index=1
producer_count=12
producer_records=8334
producer_throughput=84
1 records sent, 0.1 records/sec (0.00 MB/sec), 18905.0 ms avg latency, 18905.0 ms max latency.
84 records sent, 16.4 records/sec (0.16 MB/sec), 7440.9 ms avg latency, 9547.0 ms max latency.
168 records sent, 33.6 records/sec (0.33 MB/sec), 11170.2 ms avg latency, 12766.0 ms max latency.
452 records sent, 90.2 records/sec (0.88 MB/sec), 13646.2 ms avg latency, 15775.0 ms max latency.
550 records sent, 109.5 records/sec (1.07 MB/sec), 15866.0 ms avg latency, 17162.0 ms max latency.
942 records sent, 188.4 records/sec (1.84 MB/sec), 17554.9 ms avg latency, 18551.0 ms max latency.
946 records sent, 188.5 records/sec (1.84 MB/sec), 13739.6 ms avg latency, 18416.0 ms max latency.
1176 records sent, 232.8 records/sec (2.27 MB/sec), 7507.1 ms avg latency, 11306.0 ms max latency.
670 records sent, 134.0 records/sec (1.31 MB/sec), 742.3 ms avg latency, 3103.0 ms max latency.
420 records sent, 83.8 records/sec (0.82 MB/sec), 27.6 ms avg latency, 150.0 ms max latency.
429 records sent, 85.6 records/sec (0.84 MB/sec), 26.1 ms avg latency, 113.0 ms max latency.
422 records sent, 84.3 records/sec (0.82 MB/sec), 23.8 ms avg latency, 138.0 ms max latency.
419 records sent, 83.3 records/sec (0.81 MB/sec), 22.1 ms avg latency, 65.0 ms max latency.
423 records sent, 84.5 records/sec (0.83 MB/sec), 25.3 ms avg latency, 115.0 ms max latency.
424 records sent, 84.4 records/sec (0.82 MB/sec), 21.4 ms avg latency, 94.0 ms max latency.
422 records sent, 84.4 records/sec (0.82 MB/sec), 19.7 ms avg latency, 67.0 ms max latency.
8334 records sent, 83.616772 records/sec (0.82 MB/sec), 6761.69 ms avg latency, 18905.00 ms max latency, 4184 ms 50th, 17656 ms 95th, 18069 ms 99th, 18457 ms 99.9th.
----- /var/lib/kafka-client/results/security-overhead-final-factorial-tls-b5-rf5-isr3-msg10240-tps1000-batch16384-acksall-prod12-complz4-trial1/producer-perf-2.log -----
producer_index=2
producer_count=12
producer_records=8334
producer_throughput=84
1 records sent, 0.1 records/sec (0.00 MB/sec), 4724.0 ms avg latency, 4724.0 ms max latency.
91 records sent, 18.0 records/sec (0.18 MB/sec), 7107.5 ms avg latency, 17581.0 ms max latency.
186 records sent, 36.8 records/sec (0.36 MB/sec), 10615.0 ms avg latency, 12105.0 ms max latency.
347 records sent, 69.2 records/sec (0.68 MB/sec), 13284.0 ms avg latency, 15059.0 ms max latency.
523 records sent, 104.6 records/sec (1.02 MB/sec), 15830.9 ms avg latency, 17163.0 ms max latency.
862 records sent, 171.9 records/sec (1.68 MB/sec), 17834.0 ms avg latency, 19036.0 ms max latency.
995 records sent, 198.8 records/sec (1.94 MB/sec), 14955.7 ms avg latency, 19120.0 ms max latency.
1113 records sent, 222.2 records/sec (2.17 MB/sec), 8057.1 ms avg latency, 11660.0 ms max latency.
753 records sent, 150.3 records/sec (1.47 MB/sec), 1324.0 ms avg latency, 4198.0 ms max latency.
417 records sent, 83.3 records/sec (0.81 MB/sec), 29.0 ms avg latency, 117.0 ms max latency.
427 records sent, 85.3 records/sec (0.83 MB/sec), 27.7 ms avg latency, 100.0 ms max latency.
422 records sent, 84.1 records/sec (0.82 MB/sec), 23.3 ms avg latency, 80.0 ms max latency.
424 records sent, 84.1 records/sec (0.82 MB/sec), 22.3 ms avg latency, 81.0 ms max latency.
422 records sent, 83.9 records/sec (0.82 MB/sec), 22.1 ms avg latency, 77.0 ms max latency.
424 records sent, 84.7 records/sec (0.83 MB/sec), 20.8 ms avg latency, 98.0 ms max latency.
421 records sent, 84.1 records/sec (0.82 MB/sec), 19.0 ms avg latency, 103.0 ms max latency.
421 records sent, 84.0 records/sec (0.82 MB/sec), 17.4 ms avg latency, 59.0 ms max latency.
8334 records sent, 83.746169 records/sec (0.82 MB/sec), 6696.85 ms avg latency, 19120.00 ms max latency, 3524 ms 50th, 18030 ms 95th, 18581 ms 99th, 18995 ms 99.9th.
----- /var/lib/kafka-client/results/security-overhead-final-factorial-tls-b5-rf5-isr3-msg10240-tps1000-batch16384-acksall-prod12-complz4-trial1/producer-perf-3.log -----
producer_index=3
producer_count=12
producer_records=8334
producer_throughput=84
1 records sent, 0.1 records/sec (0.00 MB/sec), 18018.0 ms avg latency, 18018.0 ms max latency.
84 records sent, 16.7 records/sec (0.16 MB/sec), 6886.0 ms avg latency, 8880.0 ms max latency.
174 records sent, 34.7 records/sec (0.34 MB/sec), 10429.5 ms avg latency, 12078.0 ms max latency.
329 records sent, 65.4 records/sec (0.64 MB/sec), 13428.7 ms avg latency, 15669.0 ms max latency.
673 records sent, 133.8 records/sec (1.31 MB/sec), 15747.8 ms avg latency, 16847.0 ms max latency.
924 records sent, 183.6 records/sec (1.79 MB/sec), 17309.1 ms avg latency, 18154.0 ms max latency.
1014 records sent, 202.7 records/sec (1.98 MB/sec), 12919.4 ms avg latency, 17543.0 ms max latency.
1181 records sent, 236.1 records/sec (2.31 MB/sec), 5989.1 ms avg latency, 10494.0 ms max latency.
527 records sent, 104.7 records/sec (1.02 MB/sec), 238.3 ms avg latency, 1543.0 ms max latency.
426 records sent, 85.1 records/sec (0.83 MB/sec), 28.7 ms avg latency, 252.0 ms max latency.
421 records sent, 84.0 records/sec (0.82 MB/sec), 26.0 ms avg latency, 94.0 ms max latency.
420 records sent, 83.6 records/sec (0.82 MB/sec), 21.9 ms avg latency, 84.0 ms max latency.
422 records sent, 83.8 records/sec (0.82 MB/sec), 22.7 ms avg latency, 75.0 ms max latency.
426 records sent, 85.0 records/sec (0.83 MB/sec), 22.1 ms avg latency, 94.0 ms max latency.
420 records sent, 84.0 records/sec (0.82 MB/sec), 21.7 ms avg latency, 229.0 ms max latency.
420 records sent, 83.9 records/sec (0.82 MB/sec), 20.8 ms avg latency, 131.0 ms max latency.
418 records sent, 83.5 records/sec (0.82 MB/sec), 16.7 ms avg latency, 63.0 ms max latency.
8334 records sent, 83.754585 records/sec (0.82 MB/sec), 6455.20 ms avg latency, 18154.00 ms max latency, 2973 ms 50th, 17472 ms 95th, 17778 ms 99th, 18018 ms 99.9th.
----- /var/lib/kafka-client/results/security-overhead-final-factorial-tls-b5-rf5-isr3-msg10240-tps1000-batch16384-acksall-prod12-complz4-trial1/producer-perf-4.log -----
producer_index=4
producer_count=12
producer_records=8334
producer_throughput=84
1 records sent, 0.1 records/sec (0.00 MB/sec), 5166.0 ms avg latency, 5166.0 ms max latency.
99 records sent, 19.1 records/sec (0.19 MB/sec), 7714.7 ms avg latency, 19263.0 ms max latency.
192 records sent, 37.8 records/sec (0.37 MB/sec), 11371.7 ms avg latency, 12730.0 ms max latency.
377 records sent, 74.3 records/sec (0.73 MB/sec), 14098.5 ms avg latency, 15370.0 ms max latency.
631 records sent, 126.1 records/sec (1.23 MB/sec), 16038.4 ms avg latency, 17030.0 ms max latency.
930 records sent, 185.5 records/sec (1.81 MB/sec), 17774.7 ms avg latency, 18716.0 ms max latency.
1107 records sent, 221.3 records/sec (2.16 MB/sec), 12463.4 ms avg latency, 18457.0 ms max latency.
1262 records sent, 249.7 records/sec (2.44 MB/sec), 4936.6 ms avg latency, 10528.0 ms max latency.
426 records sent, 85.2 records/sec (0.83 MB/sec), 28.6 ms avg latency, 118.0 ms max latency.
421 records sent, 83.7 records/sec (0.82 MB/sec), 29.1 ms avg latency, 238.0 ms max latency.
421 records sent, 84.1 records/sec (0.82 MB/sec), 24.2 ms avg latency, 96.0 ms max latency.
429 records sent, 85.6 records/sec (0.84 MB/sec), 22.3 ms avg latency, 108.0 ms max latency.
420 records sent, 83.8 records/sec (0.82 MB/sec), 22.1 ms avg latency, 78.0 ms max latency.
421 records sent, 84.1 records/sec (0.82 MB/sec), 23.9 ms avg latency, 95.0 ms max latency.
420 records sent, 84.0 records/sec (0.82 MB/sec), 19.8 ms avg latency, 111.0 ms max latency.
420 records sent, 84.0 records/sec (0.82 MB/sec), 17.9 ms avg latency, 59.0 ms max latency.
8334 records sent, 83.641108 records/sec (0.82 MB/sec), 6603.15 ms avg latency, 19263.00 ms max latency, 3274 ms 50th, 17865 ms 95th, 18334 ms 99th, 18578 ms 99.9th.
----- /var/lib/kafka-client/results/security-overhead-final-factorial-tls-b5-rf5-isr3-msg10240-tps1000-batch16384-acksall-prod12-complz4-trial1/producer-perf-5.log -----
producer_index=5
producer_count=12
producer_records=8333
producer_throughput=83
1 records sent, 0.1 records/sec (0.00 MB/sec), 4363.0 ms avg latency, 4363.0 ms max latency.
89 records sent, 17.0 records/sec (0.17 MB/sec), 7021.6 ms avg latency, 18359.0 ms max latency.
163 records sent, 32.5 records/sec (0.32 MB/sec), 10485.5 ms avg latency, 12169.0 ms max latency.
371 records sent, 73.9 records/sec (0.72 MB/sec), 13315.7 ms avg latency, 14624.0 ms max latency.
684 records sent, 135.4 records/sec (1.32 MB/sec), 14993.8 ms avg latency, 16010.0 ms max latency.
924 records sent, 183.9 records/sec (1.80 MB/sec), 16738.6 ms avg latency, 17692.0 ms max latency.
1026 records sent, 205.1 records/sec (2.00 MB/sec), 12262.0 ms avg latency, 16749.0 ms max latency.
1179 records sent, 235.7 records/sec (2.30 MB/sec), 4522.1 ms avg latency, 9368.0 ms max latency.
419 records sent, 83.5 records/sec (0.82 MB/sec), 26.6 ms avg latency, 128.0 ms max latency.
415 records sent, 82.8 records/sec (0.81 MB/sec), 27.2 ms avg latency, 157.0 ms max latency.
418 records sent, 83.4 records/sec (0.81 MB/sec), 26.5 ms avg latency, 102.0 ms max latency.
415 records sent, 83.0 records/sec (0.81 MB/sec), 21.9 ms avg latency, 77.0 ms max latency.
412 records sent, 82.3 records/sec (0.80 MB/sec), 22.7 ms avg latency, 77.0 ms max latency.
420 records sent, 83.9 records/sec (0.82 MB/sec), 23.1 ms avg latency, 104.0 ms max latency.
416 records sent, 83.2 records/sec (0.81 MB/sec), 21.5 ms avg latency, 81.0 ms max latency.
417 records sent, 83.2 records/sec (0.81 MB/sec), 17.5 ms avg latency, 60.0 ms max latency.
415 records sent, 82.9 records/sec (0.81 MB/sec), 17.7 ms avg latency, 66.0 ms max latency.
8333 records sent, 82.777049 records/sec (0.81 MB/sec), 6120.34 ms avg latency, 18359.00 ms max latency, 1931 ms 50th, 16898 ms 95th, 17352 ms 99th, 17599 ms 99.9th.
----- /var/lib/kafka-client/results/security-overhead-final-factorial-tls-b5-rf5-isr3-msg10240-tps1000-batch16384-acksall-prod12-complz4-trial1/producer-perf-6.log -----
producer_index=6
producer_count=12
producer_records=8333
producer_throughput=83
1 records sent, 0.1 records/sec (0.00 MB/sec), 4978.0 ms avg latency, 4978.0 ms max latency.
100 records sent, 19.8 records/sec (0.19 MB/sec), 7123.8 ms avg latency, 18362.0 ms max latency.
162 records sent, 32.3 records/sec (0.32 MB/sec), 10471.7 ms avg latency, 11862.0 ms max latency.
312 records sent, 62.4 records/sec (0.61 MB/sec), 13107.2 ms avg latency, 14493.0 ms max latency.
483 records sent, 95.7 records/sec (0.93 MB/sec), 15501.3 ms avg latency, 17087.0 ms max latency.
804 records sent, 159.9 records/sec (1.56 MB/sec), 17803.6 ms avg latency, 18746.0 ms max latency.
906 records sent, 180.8 records/sec (1.77 MB/sec), 17038.2 ms avg latency, 19500.0 ms max latency.
1174 records sent, 232.3 records/sec (2.27 MB/sec), 10201.9 ms avg latency, 13654.0 ms max latency.
926 records sent, 185.0 records/sec (1.81 MB/sec), 2494.6 ms avg latency, 6510.0 ms max latency.
419 records sent, 83.8 records/sec (0.82 MB/sec), 27.9 ms avg latency, 119.0 ms max latency.
416 records sent, 82.3 records/sec (0.80 MB/sec), 28.9 ms avg latency, 120.0 ms max latency.
426 records sent, 85.1 records/sec (0.83 MB/sec), 24.9 ms avg latency, 133.0 ms max latency.
417 records sent, 83.1 records/sec (0.81 MB/sec), 21.1 ms avg latency, 81.0 ms max latency.
409 records sent, 81.8 records/sec (0.80 MB/sec), 21.2 ms avg latency, 94.0 ms max latency.
424 records sent, 84.7 records/sec (0.83 MB/sec), 22.9 ms avg latency, 171.0 ms max latency.
413 records sent, 82.5 records/sec (0.81 MB/sec), 20.1 ms avg latency, 68.0 ms max latency.
418 records sent, 83.5 records/sec (0.82 MB/sec), 18.5 ms avg latency, 73.0 ms max latency.
8333 records sent, 82.682595 records/sec (0.81 MB/sec), 6973.19 ms avg latency, 19500.00 ms max latency, 4264 ms 50th, 18425 ms 95th, 19226 ms 99th, 19471 ms 99.9th.
----- /var/lib/kafka-client/results/security-overhead-final-factorial-tls-b5-rf5-isr3-msg10240-tps1000-batch16384-acksall-prod12-complz4-trial1/producer-perf-7.log -----
producer_index=7
producer_count=12
producer_records=8333
producer_throughput=83
1 records sent, 0.1 records/sec (0.00 MB/sec), 17200.0 ms avg latency, 17200.0 ms max latency.
91 records sent, 17.5 records/sec (0.17 MB/sec), 6977.0 ms avg latency, 8688.0 ms max latency.
186 records sent, 37.0 records/sec (0.36 MB/sec), 10366.3 ms avg latency, 12220.0 ms max latency.
280 records sent, 55.7 records/sec (0.54 MB/sec), 13381.2 ms avg latency, 15330.0 ms max latency.
614 records sent, 122.5 records/sec (1.20 MB/sec), 15870.7 ms avg latency, 16613.0 ms max latency.
840 records sent, 167.7 records/sec (1.64 MB/sec), 17699.5 ms avg latency, 18783.0 ms max latency.
945 records sent, 187.5 records/sec (1.83 MB/sec), 14907.5 ms avg latency, 18687.0 ms max latency.
1171 records sent, 233.5 records/sec (2.28 MB/sec), 7665.4 ms avg latency, 12019.0 ms max latency.
668 records sent, 133.5 records/sec (1.30 MB/sec), 891.3 ms avg latency, 3412.0 ms max latency.
419 records sent, 83.5 records/sec (0.82 MB/sec), 27.6 ms avg latency, 214.0 ms max latency.
413 records sent, 82.3 records/sec (0.80 MB/sec), 28.2 ms avg latency, 138.0 ms max latency.
420 records sent, 84.0 records/sec (0.82 MB/sec), 23.3 ms avg latency, 99.0 ms max latency.
416 records sent, 83.2 records/sec (0.81 MB/sec), 20.4 ms avg latency, 78.0 ms max latency.
414 records sent, 82.8 records/sec (0.81 MB/sec), 20.6 ms avg latency, 94.0 ms max latency.
418 records sent, 83.3 records/sec (0.81 MB/sec), 21.6 ms avg latency, 133.0 ms max latency.
417 records sent, 83.2 records/sec (0.81 MB/sec), 17.3 ms avg latency, 53.0 ms max latency.
415 records sent, 82.9 records/sec (0.81 MB/sec), 17.0 ms avg latency, 64.0 ms max latency.
8333 records sent, 82.862655 records/sec (0.81 MB/sec), 6561.23 ms avg latency, 18783.00 ms max latency, 2693 ms 50th, 17931 ms 95th, 18481 ms 99th, 18682 ms 99.9th.
----- /var/lib/kafka-client/results/security-overhead-final-factorial-tls-b5-rf5-isr3-msg10240-tps1000-batch16384-acksall-prod12-complz4-trial1/producer-perf-8.log -----
producer_index=8
producer_count=12
producer_records=8333
producer_throughput=83
1 records sent, 0.1 records/sec (0.00 MB/sec), 5198.0 ms avg latency, 5198.0 ms max latency.
96 records sent, 19.0 records/sec (0.19 MB/sec), 7804.1 ms avg latency, 18998.0 ms max latency.
196 records sent, 38.6 records/sec (0.38 MB/sec), 11099.1 ms avg latency, 12575.0 ms max latency.
288 records sent, 57.4 records/sec (0.56 MB/sec), 13676.8 ms avg latency, 15553.0 ms max latency.
716 records sent, 142.8 records/sec (1.39 MB/sec), 16125.3 ms avg latency, 17101.0 ms max latency.
909 records sent, 181.8 records/sec (1.78 MB/sec), 17565.0 ms avg latency, 18397.0 ms max latency.
1056 records sent, 210.0 records/sec (2.05 MB/sec), 12587.4 ms avg latency, 18505.0 ms max latency.
1210 records sent, 242.0 records/sec (2.36 MB/sec), 5523.0 ms avg latency, 10223.0 ms max latency.
463 records sent, 92.6 records/sec (0.90 MB/sec), 63.4 ms avg latency, 636.0 ms max latency.
418 records sent, 83.3 records/sec (0.81 MB/sec), 30.9 ms avg latency, 183.0 ms max latency.
415 records sent, 83.0 records/sec (0.81 MB/sec), 23.4 ms avg latency, 72.0 ms max latency.
419 records sent, 83.6 records/sec (0.82 MB/sec), 21.6 ms avg latency, 76.0 ms max latency.
415 records sent, 82.8 records/sec (0.81 MB/sec), 22.2 ms avg latency, 69.0 ms max latency.
418 records sent, 83.3 records/sec (0.81 MB/sec), 19.7 ms avg latency, 77.0 ms max latency.
418 records sent, 83.4 records/sec (0.81 MB/sec), 19.6 ms avg latency, 188.0 ms max latency.
415 records sent, 83.0 records/sec (0.81 MB/sec), 16.9 ms avg latency, 63.0 ms max latency.
417 records sent, 83.4 records/sec (0.81 MB/sec), 17.1 ms avg latency, 58.0 ms max latency.
8333 records sent, 82.851944 records/sec (0.81 MB/sec), 6535.17 ms avg latency, 18998.00 ms max latency, 3241 ms 50th, 17709 ms 95th, 18101 ms 99th, 18344 ms 99.9th.
----- /var/lib/kafka-client/results/security-overhead-final-factorial-tls-b5-rf5-isr3-msg10240-tps1000-batch16384-acksall-prod12-complz4-trial1/producer-perf-9.log -----
producer_index=9
producer_count=12
producer_records=8333
producer_throughput=83
1 records sent, 0.1 records/sec (0.00 MB/sec), 4912.0 ms avg latency, 4912.0 ms max latency.
99 records sent, 19.8 records/sec (0.19 MB/sec), 7110.2 ms avg latency, 18004.0 ms max latency.
164 records sent, 32.3 records/sec (0.32 MB/sec), 10776.8 ms avg latency, 12348.0 ms max latency.
276 records sent, 54.3 records/sec (0.53 MB/sec), 13552.4 ms avg latency, 15452.0 ms max latency.
500 records sent, 99.8 records/sec (0.97 MB/sec), 16467.6 ms avg latency, 17396.0 ms max latency.
820 records sent, 163.1 records/sec (1.59 MB/sec), 18089.2 ms avg latency, 19075.0 ms max latency.
991 records sent, 195.5 records/sec (1.91 MB/sec), 16382.4 ms avg latency, 19819.0 ms max latency.
1143 records sent, 228.3 records/sec (2.23 MB/sec), 9238.7 ms avg latency, 12391.0 ms max latency.
839 records sent, 167.6 records/sec (1.64 MB/sec), 2011.8 ms avg latency, 5536.0 ms max latency.
420 records sent, 83.9 records/sec (0.82 MB/sec), 27.2 ms avg latency, 218.0 ms max latency.
412 records sent, 82.0 records/sec (0.80 MB/sec), 23.4 ms avg latency, 72.0 ms max latency.
421 records sent, 84.0 records/sec (0.82 MB/sec), 21.8 ms avg latency, 77.0 ms max latency.
416 records sent, 83.0 records/sec (0.81 MB/sec), 20.6 ms avg latency, 61.0 ms max latency.
416 records sent, 83.1 records/sec (0.81 MB/sec), 22.7 ms avg latency, 95.0 ms max latency.
417 records sent, 83.0 records/sec (0.81 MB/sec), 22.8 ms avg latency, 185.0 ms max latency.
417 records sent, 83.2 records/sec (0.81 MB/sec), 19.1 ms avg latency, 83.0 ms max latency.
416 records sent, 83.0 records/sec (0.81 MB/sec), 17.3 ms avg latency, 78.0 ms max latency.
8333 records sent, 82.934403 records/sec (0.81 MB/sec), 6941.24 ms avg latency, 19819.00 ms max latency, 3775 ms 50th, 18605 ms 95th, 19183 ms 99th, 19651 ms 99.9th.
----- /var/lib/kafka-client/results/security-overhead-final-factorial-tls-b5-rf5-isr3-msg10240-tps1000-batch16384-acksall-prod12-complz4-trial1/producer-perf-10.log -----
producer_index=10
producer_count=12
producer_records=8333
producer_throughput=83
1 records sent, 0.1 records/sec (0.00 MB/sec), 17713.0 ms avg latency, 17713.0 ms max latency.
95 records sent, 18.7 records/sec (0.18 MB/sec), 6504.8 ms avg latency, 8119.0 ms max latency.
168 records sent, 33.3 records/sec (0.33 MB/sec), 10178.1 ms avg latency, 11873.0 ms max latency.
406 records sent, 80.8 records/sec (0.79 MB/sec), 12830.2 ms avg latency, 14476.0 ms max latency.
566 records sent, 112.7 records/sec (1.10 MB/sec), 15217.1 ms avg latency, 16328.0 ms max latency.
881 records sent, 175.8 records/sec (1.72 MB/sec), 17116.1 ms avg latency, 17952.0 ms max latency.
1062 records sent, 211.3 records/sec (2.06 MB/sec), 13592.7 ms avg latency, 17963.0 ms max latency.
1203 records sent, 238.9 records/sec (2.33 MB/sec), 5282.5 ms avg latency, 10141.0 ms max latency.
453 records sent, 90.5 records/sec (0.88 MB/sec), 55.9 ms avg latency, 706.0 ms max latency.
421 records sent, 84.0 records/sec (0.82 MB/sec), 27.3 ms avg latency, 218.0 ms max latency.
413 records sent, 82.6 records/sec (0.81 MB/sec), 23.8 ms avg latency, 76.0 ms max latency.
423 records sent, 84.2 records/sec (0.82 MB/sec), 21.3 ms avg latency, 105.0 ms max latency.
417 records sent, 83.4 records/sec (0.81 MB/sec), 22.2 ms avg latency, 86.0 ms max latency.
417 records sent, 83.2 records/sec (0.81 MB/sec), 23.4 ms avg latency, 114.0 ms max latency.
416 records sent, 82.9 records/sec (0.81 MB/sec), 20.2 ms avg latency, 130.0 ms max latency.
415 records sent, 83.0 records/sec (0.81 MB/sec), 17.5 ms avg latency, 65.0 ms max latency.
417 records sent, 83.4 records/sec (0.81 MB/sec), 17.3 ms avg latency, 62.0 ms max latency.
8333 records sent, 82.896452 records/sec (0.81 MB/sec), 6256.66 ms avg latency, 17963.00 ms max latency, 2157 ms 50th, 17340 ms 95th, 17704 ms 99th, 17844 ms 99.9th.
----- /var/lib/kafka-client/results/security-overhead-final-factorial-tls-b5-rf5-isr3-msg10240-tps1000-batch16384-acksall-prod12-complz4-trial1/producer-perf-11.log -----
producer_index=11
producer_count=12
producer_records=8333
producer_throughput=83
1 records sent, 0.1 records/sec (0.00 MB/sec), 19549.0 ms avg latency, 19549.0 ms max latency.
97 records sent, 18.6 records/sec (0.18 MB/sec), 7776.2 ms avg latency, 10114.0 ms max latency.
210 records sent, 41.4 records/sec (0.40 MB/sec), 11125.2 ms avg latency, 12862.0 ms max latency.
352 records sent, 70.4 records/sec (0.69 MB/sec), 14091.5 ms avg latency, 15327.0 ms max latency.
596 records sent, 118.9 records/sec (1.16 MB/sec), 16081.9 ms avg latency, 17645.0 ms max latency.
921 records sent, 183.7 records/sec (1.79 MB/sec), 17882.0 ms avg latency, 18821.0 ms max latency.
1100 records sent, 218.5 records/sec (2.13 MB/sec), 13159.4 ms avg latency, 19033.0 ms max latency.
1301 records sent, 259.4 records/sec (2.53 MB/sec), 5550.9 ms avg latency, 10646.0 ms max latency.
415 records sent, 83.0 records/sec (0.81 MB/sec), 28.4 ms avg latency, 221.0 ms max latency.
414 records sent, 82.7 records/sec (0.81 MB/sec), 28.6 ms avg latency, 162.0 ms max latency.
416 records sent, 83.2 records/sec (0.81 MB/sec), 21.8 ms avg latency, 88.0 ms max latency.
421 records sent, 83.8 records/sec (0.82 MB/sec), 20.6 ms avg latency, 63.0 ms max latency.
416 records sent, 83.2 records/sec (0.81 MB/sec), 23.9 ms avg latency, 79.0 ms max latency.
415 records sent, 83.0 records/sec (0.81 MB/sec), 23.4 ms avg latency, 112.0 ms max latency.
420 records sent, 83.8 records/sec (0.82 MB/sec), 20.0 ms avg latency, 79.0 ms max latency.
416 records sent, 83.2 records/sec (0.81 MB/sec), 18.4 ms avg latency, 87.0 ms max latency.
416 records sent, 83.1 records/sec (0.81 MB/sec), 15.7 ms avg latency, 55.0 ms max latency.
8333 records sent, 82.836296 records/sec (0.81 MB/sec), 6708.89 ms avg latency, 19549.00 ms max latency, 3690 ms 50th, 18084 ms 95th, 18518 ms 99th, 18931 ms 99.9th.
----- /var/lib/kafka-client/results/security-overhead-final-factorial-tls-b5-rf5-isr3-msg10240-tps1000-batch16384-acksall-prod12-complz4-trial1/producer-perf-12.log -----
producer_index=12
producer_count=12
producer_records=8333
producer_throughput=83
1 records sent, 0.1 records/sec (0.00 MB/sec), 16576.0 ms avg latency, 16576.0 ms max latency.
90 records sent, 17.2 records/sec (0.17 MB/sec), 6834.6 ms avg latency, 9020.0 ms max latency.
192 records sent, 37.8 records/sec (0.37 MB/sec), 10560.3 ms avg latency, 12255.0 ms max latency.
312 records sent, 61.0 records/sec (0.60 MB/sec), 13796.9 ms avg latency, 15469.0 ms max latency.
702 records sent, 139.9 records/sec (1.37 MB/sec), 16095.5 ms avg latency, 16893.0 ms max latency.
978 records sent, 195.6 records/sec (1.91 MB/sec), 16862.1 ms avg latency, 18469.0 ms max latency.
971 records sent, 193.7 records/sec (1.89 MB/sec), 11463.4 ms avg latency, 14956.0 ms max latency.
1089 records sent, 216.5 records/sec (2.11 MB/sec), 3603.0 ms avg latency, 8293.0 ms max latency.
420 records sent, 83.3 records/sec (0.81 MB/sec), 29.2 ms avg latency, 108.0 ms max latency.
419 records sent, 83.8 records/sec (0.82 MB/sec), 26.6 ms avg latency, 135.0 ms max latency.
417 records sent, 83.2 records/sec (0.81 MB/sec), 24.8 ms avg latency, 80.0 ms max latency.
417 records sent, 83.3 records/sec (0.81 MB/sec), 22.5 ms avg latency, 108.0 ms max latency.
410 records sent, 82.0 records/sec (0.80 MB/sec), 20.8 ms avg latency, 115.0 ms max latency.
423 records sent, 84.2 records/sec (0.82 MB/sec), 23.3 ms avg latency, 146.0 ms max latency.
418 records sent, 83.4 records/sec (0.81 MB/sec), 26.1 ms avg latency, 244.0 ms max latency.
416 records sent, 83.2 records/sec (0.81 MB/sec), 19.3 ms avg latency, 73.0 ms max latency.
415 records sent, 82.9 records/sec (0.81 MB/sec), 18.6 ms avg latency, 67.0 ms max latency.
8333 records sent, 82.874192 records/sec (0.81 MB/sec), 5988.31 ms avg latency, 18469.00 ms max latency, 390 ms 50th, 17196 ms 95th, 17650 ms 99th, 18366 ms 99.9th.
