run_id=security-overhead-final-factorial-tls-b5-rf3-isr3-msg102400-tps10000-batch16384-acks1-prod6-complz4-trial2
producer_count=6
----- /var/lib/kafka-client/results/security-overhead-final-factorial-tls-b5-rf3-isr3-msg102400-tps10000-batch16384-acks1-prod6-complz4-trial2/producer-perf-1.log -----
producer_index=1
producer_count=6
producer_records=16667
producer_throughput=1667
1 records sent, 0.1 records/sec (0.01 MB/sec), 7987.0 ms avg latency, 7987.0 ms max latency.
108 records sent, 21.3 records/sec (2.08 MB/sec), 4787.9 ms avg latency, 6277.0 ms max latency.
389 records sent, 77.3 records/sec (7.55 MB/sec), 5455.6 ms avg latency, 6588.0 ms max latency.
616 records sent, 122.9 records/sec (12.00 MB/sec), 2556.0 ms avg latency, 4347.0 ms max latency.
641 records sent, 127.8 records/sec (12.48 MB/sec), 253.4 ms avg latency, 1237.0 ms max latency.
568 records sent, 113.2 records/sec (11.05 MB/sec), 23.0 ms avg latency, 90.0 ms max latency.
608 records sent, 121.3 records/sec (11.84 MB/sec), 25.7 ms avg latency, 100.0 ms max latency.
693 records sent, 138.4 records/sec (13.52 MB/sec), 30.8 ms avg latency, 159.0 ms max latency.
636 records sent, 126.7 records/sec (12.38 MB/sec), 22.2 ms avg latency, 113.0 ms max latency.
674 records sent, 134.1 records/sec (13.10 MB/sec), 22.6 ms avg latency, 94.0 ms max latency.
675 records sent, 134.5 records/sec (13.13 MB/sec), 21.8 ms avg latency, 107.0 ms max latency.
700 records sent, 139.9 records/sec (13.66 MB/sec), 22.6 ms avg latency, 157.0 ms max latency.
682 records sent, 136.3 records/sec (13.31 MB/sec), 19.8 ms avg latency, 89.0 ms max latency.
688 records sent, 136.5 records/sec (13.33 MB/sec), 20.0 ms avg latency, 93.0 ms max latency.
675 records sent, 135.0 records/sec (13.18 MB/sec), 19.1 ms avg latency, 104.0 ms max latency.
719 records sent, 143.6 records/sec (14.02 MB/sec), 24.1 ms avg latency, 134.0 ms max latency.
719 records sent, 143.0 records/sec (13.96 MB/sec), 23.3 ms avg latency, 123.0 ms max latency.
672 records sent, 134.1 records/sec (13.09 MB/sec), 21.3 ms avg latency, 95.0 ms max latency.
726 records sent, 145.1 records/sec (14.17 MB/sec), 32.1 ms avg latency, 197.0 ms max latency.
703 records sent, 140.6 records/sec (13.73 MB/sec), 19.4 ms avg latency, 118.0 ms max latency.
636 records sent, 127.0 records/sec (12.40 MB/sec), 17.3 ms avg latency, 83.0 ms max latency.
735 records sent, 146.7 records/sec (14.32 MB/sec), 15.8 ms avg latency, 77.0 ms max latency.
812 records sent, 162.2 records/sec (15.84 MB/sec), 15.4 ms avg latency, 91.0 ms max latency.
820 records sent, 163.8 records/sec (16.00 MB/sec), 12.8 ms avg latency, 62.0 ms max latency.
872 records sent, 174.2 records/sec (17.01 MB/sec), 12.9 ms avg latency, 95.0 ms max latency.
16667 records sent, 125.104147 records/sec (12.22 MB/sec), 281.32 ms avg latency, 7987.00 ms max latency, 16 ms 50th, 2354 ms 95th, 5777 ms 99th, 6290 ms 99.9th.
----- /var/lib/kafka-client/results/security-overhead-final-factorial-tls-b5-rf3-isr3-msg102400-tps10000-batch16384-acks1-prod6-complz4-trial2/producer-perf-2.log -----
producer_index=2
producer_count=6
producer_records=16667
producer_throughput=1667
1 records sent, 0.1 records/sec (0.01 MB/sec), 2690.0 ms avg latency, 2690.0 ms max latency.
127 records sent, 25.2 records/sec (2.46 MB/sec), 4421.2 ms avg latency, 8160.0 ms max latency.
288 records sent, 57.4 records/sec (5.60 MB/sec), 6589.8 ms avg latency, 7620.0 ms max latency.
609 records sent, 121.8 records/sec (11.89 MB/sec), 3213.6 ms avg latency, 6576.0 ms max latency.
626 records sent, 124.7 records/sec (12.18 MB/sec), 323.0 ms avg latency, 1455.0 ms max latency.
563 records sent, 112.3 records/sec (10.97 MB/sec), 26.9 ms avg latency, 110.0 ms max latency.
634 records sent, 126.7 records/sec (12.37 MB/sec), 27.9 ms avg latency, 167.0 ms max latency.
697 records sent, 139.3 records/sec (13.61 MB/sec), 24.4 ms avg latency, 89.0 ms max latency.
655 records sent, 130.6 records/sec (12.76 MB/sec), 23.1 ms avg latency, 150.0 ms max latency.
716 records sent, 143.0 records/sec (13.97 MB/sec), 30.7 ms avg latency, 138.0 ms max latency.
758 records sent, 151.4 records/sec (14.79 MB/sec), 36.4 ms avg latency, 188.0 ms max latency.
672 records sent, 133.5 records/sec (13.03 MB/sec), 27.3 ms avg latency, 111.0 ms max latency.
695 records sent, 137.8 records/sec (13.45 MB/sec), 20.5 ms avg latency, 93.0 ms max latency.
670 records sent, 133.7 records/sec (13.05 MB/sec), 19.9 ms avg latency, 102.0 ms max latency.
676 records sent, 134.8 records/sec (13.16 MB/sec), 19.9 ms avg latency, 79.0 ms max latency.
666 records sent, 133.2 records/sec (13.01 MB/sec), 21.3 ms avg latency, 93.0 ms max latency.
684 records sent, 136.8 records/sec (13.36 MB/sec), 18.9 ms avg latency, 137.0 ms max latency.
706 records sent, 140.4 records/sec (13.72 MB/sec), 20.8 ms avg latency, 129.0 ms max latency.
804 records sent, 160.7 records/sec (15.70 MB/sec), 28.2 ms avg latency, 152.0 ms max latency.
700 records sent, 139.4 records/sec (13.61 MB/sec), 15.5 ms avg latency, 62.0 ms max latency.
689 records sent, 137.6 records/sec (13.43 MB/sec), 17.0 ms avg latency, 87.0 ms max latency.
716 records sent, 142.9 records/sec (13.95 MB/sec), 18.8 ms avg latency, 106.0 ms max latency.
807 records sent, 161.4 records/sec (15.76 MB/sec), 14.7 ms avg latency, 104.0 ms max latency.
872 records sent, 174.2 records/sec (17.01 MB/sec), 19.0 ms avg latency, 114.0 ms max latency.
946 records sent, 188.9 records/sec (18.45 MB/sec), 18.3 ms avg latency, 124.0 ms max latency.
16667 records sent, 126.141876 records/sec (12.32 MB/sec), 296.88 ms avg latency, 8160.00 ms max latency, 16 ms 50th, 2520 ms 95th, 6490 ms 99th, 7354 ms 99.9th.
----- /var/lib/kafka-client/results/security-overhead-final-factorial-tls-b5-rf3-isr3-msg102400-tps10000-batch16384-acks1-prod6-complz4-trial2/producer-perf-3.log -----
producer_index=3
producer_count=6
producer_records=16667
producer_throughput=1667
1 records sent, 0.1 records/sec (0.01 MB/sec), 2173.0 ms avg latency, 2173.0 ms max latency.
126 records sent, 24.6 records/sec (2.40 MB/sec), 4309.2 ms avg latency, 7774.0 ms max latency.
246 records sent, 48.8 records/sec (4.76 MB/sec), 6100.5 ms avg latency, 7471.0 ms max latency.
252 records sent, 50.0 records/sec (4.88 MB/sec), 6777.8 ms avg latency, 7656.0 ms max latency.
753 records sent, 148.7 records/sec (14.52 MB/sec), 2696.2 ms avg latency, 6845.0 ms max latency.
586 records sent, 116.4 records/sec (11.36 MB/sec), 36.1 ms avg latency, 340.0 ms max latency.
612 records sent, 122.4 records/sec (11.95 MB/sec), 26.3 ms avg latency, 117.0 ms max latency.
642 records sent, 128.3 records/sec (12.53 MB/sec), 27.3 ms avg latency, 111.0 ms max latency.
639 records sent, 127.4 records/sec (12.44 MB/sec), 22.6 ms avg latency, 112.0 ms max latency.
651 records sent, 130.2 records/sec (12.71 MB/sec), 20.7 ms avg latency, 85.0 ms max latency.
640 records sent, 127.8 records/sec (12.48 MB/sec), 22.9 ms avg latency, 114.0 ms max latency.
690 records sent, 138.0 records/sec (13.48 MB/sec), 31.5 ms avg latency, 137.0 ms max latency.
684 records sent, 136.8 records/sec (13.36 MB/sec), 24.4 ms avg latency, 111.0 ms max latency.
634 records sent, 126.6 records/sec (12.37 MB/sec), 22.2 ms avg latency, 94.0 ms max latency.
655 records sent, 130.8 records/sec (12.77 MB/sec), 20.6 ms avg latency, 89.0 ms max latency.
655 records sent, 130.9 records/sec (12.78 MB/sec), 20.6 ms avg latency, 104.0 ms max latency.
667 records sent, 133.2 records/sec (13.01 MB/sec), 23.4 ms avg latency, 212.0 ms max latency.
685 records sent, 136.0 records/sec (13.28 MB/sec), 19.9 ms avg latency, 138.0 ms max latency.
684 records sent, 135.1 records/sec (13.20 MB/sec), 23.4 ms avg latency, 139.0 ms max latency.
693 records sent, 138.1 records/sec (13.49 MB/sec), 21.5 ms avg latency, 161.0 ms max latency.
666 records sent, 132.2 records/sec (12.91 MB/sec), 20.4 ms avg latency, 138.0 ms max latency.
669 records sent, 133.7 records/sec (13.06 MB/sec), 17.7 ms avg latency, 91.0 ms max latency.
750 records sent, 149.3 records/sec (14.58 MB/sec), 16.4 ms avg latency, 89.0 ms max latency.
827 records sent, 165.3 records/sec (16.14 MB/sec), 16.7 ms avg latency, 87.0 ms max latency.
880 records sent, 175.9 records/sec (17.18 MB/sec), 16.0 ms avg latency, 111.0 ms max latency.
16667 records sent, 125.083492 records/sec (12.22 MB/sec), 365.99 ms avg latency, 7774.00 ms max latency, 15 ms 50th, 3558 ms 95th, 6747 ms 99th, 7358 ms 99.9th.
----- /var/lib/kafka-client/results/security-overhead-final-factorial-tls-b5-rf3-isr3-msg102400-tps10000-batch16384-acks1-prod6-complz4-trial2/producer-perf-4.log -----
producer_index=4
producer_count=6
producer_records=16667
producer_throughput=1667
1 records sent, 0.1 records/sec (0.01 MB/sec), 7474.0 ms avg latency, 7474.0 ms max latency.
128 records sent, 25.5 records/sec (2.49 MB/sec), 4646.5 ms avg latency, 5607.0 ms max latency.
318 records sent, 63.0 records/sec (6.15 MB/sec), 5828.8 ms avg latency, 6805.0 ms max latency.
690 records sent, 137.9 records/sec (13.47 MB/sec), 2252.9 ms avg latency, 5501.0 ms max latency.
584 records sent, 116.6 records/sec (11.39 MB/sec), 60.0 ms avg latency, 251.0 ms max latency.
612 records sent, 122.1 records/sec (11.92 MB/sec), 27.6 ms avg latency, 119.0 ms max latency.
632 records sent, 126.1 records/sec (12.31 MB/sec), 25.8 ms avg latency, 112.0 ms max latency.
625 records sent, 124.8 records/sec (12.19 MB/sec), 31.8 ms avg latency, 147.0 ms max latency.
651 records sent, 130.0 records/sec (12.69 MB/sec), 21.0 ms avg latency, 89.0 ms max latency.
701 records sent, 139.9 records/sec (13.66 MB/sec), 24.2 ms avg latency, 128.0 ms max latency.
648 records sent, 129.6 records/sec (12.66 MB/sec), 25.1 ms avg latency, 109.0 ms max latency.
665 records sent, 133.0 records/sec (12.99 MB/sec), 21.0 ms avg latency, 109.0 ms max latency.
728 records sent, 145.5 records/sec (14.21 MB/sec), 19.3 ms avg latency, 118.0 ms max latency.
639 records sent, 126.6 records/sec (12.36 MB/sec), 21.7 ms avg latency, 111.0 ms max latency.
638 records sent, 127.1 records/sec (12.41 MB/sec), 22.0 ms avg latency, 168.0 ms max latency.
720 records sent, 144.0 records/sec (14.06 MB/sec), 21.8 ms avg latency, 103.0 ms max latency.
677 records sent, 135.4 records/sec (13.22 MB/sec), 20.8 ms avg latency, 104.0 ms max latency.
659 records sent, 131.5 records/sec (12.84 MB/sec), 16.1 ms avg latency, 105.0 ms max latency.
680 records sent, 135.9 records/sec (13.27 MB/sec), 25.4 ms avg latency, 154.0 ms max latency.
705 records sent, 140.8 records/sec (13.75 MB/sec), 16.5 ms avg latency, 83.0 ms max latency.
705 records sent, 140.9 records/sec (13.76 MB/sec), 22.3 ms avg latency, 165.0 ms max latency.
690 records sent, 137.4 records/sec (13.42 MB/sec), 20.3 ms avg latency, 119.0 ms max latency.
789 records sent, 157.1 records/sec (15.34 MB/sec), 17.1 ms avg latency, 81.0 ms max latency.
904 records sent, 180.3 records/sec (17.61 MB/sec), 15.1 ms avg latency, 65.0 ms max latency.
892 records sent, 178.2 records/sec (17.40 MB/sec), 15.6 ms avg latency, 109.0 ms max latency.
16667 records sent, 125.650227 records/sec (12.27 MB/sec), 261.58 ms avg latency, 7474.00 ms max latency, 16 ms 50th, 1769 ms 95th, 5746 ms 99th, 6522 ms 99.9th.
----- /var/lib/kafka-client/results/security-overhead-final-factorial-tls-b5-rf3-isr3-msg102400-tps10000-batch16384-acks1-prod6-complz4-trial2/producer-perf-5.log -----
producer_index=5
producer_count=6
producer_records=16666
producer_throughput=1666
1 records sent, 0.1 records/sec (0.01 MB/sec), 8496.0 ms avg latency, 8496.0 ms max latency.
181 records sent, 36.1 records/sec (3.53 MB/sec), 4195.3 ms avg latency, 5000.0 ms max latency.
557 records sent, 111.3 records/sec (10.87 MB/sec), 3493.9 ms avg latency, 4817.0 ms max latency.
642 records sent, 128.1 records/sec (12.51 MB/sec), 888.8 ms avg latency, 2252.0 ms max latency.
513 records sent, 102.6 records/sec (10.02 MB/sec), 31.5 ms avg latency, 110.0 ms max latency.
641 records sent, 128.0 records/sec (12.50 MB/sec), 26.8 ms avg latency, 96.0 ms max latency.
623 records sent, 124.6 records/sec (12.16 MB/sec), 42.6 ms avg latency, 207.0 ms max latency.
681 records sent, 135.8 records/sec (13.26 MB/sec), 23.6 ms avg latency, 98.0 ms max latency.
685 records sent, 136.6 records/sec (13.34 MB/sec), 24.8 ms avg latency, 82.0 ms max latency.
668 records sent, 133.6 records/sec (13.05 MB/sec), 25.5 ms avg latency, 151.0 ms max latency.
649 records sent, 129.1 records/sec (12.61 MB/sec), 22.3 ms avg latency, 131.0 ms max latency.
719 records sent, 143.7 records/sec (14.03 MB/sec), 21.1 ms avg latency, 138.0 ms max latency.
678 records sent, 135.2 records/sec (13.21 MB/sec), 17.9 ms avg latency, 79.0 ms max latency.
685 records sent, 135.7 records/sec (13.25 MB/sec), 17.9 ms avg latency, 83.0 ms max latency.
688 records sent, 137.6 records/sec (13.44 MB/sec), 18.4 ms avg latency, 117.0 ms max latency.
688 records sent, 137.0 records/sec (13.38 MB/sec), 22.2 ms avg latency, 111.0 ms max latency.
822 records sent, 163.8 records/sec (16.00 MB/sec), 24.0 ms avg latency, 114.0 ms max latency.
727 records sent, 145.2 records/sec (14.18 MB/sec), 18.1 ms avg latency, 75.0 ms max latency.
725 records sent, 145.0 records/sec (14.16 MB/sec), 30.4 ms avg latency, 175.0 ms max latency.
727 records sent, 145.3 records/sec (14.19 MB/sec), 18.8 ms avg latency, 94.0 ms max latency.
719 records sent, 143.4 records/sec (14.00 MB/sec), 21.8 ms avg latency, 109.0 ms max latency.
686 records sent, 137.1 records/sec (13.39 MB/sec), 18.6 ms avg latency, 77.0 ms max latency.
810 records sent, 160.7 records/sec (15.69 MB/sec), 17.9 ms avg latency, 85.0 ms max latency.
913 records sent, 182.1 records/sec (17.78 MB/sec), 13.9 ms avg latency, 67.0 ms max latency.
916 records sent, 182.5 records/sec (17.82 MB/sec), 12.5 ms avg latency, 82.0 ms max latency.
16666 records sent, 127.199041 records/sec (12.42 MB/sec), 216.97 ms avg latency, 8496.00 ms max latency, 17 ms 50th, 1848 ms 95th, 4475 ms 99th, 4750 ms 99.9th.
----- /var/lib/kafka-client/results/security-overhead-final-factorial-tls-b5-rf3-isr3-msg102400-tps10000-batch16384-acks1-prod6-complz4-trial2/producer-perf-6.log -----
producer_index=6
producer_count=6
producer_records=16666
producer_throughput=1666
1 records sent, 0.1 records/sec (0.01 MB/sec), 8116.0 ms avg latency, 8116.0 ms max latency.
149 records sent, 29.7 records/sec (2.90 MB/sec), 4525.3 ms avg latency, 5543.0 ms max latency.
414 records sent, 81.8 records/sec (7.98 MB/sec), 5178.6 ms avg latency, 6735.0 ms max latency.
659 records sent, 131.4 records/sec (12.84 MB/sec), 1841.0 ms avg latency, 3909.0 ms max latency.
536 records sent, 106.8 records/sec (10.43 MB/sec), 45.7 ms avg latency, 249.0 ms max latency.
593 records sent, 118.5 records/sec (11.57 MB/sec), 31.5 ms avg latency, 148.0 ms max latency.
646 records sent, 128.9 records/sec (12.59 MB/sec), 26.6 ms avg latency, 118.0 ms max latency.
655 records sent, 129.7 records/sec (12.67 MB/sec), 28.0 ms avg latency, 113.0 ms max latency.
712 records sent, 142.4 records/sec (13.90 MB/sec), 22.1 ms avg latency, 100.0 ms max latency.
662 records sent, 131.2 records/sec (12.81 MB/sec), 23.3 ms avg latency, 101.0 ms max latency.
693 records sent, 138.4 records/sec (13.51 MB/sec), 25.5 ms avg latency, 139.0 ms max latency.
639 records sent, 127.7 records/sec (12.47 MB/sec), 24.1 ms avg latency, 117.0 ms max latency.
699 records sent, 138.7 records/sec (13.55 MB/sec), 23.1 ms avg latency, 126.0 ms max latency.
698 records sent, 139.6 records/sec (13.63 MB/sec), 21.1 ms avg latency, 114.0 ms max latency.
669 records sent, 133.5 records/sec (13.03 MB/sec), 20.7 ms avg latency, 112.0 ms max latency.
673 records sent, 134.4 records/sec (13.12 MB/sec), 27.7 ms avg latency, 169.0 ms max latency.
659 records sent, 131.6 records/sec (12.85 MB/sec), 21.3 ms avg latency, 104.0 ms max latency.
676 records sent, 135.0 records/sec (13.18 MB/sec), 19.2 ms avg latency, 90.0 ms max latency.
715 records sent, 142.6 records/sec (13.92 MB/sec), 25.7 ms avg latency, 149.0 ms max latency.
683 records sent, 136.1 records/sec (13.29 MB/sec), 17.8 ms avg latency, 91.0 ms max latency.
770 records sent, 153.9 records/sec (15.03 MB/sec), 32.2 ms avg latency, 170.0 ms max latency.
758 records sent, 151.4 records/sec (14.79 MB/sec), 23.1 ms avg latency, 145.0 ms max latency.
707 records sent, 141.1 records/sec (13.78 MB/sec), 18.0 ms avg latency, 81.0 ms max latency.
889 records sent, 177.0 records/sec (17.28 MB/sec), 16.2 ms avg latency, 92.0 ms max latency.
928 records sent, 184.6 records/sec (18.03 MB/sec), 16.8 ms avg latency, 135.0 ms max latency.
16666 records sent, 126.243230 records/sec (12.33 MB/sec), 264.04 ms avg latency, 8116.00 ms max latency, 17 ms 50th, 2217 ms 95th, 5490 ms 99th, 6507 ms 99.9th.
