run_id=security-overhead-final-factorial-plaintext-b5-rf5-isr4-msg10240-tps10000-batch16384-acksall-prod12-compnone-trial2
producer_count=12
----- /var/lib/kafka-client/results/security-overhead-final-factorial-plaintext-b5-rf5-isr4-msg10240-tps10000-batch16384-acksall-prod12-compnone-trial2/producer-perf-1.log -----
producer_index=1
producer_count=12
producer_records=8334
producer_throughput=834
1 records sent, 0.1 records/sec (0.00 MB/sec), 1624.0 ms avg latency, 1624.0 ms max latency.
213 records sent, 41.6 records/sec (0.41 MB/sec), 3290.6 ms avg latency, 9686.0 ms max latency.
372 records sent, 73.5 records/sec (0.72 MB/sec), 7331.7 ms avg latency, 8952.0 ms max latency.
582 records sent, 115.2 records/sec (1.13 MB/sec), 10447.5 ms avg latency, 11854.0 ms max latency.
1014 records sent, 201.7 records/sec (1.97 MB/sec), 12881.3 ms avg latency, 14120.0 ms max latency.
1390 records sent, 277.1 records/sec (2.71 MB/sec), 11013.1 ms avg latency, 14680.0 ms max latency.
1683 records sent, 336.3 records/sec (3.28 MB/sec), 6699.4 ms avg latency, 8627.0 ms max latency.
1980 records sent, 394.3 records/sec (3.85 MB/sec), 6144.6 ms avg latency, 6789.0 ms max latency.
8334 records sent, 174.169279 records/sec (1.70 MB/sec), 7976.50 ms avg latency, 14680.00 ms max latency, 6543 ms 50th, 13738 ms 95th, 14400 ms 99th, 14575 ms 99.9th.
----- /var/lib/kafka-client/results/security-overhead-final-factorial-plaintext-b5-rf5-isr4-msg10240-tps10000-batch16384-acksall-prod12-compnone-trial2/producer-perf-2.log -----
producer_index=2
producer_count=12
producer_records=8334
producer_throughput=834
1 records sent, 0.1 records/sec (0.00 MB/sec), 8851.0 ms avg latency, 8851.0 ms max latency.
206 records sent, 40.8 records/sec (0.40 MB/sec), 3068.8 ms avg latency, 4952.0 ms max latency.
384 records sent, 76.4 records/sec (0.75 MB/sec), 6802.4 ms avg latency, 8602.0 ms max latency.
778 records sent, 155.1 records/sec (1.51 MB/sec), 10198.7 ms avg latency, 11512.0 ms max latency.
1058 records sent, 210.8 records/sec (2.06 MB/sec), 12444.2 ms avg latency, 13911.0 ms max latency.
1206 records sent, 240.4 records/sec (2.35 MB/sec), 10176.1 ms avg latency, 12671.0 ms max latency.
1647 records sent, 325.9 records/sec (3.18 MB/sec), 7743.5 ms avg latency, 9203.0 ms max latency.
1918 records sent, 382.5 records/sec (3.74 MB/sec), 5630.3 ms avg latency, 6615.0 ms max latency.
8334 records sent, 175.693054 records/sec (1.72 MB/sec), 7954.06 ms avg latency, 13911.00 ms max latency, 7449 ms 50th, 12768 ms 95th, 13274 ms 99th, 13806 ms 99.9th.
----- /var/lib/kafka-client/results/security-overhead-final-factorial-plaintext-b5-rf5-isr4-msg10240-tps10000-batch16384-acksall-prod12-compnone-trial2/producer-perf-3.log -----
producer_index=3
producer_count=12
producer_records=8334
producer_throughput=834
1 records sent, 0.1 records/sec (0.00 MB/sec), 8569.0 ms avg latency, 8569.0 ms max latency.
212 records sent, 41.6 records/sec (0.41 MB/sec), 2690.9 ms avg latency, 4379.0 ms max latency.
408 records sent, 80.2 records/sec (0.78 MB/sec), 6282.4 ms avg latency, 7846.0 ms max latency.
636 records sent, 127.0 records/sec (1.24 MB/sec), 9296.1 ms avg latency, 10611.0 ms max latency.
1103 records sent, 219.6 records/sec (2.14 MB/sec), 11385.3 ms avg latency, 12565.0 ms max latency.
1155 records sent, 230.2 records/sec (2.25 MB/sec), 10600.1 ms avg latency, 13188.0 ms max latency.
1455 records sent, 290.7 records/sec (2.84 MB/sec), 8405.1 ms avg latency, 9310.0 ms max latency.
1689 records sent, 337.7 records/sec (3.30 MB/sec), 6704.2 ms avg latency, 7755.0 ms max latency.
8334 records sent, 174.966409 records/sec (1.71 MB/sec), 7895.21 ms avg latency, 13188.00 ms max latency, 7657 ms 50th, 12106 ms 95th, 12677 ms 99th, 12918 ms 99.9th.
----- /var/lib/kafka-client/results/security-overhead-final-factorial-plaintext-b5-rf5-isr4-msg10240-tps10000-batch16384-acksall-prod12-compnone-trial2/producer-perf-4.log -----
producer_index=4
producer_count=12
producer_records=8334
producer_throughput=834
1 records sent, 0.1 records/sec (0.00 MB/sec), 10059.0 ms avg latency, 10059.0 ms max latency.
183 records sent, 36.6 records/sec (0.36 MB/sec), 3419.8 ms avg latency, 5443.0 ms max latency.
419 records sent, 83.7 records/sec (0.82 MB/sec), 7255.5 ms avg latency, 8906.0 ms max latency.
754 records sent, 150.8 records/sec (1.47 MB/sec), 10337.5 ms avg latency, 11885.0 ms max latency.
1071 records sent, 213.2 records/sec (2.08 MB/sec), 12743.9 ms avg latency, 13896.0 ms max latency.
1223 records sent, 243.2 records/sec (2.37 MB/sec), 9944.1 ms avg latency, 12785.0 ms max latency.
1576 records sent, 313.9 records/sec (3.07 MB/sec), 7711.7 ms avg latency, 8921.0 ms max latency.
1924 records sent, 384.3 records/sec (3.75 MB/sec), 6132.2 ms avg latency, 7264.0 ms max latency.
8334 records sent, 174.249394 records/sec (1.70 MB/sec), 8029.97 ms avg latency, 13896.00 ms max latency, 7420 ms 50th, 12884 ms 95th, 13496 ms 99th, 13816 ms 99.9th.
----- /var/lib/kafka-client/results/security-overhead-final-factorial-plaintext-b5-rf5-isr4-msg10240-tps10000-batch16384-acksall-prod12-compnone-trial2/producer-perf-5.log -----
producer_index=5
producer_count=12
producer_records=8333
producer_throughput=833
1 records sent, 0.1 records/sec (0.00 MB/sec), 9871.0 ms avg latency, 9871.0 ms max latency.
215 records sent, 42.5 records/sec (0.41 MB/sec), 3157.1 ms avg latency, 4996.0 ms max latency.
498 records sent, 98.9 records/sec (0.97 MB/sec), 6589.3 ms avg latency, 7630.0 ms max latency.
777 records sent, 154.4 records/sec (1.51 MB/sec), 9189.5 ms avg latency, 10605.0 ms max latency.
1003 records sent, 200.4 records/sec (1.96 MB/sec), 11801.5 ms avg latency, 13043.0 ms max latency.
1260 records sent, 251.6 records/sec (2.46 MB/sec), 10482.7 ms avg latency, 12578.0 ms max latency.
1492 records sent, 298.2 records/sec (2.91 MB/sec), 7769.2 ms avg latency, 9259.0 ms max latency.
1903 records sent, 379.4 records/sec (3.70 MB/sec), 6248.6 ms avg latency, 7080.0 ms max latency.
8333 records sent, 174.589872 records/sec (1.70 MB/sec), 7868.53 ms avg latency, 13043.00 ms max latency, 7363 ms 50th, 12326 ms 95th, 12807 ms 99th, 12990 ms 99.9th.
----- /var/lib/kafka-client/results/security-overhead-final-factorial-plaintext-b5-rf5-isr4-msg10240-tps10000-batch16384-acksall-prod12-compnone-trial2/producer-perf-6.log -----
producer_index=6
producer_count=12
producer_records=8333
producer_throughput=833
1 records sent, 0.1 records/sec (0.00 MB/sec), 9709.0 ms avg latency, 9709.0 ms max latency.
192 records sent, 37.5 records/sec (0.37 MB/sec), 3170.4 ms avg latency, 5430.0 ms max latency.
431 records sent, 85.8 records/sec (0.84 MB/sec), 6807.2 ms avg latency, 8090.0 ms max latency.
697 records sent, 139.2 records/sec (1.36 MB/sec), 9523.1 ms avg latency, 10773.0 ms max latency.
1098 records sent, 218.3 records/sec (2.13 MB/sec), 11729.2 ms avg latency, 12848.0 ms max latency.
1337 records sent, 265.5 records/sec (2.59 MB/sec), 9881.4 ms avg latency, 12680.0 ms max latency.
1753 records sent, 349.8 records/sec (3.42 MB/sec), 6872.9 ms avg latency, 8470.0 ms max latency.
2004 records sent, 400.8 records/sec (3.91 MB/sec), 5686.7 ms avg latency, 6285.0 ms max latency.
8333 records sent, 176.902664 records/sec (1.73 MB/sec), 7624.02 ms avg latency, 12848.00 ms max latency, 6766 ms 50th, 12148 ms 95th, 12630 ms 99th, 12743 ms 99.9th.
----- /var/lib/kafka-client/results/security-overhead-final-factorial-plaintext-b5-rf5-isr4-msg10240-tps10000-batch16384-acksall-prod12-compnone-trial2/producer-perf-7.log -----
producer_index=7
producer_count=12
producer_records=8333
producer_throughput=833
1 records sent, 0.1 records/sec (0.00 MB/sec), 913.0 ms avg latency, 913.0 ms max latency.
189 records sent, 37.8 records/sec (0.37 MB/sec), 3228.9 ms avg latency, 10862.0 ms max latency.
419 records sent, 83.4 records/sec (0.81 MB/sec), 6745.0 ms avg latency, 8480.0 ms max latency.
811 records sent, 161.9 records/sec (1.58 MB/sec), 9767.2 ms avg latency, 11015.0 ms max latency.
1096 records sent, 218.5 records/sec (2.13 MB/sec), 11929.2 ms avg latency, 13093.0 ms max latency.
1311 records sent, 261.8 records/sec (2.56 MB/sec), 9441.8 ms avg latency, 11577.0 ms max latency.
1693 records sent, 337.1 records/sec (3.29 MB/sec), 7204.6 ms avg latency, 8592.0 ms max latency.
2143 records sent, 426.9 records/sec (4.17 MB/sec), 5605.9 ms avg latency, 6487.0 ms max latency.
8333 records sent, 174.971129 records/sec (1.71 MB/sec), 7686.53 ms avg latency, 13093.00 ms max latency, 7212 ms 50th, 12085 ms 95th, 12871 ms 99th, 13058 ms 99.9th.
----- /var/lib/kafka-client/results/security-overhead-final-factorial-plaintext-b5-rf5-isr4-msg10240-tps10000-batch16384-acksall-prod12-compnone-trial2/producer-perf-8.log -----
producer_index=8
producer_count=12
producer_records=8333
producer_throughput=833
1 records sent, 0.1 records/sec (0.00 MB/sec), 1547.0 ms avg latency, 1547.0 ms max latency.
217 records sent, 42.8 records/sec (0.42 MB/sec), 3363.5 ms avg latency, 10136.0 ms max latency.
417 records sent, 82.8 records/sec (0.81 MB/sec), 6832.7 ms avg latency, 8227.0 ms max latency.
901 records sent, 179.4 records/sec (1.75 MB/sec), 9660.2 ms avg latency, 10829.0 ms max latency.
1178 records sent, 234.3 records/sec (2.29 MB/sec), 11276.3 ms avg latency, 12650.0 ms max latency.
1296 records sent, 258.5 records/sec (2.52 MB/sec), 8622.3 ms avg latency, 10070.0 ms max latency.
1548 records sent, 306.9 records/sec (3.00 MB/sec), 7362.8 ms avg latency, 8513.0 ms max latency.
2087 records sent, 416.1 records/sec (4.06 MB/sec), 6008.1 ms avg latency, 7096.0 ms max latency.
8333 records sent, 177.566111 records/sec (1.73 MB/sec), 7657.51 ms avg latency, 12650.00 ms max latency, 7373 ms 50th, 11459 ms 95th, 12190 ms 99th, 12525 ms 99.9th.
----- /var/lib/kafka-client/results/security-overhead-final-factorial-plaintext-b5-rf5-isr4-msg10240-tps10000-batch16384-acksall-prod12-compnone-trial2/producer-perf-9.log -----
producer_index=9
producer_count=12
producer_records=8333
producer_throughput=833
1 records sent, 0.1 records/sec (0.00 MB/sec), 8960.0 ms avg latency, 8960.0 ms max latency.
189 records sent, 37.0 records/sec (0.36 MB/sec), 2861.4 ms avg latency, 4957.0 ms max latency.
400 records sent, 79.4 records/sec (0.78 MB/sec), 7004.2 ms avg latency, 8763.0 ms max latency.
662 records sent, 131.9 records/sec (1.29 MB/sec), 10529.1 ms avg latency, 11836.0 ms max latency.
987 records sent, 196.0 records/sec (1.91 MB/sec), 12705.8 ms avg latency, 13950.0 ms max latency.
1446 records sent, 286.6 records/sec (2.80 MB/sec), 10345.4 ms avg latency, 14123.0 ms max latency.
1638 records sent, 321.7 records/sec (3.14 MB/sec), 7060.7 ms avg latency, 8358.0 ms max latency.
1660 records sent, 331.5 records/sec (3.24 MB/sec), 6220.6 ms avg latency, 6814.0 ms max latency.
8333 records sent, 174.476549 records/sec (1.70 MB/sec), 8040.81 ms avg latency, 14123.00 ms max latency, 6887 ms 50th, 13284 ms 95th, 13920 ms 99th, 14065 ms 99.9th.
----- /var/lib/kafka-client/results/security-overhead-final-factorial-plaintext-b5-rf5-isr4-msg10240-tps10000-batch16384-acksall-prod12-compnone-trial2/producer-perf-10.log -----
producer_index=10
producer_count=12
producer_records=8333
producer_throughput=833
1 records sent, 0.1 records/sec (0.00 MB/sec), 1238.0 ms avg latency, 1238.0 ms max latency.
201 records sent, 39.9 records/sec (0.39 MB/sec), 3194.6 ms avg latency, 9773.0 ms max latency.
420 records sent, 83.3 records/sec (0.81 MB/sec), 7017.7 ms avg latency, 8597.0 ms max latency.
726 records sent, 144.2 records/sec (1.41 MB/sec), 10004.8 ms avg latency, 11644.0 ms max latency.
1133 records sent, 224.0 records/sec (2.19 MB/sec), 12277.9 ms avg latency, 13661.0 ms max latency.
1229 records sent, 244.6 records/sec (2.39 MB/sec), 9736.3 ms avg latency, 12331.0 ms max latency.
1578 records sent, 315.6 records/sec (3.08 MB/sec), 7791.1 ms avg latency, 8731.0 ms max latency.
1849 records sent, 369.1 records/sec (3.60 MB/sec), 6202.0 ms avg latency, 7043.0 ms max latency.
8333 records sent, 173.568007 records/sec (1.70 MB/sec), 7998.46 ms avg latency, 13661.00 ms max latency, 7548 ms 50th, 12437 ms 95th, 12951 ms 99th, 13497 ms 99.9th.
----- /var/lib/kafka-client/results/security-overhead-final-factorial-plaintext-b5-rf5-isr4-msg10240-tps10000-batch16384-acksall-prod12-compnone-trial2/producer-perf-11.log -----
producer_index=11
producer_count=12
producer_records=8333
producer_throughput=833
1 records sent, 0.1 records/sec (0.00 MB/sec), 9035.0 ms avg latency, 9035.0 ms max latency.
238 records sent, 46.5 records/sec (0.45 MB/sec), 3121.6 ms avg latency, 5814.0 ms max latency.
457 records sent, 91.0 records/sec (0.89 MB/sec), 7621.1 ms avg latency, 9062.0 ms max latency.
731 records sent, 145.4 records/sec (1.42 MB/sec), 10806.3 ms avg latency, 11976.0 ms max latency.
1215 records sent, 243.0 records/sec (2.37 MB/sec), 12550.2 ms avg latency, 13733.0 ms max latency.
1200 records sent, 237.5 records/sec (2.32 MB/sec), 9046.6 ms avg latency, 10957.0 ms max latency.
1459 records sent, 290.4 records/sec (2.84 MB/sec), 7943.5 ms avg latency, 8452.0 ms max latency.
1770 records sent, 352.4 records/sec (3.44 MB/sec), 6601.5 ms avg latency, 7562.0 ms max latency.
8333 records sent, 173.279268 records/sec (1.69 MB/sec), 8210.32 ms avg latency, 13733.00 ms max latency, 7973 ms 50th, 12919 ms 95th, 13280 ms 99th, 13628 ms 99.9th.
----- /var/lib/kafka-client/results/security-overhead-final-factorial-plaintext-b5-rf5-isr4-msg10240-tps10000-batch16384-acksall-prod12-compnone-trial2/producer-perf-12.log -----
producer_index=12
producer_count=12
producer_records=8333
producer_throughput=833
1 records sent, 0.1 records/sec (0.00 MB/sec), 9588.0 ms avg latency, 9588.0 ms max latency.
237 records sent, 47.3 records/sec (0.46 MB/sec), 2938.4 ms avg latency, 4505.0 ms max latency.
372 records sent, 74.4 records/sec (0.73 MB/sec), 6552.5 ms avg latency, 8144.0 ms max latency.
756 records sent, 151.0 records/sec (1.47 MB/sec), 9293.3 ms avg latency, 10280.0 ms max latency.
1176 records sent, 234.5 records/sec (2.29 MB/sec), 11523.8 ms avg latency, 12439.0 ms max latency.
1222 records sent, 242.2 records/sec (2.37 MB/sec), 9154.6 ms avg latency, 11550.0 ms max latency.
1532 records sent, 306.1 records/sec (2.99 MB/sec), 8021.4 ms avg latency, 8553.0 ms max latency.
2169 records sent, 433.5 records/sec (4.23 MB/sec), 5521.8 ms avg latency, 7082.0 ms max latency.
8333 records sent, 175.801688 records/sec (1.72 MB/sec), 7586.26 ms avg latency, 12439.00 ms max latency, 7882 ms 50th, 11855 ms 95th, 12194 ms 99th, 12325 ms 99.9th.
