run_id=security-overhead-final-factorial-mtls-b3-rf3-isr3-msg102400-tps1000-batch16384-acksall-prod6-complz4-trial3
producer_count=6
----- /var/lib/kafka-client/results/security-overhead-final-factorial-mtls-b3-rf3-isr3-msg102400-tps1000-batch16384-acksall-prod6-complz4-trial3/producer-perf-1.log -----
producer_index=1
producer_count=6
producer_records=16667
producer_throughput=167
1 records sent, 0.1 records/sec (0.01 MB/sec), 2416.0 ms avg latency, 2416.0 ms max latency.
146 records sent, 29.2 records/sec (2.85 MB/sec), 4083.7 ms avg latency, 9590.0 ms max latency.
272 records sent, 53.9 records/sec (5.26 MB/sec), 6529.9 ms avg latency, 7642.0 ms max latency.
622 records sent, 123.8 records/sec (12.09 MB/sec), 3193.9 ms avg latency, 6992.0 ms max latency.
637 records sent, 127.3 records/sec (12.43 MB/sec), 398.6 ms avg latency, 1476.0 ms max latency.
580 records sent, 115.8 records/sec (11.31 MB/sec), 30.4 ms avg latency, 113.0 ms max latency.
607 records sent, 120.9 records/sec (11.81 MB/sec), 31.4 ms avg latency, 122.0 ms max latency.
675 records sent, 134.8 records/sec (13.17 MB/sec), 29.6 ms avg latency, 100.0 ms max latency.
664 records sent, 132.7 records/sec (12.96 MB/sec), 37.6 ms avg latency, 189.0 ms max latency.
659 records sent, 131.6 records/sec (12.85 MB/sec), 29.9 ms avg latency, 133.0 ms max latency.
651 records sent, 129.9 records/sec (12.69 MB/sec), 26.4 ms avg latency, 113.0 ms max latency.
682 records sent, 135.9 records/sec (13.28 MB/sec), 25.1 ms avg latency, 86.0 ms max latency.
634 records sent, 126.7 records/sec (12.38 MB/sec), 25.8 ms avg latency, 155.0 ms max latency.
667 records sent, 133.2 records/sec (13.01 MB/sec), 27.2 ms avg latency, 128.0 ms max latency.
683 records sent, 136.1 records/sec (13.29 MB/sec), 30.4 ms avg latency, 185.0 ms max latency.
684 records sent, 136.5 records/sec (13.33 MB/sec), 24.0 ms avg latency, 84.0 ms max latency.
699 records sent, 139.4 records/sec (13.61 MB/sec), 25.1 ms avg latency, 99.0 ms max latency.
710 records sent, 141.9 records/sec (13.86 MB/sec), 23.2 ms avg latency, 88.0 ms max latency.
664 records sent, 132.4 records/sec (12.93 MB/sec), 403.4 ms avg latency, 1153.0 ms max latency.
702 records sent, 139.6 records/sec (13.63 MB/sec), 21.1 ms avg latency, 82.0 ms max latency.
672 records sent, 134.3 records/sec (13.12 MB/sec), 20.6 ms avg latency, 97.0 ms max latency.
712 records sent, 141.8 records/sec (13.85 MB/sec), 20.6 ms avg latency, 83.0 ms max latency.
774 records sent, 154.7 records/sec (15.11 MB/sec), 20.6 ms avg latency, 95.0 ms max latency.
808 records sent, 160.3 records/sec (15.66 MB/sec), 22.1 ms avg latency, 102.0 ms max latency.
801 records sent, 160.0 records/sec (15.62 MB/sec), 22.4 ms avg latency, 105.0 ms max latency.
783 records sent, 156.5 records/sec (15.29 MB/sec), 20.1 ms avg latency, 76.0 ms max latency.
16667 records sent, 121.174888 records/sec (11.83 MB/sec), 314.56 ms avg latency, 9590.00 ms max latency, 23 ms 50th, 2349 ms 95th, 6450 ms 99th, 7378 ms 99.9th.
----- /var/lib/kafka-client/results/security-overhead-final-factorial-mtls-b3-rf3-isr3-msg102400-tps1000-batch16384-acksall-prod6-complz4-trial3/producer-perf-2.log -----
producer_index=2
producer_count=6
producer_records=16667
producer_throughput=167
1 records sent, 0.1 records/sec (0.01 MB/sec), 1963.0 ms avg latency, 1963.0 ms max latency.
120 records sent, 23.5 records/sec (2.29 MB/sec), 3780.4 ms avg latency, 8627.0 ms max latency.
433 records sent, 86.3 records/sec (8.43 MB/sec), 4728.9 ms avg latency, 5687.0 ms max latency.
645 records sent, 128.8 records/sec (12.58 MB/sec), 1649.5 ms avg latency, 3295.0 ms max latency.
540 records sent, 107.7 records/sec (10.52 MB/sec), 94.3 ms avg latency, 516.0 ms max latency.
565 records sent, 112.6 records/sec (11.00 MB/sec), 37.7 ms avg latency, 154.0 ms max latency.
612 records sent, 122.4 records/sec (11.95 MB/sec), 28.9 ms avg latency, 101.0 ms max latency.
633 records sent, 126.5 records/sec (12.36 MB/sec), 33.9 ms avg latency, 114.0 ms max latency.
665 records sent, 132.0 records/sec (12.89 MB/sec), 28.4 ms avg latency, 127.0 ms max latency.
689 records sent, 137.5 records/sec (13.43 MB/sec), 31.9 ms avg latency, 164.0 ms max latency.
656 records sent, 131.1 records/sec (12.81 MB/sec), 34.1 ms avg latency, 156.0 ms max latency.
670 records sent, 133.7 records/sec (13.05 MB/sec), 25.0 ms avg latency, 88.0 ms max latency.
680 records sent, 134.6 records/sec (13.14 MB/sec), 23.6 ms avg latency, 82.0 ms max latency.
684 records sent, 136.6 records/sec (13.34 MB/sec), 28.7 ms avg latency, 141.0 ms max latency.
663 records sent, 132.1 records/sec (12.90 MB/sec), 26.8 ms avg latency, 105.0 ms max latency.
705 records sent, 140.9 records/sec (13.76 MB/sec), 25.8 ms avg latency, 147.0 ms max latency.
709 records sent, 141.5 records/sec (13.82 MB/sec), 28.3 ms avg latency, 96.0 ms max latency.
715 records sent, 143.0 records/sec (13.96 MB/sec), 24.9 ms avg latency, 100.0 ms max latency.
569 records sent, 113.5 records/sec (11.08 MB/sec), 268.9 ms avg latency, 1184.0 ms max latency.
787 records sent, 157.2 records/sec (15.35 MB/sec), 273.1 ms avg latency, 1325.0 ms max latency.
690 records sent, 137.8 records/sec (13.46 MB/sec), 23.6 ms avg latency, 138.0 ms max latency.
686 records sent, 137.0 records/sec (13.37 MB/sec), 22.6 ms avg latency, 99.0 ms max latency.
723 records sent, 144.0 records/sec (14.06 MB/sec), 23.8 ms avg latency, 100.0 ms max latency.
763 records sent, 152.2 records/sec (14.86 MB/sec), 25.4 ms avg latency, 138.0 ms max latency.
753 records sent, 150.0 records/sec (14.65 MB/sec), 24.5 ms avg latency, 114.0 ms max latency.
757 records sent, 150.9 records/sec (14.74 MB/sec), 22.2 ms avg latency, 124.0 ms max latency.
16667 records sent, 121.357527 records/sec (11.85 MB/sec), 261.01 ms avg latency, 8627.00 ms max latency, 24 ms 50th, 1736 ms 95th, 5213 ms 99th, 5549 ms 99.9th.
----- /var/lib/kafka-client/results/security-overhead-final-factorial-mtls-b3-rf3-isr3-msg102400-tps1000-batch16384-acksall-prod6-complz4-trial3/producer-perf-3.log -----
producer_index=3
producer_count=6
producer_records=16667
producer_throughput=167
1 records sent, 0.1 records/sec (0.01 MB/sec), 9090.0 ms avg latency, 9090.0 ms max latency.
182 records sent, 36.2 records/sec (3.53 MB/sec), 4451.3 ms avg latency, 5363.0 ms max latency.
530 records sent, 105.5 records/sec (10.30 MB/sec), 3783.0 ms avg latency, 5187.0 ms max latency.
688 records sent, 136.4 records/sec (13.32 MB/sec), 1594.5 ms avg latency, 2766.0 ms max latency.
531 records sent, 105.8 records/sec (10.34 MB/sec), 41.4 ms avg latency, 209.0 ms max latency.
627 records sent, 125.3 records/sec (12.24 MB/sec), 34.7 ms avg latency, 112.0 ms max latency.
619 records sent, 123.8 records/sec (12.09 MB/sec), 26.3 ms avg latency, 89.0 ms max latency.
649 records sent, 129.8 records/sec (12.68 MB/sec), 28.0 ms avg latency, 121.0 ms max latency.
644 records sent, 128.7 records/sec (12.57 MB/sec), 29.2 ms avg latency, 129.0 ms max latency.
640 records sent, 127.5 records/sec (12.45 MB/sec), 28.5 ms avg latency, 111.0 ms max latency.
680 records sent, 136.0 records/sec (13.28 MB/sec), 29.9 ms avg latency, 177.0 ms max latency.
661 records sent, 131.9 records/sec (12.88 MB/sec), 28.3 ms avg latency, 140.0 ms max latency.
693 records sent, 138.4 records/sec (13.51 MB/sec), 30.9 ms avg latency, 179.0 ms max latency.
718 records sent, 143.2 records/sec (13.99 MB/sec), 24.8 ms avg latency, 124.0 ms max latency.
710 records sent, 142.0 records/sec (13.87 MB/sec), 23.3 ms avg latency, 81.0 ms max latency.
668 records sent, 133.4 records/sec (13.02 MB/sec), 25.4 ms avg latency, 123.0 ms max latency.
695 records sent, 138.9 records/sec (13.56 MB/sec), 21.7 ms avg latency, 115.0 ms max latency.
687 records sent, 137.3 records/sec (13.41 MB/sec), 21.3 ms avg latency, 98.0 ms max latency.
639 records sent, 127.7 records/sec (12.47 MB/sec), 469.4 ms avg latency, 1322.0 ms max latency.
732 records sent, 146.2 records/sec (14.28 MB/sec), 66.8 ms avg latency, 741.0 ms max latency.
730 records sent, 145.7 records/sec (14.23 MB/sec), 25.2 ms avg latency, 103.0 ms max latency.
711 records sent, 141.3 records/sec (13.80 MB/sec), 22.5 ms avg latency, 103.0 ms max latency.
752 records sent, 150.2 records/sec (14.67 MB/sec), 20.7 ms avg latency, 82.0 ms max latency.
797 records sent, 159.4 records/sec (15.57 MB/sec), 19.9 ms avg latency, 77.0 ms max latency.
787 records sent, 157.3 records/sec (15.36 MB/sec), 20.4 ms avg latency, 100.0 ms max latency.
799 records sent, 159.6 records/sec (15.59 MB/sec), 19.7 ms avg latency, 73.0 ms max latency.
16667 records sent, 123.113629 records/sec (12.02 MB/sec), 277.59 ms avg latency, 9090.00 ms max latency, 22 ms 50th, 2454 ms 95th, 4789 ms 99th, 5136 ms 99.9th.
----- /var/lib/kafka-client/results/security-overhead-final-factorial-mtls-b3-rf3-isr3-msg102400-tps1000-batch16384-acksall-prod6-complz4-trial3/producer-perf-4.log -----
producer_index=4
producer_count=6
producer_records=16667
producer_throughput=167
1 records sent, 0.1 records/sec (0.01 MB/sec), 2353.0 ms avg latency, 2353.0 ms max latency.
120 records sent, 23.5 records/sec (2.29 MB/sec), 4625.5 ms avg latency, 8948.0 ms max latency.
300 records sent, 58.8 records/sec (5.75 MB/sec), 6327.8 ms avg latency, 7172.0 ms max latency.
292 records sent, 57.8 records/sec (5.64 MB/sec), 5681.5 ms avg latency, 6197.0 ms max latency.
574 records sent, 114.4 records/sec (11.17 MB/sec), 3729.5 ms avg latency, 5916.0 ms max latency.
733 records sent, 146.6 records/sec (14.32 MB/sec), 480.1 ms avg latency, 1894.0 ms max latency.
596 records sent, 119.0 records/sec (11.62 MB/sec), 26.3 ms avg latency, 98.0 ms max latency.
642 records sent, 127.7 records/sec (12.47 MB/sec), 29.3 ms avg latency, 122.0 ms max latency.
651 records sent, 130.2 records/sec (12.71 MB/sec), 29.6 ms avg latency, 117.0 ms max latency.
661 records sent, 131.9 records/sec (12.88 MB/sec), 29.3 ms avg latency, 106.0 ms max latency.
666 records sent, 133.0 records/sec (12.99 MB/sec), 34.8 ms avg latency, 148.0 ms max latency.
687 records sent, 137.3 records/sec (13.41 MB/sec), 26.0 ms avg latency, 96.0 ms max latency.
656 records sent, 131.0 records/sec (12.79 MB/sec), 26.5 ms avg latency, 116.0 ms max latency.
687 records sent, 137.2 records/sec (13.40 MB/sec), 30.3 ms avg latency, 159.0 ms max latency.
706 records sent, 141.0 records/sec (13.77 MB/sec), 27.9 ms avg latency, 106.0 ms max latency.
697 records sent, 139.2 records/sec (13.60 MB/sec), 26.3 ms avg latency, 117.0 ms max latency.
709 records sent, 141.6 records/sec (13.83 MB/sec), 26.0 ms avg latency, 123.0 ms max latency.
705 records sent, 140.8 records/sec (13.75 MB/sec), 26.3 ms avg latency, 123.0 ms max latency.
591 records sent, 118.2 records/sec (11.54 MB/sec), 268.4 ms avg latency, 1217.0 ms max latency.
816 records sent, 162.4 records/sec (15.86 MB/sec), 199.3 ms avg latency, 1177.0 ms max latency.
725 records sent, 144.7 records/sec (14.13 MB/sec), 24.7 ms avg latency, 116.0 ms max latency.
706 records sent, 141.1 records/sec (13.78 MB/sec), 26.1 ms avg latency, 125.0 ms max latency.
765 records sent, 152.9 records/sec (14.93 MB/sec), 24.5 ms avg latency, 111.0 ms max latency.
819 records sent, 163.5 records/sec (15.97 MB/sec), 25.9 ms avg latency, 131.0 ms max latency.
792 records sent, 157.5 records/sec (15.38 MB/sec), 24.9 ms avg latency, 98.0 ms max latency.
744 records sent, 148.6 records/sec (14.51 MB/sec), 20.9 ms avg latency, 101.0 ms max latency.
16667 records sent, 120.659075 records/sec (11.78 MB/sec), 436.74 ms avg latency, 8948.00 ms max latency, 24 ms 50th, 4543 ms 95th, 6256 ms 99th, 6886 ms 99.9th.
----- /var/lib/kafka-client/results/security-overhead-final-factorial-mtls-b3-rf3-isr3-msg102400-tps1000-batch16384-acksall-prod6-complz4-trial3/producer-perf-5.log -----
producer_index=5
producer_count=6
producer_records=16666
producer_throughput=166
1 records sent, 0.1 records/sec (0.01 MB/sec), 9802.0 ms avg latency, 9802.0 ms max latency.
156 records sent, 30.7 records/sec (3.00 MB/sec), 3926.4 ms avg latency, 5233.0 ms max latency.
268 records sent, 53.3 records/sec (5.21 MB/sec), 6502.2 ms avg latency, 7657.0 ms max latency.
366 records sent, 73.1 records/sec (7.14 MB/sec), 5490.1 ms avg latency, 7088.0 ms max latency.
752 records sent, 149.9 records/sec (14.64 MB/sec), 2086.2 ms avg latency, 4520.0 ms max latency.
596 records sent, 118.1 records/sec (11.54 MB/sec), 53.8 ms avg latency, 361.0 ms max latency.
648 records sent, 129.2 records/sec (12.62 MB/sec), 33.8 ms avg latency, 128.0 ms max latency.
645 records sent, 128.7 records/sec (12.57 MB/sec), 33.2 ms avg latency, 162.0 ms max latency.
665 records sent, 131.1 records/sec (12.80 MB/sec), 26.3 ms avg latency, 115.0 ms max latency.
726 records sent, 145.2 records/sec (14.18 MB/sec), 28.8 ms avg latency, 137.0 ms max latency.
643 records sent, 128.1 records/sec (12.51 MB/sec), 24.2 ms avg latency, 106.0 ms max latency.
641 records sent, 128.2 records/sec (12.52 MB/sec), 28.9 ms avg latency, 136.0 ms max latency.
646 records sent, 128.8 records/sec (12.57 MB/sec), 24.3 ms avg latency, 96.0 ms max latency.
660 records sent, 131.1 records/sec (12.80 MB/sec), 34.7 ms avg latency, 208.0 ms max latency.
706 records sent, 140.9 records/sec (13.76 MB/sec), 23.6 ms avg latency, 112.0 ms max latency.
651 records sent, 129.6 records/sec (12.66 MB/sec), 29.8 ms avg latency, 158.0 ms max latency.
703 records sent, 140.0 records/sec (13.67 MB/sec), 24.0 ms avg latency, 133.0 ms max latency.
675 records sent, 134.0 records/sec (13.08 MB/sec), 26.4 ms avg latency, 149.0 ms max latency.
684 records sent, 135.0 records/sec (13.19 MB/sec), 541.8 ms avg latency, 1275.0 ms max latency.
723 records sent, 144.3 records/sec (14.09 MB/sec), 22.7 ms avg latency, 75.0 ms max latency.
720 records sent, 143.8 records/sec (14.04 MB/sec), 21.2 ms avg latency, 82.0 ms max latency.
728 records sent, 145.5 records/sec (14.21 MB/sec), 26.2 ms avg latency, 102.0 ms max latency.
764 records sent, 152.4 records/sec (14.89 MB/sec), 20.5 ms avg latency, 85.0 ms max latency.
748 records sent, 149.3 records/sec (14.58 MB/sec), 21.2 ms avg latency, 119.0 ms max latency.
742 records sent, 148.4 records/sec (14.49 MB/sec), 20.7 ms avg latency, 99.0 ms max latency.
797 records sent, 159.3 records/sec (15.55 MB/sec), 21.3 ms avg latency, 109.0 ms max latency.
16666 records sent, 121.014530 records/sec (11.82 MB/sec), 401.59 ms avg latency, 9802.00 ms max latency, 23 ms 50th, 3652 ms 95th, 6563 ms 99th, 7334 ms 99.9th.
----- /var/lib/kafka-client/results/security-overhead-final-factorial-mtls-b3-rf3-isr3-msg102400-tps1000-batch16384-acksall-prod6-complz4-trial3/producer-perf-6.log -----
producer_index=6
producer_count=6
producer_records=16666
producer_throughput=166
1 records sent, 0.1 records/sec (0.01 MB/sec), 8912.0 ms avg latency, 8912.0 ms max latency.
140 records sent, 27.4 records/sec (2.68 MB/sec), 4403.7 ms avg latency, 5477.0 ms max latency.
280 records sent, 55.8 records/sec (5.45 MB/sec), 6197.8 ms avg latency, 7312.0 ms max latency.
306 records sent, 60.1 records/sec (5.87 MB/sec), 5601.2 ms avg latency, 6560.0 ms max latency.
616 records sent, 122.5 records/sec (11.96 MB/sec), 3443.4 ms avg latency, 5712.0 ms max latency.
717 records sent, 143.3 records/sec (13.99 MB/sec), 363.2 ms avg latency, 1661.0 ms max latency.
584 records sent, 116.1 records/sec (11.33 MB/sec), 36.0 ms avg latency, 121.0 ms max latency.
668 records sent, 133.1 records/sec (13.00 MB/sec), 33.2 ms avg latency, 123.0 ms max latency.
657 records sent, 130.7 records/sec (12.76 MB/sec), 33.6 ms avg latency, 198.0 ms max latency.
647 records sent, 128.8 records/sec (12.58 MB/sec), 30.1 ms avg latency, 104.0 ms max latency.
663 records sent, 132.5 records/sec (12.94 MB/sec), 33.2 ms avg latency, 132.0 ms max latency.
653 records sent, 130.4 records/sec (12.74 MB/sec), 28.7 ms avg latency, 113.0 ms max latency.
678 records sent, 135.5 records/sec (13.23 MB/sec), 25.8 ms avg latency, 95.0 ms max latency.
667 records sent, 133.3 records/sec (13.02 MB/sec), 27.4 ms avg latency, 153.0 ms max latency.
677 records sent, 134.9 records/sec (13.18 MB/sec), 22.9 ms avg latency, 73.0 ms max latency.
722 records sent, 144.3 records/sec (14.10 MB/sec), 25.8 ms avg latency, 104.0 ms max latency.
699 records sent, 139.8 records/sec (13.65 MB/sec), 21.4 ms avg latency, 71.0 ms max latency.
705 records sent, 140.7 records/sec (13.74 MB/sec), 23.4 ms avg latency, 102.0 ms max latency.
614 records sent, 122.4 records/sec (11.95 MB/sec), 450.3 ms avg latency, 1162.0 ms max latency.
736 records sent, 146.4 records/sec (14.30 MB/sec), 54.8 ms avg latency, 863.0 ms max latency.
708 records sent, 141.5 records/sec (13.82 MB/sec), 23.9 ms avg latency, 99.0 ms max latency.
699 records sent, 138.9 records/sec (13.57 MB/sec), 22.8 ms avg latency, 79.0 ms max latency.
787 records sent, 157.3 records/sec (15.36 MB/sec), 23.8 ms avg latency, 87.0 ms max latency.
775 records sent, 154.8 records/sec (15.11 MB/sec), 23.6 ms avg latency, 128.0 ms max latency.
750 records sent, 149.6 records/sec (14.61 MB/sec), 21.4 ms avg latency, 125.0 ms max latency.
798 records sent, 159.4 records/sec (15.57 MB/sec), 17.4 ms avg latency, 70.0 ms max latency.
16666 records sent, 120.742742 records/sec (11.79 MB/sec), 426.72 ms avg latency, 8912.00 ms max latency, 23 ms 50th, 4475 ms 95th, 6098 ms 99th, 6944 ms 99.9th.
