producer_index=5
producer_count=6
producer_records=16666
producer_throughput=166
830 records sent, 165.6 records/sec (0.16 MB/sec), 100.4 ms avg latency, 3351.0 ms max latency.
834 records sent, 166.7 records/sec (0.16 MB/sec), 9.5 ms avg latency, 57.0 ms max latency.
831 records sent, 166.1 records/sec (0.16 MB/sec), 7.7 ms avg latency, 20.0 ms max latency.
830 records sent, 166.0 records/sec (0.16 MB/sec), 7.5 ms avg latency, 15.0 ms max latency.
831 records sent, 166.0 records/sec (0.16 MB/sec), 7.4 ms avg latency, 13.0 ms max latency.
832 records sent, 166.1 records/sec (0.16 MB/sec), 7.3 ms avg latency, 17.0 ms max latency.
832 records sent, 166.1 records/sec (0.16 MB/sec), 6.8 ms avg latency, 25.0 ms max latency.
831 records sent, 166.1 records/sec (0.16 MB/sec), 6.3 ms avg latency, 15.0 ms max latency.
831 records sent, 166.0 records/sec (0.16 MB/sec), 6.2 ms avg latency, 14.0 ms max latency.
831 records sent, 166.1 records/sec (0.16 MB/sec), 6.3 ms avg latency, 10.0 ms max latency.
831 records sent, 166.1 records/sec (0.16 MB/sec), 6.1 ms avg latency, 11.0 ms max latency.
830 records sent, 165.9 records/sec (0.16 MB/sec), 6.1 ms avg latency, 11.0 ms max latency.
831 records sent, 166.0 records/sec (0.16 MB/sec), 6.0 ms avg latency, 19.0 ms max latency.
832 records sent, 166.2 records/sec (0.16 MB/sec), 6.0 ms avg latency, 15.0 ms max latency.
831 records sent, 166.0 records/sec (0.16 MB/sec), 6.1 ms avg latency, 11.0 ms max latency.
830 records sent, 166.0 records/sec (0.16 MB/sec), 6.0 ms avg latency, 11.0 ms max latency.
831 records sent, 166.1 records/sec (0.16 MB/sec), 6.0 ms avg latency, 13.0 ms max latency.
830 records sent, 165.9 records/sec (0.16 MB/sec), 6.4 ms avg latency, 22.0 ms max latency.
832 records sent, 166.2 records/sec (0.16 MB/sec), 6.2 ms avg latency, 18.0 ms max latency.
831 records sent, 166.0 records/sec (0.16 MB/sec), 6.1 ms avg latency, 14.0 ms max latency.
16666 records sent, 165.954693 records/sec (0.16 MB/sec), 11.30 ms avg latency, 3351.00 ms max latency, 6 ms 50th, 15 ms 95th, 170 ms 99th, 220 ms 99.9th.
