run_id=security-overhead-final-factorial-tls-b3-rf3-isr3-msg102400-tps1000-batch16384-acks1-prod12-complz4-trial1
producer_count=12
----- /var/lib/kafka-client/results/security-overhead-final-factorial-tls-b3-rf3-isr3-msg102400-tps1000-batch16384-acks1-prod12-complz4-trial1/producer-perf-1.log -----
producer_index=1
producer_count=12
producer_records=8334
producer_throughput=84
1 records sent, 0.1 records/sec (0.01 MB/sec), 15109.0 ms avg latency, 15109.0 ms max latency.
42 records sent, 7.7 records/sec (0.75 MB/sec), 6403.3 ms avg latency, 8253.0 ms max latency.
96 records sent, 18.0 records/sec (1.76 MB/sec), 9224.3 ms avg latency, 11019.0 ms max latency.
144 records sent, 28.2 records/sec (2.76 MB/sec), 11371.7 ms avg latency, 12482.0 ms max latency.
138 records sent, 27.5 records/sec (2.68 MB/sec), 12942.0 ms avg latency, 13890.0 ms max latency.
144 records sent, 28.5 records/sec (2.79 MB/sec), 11778.4 ms avg latency, 13267.0 ms max latency.
160 records sent, 31.7 records/sec (3.09 MB/sec), 11447.2 ms avg latency, 12171.0 ms max latency.
354 records sent, 69.1 records/sec (6.75 MB/sec), 7294.1 ms avg latency, 11208.0 ms max latency.
411 records sent, 82.1 records/sec (8.02 MB/sec), 2059.1 ms avg latency, 4664.0 ms max latency.
299 records sent, 59.4 records/sec (5.80 MB/sec), 82.8 ms avg latency, 240.0 ms max latency.
290 records sent, 58.0 records/sec (5.66 MB/sec), 75.3 ms avg latency, 243.0 ms max latency.
318 records sent, 63.2 records/sec (6.18 MB/sec), 66.7 ms avg latency, 302.0 ms max latency.
327 records sent, 65.3 records/sec (6.37 MB/sec), 63.2 ms avg latency, 289.0 ms max latency.
316 records sent, 62.9 records/sec (6.15 MB/sec), 57.3 ms avg latency, 224.0 ms max latency.
326 records sent, 65.0 records/sec (6.35 MB/sec), 58.9 ms avg latency, 263.0 ms max latency.
346 records sent, 68.1 records/sec (6.65 MB/sec), 48.0 ms avg latency, 170.0 ms max latency.
364 records sent, 72.5 records/sec (7.08 MB/sec), 46.3 ms avg latency, 163.0 ms max latency.
340 records sent, 67.9 records/sec (6.63 MB/sec), 47.6 ms avg latency, 150.0 ms max latency.
330 records sent, 65.1 records/sec (6.36 MB/sec), 47.9 ms avg latency, 169.0 ms max latency.
344 records sent, 67.3 records/sec (6.57 MB/sec), 48.8 ms avg latency, 261.0 ms max latency.
361 records sent, 72.2 records/sec (7.05 MB/sec), 63.2 ms avg latency, 294.0 ms max latency.
342 records sent, 68.4 records/sec (6.68 MB/sec), 46.1 ms avg latency, 177.0 ms max latency.
335 records sent, 66.5 records/sec (6.50 MB/sec), 47.2 ms avg latency, 131.0 ms max latency.
337 records sent, 67.3 records/sec (6.57 MB/sec), 50.7 ms avg latency, 199.0 ms max latency.
345 records sent, 68.6 records/sec (6.70 MB/sec), 53.0 ms avg latency, 203.0 ms max latency.
355 records sent, 70.6 records/sec (6.89 MB/sec), 52.2 ms avg latency, 239.0 ms max latency.
355 records sent, 70.8 records/sec (6.92 MB/sec), 43.0 ms avg latency, 164.0 ms max latency.
342 records sent, 67.7 records/sec (6.61 MB/sec), 38.2 ms avg latency, 162.0 ms max latency.
8334 records sent, 52.921006 records/sec (5.17 MB/sec), 1429.14 ms avg latency, 15109.00 ms max latency, 54 ms 50th, 11359 ms 95th, 12859 ms 99th, 13678 ms 99.9th.
----- /var/lib/kafka-client/results/security-overhead-final-factorial-tls-b3-rf3-isr3-msg102400-tps1000-batch16384-acks1-prod12-complz4-trial1/producer-perf-2.log -----
producer_index=2
producer_count=12
producer_records=8334
producer_throughput=84
1 records sent, 0.1 records/sec (0.01 MB/sec), 3464.0 ms avg latency, 3464.0 ms max latency.
32 records sent, 6.2 records/sec (0.60 MB/sec), 6152.9 ms avg latency, 14849.0 ms max latency.
84 records sent, 16.4 records/sec (1.60 MB/sec), 8872.0 ms avg latency, 10558.0 ms max latency.
174 records sent, 34.7 records/sec (3.39 MB/sec), 10117.8 ms avg latency, 11198.0 ms max latency.
144 records sent, 28.4 records/sec (2.77 MB/sec), 11228.1 ms avg latency, 12281.0 ms max latency.
148 records sent, 29.0 records/sec (2.84 MB/sec), 10957.5 ms avg latency, 11950.0 ms max latency.
216 records sent, 42.4 records/sec (4.14 MB/sec), 10642.3 ms avg latency, 11859.0 ms max latency.
394 records sent, 78.1 records/sec (7.62 MB/sec), 5390.9 ms avg latency, 9151.0 ms max latency.
391 records sent, 77.5 records/sec (7.56 MB/sec), 1285.6 ms avg latency, 3200.0 ms max latency.
284 records sent, 56.1 records/sec (5.48 MB/sec), 106.7 ms avg latency, 327.0 ms max latency.
285 records sent, 55.6 records/sec (5.43 MB/sec), 55.6 ms avg latency, 191.0 ms max latency.
303 records sent, 60.4 records/sec (5.90 MB/sec), 73.7 ms avg latency, 267.0 ms max latency.
335 records sent, 66.5 records/sec (6.49 MB/sec), 59.4 ms avg latency, 217.0 ms max latency.
310 records sent, 61.6 records/sec (6.02 MB/sec), 77.4 ms avg latency, 255.0 ms max latency.
323 records sent, 64.0 records/sec (6.25 MB/sec), 56.9 ms avg latency, 200.0 ms max latency.
332 records sent, 65.5 records/sec (6.39 MB/sec), 61.6 ms avg latency, 238.0 ms max latency.
348 records sent, 69.4 records/sec (6.77 MB/sec), 63.6 ms avg latency, 209.0 ms max latency.
344 records sent, 68.5 records/sec (6.69 MB/sec), 58.9 ms avg latency, 326.0 ms max latency.
339 records sent, 67.6 records/sec (6.60 MB/sec), 44.7 ms avg latency, 157.0 ms max latency.
342 records sent, 68.3 records/sec (6.67 MB/sec), 47.4 ms avg latency, 163.0 ms max latency.
333 records sent, 66.5 records/sec (6.50 MB/sec), 83.7 ms avg latency, 309.0 ms max latency.
332 records sent, 66.4 records/sec (6.48 MB/sec), 50.0 ms avg latency, 239.0 ms max latency.
355 records sent, 70.6 records/sec (6.90 MB/sec), 40.5 ms avg latency, 118.0 ms max latency.
327 records sent, 65.1 records/sec (6.36 MB/sec), 49.3 ms avg latency, 321.0 ms max latency.
339 records sent, 67.8 records/sec (6.62 MB/sec), 42.2 ms avg latency, 161.0 ms max latency.
348 records sent, 69.5 records/sec (6.79 MB/sec), 41.9 ms avg latency, 152.0 ms max latency.
350 records sent, 69.8 records/sec (6.81 MB/sec), 37.5 ms avg latency, 193.0 ms max latency.
361 records sent, 72.0 records/sec (7.03 MB/sec), 38.7 ms avg latency, 177.0 ms max latency.
425 records sent, 84.9 records/sec (8.29 MB/sec), 40.9 ms avg latency, 168.0 ms max latency.
8334 records sent, 53.009535 records/sec (5.18 MB/sec), 1349.17 ms avg latency, 14849.00 ms max latency, 54 ms 50th, 10551 ms 95th, 11536 ms 99th, 11911 ms 99.9th.
----- /var/lib/kafka-client/results/security-overhead-final-factorial-tls-b3-rf3-isr3-msg102400-tps1000-batch16384-acks1-prod12-complz4-trial1/producer-perf-3.log -----
producer_index=3
producer_count=12
producer_records=8334
producer_throughput=84
1 records sent, 0.1 records/sec (0.01 MB/sec), 15741.0 ms avg latency, 15741.0 ms max latency.
44 records sent, 8.3 records/sec (0.81 MB/sec), 6347.3 ms avg latency, 8376.0 ms max latency.
114 records sent, 22.5 records/sec (2.20 MB/sec), 9251.4 ms avg latency, 10411.0 ms max latency.
180 records sent, 35.5 records/sec (3.47 MB/sec), 10303.6 ms avg latency, 11413.0 ms max latency.
282 records sent, 55.9 records/sec (5.46 MB/sec), 8249.8 ms avg latency, 11302.0 ms max latency.
292 records sent, 57.4 records/sec (5.61 MB/sec), 5319.9 ms avg latency, 6402.0 ms max latency.
324 records sent, 64.7 records/sec (6.32 MB/sec), 3254.3 ms avg latency, 4844.0 ms max latency.
344 records sent, 68.8 records/sec (6.72 MB/sec), 703.7 ms avg latency, 2397.0 ms max latency.
295 records sent, 57.6 records/sec (5.62 MB/sec), 78.1 ms avg latency, 224.0 ms max latency.
320 records sent, 63.8 records/sec (6.23 MB/sec), 69.9 ms avg latency, 289.0 ms max latency.
332 records sent, 66.1 records/sec (6.46 MB/sec), 64.3 ms avg latency, 212.0 ms max latency.
303 records sent, 59.9 records/sec (5.85 MB/sec), 54.3 ms avg latency, 198.0 ms max latency.
327 records sent, 65.1 records/sec (6.35 MB/sec), 55.5 ms avg latency, 186.0 ms max latency.
337 records sent, 67.0 records/sec (6.55 MB/sec), 65.9 ms avg latency, 255.0 ms max latency.
324 records sent, 64.6 records/sec (6.31 MB/sec), 48.7 ms avg latency, 169.0 ms max latency.
333 records sent, 66.3 records/sec (6.48 MB/sec), 51.5 ms avg latency, 314.0 ms max latency.
351 records sent, 69.9 records/sec (6.83 MB/sec), 53.9 ms avg latency, 251.0 ms max latency.
338 records sent, 67.4 records/sec (6.58 MB/sec), 42.3 ms avg latency, 160.0 ms max latency.
340 records sent, 67.7 records/sec (6.61 MB/sec), 53.4 ms avg latency, 208.0 ms max latency.
341 records sent, 68.2 records/sec (6.66 MB/sec), 63.9 ms avg latency, 292.0 ms max latency.
340 records sent, 66.6 records/sec (6.51 MB/sec), 57.5 ms avg latency, 218.0 ms max latency.
351 records sent, 69.7 records/sec (6.81 MB/sec), 52.6 ms avg latency, 245.0 ms max latency.
336 records sent, 66.9 records/sec (6.54 MB/sec), 52.1 ms avg latency, 157.0 ms max latency.
334 records sent, 66.8 records/sec (6.52 MB/sec), 42.1 ms avg latency, 159.0 ms max latency.
336 records sent, 66.7 records/sec (6.51 MB/sec), 48.9 ms avg latency, 192.0 ms max latency.
355 records sent, 70.9 records/sec (6.93 MB/sec), 48.0 ms avg latency, 237.0 ms max latency.
339 records sent, 67.3 records/sec (6.57 MB/sec), 50.0 ms avg latency, 178.0 ms max latency.
363 records sent, 72.1 records/sec (7.04 MB/sec), 45.5 ms avg latency, 183.0 ms max latency.
8334 records sent, 54.187609 records/sec (5.29 MB/sec), 1049.81 ms avg latency, 15741.00 ms max latency, 55 ms 50th, 7825 ms 95th, 10755 ms 99th, 11220 ms 99.9th.
----- /var/lib/kafka-client/results/security-overhead-final-factorial-tls-b3-rf3-isr3-msg102400-tps1000-batch16384-acks1-prod12-complz4-trial1/producer-perf-4.log -----
producer_index=4
producer_count=12
producer_records=8334
producer_throughput=84
1 records sent, 0.1 records/sec (0.01 MB/sec), 16301.0 ms avg latency, 16301.0 ms max latency.
44 records sent, 8.4 records/sec (0.82 MB/sec), 6501.5 ms avg latency, 8775.0 ms max latency.
108 records sent, 21.2 records/sec (2.07 MB/sec), 9236.5 ms avg latency, 11029.0 ms max latency.
162 records sent, 31.2 records/sec (3.05 MB/sec), 10492.4 ms avg latency, 11950.0 ms max latency.
144 records sent, 28.3 records/sec (2.76 MB/sec), 11850.4 ms avg latency, 13357.0 ms max latency.
137 records sent, 27.3 records/sec (2.67 MB/sec), 11387.2 ms avg latency, 12178.0 ms max latency.
233 records sent, 45.7 records/sec (4.46 MB/sec), 10546.7 ms avg latency, 12339.0 ms max latency.
364 records sent, 72.1 records/sec (7.04 MB/sec), 5507.4 ms avg latency, 9322.0 ms max latency.
401 records sent, 79.5 records/sec (7.77 MB/sec), 1750.7 ms avg latency, 3636.0 ms max latency.
302 records sent, 60.4 records/sec (5.90 MB/sec), 86.4 ms avg latency, 248.0 ms max latency.
282 records sent, 55.7 records/sec (5.44 MB/sec), 59.9 ms avg latency, 173.0 ms max latency.
311 records sent, 61.8 records/sec (6.03 MB/sec), 52.3 ms avg latency, 182.0 ms max latency.
327 records sent, 65.2 records/sec (6.37 MB/sec), 50.5 ms avg latency, 187.0 ms max latency.
331 records sent, 65.9 records/sec (6.43 MB/sec), 70.8 ms avg latency, 231.0 ms max latency.
336 records sent, 67.2 records/sec (6.56 MB/sec), 53.8 ms avg latency, 235.0 ms max latency.
332 records sent, 66.0 records/sec (6.44 MB/sec), 52.8 ms avg latency, 184.0 ms max latency.
338 records sent, 66.1 records/sec (6.45 MB/sec), 41.4 ms avg latency, 178.0 ms max latency.
345 records sent, 68.5 records/sec (6.69 MB/sec), 59.5 ms avg latency, 201.0 ms max latency.
329 records sent, 65.0 records/sec (6.34 MB/sec), 52.9 ms avg latency, 227.0 ms max latency.
373 records sent, 74.3 records/sec (7.25 MB/sec), 75.6 ms avg latency, 339.0 ms max latency.
349 records sent, 69.4 records/sec (6.78 MB/sec), 59.9 ms avg latency, 246.0 ms max latency.
340 records sent, 67.9 records/sec (6.63 MB/sec), 46.4 ms avg latency, 194.0 ms max latency.
342 records sent, 68.1 records/sec (6.65 MB/sec), 49.8 ms avg latency, 221.0 ms max latency.
340 records sent, 67.9 records/sec (6.63 MB/sec), 37.0 ms avg latency, 121.0 ms max latency.
332 records sent, 66.2 records/sec (6.47 MB/sec), 44.3 ms avg latency, 170.0 ms max latency.
352 records sent, 69.9 records/sec (6.83 MB/sec), 45.3 ms avg latency, 232.0 ms max latency.
358 records sent, 71.5 records/sec (6.99 MB/sec), 41.2 ms avg latency, 176.0 ms max latency.
343 records sent, 68.3 records/sec (6.67 MB/sec), 38.5 ms avg latency, 136.0 ms max latency.
8334 records sent, 53.131196 records/sec (5.19 MB/sec), 1413.56 ms avg latency, 16301.00 ms max latency, 52 ms 50th, 10839 ms 95th, 11977 ms 99th, 12755 ms 99.9th.
----- /var/lib/kafka-client/results/security-overhead-final-factorial-tls-b3-rf3-isr3-msg102400-tps1000-batch16384-acks1-prod12-complz4-trial1/producer-perf-5.log -----
producer_index=5
producer_count=12
producer_records=8333
producer_throughput=83
1 records sent, 0.1 records/sec (0.01 MB/sec), 3995.0 ms avg latency, 3995.0 ms max latency.
44 records sent, 8.5 records/sec (0.83 MB/sec), 6782.0 ms avg latency, 15927.0 ms max latency.
114 records sent, 22.3 records/sec (2.18 MB/sec), 9198.1 ms avg latency, 10647.0 ms max latency.
174 records sent, 34.6 records/sec (3.38 MB/sec), 9986.3 ms avg latency, 11222.0 ms max latency.
274 records sent, 54.4 records/sec (5.31 MB/sec), 8800.4 ms avg latency, 11941.0 ms max latency.
330 records sent, 65.6 records/sec (6.41 MB/sec), 4767.0 ms avg latency, 7195.0 ms max latency.
358 records sent, 71.4 records/sec (6.97 MB/sec), 1875.9 ms avg latency, 3622.0 ms max latency.
290 records sent, 57.7 records/sec (5.64 MB/sec), 161.0 ms avg latency, 656.0 ms max latency.
279 records sent, 55.4 records/sec (5.41 MB/sec), 91.8 ms avg latency, 317.0 ms max latency.
283 records sent, 55.4 records/sec (5.41 MB/sec), 56.0 ms avg latency, 173.0 ms max latency.
317 records sent, 60.2 records/sec (5.88 MB/sec), 69.0 ms avg latency, 292.0 ms max latency.
335 records sent, 66.5 records/sec (6.50 MB/sec), 67.3 ms avg latency, 345.0 ms max latency.
333 records sent, 66.3 records/sec (6.48 MB/sec), 47.9 ms avg latency, 162.0 ms max latency.
302 records sent, 60.3 records/sec (5.89 MB/sec), 76.1 ms avg latency, 335.0 ms max latency.
330 records sent, 65.4 records/sec (6.39 MB/sec), 57.7 ms avg latency, 265.0 ms max latency.
356 records sent, 71.2 records/sec (6.95 MB/sec), 43.6 ms avg latency, 156.0 ms max latency.
351 records sent, 68.5 records/sec (6.69 MB/sec), 48.7 ms avg latency, 193.0 ms max latency.
354 records sent, 70.6 records/sec (6.89 MB/sec), 49.6 ms avg latency, 207.0 ms max latency.
323 records sent, 63.9 records/sec (6.24 MB/sec), 43.7 ms avg latency, 140.0 ms max latency.
337 records sent, 67.0 records/sec (6.54 MB/sec), 65.7 ms avg latency, 306.0 ms max latency.
371 records sent, 72.6 records/sec (7.09 MB/sec), 70.4 ms avg latency, 292.0 ms max latency.
349 records sent, 69.8 records/sec (6.82 MB/sec), 41.3 ms avg latency, 217.0 ms max latency.
327 records sent, 65.1 records/sec (6.36 MB/sec), 51.6 ms avg latency, 208.0 ms max latency.
341 records sent, 68.1 records/sec (6.65 MB/sec), 55.5 ms avg latency, 275.0 ms max latency.
343 records sent, 67.3 records/sec (6.58 MB/sec), 50.0 ms avg latency, 242.0 ms max latency.
355 records sent, 70.8 records/sec (6.92 MB/sec), 47.3 ms avg latency, 211.0 ms max latency.
337 records sent, 67.4 records/sec (6.58 MB/sec), 40.9 ms avg latency, 134.0 ms max latency.
346 records sent, 69.0 records/sec (6.74 MB/sec), 40.0 ms avg latency, 157.0 ms max latency.
8333 records sent, 53.960771 records/sec (5.27 MB/sec), 979.62 ms avg latency, 15927.00 ms max latency, 54 ms 50th, 8112 ms 95th, 10568 ms 99th, 11507 ms 99.9th.
----- /var/lib/kafka-client/results/security-overhead-final-factorial-tls-b3-rf3-isr3-msg102400-tps1000-batch16384-acks1-prod12-complz4-trial1/producer-perf-6.log -----
producer_index=6
producer_count=12
producer_records=8333
producer_throughput=83
1 records sent, 0.1 records/sec (0.01 MB/sec), 3505.0 ms avg latency, 3505.0 ms max latency.
42 records sent, 8.0 records/sec (0.78 MB/sec), 6359.8 ms avg latency, 15668.0 ms max latency.
114 records sent, 22.1 records/sec (2.16 MB/sec), 8952.9 ms avg latency, 10336.0 ms max latency.
174 records sent, 34.1 records/sec (3.33 MB/sec), 10093.5 ms avg latency, 11928.0 ms max latency.
252 records sent, 49.4 records/sec (4.82 MB/sec), 9329.4 ms avg latency, 12085.0 ms max latency.
316 records sent, 62.1 records/sec (6.07 MB/sec), 5465.3 ms avg latency, 7843.0 ms max latency.
336 records sent, 66.7 records/sec (6.51 MB/sec), 2627.7 ms avg latency, 4411.0 ms max latency.
313 records sent, 62.5 records/sec (6.10 MB/sec), 327.9 ms avg latency, 1602.0 ms max latency.
290 records sent, 57.9 records/sec (5.66 MB/sec), 88.4 ms avg latency, 230.0 ms max latency.
301 records sent, 60.0 records/sec (5.86 MB/sec), 47.7 ms avg latency, 189.0 ms max latency.
309 records sent, 61.7 records/sec (6.02 MB/sec), 63.2 ms avg latency, 189.0 ms max latency.
314 records sent, 62.8 records/sec (6.13 MB/sec), 60.7 ms avg latency, 204.0 ms max latency.
347 records sent, 69.3 records/sec (6.76 MB/sec), 52.7 ms avg latency, 204.0 ms max latency.
302 records sent, 60.4 records/sec (5.90 MB/sec), 65.1 ms avg latency, 273.0 ms max latency.
339 records sent, 67.7 records/sec (6.62 MB/sec), 54.6 ms avg latency, 189.0 ms max latency.
340 records sent, 68.0 records/sec (6.64 MB/sec), 51.9 ms avg latency, 170.0 ms max latency.
346 records sent, 68.6 records/sec (6.69 MB/sec), 57.9 ms avg latency, 309.0 ms max latency.
335 records sent, 66.9 records/sec (6.53 MB/sec), 51.7 ms avg latency, 191.0 ms max latency.
336 records sent, 67.2 records/sec (6.56 MB/sec), 38.0 ms avg latency, 146.0 ms max latency.
327 records sent, 64.9 records/sec (6.34 MB/sec), 50.2 ms avg latency, 187.0 ms max latency.
347 records sent, 69.3 records/sec (6.76 MB/sec), 66.8 ms avg latency, 258.0 ms max latency.
341 records sent, 67.1 records/sec (6.55 MB/sec), 40.5 ms avg latency, 148.0 ms max latency.
354 records sent, 70.4 records/sec (6.88 MB/sec), 45.1 ms avg latency, 142.0 ms max latency.
341 records sent, 68.1 records/sec (6.65 MB/sec), 44.6 ms avg latency, 213.0 ms max latency.
347 records sent, 68.5 records/sec (6.69 MB/sec), 50.7 ms avg latency, 195.0 ms max latency.
358 records sent, 71.3 records/sec (6.96 MB/sec), 41.6 ms avg latency, 133.0 ms max latency.
330 records sent, 65.5 records/sec (6.39 MB/sec), 56.9 ms avg latency, 290.0 ms max latency.
343 records sent, 68.6 records/sec (6.70 MB/sec), 38.4 ms avg latency, 156.0 ms max latency.
8333 records sent, 53.850578 records/sec (5.26 MB/sec), 1016.19 ms avg latency, 15668.00 ms max latency, 53 ms 50th, 8575 ms 95th, 10755 ms 99th, 11801 ms 99.9th.
----- /var/lib/kafka-client/results/security-overhead-final-factorial-tls-b3-rf3-isr3-msg102400-tps1000-batch16384-acks1-prod12-complz4-trial1/producer-perf-7.log -----
producer_index=7
producer_count=12
producer_records=8333
producer_throughput=83
1 records sent, 0.1 records/sec (0.01 MB/sec), 16169.0 ms avg latency, 16169.0 ms max latency.
50 records sent, 9.3 records/sec (0.91 MB/sec), 6612.7 ms avg latency, 8126.0 ms max latency.
90 records sent, 17.8 records/sec (1.74 MB/sec), 8987.0 ms avg latency, 10955.0 ms max latency.
132 records sent, 26.4 records/sec (2.58 MB/sec), 11542.0 ms avg latency, 13330.0 ms max latency.
234 records sent, 45.1 records/sec (4.41 MB/sec), 11684.5 ms avg latency, 14046.0 ms max latency.
300 records sent, 59.5 records/sec (5.81 MB/sec), 6200.4 ms avg latency, 8667.0 ms max latency.
328 records sent, 65.1 records/sec (6.35 MB/sec), 3328.7 ms avg latency, 4742.0 ms max latency.
323 records sent, 62.6 records/sec (6.11 MB/sec), 793.0 ms avg latency, 2353.0 ms max latency.
293 records sent, 58.3 records/sec (5.69 MB/sec), 119.5 ms avg latency, 364.0 ms max latency.
290 records sent, 56.6 records/sec (5.53 MB/sec), 82.0 ms avg latency, 366.0 ms max latency.
322 records sent, 64.2 records/sec (6.27 MB/sec), 58.1 ms avg latency, 202.0 ms max latency.
316 records sent, 63.0 records/sec (6.15 MB/sec), 50.5 ms avg latency, 206.0 ms max latency.
307 records sent, 60.6 records/sec (5.92 MB/sec), 55.9 ms avg latency, 236.0 ms max latency.
323 records sent, 64.6 records/sec (6.31 MB/sec), 80.2 ms avg latency, 510.0 ms max latency.
333 records sent, 66.3 records/sec (6.48 MB/sec), 57.6 ms avg latency, 234.0 ms max latency.
354 records sent, 70.2 records/sec (6.85 MB/sec), 52.5 ms avg latency, 255.0 ms max latency.
341 records sent, 67.8 records/sec (6.62 MB/sec), 53.0 ms avg latency, 178.0 ms max latency.
340 records sent, 67.9 records/sec (6.63 MB/sec), 44.3 ms avg latency, 181.0 ms max latency.
341 records sent, 68.0 records/sec (6.64 MB/sec), 44.4 ms avg latency, 154.0 ms max latency.
346 records sent, 67.8 records/sec (6.63 MB/sec), 60.5 ms avg latency, 249.0 ms max latency.
342 records sent, 68.3 records/sec (6.67 MB/sec), 51.8 ms avg latency, 222.0 ms max latency.
345 records sent, 68.7 records/sec (6.71 MB/sec), 66.3 ms avg latency, 313.0 ms max latency.
329 records sent, 65.7 records/sec (6.42 MB/sec), 44.2 ms avg latency, 174.0 ms max latency.
343 records sent, 68.3 records/sec (6.67 MB/sec), 46.3 ms avg latency, 176.0 ms max latency.
349 records sent, 69.6 records/sec (6.79 MB/sec), 43.3 ms avg latency, 173.0 ms max latency.
339 records sent, 67.6 records/sec (6.60 MB/sec), 41.8 ms avg latency, 140.0 ms max latency.
336 records sent, 66.4 records/sec (6.49 MB/sec), 46.0 ms avg latency, 168.0 ms max latency.
334 records sent, 66.2 records/sec (6.47 MB/sec), 51.2 ms avg latency, 188.0 ms max latency.
8333 records sent, 53.380053 records/sec (5.21 MB/sec), 1080.60 ms avg latency, 16169.00 ms max latency, 53 ms 50th, 8500 ms 95th, 12835 ms 99th, 13771 ms 99.9th.
----- /var/lib/kafka-client/results/security-overhead-final-factorial-tls-b3-rf3-isr3-msg102400-tps1000-batch16384-acks1-prod12-complz4-trial1/producer-perf-8.log -----
producer_index=8
producer_count=12
producer_records=8333
producer_throughput=83
1 records sent, 0.1 records/sec (0.01 MB/sec), 3443.0 ms avg latency, 3443.0 ms max latency.
40 records sent, 7.4 records/sec (0.72 MB/sec), 6443.2 ms avg latency, 15441.0 ms max latency.
114 records sent, 22.2 records/sec (2.17 MB/sec), 8955.9 ms avg latency, 10226.0 ms max latency.
174 records sent, 34.4 records/sec (3.35 MB/sec), 10226.3 ms avg latency, 11458.0 ms max latency.
280 records sent, 55.9 records/sec (5.46 MB/sec), 8495.5 ms avg latency, 11884.0 ms max latency.
318 records sent, 63.0 records/sec (6.15 MB/sec), 4872.7 ms avg latency, 6949.0 ms max latency.
378 records sent, 74.8 records/sec (7.30 MB/sec), 2325.0 ms avg latency, 4004.0 ms max latency.
325 records sent, 64.8 records/sec (6.32 MB/sec), 207.5 ms avg latency, 913.0 ms max latency.
273 records sent, 54.5 records/sec (5.33 MB/sec), 70.6 ms avg latency, 183.0 ms max latency.
292 records sent, 57.8 records/sec (5.65 MB/sec), 60.2 ms avg latency, 224.0 ms max latency.
335 records sent, 66.0 records/sec (6.45 MB/sec), 64.8 ms avg latency, 351.0 ms max latency.
350 records sent, 70.0 records/sec (6.84 MB/sec), 56.1 ms avg latency, 238.0 ms max latency.
96 records sent, 19.2 records/sec (1.87 MB/sec), 28.6 ms avg latency, 71.0 ms max latency.
305 records sent, 60.8 records/sec (5.94 MB/sec), 60.8 ms avg latency, 243.0 ms max latency.
337 records sent, 67.4 records/sec (6.58 MB/sec), 60.9 ms avg latency, 203.0 ms max latency.
346 records sent, 68.8 records/sec (6.72 MB/sec), 45.5 ms avg latency, 185.0 ms max latency.
351 records sent, 69.9 records/sec (6.82 MB/sec), 40.1 ms avg latency, 170.0 ms max latency.
331 records sent, 65.3 records/sec (6.37 MB/sec), 56.2 ms avg latency, 224.0 ms max latency.
343 records sent, 67.9 records/sec (6.63 MB/sec), 42.6 ms avg latency, 154.0 ms max latency.
342 records sent, 68.3 records/sec (6.67 MB/sec), 52.8 ms avg latency, 219.0 ms max latency.
343 records sent, 68.5 records/sec (6.69 MB/sec), 61.4 ms avg latency, 301.0 ms max latency.
335 records sent, 67.0 records/sec (6.54 MB/sec), 43.8 ms avg latency, 160.0 ms max latency.
332 records sent, 66.4 records/sec (6.48 MB/sec), 39.8 ms avg latency, 142.0 ms max latency.
333 records sent, 66.3 records/sec (6.48 MB/sec), 68.0 ms avg latency, 336.0 ms max latency.
343 records sent, 68.1 records/sec (6.65 MB/sec), 45.0 ms avg latency, 167.0 ms max latency.
354 records sent, 70.2 records/sec (6.86 MB/sec), 51.2 ms avg latency, 284.0 ms max latency.
349 records sent, 69.5 records/sec (6.79 MB/sec), 35.3 ms avg latency, 139.0 ms max latency.
345 records sent, 68.9 records/sec (6.73 MB/sec), 36.2 ms avg latency, 144.0 ms max latency.
8333 records sent, 53.517527 records/sec (5.23 MB/sec), 993.31 ms avg latency, 15441.00 ms max latency, 51 ms 50th, 7983 ms 95th, 10709 ms 99th, 11514 ms 99.9th.
----- /var/lib/kafka-client/results/security-overhead-final-factorial-tls-b3-rf3-isr3-msg102400-tps1000-batch16384-acks1-prod12-complz4-trial1/producer-perf-9.log -----
producer_index=9
producer_count=12
producer_records=8333
producer_throughput=83
1 records sent, 0.1 records/sec (0.01 MB/sec), 3690.0 ms avg latency, 3690.0 ms max latency.
44 records sent, 8.3 records/sec (0.81 MB/sec), 7090.2 ms avg latency, 15910.0 ms max latency.
108 records sent, 21.6 records/sec (2.11 MB/sec), 9728.4 ms avg latency, 10993.0 ms max latency.
174 records sent, 34.2 records/sec (3.34 MB/sec), 10330.0 ms avg latency, 11829.0 ms max latency.
234 records sent, 46.3 records/sec (4.52 MB/sec), 9580.9 ms avg latency, 12563.0 ms max latency.
294 records sent, 58.5 records/sec (5.72 MB/sec), 6197.7 ms avg latency, 8347.0 ms max latency.
352 records sent, 69.6 records/sec (6.80 MB/sec), 3476.6 ms avg latency, 5329.0 ms max latency.
319 records sent, 63.1 records/sec (6.16 MB/sec), 654.0 ms avg latency, 1928.0 ms max latency.
282 records sent, 55.4 records/sec (5.41 MB/sec), 119.2 ms avg latency, 327.0 ms max latency.
271 records sent, 54.1 records/sec (5.28 MB/sec), 58.9 ms avg latency, 193.0 ms max latency.
290 records sent, 58.0 records/sec (5.66 MB/sec), 58.9 ms avg latency, 227.0 ms max latency.
295 records sent, 58.7 records/sec (5.73 MB/sec), 49.7 ms avg latency, 181.0 ms max latency.
353 records sent, 69.7 records/sec (6.81 MB/sec), 51.4 ms avg latency, 232.0 ms max latency.
339 records sent, 67.8 records/sec (6.62 MB/sec), 62.8 ms avg latency, 218.0 ms max latency.
326 records sent, 65.0 records/sec (6.34 MB/sec), 56.2 ms avg latency, 218.0 ms max latency.
343 records sent, 68.4 records/sec (6.68 MB/sec), 41.9 ms avg latency, 140.0 ms max latency.
357 records sent, 71.0 records/sec (6.93 MB/sec), 37.0 ms avg latency, 189.0 ms max latency.
337 records sent, 67.2 records/sec (6.56 MB/sec), 60.1 ms avg latency, 233.0 ms max latency.
340 records sent, 65.3 records/sec (6.38 MB/sec), 45.9 ms avg latency, 170.0 ms max latency.
349 records sent, 69.6 records/sec (6.80 MB/sec), 52.7 ms avg latency, 271.0 ms max latency.
331 records sent, 66.1 records/sec (6.46 MB/sec), 66.2 ms avg latency, 302.0 ms max latency.
332 records sent, 66.3 records/sec (6.47 MB/sec), 52.1 ms avg latency, 170.0 ms max latency.
341 records sent, 68.0 records/sec (6.64 MB/sec), 41.3 ms avg latency, 142.0 ms max latency.
331 records sent, 66.0 records/sec (6.45 MB/sec), 44.9 ms avg latency, 225.0 ms max latency.
347 records sent, 68.6 records/sec (6.70 MB/sec), 37.9 ms avg latency, 137.0 ms max latency.
348 records sent, 69.6 records/sec (6.79 MB/sec), 43.3 ms avg latency, 156.0 ms max latency.
347 records sent, 69.4 records/sec (6.77 MB/sec), 47.1 ms avg latency, 217.0 ms max latency.
340 records sent, 67.6 records/sec (6.60 MB/sec), 43.4 ms avg latency, 201.0 ms max latency.
8333 records sent, 53.527152 records/sec (5.23 MB/sec), 1081.86 ms avg latency, 15910.00 ms max latency, 52 ms 50th, 8570 ms 95th, 11049 ms 99th, 12202 ms 99.9th.
----- /var/lib/kafka-client/results/security-overhead-final-factorial-tls-b3-rf3-isr3-msg102400-tps1000-batch16384-acks1-prod12-complz4-trial1/producer-perf-10.log -----
producer_index=10
producer_count=12
producer_records=8333
producer_throughput=83
[2026-05-02 17:45:34,532] WARN [Producer clientId=perf-producer-client] Bootstrap broker 10.20.1.69:9094 (id: -1 rack: null) disconnected (org.apache.kafka.clients.NetworkClient)
1 records sent, 0.1 records/sec (0.01 MB/sec), 4120.0 ms avg latency, 4120.0 ms max latency.
44 records sent, 8.2 records/sec (0.80 MB/sec), 6782.7 ms avg latency, 16047.0 ms max latency.
96 records sent, 17.9 records/sec (1.75 MB/sec), 9250.3 ms avg latency, 10986.0 ms max latency.
114 records sent, 22.5 records/sec (2.20 MB/sec), 11728.9 ms avg latency, 12908.0 ms max latency.
138 records sent, 26.8 records/sec (2.62 MB/sec), 13860.5 ms avg latency, 15160.0 ms max latency.
150 records sent, 29.4 records/sec (2.87 MB/sec), 12840.3 ms avg latency, 15266.0 ms max latency.
150 records sent, 30.0 records/sec (2.93 MB/sec), 11433.8 ms avg latency, 12119.0 ms max latency.
288 records sent, 57.4 records/sec (5.61 MB/sec), 8742.2 ms avg latency, 11404.0 ms max latency.
398 records sent, 79.2 records/sec (7.73 MB/sec), 3723.1 ms avg latency, 6389.0 ms max latency.
351 records sent, 70.2 records/sec (6.86 MB/sec), 339.5 ms avg latency, 1565.0 ms max latency.
289 records sent, 57.8 records/sec (5.64 MB/sec), 76.5 ms avg latency, 261.0 ms max latency.
297 records sent, 59.3 records/sec (5.79 MB/sec), 65.2 ms avg latency, 303.0 ms max latency.
332 records sent, 66.3 records/sec (6.47 MB/sec), 65.3 ms avg latency, 303.0 ms max latency.
310 records sent, 61.0 records/sec (5.96 MB/sec), 54.3 ms avg latency, 195.0 ms max latency.
325 records sent, 64.9 records/sec (6.34 MB/sec), 67.8 ms avg latency, 331.0 ms max latency.
350 records sent, 69.9 records/sec (6.82 MB/sec), 56.1 ms avg latency, 201.0 ms max latency.
351 records sent, 70.1 records/sec (6.85 MB/sec), 57.1 ms avg latency, 241.0 ms max latency.
345 records sent, 68.8 records/sec (6.72 MB/sec), 50.5 ms avg latency, 199.0 ms max latency.
351 records sent, 69.8 records/sec (6.82 MB/sec), 50.4 ms avg latency, 167.0 ms max latency.
342 records sent, 68.3 records/sec (6.67 MB/sec), 49.1 ms avg latency, 143.0 ms max latency.
336 records sent, 66.8 records/sec (6.52 MB/sec), 61.0 ms avg latency, 281.0 ms max latency.
345 records sent, 68.8 records/sec (6.72 MB/sec), 56.4 ms avg latency, 207.0 ms max latency.
344 records sent, 68.2 records/sec (6.66 MB/sec), 53.3 ms avg latency, 228.0 ms max latency.
348 records sent, 69.6 records/sec (6.80 MB/sec), 44.5 ms avg latency, 152.0 ms max latency.
342 records sent, 67.8 records/sec (6.63 MB/sec), 49.5 ms avg latency, 195.0 ms max latency.
331 records sent, 66.0 records/sec (6.45 MB/sec), 68.8 ms avg latency, 288.0 ms max latency.
343 records sent, 68.5 records/sec (6.69 MB/sec), 42.6 ms avg latency, 153.0 ms max latency.
348 records sent, 69.2 records/sec (6.76 MB/sec), 43.1 ms avg latency, 132.0 ms max latency.
8333 records sent, 52.730161 records/sec (5.15 MB/sec), 1506.46 ms avg latency, 16047.00 ms max latency, 54 ms 50th, 11520 ms 95th, 14036 ms 99th, 14938 ms 99.9th.
----- /var/lib/kafka-client/results/security-overhead-final-factorial-tls-b3-rf3-isr3-msg102400-tps1000-batch16384-acks1-prod12-complz4-trial1/producer-perf-11.log -----
producer_index=11
producer_count=12
producer_records=8333
producer_throughput=83
1 records sent, 0.1 records/sec (0.01 MB/sec), 15466.0 ms avg latency, 15466.0 ms max latency.
42 records sent, 8.0 records/sec (0.78 MB/sec), 6074.5 ms avg latency, 7953.0 ms max latency.
114 records sent, 22.5 records/sec (2.20 MB/sec), 8644.4 ms avg latency, 9965.0 ms max latency.
192 records sent, 37.1 records/sec (3.62 MB/sec), 9727.6 ms avg latency, 11051.0 ms max latency.
280 records sent, 55.1 records/sec (5.38 MB/sec), 7965.2 ms avg latency, 10575.0 ms max latency.
306 records sent, 60.2 records/sec (5.88 MB/sec), 4961.1 ms avg latency, 6231.0 ms max latency.
306 records sent, 61.2 records/sec (5.97 MB/sec), 2780.7 ms avg latency, 3822.0 ms max latency.
326 records sent, 65.0 records/sec (6.34 MB/sec), 595.6 ms avg latency, 2084.0 ms max latency.
274 records sent, 54.7 records/sec (5.34 MB/sec), 127.4 ms avg latency, 367.0 ms max latency.
302 records sent, 60.1 records/sec (5.87 MB/sec), 57.9 ms avg latency, 193.0 ms max latency.
306 records sent, 61.2 records/sec (5.98 MB/sec), 49.5 ms avg latency, 166.0 ms max latency.
313 records sent, 62.5 records/sec (6.10 MB/sec), 60.1 ms avg latency, 271.0 ms max latency.
320 records sent, 64.0 records/sec (6.25 MB/sec), 83.4 ms avg latency, 407.0 ms max latency.
326 records sent, 65.0 records/sec (6.35 MB/sec), 72.4 ms avg latency, 235.0 ms max latency.
324 records sent, 64.8 records/sec (6.33 MB/sec), 53.2 ms avg latency, 202.0 ms max latency.
343 records sent, 68.4 records/sec (6.68 MB/sec), 41.6 ms avg latency, 116.0 ms max latency.
347 records sent, 68.7 records/sec (6.71 MB/sec), 49.1 ms avg latency, 201.0 ms max latency.
332 records sent, 65.4 records/sec (6.39 MB/sec), 48.0 ms avg latency, 174.0 ms max latency.
345 records sent, 68.7 records/sec (6.71 MB/sec), 46.8 ms avg latency, 169.0 ms max latency.
322 records sent, 64.3 records/sec (6.28 MB/sec), 47.5 ms avg latency, 199.0 ms max latency.
343 records sent, 68.2 records/sec (6.66 MB/sec), 72.5 ms avg latency, 334.0 ms max latency.
347 records sent, 69.0 records/sec (6.73 MB/sec), 48.6 ms avg latency, 176.0 ms max latency.
351 records sent, 69.7 records/sec (6.81 MB/sec), 42.3 ms avg latency, 148.0 ms max latency.
322 records sent, 64.0 records/sec (6.25 MB/sec), 52.6 ms avg latency, 170.0 ms max latency.
349 records sent, 68.3 records/sec (6.67 MB/sec), 48.5 ms avg latency, 210.0 ms max latency.
352 records sent, 70.1 records/sec (6.85 MB/sec), 44.9 ms avg latency, 168.0 ms max latency.
342 records sent, 68.2 records/sec (6.66 MB/sec), 44.6 ms avg latency, 165.0 ms max latency.
362 records sent, 71.4 records/sec (6.98 MB/sec), 34.3 ms avg latency, 210.0 ms max latency.
8333 records sent, 53.836662 records/sec (5.26 MB/sec), 994.66 ms avg latency, 15466.00 ms max latency, 55 ms 50th, 7754 ms 95th, 10161 ms 99th, 10601 ms 99.9th.
----- /var/lib/kafka-client/results/security-overhead-final-factorial-tls-b3-rf3-isr3-msg102400-tps1000-batch16384-acks1-prod12-complz4-trial1/producer-perf-12.log -----
producer_index=12
producer_count=12
producer_records=8333
producer_throughput=83
1 records sent, 0.1 records/sec (0.01 MB/sec), 15820.0 ms avg latency, 15820.0 ms max latency.
46 records sent, 8.9 records/sec (0.87 MB/sec), 6504.6 ms avg latency, 8243.0 ms max latency.
126 records sent, 24.6 records/sec (2.40 MB/sec), 9143.0 ms avg latency, 10160.0 ms max latency.
175 records sent, 34.6 records/sec (3.38 MB/sec), 9625.2 ms avg latency, 10669.0 ms max latency.
147 records sent, 29.1 records/sec (2.84 MB/sec), 10283.1 ms avg latency, 11164.0 ms max latency.
156 records sent, 30.9 records/sec (3.02 MB/sec), 10829.8 ms avg latency, 11544.0 ms max latency.
312 records sent, 62.3 records/sec (6.09 MB/sec), 8549.4 ms avg latency, 11688.0 ms max latency.
380 records sent, 75.6 records/sec (7.38 MB/sec), 3042.2 ms avg latency, 5686.0 ms max latency.
339 records sent, 67.7 records/sec (6.61 MB/sec), 446.0 ms avg latency, 1756.0 ms max latency.
268 records sent, 53.0 records/sec (5.18 MB/sec), 78.0 ms avg latency, 228.0 ms max latency.
285 records sent, 56.7 records/sec (5.53 MB/sec), 65.0 ms avg latency, 211.0 ms max latency.
299 records sent, 59.4 records/sec (5.80 MB/sec), 87.0 ms avg latency, 322.0 ms max latency.
345 records sent, 68.9 records/sec (6.73 MB/sec), 70.3 ms avg latency, 309.0 ms max latency.
312 records sent, 62.2 records/sec (6.07 MB/sec), 53.1 ms avg latency, 168.0 ms max latency.
335 records sent, 66.8 records/sec (6.52 MB/sec), 49.6 ms avg latency, 173.0 ms max latency.
338 records sent, 67.2 records/sec (6.56 MB/sec), 51.1 ms avg latency, 172.0 ms max latency.
347 records sent, 69.3 records/sec (6.77 MB/sec), 57.3 ms avg latency, 293.0 ms max latency.
336 records sent, 67.2 records/sec (6.56 MB/sec), 55.3 ms avg latency, 177.0 ms max latency.
342 records sent, 67.9 records/sec (6.63 MB/sec), 52.7 ms avg latency, 194.0 ms max latency.
331 records sent, 65.9 records/sec (6.44 MB/sec), 47.2 ms avg latency, 181.0 ms max latency.
340 records sent, 67.9 records/sec (6.63 MB/sec), 69.3 ms avg latency, 304.0 ms max latency.
336 records sent, 66.6 records/sec (6.50 MB/sec), 55.0 ms avg latency, 280.0 ms max latency.
332 records sent, 66.2 records/sec (6.46 MB/sec), 42.3 ms avg latency, 152.0 ms max latency.
332 records sent, 65.8 records/sec (6.43 MB/sec), 39.9 ms avg latency, 149.0 ms max latency.
334 records sent, 66.8 records/sec (6.52 MB/sec), 50.2 ms avg latency, 249.0 ms max latency.
362 records sent, 72.2 records/sec (7.05 MB/sec), 44.2 ms avg latency, 163.0 ms max latency.
337 records sent, 67.4 records/sec (6.58 MB/sec), 46.7 ms avg latency, 166.0 ms max latency.
339 records sent, 67.3 records/sec (6.57 MB/sec), 40.5 ms avg latency, 218.0 ms max latency.
8333 records sent, 53.017675 records/sec (5.18 MB/sec), 1282.00 ms avg latency, 15820.00 ms max latency, 54 ms 50th, 9957 ms 95th, 10968 ms 99th, 11450 ms 99.9th.
