run_id=security-overhead-final-factorial-mtls-b3-rf3-isr3-msg102400-tps1000-batch131072-acks1-prod6-compnone-trial3
producer_count=6
----- /var/lib/kafka-client/results/security-overhead-final-factorial-mtls-b3-rf3-isr3-msg102400-tps1000-batch131072-acks1-prod6-compnone-trial3/producer-perf-1.log -----
producer_index=1
producer_count=6
producer_records=16667
producer_throughput=167
1 records sent, 0.1 records/sec (0.01 MB/sec), 2467.0 ms avg latency, 2467.0 ms max latency.
288 records sent, 57.4 records/sec (5.60 MB/sec), 3799.4 ms avg latency, 7780.0 ms max latency.
832 records sent, 165.7 records/sec (16.18 MB/sec), 1541.5 ms avg latency, 4506.0 ms max latency.
963 records sent, 192.6 records/sec (18.80 MB/sec), 560.5 ms avg latency, 1236.0 ms max latency.
773 records sent, 154.5 records/sec (15.09 MB/sec), 34.1 ms avg latency, 152.0 ms max latency.
757 records sent, 150.8 records/sec (14.72 MB/sec), 27.4 ms avg latency, 105.0 ms max latency.
763 records sent, 152.3 records/sec (14.87 MB/sec), 31.1 ms avg latency, 133.0 ms max latency.
783 records sent, 156.5 records/sec (15.29 MB/sec), 22.6 ms avg latency, 72.0 ms max latency.
824 records sent, 164.0 records/sec (16.02 MB/sec), 20.3 ms avg latency, 66.0 ms max latency.
812 records sent, 162.3 records/sec (15.85 MB/sec), 18.6 ms avg latency, 55.0 ms max latency.
843 records sent, 167.9 records/sec (16.39 MB/sec), 20.8 ms avg latency, 127.0 ms max latency.
826 records sent, 165.0 records/sec (16.11 MB/sec), 19.3 ms avg latency, 129.0 ms max latency.
848 records sent, 169.4 records/sec (16.54 MB/sec), 16.2 ms avg latency, 81.0 ms max latency.
835 records sent, 166.9 records/sec (16.30 MB/sec), 16.2 ms avg latency, 77.0 ms max latency.
831 records sent, 165.8 records/sec (16.19 MB/sec), 17.8 ms avg latency, 80.0 ms max latency.
877 records sent, 175.0 records/sec (17.09 MB/sec), 41.0 ms avg latency, 372.0 ms max latency.
848 records sent, 169.4 records/sec (16.54 MB/sec), 15.5 ms avg latency, 52.0 ms max latency.
839 records sent, 167.7 records/sec (16.38 MB/sec), 13.8 ms avg latency, 51.0 ms max latency.
842 records sent, 168.4 records/sec (16.45 MB/sec), 15.5 ms avg latency, 112.0 ms max latency.
920 records sent, 184.0 records/sec (17.97 MB/sec), 14.0 ms avg latency, 110.0 ms max latency.
900 records sent, 180.0 records/sec (17.58 MB/sec), 13.4 ms avg latency, 75.0 ms max latency.
16667 records sent, 150.346843 records/sec (14.68 MB/sec), 193.18 ms avg latency, 7780.00 ms max latency, 18 ms 50th, 1244 ms 95th, 3816 ms 99th, 4348 ms 99.9th.
----- /var/lib/kafka-client/results/security-overhead-final-factorial-mtls-b3-rf3-isr3-msg102400-tps1000-batch131072-acks1-prod6-compnone-trial3/producer-perf-2.log -----
producer_index=2
producer_count=6
producer_records=16667
producer_throughput=167
1 records sent, 0.1 records/sec (0.01 MB/sec), 2509.0 ms avg latency, 2509.0 ms max latency.
250 records sent, 49.8 records/sec (4.87 MB/sec), 3953.3 ms avg latency, 8046.0 ms max latency.
340 records sent, 67.8 records/sec (6.62 MB/sec), 3664.0 ms avg latency, 5671.0 ms max latency.
650 records sent, 130.0 records/sec (12.70 MB/sec), 2474.2 ms avg latency, 4319.0 ms max latency.
872 records sent, 174.1 records/sec (17.00 MB/sec), 348.2 ms avg latency, 1186.0 ms max latency.
754 records sent, 150.5 records/sec (14.69 MB/sec), 21.0 ms avg latency, 75.0 ms max latency.
764 records sent, 152.6 records/sec (14.91 MB/sec), 29.4 ms avg latency, 95.0 ms max latency.
805 records sent, 160.8 records/sec (15.71 MB/sec), 27.3 ms avg latency, 89.0 ms max latency.
816 records sent, 162.8 records/sec (15.90 MB/sec), 21.6 ms avg latency, 81.0 ms max latency.
827 records sent, 165.3 records/sec (16.14 MB/sec), 19.4 ms avg latency, 58.0 ms max latency.
826 records sent, 164.9 records/sec (16.10 MB/sec), 20.6 ms avg latency, 81.0 ms max latency.
818 records sent, 163.1 records/sec (15.93 MB/sec), 17.3 ms avg latency, 79.0 ms max latency.
833 records sent, 166.4 records/sec (16.25 MB/sec), 16.2 ms avg latency, 79.0 ms max latency.
856 records sent, 171.1 records/sec (16.71 MB/sec), 17.2 ms avg latency, 108.0 ms max latency.
835 records sent, 167.0 records/sec (16.31 MB/sec), 14.6 ms avg latency, 97.0 ms max latency.
904 records sent, 180.4 records/sec (17.62 MB/sec), 48.1 ms avg latency, 570.0 ms max latency.
857 records sent, 170.9 records/sec (16.68 MB/sec), 15.8 ms avg latency, 87.0 ms max latency.
867 records sent, 173.4 records/sec (16.93 MB/sec), 14.3 ms avg latency, 54.0 ms max latency.
840 records sent, 167.9 records/sec (16.40 MB/sec), 16.5 ms avg latency, 144.0 ms max latency.
867 records sent, 173.3 records/sec (16.93 MB/sec), 13.9 ms avg latency, 95.0 ms max latency.
916 records sent, 183.2 records/sec (17.89 MB/sec), 13.3 ms avg latency, 54.0 ms max latency.
1138 records sent, 226.6 records/sec (22.13 MB/sec), 12.1 ms avg latency, 65.0 ms max latency.
16667 records sent, 146.649421 records/sec (14.32 MB/sec), 266.16 ms avg latency, 8046.00 ms max latency, 17 ms 50th, 2846 ms 95th, 4176 ms 99th, 4776 ms 99.9th.
----- /var/lib/kafka-client/results/security-overhead-final-factorial-mtls-b3-rf3-isr3-msg102400-tps1000-batch131072-acks1-prod6-compnone-trial3/producer-perf-3.log -----
producer_index=3
producer_count=6
producer_records=16667
producer_throughput=167
1 records sent, 0.1 records/sec (0.01 MB/sec), 2530.0 ms avg latency, 2530.0 ms max latency.
228 records sent, 45.0 records/sec (4.39 MB/sec), 4145.8 ms avg latency, 8352.0 ms max latency.
330 records sent, 65.5 records/sec (6.40 MB/sec), 4371.3 ms avg latency, 6416.0 ms max latency.
434 records sent, 86.6 records/sec (8.46 MB/sec), 3571.0 ms avg latency, 4396.0 ms max latency.
981 records sent, 196.2 records/sec (19.16 MB/sec), 892.7 ms avg latency, 2713.0 ms max latency.
757 records sent, 151.4 records/sec (14.79 MB/sec), 31.4 ms avg latency, 118.0 ms max latency.
740 records sent, 147.9 records/sec (14.44 MB/sec), 24.7 ms avg latency, 87.0 ms max latency.
803 records sent, 160.5 records/sec (15.68 MB/sec), 25.0 ms avg latency, 116.0 ms max latency.
827 records sent, 165.3 records/sec (16.14 MB/sec), 23.6 ms avg latency, 105.0 ms max latency.
862 records sent, 172.2 records/sec (16.81 MB/sec), 23.7 ms avg latency, 70.0 ms max latency.
828 records sent, 165.4 records/sec (16.16 MB/sec), 21.3 ms avg latency, 62.0 ms max latency.
807 records sent, 160.7 records/sec (15.70 MB/sec), 20.8 ms avg latency, 123.0 ms max latency.
868 records sent, 173.6 records/sec (16.95 MB/sec), 18.6 ms avg latency, 88.0 ms max latency.
864 records sent, 172.4 records/sec (16.83 MB/sec), 16.3 ms avg latency, 92.0 ms max latency.
841 records sent, 168.2 records/sec (16.42 MB/sec), 14.9 ms avg latency, 123.0 ms max latency.
881 records sent, 176.2 records/sec (17.21 MB/sec), 41.2 ms avg latency, 432.0 ms max latency.
844 records sent, 168.8 records/sec (16.48 MB/sec), 13.1 ms avg latency, 42.0 ms max latency.
865 records sent, 172.4 records/sec (16.84 MB/sec), 13.9 ms avg latency, 61.0 ms max latency.
890 records sent, 177.9 records/sec (17.38 MB/sec), 18.0 ms avg latency, 156.0 ms max latency.
953 records sent, 190.5 records/sec (18.60 MB/sec), 18.1 ms avg latency, 100.0 ms max latency.
888 records sent, 177.5 records/sec (17.34 MB/sec), 12.7 ms avg latency, 67.0 ms max latency.
16667 records sent, 146.435537 records/sec (14.30 MB/sec), 306.94 ms avg latency, 8352.00 ms max latency, 18 ms 50th, 3323 ms 95th, 4642 ms 99th, 5886 ms 99.9th.
----- /var/lib/kafka-client/results/security-overhead-final-factorial-mtls-b3-rf3-isr3-msg102400-tps1000-batch131072-acks1-prod6-compnone-trial3/producer-perf-4.log -----
producer_index=4
producer_count=6
producer_records=16667
producer_throughput=167
1 records sent, 0.1 records/sec (0.01 MB/sec), 7429.0 ms avg latency, 7429.0 ms max latency.
160 records sent, 31.7 records/sec (3.09 MB/sec), 4183.9 ms avg latency, 5544.0 ms max latency.
348 records sent, 69.6 records/sec (6.80 MB/sec), 4548.1 ms avg latency, 6469.0 ms max latency.
478 records sent, 95.4 records/sec (9.32 MB/sec), 3314.5 ms avg latency, 4345.0 ms max latency.
940 records sent, 187.3 records/sec (18.29 MB/sec), 581.7 ms avg latency, 2155.0 ms max latency.
751 records sent, 150.0 records/sec (14.65 MB/sec), 26.3 ms avg latency, 113.0 ms max latency.
765 records sent, 153.0 records/sec (14.94 MB/sec), 27.5 ms avg latency, 100.0 ms max latency.
790 records sent, 158.0 records/sec (15.43 MB/sec), 28.0 ms avg latency, 77.0 ms max latency.
796 records sent, 159.2 records/sec (15.54 MB/sec), 22.8 ms avg latency, 110.0 ms max latency.
812 records sent, 162.2 records/sec (15.84 MB/sec), 18.8 ms avg latency, 83.0 ms max latency.
869 records sent, 173.6 records/sec (16.95 MB/sec), 17.6 ms avg latency, 75.0 ms max latency.
856 records sent, 170.6 records/sec (16.66 MB/sec), 18.3 ms avg latency, 72.0 ms max latency.
823 records sent, 164.3 records/sec (16.05 MB/sec), 16.7 ms avg latency, 85.0 ms max latency.
855 records sent, 170.9 records/sec (16.69 MB/sec), 16.2 ms avg latency, 72.0 ms max latency.
854 records sent, 170.7 records/sec (16.67 MB/sec), 15.1 ms avg latency, 74.0 ms max latency.
859 records sent, 171.7 records/sec (16.77 MB/sec), 45.3 ms avg latency, 491.0 ms max latency.
841 records sent, 167.7 records/sec (16.38 MB/sec), 15.7 ms avg latency, 72.0 ms max latency.
892 records sent, 178.2 records/sec (17.40 MB/sec), 14.6 ms avg latency, 53.0 ms max latency.
844 records sent, 168.6 records/sec (16.47 MB/sec), 16.7 ms avg latency, 176.0 ms max latency.
912 records sent, 182.3 records/sec (17.80 MB/sec), 15.2 ms avg latency, 80.0 ms max latency.
947 records sent, 189.3 records/sec (18.49 MB/sec), 19.2 ms avg latency, 155.0 ms max latency.
1026 records sent, 205.2 records/sec (20.04 MB/sec), 11.7 ms avg latency, 65.0 ms max latency.
16667 records sent, 146.222277 records/sec (14.28 MB/sec), 281.05 ms avg latency, 7429.00 ms max latency, 17 ms 50th, 2955 ms 95th, 4855 ms 99th, 6032 ms 99.9th.
----- /var/lib/kafka-client/results/security-overhead-final-factorial-mtls-b3-rf3-isr3-msg102400-tps1000-batch131072-acks1-prod6-compnone-trial3/producer-perf-5.log -----
producer_index=5
producer_count=6
producer_records=16666
producer_throughput=166
1 records sent, 0.1 records/sec (0.01 MB/sec), 1542.0 ms avg latency, 1542.0 ms max latency.
186 records sent, 36.9 records/sec (3.60 MB/sec), 3642.1 ms avg latency, 8546.0 ms max latency.
602 records sent, 120.2 records/sec (11.74 MB/sec), 2860.9 ms avg latency, 5434.0 ms max latency.
1040 records sent, 207.9 records/sec (20.30 MB/sec), 922.0 ms avg latency, 1644.0 ms max latency.
777 records sent, 155.0 records/sec (15.14 MB/sec), 35.8 ms avg latency, 104.0 ms max latency.
753 records sent, 150.2 records/sec (14.67 MB/sec), 29.5 ms avg latency, 159.0 ms max latency.
748 records sent, 149.4 records/sec (14.59 MB/sec), 29.8 ms avg latency, 103.0 ms max latency.
809 records sent, 161.7 records/sec (15.79 MB/sec), 22.9 ms avg latency, 86.0 ms max latency.
810 records sent, 162.0 records/sec (15.82 MB/sec), 21.4 ms avg latency, 89.0 ms max latency.
818 records sent, 163.3 records/sec (15.95 MB/sec), 16.7 ms avg latency, 56.0 ms max latency.
821 records sent, 164.0 records/sec (16.01 MB/sec), 17.5 ms avg latency, 66.0 ms max latency.
820 records sent, 163.8 records/sec (16.00 MB/sec), 15.9 ms avg latency, 92.0 ms max latency.
846 records sent, 168.9 records/sec (16.50 MB/sec), 15.8 ms avg latency, 82.0 ms max latency.
861 records sent, 172.0 records/sec (16.80 MB/sec), 14.4 ms avg latency, 79.0 ms max latency.
852 records sent, 170.3 records/sec (16.63 MB/sec), 14.8 ms avg latency, 84.0 ms max latency.
889 records sent, 177.7 records/sec (17.35 MB/sec), 46.7 ms avg latency, 397.0 ms max latency.
845 records sent, 168.9 records/sec (16.49 MB/sec), 13.6 ms avg latency, 60.0 ms max latency.
913 records sent, 182.6 records/sec (17.83 MB/sec), 14.2 ms avg latency, 68.0 ms max latency.
834 records sent, 166.5 records/sec (16.26 MB/sec), 13.7 ms avg latency, 103.0 ms max latency.
906 records sent, 181.2 records/sec (17.70 MB/sec), 13.6 ms avg latency, 89.0 ms max latency.
886 records sent, 177.2 records/sec (17.30 MB/sec), 13.1 ms avg latency, 87.0 ms max latency.
16666 records sent, 148.804900 records/sec (14.53 MB/sec), 219.45 ms avg latency, 8546.00 ms max latency, 17 ms 50th, 1508 ms 95th, 4287 ms 99th, 5156 ms 99.9th.
----- /var/lib/kafka-client/results/security-overhead-final-factorial-mtls-b3-rf3-isr3-msg102400-tps1000-batch131072-acks1-prod6-compnone-trial3/producer-perf-6.log -----
producer_index=6
producer_count=6
producer_records=16666
producer_throughput=166
1 records sent, 0.1 records/sec (0.01 MB/sec), 1987.0 ms avg latency, 1987.0 ms max latency.
166 records sent, 32.8 records/sec (3.21 MB/sec), 3990.3 ms avg latency, 8679.0 ms max latency.
306 records sent, 60.4 records/sec (5.90 MB/sec), 5330.6 ms avg latency, 6883.0 ms max latency.
346 records sent, 69.2 records/sec (6.75 MB/sec), 3926.1 ms avg latency, 4508.0 ms max latency.
946 records sent, 188.7 records/sec (18.43 MB/sec), 1469.0 ms avg latency, 3929.0 ms max latency.
806 records sent, 160.7 records/sec (15.69 MB/sec), 61.3 ms avg latency, 473.0 ms max latency.
753 records sent, 150.1 records/sec (14.66 MB/sec), 30.5 ms avg latency, 126.0 ms max latency.
796 records sent, 158.9 records/sec (15.52 MB/sec), 25.3 ms avg latency, 78.0 ms max latency.
821 records sent, 163.9 records/sec (16.01 MB/sec), 26.0 ms avg latency, 98.0 ms max latency.
844 records sent, 168.8 records/sec (16.48 MB/sec), 19.1 ms avg latency, 64.0 ms max latency.
854 records sent, 170.4 records/sec (16.64 MB/sec), 18.2 ms avg latency, 65.0 ms max latency.
843 records sent, 168.4 records/sec (16.44 MB/sec), 19.6 ms avg latency, 93.0 ms max latency.
833 records sent, 166.4 records/sec (16.25 MB/sec), 18.3 ms avg latency, 91.0 ms max latency.
858 records sent, 171.1 records/sec (16.70 MB/sec), 17.7 ms avg latency, 74.0 ms max latency.
860 records sent, 171.9 records/sec (16.78 MB/sec), 17.1 ms avg latency, 168.0 ms max latency.
874 records sent, 174.8 records/sec (17.07 MB/sec), 41.3 ms avg latency, 367.0 ms max latency.
860 records sent, 171.4 records/sec (16.74 MB/sec), 14.9 ms avg latency, 72.0 ms max latency.
889 records sent, 177.7 records/sec (17.35 MB/sec), 13.4 ms avg latency, 55.0 ms max latency.
879 records sent, 175.7 records/sec (17.16 MB/sec), 14.4 ms avg latency, 74.0 ms max latency.
864 records sent, 172.5 records/sec (16.85 MB/sec), 14.2 ms avg latency, 110.0 ms max latency.
889 records sent, 177.5 records/sec (17.33 MB/sec), 13.6 ms avg latency, 87.0 ms max latency.
1131 records sent, 225.7 records/sec (22.04 MB/sec), 11.1 ms avg latency, 63.0 ms max latency.
16666 records sent, 145.935675 records/sec (14.25 MB/sec), 321.91 ms avg latency, 8679.00 ms max latency, 17 ms 50th, 3308 ms 95th, 5397 ms 99th, 6547 ms 99.9th.
