run_id=security-overhead-final-factorial-mtls-b3-rf3-isr3-msg102400-tps1000-batch131072-acksall-prod6-complz4-trial1
producer_count=6
----- /var/lib/kafka-client/results/security-overhead-final-factorial-mtls-b3-rf3-isr3-msg102400-tps1000-batch131072-acksall-prod6-complz4-trial1/producer-perf-1.log -----
producer_index=1
producer_count=6
producer_records=16667
producer_throughput=167
1 records sent, 0.1 records/sec (0.01 MB/sec), 8327.0 ms avg latency, 8327.0 ms max latency.
162 records sent, 32.0 records/sec (3.12 MB/sec), 4118.4 ms avg latency, 5233.0 ms max latency.
468 records sent, 93.0 records/sec (9.08 MB/sec), 3756.5 ms avg latency, 5763.0 ms max latency.
695 records sent, 138.8 records/sec (13.56 MB/sec), 1255.9 ms avg latency, 2338.0 ms max latency.
556 records sent, 111.0 records/sec (10.84 MB/sec), 47.5 ms avg latency, 291.0 ms max latency.
624 records sent, 124.6 records/sec (12.17 MB/sec), 31.7 ms avg latency, 208.0 ms max latency.
595 records sent, 119.0 records/sec (11.62 MB/sec), 34.5 ms avg latency, 129.0 ms max latency.
616 records sent, 123.0 records/sec (12.01 MB/sec), 38.0 ms avg latency, 154.0 ms max latency.
653 records sent, 130.5 records/sec (12.74 MB/sec), 34.6 ms avg latency, 145.0 ms max latency.
645 records sent, 128.7 records/sec (12.57 MB/sec), 29.6 ms avg latency, 118.0 ms max latency.
669 records sent, 133.6 records/sec (13.05 MB/sec), 28.4 ms avg latency, 111.0 ms max latency.
689 records sent, 137.5 records/sec (13.43 MB/sec), 25.8 ms avg latency, 113.0 ms max latency.
682 records sent, 136.3 records/sec (13.31 MB/sec), 28.4 ms avg latency, 94.0 ms max latency.
676 records sent, 135.1 records/sec (13.20 MB/sec), 26.3 ms avg latency, 108.0 ms max latency.
674 records sent, 133.4 records/sec (13.03 MB/sec), 24.6 ms avg latency, 86.0 ms max latency.
704 records sent, 140.7 records/sec (13.74 MB/sec), 27.4 ms avg latency, 101.0 ms max latency.
700 records sent, 140.0 records/sec (13.67 MB/sec), 27.8 ms avg latency, 154.0 ms max latency.
709 records sent, 141.7 records/sec (13.83 MB/sec), 27.0 ms avg latency, 168.0 ms max latency.
663 records sent, 132.4 records/sec (12.93 MB/sec), 398.9 ms avg latency, 1370.0 ms max latency.
745 records sent, 148.9 records/sec (14.54 MB/sec), 35.2 ms avg latency, 498.0 ms max latency.
671 records sent, 133.7 records/sec (13.06 MB/sec), 24.3 ms avg latency, 126.0 ms max latency.
718 records sent, 143.5 records/sec (14.01 MB/sec), 28.0 ms avg latency, 131.0 ms max latency.
771 records sent, 153.2 records/sec (14.96 MB/sec), 25.2 ms avg latency, 184.0 ms max latency.
764 records sent, 152.7 records/sec (14.91 MB/sec), 25.7 ms avg latency, 111.0 ms max latency.
853 records sent, 170.5 records/sec (16.65 MB/sec), 22.3 ms avg latency, 81.0 ms max latency.
814 records sent, 162.7 records/sec (15.89 MB/sec), 26.8 ms avg latency, 113.0 ms max latency.
16667 records sent, 123.570931 records/sec (12.07 MB/sec), 239.76 ms avg latency, 8327.00 ms max latency, 24 ms 50th, 1627 ms 95th, 4669 ms 99th, 5522 ms 99.9th.
----- /var/lib/kafka-client/results/security-overhead-final-factorial-mtls-b3-rf3-isr3-msg102400-tps1000-batch131072-acksall-prod6-complz4-trial1/producer-perf-2.log -----
producer_index=2
producer_count=6
producer_records=16667
producer_throughput=167
1 records sent, 0.1 records/sec (0.01 MB/sec), 2222.0 ms avg latency, 2222.0 ms max latency.
146 records sent, 28.3 records/sec (2.77 MB/sec), 4304.8 ms avg latency, 8258.0 ms max latency.
348 records sent, 69.2 records/sec (6.76 MB/sec), 4418.4 ms avg latency, 5941.0 ms max latency.
416 records sent, 83.1 records/sec (8.11 MB/sec), 3762.7 ms avg latency, 4805.0 ms max latency.
753 records sent, 150.6 records/sec (14.70 MB/sec), 787.6 ms avg latency, 2371.0 ms max latency.
617 records sent, 123.2 records/sec (12.03 MB/sec), 36.1 ms avg latency, 145.0 ms max latency.
575 records sent, 114.8 records/sec (11.21 MB/sec), 34.2 ms avg latency, 107.0 ms max latency.
594 records sent, 118.8 records/sec (11.60 MB/sec), 30.8 ms avg latency, 116.0 ms max latency.
628 records sent, 125.5 records/sec (12.26 MB/sec), 31.1 ms avg latency, 130.0 ms max latency.
668 records sent, 133.5 records/sec (13.04 MB/sec), 34.8 ms avg latency, 161.0 ms max latency.
654 records sent, 130.8 records/sec (12.77 MB/sec), 28.0 ms avg latency, 100.0 ms max latency.
654 records sent, 130.8 records/sec (12.77 MB/sec), 28.6 ms avg latency, 115.0 ms max latency.
672 records sent, 134.1 records/sec (13.09 MB/sec), 29.4 ms avg latency, 113.0 ms max latency.
676 records sent, 135.0 records/sec (13.19 MB/sec), 25.4 ms avg latency, 84.0 ms max latency.
684 records sent, 136.4 records/sec (13.32 MB/sec), 24.8 ms avg latency, 98.0 ms max latency.
687 records sent, 137.2 records/sec (13.39 MB/sec), 29.0 ms avg latency, 125.0 ms max latency.
653 records sent, 130.3 records/sec (12.73 MB/sec), 27.6 ms avg latency, 98.0 ms max latency.
689 records sent, 137.7 records/sec (13.44 MB/sec), 27.4 ms avg latency, 144.0 ms max latency.
626 records sent, 125.2 records/sec (12.22 MB/sec), 457.1 ms avg latency, 1447.0 ms max latency.
845 records sent, 169.0 records/sec (16.50 MB/sec), 135.3 ms avg latency, 979.0 ms max latency.
705 records sent, 140.8 records/sec (13.75 MB/sec), 23.1 ms avg latency, 75.0 ms max latency.
714 records sent, 142.8 records/sec (13.95 MB/sec), 28.1 ms avg latency, 140.0 ms max latency.
717 records sent, 143.3 records/sec (14.00 MB/sec), 26.3 ms avg latency, 152.0 ms max latency.
788 records sent, 157.0 records/sec (15.34 MB/sec), 23.7 ms avg latency, 98.0 ms max latency.
847 records sent, 168.9 records/sec (16.49 MB/sec), 21.8 ms avg latency, 81.0 ms max latency.
779 records sent, 154.3 records/sec (15.07 MB/sec), 26.7 ms avg latency, 120.0 ms max latency.
16667 records sent, 122.274555 records/sec (11.94 MB/sec), 305.99 ms avg latency, 8258.00 ms max latency, 25 ms 50th, 2918 ms 95th, 4862 ms 99th, 5561 ms 99.9th.
----- /var/lib/kafka-client/results/security-overhead-final-factorial-mtls-b3-rf3-isr3-msg102400-tps1000-batch131072-acksall-prod6-complz4-trial1/producer-perf-3.log -----
producer_index=3
producer_count=6
producer_records=16667
producer_throughput=167
1 records sent, 0.1 records/sec (0.01 MB/sec), 2152.0 ms avg latency, 2152.0 ms max latency.
134 records sent, 26.7 records/sec (2.61 MB/sec), 4544.9 ms avg latency, 9441.0 ms max latency.
330 records sent, 65.6 records/sec (6.41 MB/sec), 4848.3 ms avg latency, 6538.0 ms max latency.
376 records sent, 75.0 records/sec (7.33 MB/sec), 3934.7 ms avg latency, 4782.0 ms max latency.
736 records sent, 147.0 records/sec (14.35 MB/sec), 1049.9 ms avg latency, 3226.0 ms max latency.
576 records sent, 115.1 records/sec (11.24 MB/sec), 40.1 ms avg latency, 146.0 ms max latency.
621 records sent, 124.1 records/sec (12.12 MB/sec), 32.6 ms avg latency, 160.0 ms max latency.
616 records sent, 123.1 records/sec (12.02 MB/sec), 43.1 ms avg latency, 259.0 ms max latency.
679 records sent, 135.7 records/sec (13.25 MB/sec), 35.6 ms avg latency, 239.0 ms max latency.
677 records sent, 135.3 records/sec (13.22 MB/sec), 30.5 ms avg latency, 150.0 ms max latency.
645 records sent, 128.8 records/sec (12.58 MB/sec), 31.4 ms avg latency, 118.0 ms max latency.
655 records sent, 130.6 records/sec (12.76 MB/sec), 30.6 ms avg latency, 140.0 ms max latency.
682 records sent, 136.2 records/sec (13.30 MB/sec), 25.6 ms avg latency, 90.0 ms max latency.
656 records sent, 131.0 records/sec (12.79 MB/sec), 26.1 ms avg latency, 115.0 ms max latency.
675 records sent, 134.8 records/sec (13.17 MB/sec), 28.2 ms avg latency, 87.0 ms max latency.
679 records sent, 135.5 records/sec (13.23 MB/sec), 28.7 ms avg latency, 102.0 ms max latency.
657 records sent, 131.3 records/sec (12.83 MB/sec), 25.1 ms avg latency, 127.0 ms max latency.
689 records sent, 137.6 records/sec (13.43 MB/sec), 26.7 ms avg latency, 129.0 ms max latency.
574 records sent, 114.7 records/sec (11.20 MB/sec), 183.6 ms avg latency, 1249.0 ms max latency.
844 records sent, 168.7 records/sec (16.47 MB/sec), 229.9 ms avg latency, 1348.0 ms max latency.
686 records sent, 137.1 records/sec (13.39 MB/sec), 25.7 ms avg latency, 97.0 ms max latency.
700 records sent, 139.9 records/sec (13.66 MB/sec), 30.9 ms avg latency, 173.0 ms max latency.
750 records sent, 150.0 records/sec (14.65 MB/sec), 22.9 ms avg latency, 130.0 ms max latency.
747 records sent, 149.3 records/sec (14.58 MB/sec), 23.0 ms avg latency, 90.0 ms max latency.
784 records sent, 156.4 records/sec (15.27 MB/sec), 22.2 ms avg latency, 84.0 ms max latency.
812 records sent, 162.3 records/sec (15.85 MB/sec), 25.3 ms avg latency, 91.0 ms max latency.
16667 records sent, 121.499960 records/sec (11.87 MB/sec), 308.95 ms avg latency, 9441.00 ms max latency, 24 ms 50th, 3043 ms 95th, 5312 ms 99th, 6184 ms 99.9th.
----- /var/lib/kafka-client/results/security-overhead-final-factorial-mtls-b3-rf3-isr3-msg102400-tps1000-batch131072-acksall-prod6-complz4-trial1/producer-perf-4.log -----
producer_index=4
producer_count=6
producer_records=16667
producer_throughput=167
1 records sent, 0.1 records/sec (0.01 MB/sec), 1410.0 ms avg latency, 1410.0 ms max latency.
160 records sent, 31.7 records/sec (3.09 MB/sec), 3655.8 ms avg latency, 9613.0 ms max latency.
412 records sent, 82.4 records/sec (8.05 MB/sec), 4442.0 ms avg latency, 6710.0 ms max latency.
656 records sent, 130.7 records/sec (12.76 MB/sec), 1565.9 ms avg latency, 2790.0 ms max latency.
653 records sent, 129.8 records/sec (12.68 MB/sec), 189.4 ms avg latency, 892.0 ms max latency.
623 records sent, 124.5 records/sec (12.16 MB/sec), 34.0 ms avg latency, 157.0 ms max latency.
565 records sent, 112.9 records/sec (11.03 MB/sec), 44.9 ms avg latency, 164.0 ms max latency.
625 records sent, 124.8 records/sec (12.19 MB/sec), 35.9 ms avg latency, 101.0 ms max latency.
646 records sent, 128.9 records/sec (12.59 MB/sec), 32.9 ms avg latency, 129.0 ms max latency.
646 records sent, 129.1 records/sec (12.61 MB/sec), 35.0 ms avg latency, 142.0 ms max latency.
670 records sent, 133.8 records/sec (13.07 MB/sec), 29.3 ms avg latency, 105.0 ms max latency.
651 records sent, 130.1 records/sec (12.70 MB/sec), 30.5 ms avg latency, 104.0 ms max latency.
638 records sent, 126.9 records/sec (12.40 MB/sec), 31.0 ms avg latency, 196.0 ms max latency.
666 records sent, 133.2 records/sec (13.01 MB/sec), 29.5 ms avg latency, 122.0 ms max latency.
662 records sent, 132.3 records/sec (12.92 MB/sec), 28.4 ms avg latency, 131.0 ms max latency.
704 records sent, 140.5 records/sec (13.72 MB/sec), 29.4 ms avg latency, 129.0 ms max latency.
680 records sent, 135.8 records/sec (13.26 MB/sec), 26.0 ms avg latency, 136.0 ms max latency.
713 records sent, 141.0 records/sec (13.77 MB/sec), 32.0 ms avg latency, 193.0 ms max latency.
729 records sent, 145.7 records/sec (14.22 MB/sec), 447.9 ms avg latency, 1395.0 ms max latency.
691 records sent, 136.3 records/sec (13.32 MB/sec), 24.4 ms avg latency, 78.0 ms max latency.
709 records sent, 141.4 records/sec (13.81 MB/sec), 26.1 ms avg latency, 178.0 ms max latency.
764 records sent, 152.7 records/sec (14.91 MB/sec), 27.0 ms avg latency, 149.0 ms max latency.
757 records sent, 151.3 records/sec (14.78 MB/sec), 24.3 ms avg latency, 170.0 ms max latency.
849 records sent, 169.8 records/sec (16.58 MB/sec), 20.3 ms avg latency, 80.0 ms max latency.
804 records sent, 160.1 records/sec (15.63 MB/sec), 21.6 ms avg latency, 94.0 ms max latency.
863 records sent, 172.6 records/sec (16.85 MB/sec), 22.1 ms avg latency, 94.0 ms max latency.
16667 records sent, 122.761790 records/sec (11.99 MB/sec), 257.75 ms avg latency, 9613.00 ms max latency, 26 ms 50th, 1822 ms 95th, 5359 ms 99th, 6269 ms 99.9th.
----- /var/lib/kafka-client/results/security-overhead-final-factorial-mtls-b3-rf3-isr3-msg102400-tps1000-batch131072-acksall-prod6-complz4-trial1/producer-perf-5.log -----
producer_index=5
producer_count=6
producer_records=16666
producer_throughput=166
1 records sent, 0.1 records/sec (0.01 MB/sec), 2101.0 ms avg latency, 2101.0 ms max latency.
156 records sent, 30.6 records/sec (2.98 MB/sec), 4020.9 ms avg latency, 9096.0 ms max latency.
288 records sent, 57.5 records/sec (5.62 MB/sec), 5316.7 ms avg latency, 7349.0 ms max latency.
310 records sent, 61.4 records/sec (5.99 MB/sec), 4273.6 ms avg latency, 4870.0 ms max latency.
709 records sent, 141.6 records/sec (13.83 MB/sec), 1895.8 ms avg latency, 4397.0 ms max latency.
606 records sent, 121.2 records/sec (11.83 MB/sec), 54.2 ms avg latency, 358.0 ms max latency.
637 records sent, 127.2 records/sec (12.43 MB/sec), 33.8 ms avg latency, 141.0 ms max latency.
629 records sent, 125.7 records/sec (12.28 MB/sec), 28.5 ms avg latency, 121.0 ms max latency.
674 records sent, 134.7 records/sec (13.16 MB/sec), 33.5 ms avg latency, 106.0 ms max latency.
662 records sent, 132.3 records/sec (12.92 MB/sec), 26.4 ms avg latency, 142.0 ms max latency.
692 records sent, 138.1 records/sec (13.48 MB/sec), 27.3 ms avg latency, 107.0 ms max latency.
690 records sent, 137.8 records/sec (13.45 MB/sec), 25.9 ms avg latency, 70.0 ms max latency.
644 records sent, 128.5 records/sec (12.55 MB/sec), 28.1 ms avg latency, 111.0 ms max latency.
670 records sent, 133.9 records/sec (13.08 MB/sec), 28.2 ms avg latency, 112.0 ms max latency.
684 records sent, 136.8 records/sec (13.36 MB/sec), 28.4 ms avg latency, 95.0 ms max latency.
700 records sent, 139.8 records/sec (13.66 MB/sec), 25.8 ms avg latency, 107.0 ms max latency.
710 records sent, 142.0 records/sec (13.87 MB/sec), 25.8 ms avg latency, 155.0 ms max latency.
713 records sent, 142.5 records/sec (13.92 MB/sec), 26.4 ms avg latency, 109.0 ms max latency.
688 records sent, 137.3 records/sec (13.41 MB/sec), 401.4 ms avg latency, 1393.0 ms max latency.
695 records sent, 138.9 records/sec (13.56 MB/sec), 23.2 ms avg latency, 90.0 ms max latency.
740 records sent, 148.0 records/sec (14.45 MB/sec), 26.5 ms avg latency, 118.0 ms max latency.
732 records sent, 146.3 records/sec (14.28 MB/sec), 27.4 ms avg latency, 121.0 ms max latency.
745 records sent, 148.4 records/sec (14.49 MB/sec), 25.2 ms avg latency, 163.0 ms max latency.
755 records sent, 150.9 records/sec (14.74 MB/sec), 20.4 ms avg latency, 105.0 ms max latency.
826 records sent, 165.1 records/sec (16.12 MB/sec), 23.2 ms avg latency, 110.0 ms max latency.
813 records sent, 162.5 records/sec (15.87 MB/sec), 24.0 ms avg latency, 114.0 ms max latency.
16666 records sent, 122.271703 records/sec (11.94 MB/sec), 330.23 ms avg latency, 9096.00 ms max latency, 24 ms 50th, 3604 ms 95th, 5269 ms 99th, 6353 ms 99.9th.
----- /var/lib/kafka-client/results/security-overhead-final-factorial-mtls-b3-rf3-isr3-msg102400-tps1000-batch131072-acksall-prod6-complz4-trial1/producer-perf-6.log -----
producer_index=6
producer_count=6
producer_records=16666
producer_throughput=166
1 records sent, 0.1 records/sec (0.01 MB/sec), 2689.0 ms avg latency, 2689.0 ms max latency.
228 records sent, 45.6 records/sec (4.45 MB/sec), 4519.8 ms avg latency, 9107.0 ms max latency.
594 records sent, 118.4 records/sec (11.56 MB/sec), 2379.4 ms avg latency, 5078.0 ms max latency.
636 records sent, 127.0 records/sec (12.40 MB/sec), 331.1 ms avg latency, 1363.0 ms max latency.
546 records sent, 108.8 records/sec (10.63 MB/sec), 41.1 ms avg latency, 122.0 ms max latency.
613 records sent, 122.5 records/sec (11.96 MB/sec), 33.3 ms avg latency, 145.0 ms max latency.
601 records sent, 120.0 records/sec (11.71 MB/sec), 47.1 ms avg latency, 212.0 ms max latency.
607 records sent, 121.1 records/sec (11.82 MB/sec), 37.8 ms avg latency, 170.0 ms max latency.
684 records sent, 135.5 records/sec (13.23 MB/sec), 31.7 ms avg latency, 166.0 ms max latency.
659 records sent, 131.6 records/sec (12.85 MB/sec), 30.6 ms avg latency, 151.0 ms max latency.
692 records sent, 138.3 records/sec (13.50 MB/sec), 27.7 ms avg latency, 120.0 ms max latency.
657 records sent, 130.8 records/sec (12.77 MB/sec), 29.6 ms avg latency, 126.0 ms max latency.
697 records sent, 139.3 records/sec (13.60 MB/sec), 28.0 ms avg latency, 98.0 ms max latency.
671 records sent, 134.2 records/sec (13.10 MB/sec), 29.2 ms avg latency, 108.0 ms max latency.
666 records sent, 133.0 records/sec (12.99 MB/sec), 27.5 ms avg latency, 116.0 ms max latency.
732 records sent, 146.4 records/sec (14.30 MB/sec), 31.3 ms avg latency, 127.0 ms max latency.
657 records sent, 131.3 records/sec (12.82 MB/sec), 26.9 ms avg latency, 108.0 ms max latency.
723 records sent, 144.6 records/sec (14.12 MB/sec), 25.5 ms avg latency, 144.0 ms max latency.
689 records sent, 137.3 records/sec (13.41 MB/sec), 442.3 ms avg latency, 1388.0 ms max latency.
742 records sent, 148.3 records/sec (14.48 MB/sec), 39.4 ms avg latency, 482.0 ms max latency.
722 records sent, 143.2 records/sec (13.98 MB/sec), 22.0 ms avg latency, 90.0 ms max latency.
737 records sent, 147.1 records/sec (14.37 MB/sec), 28.1 ms avg latency, 151.0 ms max latency.
793 records sent, 158.3 records/sec (15.46 MB/sec), 23.9 ms avg latency, 160.0 ms max latency.
772 records sent, 154.2 records/sec (15.06 MB/sec), 22.8 ms avg latency, 84.0 ms max latency.
800 records sent, 160.0 records/sec (15.63 MB/sec), 21.1 ms avg latency, 86.0 ms max latency.
16666 records sent, 123.835283 records/sec (12.09 MB/sec), 203.44 ms avg latency, 9107.00 ms max latency, 25 ms 50th, 1199 ms 95th, 4447 ms 99th, 5207 ms 99.9th.
