run_id=security-overhead-final-factorial-tls-b5-rf5-isr4-msg10240-tps10000-batch131072-acks1-prod12-compnone-trial3
producer_count=12
----- /var/lib/kafka-client/results/security-overhead-final-factorial-tls-b5-rf5-isr4-msg10240-tps10000-batch131072-acks1-prod12-compnone-trial3/producer-perf-1.log -----
producer_index=1
producer_count=12
producer_records=8334
producer_throughput=834
1 records sent, 0.1 records/sec (0.00 MB/sec), 5547.0 ms avg latency, 5547.0 ms max latency.
468 records sent, 92.8 records/sec (0.91 MB/sec), 7460.1 ms avg latency, 19074.0 ms max latency.
936 records sent, 179.9 records/sec (1.76 MB/sec), 9715.8 ms avg latency, 12305.0 ms max latency.
1152 records sent, 226.9 records/sec (2.22 MB/sec), 13059.3 ms avg latency, 14399.0 ms max latency.
2496 records sent, 496.5 records/sec (4.85 MB/sec), 11861.2 ms avg latency, 16016.0 ms max latency.
8334 records sent, 194.774236 records/sec (1.90 MB/sec), 8506.20 ms avg latency, 19074.00 ms max latency, 8416 ms 50th, 14399 ms 95th, 15567 ms 99th, 16016 ms 99.9th.
----- /var/lib/kafka-client/results/security-overhead-final-factorial-tls-b5-rf5-isr4-msg10240-tps10000-batch131072-acks1-prod12-compnone-trial3/producer-perf-2.log -----
producer_index=2
producer_count=12
producer_records=8334
producer_throughput=834
1 records sent, 0.1 records/sec (0.00 MB/sec), 17073.0 ms avg latency, 17073.0 ms max latency.
324 records sent, 62.8 records/sec (0.61 MB/sec), 7393.9 ms avg latency, 8897.0 ms max latency.
936 records sent, 185.5 records/sec (1.81 MB/sec), 9657.4 ms avg latency, 11690.0 ms max latency.
2016 records sent, 401.2 records/sec (3.92 MB/sec), 11186.2 ms avg latency, 13065.0 ms max latency.
1932 records sent, 375.6 records/sec (3.67 MB/sec), 8673.6 ms avg latency, 13984.0 ms max latency.
8334 records sent, 198.338847 records/sec (1.94 MB/sec), 8683.97 ms avg latency, 17073.00 ms max latency, 8371 ms 50th, 11906 ms 95th, 13256 ms 99th, 13962 ms 99.9th.
----- /var/lib/kafka-client/results/security-overhead-final-factorial-tls-b5-rf5-isr4-msg10240-tps10000-batch131072-acks1-prod12-compnone-trial3/producer-perf-3.log -----
producer_index=3
producer_count=12
producer_records=8334
producer_throughput=834
1 records sent, 0.1 records/sec (0.00 MB/sec), 17375.0 ms avg latency, 17375.0 ms max latency.
252 records sent, 44.8 records/sec (0.44 MB/sec), 6877.8 ms avg latency, 8939.0 ms max latency.
936 records sent, 171.2 records/sec (1.67 MB/sec), 10584.0 ms avg latency, 12364.0 ms max latency.
1368 records sent, 261.3 records/sec (2.55 MB/sec), 13627.8 ms avg latency, 15352.0 ms max latency.
2172 records sent, 434.4 records/sec (4.24 MB/sec), 11969.2 ms avg latency, 16098.0 ms max latency.
8334 records sent, 192.386713 records/sec (1.88 MB/sec), 8901.41 ms avg latency, 17375.00 ms max latency, 8981 ms 50th, 14789 ms 95th, 15314 ms 99th, 16057 ms 99.9th.
----- /var/lib/kafka-client/results/security-overhead-final-factorial-tls-b5-rf5-isr4-msg10240-tps10000-batch131072-acks1-prod12-compnone-trial3/producer-perf-4.log -----
producer_index=4
producer_count=12
producer_records=8334
producer_throughput=834
1 records sent, 0.1 records/sec (0.00 MB/sec), 17361.0 ms avg latency, 17361.0 ms max latency.
264 records sent, 51.8 records/sec (0.51 MB/sec), 6616.4 ms avg latency, 8932.0 ms max latency.
1008 records sent, 192.0 records/sec (1.88 MB/sec), 9542.3 ms avg latency, 11901.0 ms max latency.
2016 records sent, 397.1 records/sec (3.88 MB/sec), 10884.8 ms avg latency, 12170.0 ms max latency.
2304 records sent, 459.4 records/sec (4.49 MB/sec), 8724.3 ms avg latency, 12315.0 ms max latency.
8334 records sent, 201.728270 records/sec (1.97 MB/sec), 7974.86 ms avg latency, 17361.00 ms max latency, 8382 ms 50th, 11573 ms 95th, 11880 ms 99th, 12315 ms 99.9th.
----- /var/lib/kafka-client/results/security-overhead-final-factorial-tls-b5-rf5-isr4-msg10240-tps10000-batch131072-acks1-prod12-compnone-trial3/producer-perf-5.log -----
producer_index=5
producer_count=12
producer_records=8333
producer_throughput=833
[2026-04-25 07:27:21,391] WARN [Producer clientId=perf-producer-client] Bootstrap broker 10.20.1.69:9094 (id: -1 rack: null) disconnected (org.apache.kafka.clients.NetworkClient)
1 records sent, 0.1 records/sec (0.00 MB/sec), 17499.0 ms avg latency, 17499.0 ms max latency.
264 records sent, 50.9 records/sec (0.50 MB/sec), 6123.4 ms avg latency, 7320.0 ms max latency.
936 records sent, 186.9 records/sec (1.82 MB/sec), 8538.4 ms avg latency, 11251.0 ms max latency.
720 records sent, 136.3 records/sec (1.33 MB/sec), 11527.6 ms avg latency, 14341.0 ms max latency.
1008 records sent, 198.5 records/sec (1.94 MB/sec), 15922.0 ms avg latency, 18197.0 ms max latency.
4536 records sent, 905.9 records/sec (8.85 MB/sec), 8508.1 ms avg latency, 17606.0 ms max latency.
8333 records sent, 191.611672 records/sec (1.87 MB/sec), 8936.81 ms avg latency, 18197.00 ms max latency, 8722 ms 50th, 16904 ms 95th, 17480 ms 99th, 18196 ms 99.9th.
----- /var/lib/kafka-client/results/security-overhead-final-factorial-tls-b5-rf5-isr4-msg10240-tps10000-batch131072-acks1-prod12-compnone-trial3/producer-perf-6.log -----
producer_index=6
producer_count=12
producer_records=8333
producer_throughput=833
1 records sent, 0.1 records/sec (0.00 MB/sec), 17834.0 ms avg latency, 17834.0 ms max latency.
312 records sent, 59.0 records/sec (0.58 MB/sec), 7723.8 ms avg latency, 9755.0 ms max latency.
936 records sent, 184.1 records/sec (1.80 MB/sec), 10296.2 ms avg latency, 12246.0 ms max latency.
1944 records sent, 386.1 records/sec (3.77 MB/sec), 12014.1 ms avg latency, 13363.0 ms max latency.
1944 records sent, 382.2 records/sec (3.73 MB/sec), 8769.9 ms avg latency, 13747.0 ms max latency.
8333 records sent, 193.049925 records/sec (1.89 MB/sec), 8932.86 ms avg latency, 17834.00 ms max latency, 8355 ms 50th, 12609 ms 95th, 13236 ms 99th, 13746 ms 99.9th.
----- /var/lib/kafka-client/results/security-overhead-final-factorial-tls-b5-rf5-isr4-msg10240-tps10000-batch131072-acks1-prod12-compnone-trial3/producer-perf-7.log -----
producer_index=7
producer_count=12
producer_records=8333
producer_throughput=833
1 records sent, 0.1 records/sec (0.00 MB/sec), 3315.0 ms avg latency, 3315.0 ms max latency.
168 records sent, 32.3 records/sec (0.32 MB/sec), 4716.1 ms avg latency, 16322.0 ms max latency.
744 records sent, 138.1 records/sec (1.35 MB/sec), 9164.4 ms avg latency, 11904.0 ms max latency.
1872 records sent, 363.6 records/sec (3.55 MB/sec), 11557.4 ms avg latency, 13775.0 ms max latency.
3588 records sent, 717.5 records/sec (7.01 MB/sec), 6915.4 ms avg latency, 12460.0 ms max latency.
8333 records sent, 206.923096 records/sec (2.02 MB/sec), 7396.39 ms avg latency, 16322.00 ms max latency, 6228 ms 50th, 12273 ms 95th, 12956 ms 99th, 13656 ms 99.9th.
----- /var/lib/kafka-client/results/security-overhead-final-factorial-tls-b5-rf5-isr4-msg10240-tps10000-batch131072-acks1-prod12-compnone-trial3/producer-perf-8.log -----
producer_index=8
producer_count=12
producer_records=8333
producer_throughput=833
1 records sent, 0.1 records/sec (0.00 MB/sec), 18690.0 ms avg latency, 18690.0 ms max latency.
432 records sent, 85.4 records/sec (0.83 MB/sec), 8153.2 ms avg latency, 9861.0 ms max latency.
1080 records sent, 198.9 records/sec (1.94 MB/sec), 10574.6 ms avg latency, 12725.0 ms max latency.
1584 records sent, 311.1 records/sec (3.04 MB/sec), 13561.1 ms avg latency, 15709.0 ms max latency.
3384 records sent, 670.0 records/sec (6.54 MB/sec), 7813.1 ms avg latency, 14855.0 ms max latency.
8333 records sent, 198.437835 records/sec (1.94 MB/sec), 8444.49 ms avg latency, 18690.00 ms max latency, 8527 ms 50th, 14296 ms 95th, 14948 ms 99th, 15708 ms 99.9th.
----- /var/lib/kafka-client/results/security-overhead-final-factorial-tls-b5-rf5-isr4-msg10240-tps10000-batch131072-acks1-prod12-compnone-trial3/producer-perf-9.log -----
producer_index=9
producer_count=12
producer_records=8333
producer_throughput=833
[2026-04-25 07:27:21,178] WARN [Producer clientId=perf-producer-client] Bootstrap broker 10.20.1.118:9094 (id: -4 rack: null) disconnected (org.apache.kafka.clients.NetworkClient)
1 records sent, 0.1 records/sec (0.00 MB/sec), 16842.0 ms avg latency, 16842.0 ms max latency.
180 records sent, 35.0 records/sec (0.34 MB/sec), 5844.1 ms avg latency, 7503.0 ms max latency.
912 records sent, 173.2 records/sec (1.69 MB/sec), 8541.9 ms avg latency, 10761.0 ms max latency.
2304 records sent, 456.3 records/sec (4.46 MB/sec), 9998.8 ms avg latency, 11727.0 ms max latency.
3216 records sent, 639.2 records/sec (6.24 MB/sec), 6200.7 ms avg latency, 12080.0 ms max latency.
8333 records sent, 208.993780 records/sec (2.04 MB/sec), 7066.67 ms avg latency, 16842.00 ms max latency, 6296 ms 50th, 10453 ms 95th, 11179 ms 99th, 12079 ms 99.9th.
----- /var/lib/kafka-client/results/security-overhead-final-factorial-tls-b5-rf5-isr4-msg10240-tps10000-batch131072-acks1-prod12-compnone-trial3/producer-perf-10.log -----
producer_index=10
producer_count=12
producer_records=8333
producer_throughput=833
1 records sent, 0.1 records/sec (0.00 MB/sec), 15054.0 ms avg latency, 15054.0 ms max latency.
144 records sent, 26.9 records/sec (0.26 MB/sec), 4172.7 ms avg latency, 5535.0 ms max latency.
696 records sent, 132.3 records/sec (1.29 MB/sec), 7220.5 ms avg latency, 10008.0 ms max latency.
792 records sent, 157.6 records/sec (1.54 MB/sec), 10236.4 ms avg latency, 12939.0 ms max latency.
1368 records sent, 261.0 records/sec (2.55 MB/sec), 13443.3 ms avg latency, 15243.0 ms max latency.
1656 records sent, 321.6 records/sec (3.14 MB/sec), 13547.8 ms avg latency, 16376.0 ms max latency.
8333 records sent, 190.446806 records/sec (1.86 MB/sec), 9133.12 ms avg latency, 16376.00 ms max latency, 9180 ms 50th, 14944 ms 95th, 15863 ms 99th, 16375 ms 99.9th.
----- /var/lib/kafka-client/results/security-overhead-final-factorial-tls-b5-rf5-isr4-msg10240-tps10000-batch131072-acks1-prod12-compnone-trial3/producer-perf-11.log -----
producer_index=11
producer_count=12
producer_records=8333
producer_throughput=833
[2026-04-25 07:27:21,060] WARN [Producer clientId=perf-producer-client] Bootstrap broker 10.20.1.69:9094 (id: -1 rack: null) disconnected (org.apache.kafka.clients.NetworkClient)
1 records sent, 0.1 records/sec (0.00 MB/sec), 17413.0 ms avg latency, 17413.0 ms max latency.
228 records sent, 45.2 records/sec (0.44 MB/sec), 6881.7 ms avg latency, 8429.0 ms max latency.
936 records sent, 187.1 records/sec (1.83 MB/sec), 9227.4 ms avg latency, 11097.0 ms max latency.
1368 records sent, 270.3 records/sec (2.64 MB/sec), 11773.6 ms avg latency, 12667.0 ms max latency.
1728 records sent, 329.0 records/sec (3.21 MB/sec), 11772.9 ms avg latency, 14635.0 ms max latency.
2292 records sent, 451.6 records/sec (4.41 MB/sec), 8693.5 ms avg latency, 11501.0 ms max latency.
8333 records sent, 187.287888 records/sec (1.83 MB/sec), 9233.16 ms avg latency, 17413.00 ms max latency, 9041 ms 50th, 12576 ms 95th, 13905 ms 99th, 14635 ms 99.9th.
----- /var/lib/kafka-client/results/security-overhead-final-factorial-tls-b5-rf5-isr4-msg10240-tps10000-batch131072-acks1-prod12-compnone-trial3/producer-perf-12.log -----
producer_index=12
producer_count=12
producer_records=8333
producer_throughput=833
[2026-04-25 07:27:21,554] WARN [Producer clientId=perf-producer-client] Bootstrap broker 10.20.1.118:9094 (id: -4 rack: null) disconnected (org.apache.kafka.clients.NetworkClient)
1 records sent, 0.1 records/sec (0.00 MB/sec), 3148.0 ms avg latency, 3148.0 ms max latency.
396 records sent, 77.5 records/sec (0.76 MB/sec), 6733.1 ms avg latency, 18462.0 ms max latency.
1008 records sent, 195.0 records/sec (1.90 MB/sec), 9025.7 ms avg latency, 11460.0 ms max latency.
1296 records sent, 247.1 records/sec (2.41 MB/sec), 11955.5 ms avg latency, 13626.0 ms max latency.
1728 records sent, 335.6 records/sec (3.28 MB/sec), 12532.3 ms avg latency, 14404.0 ms max latency.
8333 records sent, 192.938180 records/sec (1.88 MB/sec), 8739.94 ms avg latency, 18462.00 ms max latency, 9020 ms 50th, 13492 ms 95th, 14109 ms 99th, 14365 ms 99.9th.
