run_id=security-overhead-final-factorial-plaintext-b5-rf5-isr4-msg10240-tps10000-batch16384-acksall-prod6-complz4-trial3
producer_count=6
----- /var/lib/kafka-client/results/security-overhead-final-factorial-plaintext-b5-rf5-isr4-msg10240-tps10000-batch16384-acksall-prod6-complz4-trial3/producer-perf-1.log -----
producer_index=1
producer_count=6
producer_records=16667
producer_throughput=1667
13 records sent, 2.6 records/sec (0.02 MB/sec), 1116.8 ms avg latency, 4737.0 ms max latency.
484 records sent, 96.3 records/sec (0.94 MB/sec), 2474.2 ms avg latency, 3998.0 ms max latency.
1212 records sent, 241.2 records/sec (2.36 MB/sec), 5066.9 ms avg latency, 5857.0 ms max latency.
1814 records sent, 362.7 records/sec (3.54 MB/sec), 6160.0 ms avg latency, 6650.0 ms max latency.
2145 records sent, 428.1 records/sec (4.18 MB/sec), 5165.6 ms avg latency, 5945.0 ms max latency.
2668 records sent, 533.4 records/sec (5.21 MB/sec), 4265.9 ms avg latency, 4890.0 ms max latency.
2543 records sent, 505.3 records/sec (4.93 MB/sec), 3912.0 ms avg latency, 4336.0 ms max latency.
2718 records sent, 540.3 records/sec (5.28 MB/sec), 3654.7 ms avg latency, 4194.0 ms max latency.
16667 records sent, 379.002183 records/sec (3.70 MB/sec), 4232.82 ms avg latency, 6650.00 ms max latency, 4017 ms 50th, 6196 ms 95th, 6448 ms 99th, 6565 ms 99.9th.
----- /var/lib/kafka-client/results/security-overhead-final-factorial-plaintext-b5-rf5-isr4-msg10240-tps10000-batch16384-acksall-prod6-complz4-trial3/producer-perf-2.log -----
producer_index=2
producer_count=6
producer_records=16667
producer_throughput=1667
44 records sent, 8.7 records/sec (0.09 MB/sec), 901.5 ms avg latency, 4273.0 ms max latency.
489 records sent, 97.6 records/sec (0.95 MB/sec), 2683.3 ms avg latency, 4193.0 ms max latency.
1214 records sent, 242.6 records/sec (2.37 MB/sec), 5561.5 ms avg latency, 6078.0 ms max latency.
2008 records sent, 401.5 records/sec (3.92 MB/sec), 5835.9 ms avg latency, 6464.0 ms max latency.
2379 records sent, 475.2 records/sec (4.64 MB/sec), 4545.6 ms avg latency, 5250.0 ms max latency.
2714 records sent, 542.0 records/sec (5.29 MB/sec), 3943.0 ms avg latency, 4444.0 ms max latency.
3066 records sent, 611.9 records/sec (5.98 MB/sec), 3451.4 ms avg latency, 4088.0 ms max latency.
3382 records sent, 674.9 records/sec (6.59 MB/sec), 3206.6 ms avg latency, 3779.0 ms max latency.
16667 records sent, 396.191880 records/sec (3.87 MB/sec), 3980.62 ms avg latency, 6464.00 ms max latency, 3796 ms 50th, 5977 ms 95th, 6260 ms 99th, 6374 ms 99.9th.
----- /var/lib/kafka-client/results/security-overhead-final-factorial-plaintext-b5-rf5-isr4-msg10240-tps10000-batch16384-acksall-prod6-complz4-trial3/producer-perf-3.log -----
producer_index=3
producer_count=6
producer_records=16667
producer_throughput=1667
1 records sent, 0.2 records/sec (0.00 MB/sec), 5582.0 ms avg latency, 5582.0 ms max latency.
470 records sent, 93.8 records/sec (0.92 MB/sec), 2255.2 ms avg latency, 3728.0 ms max latency.
1249 records sent, 249.6 records/sec (2.44 MB/sec), 5161.8 ms avg latency, 5753.0 ms max latency.
2024 records sent, 399.6 records/sec (3.90 MB/sec), 5567.5 ms avg latency, 6102.0 ms max latency.
2501 records sent, 499.7 records/sec (4.88 MB/sec), 4411.9 ms avg latency, 5209.0 ms max latency.
2509 records sent, 497.2 records/sec (4.86 MB/sec), 3949.5 ms avg latency, 4351.0 ms max latency.
2735 records sent, 547.0 records/sec (5.34 MB/sec), 3966.2 ms avg latency, 4504.0 ms max latency.
2954 records sent, 590.0 records/sec (5.76 MB/sec), 3685.5 ms avg latency, 4131.0 ms max latency.
16667 records sent, 383.105390 records/sec (3.74 MB/sec), 4059.01 ms avg latency, 6102.00 ms max latency, 3955 ms 50th, 5672 ms 95th, 5893 ms 99th, 6038 ms 99.9th.
----- /var/lib/kafka-client/results/security-overhead-final-factorial-plaintext-b5-rf5-isr4-msg10240-tps10000-batch16384-acksall-prod6-complz4-trial3/producer-perf-4.log -----
producer_index=4
producer_count=6
producer_records=16667
producer_throughput=1667
1 records sent, 0.2 records/sec (0.00 MB/sec), 5258.0 ms avg latency, 5258.0 ms max latency.
462 records sent, 92.4 records/sec (0.90 MB/sec), 2564.9 ms avg latency, 3983.0 ms max latency.
1073 records sent, 214.2 records/sec (2.09 MB/sec), 5577.4 ms avg latency, 6320.0 ms max latency.
1909 records sent, 380.3 records/sec (3.71 MB/sec), 6304.1 ms avg latency, 7125.0 ms max latency.
2395 records sent, 478.0 records/sec (4.67 MB/sec), 4623.7 ms avg latency, 5426.0 ms max latency.
2581 records sent, 514.7 records/sec (5.03 MB/sec), 4165.3 ms avg latency, 4490.0 ms max latency.
2807 records sent, 560.3 records/sec (5.47 MB/sec), 3757.7 ms avg latency, 4181.0 ms max latency.
2837 records sent, 567.4 records/sec (5.54 MB/sec), 3631.6 ms avg latency, 3972.0 ms max latency.
16667 records sent, 384.413128 records/sec (3.75 MB/sec), 4147.50 ms avg latency, 7125.00 ms max latency, 3909 ms 50th, 6529 ms 95th, 6736 ms 99th, 6997 ms 99.9th.
----- /var/lib/kafka-client/results/security-overhead-final-factorial-plaintext-b5-rf5-isr4-msg10240-tps10000-batch16384-acksall-prod6-complz4-trial3/producer-perf-5.log -----
producer_index=5
producer_count=6
producer_records=16666
producer_throughput=1666
3 records sent, 0.6 records/sec (0.01 MB/sec), 2001.7 ms avg latency, 4925.0 ms max latency.
448 records sent, 87.9 records/sec (0.86 MB/sec), 1921.4 ms avg latency, 3511.0 ms max latency.
992 records sent, 198.2 records/sec (1.94 MB/sec), 5053.0 ms avg latency, 5666.0 ms max latency.
1977 records sent, 394.4 records/sec (3.85 MB/sec), 5547.5 ms avg latency, 6114.0 ms max latency.
2396 records sent, 478.5 records/sec (4.67 MB/sec), 4771.4 ms avg latency, 5508.0 ms max latency.
2750 records sent, 549.6 records/sec (5.37 MB/sec), 3734.3 ms avg latency, 4283.0 ms max latency.
2674 records sent, 529.7 records/sec (5.17 MB/sec), 3816.4 ms avg latency, 4209.0 ms max latency.
3071 records sent, 614.1 records/sec (6.00 MB/sec), 3529.3 ms avg latency, 4138.0 ms max latency.
16666 records sent, 387.392204 records/sec (3.78 MB/sec), 3975.31 ms avg latency, 6114.00 ms max latency, 3793 ms 50th, 5562 ms 95th, 5895 ms 99th, 6063 ms 99.9th.
----- /var/lib/kafka-client/results/security-overhead-final-factorial-plaintext-b5-rf5-isr4-msg10240-tps10000-batch16384-acksall-prod6-complz4-trial3/producer-perf-6.log -----
producer_index=6
producer_count=6
producer_records=16666
producer_throughput=1666
76 records sent, 15.1 records/sec (0.15 MB/sec), 875.5 ms avg latency, 4105.0 ms max latency.
594 records sent, 117.2 records/sec (1.14 MB/sec), 2697.7 ms avg latency, 4182.0 ms max latency.
1350 records sent, 269.6 records/sec (2.63 MB/sec), 5559.5 ms avg latency, 6388.0 ms max latency.
2182 records sent, 430.3 records/sec (4.20 MB/sec), 5596.2 ms avg latency, 6457.0 ms max latency.
2583 records sent, 513.1 records/sec (5.01 MB/sec), 4276.3 ms avg latency, 4775.0 ms max latency.
2471 records sent, 494.0 records/sec (4.82 MB/sec), 3890.8 ms avg latency, 4387.0 ms max latency.
2735 records sent, 545.7 records/sec (5.33 MB/sec), 4030.1 ms avg latency, 4468.0 ms max latency.
2673 records sent, 529.7 records/sec (5.17 MB/sec), 3738.2 ms avg latency, 4120.0 ms max latency.
16666 records sent, 387.185206 records/sec (3.78 MB/sec), 4163.45 ms avg latency, 6457.00 ms max latency, 3982 ms 50th, 6067 ms 95th, 6298 ms 99th, 6380 ms 99.9th.
