run_id=security-overhead-final-factorial-mtls-b5-rf5-isr4-msg10240-tps1000-batch131072-acksall-prod6-complz4-trial2
producer_count=6
----- /var/lib/kafka-client/results/security-overhead-final-factorial-mtls-b5-rf5-isr4-msg10240-tps1000-batch131072-acksall-prod6-complz4-trial2/producer-perf-1.log -----
producer_index=1
producer_count=6
producer_records=16667
producer_throughput=167
1 records sent, 0.1 records/sec (0.00 MB/sec), 2058.0 ms avg latency, 2058.0 ms max latency.
1372 records sent, 271.4 records/sec (2.65 MB/sec), 4655.0 ms avg latency, 9760.0 ms max latency.
1888 records sent, 376.8 records/sec (3.68 MB/sec), 2445.2 ms avg latency, 6029.0 ms max latency.
840 records sent, 167.5 records/sec (1.64 MB/sec), 20.4 ms avg latency, 72.0 ms max latency.
839 records sent, 167.6 records/sec (1.64 MB/sec), 12.5 ms avg latency, 40.0 ms max latency.
836 records sent, 167.0 records/sec (1.63 MB/sec), 11.8 ms avg latency, 39.0 ms max latency.
838 records sent, 167.5 records/sec (1.64 MB/sec), 12.3 ms avg latency, 54.0 ms max latency.
837 records sent, 167.1 records/sec (1.63 MB/sec), 11.9 ms avg latency, 222.0 ms max latency.
837 records sent, 167.2 records/sec (1.63 MB/sec), 12.2 ms avg latency, 76.0 ms max latency.
836 records sent, 167.1 records/sec (1.63 MB/sec), 10.8 ms avg latency, 48.0 ms max latency.
835 records sent, 167.0 records/sec (1.63 MB/sec), 12.3 ms avg latency, 54.0 ms max latency.
837 records sent, 167.1 records/sec (1.63 MB/sec), 15.0 ms avg latency, 213.0 ms max latency.
836 records sent, 167.2 records/sec (1.63 MB/sec), 13.4 ms avg latency, 206.0 ms max latency.
836 records sent, 167.1 records/sec (1.63 MB/sec), 19.6 ms avg latency, 218.0 ms max latency.
833 records sent, 166.4 records/sec (1.62 MB/sec), 12.9 ms avg latency, 91.0 ms max latency.
839 records sent, 167.8 records/sec (1.64 MB/sec), 9.5 ms avg latency, 38.0 ms max latency.
836 records sent, 167.0 records/sec (1.63 MB/sec), 9.8 ms avg latency, 66.0 ms max latency.
836 records sent, 167.0 records/sec (1.63 MB/sec), 9.3 ms avg latency, 43.0 ms max latency.
835 records sent, 166.8 records/sec (1.63 MB/sec), 8.9 ms avg latency, 31.0 ms max latency.
16667 records sent, 166.881940 records/sec (1.63 MB/sec), 670.49 ms avg latency, 9760.00 ms max latency, 11 ms 50th, 5020 ms 95th, 5592 ms 99th, 5939 ms 99.9th.
----- /var/lib/kafka-client/results/security-overhead-final-factorial-mtls-b5-rf5-isr4-msg10240-tps1000-batch131072-acksall-prod6-complz4-trial2/producer-perf-2.log -----
producer_index=2
producer_count=6
producer_records=16667
producer_throughput=167
1 records sent, 0.1 records/sec (0.00 MB/sec), 9754.0 ms avg latency, 9754.0 ms max latency.
1400 records sent, 274.4 records/sec (2.68 MB/sec), 3457.5 ms avg latency, 5100.0 ms max latency.
1926 records sent, 384.7 records/sec (3.76 MB/sec), 2703.3 ms avg latency, 6048.0 ms max latency.
836 records sent, 167.1 records/sec (1.63 MB/sec), 16.3 ms avg latency, 54.0 ms max latency.
837 records sent, 167.2 records/sec (1.63 MB/sec), 12.5 ms avg latency, 44.0 ms max latency.
836 records sent, 166.9 records/sec (1.63 MB/sec), 12.5 ms avg latency, 91.0 ms max latency.
837 records sent, 167.3 records/sec (1.63 MB/sec), 12.4 ms avg latency, 72.0 ms max latency.
835 records sent, 165.7 records/sec (1.62 MB/sec), 12.6 ms avg latency, 75.0 ms max latency.
843 records sent, 168.3 records/sec (1.64 MB/sec), 11.2 ms avg latency, 49.0 ms max latency.
833 records sent, 166.6 records/sec (1.63 MB/sec), 11.4 ms avg latency, 63.0 ms max latency.
838 records sent, 167.4 records/sec (1.64 MB/sec), 14.9 ms avg latency, 202.0 ms max latency.
837 records sent, 167.3 records/sec (1.63 MB/sec), 10.1 ms avg latency, 41.0 ms max latency.
836 records sent, 167.1 records/sec (1.63 MB/sec), 13.7 ms avg latency, 211.0 ms max latency.
837 records sent, 167.3 records/sec (1.63 MB/sec), 11.6 ms avg latency, 154.0 ms max latency.
828 records sent, 165.6 records/sec (1.62 MB/sec), 12.9 ms avg latency, 93.0 ms max latency.
842 records sent, 168.1 records/sec (1.64 MB/sec), 9.4 ms avg latency, 59.0 ms max latency.
837 records sent, 167.4 records/sec (1.63 MB/sec), 9.8 ms avg latency, 56.0 ms max latency.
837 records sent, 167.3 records/sec (1.63 MB/sec), 9.9 ms avg latency, 88.0 ms max latency.
16667 records sent, 166.948805 records/sec (1.63 MB/sec), 612.90 ms avg latency, 9754.00 ms max latency, 11 ms 50th, 4168 ms 95th, 5335 ms 99th, 5928 ms 99.9th.
----- /var/lib/kafka-client/results/security-overhead-final-factorial-mtls-b5-rf5-isr4-msg10240-tps1000-batch131072-acksall-prod6-complz4-trial2/producer-perf-3.log -----
producer_index=3
producer_count=6
producer_records=16667
producer_throughput=167
1 records sent, 0.1 records/sec (0.00 MB/sec), 9960.0 ms avg latency, 9960.0 ms max latency.
1514 records sent, 286.3 records/sec (2.80 MB/sec), 3721.5 ms avg latency, 5270.0 ms max latency.
1876 records sent, 374.8 records/sec (3.66 MB/sec), 2430.2 ms avg latency, 5802.0 ms max latency.
836 records sent, 167.0 records/sec (1.63 MB/sec), 15.6 ms avg latency, 57.0 ms max latency.
837 records sent, 167.4 records/sec (1.63 MB/sec), 12.8 ms avg latency, 46.0 ms max latency.
835 records sent, 166.9 records/sec (1.63 MB/sec), 12.0 ms avg latency, 66.0 ms max latency.
835 records sent, 166.9 records/sec (1.63 MB/sec), 11.7 ms avg latency, 62.0 ms max latency.
837 records sent, 167.4 records/sec (1.63 MB/sec), 14.8 ms avg latency, 157.0 ms max latency.
835 records sent, 167.0 records/sec (1.63 MB/sec), 10.4 ms avg latency, 37.0 ms max latency.
831 records sent, 165.8 records/sec (1.62 MB/sec), 11.9 ms avg latency, 56.0 ms max latency.
842 records sent, 168.3 records/sec (1.64 MB/sec), 14.5 ms avg latency, 221.0 ms max latency.
836 records sent, 167.0 records/sec (1.63 MB/sec), 12.3 ms avg latency, 212.0 ms max latency.
837 records sent, 167.4 records/sec (1.63 MB/sec), 13.1 ms avg latency, 212.0 ms max latency.
836 records sent, 167.0 records/sec (1.63 MB/sec), 15.8 ms avg latency, 218.0 ms max latency.
836 records sent, 167.0 records/sec (1.63 MB/sec), 12.3 ms avg latency, 80.0 ms max latency.
835 records sent, 167.0 records/sec (1.63 MB/sec), 9.5 ms avg latency, 38.0 ms max latency.
833 records sent, 166.6 records/sec (1.63 MB/sec), 9.8 ms avg latency, 65.0 ms max latency.
839 records sent, 167.8 records/sec (1.64 MB/sec), 10.0 ms avg latency, 68.0 ms max latency.
16667 records sent, 166.868574 records/sec (1.63 MB/sec), 621.94 ms avg latency, 9960.00 ms max latency, 11 ms 50th, 4272 ms 95th, 5445 ms 99th, 5763 ms 99.9th.
----- /var/lib/kafka-client/results/security-overhead-final-factorial-mtls-b5-rf5-isr4-msg10240-tps1000-batch131072-acksall-prod6-complz4-trial2/producer-perf-4.log -----
producer_index=4
producer_count=6
producer_records=16667
producer_throughput=167
1 records sent, 0.1 records/sec (0.00 MB/sec), 9695.0 ms avg latency, 9695.0 ms max latency.
1320 records sent, 258.7 records/sec (2.53 MB/sec), 4852.7 ms avg latency, 6254.0 ms max latency.
1991 records sent, 397.6 records/sec (3.88 MB/sec), 2825.9 ms avg latency, 6551.0 ms max latency.
837 records sent, 167.3 records/sec (1.63 MB/sec), 16.4 ms avg latency, 56.0 ms max latency.
837 records sent, 167.0 records/sec (1.63 MB/sec), 12.3 ms avg latency, 32.0 ms max latency.
836 records sent, 167.1 records/sec (1.63 MB/sec), 12.1 ms avg latency, 55.0 ms max latency.
837 records sent, 167.3 records/sec (1.63 MB/sec), 11.9 ms avg latency, 42.0 ms max latency.
834 records sent, 166.8 records/sec (1.63 MB/sec), 12.0 ms avg latency, 53.0 ms max latency.
837 records sent, 167.2 records/sec (1.63 MB/sec), 12.2 ms avg latency, 73.0 ms max latency.
835 records sent, 167.0 records/sec (1.63 MB/sec), 11.1 ms avg latency, 59.0 ms max latency.
835 records sent, 167.0 records/sec (1.63 MB/sec), 16.4 ms avg latency, 214.0 ms max latency.
836 records sent, 167.2 records/sec (1.63 MB/sec), 11.7 ms avg latency, 108.0 ms max latency.
837 records sent, 167.0 records/sec (1.63 MB/sec), 10.5 ms avg latency, 223.0 ms max latency.
836 records sent, 167.1 records/sec (1.63 MB/sec), 9.2 ms avg latency, 31.0 ms max latency.
837 records sent, 167.2 records/sec (1.63 MB/sec), 11.8 ms avg latency, 64.0 ms max latency.
836 records sent, 167.1 records/sec (1.63 MB/sec), 9.8 ms avg latency, 40.0 ms max latency.
834 records sent, 166.8 records/sec (1.63 MB/sec), 10.0 ms avg latency, 65.0 ms max latency.
836 records sent, 167.2 records/sec (1.63 MB/sec), 9.8 ms avg latency, 44.0 ms max latency.
16667 records sent, 166.855209 records/sec (1.63 MB/sec), 731.80 ms avg latency, 9695.00 ms max latency, 11 ms 50th, 5326 ms 95th, 6055 ms 99th, 6448 ms 99.9th.
----- /var/lib/kafka-client/results/security-overhead-final-factorial-mtls-b5-rf5-isr4-msg10240-tps1000-batch131072-acksall-prod6-complz4-trial2/producer-perf-5.log -----
producer_index=5
producer_count=6
producer_records=16666
producer_throughput=166
1 records sent, 0.1 records/sec (0.00 MB/sec), 10022.0 ms avg latency, 10022.0 ms max latency.
2253 records sent, 448.5 records/sec (4.38 MB/sec), 3790.5 ms avg latency, 5242.0 ms max latency.
1073 records sent, 214.5 records/sec (2.09 MB/sec), 281.8 ms avg latency, 2467.0 ms max latency.
836 records sent, 167.1 records/sec (1.63 MB/sec), 17.0 ms avg latency, 67.0 ms max latency.
831 records sent, 166.2 records/sec (1.62 MB/sec), 12.3 ms avg latency, 43.0 ms max latency.
829 records sent, 165.2 records/sec (1.61 MB/sec), 12.6 ms avg latency, 67.0 ms max latency.
833 records sent, 166.4 records/sec (1.63 MB/sec), 12.0 ms avg latency, 40.0 ms max latency.
832 records sent, 166.3 records/sec (1.62 MB/sec), 15.4 ms avg latency, 173.0 ms max latency.
832 records sent, 166.4 records/sec (1.63 MB/sec), 11.5 ms avg latency, 45.0 ms max latency.
830 records sent, 165.8 records/sec (1.62 MB/sec), 11.5 ms avg latency, 65.0 ms max latency.
835 records sent, 166.8 records/sec (1.63 MB/sec), 12.3 ms avg latency, 64.0 ms max latency.
831 records sent, 166.1 records/sec (1.62 MB/sec), 10.4 ms avg latency, 46.0 ms max latency.
830 records sent, 166.0 records/sec (1.62 MB/sec), 10.9 ms avg latency, 215.0 ms max latency.
831 records sent, 165.9 records/sec (1.62 MB/sec), 13.4 ms avg latency, 160.0 ms max latency.
832 records sent, 165.9 records/sec (1.62 MB/sec), 11.7 ms avg latency, 58.0 ms max latency.
835 records sent, 166.9 records/sec (1.63 MB/sec), 10.0 ms avg latency, 55.0 ms max latency.
831 records sent, 166.1 records/sec (1.62 MB/sec), 10.0 ms avg latency, 64.0 ms max latency.
830 records sent, 165.9 records/sec (1.62 MB/sec), 9.7 ms avg latency, 42.0 ms max latency.
832 records sent, 166.2 records/sec (1.62 MB/sec), 8.9 ms avg latency, 26.0 ms max latency.
16666 records sent, 165.858902 records/sec (1.62 MB/sec), 540.64 ms avg latency, 10022.00 ms max latency, 11 ms 50th, 4166 ms 95th, 5060 ms 99th, 5226 ms 99.9th.
----- /var/lib/kafka-client/results/security-overhead-final-factorial-mtls-b5-rf5-isr4-msg10240-tps1000-batch131072-acksall-prod6-complz4-trial2/producer-perf-6.log -----
producer_index=6
producer_count=6
producer_records=16666
producer_throughput=166
1 records sent, 0.1 records/sec (0.00 MB/sec), 2042.0 ms avg latency, 2042.0 ms max latency.
1436 records sent, 281.1 records/sec (2.74 MB/sec), 4724.3 ms avg latency, 10188.0 ms max latency.
1865 records sent, 372.3 records/sec (3.64 MB/sec), 2364.9 ms avg latency, 6176.0 ms max latency.
833 records sent, 166.4 records/sec (1.63 MB/sec), 18.7 ms avg latency, 72.0 ms max latency.
835 records sent, 166.7 records/sec (1.63 MB/sec), 13.2 ms avg latency, 56.0 ms max latency.
831 records sent, 166.2 records/sec (1.62 MB/sec), 12.8 ms avg latency, 57.0 ms max latency.
831 records sent, 166.0 records/sec (1.62 MB/sec), 13.1 ms avg latency, 74.0 ms max latency.
830 records sent, 165.8 records/sec (1.62 MB/sec), 12.4 ms avg latency, 51.0 ms max latency.
833 records sent, 166.1 records/sec (1.62 MB/sec), 12.9 ms avg latency, 70.0 ms max latency.
835 records sent, 166.8 records/sec (1.63 MB/sec), 11.5 ms avg latency, 46.0 ms max latency.
831 records sent, 166.1 records/sec (1.62 MB/sec), 17.9 ms avg latency, 220.0 ms max latency.
832 records sent, 166.1 records/sec (1.62 MB/sec), 15.5 ms avg latency, 211.0 ms max latency.
830 records sent, 165.9 records/sec (1.62 MB/sec), 11.2 ms avg latency, 67.0 ms max latency.
831 records sent, 166.2 records/sec (1.62 MB/sec), 11.3 ms avg latency, 213.0 ms max latency.
828 records sent, 164.8 records/sec (1.61 MB/sec), 12.6 ms avg latency, 87.0 ms max latency.
839 records sent, 167.4 records/sec (1.64 MB/sec), 10.2 ms avg latency, 64.0 ms max latency.
830 records sent, 165.9 records/sec (1.62 MB/sec), 9.7 ms avg latency, 39.0 ms max latency.
831 records sent, 166.1 records/sec (1.62 MB/sec), 9.7 ms avg latency, 61.0 ms max latency.
830 records sent, 165.9 records/sec (1.62 MB/sec), 9.2 ms avg latency, 28.0 ms max latency.
16666 records sent, 165.943126 records/sec (1.62 MB/sec), 681.92 ms avg latency, 10188.00 ms max latency, 11 ms 50th, 5130 ms 95th, 5632 ms 99th, 6175 ms 99.9th.
