run_id=security-overhead-final-factorial-tls-b5-rf5-isr3-msg102400-tps1000-batch16384-acksall-prod12-compnone-trial3
producer_count=12
----- /var/lib/kafka-client/results/security-overhead-final-factorial-tls-b5-rf5-isr3-msg102400-tps1000-batch16384-acksall-prod12-compnone-trial3/producer-perf-1.log -----
producer_index=1
producer_count=12
producer_records=8334
producer_throughput=84
1 records sent, 0.1 records/sec (0.01 MB/sec), 17558.0 ms avg latency, 17558.0 ms max latency.
40 records sent, 7.9 records/sec (0.77 MB/sec), 7694.7 ms avg latency, 8995.0 ms max latency.
96 records sent, 18.9 records/sec (1.85 MB/sec), 10815.6 ms avg latency, 12283.0 ms max latency.
173 records sent, 34.3 records/sec (3.35 MB/sec), 12063.8 ms avg latency, 13506.0 ms max latency.
148 records sent, 29.4 records/sec (2.87 MB/sec), 11512.2 ms avg latency, 14013.0 ms max latency.
126 records sent, 24.1 records/sec (2.35 MB/sec), 11283.8 ms avg latency, 12565.0 ms max latency.
144 records sent, 28.4 records/sec (2.77 MB/sec), 12309.8 ms avg latency, 13140.0 ms max latency.
312 records sent, 62.1 records/sec (6.07 MB/sec), 9035.4 ms avg latency, 13390.0 ms max latency.
423 records sent, 83.5 records/sec (8.15 MB/sec), 3916.7 ms avg latency, 5646.0 ms max latency.
436 records sent, 87.1 records/sec (8.51 MB/sec), 1624.6 ms avg latency, 3024.0 ms max latency.
343 records sent, 68.4 records/sec (6.68 MB/sec), 147.4 ms avg latency, 814.0 ms max latency.
341 records sent, 67.6 records/sec (6.61 MB/sec), 101.8 ms avg latency, 402.0 ms max latency.
320 records sent, 63.8 records/sec (6.23 MB/sec), 70.8 ms avg latency, 290.0 ms max latency.
329 records sent, 65.6 records/sec (6.41 MB/sec), 92.7 ms avg latency, 353.0 ms max latency.
379 records sent, 74.7 records/sec (7.29 MB/sec), 94.8 ms avg latency, 275.0 ms max latency.
393 records sent, 78.5 records/sec (7.67 MB/sec), 68.1 ms avg latency, 216.0 ms max latency.
373 records sent, 74.5 records/sec (7.28 MB/sec), 102.2 ms avg latency, 428.0 ms max latency.
370 records sent, 73.1 records/sec (7.14 MB/sec), 73.0 ms avg latency, 288.0 ms max latency.
371 records sent, 73.9 records/sec (7.21 MB/sec), 62.2 ms avg latency, 205.0 ms max latency.
270 records sent, 53.7 records/sec (5.24 MB/sec), 1078.8 ms avg latency, 2247.0 ms max latency.
525 records sent, 104.8 records/sec (10.24 MB/sec), 801.7 ms avg latency, 2288.0 ms max latency.
398 records sent, 79.5 records/sec (7.76 MB/sec), 70.4 ms avg latency, 279.0 ms max latency.
410 records sent, 81.7 records/sec (7.97 MB/sec), 77.7 ms avg latency, 301.0 ms max latency.
362 records sent, 71.6 records/sec (6.99 MB/sec), 48.4 ms avg latency, 177.0 ms max latency.
367 records sent, 73.3 records/sec (7.16 MB/sec), 51.2 ms avg latency, 175.0 ms max latency.
383 records sent, 76.0 records/sec (7.43 MB/sec), 49.2 ms avg latency, 188.0 ms max latency.
389 records sent, 77.6 records/sec (7.57 MB/sec), 56.2 ms avg latency, 208.0 ms max latency.
8334 records sent, 55.374679 records/sec (5.41 MB/sec), 1760.85 ms avg latency, 17558.00 ms max latency, 84 ms 50th, 11749 ms 95th, 12691 ms 99th, 13410 ms 99.9th.
----- /var/lib/kafka-client/results/security-overhead-final-factorial-tls-b5-rf5-isr3-msg102400-tps1000-batch16384-acksall-prod12-compnone-trial3/producer-perf-2.log -----
producer_index=2
producer_count=12
producer_records=8334
producer_throughput=84
1 records sent, 0.1 records/sec (0.01 MB/sec), 5507.0 ms avg latency, 5507.0 ms max latency.
55 records sent, 10.4 records/sec (1.02 MB/sec), 8291.8 ms avg latency, 19789.0 ms max latency.
90 records sent, 17.9 records/sec (1.75 MB/sec), 11124.8 ms avg latency, 12719.0 ms max latency.
138 records sent, 26.5 records/sec (2.59 MB/sec), 13647.4 ms avg latency, 15372.0 ms max latency.
245 records sent, 48.5 records/sec (4.74 MB/sec), 11783.2 ms avg latency, 15572.0 ms max latency.
252 records sent, 50.3 records/sec (4.91 MB/sec), 6891.4 ms avg latency, 8429.0 ms max latency.
311 records sent, 61.4 records/sec (6.00 MB/sec), 5738.5 ms avg latency, 6543.0 ms max latency.
353 records sent, 70.3 records/sec (6.86 MB/sec), 4861.1 ms avg latency, 5535.0 ms max latency.
400 records sent, 79.9 records/sec (7.80 MB/sec), 3729.9 ms avg latency, 4790.0 ms max latency.
459 records sent, 91.1 records/sec (8.90 MB/sec), 1677.1 ms avg latency, 2876.0 ms max latency.
360 records sent, 71.9 records/sec (7.02 MB/sec), 220.2 ms avg latency, 883.0 ms max latency.
324 records sent, 64.0 records/sec (6.25 MB/sec), 74.0 ms avg latency, 261.0 ms max latency.
326 records sent, 64.8 records/sec (6.33 MB/sec), 75.4 ms avg latency, 328.0 ms max latency.
318 records sent, 63.3 records/sec (6.18 MB/sec), 56.7 ms avg latency, 181.0 ms max latency.
326 records sent, 65.1 records/sec (6.36 MB/sec), 83.5 ms avg latency, 350.0 ms max latency.
341 records sent, 68.1 records/sec (6.65 MB/sec), 64.2 ms avg latency, 189.0 ms max latency.
328 records sent, 65.4 records/sec (6.39 MB/sec), 56.2 ms avg latency, 159.0 ms max latency.
357 records sent, 71.2 records/sec (6.95 MB/sec), 51.2 ms avg latency, 130.0 ms max latency.
388 records sent, 77.1 records/sec (7.53 MB/sec), 57.8 ms avg latency, 246.0 ms max latency.
360 records sent, 71.5 records/sec (6.98 MB/sec), 1359.1 ms avg latency, 2171.0 ms max latency.
423 records sent, 84.2 records/sec (8.22 MB/sec), 185.1 ms avg latency, 1147.0 ms max latency.
374 records sent, 74.5 records/sec (7.27 MB/sec), 46.0 ms avg latency, 147.0 ms max latency.
396 records sent, 79.1 records/sec (7.72 MB/sec), 67.6 ms avg latency, 235.0 ms max latency.
346 records sent, 68.8 records/sec (6.72 MB/sec), 48.6 ms avg latency, 160.0 ms max latency.
367 records sent, 72.1 records/sec (7.04 MB/sec), 47.3 ms avg latency, 133.0 ms max latency.
373 records sent, 74.5 records/sec (7.27 MB/sec), 73.7 ms avg latency, 401.0 ms max latency.
8334 records sent, 55.742091 records/sec (5.44 MB/sec), 1760.88 ms avg latency, 19789.00 ms max latency, 78 ms 50th, 9436 ms 95th, 14339 ms 99th, 15371 ms 99.9th.
----- /var/lib/kafka-client/results/security-overhead-final-factorial-tls-b5-rf5-isr3-msg102400-tps1000-batch16384-acksall-prod12-compnone-trial3/producer-perf-3.log -----
producer_index=3
producer_count=12
producer_records=8334
producer_throughput=84
1 records sent, 0.1 records/sec (0.01 MB/sec), 18662.0 ms avg latency, 18662.0 ms max latency.
47 records sent, 9.2 records/sec (0.90 MB/sec), 7812.1 ms avg latency, 9401.0 ms max latency.
125 records sent, 24.5 records/sec (2.39 MB/sec), 11050.4 ms avg latency, 12573.0 ms max latency.
162 records sent, 31.9 records/sec (3.11 MB/sec), 12229.7 ms avg latency, 13678.0 ms max latency.
192 records sent, 37.7 records/sec (3.68 MB/sec), 10611.1 ms avg latency, 14354.0 ms max latency.
262 records sent, 52.2 records/sec (5.10 MB/sec), 7848.9 ms avg latency, 9849.0 ms max latency.
342 records sent, 68.4 records/sec (6.68 MB/sec), 5429.8 ms avg latency, 6534.0 ms max latency.
423 records sent, 83.7 records/sec (8.17 MB/sec), 3897.2 ms avg latency, 4889.0 ms max latency.
432 records sent, 85.2 records/sec (8.32 MB/sec), 1859.4 ms avg latency, 3168.0 ms max latency.
345 records sent, 68.8 records/sec (6.71 MB/sec), 152.8 ms avg latency, 721.0 ms max latency.
323 records sent, 63.9 records/sec (6.24 MB/sec), 94.3 ms avg latency, 282.0 ms max latency.
341 records sent, 67.6 records/sec (6.61 MB/sec), 87.9 ms avg latency, 296.0 ms max latency.
315 records sent, 62.3 records/sec (6.09 MB/sec), 72.5 ms avg latency, 243.0 ms max latency.
382 records sent, 76.2 records/sec (7.45 MB/sec), 98.8 ms avg latency, 367.0 ms max latency.
369 records sent, 73.5 records/sec (7.18 MB/sec), 82.5 ms avg latency, 269.0 ms max latency.
363 records sent, 72.3 records/sec (7.06 MB/sec), 95.2 ms avg latency, 337.0 ms max latency.
331 records sent, 65.8 records/sec (6.42 MB/sec), 60.7 ms avg latency, 181.0 ms max latency.
372 records sent, 74.3 records/sec (7.25 MB/sec), 60.2 ms avg latency, 290.0 ms max latency.
353 records sent, 70.4 records/sec (6.88 MB/sec), 53.0 ms avg latency, 264.0 ms max latency.
292 records sent, 58.3 records/sec (5.69 MB/sec), 1507.8 ms avg latency, 2311.0 ms max latency.
441 records sent, 88.0 records/sec (8.60 MB/sec), 339.5 ms avg latency, 1875.0 ms max latency.
344 records sent, 68.7 records/sec (6.71 MB/sec), 46.2 ms avg latency, 133.0 ms max latency.
376 records sent, 75.0 records/sec (7.32 MB/sec), 50.5 ms avg latency, 153.0 ms max latency.
346 records sent, 68.9 records/sec (6.73 MB/sec), 43.2 ms avg latency, 111.0 ms max latency.
356 records sent, 70.5 records/sec (6.88 MB/sec), 50.2 ms avg latency, 151.0 ms max latency.
373 records sent, 74.1 records/sec (7.23 MB/sec), 57.9 ms avg latency, 211.0 ms max latency.
8334 records sent, 55.705950 records/sec (5.44 MB/sec), 1577.11 ms avg latency, 18662.00 ms max latency, 76 ms 50th, 9619 ms 95th, 12382 ms 99th, 13571 ms 99.9th.
----- /var/lib/kafka-client/results/security-overhead-final-factorial-tls-b5-rf5-isr3-msg102400-tps1000-batch16384-acksall-prod12-compnone-trial3/producer-perf-4.log -----
producer_index=4
producer_count=12
producer_records=8334
producer_throughput=84
1 records sent, 0.1 records/sec (0.01 MB/sec), 18983.0 ms avg latency, 18983.0 ms max latency.
55 records sent, 10.8 records/sec (1.06 MB/sec), 8335.3 ms avg latency, 9740.0 ms max latency.
132 records sent, 25.9 records/sec (2.53 MB/sec), 11255.0 ms avg latency, 12380.0 ms max latency.
150 records sent, 29.9 records/sec (2.92 MB/sec), 12433.4 ms avg latency, 14287.0 ms max latency.
250 records sent, 49.7 records/sec (4.85 MB/sec), 9454.1 ms avg latency, 14555.0 ms max latency.
270 records sent, 54.0 records/sec (5.27 MB/sec), 6663.1 ms avg latency, 8318.0 ms max latency.
347 records sent, 69.4 records/sec (6.78 MB/sec), 5288.2 ms avg latency, 6488.0 ms max latency.
354 records sent, 70.4 records/sec (6.88 MB/sec), 4200.3 ms avg latency, 4667.0 ms max latency.
429 records sent, 83.6 records/sec (8.17 MB/sec), 3026.1 ms avg latency, 4053.0 ms max latency.
417 records sent, 83.1 records/sec (8.11 MB/sec), 833.3 ms avg latency, 1999.0 ms max latency.
326 records sent, 64.8 records/sec (6.33 MB/sec), 88.7 ms avg latency, 230.0 ms max latency.
294 records sent, 58.8 records/sec (5.74 MB/sec), 64.7 ms avg latency, 187.0 ms max latency.
318 records sent, 62.7 records/sec (6.12 MB/sec), 111.7 ms avg latency, 446.0 ms max latency.
370 records sent, 73.1 records/sec (7.14 MB/sec), 70.6 ms avg latency, 349.0 ms max latency.
361 records sent, 71.8 records/sec (7.01 MB/sec), 63.0 ms avg latency, 278.0 ms max latency.
357 records sent, 71.3 records/sec (6.96 MB/sec), 104.8 ms avg latency, 318.0 ms max latency.
363 records sent, 72.5 records/sec (7.08 MB/sec), 68.0 ms avg latency, 235.0 ms max latency.
347 records sent, 69.0 records/sec (6.74 MB/sec), 53.6 ms avg latency, 141.0 ms max latency.
355 records sent, 70.5 records/sec (6.88 MB/sec), 66.2 ms avg latency, 266.0 ms max latency.
326 records sent, 64.9 records/sec (6.34 MB/sec), 1312.7 ms avg latency, 2021.0 ms max latency.
397 records sent, 79.1 records/sec (7.72 MB/sec), 182.7 ms avg latency, 1152.0 ms max latency.
380 records sent, 75.9 records/sec (7.41 MB/sec), 45.8 ms avg latency, 215.0 ms max latency.
414 records sent, 82.5 records/sec (8.05 MB/sec), 78.4 ms avg latency, 355.0 ms max latency.
404 records sent, 80.0 records/sec (7.81 MB/sec), 69.5 ms avg latency, 221.0 ms max latency.
374 records sent, 74.0 records/sec (7.23 MB/sec), 49.2 ms avg latency, 159.0 ms max latency.
373 records sent, 74.0 records/sec (7.23 MB/sec), 48.2 ms avg latency, 213.0 ms max latency.
8334 records sent, 56.251519 records/sec (5.49 MB/sec), 1657.90 ms avg latency, 18983.00 ms max latency, 83 ms 50th, 8708 ms 95th, 12518 ms 99th, 14313 ms 99.9th.
----- /var/lib/kafka-client/results/security-overhead-final-factorial-tls-b5-rf5-isr3-msg102400-tps1000-batch16384-acksall-prod12-compnone-trial3/producer-perf-5.log -----
producer_index=5
producer_count=12
producer_records=8333
producer_throughput=83
1 records sent, 0.1 records/sec (0.01 MB/sec), 5025.0 ms avg latency, 5025.0 ms max latency.
53 records sent, 10.0 records/sec (0.98 MB/sec), 7557.9 ms avg latency, 19122.0 ms max latency.
126 records sent, 24.6 records/sec (2.40 MB/sec), 10109.2 ms avg latency, 11844.0 ms max latency.
138 records sent, 27.3 records/sec (2.67 MB/sec), 11772.7 ms avg latency, 13276.0 ms max latency.
232 records sent, 46.2 records/sec (4.51 MB/sec), 10525.6 ms avg latency, 14039.0 ms max latency.
270 records sent, 53.7 records/sec (5.24 MB/sec), 7018.4 ms avg latency, 9111.0 ms max latency.
299 records sent, 59.8 records/sec (5.84 MB/sec), 5563.7 ms avg latency, 6481.0 ms max latency.
351 records sent, 69.5 records/sec (6.79 MB/sec), 4726.4 ms avg latency, 5450.0 ms max latency.
399 records sent, 79.5 records/sec (7.76 MB/sec), 3164.7 ms avg latency, 4453.0 ms max latency.
406 records sent, 80.8 records/sec (7.89 MB/sec), 1105.0 ms avg latency, 2368.0 ms max latency.
342 records sent, 68.1 records/sec (6.65 MB/sec), 88.0 ms avg latency, 216.0 ms max latency.
330 records sent, 65.5 records/sec (6.39 MB/sec), 86.2 ms avg latency, 291.0 ms max latency.
356 records sent, 71.2 records/sec (6.95 MB/sec), 113.1 ms avg latency, 445.0 ms max latency.
332 records sent, 65.1 records/sec (6.35 MB/sec), 57.6 ms avg latency, 189.0 ms max latency.
373 records sent, 74.4 records/sec (7.27 MB/sec), 81.9 ms avg latency, 295.0 ms max latency.
332 records sent, 66.2 records/sec (6.47 MB/sec), 77.4 ms avg latency, 223.0 ms max latency.
354 records sent, 70.6 records/sec (6.90 MB/sec), 84.4 ms avg latency, 309.0 ms max latency.
366 records sent, 73.0 records/sec (7.13 MB/sec), 57.1 ms avg latency, 210.0 ms max latency.
381 records sent, 75.6 records/sec (7.38 MB/sec), 85.9 ms avg latency, 386.0 ms max latency.
336 records sent, 66.8 records/sec (6.52 MB/sec), 1510.5 ms avg latency, 2211.0 ms max latency.
430 records sent, 85.8 records/sec (8.38 MB/sec), 196.2 ms avg latency, 1108.0 ms max latency.
385 records sent, 76.9 records/sec (7.51 MB/sec), 60.3 ms avg latency, 261.0 ms max latency.
349 records sent, 69.6 records/sec (6.80 MB/sec), 60.5 ms avg latency, 244.0 ms max latency.
354 records sent, 70.7 records/sec (6.90 MB/sec), 53.7 ms avg latency, 170.0 ms max latency.
364 records sent, 72.1 records/sec (7.04 MB/sec), 50.9 ms avg latency, 144.0 ms max latency.
367 records sent, 72.7 records/sec (7.10 MB/sec), 54.8 ms avg latency, 171.0 ms max latency.
8333 records sent, 55.973508 records/sec (5.47 MB/sec), 1637.14 ms avg latency, 19122.00 ms max latency, 84 ms 50th, 9222 ms 95th, 12459 ms 99th, 13667 ms 99.9th.
----- /var/lib/kafka-client/results/security-overhead-final-factorial-tls-b5-rf5-isr3-msg102400-tps1000-batch16384-acksall-prod12-compnone-trial3/producer-perf-6.log -----
producer_index=6
producer_count=12
producer_records=8333
producer_throughput=83
1 records sent, 0.1 records/sec (0.01 MB/sec), 5394.0 ms avg latency, 5394.0 ms max latency.
47 records sent, 9.2 records/sec (0.89 MB/sec), 7949.6 ms avg latency, 18628.0 ms max latency.
120 records sent, 23.5 records/sec (2.29 MB/sec), 10999.0 ms avg latency, 12989.0 ms max latency.
150 records sent, 29.5 records/sec (2.88 MB/sec), 12602.3 ms avg latency, 14325.0 ms max latency.
132 records sent, 26.2 records/sec (2.56 MB/sec), 12476.9 ms avg latency, 15219.0 ms max latency.
125 records sent, 24.4 records/sec (2.39 MB/sec), 12174.2 ms avg latency, 13062.0 ms max latency.
186 records sent, 36.4 records/sec (3.56 MB/sec), 12336.7 ms avg latency, 13561.0 ms max latency.
310 records sent, 62.0 records/sec (6.05 MB/sec), 7395.5 ms avg latency, 11117.0 ms max latency.
395 records sent, 77.5 records/sec (7.57 MB/sec), 4284.4 ms avg latency, 5337.0 ms max latency.
412 records sent, 82.4 records/sec (8.05 MB/sec), 2568.0 ms avg latency, 3573.0 ms max latency.
390 records sent, 78.0 records/sec (7.62 MB/sec), 685.5 ms avg latency, 1746.0 ms max latency.
341 records sent, 68.0 records/sec (6.64 MB/sec), 121.6 ms avg latency, 474.0 ms max latency.
336 records sent, 66.9 records/sec (6.53 MB/sec), 77.2 ms avg latency, 286.0 ms max latency.
356 records sent, 71.0 records/sec (6.93 MB/sec), 69.8 ms avg latency, 215.0 ms max latency.
380 records sent, 75.7 records/sec (7.39 MB/sec), 70.2 ms avg latency, 273.0 ms max latency.
365 records sent, 72.9 records/sec (7.12 MB/sec), 83.8 ms avg latency, 362.0 ms max latency.
343 records sent, 68.4 records/sec (6.68 MB/sec), 58.5 ms avg latency, 180.0 ms max latency.
376 records sent, 74.8 records/sec (7.31 MB/sec), 63.6 ms avg latency, 212.0 ms max latency.
361 records sent, 71.6 records/sec (6.99 MB/sec), 63.1 ms avg latency, 200.0 ms max latency.
390 records sent, 77.6 records/sec (7.58 MB/sec), 1398.6 ms avg latency, 2131.0 ms max latency.
389 records sent, 77.0 records/sec (7.51 MB/sec), 120.9 ms avg latency, 950.0 ms max latency.
407 records sent, 80.4 records/sec (7.85 MB/sec), 83.8 ms avg latency, 319.0 ms max latency.
363 records sent, 72.3 records/sec (7.06 MB/sec), 55.2 ms avg latency, 216.0 ms max latency.
353 records sent, 70.6 records/sec (6.89 MB/sec), 44.4 ms avg latency, 157.0 ms max latency.
339 records sent, 67.4 records/sec (6.58 MB/sec), 45.5 ms avg latency, 132.0 ms max latency.
405 records sent, 80.9 records/sec (7.90 MB/sec), 60.8 ms avg latency, 184.0 ms max latency.
458 records sent, 91.3 records/sec (8.91 MB/sec), 39.7 ms avg latency, 147.0 ms max latency.
8333 records sent, 55.270349 records/sec (5.40 MB/sec), 1836.29 ms avg latency, 18628.00 ms max latency, 77 ms 50th, 12026 ms 95th, 13182 ms 99th, 14528 ms 99.9th.
----- /var/lib/kafka-client/results/security-overhead-final-factorial-tls-b5-rf5-isr3-msg102400-tps1000-batch16384-acksall-prod12-compnone-trial3/producer-perf-7.log -----
producer_index=7
producer_count=12
producer_records=8333
producer_throughput=83
1 records sent, 0.1 records/sec (0.01 MB/sec), 18587.0 ms avg latency, 18587.0 ms max latency.
52 records sent, 9.8 records/sec (0.96 MB/sec), 7658.3 ms avg latency, 9035.0 ms max latency.
120 records sent, 23.3 records/sec (2.28 MB/sec), 10420.5 ms avg latency, 11628.0 ms max latency.
155 records sent, 31.0 records/sec (3.03 MB/sec), 12047.8 ms avg latency, 13482.0 ms max latency.
210 records sent, 41.2 records/sec (4.02 MB/sec), 10674.9 ms avg latency, 14019.0 ms max latency.
258 records sent, 51.6 records/sec (5.04 MB/sec), 7364.6 ms avg latency, 9387.0 ms max latency.
292 records sent, 58.3 records/sec (5.70 MB/sec), 6061.1 ms avg latency, 6763.0 ms max latency.
382 records sent, 76.4 records/sec (7.46 MB/sec), 4517.8 ms avg latency, 5799.0 ms max latency.
401 records sent, 78.9 records/sec (7.71 MB/sec), 2718.7 ms avg latency, 4122.0 ms max latency.
396 records sent, 78.3 records/sec (7.65 MB/sec), 726.2 ms avg latency, 1902.0 ms max latency.
348 records sent, 69.3 records/sec (6.77 MB/sec), 111.7 ms avg latency, 384.0 ms max latency.
322 records sent, 64.2 records/sec (6.27 MB/sec), 80.6 ms avg latency, 251.0 ms max latency.
333 records sent, 66.4 records/sec (6.48 MB/sec), 59.5 ms avg latency, 246.0 ms max latency.
349 records sent, 69.1 records/sec (6.75 MB/sec), 66.6 ms avg latency, 196.0 ms max latency.
318 records sent, 63.4 records/sec (6.19 MB/sec), 57.8 ms avg latency, 165.0 ms max latency.
373 records sent, 74.5 records/sec (7.27 MB/sec), 51.2 ms avg latency, 171.0 ms max latency.
352 records sent, 70.0 records/sec (6.84 MB/sec), 55.3 ms avg latency, 180.0 ms max latency.
364 records sent, 72.8 records/sec (7.11 MB/sec), 50.7 ms avg latency, 143.0 ms max latency.
364 records sent, 72.4 records/sec (7.07 MB/sec), 63.1 ms avg latency, 223.0 ms max latency.
371 records sent, 73.9 records/sec (7.21 MB/sec), 1482.4 ms avg latency, 2110.0 ms max latency.
418 records sent, 83.5 records/sec (8.15 MB/sec), 212.3 ms avg latency, 1266.0 ms max latency.
396 records sent, 78.8 records/sec (7.70 MB/sec), 54.7 ms avg latency, 156.0 ms max latency.
362 records sent, 72.2 records/sec (7.05 MB/sec), 52.8 ms avg latency, 202.0 ms max latency.
398 records sent, 79.5 records/sec (7.77 MB/sec), 47.5 ms avg latency, 143.0 ms max latency.
380 records sent, 75.7 records/sec (7.39 MB/sec), 52.0 ms avg latency, 166.0 ms max latency.
423 records sent, 83.5 records/sec (8.16 MB/sec), 59.6 ms avg latency, 227.0 ms max latency.
8333 records sent, 56.178791 records/sec (5.49 MB/sec), 1621.25 ms avg latency, 18587.00 ms max latency, 73 ms 50th, 9480 ms 95th, 12468 ms 99th, 13544 ms 99.9th.
----- /var/lib/kafka-client/results/security-overhead-final-factorial-tls-b5-rf5-isr3-msg102400-tps1000-batch16384-acksall-prod12-compnone-trial3/producer-perf-8.log -----
producer_index=8
producer_count=12
producer_records=8333
producer_throughput=83
1 records sent, 0.1 records/sec (0.01 MB/sec), 5713.0 ms avg latency, 5713.0 ms max latency.
55 records sent, 10.5 records/sec (1.02 MB/sec), 8048.3 ms avg latency, 19091.0 ms max latency.
126 records sent, 24.7 records/sec (2.41 MB/sec), 10722.5 ms avg latency, 11910.0 ms max latency.
144 records sent, 27.9 records/sec (2.72 MB/sec), 12275.9 ms avg latency, 14012.0 ms max latency.
234 records sent, 46.3 records/sec (4.52 MB/sec), 10637.7 ms avg latency, 14626.0 ms max latency.
251 records sent, 50.2 records/sec (4.90 MB/sec), 7035.3 ms avg latency, 8903.0 ms max latency.
298 records sent, 58.5 records/sec (5.71 MB/sec), 5955.2 ms avg latency, 6634.0 ms max latency.
366 records sent, 72.6 records/sec (7.09 MB/sec), 4974.2 ms avg latency, 5929.0 ms max latency.
414 records sent, 82.7 records/sec (8.08 MB/sec), 3371.0 ms avg latency, 4618.0 ms max latency.
452 records sent, 90.4 records/sec (8.82 MB/sec), 1296.9 ms avg latency, 2808.0 ms max latency.
314 records sent, 61.9 records/sec (6.04 MB/sec), 112.1 ms avg latency, 417.0 ms max latency.
299 records sent, 59.5 records/sec (5.81 MB/sec), 82.2 ms avg latency, 322.0 ms max latency.
352 records sent, 70.3 records/sec (6.86 MB/sec), 79.5 ms avg latency, 267.0 ms max latency.
341 records sent, 67.9 records/sec (6.63 MB/sec), 78.2 ms avg latency, 240.0 ms max latency.
315 records sent, 62.6 records/sec (6.11 MB/sec), 61.5 ms avg latency, 174.0 ms max latency.
365 records sent, 72.9 records/sec (7.11 MB/sec), 78.6 ms avg latency, 244.0 ms max latency.
336 records sent, 67.1 records/sec (6.56 MB/sec), 72.2 ms avg latency, 287.0 ms max latency.
353 records sent, 70.4 records/sec (6.88 MB/sec), 54.3 ms avg latency, 214.0 ms max latency.
343 records sent, 67.4 records/sec (6.58 MB/sec), 78.6 ms avg latency, 529.0 ms max latency.
390 records sent, 77.7 records/sec (7.59 MB/sec), 1320.2 ms avg latency, 2114.0 ms max latency.
449 records sent, 89.6 records/sec (8.75 MB/sec), 99.2 ms avg latency, 570.0 ms max latency.
403 records sent, 80.4 records/sec (7.85 MB/sec), 77.0 ms avg latency, 434.0 ms max latency.
374 records sent, 74.0 records/sec (7.23 MB/sec), 63.5 ms avg latency, 242.0 ms max latency.
405 records sent, 80.8 records/sec (7.89 MB/sec), 72.1 ms avg latency, 232.0 ms max latency.
401 records sent, 79.6 records/sec (7.77 MB/sec), 58.7 ms avg latency, 207.0 ms max latency.
418 records sent, 83.5 records/sec (8.15 MB/sec), 79.4 ms avg latency, 325.0 ms max latency.
8333 records sent, 56.623903 records/sec (5.53 MB/sec), 1720.66 ms avg latency, 19091.00 ms max latency, 93 ms 50th, 9635 ms 95th, 12734 ms 99th, 14199 ms 99.9th.
----- /var/lib/kafka-client/results/security-overhead-final-factorial-tls-b5-rf5-isr3-msg102400-tps1000-batch16384-acksall-prod12-compnone-trial3/producer-perf-9.log -----
producer_index=9
producer_count=12
producer_records=8333
producer_throughput=83
1 records sent, 0.1 records/sec (0.00 MB/sec), 4906.0 ms avg latency, 4906.0 ms max latency.
68 records sent, 13.1 records/sec (1.27 MB/sec), 7843.2 ms avg latency, 19556.0 ms max latency.
96 records sent, 18.8 records/sec (1.83 MB/sec), 10555.0 ms avg latency, 12547.0 ms max latency.
168 records sent, 33.5 records/sec (3.27 MB/sec), 13211.8 ms avg latency, 14872.0 ms max latency.
237 records sent, 47.2 records/sec (4.61 MB/sec), 10162.1 ms avg latency, 14656.0 ms max latency.
288 records sent, 57.0 records/sec (5.56 MB/sec), 6413.6 ms avg latency, 7687.0 ms max latency.
324 records sent, 63.9 records/sec (6.24 MB/sec), 5405.0 ms avg latency, 5987.0 ms max latency.
329 records sent, 65.6 records/sec (6.40 MB/sec), 4725.8 ms avg latency, 5337.0 ms max latency.
449 records sent, 88.8 records/sec (8.67 MB/sec), 2977.7 ms avg latency, 4727.0 ms max latency.
441 records sent, 88.1 records/sec (8.60 MB/sec), 1010.0 ms avg latency, 2338.0 ms max latency.
302 records sent, 60.2 records/sec (5.88 MB/sec), 101.0 ms avg latency, 281.0 ms max latency.
230 records sent, 45.5 records/sec (4.45 MB/sec), 63.6 ms avg latency, 174.0 ms max latency.
331 records sent, 65.6 records/sec (6.41 MB/sec), 100.6 ms avg latency, 278.0 ms max latency.
331 records sent, 66.1 records/sec (6.45 MB/sec), 74.6 ms avg latency, 226.0 ms max latency.
377 records sent, 74.8 records/sec (7.31 MB/sec), 74.9 ms avg latency, 276.0 ms max latency.
363 records sent, 72.5 records/sec (7.08 MB/sec), 68.8 ms avg latency, 207.0 ms max latency.
348 records sent, 69.6 records/sec (6.80 MB/sec), 53.4 ms avg latency, 141.0 ms max latency.
400 records sent, 80.0 records/sec (7.81 MB/sec), 68.2 ms avg latency, 244.0 ms max latency.
321 records sent, 64.0 records/sec (6.25 MB/sec), 112.4 ms avg latency, 886.0 ms max latency.
454 records sent, 90.5 records/sec (8.84 MB/sec), 1228.7 ms avg latency, 2187.0 ms max latency.
349 records sent, 69.7 records/sec (6.81 MB/sec), 54.1 ms avg latency, 189.0 ms max latency.
371 records sent, 73.5 records/sec (7.18 MB/sec), 55.2 ms avg latency, 186.0 ms max latency.
368 records sent, 73.5 records/sec (7.18 MB/sec), 46.1 ms avg latency, 178.0 ms max latency.
391 records sent, 77.7 records/sec (7.59 MB/sec), 53.3 ms avg latency, 161.0 ms max latency.
400 records sent, 79.3 records/sec (7.75 MB/sec), 59.0 ms avg latency, 195.0 ms max latency.
403 records sent, 80.1 records/sec (7.82 MB/sec), 51.5 ms avg latency, 252.0 ms max latency.
8333 records sent, 55.864311 records/sec (5.46 MB/sec), 1684.90 ms avg latency, 19556.00 ms max latency, 80 ms 50th, 8911 ms 95th, 13507 ms 99th, 14666 ms 99.9th.
----- /var/lib/kafka-client/results/security-overhead-final-factorial-tls-b5-rf5-isr3-msg102400-tps1000-batch16384-acksall-prod12-compnone-trial3/producer-perf-10.log -----
producer_index=10
producer_count=12
producer_records=8333
producer_throughput=83
1 records sent, 0.1 records/sec (0.01 MB/sec), 5415.0 ms avg latency, 5415.0 ms max latency.
47 records sent, 8.9 records/sec (0.87 MB/sec), 8160.4 ms avg latency, 18838.0 ms max latency.
84 records sent, 16.0 records/sec (1.57 MB/sec), 11053.8 ms avg latency, 12929.0 ms max latency.
114 records sent, 22.5 records/sec (2.20 MB/sec), 14104.1 ms avg latency, 15400.0 ms max latency.
138 records sent, 26.9 records/sec (2.62 MB/sec), 15732.2 ms avg latency, 17455.0 ms max latency.
114 records sent, 22.6 records/sec (2.21 MB/sec), 13916.7 ms avg latency, 15717.0 ms max latency.
125 records sent, 24.6 records/sec (2.40 MB/sec), 13340.1 ms avg latency, 14061.0 ms max latency.
215 records sent, 42.6 records/sec (4.16 MB/sec), 12248.8 ms avg latency, 14299.0 ms max latency.
339 records sent, 67.7 records/sec (6.62 MB/sec), 6225.3 ms avg latency, 9978.0 ms max latency.
380 records sent, 75.8 records/sec (7.41 MB/sec), 4132.2 ms avg latency, 5095.0 ms max latency.
402 records sent, 79.2 records/sec (7.74 MB/sec), 2505.3 ms avg latency, 3599.0 ms max latency.
398 records sent, 79.2 records/sec (7.73 MB/sec), 544.6 ms avg latency, 2031.0 ms max latency.
350 records sent, 69.6 records/sec (6.80 MB/sec), 116.9 ms avg latency, 372.0 ms max latency.
329 records sent, 65.1 records/sec (6.35 MB/sec), 80.3 ms avg latency, 243.0 ms max latency.
293 records sent, 58.4 records/sec (5.70 MB/sec), 66.8 ms avg latency, 199.0 ms max latency.
315 records sent, 62.6 records/sec (6.11 MB/sec), 83.3 ms avg latency, 272.0 ms max latency.
347 records sent, 69.1 records/sec (6.74 MB/sec), 57.5 ms avg latency, 169.0 ms max latency.
395 records sent, 78.8 records/sec (7.70 MB/sec), 73.1 ms avg latency, 250.0 ms max latency.
346 records sent, 69.1 records/sec (6.75 MB/sec), 47.4 ms avg latency, 221.0 ms max latency.
289 records sent, 57.1 records/sec (5.58 MB/sec), 1398.9 ms avg latency, 2264.0 ms max latency.
509 records sent, 101.6 records/sec (9.92 MB/sec), 599.7 ms avg latency, 2171.0 ms max latency.
374 records sent, 74.8 records/sec (7.30 MB/sec), 54.5 ms avg latency, 286.0 ms max latency.
381 records sent, 75.6 records/sec (7.38 MB/sec), 66.7 ms avg latency, 257.0 ms max latency.
398 records sent, 79.4 records/sec (7.75 MB/sec), 82.3 ms avg latency, 328.0 ms max latency.
369 records sent, 73.7 records/sec (7.20 MB/sec), 43.6 ms avg latency, 131.0 ms max latency.
402 records sent, 80.3 records/sec (7.84 MB/sec), 56.4 ms avg latency, 229.0 ms max latency.
445 records sent, 89.0 records/sec (8.69 MB/sec), 45.1 ms avg latency, 127.0 ms max latency.
8333 records sent, 55.112434 records/sec (5.38 MB/sec), 2030.75 ms avg latency, 18838.00 ms max latency, 78 ms 50th, 13439 ms 95th, 15492 ms 99th, 16933 ms 99.9th.
----- /var/lib/kafka-client/results/security-overhead-final-factorial-tls-b5-rf5-isr3-msg102400-tps1000-batch16384-acksall-prod12-compnone-trial3/producer-perf-11.log -----
producer_index=11
producer_count=12
producer_records=8333
producer_throughput=83
1 records sent, 0.1 records/sec (0.01 MB/sec), 18188.0 ms avg latency, 18188.0 ms max latency.
54 records sent, 10.5 records/sec (1.02 MB/sec), 8054.9 ms avg latency, 9675.0 ms max latency.
108 records sent, 21.5 records/sec (2.10 MB/sec), 11116.0 ms avg latency, 13024.0 ms max latency.
138 records sent, 27.5 records/sec (2.68 MB/sec), 12671.4 ms avg latency, 14363.0 ms max latency.
173 records sent, 34.1 records/sec (3.33 MB/sec), 12572.9 ms avg latency, 15600.0 ms max latency.
268 records sent, 53.1 records/sec (5.19 MB/sec), 8433.6 ms avg latency, 10813.0 ms max latency.
306 records sent, 60.0 records/sec (5.86 MB/sec), 5885.0 ms avg latency, 6605.0 ms max latency.
359 records sent, 69.1 records/sec (6.75 MB/sec), 4956.0 ms avg latency, 5732.0 ms max latency.
366 records sent, 72.8 records/sec (7.11 MB/sec), 4016.6 ms avg latency, 4660.0 ms max latency.
443 records sent, 88.3 records/sec (8.63 MB/sec), 2295.2 ms avg latency, 3636.0 ms max latency.
365 records sent, 72.6 records/sec (7.09 MB/sec), 425.6 ms avg latency, 1528.0 ms max latency.
337 records sent, 67.1 records/sec (6.55 MB/sec), 75.0 ms avg latency, 181.0 ms max latency.
324 records sent, 64.6 records/sec (6.31 MB/sec), 69.6 ms avg latency, 200.0 ms max latency.
347 records sent, 69.2 records/sec (6.76 MB/sec), 80.9 ms avg latency, 286.0 ms max latency.
357 records sent, 71.1 records/sec (6.94 MB/sec), 58.7 ms avg latency, 224.0 ms max latency.
318 records sent, 63.4 records/sec (6.19 MB/sec), 63.9 ms avg latency, 205.0 ms max latency.
371 records sent, 74.1 records/sec (7.23 MB/sec), 54.8 ms avg latency, 165.0 ms max latency.
365 records sent, 73.0 records/sec (7.13 MB/sec), 47.0 ms avg latency, 146.0 ms max latency.
353 records sent, 69.9 records/sec (6.82 MB/sec), 64.6 ms avg latency, 287.0 ms max latency.
322 records sent, 64.2 records/sec (6.27 MB/sec), 1578.5 ms avg latency, 2514.0 ms max latency.
422 records sent, 83.6 records/sec (8.17 MB/sec), 180.9 ms avg latency, 1093.0 ms max latency.
355 records sent, 70.9 records/sec (6.93 MB/sec), 54.7 ms avg latency, 173.0 ms max latency.
373 records sent, 74.5 records/sec (7.27 MB/sec), 59.6 ms avg latency, 230.0 ms max latency.
386 records sent, 77.0 records/sec (7.52 MB/sec), 58.4 ms avg latency, 242.0 ms max latency.
410 records sent, 80.9 records/sec (7.91 MB/sec), 58.3 ms avg latency, 175.0 ms max latency.
325 records sent, 64.1 records/sec (6.26 MB/sec), 48.4 ms avg latency, 160.0 ms max latency.
8333 records sent, 55.737266 records/sec (5.44 MB/sec), 1793.23 ms avg latency, 18188.00 ms max latency, 78 ms 50th, 10212 ms 95th, 13402 ms 99th, 14619 ms 99.9th.
----- /var/lib/kafka-client/results/security-overhead-final-factorial-tls-b5-rf5-isr3-msg102400-tps1000-batch16384-acksall-prod12-compnone-trial3/producer-perf-12.log -----
producer_index=12
producer_count=12
producer_records=8333
producer_throughput=83
1 records sent, 0.1 records/sec (0.01 MB/sec), 17222.0 ms avg latency, 17222.0 ms max latency.
43 records sent, 8.2 records/sec (0.80 MB/sec), 7183.7 ms avg latency, 8296.0 ms max latency.
96 records sent, 18.9 records/sec (1.84 MB/sec), 9426.6 ms avg latency, 11355.0 ms max latency.
132 records sent, 26.2 records/sec (2.56 MB/sec), 12522.6 ms avg latency, 13710.0 ms max latency.
132 records sent, 26.0 records/sec (2.54 MB/sec), 14071.8 ms avg latency, 17174.0 ms max latency.
126 records sent, 24.2 records/sec (2.36 MB/sec), 12962.1 ms avg latency, 14396.0 ms max latency.
137 records sent, 26.4 records/sec (2.58 MB/sec), 12961.1 ms avg latency, 13945.0 ms max latency.
316 records sent, 63.0 records/sec (6.15 MB/sec), 9273.3 ms avg latency, 13456.0 ms max latency.
357 records sent, 70.4 records/sec (6.88 MB/sec), 4357.1 ms avg latency, 5829.0 ms max latency.
405 records sent, 80.1 records/sec (7.82 MB/sec), 2701.9 ms avg latency, 3992.0 ms max latency.
406 records sent, 80.2 records/sec (7.83 MB/sec), 826.0 ms avg latency, 2239.0 ms max latency.
326 records sent, 64.8 records/sec (6.33 MB/sec), 113.8 ms avg latency, 359.0 ms max latency.
338 records sent, 67.3 records/sec (6.57 MB/sec), 96.8 ms avg latency, 330.0 ms max latency.
372 records sent, 74.3 records/sec (7.25 MB/sec), 74.9 ms avg latency, 337.0 ms max latency.
362 records sent, 72.1 records/sec (7.04 MB/sec), 61.3 ms avg latency, 202.0 ms max latency.
349 records sent, 69.3 records/sec (6.76 MB/sec), 65.9 ms avg latency, 198.0 ms max latency.
377 records sent, 75.4 records/sec (7.36 MB/sec), 73.9 ms avg latency, 285.0 ms max latency.
364 records sent, 72.8 records/sec (7.11 MB/sec), 51.7 ms avg latency, 146.0 ms max latency.
365 records sent, 72.7 records/sec (7.10 MB/sec), 55.9 ms avg latency, 193.0 ms max latency.
289 records sent, 57.6 records/sec (5.63 MB/sec), 1428.5 ms avg latency, 2256.0 ms max latency.
425 records sent, 84.3 records/sec (8.23 MB/sec), 247.8 ms avg latency, 1627.0 ms max latency.
397 records sent, 78.7 records/sec (7.68 MB/sec), 67.7 ms avg latency, 257.0 ms max latency.
404 records sent, 80.2 records/sec (7.83 MB/sec), 56.2 ms avg latency, 208.0 ms max latency.
359 records sent, 71.3 records/sec (6.96 MB/sec), 57.4 ms avg latency, 184.0 ms max latency.
387 records sent, 77.3 records/sec (7.55 MB/sec), 44.9 ms avg latency, 133.0 ms max latency.
376 records sent, 74.8 records/sec (7.30 MB/sec), 64.1 ms avg latency, 299.0 ms max latency.
440 records sent, 87.9 records/sec (8.58 MB/sec), 55.6 ms avg latency, 262.0 ms max latency.
8333 records sent, 55.355897 records/sec (5.41 MB/sec), 1792.35 ms avg latency, 17222.00 ms max latency, 72 ms 50th, 12611 ms 95th, 13855 ms 99th, 15668 ms 99.9th.
