run_id=security-overhead-final-factorial-tls-b5-rf5-isr3-msg10240-tps1000-batch131072-acksall-prod12-complz4-trial2
producer_count=12
----- /var/lib/kafka-client/results/security-overhead-final-factorial-tls-b5-rf5-isr3-msg10240-tps1000-batch131072-acksall-prod12-complz4-trial2/producer-perf-1.log -----
producer_index=1
producer_count=12
producer_records=8334
producer_throughput=84
1 records sent, 0.1 records/sec (0.00 MB/sec), 18610.0 ms avg latency, 18610.0 ms max latency.
369 records sent, 73.8 records/sec (0.72 MB/sec), 6937.2 ms avg latency, 8261.0 ms max latency.
943 records sent, 181.6 records/sec (1.77 MB/sec), 8769.8 ms avg latency, 10888.0 ms max latency.
1535 records sent, 306.6 records/sec (2.99 MB/sec), 5432.4 ms avg latency, 10496.0 ms max latency.
418 records sent, 83.5 records/sec (0.82 MB/sec), 81.8 ms avg latency, 185.0 ms max latency.
428 records sent, 85.4 records/sec (0.83 MB/sec), 56.7 ms avg latency, 153.0 ms max latency.
424 records sent, 84.3 records/sec (0.82 MB/sec), 36.9 ms avg latency, 117.0 ms max latency.
423 records sent, 84.5 records/sec (0.83 MB/sec), 21.4 ms avg latency, 71.0 ms max latency.
421 records sent, 84.2 records/sec (0.82 MB/sec), 20.6 ms avg latency, 73.0 ms max latency.
420 records sent, 83.9 records/sec (0.82 MB/sec), 21.7 ms avg latency, 88.0 ms max latency.
419 records sent, 83.6 records/sec (0.82 MB/sec), 25.6 ms avg latency, 96.0 ms max latency.
427 records sent, 85.1 records/sec (0.83 MB/sec), 24.1 ms avg latency, 94.0 ms max latency.
421 records sent, 84.1 records/sec (0.82 MB/sec), 21.7 ms avg latency, 88.0 ms max latency.
422 records sent, 84.3 records/sec (0.82 MB/sec), 21.8 ms avg latency, 117.0 ms max latency.
422 records sent, 84.3 records/sec (0.82 MB/sec), 21.2 ms avg latency, 98.0 ms max latency.
419 records sent, 83.8 records/sec (0.82 MB/sec), 19.4 ms avg latency, 90.0 ms max latency.
422 records sent, 84.1 records/sec (0.82 MB/sec), 21.1 ms avg latency, 108.0 ms max latency.
8334 records sent, 83.709157 records/sec (0.82 MB/sec), 2322.22 ms avg latency, 18610.00 ms max latency, 36 ms 50th, 9768 ms 95th, 10447 ms 99th, 10841 ms 99.9th.
----- /var/lib/kafka-client/results/security-overhead-final-factorial-tls-b5-rf5-isr3-msg10240-tps1000-batch131072-acksall-prod12-complz4-trial2/producer-perf-2.log -----
producer_index=2
producer_count=12
producer_records=8334
producer_throughput=84
1 records sent, 0.1 records/sec (0.00 MB/sec), 2550.0 ms avg latency, 2550.0 ms max latency.
298 records sent, 57.7 records/sec (0.56 MB/sec), 6873.1 ms avg latency, 18942.0 ms max latency.
822 records sent, 162.2 records/sec (1.58 MB/sec), 9559.2 ms avg latency, 11639.0 ms max latency.
1673 records sent, 334.3 records/sec (3.26 MB/sec), 6553.4 ms avg latency, 12114.0 ms max latency.
429 records sent, 85.4 records/sec (0.83 MB/sec), 76.1 ms avg latency, 209.0 ms max latency.
423 records sent, 84.3 records/sec (0.82 MB/sec), 43.8 ms avg latency, 167.0 ms max latency.
423 records sent, 84.5 records/sec (0.83 MB/sec), 30.2 ms avg latency, 109.0 ms max latency.
422 records sent, 84.1 records/sec (0.82 MB/sec), 23.6 ms avg latency, 76.0 ms max latency.
423 records sent, 84.6 records/sec (0.83 MB/sec), 20.5 ms avg latency, 57.0 ms max latency.
421 records sent, 84.1 records/sec (0.82 MB/sec), 19.7 ms avg latency, 70.0 ms max latency.
421 records sent, 84.0 records/sec (0.82 MB/sec), 23.2 ms avg latency, 89.0 ms max latency.
420 records sent, 84.0 records/sec (0.82 MB/sec), 23.5 ms avg latency, 97.0 ms max latency.
421 records sent, 84.0 records/sec (0.82 MB/sec), 23.4 ms avg latency, 133.0 ms max latency.
422 records sent, 84.1 records/sec (0.82 MB/sec), 21.6 ms avg latency, 123.0 ms max latency.
420 records sent, 83.8 records/sec (0.82 MB/sec), 20.9 ms avg latency, 107.0 ms max latency.
424 records sent, 84.6 records/sec (0.83 MB/sec), 19.8 ms avg latency, 87.0 ms max latency.
419 records sent, 83.7 records/sec (0.82 MB/sec), 19.3 ms avg latency, 98.0 ms max latency.
8334 records sent, 83.691504 records/sec (0.82 MB/sec), 2523.16 ms avg latency, 18942.00 ms max latency, 32 ms 50th, 10657 ms 95th, 11436 ms 99th, 12059 ms 99.9th.
----- /var/lib/kafka-client/results/security-overhead-final-factorial-tls-b5-rf5-isr3-msg10240-tps1000-batch131072-acksall-prod12-complz4-trial2/producer-perf-3.log -----
producer_index=3
producer_count=12
producer_records=8334
producer_throughput=84
1 records sent, 0.1 records/sec (0.00 MB/sec), 18541.0 ms avg latency, 18541.0 ms max latency.
439 records sent, 81.9 records/sec (0.80 MB/sec), 6649.1 ms avg latency, 8464.0 ms max latency.
1139 records sent, 220.6 records/sec (2.15 MB/sec), 8380.6 ms avg latency, 10404.0 ms max latency.
1300 records sent, 259.7 records/sec (2.54 MB/sec), 4630.3 ms avg latency, 9981.0 ms max latency.
416 records sent, 83.2 records/sec (0.81 MB/sec), 74.5 ms avg latency, 177.0 ms max latency.
428 records sent, 84.3 records/sec (0.82 MB/sec), 57.1 ms avg latency, 153.0 ms max latency.
424 records sent, 84.5 records/sec (0.83 MB/sec), 34.1 ms avg latency, 101.0 ms max latency.
427 records sent, 85.3 records/sec (0.83 MB/sec), 23.8 ms avg latency, 133.0 ms max latency.
421 records sent, 84.0 records/sec (0.82 MB/sec), 22.5 ms avg latency, 67.0 ms max latency.
419 records sent, 83.7 records/sec (0.82 MB/sec), 19.2 ms avg latency, 76.0 ms max latency.
419 records sent, 83.7 records/sec (0.82 MB/sec), 23.3 ms avg latency, 100.0 ms max latency.
426 records sent, 85.0 records/sec (0.83 MB/sec), 24.1 ms avg latency, 119.0 ms max latency.
420 records sent, 83.9 records/sec (0.82 MB/sec), 20.5 ms avg latency, 89.0 ms max latency.
421 records sent, 84.0 records/sec (0.82 MB/sec), 22.7 ms avg latency, 130.0 ms max latency.
421 records sent, 84.0 records/sec (0.82 MB/sec), 20.0 ms avg latency, 104.0 ms max latency.
422 records sent, 84.2 records/sec (0.82 MB/sec), 19.3 ms avg latency, 86.0 ms max latency.
8334 records sent, 83.725136 records/sec (0.82 MB/sec), 2239.41 ms avg latency, 18541.00 ms max latency, 35 ms 50th, 9050 ms 95th, 9980 ms 99th, 10368 ms 99.9th.
----- /var/lib/kafka-client/results/security-overhead-final-factorial-tls-b5-rf5-isr3-msg10240-tps1000-batch131072-acksall-prod12-complz4-trial2/producer-perf-4.log -----
producer_index=4
producer_count=12
producer_records=8334
producer_throughput=84
1 records sent, 0.1 records/sec (0.00 MB/sec), 18507.0 ms avg latency, 18507.0 ms max latency.
451 records sent, 84.8 records/sec (0.83 MB/sec), 6820.4 ms avg latency, 9158.0 ms max latency.
942 records sent, 181.6 records/sec (1.77 MB/sec), 8947.7 ms avg latency, 11090.0 ms max latency.
1471 records sent, 293.0 records/sec (2.86 MB/sec), 6456.8 ms avg latency, 12516.0 ms max latency.
426 records sent, 85.2 records/sec (0.83 MB/sec), 76.1 ms avg latency, 202.0 ms max latency.
428 records sent, 85.2 records/sec (0.83 MB/sec), 45.3 ms avg latency, 118.0 ms max latency.
423 records sent, 84.3 records/sec (0.82 MB/sec), 30.4 ms avg latency, 115.0 ms max latency.
423 records sent, 84.4 records/sec (0.82 MB/sec), 25.2 ms avg latency, 89.0 ms max latency.
421 records sent, 84.0 records/sec (0.82 MB/sec), 20.0 ms avg latency, 71.0 ms max latency.
422 records sent, 84.2 records/sec (0.82 MB/sec), 18.7 ms avg latency, 66.0 ms max latency.
421 records sent, 84.2 records/sec (0.82 MB/sec), 25.8 ms avg latency, 105.0 ms max latency.
420 records sent, 83.9 records/sec (0.82 MB/sec), 22.8 ms avg latency, 117.0 ms max latency.
424 records sent, 84.5 records/sec (0.83 MB/sec), 20.9 ms avg latency, 105.0 ms max latency.
421 records sent, 84.1 records/sec (0.82 MB/sec), 21.3 ms avg latency, 100.0 ms max latency.
420 records sent, 83.9 records/sec (0.82 MB/sec), 21.0 ms avg latency, 95.0 ms max latency.
422 records sent, 84.3 records/sec (0.82 MB/sec), 19.8 ms avg latency, 96.0 ms max latency.
8334 records sent, 83.712521 records/sec (0.82 MB/sec), 2540.93 ms avg latency, 18507.00 ms max latency, 34 ms 50th, 10095 ms 95th, 11565 ms 99th, 12515 ms 99.9th.
----- /var/lib/kafka-client/results/security-overhead-final-factorial-tls-b5-rf5-isr3-msg10240-tps1000-batch131072-acksall-prod12-complz4-trial2/producer-perf-5.log -----
producer_index=5
producer_count=12
producer_records=8333
producer_throughput=83
1 records sent, 0.0 records/sec (0.00 MB/sec), 19998.0 ms avg latency, 19998.0 ms max latency.
504 records sent, 97.6 records/sec (0.95 MB/sec), 6430.1 ms avg latency, 8473.0 ms max latency.
936 records sent, 176.2 records/sec (1.72 MB/sec), 8059.8 ms avg latency, 10203.0 ms max latency.
1358 records sent, 264.4 records/sec (2.58 MB/sec), 7643.1 ms avg latency, 13128.0 ms max latency.
576 records sent, 115.2 records/sec (1.12 MB/sec), 473.9 ms avg latency, 3084.0 ms max latency.
417 records sent, 83.0 records/sec (0.81 MB/sec), 47.0 ms avg latency, 145.0 ms max latency.
416 records sent, 83.2 records/sec (0.81 MB/sec), 29.3 ms avg latency, 88.0 ms max latency.
418 records sent, 83.1 records/sec (0.81 MB/sec), 24.8 ms avg latency, 228.0 ms max latency.
417 records sent, 83.2 records/sec (0.81 MB/sec), 19.2 ms avg latency, 57.0 ms max latency.
416 records sent, 83.0 records/sec (0.81 MB/sec), 22.2 ms avg latency, 71.0 ms max latency.
417 records sent, 83.1 records/sec (0.81 MB/sec), 23.8 ms avg latency, 91.0 ms max latency.
416 records sent, 83.1 records/sec (0.81 MB/sec), 21.6 ms avg latency, 85.0 ms max latency.
414 records sent, 82.8 records/sec (0.81 MB/sec), 20.2 ms avg latency, 97.0 ms max latency.
417 records sent, 83.3 records/sec (0.81 MB/sec), 21.8 ms avg latency, 102.0 ms max latency.
416 records sent, 83.1 records/sec (0.81 MB/sec), 19.5 ms avg latency, 81.0 ms max latency.
416 records sent, 83.0 records/sec (0.81 MB/sec), 18.7 ms avg latency, 90.0 ms max latency.
8333 records sent, 82.931101 records/sec (0.81 MB/sec), 2589.28 ms avg latency, 19998.00 ms max latency, 35 ms 50th, 9765 ms 95th, 12125 ms 99th, 13128 ms 99.9th.
----- /var/lib/kafka-client/results/security-overhead-final-factorial-tls-b5-rf5-isr3-msg10240-tps1000-batch131072-acksall-prod12-complz4-trial2/producer-perf-6.log -----
producer_index=6
producer_count=12
producer_records=8333
producer_throughput=83
1 records sent, 0.1 records/sec (0.00 MB/sec), 18820.0 ms avg latency, 18820.0 ms max latency.
376 records sent, 71.8 records/sec (0.70 MB/sec), 6322.3 ms avg latency, 8246.0 ms max latency.
1017 records sent, 195.8 records/sec (1.91 MB/sec), 7960.1 ms avg latency, 9780.0 ms max latency.
1453 records sent, 287.7 records/sec (2.81 MB/sec), 5038.1 ms avg latency, 10302.0 ms max latency.
428 records sent, 85.5 records/sec (0.84 MB/sec), 77.8 ms avg latency, 176.0 ms max latency.
416 records sent, 82.6 records/sec (0.81 MB/sec), 43.2 ms avg latency, 148.0 ms max latency.
421 records sent, 84.2 records/sec (0.82 MB/sec), 28.7 ms avg latency, 139.0 ms max latency.
418 records sent, 83.5 records/sec (0.82 MB/sec), 25.0 ms avg latency, 227.0 ms max latency.
417 records sent, 83.3 records/sec (0.81 MB/sec), 20.1 ms avg latency, 62.0 ms max latency.
417 records sent, 83.3 records/sec (0.81 MB/sec), 19.5 ms avg latency, 71.0 ms max latency.
412 records sent, 82.3 records/sec (0.80 MB/sec), 24.0 ms avg latency, 107.0 ms max latency.
419 records sent, 83.8 records/sec (0.82 MB/sec), 22.0 ms avg latency, 90.0 ms max latency.
416 records sent, 83.1 records/sec (0.81 MB/sec), 20.4 ms avg latency, 96.0 ms max latency.
416 records sent, 82.9 records/sec (0.81 MB/sec), 21.4 ms avg latency, 105.0 ms max latency.
418 records sent, 83.2 records/sec (0.81 MB/sec), 21.6 ms avg latency, 117.0 ms max latency.
415 records sent, 83.0 records/sec (0.81 MB/sec), 19.2 ms avg latency, 84.0 ms max latency.
416 records sent, 83.2 records/sec (0.81 MB/sec), 20.5 ms avg latency, 125.0 ms max latency.
8333 records sent, 82.833825 records/sec (0.81 MB/sec), 2155.94 ms avg latency, 18820.00 ms max latency, 32 ms 50th, 8817 ms 95th, 9747 ms 99th, 10270 ms 99.9th.
----- /var/lib/kafka-client/results/security-overhead-final-factorial-tls-b5-rf5-isr3-msg10240-tps1000-batch131072-acksall-prod12-complz4-trial2/producer-perf-7.log -----
producer_index=7
producer_count=12
producer_records=8333
producer_throughput=83
1 records sent, 0.1 records/sec (0.00 MB/sec), 19593.0 ms avg latency, 19593.0 ms max latency.
592 records sent, 112.1 records/sec (1.09 MB/sec), 6333.9 ms avg latency, 8515.0 ms max latency.
1495 records sent, 290.1 records/sec (2.83 MB/sec), 7722.7 ms avg latency, 10018.0 ms max latency.
827 records sent, 164.5 records/sec (1.61 MB/sec), 1617.6 ms avg latency, 5822.0 ms max latency.
416 records sent, 83.2 records/sec (0.81 MB/sec), 68.0 ms avg latency, 189.0 ms max latency.
417 records sent, 82.6 records/sec (0.81 MB/sec), 52.3 ms avg latency, 151.0 ms max latency.
421 records sent, 83.9 records/sec (0.82 MB/sec), 31.6 ms avg latency, 88.0 ms max latency.
417 records sent, 83.0 records/sec (0.81 MB/sec), 21.1 ms avg latency, 79.0 ms max latency.
416 records sent, 82.9 records/sec (0.81 MB/sec), 18.9 ms avg latency, 55.0 ms max latency.
417 records sent, 83.2 records/sec (0.81 MB/sec), 22.5 ms avg latency, 102.0 ms max latency.
415 records sent, 82.9 records/sec (0.81 MB/sec), 24.9 ms avg latency, 108.0 ms max latency.
417 records sent, 83.1 records/sec (0.81 MB/sec), 21.5 ms avg latency, 128.0 ms max latency.
417 records sent, 83.2 records/sec (0.81 MB/sec), 22.8 ms avg latency, 93.0 ms max latency.
416 records sent, 83.0 records/sec (0.81 MB/sec), 19.5 ms avg latency, 82.0 ms max latency.
416 records sent, 83.0 records/sec (0.81 MB/sec), 20.0 ms avg latency, 78.0 ms max latency.
416 records sent, 83.0 records/sec (0.81 MB/sec), 18.7 ms avg latency, 98.0 ms max latency.
8333 records sent, 82.984783 records/sec (0.81 MB/sec), 2016.47 ms avg latency, 19593.00 ms max latency, 34 ms 50th, 8469 ms 95th, 9174 ms 99th, 9978 ms 99.9th.
----- /var/lib/kafka-client/results/security-overhead-final-factorial-tls-b5-rf5-isr3-msg10240-tps1000-batch131072-acksall-prod12-complz4-trial2/producer-perf-8.log -----
producer_index=8
producer_count=12
producer_records=8333
producer_throughput=83
1 records sent, 0.1 records/sec (0.00 MB/sec), 4407.0 ms avg latency, 4407.0 ms max latency.
432 records sent, 80.6 records/sec (0.79 MB/sec), 7024.4 ms avg latency, 19705.0 ms max latency.
1028 records sent, 200.9 records/sec (1.96 MB/sec), 8625.6 ms avg latency, 10803.0 ms max latency.
1375 records sent, 273.3 records/sec (2.67 MB/sec), 4776.2 ms avg latency, 10006.0 ms max latency.
425 records sent, 85.0 records/sec (0.83 MB/sec), 74.5 ms avg latency, 207.0 ms max latency.
420 records sent, 82.8 records/sec (0.81 MB/sec), 38.2 ms avg latency, 107.0 ms max latency.
419 records sent, 83.4 records/sec (0.81 MB/sec), 27.9 ms avg latency, 90.0 ms max latency.
419 records sent, 83.5 records/sec (0.82 MB/sec), 27.0 ms avg latency, 206.0 ms max latency.
414 records sent, 82.5 records/sec (0.81 MB/sec), 19.6 ms avg latency, 61.0 ms max latency.
418 records sent, 83.5 records/sec (0.82 MB/sec), 19.4 ms avg latency, 88.0 ms max latency.
417 records sent, 82.5 records/sec (0.81 MB/sec), 24.5 ms avg latency, 122.0 ms max latency.
415 records sent, 82.9 records/sec (0.81 MB/sec), 23.0 ms avg latency, 116.0 ms max latency.
420 records sent, 83.8 records/sec (0.82 MB/sec), 21.5 ms avg latency, 101.0 ms max latency.
416 records sent, 83.0 records/sec (0.81 MB/sec), 24.4 ms avg latency, 232.0 ms max latency.
415 records sent, 83.0 records/sec (0.81 MB/sec), 19.2 ms avg latency, 77.0 ms max latency.
416 records sent, 83.1 records/sec (0.81 MB/sec), 19.1 ms avg latency, 78.0 ms max latency.
409 records sent, 81.5 records/sec (0.80 MB/sec), 20.3 ms avg latency, 111.0 ms max latency.
8333 records sent, 82.907173 records/sec (0.81 MB/sec), 2235.08 ms avg latency, 19705.00 ms max latency, 31 ms 50th, 9280 ms 95th, 9976 ms 99th, 10754 ms 99.9th.
----- /var/lib/kafka-client/results/security-overhead-final-factorial-tls-b5-rf5-isr3-msg10240-tps1000-batch131072-acksall-prod12-complz4-trial2/producer-perf-9.log -----
producer_index=9
producer_count=12
producer_records=8333
producer_throughput=83
1 records sent, 0.1 records/sec (0.00 MB/sec), 19313.0 ms avg latency, 19313.0 ms max latency.
396 records sent, 74.1 records/sec (0.72 MB/sec), 7267.8 ms avg latency, 8939.0 ms max latency.
956 records sent, 179.9 records/sec (1.76 MB/sec), 9008.4 ms avg latency, 10891.0 ms max latency.
1402 records sent, 279.8 records/sec (2.73 MB/sec), 7743.6 ms avg latency, 12356.0 ms max latency.
582 records sent, 115.6 records/sec (1.13 MB/sec), 614.5 ms avg latency, 3433.0 ms max latency.
420 records sent, 83.3 records/sec (0.81 MB/sec), 40.6 ms avg latency, 130.0 ms max latency.
418 records sent, 83.4 records/sec (0.81 MB/sec), 31.1 ms avg latency, 109.0 ms max latency.
419 records sent, 83.5 records/sec (0.82 MB/sec), 28.5 ms avg latency, 234.0 ms max latency.
416 records sent, 82.9 records/sec (0.81 MB/sec), 19.5 ms avg latency, 62.0 ms max latency.
416 records sent, 83.1 records/sec (0.81 MB/sec), 19.0 ms avg latency, 60.0 ms max latency.
416 records sent, 82.9 records/sec (0.81 MB/sec), 25.5 ms avg latency, 90.0 ms max latency.
415 records sent, 83.0 records/sec (0.81 MB/sec), 23.1 ms avg latency, 120.0 ms max latency.
419 records sent, 83.5 records/sec (0.82 MB/sec), 19.8 ms avg latency, 58.0 ms max latency.
415 records sent, 83.0 records/sec (0.81 MB/sec), 21.5 ms avg latency, 135.0 ms max latency.
415 records sent, 83.0 records/sec (0.81 MB/sec), 19.1 ms avg latency, 71.0 ms max latency.
417 records sent, 83.1 records/sec (0.81 MB/sec), 18.9 ms avg latency, 67.0 ms max latency.
8333 records sent, 82.664550 records/sec (0.81 MB/sec), 2741.15 ms avg latency, 19313.00 ms max latency, 33 ms 50th, 10211 ms 95th, 11712 ms 99th, 12355 ms 99.9th.
----- /var/lib/kafka-client/results/security-overhead-final-factorial-tls-b5-rf5-isr3-msg10240-tps1000-batch131072-acksall-prod12-complz4-trial2/producer-perf-10.log -----
producer_index=10
producer_count=12
producer_records=8333
producer_throughput=83
1 records sent, 0.1 records/sec (0.00 MB/sec), 19633.0 ms avg latency, 19633.0 ms max latency.
550 records sent, 102.1 records/sec (1.00 MB/sec), 6334.0 ms avg latency, 8475.0 ms max latency.
1420 records sent, 281.7 records/sec (2.75 MB/sec), 7904.9 ms avg latency, 9349.0 ms max latency.
945 records sent, 186.5 records/sec (1.82 MB/sec), 2248.8 ms avg latency, 7169.0 ms max latency.
423 records sent, 84.4 records/sec (0.82 MB/sec), 52.6 ms avg latency, 158.0 ms max latency.
418 records sent, 83.5 records/sec (0.82 MB/sec), 40.9 ms avg latency, 132.0 ms max latency.
418 records sent, 83.4 records/sec (0.81 MB/sec), 26.1 ms avg latency, 115.0 ms max latency.
417 records sent, 83.1 records/sec (0.81 MB/sec), 21.6 ms avg latency, 90.0 ms max latency.
418 records sent, 83.5 records/sec (0.82 MB/sec), 19.5 ms avg latency, 62.0 ms max latency.
415 records sent, 81.8 records/sec (0.80 MB/sec), 21.8 ms avg latency, 91.0 ms max latency.
422 records sent, 84.0 records/sec (0.82 MB/sec), 24.1 ms avg latency, 99.0 ms max latency.
416 records sent, 83.2 records/sec (0.81 MB/sec), 20.5 ms avg latency, 85.0 ms max latency.
416 records sent, 83.1 records/sec (0.81 MB/sec), 22.0 ms avg latency, 115.0 ms max latency.
417 records sent, 83.1 records/sec (0.81 MB/sec), 21.7 ms avg latency, 104.0 ms max latency.
416 records sent, 83.1 records/sec (0.81 MB/sec), 18.6 ms avg latency, 69.0 ms max latency.
416 records sent, 83.1 records/sec (0.81 MB/sec), 19.5 ms avg latency, 133.0 ms max latency.
8333 records sent, 82.962476 records/sec (0.81 MB/sec), 2038.87 ms avg latency, 19633.00 ms max latency, 30 ms 50th, 8514 ms 95th, 8917 ms 99th, 9277 ms 99.9th.
----- /var/lib/kafka-client/results/security-overhead-final-factorial-tls-b5-rf5-isr3-msg10240-tps1000-batch131072-acksall-prod12-complz4-trial2/producer-perf-11.log -----
producer_index=11
producer_count=12
producer_records=8333
producer_throughput=83
1 records sent, 0.1 records/sec (0.00 MB/sec), 18422.0 ms avg latency, 18422.0 ms max latency.
336 records sent, 66.4 records/sec (0.65 MB/sec), 6854.7 ms avg latency, 8745.0 ms max latency.
885 records sent, 169.4 records/sec (1.65 MB/sec), 8931.1 ms avg latency, 11704.0 ms max latency.
1321 records sent, 260.0 records/sec (2.54 MB/sec), 8191.2 ms avg latency, 12355.0 ms max latency.
692 records sent, 137.9 records/sec (1.35 MB/sec), 1031.3 ms avg latency, 4073.0 ms max latency.
419 records sent, 83.6 records/sec (0.82 MB/sec), 45.5 ms avg latency, 132.0 ms max latency.
422 records sent, 84.0 records/sec (0.82 MB/sec), 30.2 ms avg latency, 122.0 ms max latency.
419 records sent, 83.6 records/sec (0.82 MB/sec), 30.1 ms avg latency, 138.0 ms max latency.
416 records sent, 83.1 records/sec (0.81 MB/sec), 21.7 ms avg latency, 62.0 ms max latency.
416 records sent, 83.2 records/sec (0.81 MB/sec), 18.9 ms avg latency, 64.0 ms max latency.
419 records sent, 82.4 records/sec (0.81 MB/sec), 25.5 ms avg latency, 103.0 ms max latency.
422 records sent, 84.2 records/sec (0.82 MB/sec), 24.9 ms avg latency, 117.0 ms max latency.
418 records sent, 83.2 records/sec (0.81 MB/sec), 19.5 ms avg latency, 52.0 ms max latency.
417 records sent, 83.3 records/sec (0.81 MB/sec), 22.5 ms avg latency, 130.0 ms max latency.
413 records sent, 82.2 records/sec (0.80 MB/sec), 20.8 ms avg latency, 79.0 ms max latency.
420 records sent, 83.8 records/sec (0.82 MB/sec), 18.4 ms avg latency, 72.0 ms max latency.
416 records sent, 83.1 records/sec (0.81 MB/sec), 19.7 ms avg latency, 89.0 ms max latency.
8333 records sent, 82.790208 records/sec (0.81 MB/sec), 2626.44 ms avg latency, 18422.00 ms max latency, 34 ms 50th, 10280 ms 95th, 11670 ms 99th, 12345 ms 99.9th.
----- /var/lib/kafka-client/results/security-overhead-final-factorial-tls-b5-rf5-isr3-msg10240-tps1000-batch131072-acksall-prod12-complz4-trial2/producer-perf-12.log -----
producer_index=12
producer_count=12
producer_records=8333
producer_throughput=83
1 records sent, 0.1 records/sec (0.00 MB/sec), 3317.0 ms avg latency, 3317.0 ms max latency.
362 records sent, 69.6 records/sec (0.68 MB/sec), 6109.9 ms avg latency, 19303.0 ms max latency.
944 records sent, 179.1 records/sec (1.75 MB/sec), 7728.8 ms avg latency, 9698.0 ms max latency.
1383 records sent, 271.4 records/sec (2.65 MB/sec), 7011.5 ms avg latency, 12506.0 ms max latency.
538 records sent, 107.2 records/sec (1.05 MB/sec), 324.9 ms avg latency, 1900.0 ms max latency.
421 records sent, 83.1 records/sec (0.81 MB/sec), 62.0 ms avg latency, 211.0 ms max latency.
420 records sent, 83.9 records/sec (0.82 MB/sec), 41.8 ms avg latency, 127.0 ms max latency.
418 records sent, 83.6 records/sec (0.82 MB/sec), 28.3 ms avg latency, 105.0 ms max latency.
417 records sent, 83.3 records/sec (0.81 MB/sec), 20.1 ms avg latency, 52.0 ms max latency.
415 records sent, 82.8 records/sec (0.81 MB/sec), 18.2 ms avg latency, 57.0 ms max latency.
421 records sent, 83.2 records/sec (0.81 MB/sec), 25.5 ms avg latency, 95.0 ms max latency.
421 records sent, 84.1 records/sec (0.82 MB/sec), 24.5 ms avg latency, 120.0 ms max latency.
416 records sent, 82.9 records/sec (0.81 MB/sec), 20.0 ms avg latency, 67.0 ms max latency.
419 records sent, 83.5 records/sec (0.82 MB/sec), 22.3 ms avg latency, 203.0 ms max latency.
410 records sent, 81.9 records/sec (0.80 MB/sec), 19.8 ms avg latency, 101.0 ms max latency.
421 records sent, 84.1 records/sec (0.82 MB/sec), 18.5 ms avg latency, 81.0 ms max latency.
415 records sent, 83.0 records/sec (0.81 MB/sec), 18.9 ms avg latency, 85.0 ms max latency.
8333 records sent, 82.813245 records/sec (0.81 MB/sec), 2342.36 ms avg latency, 19303.00 ms max latency, 37 ms 50th, 8985 ms 95th, 10969 ms 99th, 12470 ms 99.9th.
