run_id=security-overhead-final-factorial-plaintext-b3-rf3-isr3-msg102400-tps10000-batch16384-acksall-prod12-compnone-trial2
producer_count=12
----- /var/lib/kafka-client/results/security-overhead-final-factorial-plaintext-b3-rf3-isr3-msg102400-tps10000-batch16384-acksall-prod12-compnone-trial2/producer-perf-1.log -----
producer_index=1
producer_count=12
producer_records=8334
producer_throughput=834
1 records sent, 0.1 records/sec (0.01 MB/sec), 812.0 ms avg latency, 812.0 ms max latency.
336 records sent, 67.0 records/sec (6.54 MB/sec), 807.0 ms avg latency, 7184.0 ms max latency.
327 records sent, 65.0 records/sec (6.35 MB/sec), 110.8 ms avg latency, 309.0 ms max latency.
371 records sent, 74.1 records/sec (7.23 MB/sec), 58.4 ms avg latency, 152.0 ms max latency.
397 records sent, 79.0 records/sec (7.72 MB/sec), 43.1 ms avg latency, 128.0 ms max latency.
497 records sent, 99.0 records/sec (9.67 MB/sec), 30.6 ms avg latency, 189.0 ms max latency.
479 records sent, 95.6 records/sec (9.33 MB/sec), 24.3 ms avg latency, 83.0 ms max latency.
447 records sent, 89.0 records/sec (8.70 MB/sec), 25.6 ms avg latency, 82.0 ms max latency.
454 records sent, 90.6 records/sec (8.85 MB/sec), 28.9 ms avg latency, 116.0 ms max latency.
452 records sent, 89.5 records/sec (8.74 MB/sec), 25.6 ms avg latency, 89.0 ms max latency.
442 records sent, 88.0 records/sec (8.59 MB/sec), 24.5 ms avg latency, 91.0 ms max latency.
437 records sent, 86.8 records/sec (8.48 MB/sec), 23.9 ms avg latency, 94.0 ms max latency.
435 records sent, 87.0 records/sec (8.49 MB/sec), 25.4 ms avg latency, 98.0 ms max latency.
330 records sent, 65.8 records/sec (6.42 MB/sec), 687.9 ms avg latency, 2174.0 ms max latency.
574 records sent, 114.7 records/sec (11.20 MB/sec), 328.7 ms avg latency, 2060.0 ms max latency.
470 records sent, 94.0 records/sec (9.18 MB/sec), 24.3 ms avg latency, 99.0 ms max latency.
451 records sent, 89.9 records/sec (8.78 MB/sec), 24.3 ms avg latency, 92.0 ms max latency.
440 records sent, 87.9 records/sec (8.58 MB/sec), 26.8 ms avg latency, 154.0 ms max latency.
474 records sent, 94.6 records/sec (9.24 MB/sec), 25.0 ms avg latency, 193.0 ms max latency.
461 records sent, 91.9 records/sec (8.98 MB/sec), 24.6 ms avg latency, 129.0 ms max latency.
8334 records sent, 80.390474 records/sec (7.85 MB/sec), 109.97 ms avg latency, 7184.00 ms max latency, 25 ms 50th, 819 ms 95th, 1653 ms 99th, 2064 ms 99.9th.
----- /var/lib/kafka-client/results/security-overhead-final-factorial-plaintext-b3-rf3-isr3-msg102400-tps10000-batch16384-acksall-prod12-compnone-trial2/producer-perf-2.log -----
producer_index=2
producer_count=12
producer_records=8334
producer_throughput=834
1 records sent, 0.1 records/sec (0.01 MB/sec), 632.0 ms avg latency, 632.0 ms max latency.
337 records sent, 66.5 records/sec (6.49 MB/sec), 659.7 ms avg latency, 6892.0 ms max latency.
336 records sent, 66.8 records/sec (6.52 MB/sec), 118.4 ms avg latency, 349.0 ms max latency.
359 records sent, 71.8 records/sec (7.01 MB/sec), 53.3 ms avg latency, 130.0 ms max latency.
377 records sent, 75.2 records/sec (7.35 MB/sec), 37.5 ms avg latency, 128.0 ms max latency.
504 records sent, 100.6 records/sec (9.83 MB/sec), 29.4 ms avg latency, 230.0 ms max latency.
442 records sent, 87.7 records/sec (8.56 MB/sec), 27.1 ms avg latency, 95.0 ms max latency.
448 records sent, 88.8 records/sec (8.67 MB/sec), 25.4 ms avg latency, 111.0 ms max latency.
433 records sent, 86.4 records/sec (8.44 MB/sec), 26.1 ms avg latency, 167.0 ms max latency.
454 records sent, 90.0 records/sec (8.79 MB/sec), 22.9 ms avg latency, 97.0 ms max latency.
436 records sent, 86.8 records/sec (8.47 MB/sec), 23.9 ms avg latency, 86.0 ms max latency.
415 records sent, 83.0 records/sec (8.10 MB/sec), 24.6 ms avg latency, 116.0 ms max latency.
440 records sent, 87.4 records/sec (8.53 MB/sec), 24.3 ms avg latency, 71.0 ms max latency.
346 records sent, 67.4 records/sec (6.58 MB/sec), 261.7 ms avg latency, 1593.0 ms max latency.
604 records sent, 120.7 records/sec (11.79 MB/sec), 583.2 ms avg latency, 2059.0 ms max latency.
428 records sent, 85.6 records/sec (8.36 MB/sec), 24.2 ms avg latency, 151.0 ms max latency.
442 records sent, 88.2 records/sec (8.62 MB/sec), 25.3 ms avg latency, 97.0 ms max latency.
427 records sent, 85.3 records/sec (8.33 MB/sec), 29.7 ms avg latency, 181.0 ms max latency.
475 records sent, 94.8 records/sec (9.26 MB/sec), 31.1 ms avg latency, 194.0 ms max latency.
454 records sent, 90.5 records/sec (8.84 MB/sec), 23.7 ms avg latency, 103.0 ms max latency.
8334 records sent, 79.716106 records/sec (7.78 MB/sec), 107.23 ms avg latency, 6892.00 ms max latency, 25 ms 50th, 773 ms 95th, 1535 ms 99th, 1966 ms 99.9th.
----- /var/lib/kafka-client/results/security-overhead-final-factorial-plaintext-b3-rf3-isr3-msg102400-tps10000-batch16384-acksall-prod12-compnone-trial2/producer-perf-3.log -----
producer_index=3
producer_count=12
producer_records=8334
producer_throughput=834
1 records sent, 0.1 records/sec (0.01 MB/sec), 868.0 ms avg latency, 868.0 ms max latency.
355 records sent, 70.5 records/sec (6.88 MB/sec), 671.3 ms avg latency, 7156.0 ms max latency.
316 records sent, 63.2 records/sec (6.17 MB/sec), 113.5 ms avg latency, 284.0 ms max latency.
364 records sent, 72.4 records/sec (7.07 MB/sec), 51.6 ms avg latency, 154.0 ms max latency.
362 records sent, 72.3 records/sec (7.06 MB/sec), 35.7 ms avg latency, 117.0 ms max latency.
460 records sent, 91.8 records/sec (8.96 MB/sec), 30.9 ms avg latency, 212.0 ms max latency.
477 records sent, 94.9 records/sec (9.27 MB/sec), 26.1 ms avg latency, 91.0 ms max latency.
468 records sent, 93.5 records/sec (9.14 MB/sec), 25.4 ms avg latency, 89.0 ms max latency.
457 records sent, 91.0 records/sec (8.88 MB/sec), 28.2 ms avg latency, 130.0 ms max latency.
450 records sent, 89.8 records/sec (8.77 MB/sec), 24.9 ms avg latency, 93.0 ms max latency.
454 records sent, 90.6 records/sec (8.85 MB/sec), 27.7 ms avg latency, 117.0 ms max latency.
430 records sent, 85.8 records/sec (8.38 MB/sec), 24.1 ms avg latency, 77.0 ms max latency.
451 records sent, 90.0 records/sec (8.79 MB/sec), 25.7 ms avg latency, 76.0 ms max latency.
283 records sent, 56.6 records/sec (5.52 MB/sec), 417.7 ms avg latency, 2299.0 ms max latency.
593 records sent, 117.8 records/sec (11.51 MB/sec), 533.7 ms avg latency, 2334.0 ms max latency.
457 records sent, 91.3 records/sec (8.92 MB/sec), 24.6 ms avg latency, 160.0 ms max latency.
455 records sent, 90.8 records/sec (8.87 MB/sec), 25.8 ms avg latency, 86.0 ms max latency.
472 records sent, 93.5 records/sec (9.13 MB/sec), 28.5 ms avg latency, 162.0 ms max latency.
450 records sent, 89.9 records/sec (8.78 MB/sec), 24.8 ms avg latency, 120.0 ms max latency.
438 records sent, 87.2 records/sec (8.52 MB/sec), 24.3 ms avg latency, 141.0 ms max latency.
8334 records sent, 80.051485 records/sec (7.82 MB/sec), 107.94 ms avg latency, 7156.00 ms max latency, 24 ms 50th, 813 ms 95th, 1553 ms 99th, 2087 ms 99.9th.
----- /var/lib/kafka-client/results/security-overhead-final-factorial-plaintext-b3-rf3-isr3-msg102400-tps10000-batch16384-acksall-prod12-compnone-trial2/producer-perf-4.log -----
producer_index=4
producer_count=12
producer_records=8334
producer_throughput=834
1 records sent, 0.1 records/sec (0.01 MB/sec), 7389.0 ms avg latency, 7389.0 ms max latency.
336 records sent, 67.1 records/sec (6.55 MB/sec), 700.9 ms avg latency, 1362.0 ms max latency.
329 records sent, 65.5 records/sec (6.40 MB/sec), 111.5 ms avg latency, 267.0 ms max latency.
370 records sent, 73.7 records/sec (7.20 MB/sec), 49.3 ms avg latency, 162.0 ms max latency.
405 records sent, 80.9 records/sec (7.90 MB/sec), 38.6 ms avg latency, 129.0 ms max latency.
474 records sent, 94.7 records/sec (9.24 MB/sec), 33.5 ms avg latency, 261.0 ms max latency.
481 records sent, 96.2 records/sec (9.39 MB/sec), 24.2 ms avg latency, 85.0 ms max latency.
470 records sent, 93.5 records/sec (9.13 MB/sec), 25.8 ms avg latency, 118.0 ms max latency.
449 records sent, 89.8 records/sec (8.77 MB/sec), 25.1 ms avg latency, 105.0 ms max latency.
441 records sent, 88.1 records/sec (8.60 MB/sec), 28.1 ms avg latency, 101.0 ms max latency.
449 records sent, 89.0 records/sec (8.69 MB/sec), 23.8 ms avg latency, 94.0 ms max latency.
467 records sent, 92.9 records/sec (9.07 MB/sec), 25.4 ms avg latency, 96.0 ms max latency.
453 records sent, 90.6 records/sec (8.85 MB/sec), 24.4 ms avg latency, 84.0 ms max latency.
291 records sent, 57.8 records/sec (5.64 MB/sec), 514.9 ms avg latency, 2239.0 ms max latency.
580 records sent, 115.9 records/sec (11.32 MB/sec), 571.0 ms avg latency, 2442.0 ms max latency.
440 records sent, 88.0 records/sec (8.59 MB/sec), 23.8 ms avg latency, 75.0 ms max latency.
454 records sent, 90.8 records/sec (8.86 MB/sec), 24.7 ms avg latency, 103.0 ms max latency.
485 records sent, 97.0 records/sec (9.47 MB/sec), 30.5 ms avg latency, 203.0 ms max latency.
441 records sent, 88.0 records/sec (8.59 MB/sec), 25.6 ms avg latency, 152.0 ms max latency.
465 records sent, 92.8 records/sec (9.06 MB/sec), 23.6 ms avg latency, 103.0 ms max latency.
8334 records sent, 80.345522 records/sec (7.85 MB/sec), 114.14 ms avg latency, 7389.00 ms max latency, 24 ms 50th, 786 ms 95th, 1775 ms 99th, 2350 ms 99.9th.
----- /var/lib/kafka-client/results/security-overhead-final-factorial-plaintext-b3-rf3-isr3-msg102400-tps10000-batch16384-acksall-prod12-compnone-trial2/producer-perf-5.log -----
producer_index=5
producer_count=12
producer_records=8333
producer_throughput=833
1 records sent, 0.1 records/sec (0.01 MB/sec), 7011.0 ms avg latency, 7011.0 ms max latency.
344 records sent, 68.3 records/sec (6.67 MB/sec), 554.5 ms avg latency, 1272.0 ms max latency.
328 records sent, 65.5 records/sec (6.40 MB/sec), 99.0 ms avg latency, 219.0 ms max latency.
379 records sent, 75.5 records/sec (7.38 MB/sec), 56.1 ms avg latency, 157.0 ms max latency.
396 records sent, 79.0 records/sec (7.71 MB/sec), 31.2 ms avg latency, 108.0 ms max latency.
471 records sent, 93.8 records/sec (9.16 MB/sec), 30.2 ms avg latency, 189.0 ms max latency.
480 records sent, 96.0 records/sec (9.37 MB/sec), 25.8 ms avg latency, 127.0 ms max latency.
471 records sent, 93.5 records/sec (9.13 MB/sec), 25.8 ms avg latency, 106.0 ms max latency.
453 records sent, 90.5 records/sec (8.84 MB/sec), 26.0 ms avg latency, 96.0 ms max latency.
447 records sent, 89.4 records/sec (8.73 MB/sec), 24.6 ms avg latency, 91.0 ms max latency.
440 records sent, 87.7 records/sec (8.57 MB/sec), 25.3 ms avg latency, 73.0 ms max latency.
467 records sent, 92.8 records/sec (9.06 MB/sec), 24.9 ms avg latency, 75.0 ms max latency.
457 records sent, 91.3 records/sec (8.92 MB/sec), 24.4 ms avg latency, 83.0 ms max latency.
291 records sent, 57.7 records/sec (5.64 MB/sec), 539.8 ms avg latency, 2158.0 ms max latency.
620 records sent, 122.6 records/sec (11.97 MB/sec), 464.5 ms avg latency, 2021.0 ms max latency.
432 records sent, 86.0 records/sec (8.39 MB/sec), 24.4 ms avg latency, 196.0 ms max latency.
438 records sent, 87.5 records/sec (8.55 MB/sec), 24.0 ms avg latency, 90.0 ms max latency.
459 records sent, 91.7 records/sec (8.96 MB/sec), 31.0 ms avg latency, 183.0 ms max latency.
437 records sent, 86.8 records/sec (8.48 MB/sec), 26.4 ms avg latency, 171.0 ms max latency.
435 records sent, 86.7 records/sec (8.46 MB/sec), 24.0 ms avg latency, 111.0 ms max latency.
8333 records sent, 80.350600 records/sec (7.85 MB/sec), 103.61 ms avg latency, 7011.00 ms max latency, 24 ms 50th, 711 ms 95th, 1562 ms 99th, 2017 ms 99.9th.
----- /var/lib/kafka-client/results/security-overhead-final-factorial-plaintext-b3-rf3-isr3-msg102400-tps10000-batch16384-acksall-prod12-compnone-trial2/producer-perf-6.log -----
producer_index=6
producer_count=12
producer_records=8333
producer_throughput=833
1 records sent, 0.1 records/sec (0.01 MB/sec), 545.0 ms avg latency, 545.0 ms max latency.
359 records sent, 71.3 records/sec (6.96 MB/sec), 575.0 ms avg latency, 6953.0 ms max latency.
326 records sent, 64.9 records/sec (6.34 MB/sec), 105.3 ms avg latency, 279.0 ms max latency.
383 records sent, 76.2 records/sec (7.44 MB/sec), 63.5 ms avg latency, 137.0 ms max latency.
382 records sent, 76.1 records/sec (7.43 MB/sec), 41.5 ms avg latency, 132.0 ms max latency.
507 records sent, 101.2 records/sec (9.89 MB/sec), 31.4 ms avg latency, 182.0 ms max latency.
463 records sent, 92.6 records/sec (9.04 MB/sec), 23.3 ms avg latency, 88.0 ms max latency.
478 records sent, 95.0 records/sec (9.28 MB/sec), 28.3 ms avg latency, 107.0 ms max latency.
434 records sent, 86.2 records/sec (8.42 MB/sec), 23.6 ms avg latency, 88.0 ms max latency.
440 records sent, 87.9 records/sec (8.59 MB/sec), 25.1 ms avg latency, 125.0 ms max latency.
437 records sent, 87.4 records/sec (8.53 MB/sec), 23.1 ms avg latency, 82.0 ms max latency.
441 records sent, 87.8 records/sec (8.57 MB/sec), 25.4 ms avg latency, 84.0 ms max latency.
440 records sent, 87.8 records/sec (8.57 MB/sec), 23.8 ms avg latency, 67.0 ms max latency.
316 records sent, 62.0 records/sec (6.06 MB/sec), 336.1 ms avg latency, 1825.0 ms max latency.
621 records sent, 123.2 records/sec (12.03 MB/sec), 513.0 ms avg latency, 1991.0 ms max latency.
447 records sent, 89.0 records/sec (8.70 MB/sec), 25.0 ms avg latency, 167.0 ms max latency.
462 records sent, 92.0 records/sec (8.98 MB/sec), 24.4 ms avg latency, 99.0 ms max latency.
465 records sent, 93.0 records/sec (9.08 MB/sec), 30.2 ms avg latency, 197.0 ms max latency.
461 records sent, 91.9 records/sec (8.97 MB/sec), 27.3 ms avg latency, 200.0 ms max latency.
458 records sent, 91.1 records/sec (8.90 MB/sec), 24.4 ms avg latency, 89.0 ms max latency.
8333 records sent, 80.690610 records/sec (7.88 MB/sec), 103.22 ms avg latency, 6953.00 ms max latency, 25 ms 50th, 672 ms 95th, 1521 ms 99th, 1852 ms 99.9th.
----- /var/lib/kafka-client/results/security-overhead-final-factorial-plaintext-b3-rf3-isr3-msg102400-tps10000-batch16384-acksall-prod12-compnone-trial2/producer-perf-7.log -----
producer_index=7
producer_count=12
producer_records=8333
producer_throughput=833
1 records sent, 0.1 records/sec (0.01 MB/sec), 7315.0 ms avg latency, 7315.0 ms max latency.
344 records sent, 68.0 records/sec (6.64 MB/sec), 477.7 ms avg latency, 1088.0 ms max latency.
323 records sent, 64.3 records/sec (6.28 MB/sec), 107.2 ms avg latency, 265.0 ms max latency.
363 records sent, 72.4 records/sec (7.07 MB/sec), 59.8 ms avg latency, 167.0 ms max latency.
351 records sent, 70.1 records/sec (6.84 MB/sec), 34.7 ms avg latency, 114.0 ms max latency.
519 records sent, 103.5 records/sec (10.10 MB/sec), 34.5 ms avg latency, 194.0 ms max latency.
471 records sent, 93.8 records/sec (9.16 MB/sec), 24.6 ms avg latency, 92.0 ms max latency.
474 records sent, 94.7 records/sec (9.25 MB/sec), 28.8 ms avg latency, 127.0 ms max latency.
439 records sent, 87.4 records/sec (8.53 MB/sec), 25.4 ms avg latency, 148.0 ms max latency.
438 records sent, 87.4 records/sec (8.54 MB/sec), 23.5 ms avg latency, 108.0 ms max latency.
446 records sent, 89.1 records/sec (8.70 MB/sec), 25.3 ms avg latency, 86.0 ms max latency.
439 records sent, 87.7 records/sec (8.56 MB/sec), 22.9 ms avg latency, 76.0 ms max latency.
459 records sent, 91.7 records/sec (8.96 MB/sec), 24.7 ms avg latency, 86.0 ms max latency.
289 records sent, 57.4 records/sec (5.60 MB/sec), 514.7 ms avg latency, 2137.0 ms max latency.
574 records sent, 114.7 records/sec (11.20 MB/sec), 617.1 ms avg latency, 2264.0 ms max latency.
415 records sent, 82.9 records/sec (8.10 MB/sec), 24.8 ms avg latency, 102.0 ms max latency.
437 records sent, 87.3 records/sec (8.52 MB/sec), 25.0 ms avg latency, 95.0 ms max latency.
416 records sent, 83.1 records/sec (8.11 MB/sec), 30.6 ms avg latency, 203.0 ms max latency.
431 records sent, 86.0 records/sec (8.40 MB/sec), 26.5 ms avg latency, 187.0 ms max latency.
459 records sent, 91.7 records/sec (8.95 MB/sec), 23.7 ms avg latency, 113.0 ms max latency.
8333 records sent, 79.838656 records/sec (7.80 MB/sec), 108.03 ms avg latency, 7315.00 ms max latency, 25 ms 50th, 701 ms 95th, 1675 ms 99th, 2071 ms 99.9th.
----- /var/lib/kafka-client/results/security-overhead-final-factorial-plaintext-b3-rf3-isr3-msg102400-tps10000-batch16384-acksall-prod12-compnone-trial2/producer-perf-8.log -----
producer_index=8
producer_count=12
producer_records=8333
producer_throughput=833
1 records sent, 0.1 records/sec (0.01 MB/sec), 574.0 ms avg latency, 574.0 ms max latency.
358 records sent, 71.4 records/sec (6.97 MB/sec), 729.8 ms avg latency, 7022.0 ms max latency.
337 records sent, 67.4 records/sec (6.58 MB/sec), 119.0 ms avg latency, 376.0 ms max latency.
366 records sent, 72.8 records/sec (7.11 MB/sec), 58.5 ms avg latency, 142.0 ms max latency.
384 records sent, 76.6 records/sec (7.48 MB/sec), 36.7 ms avg latency, 122.0 ms max latency.
473 records sent, 94.1 records/sec (9.19 MB/sec), 33.0 ms avg latency, 233.0 ms max latency.
462 records sent, 92.4 records/sec (9.02 MB/sec), 24.3 ms avg latency, 88.0 ms max latency.
450 records sent, 89.6 records/sec (8.75 MB/sec), 24.8 ms avg latency, 82.0 ms max latency.
459 records sent, 91.3 records/sec (8.92 MB/sec), 25.3 ms avg latency, 131.0 ms max latency.
442 records sent, 88.4 records/sec (8.63 MB/sec), 25.3 ms avg latency, 119.0 ms max latency.
444 records sent, 88.7 records/sec (8.66 MB/sec), 23.7 ms avg latency, 91.0 ms max latency.
441 records sent, 88.1 records/sec (8.60 MB/sec), 25.6 ms avg latency, 86.0 ms max latency.
465 records sent, 92.8 records/sec (9.06 MB/sec), 25.1 ms avg latency, 93.0 ms max latency.
312 records sent, 61.9 records/sec (6.04 MB/sec), 501.1 ms avg latency, 2099.0 ms max latency.
579 records sent, 115.4 records/sec (11.27 MB/sec), 674.7 ms avg latency, 2369.0 ms max latency.
438 records sent, 87.6 records/sec (8.55 MB/sec), 24.4 ms avg latency, 89.0 ms max latency.
436 records sent, 87.1 records/sec (8.51 MB/sec), 23.1 ms avg latency, 98.0 ms max latency.
449 records sent, 89.8 records/sec (8.77 MB/sec), 30.4 ms avg latency, 205.0 ms max latency.
474 records sent, 94.3 records/sec (9.21 MB/sec), 25.6 ms avg latency, 175.0 ms max latency.
455 records sent, 90.7 records/sec (8.86 MB/sec), 25.1 ms avg latency, 120.0 ms max latency.
8333 records sent, 80.351375 records/sec (7.85 MB/sec), 124.65 ms avg latency, 7022.00 ms max latency, 24 ms 50th, 871 ms 95th, 1881 ms 99th, 2273 ms 99.9th.
----- /var/lib/kafka-client/results/security-overhead-final-factorial-plaintext-b3-rf3-isr3-msg102400-tps10000-batch16384-acksall-prod12-compnone-trial2/producer-perf-9.log -----
producer_index=9
producer_count=12
producer_records=8333
producer_throughput=833
1 records sent, 0.1 records/sec (0.01 MB/sec), 844.0 ms avg latency, 844.0 ms max latency.
352 records sent, 70.3 records/sec (6.87 MB/sec), 619.1 ms avg latency, 7023.0 ms max latency.
334 records sent, 66.4 records/sec (6.49 MB/sec), 105.3 ms avg latency, 281.0 ms max latency.
374 records sent, 74.8 records/sec (7.30 MB/sec), 65.6 ms avg latency, 179.0 ms max latency.
398 records sent, 79.6 records/sec (7.77 MB/sec), 41.1 ms avg latency, 119.0 ms max latency.
475 records sent, 94.8 records/sec (9.26 MB/sec), 31.0 ms avg latency, 265.0 ms max latency.
468 records sent, 93.3 records/sec (9.12 MB/sec), 25.9 ms avg latency, 100.0 ms max latency.
474 records sent, 94.6 records/sec (9.23 MB/sec), 26.9 ms avg latency, 98.0 ms max latency.
449 records sent, 89.2 records/sec (8.71 MB/sec), 25.6 ms avg latency, 90.0 ms max latency.
459 records sent, 91.8 records/sec (8.96 MB/sec), 24.1 ms avg latency, 142.0 ms max latency.
442 records sent, 87.5 records/sec (8.55 MB/sec), 24.6 ms avg latency, 91.0 ms max latency.
464 records sent, 92.4 records/sec (9.02 MB/sec), 26.1 ms avg latency, 76.0 ms max latency.
448 records sent, 89.6 records/sec (8.75 MB/sec), 25.1 ms avg latency, 66.0 ms max latency.
291 records sent, 57.2 records/sec (5.59 MB/sec), 374.7 ms avg latency, 2023.0 ms max latency.
565 records sent, 112.9 records/sec (11.02 MB/sec), 481.6 ms avg latency, 2013.0 ms max latency.
442 records sent, 88.2 records/sec (8.61 MB/sec), 25.6 ms avg latency, 105.0 ms max latency.
443 records sent, 88.5 records/sec (8.64 MB/sec), 24.2 ms avg latency, 115.0 ms max latency.
447 records sent, 89.4 records/sec (8.73 MB/sec), 29.7 ms avg latency, 181.0 ms max latency.
420 records sent, 83.8 records/sec (8.19 MB/sec), 26.6 ms avg latency, 178.0 ms max latency.
444 records sent, 88.3 records/sec (8.62 MB/sec), 23.6 ms avg latency, 87.0 ms max latency.
8333 records sent, 80.087267 records/sec (7.82 MB/sec), 99.89 ms avg latency, 7023.00 ms max latency, 25 ms 50th, 685 ms 95th, 1465 ms 99th, 1901 ms 99.9th.
----- /var/lib/kafka-client/results/security-overhead-final-factorial-plaintext-b3-rf3-isr3-msg102400-tps10000-batch16384-acksall-prod12-compnone-trial2/producer-perf-10.log -----
producer_index=10
producer_count=12
producer_records=8333
producer_throughput=833
1 records sent, 0.1 records/sec (0.01 MB/sec), 7018.0 ms avg latency, 7018.0 ms max latency.
337 records sent, 67.3 records/sec (6.57 MB/sec), 731.5 ms avg latency, 1227.0 ms max latency.
318 records sent, 63.6 records/sec (6.21 MB/sec), 122.4 ms avg latency, 414.0 ms max latency.
370 records sent, 73.6 records/sec (7.18 MB/sec), 64.0 ms avg latency, 182.0 ms max latency.
356 records sent, 71.1 records/sec (6.95 MB/sec), 41.5 ms avg latency, 126.0 ms max latency.
506 records sent, 100.9 records/sec (9.86 MB/sec), 31.7 ms avg latency, 169.0 ms max latency.
504 records sent, 100.3 records/sec (9.79 MB/sec), 24.8 ms avg latency, 90.0 ms max latency.
470 records sent, 94.0 records/sec (9.18 MB/sec), 24.2 ms avg latency, 83.0 ms max latency.
449 records sent, 89.5 records/sec (8.75 MB/sec), 25.1 ms avg latency, 105.0 ms max latency.
461 records sent, 91.9 records/sec (8.98 MB/sec), 24.0 ms avg latency, 104.0 ms max latency.
445 records sent, 88.5 records/sec (8.64 MB/sec), 23.8 ms avg latency, 82.0 ms max latency.
436 records sent, 86.9 records/sec (8.49 MB/sec), 25.5 ms avg latency, 77.0 ms max latency.
448 records sent, 89.6 records/sec (8.75 MB/sec), 24.1 ms avg latency, 64.0 ms max latency.
327 records sent, 64.1 records/sec (6.26 MB/sec), 288.7 ms avg latency, 1745.0 ms max latency.
613 records sent, 122.3 records/sec (11.94 MB/sec), 575.7 ms avg latency, 2135.0 ms max latency.
433 records sent, 86.5 records/sec (8.45 MB/sec), 23.8 ms avg latency, 165.0 ms max latency.
452 records sent, 90.1 records/sec (8.80 MB/sec), 24.0 ms avg latency, 113.0 ms max latency.
448 records sent, 89.5 records/sec (8.74 MB/sec), 26.1 ms avg latency, 150.0 ms max latency.
475 records sent, 94.9 records/sec (9.26 MB/sec), 26.6 ms avg latency, 145.0 ms max latency.
473 records sent, 94.4 records/sec (9.21 MB/sec), 22.7 ms avg latency, 109.0 ms max latency.
8333 records sent, 80.603194 records/sec (7.87 MB/sec), 111.54 ms avg latency, 7018.00 ms max latency, 24 ms 50th, 804 ms 95th, 1596 ms 99th, 2004 ms 99.9th.
----- /var/lib/kafka-client/results/security-overhead-final-factorial-plaintext-b3-rf3-isr3-msg102400-tps10000-batch16384-acksall-prod12-compnone-trial2/producer-perf-11.log -----
producer_index=11
producer_count=12
producer_records=8333
producer_throughput=833
1 records sent, 0.1 records/sec (0.01 MB/sec), 807.0 ms avg latency, 807.0 ms max latency.
362 records sent, 72.1 records/sec (7.04 MB/sec), 433.9 ms avg latency, 7296.0 ms max latency.
335 records sent, 66.8 records/sec (6.52 MB/sec), 96.4 ms avg latency, 270.0 ms max latency.
374 records sent, 74.7 records/sec (7.30 MB/sec), 57.9 ms avg latency, 124.0 ms max latency.
379 records sent, 75.8 records/sec (7.40 MB/sec), 36.2 ms avg latency, 119.0 ms max latency.
466 records sent, 92.5 records/sec (9.04 MB/sec), 31.8 ms avg latency, 297.0 ms max latency.
482 records sent, 96.1 records/sec (9.38 MB/sec), 26.5 ms avg latency, 105.0 ms max latency.
479 records sent, 95.6 records/sec (9.34 MB/sec), 23.6 ms avg latency, 115.0 ms max latency.
442 records sent, 88.4 records/sec (8.63 MB/sec), 25.4 ms avg latency, 117.0 ms max latency.
431 records sent, 85.9 records/sec (8.38 MB/sec), 24.7 ms avg latency, 98.0 ms max latency.
445 records sent, 88.5 records/sec (8.65 MB/sec), 24.8 ms avg latency, 112.0 ms max latency.
447 records sent, 89.1 records/sec (8.70 MB/sec), 23.8 ms avg latency, 73.0 ms max latency.
445 records sent, 88.6 records/sec (8.65 MB/sec), 23.5 ms avg latency, 98.0 ms max latency.
295 records sent, 58.8 records/sec (5.74 MB/sec), 499.4 ms avg latency, 2309.0 ms max latency.
626 records sent, 125.0 records/sec (12.20 MB/sec), 560.5 ms avg latency, 2355.0 ms max latency.
459 records sent, 91.5 records/sec (8.94 MB/sec), 23.8 ms avg latency, 81.0 ms max latency.
444 records sent, 88.8 records/sec (8.67 MB/sec), 25.2 ms avg latency, 140.0 ms max latency.
476 records sent, 95.0 records/sec (9.27 MB/sec), 30.3 ms avg latency, 241.0 ms max latency.
455 records sent, 90.9 records/sec (8.87 MB/sec), 24.8 ms avg latency, 162.0 ms max latency.
469 records sent, 93.8 records/sec (9.16 MB/sec), 22.5 ms avg latency, 106.0 ms max latency.
8333 records sent, 80.558778 records/sec (7.87 MB/sec), 105.07 ms avg latency, 7296.00 ms max latency, 24 ms 50th, 657 ms 95th, 1649 ms 99th, 2248 ms 99.9th.
----- /var/lib/kafka-client/results/security-overhead-final-factorial-plaintext-b3-rf3-isr3-msg102400-tps10000-batch16384-acksall-prod12-compnone-trial2/producer-perf-12.log -----
producer_index=12
producer_count=12
producer_records=8333
producer_throughput=833
1 records sent, 0.1 records/sec (0.01 MB/sec), 498.0 ms avg latency, 498.0 ms max latency.
360 records sent, 71.2 records/sec (6.96 MB/sec), 565.7 ms avg latency, 7270.0 ms max latency.
336 records sent, 67.0 records/sec (6.54 MB/sec), 121.6 ms avg latency, 375.0 ms max latency.
383 records sent, 76.4 records/sec (7.46 MB/sec), 65.1 ms avg latency, 199.0 ms max latency.
380 records sent, 75.9 records/sec (7.41 MB/sec), 36.8 ms avg latency, 133.0 ms max latency.
461 records sent, 92.2 records/sec (9.00 MB/sec), 31.6 ms avg latency, 190.0 ms max latency.
489 records sent, 97.6 records/sec (9.53 MB/sec), 24.1 ms avg latency, 80.0 ms max latency.
474 records sent, 94.7 records/sec (9.24 MB/sec), 30.9 ms avg latency, 148.0 ms max latency.
453 records sent, 90.5 records/sec (8.84 MB/sec), 26.3 ms avg latency, 104.0 ms max latency.
452 records sent, 90.2 records/sec (8.81 MB/sec), 24.8 ms avg latency, 80.0 ms max latency.
438 records sent, 87.2 records/sec (8.51 MB/sec), 24.5 ms avg latency, 88.0 ms max latency.
448 records sent, 89.4 records/sec (8.73 MB/sec), 26.3 ms avg latency, 81.0 ms max latency.
451 records sent, 90.1 records/sec (8.80 MB/sec), 23.8 ms avg latency, 80.0 ms max latency.
285 records sent, 56.8 records/sec (5.55 MB/sec), 432.1 ms avg latency, 2045.0 ms max latency.
574 records sent, 114.8 records/sec (11.21 MB/sec), 480.0 ms avg latency, 2039.0 ms max latency.
458 records sent, 90.9 records/sec (8.88 MB/sec), 24.6 ms avg latency, 113.0 ms max latency.
472 records sent, 94.4 records/sec (9.22 MB/sec), 24.5 ms avg latency, 99.0 ms max latency.
452 records sent, 90.0 records/sec (8.79 MB/sec), 30.9 ms avg latency, 181.0 ms max latency.
448 records sent, 89.1 records/sec (8.70 MB/sec), 26.8 ms avg latency, 161.0 ms max latency.
468 records sent, 93.4 records/sec (9.12 MB/sec), 23.4 ms avg latency, 85.0 ms max latency.
8333 records sent, 80.534643 records/sec (7.86 MB/sec), 100.89 ms avg latency, 7270.00 ms max latency, 25 ms 50th, 639 ms 95th, 1578 ms 99th, 2000 ms 99.9th.
