run_id=security-overhead-final-factorial-plaintext-b5-rf5-isr3-msg1024-tps1000-batch16384-acksall-prod12-complz4-trial3
producer_count=12
----- /var/lib/kafka-client/results/security-overhead-final-factorial-plaintext-b5-rf5-isr3-msg1024-tps1000-batch16384-acksall-prod12-complz4-trial3/producer-perf-1.log -----
producer_index=1
producer_count=12
producer_records=8334
producer_throughput=84
1 records sent, 0.1 records/sec (0.00 MB/sec), 8620.0 ms avg latency, 8620.0 ms max latency.
1149 records sent, 229.2 records/sec (0.22 MB/sec), 890.9 ms avg latency, 1848.0 ms max latency.
411 records sent, 82.0 records/sec (0.08 MB/sec), 41.5 ms avg latency, 187.0 ms max latency.
432 records sent, 86.3 records/sec (0.08 MB/sec), 26.0 ms avg latency, 153.0 ms max latency.
422 records sent, 84.1 records/sec (0.08 MB/sec), 18.8 ms avg latency, 123.0 ms max latency.
422 records sent, 84.2 records/sec (0.08 MB/sec), 18.1 ms avg latency, 74.0 ms max latency.
417 records sent, 83.3 records/sec (0.08 MB/sec), 19.7 ms avg latency, 77.0 ms max latency.
424 records sent, 84.3 records/sec (0.08 MB/sec), 20.4 ms avg latency, 72.0 ms max latency.
425 records sent, 84.7 records/sec (0.08 MB/sec), 19.1 ms avg latency, 72.0 ms max latency.
427 records sent, 85.2 records/sec (0.08 MB/sec), 19.9 ms avg latency, 99.0 ms max latency.
420 records sent, 83.9 records/sec (0.08 MB/sec), 19.1 ms avg latency, 96.0 ms max latency.
420 records sent, 83.3 records/sec (0.08 MB/sec), 16.7 ms avg latency, 60.0 ms max latency.
426 records sent, 85.1 records/sec (0.08 MB/sec), 17.1 ms avg latency, 82.0 ms max latency.
420 records sent, 83.9 records/sec (0.08 MB/sec), 18.3 ms avg latency, 89.0 ms max latency.
421 records sent, 84.1 records/sec (0.08 MB/sec), 18.3 ms avg latency, 81.0 ms max latency.
420 records sent, 84.0 records/sec (0.08 MB/sec), 19.3 ms avg latency, 99.0 ms max latency.
420 records sent, 83.9 records/sec (0.08 MB/sec), 17.7 ms avg latency, 72.0 ms max latency.
422 records sent, 84.2 records/sec (0.08 MB/sec), 18.2 ms avg latency, 140.0 ms max latency.
422 records sent, 84.2 records/sec (0.08 MB/sec), 16.7 ms avg latency, 83.0 ms max latency.
8334 records sent, 83.754585 records/sec (0.08 MB/sec), 141.32 ms avg latency, 8620.00 ms max latency, 16 ms 50th, 1164 ms 95th, 1629 ms 99th, 1847 ms 99.9th.
----- /var/lib/kafka-client/results/security-overhead-final-factorial-plaintext-b5-rf5-isr3-msg1024-tps1000-batch16384-acksall-prod12-complz4-trial3/producer-perf-2.log -----
producer_index=2
producer_count=12
producer_records=8334
producer_throughput=84
1 records sent, 0.1 records/sec (0.00 MB/sec), 9140.0 ms avg latency, 9140.0 ms max latency.
1200 records sent, 239.8 records/sec (0.23 MB/sec), 845.9 ms avg latency, 1769.0 ms max latency.
423 records sent, 84.4 records/sec (0.08 MB/sec), 36.9 ms avg latency, 165.0 ms max latency.
422 records sent, 84.2 records/sec (0.08 MB/sec), 23.5 ms avg latency, 165.0 ms max latency.
420 records sent, 83.9 records/sec (0.08 MB/sec), 18.7 ms avg latency, 134.0 ms max latency.
421 records sent, 83.8 records/sec (0.08 MB/sec), 20.2 ms avg latency, 125.0 ms max latency.
427 records sent, 85.0 records/sec (0.08 MB/sec), 21.0 ms avg latency, 96.0 ms max latency.
421 records sent, 84.0 records/sec (0.08 MB/sec), 21.0 ms avg latency, 81.0 ms max latency.
423 records sent, 84.4 records/sec (0.08 MB/sec), 19.5 ms avg latency, 94.0 ms max latency.
422 records sent, 84.2 records/sec (0.08 MB/sec), 18.5 ms avg latency, 95.0 ms max latency.
421 records sent, 84.0 records/sec (0.08 MB/sec), 20.5 ms avg latency, 83.0 ms max latency.
420 records sent, 83.9 records/sec (0.08 MB/sec), 17.2 ms avg latency, 74.0 ms max latency.
420 records sent, 84.0 records/sec (0.08 MB/sec), 16.6 ms avg latency, 69.0 ms max latency.
420 records sent, 84.0 records/sec (0.08 MB/sec), 16.5 ms avg latency, 97.0 ms max latency.
421 records sent, 84.1 records/sec (0.08 MB/sec), 18.0 ms avg latency, 93.0 ms max latency.
422 records sent, 84.2 records/sec (0.08 MB/sec), 16.6 ms avg latency, 93.0 ms max latency.
414 records sent, 82.6 records/sec (0.08 MB/sec), 17.3 ms avg latency, 93.0 ms max latency.
432 records sent, 86.3 records/sec (0.08 MB/sec), 20.0 ms avg latency, 166.0 ms max latency.
8334 records sent, 83.734389 records/sec (0.08 MB/sec), 139.94 ms avg latency, 9140.00 ms max latency, 17 ms 50th, 1190 ms 95th, 1396 ms 99th, 1658 ms 99.9th.
----- /var/lib/kafka-client/results/security-overhead-final-factorial-plaintext-b5-rf5-isr3-msg1024-tps1000-batch16384-acksall-prod12-complz4-trial3/producer-perf-3.log -----
producer_index=3
producer_count=12
producer_records=8334
producer_throughput=84
1 records sent, 0.1 records/sec (0.00 MB/sec), 9904.0 ms avg latency, 9904.0 ms max latency.
1256 records sent, 251.1 records/sec (0.25 MB/sec), 743.7 ms avg latency, 1484.0 ms max latency.
422 records sent, 84.3 records/sec (0.08 MB/sec), 34.6 ms avg latency, 163.0 ms max latency.
421 records sent, 84.2 records/sec (0.08 MB/sec), 20.5 ms avg latency, 134.0 ms max latency.
421 records sent, 83.9 records/sec (0.08 MB/sec), 17.7 ms avg latency, 98.0 ms max latency.
420 records sent, 83.8 records/sec (0.08 MB/sec), 20.4 ms avg latency, 88.0 ms max latency.
422 records sent, 84.1 records/sec (0.08 MB/sec), 19.4 ms avg latency, 62.0 ms max latency.
424 records sent, 84.7 records/sec (0.08 MB/sec), 19.8 ms avg latency, 67.0 ms max latency.
421 records sent, 83.9 records/sec (0.08 MB/sec), 18.1 ms avg latency, 51.0 ms max latency.
422 records sent, 84.3 records/sec (0.08 MB/sec), 19.4 ms avg latency, 84.0 ms max latency.
419 records sent, 83.7 records/sec (0.08 MB/sec), 19.1 ms avg latency, 77.0 ms max latency.
422 records sent, 84.4 records/sec (0.08 MB/sec), 17.5 ms avg latency, 65.0 ms max latency.
420 records sent, 84.0 records/sec (0.08 MB/sec), 16.5 ms avg latency, 47.0 ms max latency.
422 records sent, 84.2 records/sec (0.08 MB/sec), 17.3 ms avg latency, 99.0 ms max latency.
420 records sent, 83.7 records/sec (0.08 MB/sec), 17.5 ms avg latency, 101.0 ms max latency.
422 records sent, 84.4 records/sec (0.08 MB/sec), 18.4 ms avg latency, 109.0 ms max latency.
421 records sent, 84.1 records/sec (0.08 MB/sec), 18.5 ms avg latency, 105.0 ms max latency.
417 records sent, 83.1 records/sec (0.08 MB/sec), 16.9 ms avg latency, 94.0 ms max latency.
8334 records sent, 83.704113 records/sec (0.08 MB/sec), 129.77 ms avg latency, 9904.00 ms max latency, 16 ms 50th, 1024 ms 95th, 1332 ms 99th, 1472 ms 99.9th.
----- /var/lib/kafka-client/results/security-overhead-final-factorial-plaintext-b5-rf5-isr3-msg1024-tps1000-batch16384-acksall-prod12-complz4-trial3/producer-perf-4.log -----
producer_index=4
producer_count=12
producer_records=8334
producer_throughput=84
1 records sent, 0.1 records/sec (0.00 MB/sec), 9843.0 ms avg latency, 9843.0 ms max latency.
1255 records sent, 250.4 records/sec (0.24 MB/sec), 809.3 ms avg latency, 1464.0 ms max latency.
425 records sent, 84.9 records/sec (0.08 MB/sec), 37.7 ms avg latency, 169.0 ms max latency.
422 records sent, 84.4 records/sec (0.08 MB/sec), 23.6 ms avg latency, 161.0 ms max latency.
420 records sent, 83.9 records/sec (0.08 MB/sec), 19.2 ms avg latency, 116.0 ms max latency.
416 records sent, 83.0 records/sec (0.08 MB/sec), 22.0 ms avg latency, 99.0 ms max latency.
424 records sent, 84.7 records/sec (0.08 MB/sec), 21.2 ms avg latency, 68.0 ms max latency.
423 records sent, 84.1 records/sec (0.08 MB/sec), 19.9 ms avg latency, 94.0 ms max latency.
426 records sent, 85.0 records/sec (0.08 MB/sec), 19.1 ms avg latency, 61.0 ms max latency.
421 records sent, 84.1 records/sec (0.08 MB/sec), 19.2 ms avg latency, 120.0 ms max latency.
421 records sent, 83.9 records/sec (0.08 MB/sec), 18.8 ms avg latency, 69.0 ms max latency.
424 records sent, 84.6 records/sec (0.08 MB/sec), 18.3 ms avg latency, 73.0 ms max latency.
421 records sent, 84.0 records/sec (0.08 MB/sec), 17.4 ms avg latency, 62.0 ms max latency.
419 records sent, 83.8 records/sec (0.08 MB/sec), 16.6 ms avg latency, 69.0 ms max latency.
421 records sent, 84.1 records/sec (0.08 MB/sec), 19.6 ms avg latency, 74.0 ms max latency.
420 records sent, 83.8 records/sec (0.08 MB/sec), 18.7 ms avg latency, 145.0 ms max latency.
413 records sent, 82.5 records/sec (0.08 MB/sec), 17.9 ms avg latency, 131.0 ms max latency.
430 records sent, 85.7 records/sec (0.08 MB/sec), 17.4 ms avg latency, 82.0 ms max latency.
8334 records sent, 83.574845 records/sec (0.08 MB/sec), 140.17 ms avg latency, 9843.00 ms max latency, 17 ms 50th, 1125 ms 95th, 1281 ms 99th, 1456 ms 99.9th.
----- /var/lib/kafka-client/results/security-overhead-final-factorial-plaintext-b5-rf5-isr3-msg1024-tps1000-batch16384-acksall-prod12-complz4-trial3/producer-perf-5.log -----
producer_index=5
producer_count=12
producer_records=8333
producer_throughput=83
1 records sent, 0.1 records/sec (0.00 MB/sec), 9119.0 ms avg latency, 9119.0 ms max latency.
1178 records sent, 234.7 records/sec (0.23 MB/sec), 693.3 ms avg latency, 1410.0 ms max latency.
424 records sent, 84.6 records/sec (0.08 MB/sec), 34.5 ms avg latency, 143.0 ms max latency.
411 records sent, 81.9 records/sec (0.08 MB/sec), 22.6 ms avg latency, 114.0 ms max latency.
422 records sent, 84.3 records/sec (0.08 MB/sec), 17.4 ms avg latency, 88.0 ms max latency.
415 records sent, 82.7 records/sec (0.08 MB/sec), 20.9 ms avg latency, 112.0 ms max latency.
415 records sent, 82.5 records/sec (0.08 MB/sec), 21.9 ms avg latency, 100.0 ms max latency.
424 records sent, 84.7 records/sec (0.08 MB/sec), 21.9 ms avg latency, 113.0 ms max latency.
414 records sent, 82.8 records/sec (0.08 MB/sec), 18.6 ms avg latency, 73.0 ms max latency.
417 records sent, 83.3 records/sec (0.08 MB/sec), 19.5 ms avg latency, 100.0 ms max latency.
416 records sent, 83.1 records/sec (0.08 MB/sec), 18.8 ms avg latency, 70.0 ms max latency.
415 records sent, 82.9 records/sec (0.08 MB/sec), 17.9 ms avg latency, 109.0 ms max latency.
419 records sent, 83.6 records/sec (0.08 MB/sec), 16.0 ms avg latency, 66.0 ms max latency.
417 records sent, 83.2 records/sec (0.08 MB/sec), 18.0 ms avg latency, 56.0 ms max latency.
414 records sent, 82.8 records/sec (0.08 MB/sec), 18.6 ms avg latency, 99.0 ms max latency.
418 records sent, 83.4 records/sec (0.08 MB/sec), 17.8 ms avg latency, 99.0 ms max latency.
414 records sent, 80.6 records/sec (0.08 MB/sec), 18.1 ms avg latency, 94.0 ms max latency.
428 records sent, 85.6 records/sec (0.08 MB/sec), 19.0 ms avg latency, 139.0 ms max latency.
415 records sent, 82.9 records/sec (0.08 MB/sec), 15.1 ms avg latency, 92.0 ms max latency.
8333 records sent, 82.840413 records/sec (0.08 MB/sec), 116.08 ms avg latency, 9119.00 ms max latency, 16 ms 50th, 976 ms 95th, 1286 ms 99th, 1409 ms 99.9th.
----- /var/lib/kafka-client/results/security-overhead-final-factorial-plaintext-b5-rf5-isr3-msg1024-tps1000-batch16384-acksall-prod12-complz4-trial3/producer-perf-6.log -----
producer_index=6
producer_count=12
producer_records=8333
producer_throughput=83
1 records sent, 0.1 records/sec (0.00 MB/sec), 8393.0 ms avg latency, 8393.0 ms max latency.
1129 records sent, 224.4 records/sec (0.22 MB/sec), 675.5 ms avg latency, 1422.0 ms max latency.
419 records sent, 83.7 records/sec (0.08 MB/sec), 35.3 ms avg latency, 179.0 ms max latency.
418 records sent, 83.5 records/sec (0.08 MB/sec), 24.4 ms avg latency, 177.0 ms max latency.
415 records sent, 83.0 records/sec (0.08 MB/sec), 17.3 ms avg latency, 106.0 ms max latency.
416 records sent, 82.9 records/sec (0.08 MB/sec), 20.2 ms avg latency, 94.0 ms max latency.
413 records sent, 82.4 records/sec (0.08 MB/sec), 21.4 ms avg latency, 79.0 ms max latency.
420 records sent, 83.9 records/sec (0.08 MB/sec), 19.0 ms avg latency, 66.0 ms max latency.
414 records sent, 82.8 records/sec (0.08 MB/sec), 19.6 ms avg latency, 66.0 ms max latency.
418 records sent, 83.6 records/sec (0.08 MB/sec), 20.4 ms avg latency, 78.0 ms max latency.
416 records sent, 83.1 records/sec (0.08 MB/sec), 18.7 ms avg latency, 96.0 ms max latency.
413 records sent, 82.6 records/sec (0.08 MB/sec), 18.7 ms avg latency, 79.0 ms max latency.
421 records sent, 84.2 records/sec (0.08 MB/sec), 17.5 ms avg latency, 71.0 ms max latency.
415 records sent, 83.0 records/sec (0.08 MB/sec), 17.1 ms avg latency, 69.0 ms max latency.
414 records sent, 82.6 records/sec (0.08 MB/sec), 18.7 ms avg latency, 117.0 ms max latency.
417 records sent, 83.3 records/sec (0.08 MB/sec), 16.9 ms avg latency, 94.0 ms max latency.
414 records sent, 82.4 records/sec (0.08 MB/sec), 17.7 ms avg latency, 113.0 ms max latency.
424 records sent, 84.7 records/sec (0.08 MB/sec), 18.7 ms avg latency, 106.0 ms max latency.
416 records sent, 83.0 records/sec (0.08 MB/sec), 16.1 ms avg latency, 148.0 ms max latency.
8333 records sent, 82.859359 records/sec (0.08 MB/sec), 109.63 ms avg latency, 8393.00 ms max latency, 16 ms 50th, 898 ms 95th, 1307 ms 99th, 1389 ms 99.9th.
----- /var/lib/kafka-client/results/security-overhead-final-factorial-plaintext-b5-rf5-isr3-msg1024-tps1000-batch16384-acksall-prod12-complz4-trial3/producer-perf-7.log -----
producer_index=7
producer_count=12
producer_records=8333
producer_throughput=83
1 records sent, 0.1 records/sec (0.00 MB/sec), 9710.0 ms avg latency, 9710.0 ms max latency.
1234 records sent, 245.1 records/sec (0.24 MB/sec), 874.2 ms avg latency, 1608.0 ms max latency.
422 records sent, 84.2 records/sec (0.08 MB/sec), 35.3 ms avg latency, 123.0 ms max latency.
418 records sent, 83.4 records/sec (0.08 MB/sec), 19.3 ms avg latency, 117.0 ms max latency.
420 records sent, 83.8 records/sec (0.08 MB/sec), 18.0 ms avg latency, 106.0 ms max latency.
416 records sent, 82.8 records/sec (0.08 MB/sec), 21.4 ms avg latency, 93.0 ms max latency.
416 records sent, 83.2 records/sec (0.08 MB/sec), 19.6 ms avg latency, 65.0 ms max latency.
418 records sent, 83.4 records/sec (0.08 MB/sec), 19.3 ms avg latency, 67.0 ms max latency.
415 records sent, 82.8 records/sec (0.08 MB/sec), 18.8 ms avg latency, 95.0 ms max latency.
419 records sent, 83.7 records/sec (0.08 MB/sec), 19.7 ms avg latency, 102.0 ms max latency.
415 records sent, 82.9 records/sec (0.08 MB/sec), 18.7 ms avg latency, 72.0 ms max latency.
417 records sent, 83.2 records/sec (0.08 MB/sec), 18.2 ms avg latency, 69.0 ms max latency.
416 records sent, 83.1 records/sec (0.08 MB/sec), 16.4 ms avg latency, 58.0 ms max latency.
416 records sent, 83.0 records/sec (0.08 MB/sec), 16.6 ms avg latency, 69.0 ms max latency.
413 records sent, 81.2 records/sec (0.08 MB/sec), 18.5 ms avg latency, 125.0 ms max latency.
426 records sent, 85.1 records/sec (0.08 MB/sec), 20.5 ms avg latency, 126.0 ms max latency.
415 records sent, 82.8 records/sec (0.08 MB/sec), 17.6 ms avg latency, 126.0 ms max latency.
416 records sent, 83.1 records/sec (0.08 MB/sec), 18.2 ms avg latency, 106.0 ms max latency.
416 records sent, 83.1 records/sec (0.08 MB/sec), 15.5 ms avg latency, 93.0 ms max latency.
8333 records sent, 82.590812 records/sec (0.08 MB/sec), 147.25 ms avg latency, 9710.00 ms max latency, 16 ms 50th, 1201 ms 95th, 1453 ms 99th, 1607 ms 99.9th.
----- /var/lib/kafka-client/results/security-overhead-final-factorial-plaintext-b5-rf5-isr3-msg1024-tps1000-batch16384-acksall-prod12-complz4-trial3/producer-perf-8.log -----
producer_index=8
producer_count=12
producer_records=8333
producer_throughput=83
1 records sent, 0.1 records/sec (0.00 MB/sec), 9646.0 ms avg latency, 9646.0 ms max latency.
1221 records sent, 243.4 records/sec (0.24 MB/sec), 527.2 ms avg latency, 1241.0 ms max latency.
415 records sent, 82.7 records/sec (0.08 MB/sec), 37.1 ms avg latency, 162.0 ms max latency.
420 records sent, 83.8 records/sec (0.08 MB/sec), 19.3 ms avg latency, 119.0 ms max latency.
416 records sent, 83.2 records/sec (0.08 MB/sec), 19.8 ms avg latency, 121.0 ms max latency.
415 records sent, 82.9 records/sec (0.08 MB/sec), 21.9 ms avg latency, 93.0 ms max latency.
417 records sent, 83.4 records/sec (0.08 MB/sec), 20.6 ms avg latency, 91.0 ms max latency.
416 records sent, 83.0 records/sec (0.08 MB/sec), 19.1 ms avg latency, 62.0 ms max latency.
418 records sent, 83.6 records/sec (0.08 MB/sec), 18.9 ms avg latency, 63.0 ms max latency.
415 records sent, 83.0 records/sec (0.08 MB/sec), 19.9 ms avg latency, 104.0 ms max latency.
417 records sent, 83.1 records/sec (0.08 MB/sec), 17.6 ms avg latency, 72.0 ms max latency.
415 records sent, 83.0 records/sec (0.08 MB/sec), 18.7 ms avg latency, 99.0 ms max latency.
419 records sent, 83.5 records/sec (0.08 MB/sec), 16.6 ms avg latency, 58.0 ms max latency.
418 records sent, 83.4 records/sec (0.08 MB/sec), 16.7 ms avg latency, 60.0 ms max latency.
415 records sent, 83.0 records/sec (0.08 MB/sec), 17.3 ms avg latency, 100.0 ms max latency.
416 records sent, 83.0 records/sec (0.08 MB/sec), 20.1 ms avg latency, 86.0 ms max latency.
415 records sent, 83.0 records/sec (0.08 MB/sec), 18.0 ms avg latency, 106.0 ms max latency.
416 records sent, 83.2 records/sec (0.08 MB/sec), 16.8 ms avg latency, 118.0 ms max latency.
416 records sent, 83.2 records/sec (0.08 MB/sec), 16.0 ms avg latency, 90.0 ms max latency.
8333 records sent, 82.984783 records/sec (0.08 MB/sec), 95.15 ms avg latency, 9646.00 ms max latency, 16 ms 50th, 672 ms 95th, 1042 ms 99th, 1190 ms 99.9th.
----- /var/lib/kafka-client/results/security-overhead-final-factorial-plaintext-b5-rf5-isr3-msg1024-tps1000-batch16384-acksall-prod12-complz4-trial3/producer-perf-9.log -----
producer_index=9
producer_count=12
producer_records=8333
producer_throughput=83
1 records sent, 0.1 records/sec (0.00 MB/sec), 10011.0 ms avg latency, 10011.0 ms max latency.
1254 records sent, 250.7 records/sec (0.24 MB/sec), 883.8 ms avg latency, 1569.0 ms max latency.
419 records sent, 83.7 records/sec (0.08 MB/sec), 39.8 ms avg latency, 188.0 ms max latency.
417 records sent, 83.4 records/sec (0.08 MB/sec), 21.8 ms avg latency, 148.0 ms max latency.
416 records sent, 83.0 records/sec (0.08 MB/sec), 18.3 ms avg latency, 68.0 ms max latency.
413 records sent, 82.6 records/sec (0.08 MB/sec), 22.3 ms avg latency, 82.0 ms max latency.
417 records sent, 83.3 records/sec (0.08 MB/sec), 21.4 ms avg latency, 112.0 ms max latency.
417 records sent, 83.2 records/sec (0.08 MB/sec), 19.1 ms avg latency, 70.0 ms max latency.
417 records sent, 83.4 records/sec (0.08 MB/sec), 19.2 ms avg latency, 72.0 ms max latency.
417 records sent, 83.2 records/sec (0.08 MB/sec), 20.0 ms avg latency, 99.0 ms max latency.
412 records sent, 82.2 records/sec (0.08 MB/sec), 19.1 ms avg latency, 70.0 ms max latency.
420 records sent, 83.9 records/sec (0.08 MB/sec), 16.6 ms avg latency, 59.0 ms max latency.
415 records sent, 82.8 records/sec (0.08 MB/sec), 16.0 ms avg latency, 46.0 ms max latency.
416 records sent, 83.2 records/sec (0.08 MB/sec), 19.8 ms avg latency, 110.0 ms max latency.
417 records sent, 83.0 records/sec (0.08 MB/sec), 17.4 ms avg latency, 82.0 ms max latency.
416 records sent, 83.2 records/sec (0.08 MB/sec), 17.4 ms avg latency, 70.0 ms max latency.
415 records sent, 82.9 records/sec (0.08 MB/sec), 18.5 ms avg latency, 116.0 ms max latency.
414 records sent, 82.8 records/sec (0.08 MB/sec), 15.8 ms avg latency, 78.0 ms max latency.
420 records sent, 83.8 records/sec (0.08 MB/sec), 16.2 ms avg latency, 109.0 ms max latency.
8333 records sent, 82.983957 records/sec (0.08 MB/sec), 151.12 ms avg latency, 10011.00 ms max latency, 17 ms 50th, 1235 ms 95th, 1418 ms 99th, 1550 ms 99.9th.
----- /var/lib/kafka-client/results/security-overhead-final-factorial-plaintext-b5-rf5-isr3-msg1024-tps1000-batch16384-acksall-prod12-complz4-trial3/producer-perf-10.log -----
producer_index=10
producer_count=12
producer_records=8333
producer_throughput=83
1 records sent, 0.1 records/sec (0.00 MB/sec), 7340.0 ms avg latency, 7340.0 ms max latency.
1030 records sent, 205.4 records/sec (0.20 MB/sec), 644.6 ms avg latency, 1249.0 ms max latency.
414 records sent, 81.6 records/sec (0.08 MB/sec), 40.8 ms avg latency, 206.0 ms max latency.
428 records sent, 85.4 records/sec (0.08 MB/sec), 26.0 ms avg latency, 142.0 ms max latency.
408 records sent, 81.1 records/sec (0.08 MB/sec), 21.3 ms avg latency, 181.0 ms max latency.
426 records sent, 85.1 records/sec (0.08 MB/sec), 20.7 ms avg latency, 143.0 ms max latency.
415 records sent, 82.9 records/sec (0.08 MB/sec), 21.8 ms avg latency, 75.0 ms max latency.
418 records sent, 83.3 records/sec (0.08 MB/sec), 22.5 ms avg latency, 94.0 ms max latency.
415 records sent, 82.9 records/sec (0.08 MB/sec), 17.7 ms avg latency, 58.0 ms max latency.
418 records sent, 83.4 records/sec (0.08 MB/sec), 20.3 ms avg latency, 68.0 ms max latency.
417 records sent, 82.9 records/sec (0.08 MB/sec), 18.8 ms avg latency, 113.0 ms max latency.
415 records sent, 83.0 records/sec (0.08 MB/sec), 18.5 ms avg latency, 85.0 ms max latency.
416 records sent, 83.1 records/sec (0.08 MB/sec), 16.5 ms avg latency, 72.0 ms max latency.
418 records sent, 83.4 records/sec (0.08 MB/sec), 17.0 ms avg latency, 85.0 ms max latency.
413 records sent, 82.5 records/sec (0.08 MB/sec), 16.3 ms avg latency, 59.0 ms max latency.
410 records sent, 81.7 records/sec (0.08 MB/sec), 18.3 ms avg latency, 99.0 ms max latency.
426 records sent, 84.9 records/sec (0.08 MB/sec), 17.8 ms avg latency, 117.0 ms max latency.
416 records sent, 83.1 records/sec (0.08 MB/sec), 18.7 ms avg latency, 96.0 ms max latency.
415 records sent, 83.0 records/sec (0.08 MB/sec), 17.9 ms avg latency, 124.0 ms max latency.
8333 records sent, 82.843707 records/sec (0.08 MB/sec), 98.58 ms avg latency, 7340.00 ms max latency, 16 ms 50th, 902 ms 95th, 1127 ms 99th, 1248 ms 99.9th.
----- /var/lib/kafka-client/results/security-overhead-final-factorial-plaintext-b5-rf5-isr3-msg1024-tps1000-batch16384-acksall-prod12-complz4-trial3/producer-perf-11.log -----
producer_index=11
producer_count=12
producer_records=8333
producer_throughput=83
1 records sent, 0.1 records/sec (0.00 MB/sec), 10416.0 ms avg latency, 10416.0 ms max latency.
1291 records sent, 258.2 records/sec (0.25 MB/sec), 862.8 ms avg latency, 1712.0 ms max latency.
418 records sent, 83.4 records/sec (0.08 MB/sec), 34.2 ms avg latency, 171.0 ms max latency.
417 records sent, 83.2 records/sec (0.08 MB/sec), 18.5 ms avg latency, 124.0 ms max latency.
414 records sent, 82.8 records/sec (0.08 MB/sec), 19.2 ms avg latency, 122.0 ms max latency.
417 records sent, 83.3 records/sec (0.08 MB/sec), 23.0 ms avg latency, 85.0 ms max latency.
418 records sent, 83.5 records/sec (0.08 MB/sec), 22.2 ms avg latency, 108.0 ms max latency.
417 records sent, 83.4 records/sec (0.08 MB/sec), 20.0 ms avg latency, 72.0 ms max latency.
417 records sent, 83.2 records/sec (0.08 MB/sec), 18.3 ms avg latency, 54.0 ms max latency.
415 records sent, 82.9 records/sec (0.08 MB/sec), 20.0 ms avg latency, 99.0 ms max latency.
413 records sent, 82.4 records/sec (0.08 MB/sec), 20.1 ms avg latency, 78.0 ms max latency.
421 records sent, 84.1 records/sec (0.08 MB/sec), 17.9 ms avg latency, 102.0 ms max latency.
416 records sent, 83.0 records/sec (0.08 MB/sec), 16.6 ms avg latency, 52.0 ms max latency.
416 records sent, 83.2 records/sec (0.08 MB/sec), 18.4 ms avg latency, 96.0 ms max latency.
415 records sent, 83.0 records/sec (0.08 MB/sec), 18.5 ms avg latency, 106.0 ms max latency.
417 records sent, 83.2 records/sec (0.08 MB/sec), 19.4 ms avg latency, 92.0 ms max latency.
415 records sent, 83.0 records/sec (0.08 MB/sec), 20.0 ms avg latency, 147.0 ms max latency.
414 records sent, 82.8 records/sec (0.08 MB/sec), 17.7 ms avg latency, 101.0 ms max latency.
8333 records sent, 82.765539 records/sec (0.08 MB/sec), 151.82 ms avg latency, 10416.00 ms max latency, 17 ms 50th, 1169 ms 95th, 1529 ms 99th, 1670 ms 99.9th.
----- /var/lib/kafka-client/results/security-overhead-final-factorial-plaintext-b5-rf5-isr3-msg1024-tps1000-batch16384-acksall-prod12-complz4-trial3/producer-perf-12.log -----
producer_index=12
producer_count=12
producer_records=8333
producer_throughput=83
1 records sent, 0.1 records/sec (0.00 MB/sec), 7284.0 ms avg latency, 7284.0 ms max latency.
1021 records sent, 202.3 records/sec (0.20 MB/sec), 520.1 ms avg latency, 1110.0 ms max latency.
411 records sent, 81.6 records/sec (0.08 MB/sec), 37.5 ms avg latency, 147.0 ms max latency.
430 records sent, 85.8 records/sec (0.08 MB/sec), 24.0 ms avg latency, 168.0 ms max latency.
409 records sent, 81.8 records/sec (0.08 MB/sec), 17.7 ms avg latency, 114.0 ms max latency.
425 records sent, 84.9 records/sec (0.08 MB/sec), 20.5 ms avg latency, 108.0 ms max latency.
416 records sent, 82.8 records/sec (0.08 MB/sec), 22.1 ms avg latency, 88.0 ms max latency.
417 records sent, 83.1 records/sec (0.08 MB/sec), 22.1 ms avg latency, 119.0 ms max latency.
416 records sent, 82.9 records/sec (0.08 MB/sec), 17.9 ms avg latency, 65.0 ms max latency.
419 records sent, 83.5 records/sec (0.08 MB/sec), 19.0 ms avg latency, 62.0 ms max latency.
417 records sent, 83.2 records/sec (0.08 MB/sec), 18.5 ms avg latency, 92.0 ms max latency.
416 records sent, 83.2 records/sec (0.08 MB/sec), 18.5 ms avg latency, 75.0 ms max latency.
416 records sent, 83.0 records/sec (0.08 MB/sec), 15.6 ms avg latency, 56.0 ms max latency.
418 records sent, 83.5 records/sec (0.08 MB/sec), 16.8 ms avg latency, 81.0 ms max latency.
415 records sent, 83.0 records/sec (0.08 MB/sec), 16.0 ms avg latency, 113.0 ms max latency.
418 records sent, 83.4 records/sec (0.08 MB/sec), 17.8 ms avg latency, 82.0 ms max latency.
415 records sent, 83.0 records/sec (0.08 MB/sec), 17.3 ms avg latency, 128.0 ms max latency.
415 records sent, 82.9 records/sec (0.08 MB/sec), 17.4 ms avg latency, 110.0 ms max latency.
419 records sent, 83.5 records/sec (0.08 MB/sec), 16.6 ms avg latency, 195.0 ms max latency.
8333 records sent, 82.901400 records/sec (0.08 MB/sec), 81.81 ms avg latency, 7284.00 ms max latency, 16 ms 50th, 670 ms 95th, 1001 ms 99th, 1097 ms 99.9th.
