run_id=security-overhead-final-factorial-tls-b5-rf3-isr3-msg102400-tps10000-batch131072-acksall-prod6-compnone-trial1
producer_count=6
----- /var/lib/kafka-client/results/security-overhead-final-factorial-tls-b5-rf3-isr3-msg102400-tps10000-batch131072-acksall-prod6-compnone-trial1/producer-perf-1.log -----
producer_index=1
producer_count=6
producer_records=16667
producer_throughput=1667
1 records sent, 0.1 records/sec (0.01 MB/sec), 7767.0 ms avg latency, 7767.0 ms max latency.
166 records sent, 32.9 records/sec (3.21 MB/sec), 3986.0 ms avg latency, 5769.0 ms max latency.
467 records sent, 93.3 records/sec (9.11 MB/sec), 3727.2 ms avg latency, 5991.0 ms max latency.
796 records sent, 158.4 records/sec (15.47 MB/sec), 1688.3 ms avg latency, 2495.0 ms max latency.
874 records sent, 174.4 records/sec (17.03 MB/sec), 446.6 ms avg latency, 1315.0 ms max latency.
736 records sent, 147.0 records/sec (14.35 MB/sec), 28.8 ms avg latency, 134.0 ms max latency.
728 records sent, 145.5 records/sec (14.21 MB/sec), 30.6 ms avg latency, 95.0 ms max latency.
834 records sent, 166.5 records/sec (16.26 MB/sec), 25.5 ms avg latency, 87.0 ms max latency.
812 records sent, 162.3 records/sec (15.85 MB/sec), 35.2 ms avg latency, 185.0 ms max latency.
810 records sent, 161.0 records/sec (15.73 MB/sec), 33.2 ms avg latency, 234.0 ms max latency.
838 records sent, 167.4 records/sec (16.35 MB/sec), 23.9 ms avg latency, 98.0 ms max latency.
831 records sent, 166.1 records/sec (16.22 MB/sec), 40.5 ms avg latency, 228.0 ms max latency.
820 records sent, 163.9 records/sec (16.01 MB/sec), 24.6 ms avg latency, 138.0 ms max latency.
825 records sent, 164.4 records/sec (16.06 MB/sec), 19.9 ms avg latency, 104.0 ms max latency.
865 records sent, 172.8 records/sec (16.88 MB/sec), 31.9 ms avg latency, 212.0 ms max latency.
848 records sent, 169.5 records/sec (16.55 MB/sec), 59.7 ms avg latency, 553.0 ms max latency.
959 records sent, 191.8 records/sec (18.73 MB/sec), 40.7 ms avg latency, 189.0 ms max latency.
905 records sent, 180.7 records/sec (17.65 MB/sec), 27.1 ms avg latency, 146.0 ms max latency.
892 records sent, 178.3 records/sec (17.41 MB/sec), 34.3 ms avg latency, 245.0 ms max latency.
880 records sent, 176.0 records/sec (17.19 MB/sec), 18.8 ms avg latency, 89.0 ms max latency.
957 records sent, 191.4 records/sec (18.69 MB/sec), 23.4 ms avg latency, 105.0 ms max latency.
16667 records sent, 147.337806 records/sec (14.39 MB/sec), 274.86 ms avg latency, 7767.00 ms max latency, 22 ms 50th, 1988 ms 95th, 4722 ms 99th, 5642 ms 99.9th.
----- /var/lib/kafka-client/results/security-overhead-final-factorial-tls-b5-rf3-isr3-msg102400-tps10000-batch131072-acksall-prod6-compnone-trial1/producer-perf-2.log -----
producer_index=2
producer_count=6
producer_records=16667
producer_throughput=1667
1 records sent, 0.1 records/sec (0.01 MB/sec), 8240.0 ms avg latency, 8240.0 ms max latency.
190 records sent, 37.9 records/sec (3.70 MB/sec), 3998.0 ms avg latency, 5490.0 ms max latency.
431 records sent, 85.3 records/sec (8.33 MB/sec), 3833.8 ms avg latency, 5727.0 ms max latency.
782 records sent, 155.7 records/sec (15.21 MB/sec), 1734.1 ms avg latency, 2641.0 ms max latency.
872 records sent, 174.4 records/sec (17.03 MB/sec), 334.3 ms avg latency, 1241.0 ms max latency.
759 records sent, 151.6 records/sec (14.80 MB/sec), 39.6 ms avg latency, 176.0 ms max latency.
748 records sent, 149.3 records/sec (14.58 MB/sec), 38.2 ms avg latency, 146.0 ms max latency.
794 records sent, 158.5 records/sec (15.48 MB/sec), 34.8 ms avg latency, 251.0 ms max latency.
785 records sent, 156.9 records/sec (15.33 MB/sec), 24.0 ms avg latency, 99.0 ms max latency.
845 records sent, 168.5 records/sec (16.46 MB/sec), 40.0 ms avg latency, 208.0 ms max latency.
836 records sent, 167.1 records/sec (16.32 MB/sec), 18.8 ms avg latency, 70.0 ms max latency.
890 records sent, 178.0 records/sec (17.38 MB/sec), 44.0 ms avg latency, 211.0 ms max latency.
848 records sent, 169.6 records/sec (16.56 MB/sec), 18.2 ms avg latency, 91.0 ms max latency.
849 records sent, 169.5 records/sec (16.56 MB/sec), 22.9 ms avg latency, 148.0 ms max latency.
934 records sent, 186.5 records/sec (18.21 MB/sec), 37.8 ms avg latency, 307.0 ms max latency.
830 records sent, 165.4 records/sec (16.15 MB/sec), 58.4 ms avg latency, 634.0 ms max latency.
798 records sent, 159.3 records/sec (15.56 MB/sec), 22.5 ms avg latency, 167.0 ms max latency.
898 records sent, 179.0 records/sec (17.48 MB/sec), 28.7 ms avg latency, 167.0 ms max latency.
895 records sent, 178.7 records/sec (17.45 MB/sec), 20.0 ms avg latency, 87.0 ms max latency.
845 records sent, 169.0 records/sec (16.50 MB/sec), 20.8 ms avg latency, 110.0 ms max latency.
859 records sent, 171.2 records/sec (16.72 MB/sec), 18.8 ms avg latency, 76.0 ms max latency.
915 records sent, 183.0 records/sec (17.87 MB/sec), 19.0 ms avg latency, 74.0 ms max latency.
16667 records sent, 146.146629 records/sec (14.27 MB/sec), 269.61 ms avg latency, 8240.00 ms max latency, 21 ms 50th, 2076 ms 95th, 4683 ms 99th, 5504 ms 99.9th.
----- /var/lib/kafka-client/results/security-overhead-final-factorial-tls-b5-rf3-isr3-msg102400-tps10000-batch131072-acksall-prod6-compnone-trial1/producer-perf-3.log -----
producer_index=3
producer_count=6
producer_records=16667
producer_throughput=1667
1 records sent, 0.1 records/sec (0.01 MB/sec), 2020.0 ms avg latency, 2020.0 ms max latency.
280 records sent, 55.5 records/sec (5.42 MB/sec), 4087.7 ms avg latency, 8285.0 ms max latency.
600 records sent, 119.2 records/sec (11.64 MB/sec), 2466.0 ms avg latency, 4512.0 ms max latency.
893 records sent, 178.3 records/sec (17.41 MB/sec), 1069.4 ms avg latency, 1813.0 ms max latency.
789 records sent, 157.3 records/sec (15.36 MB/sec), 138.4 ms avg latency, 541.0 ms max latency.
724 records sent, 144.2 records/sec (14.08 MB/sec), 35.6 ms avg latency, 156.0 ms max latency.
791 records sent, 158.1 records/sec (15.44 MB/sec), 30.6 ms avg latency, 155.0 ms max latency.
754 records sent, 150.2 records/sec (14.67 MB/sec), 25.9 ms avg latency, 120.0 ms max latency.
781 records sent, 155.9 records/sec (15.22 MB/sec), 24.2 ms avg latency, 86.0 ms max latency.
808 records sent, 160.7 records/sec (15.69 MB/sec), 27.3 ms avg latency, 158.0 ms max latency.
877 records sent, 175.2 records/sec (17.10 MB/sec), 30.4 ms avg latency, 209.0 ms max latency.
806 records sent, 161.2 records/sec (15.74 MB/sec), 19.9 ms avg latency, 89.0 ms max latency.
828 records sent, 165.5 records/sec (16.17 MB/sec), 21.5 ms avg latency, 117.0 ms max latency.
806 records sent, 160.8 records/sec (15.70 MB/sec), 18.6 ms avg latency, 80.0 ms max latency.
817 records sent, 163.3 records/sec (15.95 MB/sec), 24.0 ms avg latency, 123.0 ms max latency.
851 records sent, 169.8 records/sec (16.58 MB/sec), 56.5 ms avg latency, 646.0 ms max latency.
842 records sent, 167.8 records/sec (16.39 MB/sec), 19.2 ms avg latency, 71.0 ms max latency.
841 records sent, 168.2 records/sec (16.43 MB/sec), 22.0 ms avg latency, 101.0 ms max latency.
959 records sent, 191.4 records/sec (18.69 MB/sec), 25.1 ms avg latency, 117.0 ms max latency.
997 records sent, 198.5 records/sec (19.38 MB/sec), 36.9 ms avg latency, 294.0 ms max latency.
840 records sent, 167.9 records/sec (16.40 MB/sec), 18.7 ms avg latency, 82.0 ms max latency.
16667 records sent, 147.115419 records/sec (14.37 MB/sec), 244.15 ms avg latency, 8285.00 ms max latency, 21 ms 50th, 1775 ms 95th, 4179 ms 99th, 4649 ms 99.9th.
----- /var/lib/kafka-client/results/security-overhead-final-factorial-tls-b5-rf3-isr3-msg102400-tps10000-batch131072-acksall-prod6-compnone-trial1/producer-perf-4.log -----
producer_index=4
producer_count=6
producer_records=16667
producer_throughput=1667
1 records sent, 0.1 records/sec (0.01 MB/sec), 8083.0 ms avg latency, 8083.0 ms max latency.
223 records sent, 43.7 records/sec (4.27 MB/sec), 3978.9 ms avg latency, 4803.0 ms max latency.
479 records sent, 95.6 records/sec (9.34 MB/sec), 3277.3 ms avg latency, 5117.0 ms max latency.
865 records sent, 172.3 records/sec (16.83 MB/sec), 1244.2 ms avg latency, 2590.0 ms max latency.
740 records sent, 147.8 records/sec (14.44 MB/sec), 57.3 ms avg latency, 499.0 ms max latency.
724 records sent, 144.3 records/sec (14.10 MB/sec), 33.8 ms avg latency, 181.0 ms max latency.
736 records sent, 147.2 records/sec (14.37 MB/sec), 34.3 ms avg latency, 124.0 ms max latency.
788 records sent, 157.4 records/sec (15.37 MB/sec), 25.3 ms avg latency, 120.0 ms max latency.
800 records sent, 159.5 records/sec (15.57 MB/sec), 30.7 ms avg latency, 212.0 ms max latency.
783 records sent, 156.6 records/sec (15.29 MB/sec), 26.5 ms avg latency, 119.0 ms max latency.
800 records sent, 159.9 records/sec (15.61 MB/sec), 25.5 ms avg latency, 127.0 ms max latency.
831 records sent, 166.1 records/sec (16.22 MB/sec), 30.9 ms avg latency, 188.0 ms max latency.
835 records sent, 166.9 records/sec (16.30 MB/sec), 19.2 ms avg latency, 76.0 ms max latency.
843 records sent, 168.5 records/sec (16.46 MB/sec), 20.6 ms avg latency, 143.0 ms max latency.
806 records sent, 161.1 records/sec (15.73 MB/sec), 21.8 ms avg latency, 167.0 ms max latency.
918 records sent, 183.3 records/sec (17.90 MB/sec), 73.9 ms avg latency, 670.0 ms max latency.
940 records sent, 188.0 records/sec (18.36 MB/sec), 47.9 ms avg latency, 228.0 ms max latency.
941 records sent, 188.2 records/sec (18.38 MB/sec), 32.1 ms avg latency, 210.0 ms max latency.
912 records sent, 182.0 records/sec (17.78 MB/sec), 26.1 ms avg latency, 113.0 ms max latency.
815 records sent, 162.9 records/sec (15.91 MB/sec), 16.0 ms avg latency, 60.0 ms max latency.
852 records sent, 170.3 records/sec (16.63 MB/sec), 21.2 ms avg latency, 108.0 ms max latency.
973 records sent, 194.6 records/sec (19.00 MB/sec), 17.2 ms avg latency, 80.0 ms max latency.
16667 records sent, 146.510197 records/sec (14.31 MB/sec), 240.70 ms avg latency, 8083.00 ms max latency, 21 ms 50th, 1730 ms 95th, 4281 ms 99th, 4922 ms 99.9th.
----- /var/lib/kafka-client/results/security-overhead-final-factorial-tls-b5-rf3-isr3-msg102400-tps10000-batch131072-acksall-prod6-compnone-trial1/producer-perf-5.log -----
producer_index=5
producer_count=6
producer_records=16666
producer_throughput=1666
1 records sent, 0.1 records/sec (0.01 MB/sec), 7610.0 ms avg latency, 7610.0 ms max latency.
222 records sent, 43.9 records/sec (4.29 MB/sec), 4486.3 ms avg latency, 5505.0 ms max latency.
549 records sent, 109.4 records/sec (10.69 MB/sec), 2736.9 ms avg latency, 5760.0 ms max latency.
826 records sent, 164.8 records/sec (16.10 MB/sec), 1632.9 ms avg latency, 2361.0 ms max latency.
851 records sent, 169.9 records/sec (16.59 MB/sec), 195.7 ms avg latency, 1034.0 ms max latency.
741 records sent, 147.0 records/sec (14.35 MB/sec), 29.3 ms avg latency, 178.0 ms max latency.
754 records sent, 150.4 records/sec (14.69 MB/sec), 30.5 ms avg latency, 120.0 ms max latency.
792 records sent, 158.4 records/sec (15.47 MB/sec), 29.2 ms avg latency, 142.0 ms max latency.
827 records sent, 165.4 records/sec (16.15 MB/sec), 29.7 ms avg latency, 135.0 ms max latency.
859 records sent, 171.4 records/sec (16.73 MB/sec), 37.7 ms avg latency, 159.0 ms max latency.
846 records sent, 168.6 records/sec (16.46 MB/sec), 27.1 ms avg latency, 228.0 ms max latency.
813 records sent, 162.1 records/sec (15.83 MB/sec), 22.4 ms avg latency, 91.0 ms max latency.
780 records sent, 156.0 records/sec (15.23 MB/sec), 17.7 ms avg latency, 114.0 ms max latency.
835 records sent, 166.9 records/sec (16.30 MB/sec), 21.0 ms avg latency, 121.0 ms max latency.
820 records sent, 164.0 records/sec (16.02 MB/sec), 24.4 ms avg latency, 200.0 ms max latency.
826 records sent, 164.0 records/sec (16.02 MB/sec), 59.3 ms avg latency, 707.0 ms max latency.
790 records sent, 157.4 records/sec (15.37 MB/sec), 17.1 ms avg latency, 67.0 ms max latency.
875 records sent, 174.4 records/sec (17.03 MB/sec), 20.6 ms avg latency, 94.0 ms max latency.
821 records sent, 163.9 records/sec (16.00 MB/sec), 18.2 ms avg latency, 60.0 ms max latency.
907 records sent, 181.4 records/sec (17.71 MB/sec), 18.2 ms avg latency, 67.0 ms max latency.
855 records sent, 170.8 records/sec (16.68 MB/sec), 18.3 ms avg latency, 69.0 ms max latency.
904 records sent, 180.7 records/sec (17.65 MB/sec), 19.5 ms avg latency, 99.0 ms max latency.
16666 records sent, 146.496255 records/sec (14.31 MB/sec), 263.18 ms avg latency, 7610.00 ms max latency, 20 ms 50th, 2030 ms 95th, 4682 ms 99th, 5231 ms 99.9th.
----- /var/lib/kafka-client/results/security-overhead-final-factorial-tls-b5-rf3-isr3-msg102400-tps10000-batch131072-acksall-prod6-compnone-trial1/producer-perf-6.log -----
producer_index=6
producer_count=6
producer_records=16666
producer_throughput=1666
1 records sent, 0.1 records/sec (0.01 MB/sec), 7794.0 ms avg latency, 7794.0 ms max latency.
145 records sent, 27.9 records/sec (2.73 MB/sec), 4314.7 ms avg latency, 5964.0 ms max latency.
426 records sent, 84.9 records/sec (8.29 MB/sec), 4391.8 ms avg latency, 7246.0 ms max latency.
762 records sent, 152.0 records/sec (14.85 MB/sec), 1738.8 ms avg latency, 2604.0 ms max latency.
886 records sent, 177.2 records/sec (17.30 MB/sec), 661.6 ms avg latency, 1419.0 ms max latency.
806 records sent, 161.2 records/sec (15.74 MB/sec), 59.4 ms avg latency, 230.0 ms max latency.
786 records sent, 157.1 records/sec (15.34 MB/sec), 34.5 ms avg latency, 164.0 ms max latency.
753 records sent, 150.4 records/sec (14.68 MB/sec), 35.2 ms avg latency, 145.0 ms max latency.
862 records sent, 172.2 records/sec (16.82 MB/sec), 31.2 ms avg latency, 187.0 ms max latency.
810 records sent, 162.0 records/sec (15.82 MB/sec), 21.3 ms avg latency, 71.0 ms max latency.
846 records sent, 169.1 records/sec (16.51 MB/sec), 30.3 ms avg latency, 252.0 ms max latency.
856 records sent, 171.2 records/sec (16.72 MB/sec), 32.8 ms avg latency, 166.0 ms max latency.
795 records sent, 158.9 records/sec (15.52 MB/sec), 21.1 ms avg latency, 111.0 ms max latency.
868 records sent, 173.3 records/sec (16.92 MB/sec), 21.1 ms avg latency, 82.0 ms max latency.
944 records sent, 188.4 records/sec (18.40 MB/sec), 30.0 ms avg latency, 183.0 ms max latency.
970 records sent, 193.7 records/sec (18.92 MB/sec), 69.9 ms avg latency, 638.0 ms max latency.
867 records sent, 173.4 records/sec (16.93 MB/sec), 22.3 ms avg latency, 111.0 ms max latency.
880 records sent, 175.6 records/sec (17.15 MB/sec), 22.5 ms avg latency, 128.0 ms max latency.
890 records sent, 177.5 records/sec (17.34 MB/sec), 22.9 ms avg latency, 117.0 ms max latency.
908 records sent, 181.0 records/sec (17.68 MB/sec), 32.9 ms avg latency, 273.0 ms max latency.
904 records sent, 179.1 records/sec (17.49 MB/sec), 23.9 ms avg latency, 103.0 ms max latency.
16666 records sent, 147.689308 records/sec (14.42 MB/sec), 292.20 ms avg latency, 7794.00 ms max latency, 22 ms 50th, 1951 ms 95th, 5285 ms 99th, 6636 ms 99.9th.
