run_id=security-overhead-final-factorial-plaintext-b5-rf3-isr3-msg10240-tps10000-batch131072-acks1-prod12-complz4-trial2
producer_count=12
----- /var/lib/kafka-client/results/security-overhead-final-factorial-plaintext-b5-rf3-isr3-msg10240-tps10000-batch131072-acks1-prod12-complz4-trial2/producer-perf-1.log -----
producer_index=1
producer_count=12
producer_records=8334
producer_throughput=834
1 records sent, 0.1 records/sec (0.00 MB/sec), 8624.0 ms avg latency, 8624.0 ms max latency.
1699 records sent, 338.6 records/sec (3.31 MB/sec), 506.7 ms avg latency, 1461.0 ms max latency.
2337 records sent, 466.5 records/sec (4.56 MB/sec), 170.4 ms avg latency, 541.0 ms max latency.
1728 records sent, 342.8 records/sec (3.35 MB/sec), 103.0 ms avg latency, 285.0 ms max latency.
2084 records sent, 414.1 records/sec (4.04 MB/sec), 105.3 ms avg latency, 397.0 ms max latency.
8334 records sent, 274.505929 records/sec (2.68 MB/sec), 204.35 ms avg latency, 8624.00 ms max latency, 131 ms 50th, 638 ms 95th, 1233 ms 99th, 1403 ms 99.9th.
----- /var/lib/kafka-client/results/security-overhead-final-factorial-plaintext-b5-rf3-isr3-msg10240-tps10000-batch131072-acks1-prod12-complz4-trial2/producer-perf-2.log -----
producer_index=2
producer_count=12
producer_records=8334
producer_throughput=834
1 records sent, 0.1 records/sec (0.00 MB/sec), 7966.0 ms avg latency, 7966.0 ms max latency.
1779 records sent, 355.0 records/sec (3.47 MB/sec), 347.3 ms avg latency, 779.0 ms max latency.
2178 records sent, 433.9 records/sec (4.24 MB/sec), 145.3 ms avg latency, 364.0 ms max latency.
2021 records sent, 401.3 records/sec (3.92 MB/sec), 114.9 ms avg latency, 258.0 ms max latency.
2004 records sent, 395.8 records/sec (3.87 MB/sec), 93.5 ms avg latency, 267.0 ms max latency.
8334 records sent, 280.691119 records/sec (2.74 MB/sec), 166.00 ms avg latency, 7966.00 ms max latency, 124 ms 50th, 465 ms 95th, 688 ms 99th, 758 ms 99.9th.
----- /var/lib/kafka-client/results/security-overhead-final-factorial-plaintext-b5-rf3-isr3-msg10240-tps10000-batch131072-acks1-prod12-complz4-trial2/producer-perf-3.log -----
producer_index=3
producer_count=12
producer_records=8334
producer_throughput=834
1 records sent, 0.1 records/sec (0.00 MB/sec), 8002.0 ms avg latency, 8002.0 ms max latency.
1736 records sent, 344.2 records/sec (3.36 MB/sec), 280.7 ms avg latency, 1033.0 ms max latency.
2222 records sent, 442.0 records/sec (4.32 MB/sec), 127.0 ms avg latency, 416.0 ms max latency.
1983 records sent, 388.1 records/sec (3.79 MB/sec), 124.7 ms avg latency, 391.0 ms max latency.
1983 records sent, 394.9 records/sec (3.86 MB/sec), 101.5 ms avg latency, 420.0 ms max latency.
8334 records sent, 282.451027 records/sec (2.76 MB/sec), 150.39 ms avg latency, 8002.00 ms max latency, 123 ms 50th, 342 ms 95th, 569 ms 99th, 995 ms 99.9th.
----- /var/lib/kafka-client/results/security-overhead-final-factorial-plaintext-b5-rf3-isr3-msg10240-tps10000-batch131072-acks1-prod12-complz4-trial2/producer-perf-4.log -----
producer_index=4
producer_count=12
producer_records=8334
producer_throughput=834
1 records sent, 0.1 records/sec (0.00 MB/sec), 8552.0 ms avg latency, 8552.0 ms max latency.
1838 records sent, 365.8 records/sec (3.57 MB/sec), 491.2 ms avg latency, 1370.0 ms max latency.
2130 records sent, 426.0 records/sec (4.16 MB/sec), 176.6 ms avg latency, 504.0 ms max latency.
1737 records sent, 347.3 records/sec (3.39 MB/sec), 171.9 ms avg latency, 646.0 ms max latency.
2045 records sent, 406.6 records/sec (3.97 MB/sec), 92.2 ms avg latency, 320.0 ms max latency.
8334 records sent, 278.775715 records/sec (2.72 MB/sec), 217.62 ms avg latency, 8552.00 ms max latency, 143 ms 50th, 661 ms 95th, 1132 ms 99th, 1355 ms 99.9th.
----- /var/lib/kafka-client/results/security-overhead-final-factorial-plaintext-b5-rf3-isr3-msg10240-tps10000-batch131072-acks1-prod12-complz4-trial2/producer-perf-5.log -----
producer_index=5
producer_count=12
producer_records=8333
producer_throughput=833
1 records sent, 0.1 records/sec (0.00 MB/sec), 9118.0 ms avg latency, 9118.0 ms max latency.
1736 records sent, 346.7 records/sec (3.39 MB/sec), 338.2 ms avg latency, 925.0 ms max latency.
2133 records sent, 422.5 records/sec (4.13 MB/sec), 185.1 ms avg latency, 642.0 ms max latency.
2019 records sent, 403.1 records/sec (3.94 MB/sec), 107.7 ms avg latency, 353.0 ms max latency.
2118 records sent, 423.1 records/sec (4.13 MB/sec), 99.6 ms avg latency, 348.0 ms max latency.
8333 records sent, 275.080051 records/sec (2.69 MB/sec), 172.70 ms avg latency, 9118.00 ms max latency, 132 ms 50th, 440 ms 95th, 760 ms 99th, 898 ms 99.9th.
----- /var/lib/kafka-client/results/security-overhead-final-factorial-plaintext-b5-rf3-isr3-msg10240-tps10000-batch131072-acks1-prod12-complz4-trial2/producer-perf-6.log -----
producer_index=6
producer_count=12
producer_records=8333
producer_throughput=833
1 records sent, 0.1 records/sec (0.00 MB/sec), 8505.0 ms avg latency, 8505.0 ms max latency.
1532 records sent, 305.1 records/sec (2.98 MB/sec), 503.5 ms avg latency, 1464.0 ms max latency.
2177 records sent, 434.8 records/sec (4.25 MB/sec), 155.5 ms avg latency, 360.0 ms max latency.
1968 records sent, 393.4 records/sec (3.84 MB/sec), 90.7 ms avg latency, 264.0 ms max latency.
2519 records sent, 503.3 records/sec (4.92 MB/sec), 118.4 ms avg latency, 435.0 ms max latency.
8333 records sent, 284.927853 records/sec (2.78 MB/sec), 192.10 ms avg latency, 8505.00 ms max latency, 128 ms 50th, 666 ms 95th, 1162 ms 99th, 1463 ms 99.9th.
----- /var/lib/kafka-client/results/security-overhead-final-factorial-plaintext-b5-rf3-isr3-msg10240-tps10000-batch131072-acks1-prod12-complz4-trial2/producer-perf-7.log -----
producer_index=7
producer_count=12
producer_records=8333
producer_throughput=833
1 records sent, 0.1 records/sec (0.00 MB/sec), 9761.0 ms avg latency, 9761.0 ms max latency.
2000 records sent, 399.4 records/sec (3.90 MB/sec), 402.2 ms avg latency, 1378.0 ms max latency.
2188 records sent, 436.1 records/sec (4.26 MB/sec), 172.4 ms avg latency, 503.0 ms max latency.
2156 records sent, 427.5 records/sec (4.18 MB/sec), 114.0 ms avg latency, 314.0 ms max latency.
8333 records sent, 284.898629 records/sec (2.78 MB/sec), 190.16 ms avg latency, 9761.00 ms max latency, 138 ms 50th, 496 ms 95th, 1034 ms 99th, 1344 ms 99.9th.
----- /var/lib/kafka-client/results/security-overhead-final-factorial-plaintext-b5-rf3-isr3-msg10240-tps10000-batch131072-acks1-prod12-complz4-trial2/producer-perf-8.log -----
producer_index=8
producer_count=12
producer_records=8333
producer_throughput=833
1 records sent, 0.1 records/sec (0.00 MB/sec), 8329.0 ms avg latency, 8329.0 ms max latency.
1961 records sent, 386.2 records/sec (3.77 MB/sec), 375.9 ms avg latency, 1120.0 ms max latency.
2170 records sent, 433.0 records/sec (4.23 MB/sec), 158.0 ms avg latency, 498.0 ms max latency.
1974 records sent, 394.7 records/sec (3.85 MB/sec), 115.2 ms avg latency, 272.0 ms max latency.
1948 records sent, 389.2 records/sec (3.80 MB/sec), 85.2 ms avg latency, 310.0 ms max latency.
8333 records sent, 282.426707 records/sec (2.76 MB/sec), 180.33 ms avg latency, 8329.00 ms max latency, 127 ms 50th, 478 ms 95th, 776 ms 99th, 1086 ms 99.9th.
----- /var/lib/kafka-client/results/security-overhead-final-factorial-plaintext-b5-rf3-isr3-msg10240-tps10000-batch131072-acks1-prod12-complz4-trial2/producer-perf-9.log -----
producer_index=9
producer_count=12
producer_records=8333
producer_throughput=833
1 records sent, 0.1 records/sec (0.00 MB/sec), 8310.0 ms avg latency, 8310.0 ms max latency.
1768 records sent, 352.6 records/sec (3.44 MB/sec), 453.5 ms avg latency, 1450.0 ms max latency.
2116 records sent, 422.8 records/sec (4.13 MB/sec), 144.6 ms avg latency, 428.0 ms max latency.
2191 records sent, 437.9 records/sec (4.28 MB/sec), 94.5 ms avg latency, 283.0 ms max latency.
2164 records sent, 432.8 records/sec (4.23 MB/sec), 115.4 ms avg latency, 510.0 ms max latency.
8333 records sent, 285.337625 records/sec (2.79 MB/sec), 189.23 ms avg latency, 8310.00 ms max latency, 122 ms 50th, 678 ms 95th, 1239 ms 99th, 1416 ms 99.9th.
----- /var/lib/kafka-client/results/security-overhead-final-factorial-plaintext-b5-rf3-isr3-msg10240-tps10000-batch131072-acks1-prod12-complz4-trial2/producer-perf-10.log -----
producer_index=10
producer_count=12
producer_records=8333
producer_throughput=833
1 records sent, 0.1 records/sec (0.00 MB/sec), 7926.0 ms avg latency, 7926.0 ms max latency.
1775 records sent, 353.0 records/sec (3.45 MB/sec), 392.9 ms avg latency, 1110.0 ms max latency.
2140 records sent, 425.9 records/sec (4.16 MB/sec), 158.8 ms avg latency, 462.0 ms max latency.
2188 records sent, 437.3 records/sec (4.27 MB/sec), 118.8 ms avg latency, 338.0 ms max latency.
1898 records sent, 379.1 records/sec (3.70 MB/sec), 90.1 ms avg latency, 236.0 ms max latency.
8333 records sent, 281.920292 records/sec (2.75 MB/sec), 180.24 ms avg latency, 7926.00 ms max latency, 130 ms 50th, 491 ms 95th, 837 ms 99th, 1101 ms 99.9th.
----- /var/lib/kafka-client/results/security-overhead-final-factorial-plaintext-b5-rf3-isr3-msg10240-tps10000-batch131072-acks1-prod12-complz4-trial2/producer-perf-11.log -----
producer_index=11
producer_count=12
producer_records=8333
producer_throughput=833
1 records sent, 0.1 records/sec (0.00 MB/sec), 8613.0 ms avg latency, 8613.0 ms max latency.
1898 records sent, 374.2 records/sec (3.65 MB/sec), 608.4 ms avg latency, 1974.0 ms max latency.
2371 records sent, 473.9 records/sec (4.63 MB/sec), 215.8 ms avg latency, 790.0 ms max latency.
1742 records sent, 348.4 records/sec (3.40 MB/sec), 132.2 ms avg latency, 343.0 ms max latency.
2260 records sent, 451.7 records/sec (4.41 MB/sec), 155.3 ms avg latency, 532.0 ms max latency.
8333 records sent, 282.484152 records/sec (2.76 MB/sec), 271.17 ms avg latency, 8613.00 ms max latency, 162 ms 50th, 950 ms 95th, 1508 ms 99th, 1973 ms 99.9th.
----- /var/lib/kafka-client/results/security-overhead-final-factorial-plaintext-b5-rf3-isr3-msg10240-tps10000-batch131072-acks1-prod12-complz4-trial2/producer-perf-12.log -----
producer_index=12
producer_count=12
producer_records=8333
producer_throughput=833
1 records sent, 0.1 records/sec (0.00 MB/sec), 9150.0 ms avg latency, 9150.0 ms max latency.
1733 records sent, 346.1 records/sec (3.38 MB/sec), 490.9 ms avg latency, 1718.0 ms max latency.
2354 records sent, 465.1 records/sec (4.54 MB/sec), 169.0 ms avg latency, 513.0 ms max latency.
2000 records sent, 398.5 records/sec (3.89 MB/sec), 129.1 ms avg latency, 384.0 ms max latency.
2226 records sent, 443.4 records/sec (4.33 MB/sec), 87.7 ms avg latency, 340.0 ms max latency.
8333 records sent, 278.128233 records/sec (2.72 MB/sec), 205.49 ms avg latency, 9150.00 ms max latency, 137 ms 50th, 613 ms 95th, 1426 ms 99th, 1685 ms 99.9th.
