run_id=security-overhead-final-factorial-plaintext-b5-rf3-isr3-msg102400-tps10000-batch16384-acks1-prod6-compnone-trial3
producer_count=6
----- /var/lib/kafka-client/results/security-overhead-final-factorial-plaintext-b5-rf3-isr3-msg102400-tps10000-batch16384-acks1-prod6-compnone-trial3/producer-perf-1.log -----
producer_index=1
producer_count=6
producer_records=16667
producer_throughput=1667
17 records sent, 3.4 records/sec (0.33 MB/sec), 853.6 ms avg latency, 4520.0 ms max latency.
566 records sent, 113.1 records/sec (11.05 MB/sec), 459.0 ms avg latency, 1080.0 ms max latency.
594 records sent, 118.6 records/sec (11.58 MB/sec), 41.5 ms avg latency, 129.0 ms max latency.
795 records sent, 158.1 records/sec (15.44 MB/sec), 16.2 ms avg latency, 79.0 ms max latency.
897 records sent, 179.3 records/sec (17.51 MB/sec), 31.1 ms avg latency, 231.0 ms max latency.
719 records sent, 143.7 records/sec (14.03 MB/sec), 17.1 ms avg latency, 72.0 ms max latency.
759 records sent, 151.3 records/sec (14.78 MB/sec), 16.1 ms avg latency, 72.0 ms max latency.
712 records sent, 142.4 records/sec (13.90 MB/sec), 15.1 ms avg latency, 59.0 ms max latency.
802 records sent, 160.2 records/sec (15.65 MB/sec), 16.6 ms avg latency, 79.0 ms max latency.
738 records sent, 146.7 records/sec (14.32 MB/sec), 16.6 ms avg latency, 86.0 ms max latency.
832 records sent, 166.3 records/sec (16.24 MB/sec), 16.5 ms avg latency, 86.0 ms max latency.
735 records sent, 146.9 records/sec (14.35 MB/sec), 15.8 ms avg latency, 87.0 ms max latency.
796 records sent, 159.1 records/sec (15.54 MB/sec), 15.7 ms avg latency, 75.0 ms max latency.
892 records sent, 178.4 records/sec (17.42 MB/sec), 15.3 ms avg latency, 81.0 ms max latency.
753 records sent, 150.3 records/sec (14.68 MB/sec), 24.4 ms avg latency, 299.0 ms max latency.
810 records sent, 161.9 records/sec (15.81 MB/sec), 14.4 ms avg latency, 73.0 ms max latency.
819 records sent, 163.3 records/sec (15.95 MB/sec), 14.6 ms avg latency, 62.0 ms max latency.
900 records sent, 179.8 records/sec (17.56 MB/sec), 12.9 ms avg latency, 81.0 ms max latency.
820 records sent, 163.9 records/sec (16.01 MB/sec), 15.0 ms avg latency, 94.0 ms max latency.
821 records sent, 164.0 records/sec (16.02 MB/sec), 12.2 ms avg latency, 59.0 ms max latency.
806 records sent, 161.0 records/sec (15.72 MB/sec), 12.2 ms avg latency, 50.0 ms max latency.
16667 records sent, 151.802466 records/sec (14.82 MB/sec), 33.00 ms avg latency, 4520.00 ms max latency, 13 ms 50th, 64 ms 95th, 706 ms 99th, 909 ms 99.9th.
----- /var/lib/kafka-client/results/security-overhead-final-factorial-plaintext-b5-rf3-isr3-msg102400-tps10000-batch16384-acks1-prod6-compnone-trial3/producer-perf-2.log -----
producer_index=2
producer_count=6
producer_records=16667
producer_throughput=1667
19 records sent, 3.8 records/sec (0.37 MB/sec), 677.9 ms avg latency, 4445.0 ms max latency.
603 records sent, 120.4 records/sec (11.76 MB/sec), 388.5 ms avg latency, 1055.0 ms max latency.
744 records sent, 148.7 records/sec (14.52 MB/sec), 74.8 ms avg latency, 392.0 ms max latency.
772 records sent, 154.3 records/sec (15.07 MB/sec), 17.0 ms avg latency, 57.0 ms max latency.
806 records sent, 160.8 records/sec (15.71 MB/sec), 16.7 ms avg latency, 72.0 ms max latency.
685 records sent, 136.9 records/sec (13.37 MB/sec), 15.5 ms avg latency, 79.0 ms max latency.
754 records sent, 150.6 records/sec (14.70 MB/sec), 17.2 ms avg latency, 76.0 ms max latency.
767 records sent, 153.3 records/sec (14.97 MB/sec), 18.5 ms avg latency, 102.0 ms max latency.
759 records sent, 151.8 records/sec (14.82 MB/sec), 18.8 ms avg latency, 128.0 ms max latency.
770 records sent, 153.9 records/sec (15.03 MB/sec), 19.2 ms avg latency, 190.0 ms max latency.
818 records sent, 163.4 records/sec (15.95 MB/sec), 16.9 ms avg latency, 96.0 ms max latency.
810 records sent, 161.8 records/sec (15.80 MB/sec), 15.8 ms avg latency, 60.0 ms max latency.
790 records sent, 157.8 records/sec (15.41 MB/sec), 14.4 ms avg latency, 62.0 ms max latency.
892 records sent, 178.3 records/sec (17.41 MB/sec), 18.8 ms avg latency, 117.0 ms max latency.
857 records sent, 171.3 records/sec (16.72 MB/sec), 66.7 ms avg latency, 435.0 ms max latency.
805 records sent, 160.9 records/sec (15.72 MB/sec), 16.0 ms avg latency, 128.0 ms max latency.
776 records sent, 155.1 records/sec (15.15 MB/sec), 13.9 ms avg latency, 90.0 ms max latency.
847 records sent, 169.2 records/sec (16.52 MB/sec), 14.0 ms avg latency, 151.0 ms max latency.
952 records sent, 189.5 records/sec (18.51 MB/sec), 21.9 ms avg latency, 114.0 ms max latency.
837 records sent, 167.1 records/sec (16.32 MB/sec), 12.4 ms avg latency, 73.0 ms max latency.
817 records sent, 163.1 records/sec (15.93 MB/sec), 13.4 ms avg latency, 91.0 ms max latency.
16667 records sent, 152.274015 records/sec (14.87 MB/sec), 35.75 ms avg latency, 4445.00 ms max latency, 13 ms 50th, 94 ms 95th, 711 ms 99th, 947 ms 99.9th.
----- /var/lib/kafka-client/results/security-overhead-final-factorial-plaintext-b5-rf3-isr3-msg102400-tps10000-batch16384-acks1-prod6-compnone-trial3/producer-perf-3.log -----
producer_index=3
producer_count=6
producer_records=16667
producer_throughput=1667
52 records sent, 10.4 records/sec (1.01 MB/sec), 523.9 ms avg latency, 4069.0 ms max latency.
551 records sent, 109.7 records/sec (10.71 MB/sec), 289.4 ms avg latency, 810.0 ms max latency.
628 records sent, 125.5 records/sec (12.26 MB/sec), 36.8 ms avg latency, 141.0 ms max latency.
841 records sent, 168.2 records/sec (16.42 MB/sec), 17.5 ms avg latency, 105.0 ms max latency.
748 records sent, 148.6 records/sec (14.51 MB/sec), 16.1 ms avg latency, 56.0 ms max latency.
741 records sent, 147.8 records/sec (14.44 MB/sec), 16.9 ms avg latency, 73.0 ms max latency.
902 records sent, 180.4 records/sec (17.61 MB/sec), 54.4 ms avg latency, 258.0 ms max latency.
773 records sent, 154.1 records/sec (15.05 MB/sec), 14.7 ms avg latency, 74.0 ms max latency.
771 records sent, 154.0 records/sec (15.04 MB/sec), 16.9 ms avg latency, 98.0 ms max latency.
800 records sent, 159.7 records/sec (15.59 MB/sec), 16.7 ms avg latency, 58.0 ms max latency.
834 records sent, 166.7 records/sec (16.28 MB/sec), 17.5 ms avg latency, 80.0 ms max latency.
786 records sent, 157.0 records/sec (15.33 MB/sec), 13.4 ms avg latency, 70.0 ms max latency.
769 records sent, 153.3 records/sec (14.97 MB/sec), 13.1 ms avg latency, 62.0 ms max latency.
813 records sent, 161.9 records/sec (15.81 MB/sec), 13.3 ms avg latency, 60.0 ms max latency.
778 records sent, 154.5 records/sec (15.09 MB/sec), 19.6 ms avg latency, 202.0 ms max latency.
769 records sent, 153.4 records/sec (14.98 MB/sec), 12.8 ms avg latency, 98.0 ms max latency.
854 records sent, 170.8 records/sec (16.68 MB/sec), 12.5 ms avg latency, 71.0 ms max latency.
822 records sent, 163.9 records/sec (16.01 MB/sec), 12.6 ms avg latency, 91.0 ms max latency.
852 records sent, 170.3 records/sec (16.63 MB/sec), 13.5 ms avg latency, 73.0 ms max latency.
892 records sent, 178.0 records/sec (17.39 MB/sec), 14.2 ms avg latency, 55.0 ms max latency.
898 records sent, 179.2 records/sec (17.50 MB/sec), 12.7 ms avg latency, 70.0 ms max latency.
16667 records sent, 151.827358 records/sec (14.83 MB/sec), 28.32 ms avg latency, 4069.00 ms max latency, 12 ms 50th, 66 ms 95th, 522 ms 99th, 719 ms 99.9th.
----- /var/lib/kafka-client/results/security-overhead-final-factorial-plaintext-b5-rf3-isr3-msg102400-tps10000-batch16384-acks1-prod6-compnone-trial3/producer-perf-4.log -----
producer_index=4
producer_count=6
producer_records=16667
producer_throughput=1667
120 records sent, 23.9 records/sec (2.34 MB/sec), 669.9 ms avg latency, 3825.0 ms max latency.
621 records sent, 124.2 records/sec (12.13 MB/sec), 396.3 ms avg latency, 1009.0 ms max latency.
627 records sent, 125.0 records/sec (12.21 MB/sec), 29.6 ms avg latency, 131.0 ms max latency.
941 records sent, 188.2 records/sec (18.38 MB/sec), 26.5 ms avg latency, 186.0 ms max latency.
789 records sent, 157.6 records/sec (15.39 MB/sec), 17.7 ms avg latency, 79.0 ms max latency.
757 records sent, 151.3 records/sec (14.78 MB/sec), 18.7 ms avg latency, 106.0 ms max latency.
742 records sent, 148.4 records/sec (14.49 MB/sec), 17.8 ms avg latency, 94.0 ms max latency.
689 records sent, 137.5 records/sec (13.43 MB/sec), 14.7 ms avg latency, 70.0 ms max latency.
764 records sent, 152.4 records/sec (14.88 MB/sec), 14.8 ms avg latency, 64.0 ms max latency.
755 records sent, 150.8 records/sec (14.73 MB/sec), 16.4 ms avg latency, 65.0 ms max latency.
772 records sent, 154.0 records/sec (15.04 MB/sec), 15.2 ms avg latency, 51.0 ms max latency.
900 records sent, 179.9 records/sec (17.57 MB/sec), 26.2 ms avg latency, 181.0 ms max latency.
929 records sent, 185.7 records/sec (18.14 MB/sec), 20.7 ms avg latency, 100.0 ms max latency.
744 records sent, 148.6 records/sec (14.51 MB/sec), 15.1 ms avg latency, 59.0 ms max latency.
750 records sent, 148.7 records/sec (14.52 MB/sec), 21.4 ms avg latency, 163.0 ms max latency.
834 records sent, 166.8 records/sec (16.29 MB/sec), 13.9 ms avg latency, 102.0 ms max latency.
925 records sent, 184.9 records/sec (18.06 MB/sec), 14.1 ms avg latency, 69.0 ms max latency.
923 records sent, 184.2 records/sec (17.99 MB/sec), 12.8 ms avg latency, 59.0 ms max latency.
834 records sent, 166.5 records/sec (16.26 MB/sec), 14.3 ms avg latency, 73.0 ms max latency.
860 records sent, 172.0 records/sec (16.79 MB/sec), 12.8 ms avg latency, 56.0 ms max latency.
764 records sent, 152.6 records/sec (14.90 MB/sec), 11.6 ms avg latency, 65.0 ms max latency.
16667 records sent, 153.007923 records/sec (14.94 MB/sec), 36.17 ms avg latency, 3825.00 ms max latency, 13 ms 50th, 72 ms 95th, 728 ms 99th, 964 ms 99.9th.
----- /var/lib/kafka-client/results/security-overhead-final-factorial-plaintext-b5-rf3-isr3-msg102400-tps10000-batch16384-acks1-prod6-compnone-trial3/producer-perf-5.log -----
producer_index=5
producer_count=6
producer_records=16666
producer_throughput=1666
40 records sent, 8.0 records/sec (0.78 MB/sec), 736.5 ms avg latency, 4313.0 ms max latency.
611 records sent, 121.8 records/sec (11.90 MB/sec), 173.2 ms avg latency, 928.0 ms max latency.
772 records sent, 153.7 records/sec (15.01 MB/sec), 42.1 ms avg latency, 278.0 ms max latency.
946 records sent, 189.0 records/sec (18.46 MB/sec), 21.7 ms avg latency, 223.0 ms max latency.
886 records sent, 177.2 records/sec (17.30 MB/sec), 26.1 ms avg latency, 129.0 ms max latency.
942 records sent, 188.3 records/sec (18.39 MB/sec), 52.7 ms avg latency, 233.0 ms max latency.
759 records sent, 151.3 records/sec (14.78 MB/sec), 15.7 ms avg latency, 93.0 ms max latency.
718 records sent, 143.4 records/sec (14.00 MB/sec), 15.7 ms avg latency, 77.0 ms max latency.
807 records sent, 159.9 records/sec (15.61 MB/sec), 14.7 ms avg latency, 77.0 ms max latency.
887 records sent, 177.4 records/sec (17.32 MB/sec), 33.9 ms avg latency, 169.0 ms max latency.
793 records sent, 158.2 records/sec (15.45 MB/sec), 16.4 ms avg latency, 70.0 ms max latency.
821 records sent, 163.0 records/sec (15.91 MB/sec), 17.5 ms avg latency, 89.0 ms max latency.
845 records sent, 169.0 records/sec (16.50 MB/sec), 14.7 ms avg latency, 90.0 ms max latency.
806 records sent, 161.2 records/sec (15.74 MB/sec), 13.7 ms avg latency, 72.0 ms max latency.
853 records sent, 170.5 records/sec (16.65 MB/sec), 30.4 ms avg latency, 286.0 ms max latency.
802 records sent, 160.1 records/sec (15.63 MB/sec), 13.9 ms avg latency, 102.0 ms max latency.
790 records sent, 157.9 records/sec (15.42 MB/sec), 12.3 ms avg latency, 70.0 ms max latency.
803 records sent, 160.6 records/sec (15.68 MB/sec), 12.5 ms avg latency, 64.0 ms max latency.
869 records sent, 173.8 records/sec (16.97 MB/sec), 12.6 ms avg latency, 78.0 ms max latency.
772 records sent, 154.2 records/sec (15.06 MB/sec), 12.6 ms avg latency, 54.0 ms max latency.
757 records sent, 151.1 records/sec (14.75 MB/sec), 11.7 ms avg latency, 81.0 ms max latency.
16666 records sent, 154.510815 records/sec (15.09 MB/sec), 28.08 ms avg latency, 4313.00 ms max latency, 13 ms 50th, 98 ms 95th, 289 ms 99th, 808 ms 99.9th.
----- /var/lib/kafka-client/results/security-overhead-final-factorial-plaintext-b5-rf3-isr3-msg102400-tps10000-batch16384-acks1-prod6-compnone-trial3/producer-perf-6.log -----
producer_index=6
producer_count=6
producer_records=16666
producer_throughput=1666
52 records sent, 10.3 records/sec (1.01 MB/sec), 340.0 ms avg latency, 4269.0 ms max latency.
606 records sent, 120.8 records/sec (11.80 MB/sec), 133.2 ms avg latency, 428.0 ms max latency.
861 records sent, 172.0 records/sec (16.80 MB/sec), 49.5 ms avg latency, 296.0 ms max latency.
871 records sent, 174.0 records/sec (16.99 MB/sec), 18.7 ms avg latency, 93.0 ms max latency.
783 records sent, 156.2 records/sec (15.25 MB/sec), 16.1 ms avg latency, 63.0 ms max latency.
737 records sent, 147.4 records/sec (14.39 MB/sec), 17.3 ms avg latency, 106.0 ms max latency.
747 records sent, 149.0 records/sec (14.55 MB/sec), 15.3 ms avg latency, 77.0 ms max latency.
816 records sent, 162.7 records/sec (15.89 MB/sec), 15.2 ms avg latency, 63.0 ms max latency.
737 records sent, 147.4 records/sec (14.39 MB/sec), 16.2 ms avg latency, 79.0 ms max latency.
847 records sent, 169.2 records/sec (16.52 MB/sec), 17.7 ms avg latency, 98.0 ms max latency.
829 records sent, 165.5 records/sec (16.16 MB/sec), 16.7 ms avg latency, 78.0 ms max latency.
767 records sent, 152.8 records/sec (14.93 MB/sec), 14.4 ms avg latency, 61.0 ms max latency.
784 records sent, 156.5 records/sec (15.29 MB/sec), 15.7 ms avg latency, 84.0 ms max latency.
782 records sent, 156.2 records/sec (15.26 MB/sec), 15.6 ms avg latency, 72.0 ms max latency.
778 records sent, 155.6 records/sec (15.19 MB/sec), 26.7 ms avg latency, 283.0 ms max latency.
808 records sent, 161.6 records/sec (15.78 MB/sec), 14.2 ms avg latency, 95.0 ms max latency.
808 records sent, 161.6 records/sec (15.78 MB/sec), 13.0 ms avg latency, 80.0 ms max latency.
812 records sent, 162.3 records/sec (15.85 MB/sec), 12.6 ms avg latency, 49.0 ms max latency.
765 records sent, 153.0 records/sec (14.94 MB/sec), 11.8 ms avg latency, 54.0 ms max latency.
818 records sent, 163.5 records/sec (15.97 MB/sec), 12.4 ms avg latency, 88.0 ms max latency.
769 records sent, 153.6 records/sec (15.00 MB/sec), 11.5 ms avg latency, 65.0 ms max latency.
16666 records sent, 151.886044 records/sec (14.83 MB/sec), 22.40 ms avg latency, 4269.00 ms max latency, 13 ms 50th, 69 ms 95th, 208 ms 99th, 388 ms 99.9th.
