run_id=security-overhead-final-factorial-tls-b5-rf5-isr4-msg102400-tps10000-batch16384-acks1-prod6-complz4-trial2
producer_count=6
----- /var/lib/kafka-client/results/security-overhead-final-factorial-tls-b5-rf5-isr4-msg102400-tps10000-batch16384-acks1-prod6-complz4-trial2/producer-perf-1.log -----
producer_index=1
producer_count=6
producer_records=16667
producer_throughput=1667
1 records sent, 0.1 records/sec (0.01 MB/sec), 8115.0 ms avg latency, 8115.0 ms max latency.
85 records sent, 16.9 records/sec (1.65 MB/sec), 5015.2 ms avg latency, 6477.0 ms max latency.
318 records sent, 62.8 records/sec (6.14 MB/sec), 6277.8 ms avg latency, 7024.0 ms max latency.
312 records sent, 61.5 records/sec (6.01 MB/sec), 5217.2 ms avg latency, 5796.0 ms max latency.
561 records sent, 112.1 records/sec (10.95 MB/sec), 3656.3 ms avg latency, 5698.0 ms max latency.
591 records sent, 117.8 records/sec (11.51 MB/sec), 519.3 ms avg latency, 1761.0 ms max latency.
554 records sent, 110.3 records/sec (10.78 MB/sec), 34.7 ms avg latency, 113.0 ms max latency.
535 records sent, 106.6 records/sec (10.41 MB/sec), 41.0 ms avg latency, 231.0 ms max latency.
595 records sent, 118.7 records/sec (11.60 MB/sec), 36.9 ms avg latency, 157.0 ms max latency.
534 records sent, 106.4 records/sec (10.39 MB/sec), 43.3 ms avg latency, 168.0 ms max latency.
628 records sent, 125.4 records/sec (12.24 MB/sec), 30.1 ms avg latency, 135.0 ms max latency.
621 records sent, 124.2 records/sec (12.13 MB/sec), 25.4 ms avg latency, 99.0 ms max latency.
654 records sent, 130.7 records/sec (12.77 MB/sec), 39.1 ms avg latency, 163.0 ms max latency.
587 records sent, 117.2 records/sec (11.44 MB/sec), 29.7 ms avg latency, 123.0 ms max latency.
636 records sent, 127.2 records/sec (12.42 MB/sec), 28.0 ms avg latency, 123.0 ms max latency.
600 records sent, 120.0 records/sec (11.72 MB/sec), 24.9 ms avg latency, 124.0 ms max latency.
585 records sent, 116.8 records/sec (11.40 MB/sec), 24.3 ms avg latency, 111.0 ms max latency.
610 records sent, 121.9 records/sec (11.90 MB/sec), 27.1 ms avg latency, 118.0 ms max latency.
613 records sent, 122.3 records/sec (11.94 MB/sec), 24.0 ms avg latency, 93.0 ms max latency.
700 records sent, 139.6 records/sec (13.63 MB/sec), 21.3 ms avg latency, 105.0 ms max latency.
601 records sent, 119.2 records/sec (11.65 MB/sec), 50.5 ms avg latency, 363.0 ms max latency.
661 records sent, 132.0 records/sec (12.89 MB/sec), 26.0 ms avg latency, 123.0 ms max latency.
682 records sent, 136.3 records/sec (13.31 MB/sec), 19.9 ms avg latency, 84.0 ms max latency.
681 records sent, 135.7 records/sec (13.25 MB/sec), 26.7 ms avg latency, 131.0 ms max latency.
711 records sent, 141.9 records/sec (13.85 MB/sec), 23.7 ms avg latency, 105.0 ms max latency.
710 records sent, 141.9 records/sec (13.86 MB/sec), 22.9 ms avg latency, 112.0 ms max latency.
762 records sent, 152.2 records/sec (14.87 MB/sec), 21.3 ms avg latency, 120.0 ms max latency.
840 records sent, 167.5 records/sec (16.35 MB/sec), 20.8 ms avg latency, 121.0 ms max latency.
16667 records sent, 112.758861 records/sec (11.01 MB/sec), 409.75 ms avg latency, 8115.00 ms max latency, 22 ms 50th, 4708 ms 95th, 6298 ms 99th, 6788 ms 99.9th.
----- /var/lib/kafka-client/results/security-overhead-final-factorial-tls-b5-rf5-isr4-msg102400-tps10000-batch16384-acks1-prod6-complz4-trial2/producer-perf-2.log -----
producer_index=2
producer_count=6
producer_records=16667
producer_throughput=1667
1 records sent, 0.1 records/sec (0.01 MB/sec), 8566.0 ms avg latency, 8566.0 ms max latency.
100 records sent, 19.9 records/sec (1.94 MB/sec), 4783.3 ms avg latency, 5920.0 ms max latency.
216 records sent, 42.6 records/sec (4.16 MB/sec), 6788.2 ms avg latency, 8124.0 ms max latency.
443 records sent, 87.9 records/sec (8.59 MB/sec), 5358.3 ms avg latency, 8168.0 ms max latency.
639 records sent, 127.5 records/sec (12.46 MB/sec), 2008.3 ms avg latency, 3120.0 ms max latency.
554 records sent, 110.6 records/sec (10.81 MB/sec), 119.2 ms avg latency, 811.0 ms max latency.
534 records sent, 105.6 records/sec (10.31 MB/sec), 46.5 ms avg latency, 265.0 ms max latency.
576 records sent, 115.1 records/sec (11.24 MB/sec), 40.9 ms avg latency, 141.0 ms max latency.
591 records sent, 118.1 records/sec (11.53 MB/sec), 33.1 ms avg latency, 122.0 ms max latency.
597 records sent, 119.2 records/sec (11.64 MB/sec), 34.4 ms avg latency, 146.0 ms max latency.
591 records sent, 117.7 records/sec (11.50 MB/sec), 33.1 ms avg latency, 148.0 ms max latency.
640 records sent, 127.7 records/sec (12.47 MB/sec), 39.7 ms avg latency, 183.0 ms max latency.
634 records sent, 126.8 records/sec (12.38 MB/sec), 32.1 ms avg latency, 153.0 ms max latency.
630 records sent, 126.0 records/sec (12.30 MB/sec), 30.6 ms avg latency, 131.0 ms max latency.
618 records sent, 123.5 records/sec (12.06 MB/sec), 32.8 ms avg latency, 177.0 ms max latency.
652 records sent, 130.3 records/sec (12.73 MB/sec), 35.3 ms avg latency, 154.0 ms max latency.
612 records sent, 122.2 records/sec (11.93 MB/sec), 26.2 ms avg latency, 114.0 ms max latency.
602 records sent, 119.8 records/sec (11.70 MB/sec), 24.0 ms avg latency, 138.0 ms max latency.
637 records sent, 127.0 records/sec (12.40 MB/sec), 18.4 ms avg latency, 95.0 ms max latency.
650 records sent, 129.9 records/sec (12.69 MB/sec), 24.0 ms avg latency, 100.0 ms max latency.
606 records sent, 120.9 records/sec (11.80 MB/sec), 42.9 ms avg latency, 314.0 ms max latency.
650 records sent, 129.6 records/sec (12.66 MB/sec), 24.4 ms avg latency, 135.0 ms max latency.
669 records sent, 133.4 records/sec (13.03 MB/sec), 20.6 ms avg latency, 95.0 ms max latency.
612 records sent, 122.4 records/sec (11.95 MB/sec), 20.2 ms avg latency, 90.0 ms max latency.
674 records sent, 134.8 records/sec (13.16 MB/sec), 19.1 ms avg latency, 78.0 ms max latency.
722 records sent, 144.2 records/sec (14.08 MB/sec), 28.3 ms avg latency, 109.0 ms max latency.
813 records sent, 162.4 records/sec (15.86 MB/sec), 18.4 ms avg latency, 101.0 ms max latency.
928 records sent, 185.3 records/sec (18.10 MB/sec), 20.6 ms avg latency, 109.0 ms max latency.
16667 records sent, 113.340088 records/sec (11.07 MB/sec), 365.62 ms avg latency, 8566.00 ms max latency, 23 ms 50th, 2855 ms 95th, 7090 ms 99th, 7889 ms 99.9th.
----- /var/lib/kafka-client/results/security-overhead-final-factorial-tls-b5-rf5-isr4-msg102400-tps10000-batch16384-acks1-prod6-complz4-trial2/producer-perf-3.log -----
producer_index=3
producer_count=6
producer_records=16667
producer_throughput=1667
1 records sent, 0.1 records/sec (0.01 MB/sec), 9004.0 ms avg latency, 9004.0 ms max latency.
113 records sent, 22.6 records/sec (2.21 MB/sec), 4395.2 ms avg latency, 5623.0 ms max latency.
264 records sent, 52.5 records/sec (5.13 MB/sec), 6017.6 ms avg latency, 7546.0 ms max latency.
258 records sent, 50.2 records/sec (4.90 MB/sec), 6565.2 ms avg latency, 7119.0 ms max latency.
675 records sent, 134.7 records/sec (13.15 MB/sec), 3231.1 ms avg latency, 6759.0 ms max latency.
618 records sent, 123.4 records/sec (12.05 MB/sec), 233.7 ms avg latency, 1003.0 ms max latency.
510 records sent, 99.6 records/sec (9.73 MB/sec), 41.7 ms avg latency, 131.0 ms max latency.
593 records sent, 118.3 records/sec (11.55 MB/sec), 42.9 ms avg latency, 256.0 ms max latency.
639 records sent, 127.5 records/sec (12.45 MB/sec), 28.1 ms avg latency, 109.0 ms max latency.
623 records sent, 124.4 records/sec (12.14 MB/sec), 30.4 ms avg latency, 129.0 ms max latency.
626 records sent, 124.8 records/sec (12.19 MB/sec), 32.2 ms avg latency, 149.0 ms max latency.
574 records sent, 114.6 records/sec (11.19 MB/sec), 33.7 ms avg latency, 125.0 ms max latency.
571 records sent, 114.0 records/sec (11.13 MB/sec), 25.8 ms avg latency, 125.0 ms max latency.
642 records sent, 128.4 records/sec (12.54 MB/sec), 29.6 ms avg latency, 113.0 ms max latency.
641 records sent, 127.5 records/sec (12.45 MB/sec), 23.7 ms avg latency, 103.0 ms max latency.
612 records sent, 122.4 records/sec (11.95 MB/sec), 28.3 ms avg latency, 123.0 ms max latency.
666 records sent, 132.4 records/sec (12.93 MB/sec), 22.4 ms avg latency, 105.0 ms max latency.
602 records sent, 120.1 records/sec (11.73 MB/sec), 28.0 ms avg latency, 121.0 ms max latency.
633 records sent, 126.5 records/sec (12.36 MB/sec), 24.6 ms avg latency, 164.0 ms max latency.
670 records sent, 133.5 records/sec (13.04 MB/sec), 26.0 ms avg latency, 191.0 ms max latency.
708 records sent, 141.2 records/sec (13.79 MB/sec), 51.9 ms avg latency, 307.0 ms max latency.
663 records sent, 132.3 records/sec (12.92 MB/sec), 27.8 ms avg latency, 140.0 ms max latency.
702 records sent, 140.2 records/sec (13.69 MB/sec), 22.3 ms avg latency, 102.0 ms max latency.
699 records sent, 139.7 records/sec (13.64 MB/sec), 28.1 ms avg latency, 134.0 ms max latency.
739 records sent, 147.8 records/sec (14.43 MB/sec), 19.2 ms avg latency, 86.0 ms max latency.
711 records sent, 141.2 records/sec (13.79 MB/sec), 23.9 ms avg latency, 149.0 ms max latency.
751 records sent, 149.9 records/sec (14.64 MB/sec), 21.9 ms avg latency, 115.0 ms max latency.
930 records sent, 185.6 records/sec (18.12 MB/sec), 18.7 ms avg latency, 95.0 ms max latency.
16667 records sent, 114.065344 records/sec (11.14 MB/sec), 391.65 ms avg latency, 9004.00 ms max latency, 23 ms 50th, 3948 ms 95th, 6630 ms 99th, 7107 ms 99.9th.
----- /var/lib/kafka-client/results/security-overhead-final-factorial-tls-b5-rf5-isr4-msg102400-tps10000-batch16384-acks1-prod6-complz4-trial2/producer-perf-4.log -----
producer_index=4
producer_count=6
producer_records=16667
producer_throughput=1667
1 records sent, 0.1 records/sec (0.01 MB/sec), 8744.0 ms avg latency, 8744.0 ms max latency.
114 records sent, 22.1 records/sec (2.16 MB/sec), 4659.1 ms avg latency, 5786.0 ms max latency.
306 records sent, 60.7 records/sec (5.93 MB/sec), 6051.0 ms avg latency, 6925.0 ms max latency.
304 records sent, 60.0 records/sec (5.86 MB/sec), 5694.2 ms avg latency, 6070.0 ms max latency.
739 records sent, 147.2 records/sec (14.37 MB/sec), 2286.7 ms avg latency, 5697.0 ms max latency.
526 records sent, 104.7 records/sec (10.22 MB/sec), 41.5 ms avg latency, 132.0 ms max latency.
530 records sent, 106.0 records/sec (10.35 MB/sec), 37.2 ms avg latency, 127.0 ms max latency.
565 records sent, 112.1 records/sec (10.95 MB/sec), 45.9 ms avg latency, 209.0 ms max latency.
623 records sent, 124.6 records/sec (12.16 MB/sec), 31.9 ms avg latency, 144.0 ms max latency.
588 records sent, 117.4 records/sec (11.46 MB/sec), 27.5 ms avg latency, 143.0 ms max latency.
592 records sent, 118.3 records/sec (11.55 MB/sec), 29.8 ms avg latency, 131.0 ms max latency.
640 records sent, 127.2 records/sec (12.42 MB/sec), 35.9 ms avg latency, 150.0 ms max latency.
597 records sent, 119.0 records/sec (11.62 MB/sec), 32.9 ms avg latency, 169.0 ms max latency.
705 records sent, 140.9 records/sec (13.76 MB/sec), 28.0 ms avg latency, 108.0 ms max latency.
589 records sent, 116.0 records/sec (11.33 MB/sec), 25.9 ms avg latency, 138.0 ms max latency.
710 records sent, 141.0 records/sec (13.77 MB/sec), 29.7 ms avg latency, 142.0 ms max latency.
639 records sent, 127.6 records/sec (12.46 MB/sec), 26.2 ms avg latency, 109.0 ms max latency.
615 records sent, 122.5 records/sec (11.97 MB/sec), 25.5 ms avg latency, 130.0 ms max latency.
675 records sent, 134.9 records/sec (13.18 MB/sec), 27.1 ms avg latency, 92.0 ms max latency.
680 records sent, 135.7 records/sec (13.25 MB/sec), 29.5 ms avg latency, 272.0 ms max latency.
681 records sent, 135.9 records/sec (13.27 MB/sec), 51.2 ms avg latency, 346.0 ms max latency.
661 records sent, 132.1 records/sec (12.90 MB/sec), 22.0 ms avg latency, 129.0 ms max latency.
715 records sent, 142.4 records/sec (13.91 MB/sec), 29.0 ms avg latency, 154.0 ms max latency.
671 records sent, 133.8 records/sec (13.07 MB/sec), 28.0 ms avg latency, 154.0 ms max latency.
736 records sent, 147.0 records/sec (14.36 MB/sec), 24.1 ms avg latency, 117.0 ms max latency.
679 records sent, 134.9 records/sec (13.18 MB/sec), 22.9 ms avg latency, 135.0 ms max latency.
724 records sent, 144.7 records/sec (14.13 MB/sec), 17.5 ms avg latency, 76.0 ms max latency.
961 records sent, 191.7 records/sec (18.72 MB/sec), 16.3 ms avg latency, 74.0 ms max latency.
16667 records sent, 114.446001 records/sec (11.18 MB/sec), 375.31 ms avg latency, 8744.00 ms max latency, 23 ms 50th, 4150 ms 95th, 5955 ms 99th, 6695 ms 99.9th.
----- /var/lib/kafka-client/results/security-overhead-final-factorial-tls-b5-rf5-isr4-msg102400-tps10000-batch16384-acks1-prod6-complz4-trial2/producer-perf-5.log -----
producer_index=5
producer_count=6
producer_records=16666
producer_throughput=1666
1 records sent, 0.1 records/sec (0.01 MB/sec), 9204.0 ms avg latency, 9204.0 ms max latency.
143 records sent, 28.4 records/sec (2.77 MB/sec), 4586.4 ms avg latency, 5603.0 ms max latency.
282 records sent, 56.3 records/sec (5.50 MB/sec), 5711.6 ms avg latency, 6839.0 ms max latency.
258 records sent, 51.5 records/sec (5.03 MB/sec), 6057.5 ms avg latency, 6540.0 ms max latency.
470 records sent, 94.0 records/sec (9.18 MB/sec), 4922.6 ms avg latency, 6599.0 ms max latency.
680 records sent, 135.9 records/sec (13.27 MB/sec), 1136.2 ms avg latency, 2667.0 ms max latency.
526 records sent, 104.3 records/sec (10.18 MB/sec), 45.6 ms avg latency, 185.0 ms max latency.
548 records sent, 109.3 records/sec (10.68 MB/sec), 37.9 ms avg latency, 144.0 ms max latency.
602 records sent, 120.3 records/sec (11.75 MB/sec), 40.0 ms avg latency, 177.0 ms max latency.
634 records sent, 126.6 records/sec (12.36 MB/sec), 31.5 ms avg latency, 168.0 ms max latency.
617 records sent, 122.8 records/sec (12.00 MB/sec), 37.4 ms avg latency, 111.0 ms max latency.
635 records sent, 126.9 records/sec (12.39 MB/sec), 38.3 ms avg latency, 192.0 ms max latency.
606 records sent, 121.0 records/sec (11.82 MB/sec), 34.3 ms avg latency, 119.0 ms max latency.
648 records sent, 129.5 records/sec (12.65 MB/sec), 36.7 ms avg latency, 196.0 ms max latency.
611 records sent, 122.0 records/sec (11.91 MB/sec), 24.8 ms avg latency, 98.0 ms max latency.
628 records sent, 125.3 records/sec (12.24 MB/sec), 25.7 ms avg latency, 111.0 ms max latency.
642 records sent, 127.0 records/sec (12.41 MB/sec), 23.0 ms avg latency, 109.0 ms max latency.
687 records sent, 137.1 records/sec (13.39 MB/sec), 28.5 ms avg latency, 132.0 ms max latency.
688 records sent, 137.5 records/sec (13.43 MB/sec), 28.1 ms avg latency, 111.0 ms max latency.
693 records sent, 138.4 records/sec (13.51 MB/sec), 34.8 ms avg latency, 346.0 ms max latency.
639 records sent, 127.6 records/sec (12.46 MB/sec), 36.7 ms avg latency, 361.0 ms max latency.
733 records sent, 145.0 records/sec (14.16 MB/sec), 37.8 ms avg latency, 215.0 ms max latency.
734 records sent, 146.4 records/sec (14.30 MB/sec), 22.9 ms avg latency, 112.0 ms max latency.
695 records sent, 138.1 records/sec (13.48 MB/sec), 29.9 ms avg latency, 164.0 ms max latency.
699 records sent, 139.5 records/sec (13.63 MB/sec), 20.6 ms avg latency, 90.0 ms max latency.
650 records sent, 129.9 records/sec (12.69 MB/sec), 19.0 ms avg latency, 72.0 ms max latency.
746 records sent, 149.1 records/sec (14.56 MB/sec), 23.8 ms avg latency, 112.0 ms max latency.
863 records sent, 172.6 records/sec (16.86 MB/sec), 20.2 ms avg latency, 119.0 ms max latency.
16666 records sent, 113.551042 records/sec (11.09 MB/sec), 442.23 ms avg latency, 9204.00 ms max latency, 24 ms 50th, 5018 ms 95th, 6205 ms 99th, 6540 ms 99.9th.
----- /var/lib/kafka-client/results/security-overhead-final-factorial-tls-b5-rf5-isr4-msg102400-tps10000-batch16384-acks1-prod6-complz4-trial2/producer-perf-6.log -----
producer_index=6
producer_count=6
producer_records=16666
producer_throughput=1666
1 records sent, 0.1 records/sec (0.01 MB/sec), 9300.0 ms avg latency, 9300.0 ms max latency.
125 records sent, 24.5 records/sec (2.40 MB/sec), 4533.4 ms avg latency, 5638.0 ms max latency.
264 records sent, 51.9 records/sec (5.07 MB/sec), 6334.5 ms avg latency, 7266.0 ms max latency.
264 records sent, 52.4 records/sec (5.12 MB/sec), 6153.6 ms avg latency, 7148.0 ms max latency.
377 records sent, 75.4 records/sec (7.36 MB/sec), 5330.6 ms avg latency, 6338.0 ms max latency.
728 records sent, 145.3 records/sec (14.18 MB/sec), 1937.4 ms avg latency, 4346.0 ms max latency.
547 records sent, 108.4 records/sec (10.59 MB/sec), 41.2 ms avg latency, 184.0 ms max latency.
619 records sent, 123.6 records/sec (12.07 MB/sec), 44.1 ms avg latency, 166.0 ms max latency.
598 records sent, 118.7 records/sec (11.59 MB/sec), 35.4 ms avg latency, 139.0 ms max latency.
593 records sent, 117.8 records/sec (11.50 MB/sec), 41.1 ms avg latency, 152.0 ms max latency.
617 records sent, 121.6 records/sec (11.88 MB/sec), 29.9 ms avg latency, 130.0 ms max latency.
648 records sent, 129.2 records/sec (12.62 MB/sec), 29.6 ms avg latency, 144.0 ms max latency.
658 records sent, 131.5 records/sec (12.85 MB/sec), 36.0 ms avg latency, 163.0 ms max latency.
592 records sent, 118.3 records/sec (11.55 MB/sec), 35.1 ms avg latency, 139.0 ms max latency.
632 records sent, 126.3 records/sec (12.34 MB/sec), 39.3 ms avg latency, 193.0 ms max latency.
691 records sent, 138.1 records/sec (13.49 MB/sec), 38.3 ms avg latency, 253.0 ms max latency.
670 records sent, 133.7 records/sec (13.06 MB/sec), 36.8 ms avg latency, 161.0 ms max latency.
703 records sent, 139.7 records/sec (13.65 MB/sec), 44.9 ms avg latency, 331.0 ms max latency.
679 records sent, 135.8 records/sec (13.26 MB/sec), 30.8 ms avg latency, 132.0 ms max latency.
625 records sent, 124.8 records/sec (12.19 MB/sec), 35.3 ms avg latency, 256.0 ms max latency.
727 records sent, 145.3 records/sec (14.19 MB/sec), 53.1 ms avg latency, 372.0 ms max latency.
656 records sent, 130.7 records/sec (12.76 MB/sec), 25.5 ms avg latency, 149.0 ms max latency.
654 records sent, 130.5 records/sec (12.75 MB/sec), 23.5 ms avg latency, 158.0 ms max latency.
666 records sent, 132.7 records/sec (12.96 MB/sec), 24.3 ms avg latency, 148.0 ms max latency.
694 records sent, 138.8 records/sec (13.55 MB/sec), 26.1 ms avg latency, 143.0 ms max latency.
725 records sent, 143.8 records/sec (14.04 MB/sec), 25.5 ms avg latency, 140.0 ms max latency.
732 records sent, 146.3 records/sec (14.29 MB/sec), 23.8 ms avg latency, 116.0 ms max latency.
877 records sent, 175.4 records/sec (17.13 MB/sec), 20.3 ms avg latency, 136.0 ms max latency.
16666 records sent, 113.273206 records/sec (11.06 MB/sec), 467.16 ms avg latency, 9300.00 ms max latency, 26 ms 50th, 4986 ms 95th, 6430 ms 99th, 7066 ms 99.9th.
