run_id=security-overhead-final-factorial-plaintext-b5-rf5-isr3-msg10240-tps10000-batch16384-acks1-prod12-compnone-trial1
producer_count=12
----- /var/lib/kafka-client/results/security-overhead-final-factorial-plaintext-b5-rf5-isr3-msg10240-tps10000-batch16384-acks1-prod12-compnone-trial1/producer-perf-1.log -----
producer_index=1
producer_count=12
producer_records=8334
producer_throughput=834
1 records sent, 0.1 records/sec (0.00 MB/sec), 9161.0 ms avg latency, 9161.0 ms max latency.
243 records sent, 48.0 records/sec (0.47 MB/sec), 3060.1 ms avg latency, 5003.0 ms max latency.
496 records sent, 98.6 records/sec (0.96 MB/sec), 6925.9 ms avg latency, 8345.0 ms max latency.
931 records sent, 185.8 records/sec (1.81 MB/sec), 9535.9 ms avg latency, 10805.0 ms max latency.
1282 records sent, 256.4 records/sec (2.50 MB/sec), 10831.3 ms avg latency, 12285.0 ms max latency.
1706 records sent, 339.7 records/sec (3.32 MB/sec), 7613.2 ms avg latency, 9261.0 ms max latency.
1611 records sent, 318.4 records/sec (3.11 MB/sec), 5873.3 ms avg latency, 6473.0 ms max latency.
8334 records sent, 188.134905 records/sec (1.84 MB/sec), 7266.92 ms avg latency, 12285.00 ms max latency, 6477 ms 50th, 11491 ms 95th, 11883 ms 99th, 12146 ms 99.9th.
----- /var/lib/kafka-client/results/security-overhead-final-factorial-plaintext-b5-rf5-isr3-msg10240-tps10000-batch16384-acks1-prod12-compnone-trial1/producer-perf-2.log -----
producer_index=2
producer_count=12
producer_records=8334
producer_throughput=834
1 records sent, 0.1 records/sec (0.00 MB/sec), 8707.0 ms avg latency, 8707.0 ms max latency.
259 records sent, 51.7 records/sec (0.50 MB/sec), 3159.2 ms avg latency, 5309.0 ms max latency.
508 records sent, 101.4 records/sec (0.99 MB/sec), 6680.4 ms avg latency, 8026.0 ms max latency.
926 records sent, 185.1 records/sec (1.81 MB/sec), 9224.7 ms avg latency, 10319.0 ms max latency.
1528 records sent, 304.9 records/sec (2.98 MB/sec), 9773.8 ms avg latency, 11259.0 ms max latency.
1656 records sent, 330.9 records/sec (3.23 MB/sec), 6533.0 ms avg latency, 7768.0 ms max latency.
1916 records sent, 380.1 records/sec (3.71 MB/sec), 6010.0 ms avg latency, 6458.0 ms max latency.
8334 records sent, 195.656767 records/sec (1.91 MB/sec), 6862.42 ms avg latency, 11259.00 ms max latency, 6286 ms 50th, 10644 ms 95th, 11019 ms 99th, 11195 ms 99.9th.
----- /var/lib/kafka-client/results/security-overhead-final-factorial-plaintext-b5-rf5-isr3-msg10240-tps10000-batch16384-acks1-prod12-compnone-trial1/producer-perf-3.log -----
producer_index=3
producer_count=12
producer_records=8334
producer_throughput=834
1 records sent, 0.1 records/sec (0.00 MB/sec), 8381.0 ms avg latency, 8381.0 ms max latency.
237 records sent, 47.4 records/sec (0.46 MB/sec), 3136.0 ms avg latency, 4934.0 ms max latency.
514 records sent, 102.1 records/sec (1.00 MB/sec), 6700.2 ms avg latency, 7878.0 ms max latency.
890 records sent, 178.0 records/sec (1.74 MB/sec), 9192.0 ms avg latency, 10403.0 ms max latency.
1307 records sent, 258.6 records/sec (2.52 MB/sec), 10619.1 ms avg latency, 11522.0 ms max latency.
1600 records sent, 319.4 records/sec (3.12 MB/sec), 7857.6 ms avg latency, 9156.0 ms max latency.
1891 records sent, 374.2 records/sec (3.65 MB/sec), 5673.2 ms avg latency, 6911.0 ms max latency.
8334 records sent, 194.542356 records/sec (1.90 MB/sec), 7036.50 ms avg latency, 11522.00 ms max latency, 6606 ms 50th, 11062 ms 95th, 11356 ms 99th, 11496 ms 99.9th.
----- /var/lib/kafka-client/results/security-overhead-final-factorial-plaintext-b5-rf5-isr3-msg10240-tps10000-batch16384-acks1-prod12-compnone-trial1/producer-perf-4.log -----
producer_index=4
producer_count=12
producer_records=8334
producer_throughput=834
1 records sent, 0.1 records/sec (0.00 MB/sec), 9348.0 ms avg latency, 9348.0 ms max latency.
238 records sent, 47.5 records/sec (0.46 MB/sec), 2954.6 ms avg latency, 4794.0 ms max latency.
477 records sent, 95.3 records/sec (0.93 MB/sec), 6731.3 ms avg latency, 8403.0 ms max latency.
975 records sent, 194.8 records/sec (1.90 MB/sec), 9413.9 ms avg latency, 10556.0 ms max latency.
1312 records sent, 262.4 records/sec (2.56 MB/sec), 10222.4 ms avg latency, 11638.0 ms max latency.
1617 records sent, 323.2 records/sec (3.16 MB/sec), 7426.7 ms avg latency, 8704.0 ms max latency.
1907 records sent, 380.6 records/sec (3.72 MB/sec), 5987.6 ms avg latency, 6753.0 ms max latency.
8334 records sent, 192.845243 records/sec (1.88 MB/sec), 7012.26 ms avg latency, 11638.00 ms max latency, 6677 ms 50th, 10808 ms 95th, 11328 ms 99th, 11537 ms 99.9th.
----- /var/lib/kafka-client/results/security-overhead-final-factorial-plaintext-b5-rf5-isr3-msg10240-tps10000-batch16384-acks1-prod12-compnone-trial1/producer-perf-5.log -----
producer_index=5
producer_count=12
producer_records=8333
producer_throughput=833
1 records sent, 0.1 records/sec (0.00 MB/sec), 9342.0 ms avg latency, 9342.0 ms max latency.
243 records sent, 47.8 records/sec (0.47 MB/sec), 3166.1 ms avg latency, 5006.0 ms max latency.
551 records sent, 109.6 records/sec (1.07 MB/sec), 6659.0 ms avg latency, 8486.0 ms max latency.
937 records sent, 186.7 records/sec (1.82 MB/sec), 9600.8 ms avg latency, 10649.0 ms max latency.
1344 records sent, 268.4 records/sec (2.62 MB/sec), 10364.1 ms avg latency, 11546.0 ms max latency.
1487 records sent, 296.7 records/sec (2.90 MB/sec), 7573.6 ms avg latency, 8639.0 ms max latency.
2090 records sent, 415.4 records/sec (4.06 MB/sec), 6121.4 ms avg latency, 7488.0 ms max latency.
8333 records sent, 194.043405 records/sec (1.89 MB/sec), 7033.42 ms avg latency, 11546.00 ms max latency, 7015 ms 50th, 11026 ms 95th, 11358 ms 99th, 11497 ms 99.9th.
----- /var/lib/kafka-client/results/security-overhead-final-factorial-plaintext-b5-rf5-isr3-msg10240-tps10000-batch16384-acks1-prod12-compnone-trial1/producer-perf-6.log -----
producer_index=6
producer_count=12
producer_records=8333
producer_throughput=833
1 records sent, 0.1 records/sec (0.00 MB/sec), 9228.0 ms avg latency, 9228.0 ms max latency.
224 records sent, 44.6 records/sec (0.44 MB/sec), 2970.0 ms avg latency, 4807.0 ms max latency.
437 records sent, 87.1 records/sec (0.85 MB/sec), 6631.0 ms avg latency, 8383.0 ms max latency.
871 records sent, 172.6 records/sec (1.69 MB/sec), 9546.4 ms avg latency, 10857.0 ms max latency.
1270 records sent, 253.9 records/sec (2.48 MB/sec), 10803.0 ms avg latency, 11941.0 ms max latency.
1514 records sent, 302.1 records/sec (2.95 MB/sec), 7974.0 ms avg latency, 9422.0 ms max latency.
2084 records sent, 414.6 records/sec (4.05 MB/sec), 6014.9 ms avg latency, 7490.0 ms max latency.
8333 records sent, 192.403602 records/sec (1.88 MB/sec), 7021.09 ms avg latency, 11941.00 ms max latency, 6938 ms 50th, 11030 ms 95th, 11545 ms 99th, 11755 ms 99.9th.
----- /var/lib/kafka-client/results/security-overhead-final-factorial-plaintext-b5-rf5-isr3-msg10240-tps10000-batch16384-acks1-prod12-compnone-trial1/producer-perf-7.log -----
producer_index=7
producer_count=12
producer_records=8333
producer_throughput=833
1 records sent, 0.1 records/sec (0.00 MB/sec), 1349.0 ms avg latency, 1349.0 ms max latency.
236 records sent, 47.1 records/sec (0.46 MB/sec), 3074.2 ms avg latency, 10792.0 ms max latency.
480 records sent, 95.7 records/sec (0.93 MB/sec), 6427.2 ms avg latency, 7618.0 ms max latency.
816 records sent, 162.7 records/sec (1.59 MB/sec), 8853.0 ms avg latency, 10134.0 ms max latency.
1309 records sent, 261.3 records/sec (2.55 MB/sec), 10832.6 ms avg latency, 11886.0 ms max latency.
1439 records sent, 287.3 records/sec (2.81 MB/sec), 7871.3 ms avg latency, 9548.0 ms max latency.
2326 records sent, 465.1 records/sec (4.54 MB/sec), 5729.3 ms avg latency, 7103.0 ms max latency.
8333 records sent, 193.318641 records/sec (1.89 MB/sec), 6707.39 ms avg latency, 11886.00 ms max latency, 6768 ms 50th, 11431 ms 95th, 11772 ms 99th, 11836 ms 99.9th.
----- /var/lib/kafka-client/results/security-overhead-final-factorial-plaintext-b5-rf5-isr3-msg10240-tps10000-batch16384-acks1-prod12-compnone-trial1/producer-perf-8.log -----
producer_index=8
producer_count=12
producer_records=8333
producer_throughput=833
1 records sent, 0.1 records/sec (0.00 MB/sec), 8256.0 ms avg latency, 8256.0 ms max latency.
234 records sent, 46.1 records/sec (0.45 MB/sec), 2812.0 ms avg latency, 4851.0 ms max latency.
562 records sent, 112.2 records/sec (1.10 MB/sec), 6572.8 ms avg latency, 7942.0 ms max latency.
949 records sent, 189.8 records/sec (1.85 MB/sec), 9662.7 ms avg latency, 10782.0 ms max latency.
1337 records sent, 266.9 records/sec (2.61 MB/sec), 10178.1 ms avg latency, 11541.0 ms max latency.
1536 records sent, 304.5 records/sec (2.97 MB/sec), 7382.2 ms avg latency, 8423.0 ms max latency.
2062 records sent, 412.0 records/sec (4.02 MB/sec), 5943.1 ms avg latency, 7234.0 ms max latency.
8333 records sent, 196.204469 records/sec (1.92 MB/sec), 6983.63 ms avg latency, 11541.00 ms max latency, 6835 ms 50th, 10832 ms 95th, 11352 ms 99th, 11511 ms 99.9th.
----- /var/lib/kafka-client/results/security-overhead-final-factorial-plaintext-b5-rf5-isr3-msg10240-tps10000-batch16384-acks1-prod12-compnone-trial1/producer-perf-9.log -----
producer_index=9
producer_count=12
producer_records=8333
producer_throughput=833
1 records sent, 0.1 records/sec (0.00 MB/sec), 9248.0 ms avg latency, 9248.0 ms max latency.
241 records sent, 47.3 records/sec (0.46 MB/sec), 2690.4 ms avg latency, 4635.0 ms max latency.
525 records sent, 104.9 records/sec (1.02 MB/sec), 6778.7 ms avg latency, 8261.0 ms max latency.
957 records sent, 187.2 records/sec (1.83 MB/sec), 9611.0 ms avg latency, 10705.0 ms max latency.
1343 records sent, 267.7 records/sec (2.61 MB/sec), 10269.3 ms avg latency, 11467.0 ms max latency.
1780 records sent, 354.7 records/sec (3.46 MB/sec), 7047.8 ms avg latency, 8454.0 ms max latency.
1935 records sent, 385.8 records/sec (3.77 MB/sec), 5575.5 ms avg latency, 6188.0 ms max latency.
8333 records sent, 192.496939 records/sec (1.88 MB/sec), 6954.06 ms avg latency, 11467.00 ms max latency, 6502 ms 50th, 10931 ms 95th, 11277 ms 99th, 11373 ms 99.9th.
----- /var/lib/kafka-client/results/security-overhead-final-factorial-plaintext-b5-rf5-isr3-msg10240-tps10000-batch16384-acks1-prod12-compnone-trial1/producer-perf-10.log -----
producer_index=10
producer_count=12
producer_records=8333
producer_throughput=833
1 records sent, 0.1 records/sec (0.00 MB/sec), 8148.0 ms avg latency, 8148.0 ms max latency.
209 records sent, 41.7 records/sec (0.41 MB/sec), 3003.3 ms avg latency, 4655.0 ms max latency.
521 records sent, 104.1 records/sec (1.02 MB/sec), 6285.8 ms avg latency, 7962.0 ms max latency.
866 records sent, 173.1 records/sec (1.69 MB/sec), 8961.5 ms avg latency, 10509.0 ms max latency.
1319 records sent, 258.0 records/sec (2.52 MB/sec), 10488.1 ms avg latency, 11512.0 ms max latency.
1511 records sent, 302.0 records/sec (2.95 MB/sec), 7838.3 ms avg latency, 9368.0 ms max latency.
1987 records sent, 396.7 records/sec (3.87 MB/sec), 6052.5 ms avg latency, 7122.0 ms max latency.
8333 records sent, 197.750303 records/sec (1.93 MB/sec), 7001.00 ms avg latency, 11512.00 ms max latency, 6786 ms 50th, 10805 ms 95th, 11208 ms 99th, 11418 ms 99.9th.
----- /var/lib/kafka-client/results/security-overhead-final-factorial-plaintext-b5-rf5-isr3-msg10240-tps10000-batch16384-acks1-prod12-compnone-trial1/producer-perf-11.log -----
producer_index=11
producer_count=12
producer_records=8333
producer_throughput=833
1 records sent, 0.1 records/sec (0.00 MB/sec), 9916.0 ms avg latency, 9916.0 ms max latency.
245 records sent, 48.8 records/sec (0.48 MB/sec), 3083.2 ms avg latency, 4636.0 ms max latency.
501 records sent, 99.9 records/sec (0.98 MB/sec), 6402.5 ms avg latency, 7941.0 ms max latency.
1077 records sent, 214.8 records/sec (2.10 MB/sec), 9298.9 ms avg latency, 10122.0 ms max latency.
1225 records sent, 245.0 records/sec (2.39 MB/sec), 9955.5 ms avg latency, 11333.0 ms max latency.
1696 records sent, 334.5 records/sec (3.27 MB/sec), 7427.9 ms avg latency, 8587.0 ms max latency.
1826 records sent, 363.1 records/sec (3.55 MB/sec), 6069.9 ms avg latency, 6519.0 ms max latency.
8333 records sent, 190.403290 records/sec (1.86 MB/sec), 7028.79 ms avg latency, 11333.00 ms max latency, 6424 ms 50th, 10436 ms 95th, 10977 ms 99th, 11204 ms 99.9th.
----- /var/lib/kafka-client/results/security-overhead-final-factorial-plaintext-b5-rf5-isr3-msg10240-tps10000-batch16384-acks1-prod12-compnone-trial1/producer-perf-12.log -----
producer_index=12
producer_count=12
producer_records=8333
producer_throughput=833
1 records sent, 0.1 records/sec (0.00 MB/sec), 9357.0 ms avg latency, 9357.0 ms max latency.
211 records sent, 41.3 records/sec (0.40 MB/sec), 2796.7 ms avg latency, 5158.0 ms max latency.
419 records sent, 83.7 records/sec (0.82 MB/sec), 6471.5 ms avg latency, 7857.0 ms max latency.
733 records sent, 146.5 records/sec (1.43 MB/sec), 9343.5 ms avg latency, 10649.0 ms max latency.
1066 records sent, 210.3 records/sec (2.05 MB/sec), 11546.3 ms avg latency, 12856.0 ms max latency.
1640 records sent, 327.9 records/sec (3.20 MB/sec), 9088.7 ms avg latency, 12858.0 ms max latency.
1873 records sent, 374.6 records/sec (3.66 MB/sec), 5963.7 ms avg latency, 7285.0 ms max latency.
8333 records sent, 189.494031 records/sec (1.85 MB/sec), 7137.03 ms avg latency, 12858.00 ms max latency, 6166 ms 50th, 12118 ms 95th, 12651 ms 99th, 12824 ms 99.9th.
