run_id=security-overhead-final-factorial-plaintext-b5-rf5-isr4-msg102400-tps1000-batch131072-acks1-prod12-complz4-trial3
producer_count=12
----- /var/lib/kafka-client/results/security-overhead-final-factorial-plaintext-b5-rf5-isr4-msg102400-tps1000-batch131072-acks1-prod12-complz4-trial3/producer-perf-1.log -----
producer_index=1
producer_count=12
producer_records=8334
producer_throughput=84
1 records sent, 0.1 records/sec (0.01 MB/sec), 9448.0 ms avg latency, 9448.0 ms max latency.
207 records sent, 41.4 records/sec (4.04 MB/sec), 582.3 ms avg latency, 1774.0 ms max latency.
242 records sent, 48.4 records/sec (4.72 MB/sec), 180.8 ms avg latency, 647.0 ms max latency.
234 records sent, 46.7 records/sec (4.56 MB/sec), 110.8 ms avg latency, 299.0 ms max latency.
278 records sent, 55.4 records/sec (5.41 MB/sec), 74.6 ms avg latency, 334.0 ms max latency.
301 records sent, 59.9 records/sec (5.85 MB/sec), 53.1 ms avg latency, 216.0 ms max latency.
345 records sent, 68.0 records/sec (6.64 MB/sec), 36.3 ms avg latency, 141.0 ms max latency.
335 records sent, 67.0 records/sec (6.54 MB/sec), 42.6 ms avg latency, 189.0 ms max latency.
281 records sent, 55.7 records/sec (5.44 MB/sec), 43.9 ms avg latency, 144.0 ms max latency.
275 records sent, 55.0 records/sec (5.37 MB/sec), 50.3 ms avg latency, 191.0 ms max latency.
293 records sent, 58.4 records/sec (5.71 MB/sec), 42.3 ms avg latency, 170.0 ms max latency.
256 records sent, 51.1 records/sec (4.99 MB/sec), 45.9 ms avg latency, 225.0 ms max latency.
281 records sent, 56.1 records/sec (5.48 MB/sec), 44.3 ms avg latency, 170.0 ms max latency.
316 records sent, 63.0 records/sec (6.15 MB/sec), 41.3 ms avg latency, 146.0 ms max latency.
263 records sent, 52.5 records/sec (5.13 MB/sec), 43.0 ms avg latency, 175.0 ms max latency.
299 records sent, 59.5 records/sec (5.81 MB/sec), 53.0 ms avg latency, 285.0 ms max latency.
292 records sent, 58.3 records/sec (5.69 MB/sec), 67.3 ms avg latency, 308.0 ms max latency.
307 records sent, 61.4 records/sec (5.99 MB/sec), 43.2 ms avg latency, 180.0 ms max latency.
277 records sent, 54.5 records/sec (5.32 MB/sec), 42.1 ms avg latency, 264.0 ms max latency.
344 records sent, 68.8 records/sec (6.72 MB/sec), 49.8 ms avg latency, 215.0 ms max latency.
275 records sent, 54.7 records/sec (5.34 MB/sec), 42.8 ms avg latency, 165.0 ms max latency.
269 records sent, 53.7 records/sec (5.24 MB/sec), 39.4 ms avg latency, 199.0 ms max latency.
303 records sent, 60.1 records/sec (5.87 MB/sec), 39.5 ms avg latency, 191.0 ms max latency.
283 records sent, 56.0 records/sec (5.46 MB/sec), 39.1 ms avg latency, 172.0 ms max latency.
302 records sent, 60.3 records/sec (5.89 MB/sec), 36.9 ms avg latency, 131.0 ms max latency.
323 records sent, 64.5 records/sec (6.29 MB/sec), 32.8 ms avg latency, 166.0 ms max latency.
286 records sent, 56.9 records/sec (5.55 MB/sec), 37.8 ms avg latency, 169.0 ms max latency.
268 records sent, 53.2 records/sec (5.19 MB/sec), 37.1 ms avg latency, 234.0 ms max latency.
294 records sent, 58.6 records/sec (5.72 MB/sec), 47.7 ms avg latency, 195.0 ms max latency.
8334 records sent, 53.742778 records/sec (5.25 MB/sec), 64.66 ms avg latency, 9448.00 ms max latency, 36 ms 50th, 173 ms 95th, 604 ms 99th, 1515 ms 99.9th.
----- /var/lib/kafka-client/results/security-overhead-final-factorial-plaintext-b5-rf5-isr4-msg102400-tps1000-batch131072-acks1-prod12-complz4-trial3/producer-perf-2.log -----
producer_index=2
producer_count=12
producer_records=8334
producer_throughput=84
1 records sent, 0.1 records/sec (0.01 MB/sec), 8353.0 ms avg latency, 8353.0 ms max latency.
210 records sent, 41.5 records/sec (4.05 MB/sec), 600.0 ms avg latency, 1501.0 ms max latency.
199 records sent, 39.6 records/sec (3.87 MB/sec), 133.4 ms avg latency, 347.0 ms max latency.
220 records sent, 44.0 records/sec (4.29 MB/sec), 100.7 ms avg latency, 297.0 ms max latency.
253 records sent, 50.1 records/sec (4.90 MB/sec), 66.8 ms avg latency, 217.0 ms max latency.
290 records sent, 57.6 records/sec (5.63 MB/sec), 57.1 ms avg latency, 239.0 ms max latency.
338 records sent, 67.2 records/sec (6.56 MB/sec), 47.0 ms avg latency, 297.0 ms max latency.
379 records sent, 75.5 records/sec (7.37 MB/sec), 46.6 ms avg latency, 304.0 ms max latency.
301 records sent, 60.1 records/sec (5.87 MB/sec), 44.7 ms avg latency, 142.0 ms max latency.
288 records sent, 57.4 records/sec (5.60 MB/sec), 41.2 ms avg latency, 177.0 ms max latency.
268 records sent, 52.8 records/sec (5.15 MB/sec), 41.3 ms avg latency, 207.0 ms max latency.
290 records sent, 57.7 records/sec (5.64 MB/sec), 48.1 ms avg latency, 183.0 ms max latency.
311 records sent, 61.7 records/sec (6.02 MB/sec), 38.7 ms avg latency, 155.0 ms max latency.
284 records sent, 56.8 records/sec (5.54 MB/sec), 50.6 ms avg latency, 212.0 ms max latency.
338 records sent, 67.5 records/sec (6.59 MB/sec), 56.0 ms avg latency, 186.0 ms max latency.
323 records sent, 64.0 records/sec (6.25 MB/sec), 45.5 ms avg latency, 144.0 ms max latency.
251 records sent, 50.1 records/sec (4.90 MB/sec), 42.9 ms avg latency, 137.0 ms max latency.
289 records sent, 57.7 records/sec (5.64 MB/sec), 46.5 ms avg latency, 263.0 ms max latency.
272 records sent, 53.9 records/sec (5.26 MB/sec), 42.9 ms avg latency, 209.0 ms max latency.
281 records sent, 55.8 records/sec (5.45 MB/sec), 37.0 ms avg latency, 190.0 ms max latency.
339 records sent, 67.6 records/sec (6.61 MB/sec), 52.6 ms avg latency, 321.0 ms max latency.
318 records sent, 63.2 records/sec (6.17 MB/sec), 56.6 ms avg latency, 286.0 ms max latency.
292 records sent, 58.1 records/sec (5.68 MB/sec), 34.5 ms avg latency, 137.0 ms max latency.
307 records sent, 61.3 records/sec (5.99 MB/sec), 32.4 ms avg latency, 151.0 ms max latency.
302 records sent, 60.3 records/sec (5.89 MB/sec), 36.1 ms avg latency, 170.0 ms max latency.
283 records sent, 55.8 records/sec (5.45 MB/sec), 37.5 ms avg latency, 231.0 ms max latency.
290 records sent, 57.8 records/sec (5.64 MB/sec), 41.0 ms avg latency, 209.0 ms max latency.
305 records sent, 61.0 records/sec (5.95 MB/sec), 40.1 ms avg latency, 213.0 ms max latency.
290 records sent, 57.9 records/sec (5.66 MB/sec), 32.8 ms avg latency, 150.0 ms max latency.
8334 records sent, 54.256400 records/sec (5.30 MB/sec), 63.10 ms avg latency, 8353.00 ms max latency, 35 ms 50th, 168 ms 95th, 683 ms 99th, 1248 ms 99.9th.
----- /var/lib/kafka-client/results/security-overhead-final-factorial-plaintext-b5-rf5-isr4-msg102400-tps1000-batch131072-acks1-prod12-complz4-trial3/producer-perf-3.log -----
producer_index=3
producer_count=12
producer_records=8334
producer_throughput=84
1 records sent, 0.1 records/sec (0.01 MB/sec), 758.0 ms avg latency, 758.0 ms max latency.
196 records sent, 39.0 records/sec (3.81 MB/sec), 747.1 ms avg latency, 9264.0 ms max latency.
203 records sent, 40.6 records/sec (3.96 MB/sec), 163.4 ms avg latency, 506.0 ms max latency.
230 records sent, 45.8 records/sec (4.47 MB/sec), 116.8 ms avg latency, 359.0 ms max latency.
242 records sent, 47.8 records/sec (4.67 MB/sec), 69.3 ms avg latency, 353.0 ms max latency.
278 records sent, 55.4 records/sec (5.41 MB/sec), 62.4 ms avg latency, 357.0 ms max latency.
323 records sent, 64.4 records/sec (6.29 MB/sec), 40.2 ms avg latency, 187.0 ms max latency.
362 records sent, 72.3 records/sec (7.06 MB/sec), 34.2 ms avg latency, 174.0 ms max latency.
295 records sent, 58.9 records/sec (5.75 MB/sec), 54.3 ms avg latency, 224.0 ms max latency.
286 records sent, 57.0 records/sec (5.57 MB/sec), 48.8 ms avg latency, 220.0 ms max latency.
275 records sent, 55.0 records/sec (5.37 MB/sec), 42.7 ms avg latency, 199.0 ms max latency.
260 records sent, 51.9 records/sec (5.07 MB/sec), 48.3 ms avg latency, 243.0 ms max latency.
276 records sent, 54.9 records/sec (5.36 MB/sec), 34.4 ms avg latency, 162.0 ms max latency.
265 records sent, 52.9 records/sec (5.17 MB/sec), 46.1 ms avg latency, 178.0 ms max latency.
279 records sent, 55.8 records/sec (5.45 MB/sec), 51.1 ms avg latency, 192.0 ms max latency.
268 records sent, 53.4 records/sec (5.22 MB/sec), 42.1 ms avg latency, 173.0 ms max latency.
314 records sent, 61.9 records/sec (6.05 MB/sec), 46.8 ms avg latency, 185.0 ms max latency.
277 records sent, 55.3 records/sec (5.40 MB/sec), 40.5 ms avg latency, 205.0 ms max latency.
317 records sent, 63.4 records/sec (6.19 MB/sec), 44.2 ms avg latency, 160.0 ms max latency.
291 records sent, 58.0 records/sec (5.66 MB/sec), 43.1 ms avg latency, 260.0 ms max latency.
340 records sent, 67.0 records/sec (6.54 MB/sec), 55.3 ms avg latency, 311.0 ms max latency.
275 records sent, 54.8 records/sec (5.36 MB/sec), 44.4 ms avg latency, 179.0 ms max latency.
286 records sent, 56.7 records/sec (5.54 MB/sec), 38.3 ms avg latency, 184.0 ms max latency.
316 records sent, 63.1 records/sec (6.16 MB/sec), 49.7 ms avg latency, 222.0 ms max latency.
316 records sent, 62.0 records/sec (6.06 MB/sec), 34.0 ms avg latency, 117.0 ms max latency.
296 records sent, 58.6 records/sec (5.72 MB/sec), 35.6 ms avg latency, 164.0 ms max latency.
316 records sent, 62.5 records/sec (6.10 MB/sec), 42.9 ms avg latency, 240.0 ms max latency.
314 records sent, 62.5 records/sec (6.10 MB/sec), 39.3 ms avg latency, 261.0 ms max latency.
295 records sent, 58.8 records/sec (5.74 MB/sec), 44.3 ms avg latency, 291.0 ms max latency.
315 records sent, 62.6 records/sec (6.11 MB/sec), 35.9 ms avg latency, 177.0 ms max latency.
8334 records sent, 53.324290 records/sec (5.21 MB/sec), 66.08 ms avg latency, 9264.00 ms max latency, 35 ms 50th, 173 ms 95th, 643 ms 99th, 1557 ms 99.9th.
----- /var/lib/kafka-client/results/security-overhead-final-factorial-plaintext-b5-rf5-isr4-msg102400-tps1000-batch131072-acks1-prod12-complz4-trial3/producer-perf-4.log -----
producer_index=4
producer_count=12
producer_records=8334
producer_throughput=84
1 records sent, 0.1 records/sec (0.01 MB/sec), 9504.0 ms avg latency, 9504.0 ms max latency.
225 records sent, 44.7 records/sec (4.37 MB/sec), 869.6 ms avg latency, 2033.0 ms max latency.
211 records sent, 42.1 records/sec (4.11 MB/sec), 153.1 ms avg latency, 420.0 ms max latency.
233 records sent, 46.0 records/sec (4.49 MB/sec), 97.9 ms avg latency, 304.0 ms max latency.
240 records sent, 47.7 records/sec (4.66 MB/sec), 83.5 ms avg latency, 262.0 ms max latency.
292 records sent, 58.4 records/sec (5.70 MB/sec), 55.7 ms avg latency, 273.0 ms max latency.
325 records sent, 64.7 records/sec (6.32 MB/sec), 38.1 ms avg latency, 165.0 ms max latency.
312 records sent, 62.4 records/sec (6.09 MB/sec), 42.9 ms avg latency, 185.0 ms max latency.
345 records sent, 67.8 records/sec (6.62 MB/sec), 49.4 ms avg latency, 248.0 ms max latency.
301 records sent, 59.9 records/sec (5.85 MB/sec), 60.6 ms avg latency, 297.0 ms max latency.
277 records sent, 55.2 records/sec (5.39 MB/sec), 46.2 ms avg latency, 215.0 ms max latency.
293 records sent, 58.5 records/sec (5.72 MB/sec), 46.7 ms avg latency, 178.0 ms max latency.
329 records sent, 65.7 records/sec (6.42 MB/sec), 44.4 ms avg latency, 179.0 ms max latency.
309 records sent, 61.8 records/sec (6.03 MB/sec), 49.5 ms avg latency, 171.0 ms max latency.
277 records sent, 55.0 records/sec (5.37 MB/sec), 45.1 ms avg latency, 161.0 ms max latency.
278 records sent, 55.5 records/sec (5.42 MB/sec), 42.0 ms avg latency, 180.0 ms max latency.
295 records sent, 58.6 records/sec (5.72 MB/sec), 47.7 ms avg latency, 208.0 ms max latency.
298 records sent, 59.0 records/sec (5.76 MB/sec), 41.8 ms avg latency, 178.0 ms max latency.
310 records sent, 61.7 records/sec (6.03 MB/sec), 39.1 ms avg latency, 206.0 ms max latency.
276 records sent, 55.0 records/sec (5.37 MB/sec), 52.8 ms avg latency, 344.0 ms max latency.
262 records sent, 52.0 records/sec (5.08 MB/sec), 45.2 ms avg latency, 197.0 ms max latency.
297 records sent, 59.2 records/sec (5.78 MB/sec), 45.7 ms avg latency, 260.0 ms max latency.
315 records sent, 62.9 records/sec (6.14 MB/sec), 37.1 ms avg latency, 225.0 ms max latency.
292 records sent, 58.0 records/sec (5.67 MB/sec), 42.3 ms avg latency, 152.0 ms max latency.
329 records sent, 65.8 records/sec (6.42 MB/sec), 46.6 ms avg latency, 215.0 ms max latency.
315 records sent, 62.5 records/sec (6.10 MB/sec), 37.3 ms avg latency, 171.0 ms max latency.
329 records sent, 64.9 records/sec (6.34 MB/sec), 40.5 ms avg latency, 197.0 ms max latency.
309 records sent, 61.0 records/sec (5.96 MB/sec), 34.0 ms avg latency, 221.0 ms max latency.
282 records sent, 55.7 records/sec (5.44 MB/sec), 36.9 ms avg latency, 178.0 ms max latency.
8334 records sent, 54.012366 records/sec (5.27 MB/sec), 73.02 ms avg latency, 9504.00 ms max latency, 37 ms 50th, 173 ms 95th, 1024 ms 99th, 1891 ms 99.9th.
----- /var/lib/kafka-client/results/security-overhead-final-factorial-plaintext-b5-rf5-isr4-msg102400-tps1000-batch131072-acks1-prod12-complz4-trial3/producer-perf-5.log -----
producer_index=5
producer_count=12
producer_records=8333
producer_throughput=83
1 records sent, 0.1 records/sec (0.01 MB/sec), 9280.0 ms avg latency, 9280.0 ms max latency.
208 records sent, 41.4 records/sec (4.04 MB/sec), 441.8 ms avg latency, 1511.0 ms max latency.
206 records sent, 40.9 records/sec (3.99 MB/sec), 182.6 ms avg latency, 479.0 ms max latency.
228 records sent, 45.3 records/sec (4.43 MB/sec), 108.0 ms avg latency, 256.0 ms max latency.
273 records sent, 54.6 records/sec (5.33 MB/sec), 94.0 ms avg latency, 310.0 ms max latency.
268 records sent, 53.5 records/sec (5.22 MB/sec), 57.1 ms avg latency, 300.0 ms max latency.
305 records sent, 60.9 records/sec (5.95 MB/sec), 39.8 ms avg latency, 248.0 ms max latency.
385 records sent, 77.0 records/sec (7.52 MB/sec), 42.8 ms avg latency, 138.0 ms max latency.
285 records sent, 56.4 records/sec (5.51 MB/sec), 49.9 ms avg latency, 197.0 ms max latency.
276 records sent, 55.1 records/sec (5.39 MB/sec), 47.6 ms avg latency, 204.0 ms max latency.
289 records sent, 57.3 records/sec (5.60 MB/sec), 40.5 ms avg latency, 170.0 ms max latency.
297 records sent, 58.8 records/sec (5.74 MB/sec), 50.2 ms avg latency, 177.0 ms max latency.
291 records sent, 58.1 records/sec (5.67 MB/sec), 42.2 ms avg latency, 187.0 ms max latency.
285 records sent, 56.6 records/sec (5.53 MB/sec), 52.1 ms avg latency, 203.0 ms max latency.
351 records sent, 70.0 records/sec (6.84 MB/sec), 66.9 ms avg latency, 400.0 ms max latency.
269 records sent, 53.7 records/sec (5.24 MB/sec), 45.1 ms avg latency, 228.0 ms max latency.
316 records sent, 63.1 records/sec (6.16 MB/sec), 47.0 ms avg latency, 250.0 ms max latency.
274 records sent, 53.8 records/sec (5.25 MB/sec), 46.3 ms avg latency, 184.0 ms max latency.
281 records sent, 56.2 records/sec (5.48 MB/sec), 44.4 ms avg latency, 206.0 ms max latency.
308 records sent, 60.5 records/sec (5.91 MB/sec), 50.3 ms avg latency, 283.0 ms max latency.
280 records sent, 55.9 records/sec (5.46 MB/sec), 47.0 ms avg latency, 210.0 ms max latency.
288 records sent, 57.2 records/sec (5.58 MB/sec), 42.8 ms avg latency, 284.0 ms max latency.
300 records sent, 59.0 records/sec (5.76 MB/sec), 47.6 ms avg latency, 279.0 ms max latency.
288 records sent, 57.0 records/sec (5.56 MB/sec), 40.5 ms avg latency, 173.0 ms max latency.
303 records sent, 59.7 records/sec (5.83 MB/sec), 38.4 ms avg latency, 236.0 ms max latency.
312 records sent, 62.0 records/sec (6.05 MB/sec), 38.5 ms avg latency, 220.0 ms max latency.
316 records sent, 63.2 records/sec (6.17 MB/sec), 51.1 ms avg latency, 232.0 ms max latency.
317 records sent, 63.0 records/sec (6.15 MB/sec), 37.3 ms avg latency, 171.0 ms max latency.
328 records sent, 65.2 records/sec (6.37 MB/sec), 36.6 ms avg latency, 155.0 ms max latency.
8333 records sent, 53.961470 records/sec (5.27 MB/sec), 63.28 ms avg latency, 9280.00 ms max latency, 37 ms 50th, 182 ms 95th, 438 ms 99th, 1157 ms 99.9th.
----- /var/lib/kafka-client/results/security-overhead-final-factorial-plaintext-b5-rf5-isr4-msg102400-tps1000-batch131072-acks1-prod12-complz4-trial3/producer-perf-6.log -----
producer_index=6
producer_count=12
producer_records=8333
producer_throughput=83
1 records sent, 0.1 records/sec (0.01 MB/sec), 8630.0 ms avg latency, 8630.0 ms max latency.
214 records sent, 42.3 records/sec (4.13 MB/sec), 552.9 ms avg latency, 1822.0 ms max latency.
195 records sent, 38.9 records/sec (3.80 MB/sec), 156.3 ms avg latency, 329.0 ms max latency.
227 records sent, 45.3 records/sec (4.43 MB/sec), 92.9 ms avg latency, 236.0 ms max latency.
235 records sent, 46.1 records/sec (4.51 MB/sec), 76.1 ms avg latency, 214.0 ms max latency.
275 records sent, 54.7 records/sec (5.35 MB/sec), 55.9 ms avg latency, 154.0 ms max latency.
348 records sent, 69.5 records/sec (6.78 MB/sec), 38.4 ms avg latency, 129.0 ms max latency.
344 records sent, 68.8 records/sec (6.71 MB/sec), 49.9 ms avg latency, 258.0 ms max latency.
276 records sent, 55.1 records/sec (5.38 MB/sec), 43.9 ms avg latency, 207.0 ms max latency.
294 records sent, 58.4 records/sec (5.70 MB/sec), 44.1 ms avg latency, 220.0 ms max latency.
270 records sent, 53.6 records/sec (5.23 MB/sec), 42.6 ms avg latency, 154.0 ms max latency.
261 records sent, 51.3 records/sec (5.01 MB/sec), 39.5 ms avg latency, 144.0 ms max latency.
265 records sent, 52.5 records/sec (5.13 MB/sec), 44.3 ms avg latency, 195.0 ms max latency.
299 records sent, 59.5 records/sec (5.81 MB/sec), 50.5 ms avg latency, 251.0 ms max latency.
283 records sent, 56.6 records/sec (5.53 MB/sec), 36.1 ms avg latency, 124.0 ms max latency.
291 records sent, 58.2 records/sec (5.68 MB/sec), 46.0 ms avg latency, 180.0 ms max latency.
280 records sent, 56.0 records/sec (5.47 MB/sec), 41.8 ms avg latency, 132.0 ms max latency.
285 records sent, 57.0 records/sec (5.57 MB/sec), 43.8 ms avg latency, 205.0 ms max latency.
293 records sent, 58.6 records/sec (5.72 MB/sec), 39.1 ms avg latency, 133.0 ms max latency.
280 records sent, 55.7 records/sec (5.44 MB/sec), 53.8 ms avg latency, 189.0 ms max latency.
282 records sent, 56.4 records/sec (5.50 MB/sec), 52.3 ms avg latency, 222.0 ms max latency.
268 records sent, 52.9 records/sec (5.17 MB/sec), 38.2 ms avg latency, 180.0 ms max latency.
301 records sent, 60.1 records/sec (5.87 MB/sec), 38.7 ms avg latency, 167.0 ms max latency.
330 records sent, 65.8 records/sec (6.43 MB/sec), 33.9 ms avg latency, 168.0 ms max latency.
284 records sent, 56.0 records/sec (5.47 MB/sec), 40.1 ms avg latency, 177.0 ms max latency.
291 records sent, 57.7 records/sec (5.63 MB/sec), 31.0 ms avg latency, 116.0 ms max latency.
303 records sent, 60.3 records/sec (5.89 MB/sec), 42.3 ms avg latency, 282.0 ms max latency.
305 records sent, 60.3 records/sec (5.89 MB/sec), 30.2 ms avg latency, 153.0 ms max latency.
288 records sent, 57.5 records/sec (5.62 MB/sec), 39.6 ms avg latency, 200.0 ms max latency.
363 records sent, 72.6 records/sec (7.09 MB/sec), 30.3 ms avg latency, 136.0 ms max latency.
8333 records sent, 53.577399 records/sec (5.23 MB/sec), 60.47 ms avg latency, 8630.00 ms max latency, 34 ms 50th, 153 ms 95th, 526 ms 99th, 1542 ms 99.9th.
----- /var/lib/kafka-client/results/security-overhead-final-factorial-plaintext-b5-rf5-isr4-msg102400-tps1000-batch131072-acks1-prod12-complz4-trial3/producer-perf-7.log -----
producer_index=7
producer_count=12
producer_records=8333
producer_throughput=83
1 records sent, 0.1 records/sec (0.01 MB/sec), 8671.0 ms avg latency, 8671.0 ms max latency.
196 records sent, 38.0 records/sec (3.71 MB/sec), 759.2 ms avg latency, 1770.0 ms max latency.
209 records sent, 41.6 records/sec (4.06 MB/sec), 142.8 ms avg latency, 435.0 ms max latency.
238 records sent, 47.3 records/sec (4.61 MB/sec), 86.7 ms avg latency, 273.0 ms max latency.
228 records sent, 45.6 records/sec (4.45 MB/sec), 69.7 ms avg latency, 245.0 ms max latency.
258 records sent, 51.5 records/sec (5.03 MB/sec), 60.1 ms avg latency, 286.0 ms max latency.
327 records sent, 64.8 records/sec (6.33 MB/sec), 42.0 ms avg latency, 219.0 ms max latency.
377 records sent, 75.4 records/sec (7.36 MB/sec), 42.6 ms avg latency, 181.0 ms max latency.
280 records sent, 55.8 records/sec (5.45 MB/sec), 45.6 ms avg latency, 214.0 ms max latency.
280 records sent, 55.9 records/sec (5.46 MB/sec), 41.9 ms avg latency, 150.0 ms max latency.
318 records sent, 63.4 records/sec (6.19 MB/sec), 51.2 ms avg latency, 176.0 ms max latency.
280 records sent, 55.8 records/sec (5.45 MB/sec), 51.8 ms avg latency, 279.0 ms max latency.
281 records sent, 56.2 records/sec (5.49 MB/sec), 47.7 ms avg latency, 245.0 ms max latency.
314 records sent, 62.7 records/sec (6.13 MB/sec), 63.2 ms avg latency, 286.0 ms max latency.
285 records sent, 55.4 records/sec (5.41 MB/sec), 49.7 ms avg latency, 291.0 ms max latency.
306 records sent, 60.7 records/sec (5.92 MB/sec), 53.4 ms avg latency, 337.0 ms max latency.
306 records sent, 60.3 records/sec (5.89 MB/sec), 57.1 ms avg latency, 259.0 ms max latency.
277 records sent, 55.2 records/sec (5.39 MB/sec), 47.4 ms avg latency, 200.0 ms max latency.
298 records sent, 59.5 records/sec (5.81 MB/sec), 30.9 ms avg latency, 147.0 ms max latency.
298 records sent, 59.1 records/sec (5.77 MB/sec), 52.4 ms avg latency, 311.0 ms max latency.
280 records sent, 56.0 records/sec (5.47 MB/sec), 46.7 ms avg latency, 156.0 ms max latency.
316 records sent, 63.2 records/sec (6.17 MB/sec), 36.9 ms avg latency, 183.0 ms max latency.
293 records sent, 58.4 records/sec (5.70 MB/sec), 46.7 ms avg latency, 267.0 ms max latency.
300 records sent, 60.0 records/sec (5.86 MB/sec), 42.5 ms avg latency, 177.0 ms max latency.
275 records sent, 55.0 records/sec (5.37 MB/sec), 37.5 ms avg latency, 188.0 ms max latency.
291 records sent, 58.1 records/sec (5.68 MB/sec), 35.9 ms avg latency, 224.0 ms max latency.
291 records sent, 57.9 records/sec (5.65 MB/sec), 49.7 ms avg latency, 275.0 ms max latency.
312 records sent, 62.0 records/sec (6.05 MB/sec), 40.0 ms avg latency, 220.0 ms max latency.
288 records sent, 57.5 records/sec (5.62 MB/sec), 33.8 ms avg latency, 153.0 ms max latency.
8333 records sent, 53.658474 records/sec (5.24 MB/sec), 67.55 ms avg latency, 8671.00 ms max latency, 36 ms 50th, 170 ms 95th, 869 ms 99th, 1626 ms 99.9th.
----- /var/lib/kafka-client/results/security-overhead-final-factorial-plaintext-b5-rf5-isr4-msg102400-tps1000-batch131072-acks1-prod12-complz4-trial3/producer-perf-8.log -----
producer_index=8
producer_count=12
producer_records=8333
producer_throughput=83
1 records sent, 0.1 records/sec (0.01 MB/sec), 10204.0 ms avg latency, 10204.0 ms max latency.
235 records sent, 46.9 records/sec (4.58 MB/sec), 742.6 ms avg latency, 2218.0 ms max latency.
196 records sent, 39.2 records/sec (3.83 MB/sec), 136.1 ms avg latency, 319.0 ms max latency.
252 records sent, 50.0 records/sec (4.88 MB/sec), 119.2 ms avg latency, 435.0 ms max latency.
256 records sent, 50.8 records/sec (4.97 MB/sec), 75.7 ms avg latency, 280.0 ms max latency.
286 records sent, 57.0 records/sec (5.57 MB/sec), 56.6 ms avg latency, 188.0 ms max latency.
355 records sent, 70.7 records/sec (6.91 MB/sec), 38.0 ms avg latency, 171.0 ms max latency.
291 records sent, 57.9 records/sec (5.65 MB/sec), 41.5 ms avg latency, 247.0 ms max latency.
304 records sent, 60.6 records/sec (5.92 MB/sec), 47.2 ms avg latency, 235.0 ms max latency.
293 records sent, 58.3 records/sec (5.69 MB/sec), 54.9 ms avg latency, 230.0 ms max latency.
248 records sent, 49.5 records/sec (4.84 MB/sec), 50.0 ms avg latency, 193.0 ms max latency.
249 records sent, 49.7 records/sec (4.86 MB/sec), 41.2 ms avg latency, 139.0 ms max latency.
293 records sent, 58.6 records/sec (5.72 MB/sec), 47.4 ms avg latency, 180.0 ms max latency.
270 records sent, 53.7 records/sec (5.25 MB/sec), 64.4 ms avg latency, 343.0 ms max latency.
288 records sent, 57.5 records/sec (5.62 MB/sec), 41.0 ms avg latency, 163.0 ms max latency.
298 records sent, 59.4 records/sec (5.81 MB/sec), 59.8 ms avg latency, 292.0 ms max latency.
299 records sent, 59.8 records/sec (5.84 MB/sec), 40.2 ms avg latency, 161.0 ms max latency.
298 records sent, 59.4 records/sec (5.81 MB/sec), 56.4 ms avg latency, 302.0 ms max latency.
311 records sent, 62.1 records/sec (6.06 MB/sec), 40.9 ms avg latency, 177.0 ms max latency.
289 records sent, 57.7 records/sec (5.64 MB/sec), 61.5 ms avg latency, 236.0 ms max latency.
293 records sent, 58.6 records/sec (5.72 MB/sec), 44.3 ms avg latency, 185.0 ms max latency.
291 records sent, 57.7 records/sec (5.64 MB/sec), 45.1 ms avg latency, 192.0 ms max latency.
312 records sent, 62.2 records/sec (6.07 MB/sec), 43.6 ms avg latency, 191.0 ms max latency.
300 records sent, 59.6 records/sec (5.82 MB/sec), 36.5 ms avg latency, 198.0 ms max latency.
296 records sent, 58.8 records/sec (5.74 MB/sec), 37.3 ms avg latency, 155.0 ms max latency.
287 records sent, 57.3 records/sec (5.60 MB/sec), 32.2 ms avg latency, 159.0 ms max latency.
308 records sent, 61.0 records/sec (5.95 MB/sec), 43.8 ms avg latency, 238.0 ms max latency.
304 records sent, 60.7 records/sec (5.92 MB/sec), 33.5 ms avg latency, 173.0 ms max latency.
319 records sent, 63.7 records/sec (6.22 MB/sec), 35.3 ms avg latency, 171.0 ms max latency.
8333 records sent, 53.480089 records/sec (5.22 MB/sec), 70.91 ms avg latency, 10204.00 ms max latency, 36 ms 50th, 177 ms 95th, 899 ms 99th, 1810 ms 99.9th.
----- /var/lib/kafka-client/results/security-overhead-final-factorial-plaintext-b5-rf5-isr4-msg102400-tps1000-batch131072-acks1-prod12-complz4-trial3/producer-perf-9.log -----
producer_index=9
producer_count=12
producer_records=8333
producer_throughput=83
1 records sent, 0.1 records/sec (0.01 MB/sec), 9645.0 ms avg latency, 9645.0 ms max latency.
196 records sent, 38.7 records/sec (3.78 MB/sec), 1111.0 ms avg latency, 2105.0 ms max latency.
237 records sent, 47.1 records/sec (4.60 MB/sec), 245.9 ms avg latency, 765.0 ms max latency.
247 records sent, 49.3 records/sec (4.81 MB/sec), 87.7 ms avg latency, 226.0 ms max latency.
236 records sent, 47.0 records/sec (4.59 MB/sec), 83.7 ms avg latency, 286.0 ms max latency.
283 records sent, 56.5 records/sec (5.51 MB/sec), 65.1 ms avg latency, 234.0 ms max latency.
345 records sent, 68.4 records/sec (6.68 MB/sec), 39.3 ms avg latency, 179.0 ms max latency.
339 records sent, 67.8 records/sec (6.62 MB/sec), 46.1 ms avg latency, 224.0 ms max latency.
312 records sent, 62.3 records/sec (6.08 MB/sec), 60.0 ms avg latency, 279.0 ms max latency.
296 records sent, 59.1 records/sec (5.77 MB/sec), 50.8 ms avg latency, 163.0 ms max latency.
280 records sent, 55.7 records/sec (5.44 MB/sec), 47.8 ms avg latency, 179.0 ms max latency.
279 records sent, 55.7 records/sec (5.44 MB/sec), 48.7 ms avg latency, 216.0 ms max latency.
280 records sent, 55.7 records/sec (5.44 MB/sec), 55.1 ms avg latency, 198.0 ms max latency.
280 records sent, 55.8 records/sec (5.45 MB/sec), 46.2 ms avg latency, 174.0 ms max latency.
299 records sent, 59.6 records/sec (5.82 MB/sec), 49.9 ms avg latency, 290.0 ms max latency.
290 records sent, 57.9 records/sec (5.65 MB/sec), 39.6 ms avg latency, 160.0 ms max latency.
262 records sent, 52.2 records/sec (5.10 MB/sec), 38.5 ms avg latency, 184.0 ms max latency.
262 records sent, 52.2 records/sec (5.10 MB/sec), 52.9 ms avg latency, 270.0 ms max latency.
288 records sent, 57.5 records/sec (5.62 MB/sec), 58.8 ms avg latency, 305.0 ms max latency.
278 records sent, 55.6 records/sec (5.43 MB/sec), 45.0 ms avg latency, 211.0 ms max latency.
271 records sent, 53.7 records/sec (5.24 MB/sec), 56.5 ms avg latency, 309.0 ms max latency.
281 records sent, 55.6 records/sec (5.43 MB/sec), 39.8 ms avg latency, 165.0 ms max latency.
332 records sent, 66.1 records/sec (6.46 MB/sec), 45.5 ms avg latency, 212.0 ms max latency.
307 records sent, 60.3 records/sec (5.88 MB/sec), 44.6 ms avg latency, 179.0 ms max latency.
282 records sent, 56.2 records/sec (5.49 MB/sec), 36.7 ms avg latency, 128.0 ms max latency.
286 records sent, 56.6 records/sec (5.53 MB/sec), 43.2 ms avg latency, 218.0 ms max latency.
321 records sent, 64.0 records/sec (6.25 MB/sec), 34.3 ms avg latency, 185.0 ms max latency.
279 records sent, 55.4 records/sec (5.41 MB/sec), 43.7 ms avg latency, 299.0 ms max latency.
310 records sent, 61.9 records/sec (6.04 MB/sec), 38.8 ms avg latency, 184.0 ms max latency.
8333 records sent, 53.593939 records/sec (5.23 MB/sec), 80.00 ms avg latency, 9645.00 ms max latency, 38 ms 50th, 197 ms 95th, 1202 ms 99th, 1842 ms 99.9th.
----- /var/lib/kafka-client/results/security-overhead-final-factorial-plaintext-b5-rf5-isr4-msg102400-tps1000-batch131072-acks1-prod12-complz4-trial3/producer-perf-10.log -----
producer_index=10
producer_count=12
producer_records=8333
producer_throughput=83
1 records sent, 0.1 records/sec (0.01 MB/sec), 8904.0 ms avg latency, 8904.0 ms max latency.
193 records sent, 38.5 records/sec (3.76 MB/sec), 578.3 ms avg latency, 1589.0 ms max latency.
206 records sent, 40.8 records/sec (3.98 MB/sec), 173.6 ms avg latency, 488.0 ms max latency.
239 records sent, 47.7 records/sec (4.66 MB/sec), 109.3 ms avg latency, 283.0 ms max latency.
258 records sent, 51.4 records/sec (5.02 MB/sec), 90.1 ms avg latency, 258.0 ms max latency.
337 records sent, 67.1 records/sec (6.55 MB/sec), 124.3 ms avg latency, 565.0 ms max latency.
335 records sent, 66.9 records/sec (6.53 MB/sec), 47.3 ms avg latency, 221.0 ms max latency.
380 records sent, 74.8 records/sec (7.30 MB/sec), 46.7 ms avg latency, 186.0 ms max latency.
324 records sent, 64.2 records/sec (6.27 MB/sec), 50.1 ms avg latency, 215.0 ms max latency.
268 records sent, 53.5 records/sec (5.23 MB/sec), 47.8 ms avg latency, 244.0 ms max latency.
288 records sent, 57.4 records/sec (5.60 MB/sec), 45.8 ms avg latency, 170.0 ms max latency.
301 records sent, 59.7 records/sec (5.83 MB/sec), 46.5 ms avg latency, 197.0 ms max latency.
284 records sent, 56.6 records/sec (5.52 MB/sec), 52.4 ms avg latency, 277.0 ms max latency.
279 records sent, 55.8 records/sec (5.45 MB/sec), 43.7 ms avg latency, 209.0 ms max latency.
274 records sent, 54.5 records/sec (5.32 MB/sec), 48.9 ms avg latency, 284.0 ms max latency.
304 records sent, 60.6 records/sec (5.92 MB/sec), 37.7 ms avg latency, 164.0 ms max latency.
280 records sent, 55.9 records/sec (5.45 MB/sec), 51.1 ms avg latency, 243.0 ms max latency.
295 records sent, 58.6 records/sec (5.73 MB/sec), 47.6 ms avg latency, 194.0 ms max latency.
291 records sent, 58.1 records/sec (5.67 MB/sec), 46.0 ms avg latency, 207.0 ms max latency.
276 records sent, 55.1 records/sec (5.38 MB/sec), 51.5 ms avg latency, 275.0 ms max latency.
290 records sent, 57.9 records/sec (5.65 MB/sec), 48.3 ms avg latency, 161.0 ms max latency.
288 records sent, 57.5 records/sec (5.61 MB/sec), 56.5 ms avg latency, 227.0 ms max latency.
299 records sent, 59.5 records/sec (5.81 MB/sec), 36.3 ms avg latency, 139.0 ms max latency.
306 records sent, 61.2 records/sec (5.97 MB/sec), 40.5 ms avg latency, 214.0 ms max latency.
268 records sent, 53.4 records/sec (5.21 MB/sec), 35.3 ms avg latency, 255.0 ms max latency.
313 records sent, 62.3 records/sec (6.09 MB/sec), 38.7 ms avg latency, 158.0 ms max latency.
306 records sent, 60.5 records/sec (5.91 MB/sec), 36.1 ms avg latency, 242.0 ms max latency.
271 records sent, 53.9 records/sec (5.27 MB/sec), 40.1 ms avg latency, 233.0 ms max latency.
335 records sent, 66.6 records/sec (6.50 MB/sec), 35.7 ms avg latency, 180.0 ms max latency.
8333 records sent, 53.944004 records/sec (5.27 MB/sec), 67.77 ms avg latency, 8904.00 ms max latency, 38 ms 50th, 186 ms 95th, 626 ms 99th, 1290 ms 99.9th.
----- /var/lib/kafka-client/results/security-overhead-final-factorial-plaintext-b5-rf5-isr4-msg102400-tps1000-batch131072-acks1-prod12-complz4-trial3/producer-perf-11.log -----
producer_index=11
producer_count=12
producer_records=8333
producer_throughput=83
1 records sent, 0.1 records/sec (0.01 MB/sec), 9172.0 ms avg latency, 9172.0 ms max latency.
219 records sent, 43.7 records/sec (4.26 MB/sec), 617.0 ms avg latency, 1775.0 ms max latency.
233 records sent, 46.2 records/sec (4.52 MB/sec), 140.1 ms avg latency, 340.0 ms max latency.
239 records sent, 47.4 records/sec (4.63 MB/sec), 100.5 ms avg latency, 216.0 ms max latency.
302 records sent, 60.1 records/sec (5.87 MB/sec), 76.8 ms avg latency, 285.0 ms max latency.
275 records sent, 54.4 records/sec (5.31 MB/sec), 59.3 ms avg latency, 391.0 ms max latency.
287 records sent, 57.4 records/sec (5.61 MB/sec), 39.4 ms avg latency, 129.0 ms max latency.
359 records sent, 70.6 records/sec (6.90 MB/sec), 35.9 ms avg latency, 167.0 ms max latency.
291 records sent, 58.1 records/sec (5.67 MB/sec), 52.7 ms avg latency, 288.0 ms max latency.
286 records sent, 56.0 records/sec (5.47 MB/sec), 52.0 ms avg latency, 228.0 ms max latency.
304 records sent, 60.8 records/sec (5.94 MB/sec), 43.6 ms avg latency, 226.0 ms max latency.
295 records sent, 58.1 records/sec (5.67 MB/sec), 50.4 ms avg latency, 184.0 ms max latency.
292 records sent, 57.1 records/sec (5.57 MB/sec), 61.7 ms avg latency, 221.0 ms max latency.
256 records sent, 50.6 records/sec (4.94 MB/sec), 48.3 ms avg latency, 237.0 ms max latency.
276 records sent, 55.0 records/sec (5.38 MB/sec), 43.8 ms avg latency, 163.0 ms max latency.
290 records sent, 57.9 records/sec (5.66 MB/sec), 51.3 ms avg latency, 238.0 ms max latency.
287 records sent, 57.0 records/sec (5.57 MB/sec), 46.9 ms avg latency, 209.0 ms max latency.
291 records sent, 57.9 records/sec (5.65 MB/sec), 39.2 ms avg latency, 152.0 ms max latency.
304 records sent, 60.8 records/sec (5.93 MB/sec), 47.4 ms avg latency, 223.0 ms max latency.
318 records sent, 63.3 records/sec (6.19 MB/sec), 54.0 ms avg latency, 215.0 ms max latency.
287 records sent, 57.3 records/sec (5.60 MB/sec), 52.0 ms avg latency, 191.0 ms max latency.
308 records sent, 60.5 records/sec (5.91 MB/sec), 41.6 ms avg latency, 176.0 ms max latency.
310 records sent, 61.4 records/sec (6.00 MB/sec), 46.2 ms avg latency, 220.0 ms max latency.
300 records sent, 59.8 records/sec (5.84 MB/sec), 33.2 ms avg latency, 131.0 ms max latency.
273 records sent, 54.4 records/sec (5.31 MB/sec), 33.3 ms avg latency, 160.0 ms max latency.
280 records sent, 55.7 records/sec (5.44 MB/sec), 41.6 ms avg latency, 183.0 ms max latency.
293 records sent, 57.8 records/sec (5.65 MB/sec), 36.6 ms avg latency, 244.0 ms max latency.
311 records sent, 62.2 records/sec (6.07 MB/sec), 35.7 ms avg latency, 197.0 ms max latency.
302 records sent, 59.5 records/sec (5.81 MB/sec), 43.2 ms avg latency, 226.0 ms max latency.
8333 records sent, 53.600489 records/sec (5.23 MB/sec), 66.36 ms avg latency, 9172.00 ms max latency, 37 ms 50th, 171 ms 95th, 604 ms 99th, 1539 ms 99.9th.
----- /var/lib/kafka-client/results/security-overhead-final-factorial-plaintext-b5-rf5-isr4-msg102400-tps1000-batch131072-acks1-prod12-complz4-trial3/producer-perf-12.log -----
producer_index=12
producer_count=12
producer_records=8333
producer_throughput=83
1 records sent, 0.1 records/sec (0.01 MB/sec), 9125.0 ms avg latency, 9125.0 ms max latency.
217 records sent, 43.3 records/sec (4.23 MB/sec), 565.5 ms avg latency, 1780.0 ms max latency.
216 records sent, 42.9 records/sec (4.19 MB/sec), 216.8 ms avg latency, 570.0 ms max latency.
233 records sent, 46.2 records/sec (4.51 MB/sec), 98.6 ms avg latency, 307.0 ms max latency.
293 records sent, 58.4 records/sec (5.70 MB/sec), 89.1 ms avg latency, 258.0 ms max latency.
278 records sent, 55.4 records/sec (5.41 MB/sec), 50.6 ms avg latency, 192.0 ms max latency.
302 records sent, 60.2 records/sec (5.87 MB/sec), 54.8 ms avg latency, 226.0 ms max latency.
366 records sent, 73.1 records/sec (7.14 MB/sec), 34.0 ms avg latency, 165.0 ms max latency.
307 records sent, 61.3 records/sec (5.99 MB/sec), 43.9 ms avg latency, 169.0 ms max latency.
357 records sent, 70.9 records/sec (6.92 MB/sec), 58.9 ms avg latency, 237.0 ms max latency.
304 records sent, 59.8 records/sec (5.84 MB/sec), 47.9 ms avg latency, 221.0 ms max latency.
230 records sent, 45.9 records/sec (4.48 MB/sec), 33.4 ms avg latency, 118.0 ms max latency.
220 records sent, 43.7 records/sec (4.27 MB/sec), 34.0 ms avg latency, 154.0 ms max latency.
297 records sent, 58.4 records/sec (5.70 MB/sec), 71.8 ms avg latency, 338.0 ms max latency.
303 records sent, 60.2 records/sec (5.87 MB/sec), 50.4 ms avg latency, 247.0 ms max latency.
265 records sent, 52.3 records/sec (5.11 MB/sec), 43.1 ms avg latency, 220.0 ms max latency.
301 records sent, 60.0 records/sec (5.86 MB/sec), 50.2 ms avg latency, 196.0 ms max latency.
291 records sent, 58.2 records/sec (5.68 MB/sec), 37.3 ms avg latency, 144.0 ms max latency.
290 records sent, 57.5 records/sec (5.61 MB/sec), 42.7 ms avg latency, 149.0 ms max latency.
280 records sent, 55.9 records/sec (5.46 MB/sec), 43.3 ms avg latency, 174.0 ms max latency.
292 records sent, 58.1 records/sec (5.67 MB/sec), 55.4 ms avg latency, 295.0 ms max latency.
323 records sent, 64.6 records/sec (6.30 MB/sec), 49.5 ms avg latency, 268.0 ms max latency.
297 records sent, 59.4 records/sec (5.80 MB/sec), 35.6 ms avg latency, 171.0 ms max latency.
295 records sent, 59.0 records/sec (5.76 MB/sec), 42.0 ms avg latency, 186.0 ms max latency.
304 records sent, 60.3 records/sec (5.89 MB/sec), 38.8 ms avg latency, 148.0 ms max latency.
303 records sent, 60.5 records/sec (5.91 MB/sec), 33.6 ms avg latency, 119.0 ms max latency.
298 records sent, 59.4 records/sec (5.80 MB/sec), 34.1 ms avg latency, 195.0 ms max latency.
301 records sent, 59.9 records/sec (5.85 MB/sec), 35.3 ms avg latency, 227.0 ms max latency.
287 records sent, 57.2 records/sec (5.58 MB/sec), 34.6 ms avg latency, 174.0 ms max latency.
8333 records sent, 53.631537 records/sec (5.24 MB/sec), 66.12 ms avg latency, 9125.00 ms max latency, 36 ms 50th, 190 ms 95th, 567 ms 99th, 1400 ms 99.9th.
