producer_index=1
producer_count=6
producer_records=16667
producer_throughput=167
836 records sent, 166.8 records/sec (0.16 MB/sec), 229.3 ms avg latency, 2990.0 ms max latency.
839 records sent, 167.8 records/sec (0.16 MB/sec), 7.7 ms avg latency, 27.0 ms max latency.
836 records sent, 167.0 records/sec (0.16 MB/sec), 7.3 ms avg latency, 16.0 ms max latency.
836 records sent, 167.1 records/sec (0.16 MB/sec), 7.1 ms avg latency, 12.0 ms max latency.
836 records sent, 167.1 records/sec (0.16 MB/sec), 7.1 ms avg latency, 13.0 ms max latency.
835 records sent, 167.0 records/sec (0.16 MB/sec), 7.0 ms avg latency, 12.0 ms max latency.
836 records sent, 167.1 records/sec (0.16 MB/sec), 6.6 ms avg latency, 12.0 ms max latency.
836 records sent, 167.0 records/sec (0.16 MB/sec), 6.5 ms avg latency, 8.0 ms max latency.
836 records sent, 167.2 records/sec (0.16 MB/sec), 6.7 ms avg latency, 12.0 ms max latency.
835 records sent, 167.0 records/sec (0.16 MB/sec), 6.5 ms avg latency, 11.0 ms max latency.
836 records sent, 167.1 records/sec (0.16 MB/sec), 6.5 ms avg latency, 10.0 ms max latency.
835 records sent, 166.9 records/sec (0.16 MB/sec), 6.4 ms avg latency, 23.0 ms max latency.
836 records sent, 167.2 records/sec (0.16 MB/sec), 6.3 ms avg latency, 14.0 ms max latency.
835 records sent, 166.9 records/sec (0.16 MB/sec), 6.4 ms avg latency, 9.0 ms max latency.
836 records sent, 167.1 records/sec (0.16 MB/sec), 6.4 ms avg latency, 10.0 ms max latency.
835 records sent, 167.0 records/sec (0.16 MB/sec), 6.4 ms avg latency, 12.0 ms max latency.
835 records sent, 166.9 records/sec (0.16 MB/sec), 6.4 ms avg latency, 26.0 ms max latency.
836 records sent, 167.1 records/sec (0.16 MB/sec), 6.4 ms avg latency, 8.0 ms max latency.
835 records sent, 167.0 records/sec (0.16 MB/sec), 6.4 ms avg latency, 15.0 ms max latency.
16667 records sent, 166.942116 records/sec (0.16 MB/sec), 17.83 ms avg latency, 2990.00 ms max latency, 7 ms 50th, 11 ms 95th, 382 ms 99th, 430 ms 99.9th.
