run_id=security-overhead-final-factorial-plaintext-b3-rf3-isr3-msg102400-tps10000-batch131072-acks1-prod6-compnone-trial1
producer_count=6
----- /var/lib/kafka-client/results/security-overhead-final-factorial-plaintext-b3-rf3-isr3-msg102400-tps10000-batch131072-acks1-prod6-compnone-trial1/producer-perf-1.log -----
producer_index=1
producer_count=6
producer_records=16667
producer_throughput=1667
244 records sent, 48.4 records/sec (4.73 MB/sec), 195.3 ms avg latency, 3205.0 ms max latency.
747 records sent, 149.0 records/sec (14.55 MB/sec), 46.6 ms avg latency, 250.0 ms max latency.
917 records sent, 183.4 records/sec (17.91 MB/sec), 15.3 ms avg latency, 80.0 ms max latency.
947 records sent, 189.0 records/sec (18.46 MB/sec), 13.6 ms avg latency, 64.0 ms max latency.
917 records sent, 183.3 records/sec (17.90 MB/sec), 11.8 ms avg latency, 80.0 ms max latency.
940 records sent, 187.7 records/sec (18.33 MB/sec), 11.1 ms avg latency, 48.0 ms max latency.
891 records sent, 178.0 records/sec (17.38 MB/sec), 11.3 ms avg latency, 60.0 ms max latency.
919 records sent, 183.6 records/sec (17.93 MB/sec), 11.7 ms avg latency, 56.0 ms max latency.
923 records sent, 184.4 records/sec (18.01 MB/sec), 11.8 ms avg latency, 75.0 ms max latency.
969 records sent, 193.6 records/sec (18.90 MB/sec), 9.8 ms avg latency, 63.0 ms max latency.
905 records sent, 180.9 records/sec (17.66 MB/sec), 10.5 ms avg latency, 73.0 ms max latency.
967 records sent, 193.1 records/sec (18.86 MB/sec), 10.1 ms avg latency, 51.0 ms max latency.
985 records sent, 196.4 records/sec (19.18 MB/sec), 23.2 ms avg latency, 146.0 ms max latency.
970 records sent, 193.9 records/sec (18.94 MB/sec), 11.9 ms avg latency, 232.0 ms max latency.
1023 records sent, 204.6 records/sec (19.98 MB/sec), 8.9 ms avg latency, 61.0 ms max latency.
1042 records sent, 207.9 records/sec (20.31 MB/sec), 10.0 ms avg latency, 70.0 ms max latency.
1049 records sent, 209.8 records/sec (20.48 MB/sec), 8.8 ms avg latency, 51.0 ms max latency.
993 records sent, 197.8 records/sec (19.31 MB/sec), 8.8 ms avg latency, 53.0 ms max latency.
16667 records sent, 181.870758 records/sec (17.76 MB/sec), 15.92 ms avg latency, 3205.00 ms max latency, 10 ms 50th, 44 ms 95th, 150 ms 99th, 354 ms 99.9th.
----- /var/lib/kafka-client/results/security-overhead-final-factorial-plaintext-b3-rf3-isr3-msg102400-tps10000-batch131072-acks1-prod6-compnone-trial1/producer-perf-2.log -----
producer_index=2
producer_count=6
producer_records=16667
producer_throughput=1667
193 records sent, 38.4 records/sec (3.75 MB/sec), 332.3 ms avg latency, 3528.0 ms max latency.
743 records sent, 147.7 records/sec (14.42 MB/sec), 62.6 ms avg latency, 478.0 ms max latency.
886 records sent, 177.1 records/sec (17.30 MB/sec), 17.3 ms avg latency, 89.0 ms max latency.
937 records sent, 187.3 records/sec (18.29 MB/sec), 13.0 ms avg latency, 65.0 ms max latency.
909 records sent, 181.6 records/sec (17.73 MB/sec), 11.4 ms avg latency, 56.0 ms max latency.
875 records sent, 174.9 records/sec (17.08 MB/sec), 11.7 ms avg latency, 64.0 ms max latency.
890 records sent, 177.9 records/sec (17.37 MB/sec), 11.6 ms avg latency, 64.0 ms max latency.
901 records sent, 180.1 records/sec (17.58 MB/sec), 11.6 ms avg latency, 36.0 ms max latency.
919 records sent, 183.0 records/sec (17.87 MB/sec), 12.1 ms avg latency, 56.0 ms max latency.
894 records sent, 178.8 records/sec (17.46 MB/sec), 10.7 ms avg latency, 52.0 ms max latency.
910 records sent, 181.7 records/sec (17.75 MB/sec), 10.4 ms avg latency, 75.0 ms max latency.
937 records sent, 187.4 records/sec (18.30 MB/sec), 9.9 ms avg latency, 73.0 ms max latency.
928 records sent, 185.6 records/sec (18.12 MB/sec), 23.2 ms avg latency, 153.0 ms max latency.
961 records sent, 192.2 records/sec (18.77 MB/sec), 10.7 ms avg latency, 162.0 ms max latency.
1078 records sent, 215.4 records/sec (21.03 MB/sec), 9.2 ms avg latency, 57.0 ms max latency.
1009 records sent, 201.8 records/sec (19.71 MB/sec), 9.2 ms avg latency, 56.0 ms max latency.
1034 records sent, 206.5 records/sec (20.17 MB/sec), 9.0 ms avg latency, 59.0 ms max latency.
1054 records sent, 210.8 records/sec (20.59 MB/sec), 8.6 ms avg latency, 48.0 ms max latency.
16667 records sent, 180.470586 records/sec (17.62 MB/sec), 17.54 ms avg latency, 3528.00 ms max latency, 10 ms 50th, 45 ms 95th, 255 ms 99th, 470 ms 99.9th.
----- /var/lib/kafka-client/results/security-overhead-final-factorial-plaintext-b3-rf3-isr3-msg102400-tps10000-batch131072-acks1-prod6-compnone-trial1/producer-perf-3.log -----
producer_index=3
producer_count=6
producer_records=16667
producer_throughput=1667
169 records sent, 33.7 records/sec (3.29 MB/sec), 484.2 ms avg latency, 3585.0 ms max latency.
821 records sent, 163.7 records/sec (15.99 MB/sec), 152.1 ms avg latency, 642.0 ms max latency.
1067 records sent, 213.1 records/sec (20.81 MB/sec), 21.8 ms avg latency, 111.0 ms max latency.
887 records sent, 177.4 records/sec (17.32 MB/sec), 13.0 ms avg latency, 85.0 ms max latency.
902 records sent, 180.4 records/sec (17.61 MB/sec), 12.2 ms avg latency, 52.0 ms max latency.
879 records sent, 175.7 records/sec (17.15 MB/sec), 11.9 ms avg latency, 70.0 ms max latency.
895 records sent, 179.0 records/sec (17.48 MB/sec), 11.7 ms avg latency, 56.0 ms max latency.
889 records sent, 177.7 records/sec (17.36 MB/sec), 11.5 ms avg latency, 49.0 ms max latency.
935 records sent, 186.7 records/sec (18.23 MB/sec), 10.2 ms avg latency, 56.0 ms max latency.
900 records sent, 179.6 records/sec (17.54 MB/sec), 9.9 ms avg latency, 57.0 ms max latency.
932 records sent, 186.3 records/sec (18.19 MB/sec), 10.3 ms avg latency, 80.0 ms max latency.
954 records sent, 190.6 records/sec (18.62 MB/sec), 10.1 ms avg latency, 72.0 ms max latency.
995 records sent, 198.8 records/sec (19.41 MB/sec), 21.8 ms avg latency, 149.0 ms max latency.
1051 records sent, 210.2 records/sec (20.53 MB/sec), 10.5 ms avg latency, 148.0 ms max latency.
1040 records sent, 208.0 records/sec (20.31 MB/sec), 9.1 ms avg latency, 55.0 ms max latency.
1023 records sent, 204.2 records/sec (19.94 MB/sec), 8.7 ms avg latency, 54.0 ms max latency.
1034 records sent, 206.4 records/sec (20.16 MB/sec), 9.0 ms avg latency, 63.0 ms max latency.
1022 records sent, 204.3 records/sec (19.95 MB/sec), 8.7 ms avg latency, 58.0 ms max latency.
16667 records sent, 182.594025 records/sec (17.83 MB/sec), 23.56 ms avg latency, 3585.00 ms max latency, 10 ms 50th, 53 ms 95th, 443 ms 99th, 626 ms 99.9th.
----- /var/lib/kafka-client/results/security-overhead-final-factorial-plaintext-b3-rf3-isr3-msg102400-tps10000-batch131072-acks1-prod6-compnone-trial1/producer-perf-4.log -----
producer_index=4
producer_count=6
producer_records=16667
producer_throughput=1667
179 records sent, 35.8 records/sec (3.49 MB/sec), 464.2 ms avg latency, 3508.0 ms max latency.
826 records sent, 165.2 records/sec (16.13 MB/sec), 95.5 ms avg latency, 682.0 ms max latency.
1006 records sent, 200.8 records/sec (19.61 MB/sec), 15.5 ms avg latency, 56.0 ms max latency.
966 records sent, 192.5 records/sec (18.80 MB/sec), 13.1 ms avg latency, 80.0 ms max latency.
914 records sent, 182.7 records/sec (17.84 MB/sec), 12.1 ms avg latency, 61.0 ms max latency.
884 records sent, 176.7 records/sec (17.26 MB/sec), 11.6 ms avg latency, 59.0 ms max latency.
908 records sent, 181.4 records/sec (17.71 MB/sec), 11.8 ms avg latency, 63.0 ms max latency.
902 records sent, 179.8 records/sec (17.56 MB/sec), 11.9 ms avg latency, 44.0 ms max latency.
930 records sent, 185.9 records/sec (18.15 MB/sec), 11.5 ms avg latency, 74.0 ms max latency.
893 records sent, 178.6 records/sec (17.44 MB/sec), 10.8 ms avg latency, 108.0 ms max latency.
937 records sent, 187.4 records/sec (18.30 MB/sec), 10.5 ms avg latency, 44.0 ms max latency.
950 records sent, 189.8 records/sec (18.54 MB/sec), 9.8 ms avg latency, 47.0 ms max latency.
997 records sent, 199.4 records/sec (19.47 MB/sec), 23.6 ms avg latency, 153.0 ms max latency.
1000 records sent, 199.9 records/sec (19.52 MB/sec), 12.5 ms avg latency, 202.0 ms max latency.
1032 records sent, 206.0 records/sec (20.12 MB/sec), 9.6 ms avg latency, 66.0 ms max latency.
1035 records sent, 206.6 records/sec (20.17 MB/sec), 9.9 ms avg latency, 57.0 ms max latency.
1056 records sent, 211.2 records/sec (20.63 MB/sec), 9.3 ms avg latency, 60.0 ms max latency.
991 records sent, 197.9 records/sec (19.32 MB/sec), 9.0 ms avg latency, 58.0 ms max latency.
16667 records sent, 182.180880 records/sec (17.79 MB/sec), 20.97 ms avg latency, 3508.00 ms max latency, 10 ms 50th, 47 ms 95th, 400 ms 99th, 595 ms 99.9th.
----- /var/lib/kafka-client/results/security-overhead-final-factorial-plaintext-b3-rf3-isr3-msg102400-tps10000-batch131072-acks1-prod6-compnone-trial1/producer-perf-5.log -----
producer_index=5
producer_count=6
producer_records=16666
producer_throughput=1666
213 records sent, 42.3 records/sec (4.13 MB/sec), 341.0 ms avg latency, 3528.0 ms max latency.
793 records sent, 158.2 records/sec (15.45 MB/sec), 63.6 ms avg latency, 374.0 ms max latency.
967 records sent, 192.9 records/sec (18.83 MB/sec), 19.6 ms avg latency, 82.0 ms max latency.
928 records sent, 185.3 records/sec (18.10 MB/sec), 13.7 ms avg latency, 82.0 ms max latency.
283 records sent, 56.5 records/sec (5.52 MB/sec), 12.0 ms avg latency, 43.0 ms max latency.
849 records sent, 169.6 records/sec (16.57 MB/sec), 12.1 ms avg latency, 63.0 ms max latency.
886 records sent, 177.1 records/sec (17.29 MB/sec), 11.5 ms avg latency, 42.0 ms max latency.
896 records sent, 178.9 records/sec (17.48 MB/sec), 12.0 ms avg latency, 45.0 ms max latency.
927 records sent, 185.1 records/sec (18.08 MB/sec), 11.2 ms avg latency, 41.0 ms max latency.
908 records sent, 181.6 records/sec (17.73 MB/sec), 10.3 ms avg latency, 44.0 ms max latency.
943 records sent, 188.4 records/sec (18.40 MB/sec), 10.3 ms avg latency, 49.0 ms max latency.
962 records sent, 192.3 records/sec (18.78 MB/sec), 9.7 ms avg latency, 48.0 ms max latency.
979 records sent, 195.8 records/sec (19.12 MB/sec), 23.9 ms avg latency, 165.0 ms max latency.
1025 records sent, 204.7 records/sec (19.99 MB/sec), 10.6 ms avg latency, 203.0 ms max latency.
1081 records sent, 215.9 records/sec (21.09 MB/sec), 9.2 ms avg latency, 56.0 ms max latency.
1024 records sent, 204.6 records/sec (19.98 MB/sec), 9.3 ms avg latency, 60.0 ms max latency.
976 records sent, 195.2 records/sec (19.06 MB/sec), 8.6 ms avg latency, 55.0 ms max latency.
1030 records sent, 205.8 records/sec (20.10 MB/sec), 9.0 ms avg latency, 48.0 ms max latency.
16666 records sent, 180.643623 records/sec (17.64 MB/sec), 18.28 ms avg latency, 3528.00 ms max latency, 9 ms 50th, 51 ms 95th, 253 ms 99th, 511 ms 99.9th.
----- /var/lib/kafka-client/results/security-overhead-final-factorial-plaintext-b3-rf3-isr3-msg102400-tps10000-batch131072-acks1-prod6-compnone-trial1/producer-perf-6.log -----
producer_index=6
producer_count=6
producer_records=16666
producer_throughput=1666
218 records sent, 43.5 records/sec (4.25 MB/sec), 286.4 ms avg latency, 3552.0 ms max latency.
756 records sent, 151.0 records/sec (14.74 MB/sec), 62.3 ms avg latency, 231.0 ms max latency.
921 records sent, 184.0 records/sec (17.97 MB/sec), 16.2 ms avg latency, 72.0 ms max latency.
903 records sent, 180.3 records/sec (17.61 MB/sec), 12.4 ms avg latency, 82.0 ms max latency.
927 records sent, 185.1 records/sec (18.08 MB/sec), 11.3 ms avg latency, 59.0 ms max latency.
910 records sent, 181.7 records/sec (17.74 MB/sec), 12.5 ms avg latency, 74.0 ms max latency.
892 records sent, 178.3 records/sec (17.41 MB/sec), 11.1 ms avg latency, 41.0 ms max latency.
887 records sent, 177.2 records/sec (17.31 MB/sec), 10.9 ms avg latency, 40.0 ms max latency.
985 records sent, 196.7 records/sec (19.21 MB/sec), 10.2 ms avg latency, 48.0 ms max latency.
963 records sent, 192.5 records/sec (18.80 MB/sec), 10.9 ms avg latency, 77.0 ms max latency.
964 records sent, 192.5 records/sec (18.80 MB/sec), 10.7 ms avg latency, 61.0 ms max latency.
946 records sent, 189.2 records/sec (18.47 MB/sec), 9.9 ms avg latency, 77.0 ms max latency.
1014 records sent, 202.8 records/sec (19.80 MB/sec), 20.5 ms avg latency, 146.0 ms max latency.
1039 records sent, 207.8 records/sec (20.29 MB/sec), 11.0 ms avg latency, 156.0 ms max latency.
980 records sent, 195.7 records/sec (19.11 MB/sec), 9.5 ms avg latency, 61.0 ms max latency.
1077 records sent, 215.1 records/sec (21.01 MB/sec), 8.7 ms avg latency, 60.0 ms max latency.
1012 records sent, 202.3 records/sec (19.75 MB/sec), 8.9 ms avg latency, 59.0 ms max latency.
1055 records sent, 210.7 records/sec (20.58 MB/sec), 8.5 ms avg latency, 62.0 ms max latency.
16666 records sent, 182.569069 records/sec (17.83 MB/sec), 17.26 ms avg latency, 3552.00 ms max latency, 9 ms 50th, 49 ms 95th, 184 ms 99th, 483 ms 99.9th.
