run_id=security-overhead-final-factorial-mtls-b3-rf3-isr3-msg10240-tps10000-batch16384-acks1-prod12-complz4-trial1
producer_count=12
----- /var/lib/kafka-client/results/security-overhead-final-factorial-mtls-b3-rf3-isr3-msg10240-tps10000-batch16384-acks1-prod12-complz4-trial1/producer-perf-1.log -----
producer_index=1
producer_count=12
producer_records=8334
producer_throughput=834
[2026-05-03 07:04:41,747] WARN [Producer clientId=perf-producer-client] Bootstrap broker 10.20.1.69:9094 (id: -1 rack: null) disconnected (org.apache.kafka.clients.NetworkClient)
1 records sent, 0.0 records/sec (0.00 MB/sec), 3692.0 ms avg latency, 3692.0 ms max latency.
122 records sent, 24.3 records/sec (0.24 MB/sec), 5762.4 ms avg latency, 20119.0 ms max latency.
282 records sent, 55.5 records/sec (0.54 MB/sec), 8129.8 ms avg latency, 9774.0 ms max latency.
420 records sent, 83.5 records/sec (0.82 MB/sec), 11392.5 ms avg latency, 12698.0 ms max latency.
746 records sent, 147.0 records/sec (1.44 MB/sec), 13956.8 ms avg latency, 15239.0 ms max latency.
926 records sent, 184.9 records/sec (1.81 MB/sec), 15900.2 ms avg latency, 17053.0 ms max latency.
1112 records sent, 221.2 records/sec (2.16 MB/sec), 11526.9 ms avg latency, 14705.0 ms max latency.
1260 records sent, 251.8 records/sec (2.46 MB/sec), 9228.8 ms avg latency, 10318.0 ms max latency.
1535 records sent, 305.9 records/sec (2.99 MB/sec), 7879.3 ms avg latency, 8779.0 ms max latency.
8334 records sent, 131.559007 records/sec (1.28 MB/sec), 9544.35 ms avg latency, 20119.00 ms max latency, 8885 ms 50th, 16056 ms 95th, 16620 ms 99th, 16951 ms 99.9th.
----- /var/lib/kafka-client/results/security-overhead-final-factorial-mtls-b3-rf3-isr3-msg10240-tps10000-batch16384-acks1-prod12-complz4-trial1/producer-perf-2.log -----
producer_index=2
producer_count=12
producer_records=8334
producer_throughput=834
1 records sent, 0.1 records/sec (0.00 MB/sec), 4057.0 ms avg latency, 4057.0 ms max latency.
114 records sent, 22.7 records/sec (0.22 MB/sec), 6202.0 ms avg latency, 16086.0 ms max latency.
204 records sent, 40.7 records/sec (0.40 MB/sec), 9082.0 ms avg latency, 10653.0 ms max latency.
460 records sent, 91.4 records/sec (0.89 MB/sec), 11742.1 ms avg latency, 12793.0 ms max latency.
696 records sent, 138.5 records/sec (1.35 MB/sec), 13852.9 ms avg latency, 15063.0 ms max latency.
932 records sent, 186.1 records/sec (1.82 MB/sec), 15639.8 ms avg latency, 16829.0 ms max latency.
1048 records sent, 208.3 records/sec (2.03 MB/sec), 11835.5 ms avg latency, 14530.0 ms max latency.
1258 records sent, 249.6 records/sec (2.44 MB/sec), 9551.0 ms avg latency, 10528.0 ms max latency.
1374 records sent, 274.0 records/sec (2.68 MB/sec), 8209.6 ms avg latency, 8921.0 ms max latency.
2016 records sent, 402.9 records/sec (3.93 MB/sec), 6454.9 ms avg latency, 7722.0 ms max latency.
8334 records sent, 133.888121 records/sec (1.31 MB/sec), 9843.71 ms avg latency, 16829.00 ms max latency, 9185 ms 50th, 15647 ms 95th, 16380 ms 99th, 16654 ms 99.9th.
----- /var/lib/kafka-client/results/security-overhead-final-factorial-mtls-b3-rf3-isr3-msg10240-tps10000-batch16384-acks1-prod12-complz4-trial1/producer-perf-3.log -----
producer_index=3
producer_count=12
producer_records=8334
producer_throughput=834
1 records sent, 0.1 records/sec (0.00 MB/sec), 3975.0 ms avg latency, 3975.0 ms max latency.
122 records sent, 24.1 records/sec (0.24 MB/sec), 5531.2 ms avg latency, 16014.0 ms max latency.
210 records sent, 41.8 records/sec (0.41 MB/sec), 8806.1 ms avg latency, 10479.0 ms max latency.
516 records sent, 103.0 records/sec (1.01 MB/sec), 11744.3 ms avg latency, 12531.0 ms max latency.
764 records sent, 152.7 records/sec (1.49 MB/sec), 13541.5 ms avg latency, 14709.0 ms max latency.
958 records sent, 190.4 records/sec (1.86 MB/sec), 14847.7 ms avg latency, 16034.0 ms max latency.
1084 records sent, 215.8 records/sec (2.11 MB/sec), 11099.5 ms avg latency, 12450.0 ms max latency.
1197 records sent, 238.4 records/sec (2.33 MB/sec), 9368.2 ms avg latency, 10266.0 ms max latency.
1343 records sent, 268.2 records/sec (2.62 MB/sec), 8361.4 ms avg latency, 9009.0 ms max latency.
1824 records sent, 364.6 records/sec (3.56 MB/sec), 6970.9 ms avg latency, 8159.0 ms max latency.
8334 records sent, 133.692670 records/sec (1.31 MB/sec), 9850.89 ms avg latency, 16034.00 ms max latency, 9169 ms 50th, 15271 ms 95th, 15860 ms 99th, 15986 ms 99.9th.
----- /var/lib/kafka-client/results/security-overhead-final-factorial-mtls-b3-rf3-isr3-msg10240-tps10000-batch16384-acks1-prod12-complz4-trial1/producer-perf-4.log -----
producer_index=4
producer_count=12
producer_records=8334
producer_throughput=834
1 records sent, 0.1 records/sec (0.00 MB/sec), 16861.0 ms avg latency, 16861.0 ms max latency.
128 records sent, 24.4 records/sec (0.24 MB/sec), 5874.9 ms avg latency, 7828.0 ms max latency.
240 records sent, 47.8 records/sec (0.47 MB/sec), 8886.7 ms avg latency, 10692.0 ms max latency.
462 records sent, 91.7 records/sec (0.90 MB/sec), 11698.0 ms avg latency, 13220.0 ms max latency.
699 records sent, 139.5 records/sec (1.36 MB/sec), 13798.5 ms avg latency, 14955.0 ms max latency.
939 records sent, 186.9 records/sec (1.83 MB/sec), 15667.0 ms avg latency, 17286.0 ms max latency.
1096 records sent, 218.9 records/sec (2.14 MB/sec), 11713.8 ms avg latency, 14573.0 ms max latency.
1246 records sent, 248.2 records/sec (2.42 MB/sec), 9310.1 ms avg latency, 10259.0 ms max latency.
1266 records sent, 251.8 records/sec (2.46 MB/sec), 8270.4 ms avg latency, 8761.0 ms max latency.
2125 records sent, 425.0 records/sec (4.15 MB/sec), 6599.8 ms avg latency, 8171.0 ms max latency.
8334 records sent, 132.222751 records/sec (1.29 MB/sec), 9864.17 ms avg latency, 17286.00 ms max latency, 9039 ms 50th, 15752 ms 95th, 16461 ms 99th, 17083 ms 99.9th.
----- /var/lib/kafka-client/results/security-overhead-final-factorial-mtls-b3-rf3-isr3-msg10240-tps10000-batch16384-acks1-prod12-complz4-trial1/producer-perf-5.log -----
producer_index=5
producer_count=12
producer_records=8333
producer_throughput=833
[2026-05-03 07:04:41,202] WARN [Producer clientId=perf-producer-client] Bootstrap broker 10.20.1.69:9094 (id: -1 rack: null) disconnected (org.apache.kafka.clients.NetworkClient)
1 records sent, 0.1 records/sec (0.00 MB/sec), 17801.0 ms avg latency, 17801.0 ms max latency.
128 records sent, 25.0 records/sec (0.24 MB/sec), 5658.4 ms avg latency, 7424.0 ms max latency.
258 records sent, 50.7 records/sec (0.50 MB/sec), 9135.3 ms avg latency, 10714.0 ms max latency.
520 records sent, 103.5 records/sec (1.01 MB/sec), 11793.9 ms avg latency, 12926.0 ms max latency.
800 records sent, 159.9 records/sec (1.56 MB/sec), 13657.8 ms avg latency, 14801.0 ms max latency.
1015 records sent, 202.7 records/sec (1.98 MB/sec), 14374.4 ms avg latency, 15979.0 ms max latency.
1149 records sent, 228.8 records/sec (2.23 MB/sec), 10493.3 ms avg latency, 12071.0 ms max latency.
1272 records sent, 253.7 records/sec (2.48 MB/sec), 8745.9 ms avg latency, 9454.0 ms max latency.
1470 records sent, 293.6 records/sec (2.87 MB/sec), 7936.5 ms avg latency, 8345.0 ms max latency.
8333 records sent, 133.098007 records/sec (1.30 MB/sec), 9597.00 ms avg latency, 17801.00 ms max latency, 8867 ms 50th, 15057 ms 95th, 15554 ms 99th, 15822 ms 99.9th.
----- /var/lib/kafka-client/results/security-overhead-final-factorial-mtls-b3-rf3-isr3-msg10240-tps10000-batch16384-acks1-prod12-complz4-trial1/producer-perf-6.log -----
producer_index=6
producer_count=12
producer_records=8333
producer_throughput=833
1 records sent, 0.1 records/sec (0.00 MB/sec), 5455.0 ms avg latency, 5455.0 ms max latency.
120 records sent, 22.3 records/sec (0.22 MB/sec), 7434.8 ms avg latency, 18245.0 ms max latency.
246 records sent, 48.9 records/sec (0.48 MB/sec), 10518.7 ms avg latency, 12031.0 ms max latency.
448 records sent, 88.6 records/sec (0.87 MB/sec), 13219.8 ms avg latency, 14450.0 ms max latency.
726 records sent, 144.5 records/sec (1.41 MB/sec), 15511.2 ms avg latency, 16713.0 ms max latency.
1002 records sent, 199.7 records/sec (1.95 MB/sec), 16408.9 ms avg latency, 17784.0 ms max latency.
1074 records sent, 214.3 records/sec (2.09 MB/sec), 11178.2 ms avg latency, 13475.0 ms max latency.
1254 records sent, 249.2 records/sec (2.43 MB/sec), 9215.2 ms avg latency, 10064.0 ms max latency.
1284 records sent, 256.4 records/sec (2.50 MB/sec), 8364.7 ms avg latency, 8774.0 ms max latency.
8333 records sent, 130.892355 records/sec (1.28 MB/sec), 10197.98 ms avg latency, 18245.00 ms max latency, 9118 ms 50th, 17026 ms 95th, 17494 ms 99th, 17706 ms 99.9th.
----- /var/lib/kafka-client/results/security-overhead-final-factorial-mtls-b3-rf3-isr3-msg10240-tps10000-batch16384-acks1-prod12-complz4-trial1/producer-perf-7.log -----
producer_index=7
producer_count=12
producer_records=8333
producer_throughput=833
1 records sent, 0.1 records/sec (0.00 MB/sec), 4335.0 ms avg latency, 4335.0 ms max latency.
114 records sent, 22.8 records/sec (0.22 MB/sec), 6298.2 ms avg latency, 17056.0 ms max latency.
180 records sent, 35.5 records/sec (0.35 MB/sec), 8209.4 ms avg latency, 9145.0 ms max latency.
330 records sent, 65.3 records/sec (0.64 MB/sec), 10473.3 ms avg latency, 12361.0 ms max latency.
520 records sent, 103.2 records/sec (1.01 MB/sec), 13252.4 ms avg latency, 14656.0 ms max latency.
788 records sent, 157.4 records/sec (1.54 MB/sec), 15838.0 ms avg latency, 16926.0 ms max latency.
1080 records sent, 215.0 records/sec (2.10 MB/sec), 15109.2 ms avg latency, 17606.0 ms max latency.
1238 records sent, 247.6 records/sec (2.42 MB/sec), 9739.4 ms avg latency, 11839.0 ms max latency.
1318 records sent, 262.0 records/sec (2.56 MB/sec), 8388.7 ms avg latency, 8913.0 ms max latency.
2140 records sent, 427.3 records/sec (4.17 MB/sec), 6435.3 ms avg latency, 8006.0 ms max latency.
8333 records sent, 131.991193 records/sec (1.29 MB/sec), 9698.22 ms avg latency, 17606.00 ms max latency, 8712 ms 50th, 16841 ms 95th, 17353 ms 99th, 17495 ms 99.9th.
----- /var/lib/kafka-client/results/security-overhead-final-factorial-mtls-b3-rf3-isr3-msg10240-tps10000-batch16384-acks1-prod12-complz4-trial1/producer-perf-8.log -----
producer_index=8
producer_count=12
producer_records=8333
producer_throughput=833
1 records sent, 0.1 records/sec (0.00 MB/sec), 4594.0 ms avg latency, 4594.0 ms max latency.
122 records sent, 24.1 records/sec (0.24 MB/sec), 6275.9 ms avg latency, 17491.0 ms max latency.
198 records sent, 39.2 records/sec (0.38 MB/sec), 8772.0 ms avg latency, 10251.0 ms max latency.
462 records sent, 92.2 records/sec (0.90 MB/sec), 11360.4 ms avg latency, 12566.0 ms max latency.
718 records sent, 143.5 records/sec (1.40 MB/sec), 13478.4 ms avg latency, 14555.0 ms max latency.
920 records sent, 183.1 records/sec (1.79 MB/sec), 15222.2 ms avg latency, 16278.0 ms max latency.
1078 records sent, 211.2 records/sec (2.06 MB/sec), 11837.4 ms avg latency, 14515.0 ms max latency.
1152 records sent, 229.4 records/sec (2.24 MB/sec), 9840.0 ms avg latency, 10686.0 ms max latency.
1410 records sent, 281.2 records/sec (2.75 MB/sec), 8450.6 ms avg latency, 9425.0 ms max latency.
2218 records sent, 442.9 records/sec (4.33 MB/sec), 6119.6 ms avg latency, 7836.0 ms max latency.
8333 records sent, 131.460213 records/sec (1.28 MB/sec), 9751.41 ms avg latency, 17491.00 ms max latency, 9448 ms 50th, 15335 ms 95th, 15905 ms 99th, 16153 ms 99.9th.
----- /var/lib/kafka-client/results/security-overhead-final-factorial-mtls-b3-rf3-isr3-msg10240-tps10000-batch16384-acks1-prod12-complz4-trial1/producer-perf-9.log -----
producer_index=9
producer_count=12
producer_records=8333
producer_throughput=833
1 records sent, 0.1 records/sec (0.00 MB/sec), 16394.0 ms avg latency, 16394.0 ms max latency.
128 records sent, 25.0 records/sec (0.24 MB/sec), 5370.4 ms avg latency, 7741.0 ms max latency.
210 records sent, 41.3 records/sec (0.40 MB/sec), 8767.5 ms avg latency, 10529.0 ms max latency.
348 records sent, 68.9 records/sec (0.67 MB/sec), 11833.4 ms avg latency, 13462.0 ms max latency.
634 records sent, 126.5 records/sec (1.24 MB/sec), 14433.7 ms avg latency, 15773.0 ms max latency.
897 records sent, 178.9 records/sec (1.75 MB/sec), 16695.8 ms avg latency, 17879.0 ms max latency.
1063 records sent, 211.0 records/sec (2.06 MB/sec), 13338.9 ms avg latency, 17820.0 ms max latency.
1168 records sent, 232.1 records/sec (2.27 MB/sec), 9787.5 ms avg latency, 10795.0 ms max latency.
1282 records sent, 256.2 records/sec (2.50 MB/sec), 8730.1 ms avg latency, 9323.0 ms max latency.
2092 records sent, 418.1 records/sec (4.08 MB/sec), 6618.6 ms avg latency, 8391.0 ms max latency.
8333 records sent, 132.014195 records/sec (1.29 MB/sec), 10053.35 ms avg latency, 17879.00 ms max latency, 9167 ms 50th, 16927 ms 95th, 17618 ms 99th, 17782 ms 99.9th.
----- /var/lib/kafka-client/results/security-overhead-final-factorial-mtls-b3-rf3-isr3-msg10240-tps10000-batch16384-acks1-prod12-complz4-trial1/producer-perf-10.log -----
producer_index=10
producer_count=12
producer_records=8333
producer_throughput=833
1 records sent, 0.1 records/sec (0.00 MB/sec), 16430.0 ms avg latency, 16430.0 ms max latency.
104 records sent, 20.5 records/sec (0.20 MB/sec), 5945.2 ms avg latency, 8039.0 ms max latency.
220 records sent, 43.6 records/sec (0.43 MB/sec), 9531.2 ms avg latency, 11093.0 ms max latency.
443 records sent, 88.4 records/sec (0.86 MB/sec), 12458.6 ms avg latency, 13531.0 ms max latency.
695 records sent, 138.5 records/sec (1.35 MB/sec), 14492.6 ms avg latency, 15626.0 ms max latency.
987 records sent, 196.9 records/sec (1.92 MB/sec), 16006.4 ms avg latency, 16923.0 ms max latency.
1127 records sent, 221.4 records/sec (2.16 MB/sec), 11226.7 ms avg latency, 14046.0 ms max latency.
1220 records sent, 239.7 records/sec (2.34 MB/sec), 9192.8 ms avg latency, 9884.0 ms max latency.
1360 records sent, 271.6 records/sec (2.65 MB/sec), 8296.1 ms avg latency, 8854.0 ms max latency.
2116 records sent, 421.0 records/sec (4.11 MB/sec), 6445.4 ms avg latency, 7991.0 ms max latency.
8333 records sent, 133.047005 records/sec (1.30 MB/sec), 9983.62 ms avg latency, 16923.00 ms max latency, 9073 ms 50th, 16260 ms 95th, 16720 ms 99th, 16854 ms 99.9th.
----- /var/lib/kafka-client/results/security-overhead-final-factorial-mtls-b3-rf3-isr3-msg10240-tps10000-batch16384-acks1-prod12-complz4-trial1/producer-perf-11.log -----
producer_index=11
producer_count=12
producer_records=8333
producer_throughput=833
[2026-05-03 07:04:40,575] WARN [Producer clientId=perf-producer-client] Bootstrap broker 10.20.1.91:9094 (id: -3 rack: null) disconnected (org.apache.kafka.clients.NetworkClient)
1 records sent, 0.1 records/sec (0.00 MB/sec), 17420.0 ms avg latency, 17420.0 ms max latency.
114 records sent, 22.3 records/sec (0.22 MB/sec), 5720.2 ms avg latency, 8040.0 ms max latency.
247 records sent, 49.3 records/sec (0.48 MB/sec), 9339.1 ms avg latency, 10788.0 ms max latency.
371 records sent, 73.8 records/sec (0.72 MB/sec), 12115.3 ms avg latency, 13759.0 ms max latency.
688 records sent, 137.2 records/sec (1.34 MB/sec), 14779.4 ms avg latency, 16020.0 ms max latency.
908 records sent, 181.3 records/sec (1.77 MB/sec), 16719.2 ms avg latency, 17764.0 ms max latency.
1128 records sent, 224.7 records/sec (2.19 MB/sec), 12176.9 ms avg latency, 16627.0 ms max latency.
1202 records sent, 239.6 records/sec (2.34 MB/sec), 9329.0 ms avg latency, 10309.0 ms max latency.
1338 records sent, 267.3 records/sec (2.61 MB/sec), 8411.9 ms avg latency, 8906.0 ms max latency.
2184 records sent, 436.5 records/sec (4.26 MB/sec), 6255.3 ms avg latency, 8049.0 ms max latency.
8333 records sent, 131.528688 records/sec (1.28 MB/sec), 10004.54 ms avg latency, 17764.00 ms max latency, 8950 ms 50th, 16758 ms 95th, 17403 ms 99th, 17732 ms 99.9th.
----- /var/lib/kafka-client/results/security-overhead-final-factorial-mtls-b3-rf3-isr3-msg10240-tps10000-batch16384-acks1-prod12-complz4-trial1/producer-perf-12.log -----
producer_index=12
producer_count=12
producer_records=8333
producer_throughput=833
1 records sent, 0.1 records/sec (0.00 MB/sec), 3868.0 ms avg latency, 3868.0 ms max latency.
116 records sent, 23.1 records/sec (0.23 MB/sec), 6104.2 ms avg latency, 16573.0 ms max latency.
246 records sent, 48.1 records/sec (0.47 MB/sec), 9782.8 ms avg latency, 11166.0 ms max latency.
562 records sent, 111.9 records/sec (1.09 MB/sec), 12023.3 ms avg latency, 13277.0 ms max latency.
828 records sent, 165.4 records/sec (1.62 MB/sec), 13789.3 ms avg latency, 14907.0 ms max latency.
962 records sent, 191.7 records/sec (1.87 MB/sec), 14285.4 ms avg latency, 15941.0 ms max latency.
1116 records sent, 222.1 records/sec (2.17 MB/sec), 10872.4 ms avg latency, 12442.0 ms max latency.
1240 records sent, 248.0 records/sec (2.42 MB/sec), 9208.9 ms avg latency, 10108.0 ms max latency.
1398 records sent, 278.6 records/sec (2.72 MB/sec), 8011.0 ms avg latency, 8658.0 ms max latency.
8333 records sent, 135.860439 records/sec (1.33 MB/sec), 9747.93 ms avg latency, 16573.00 ms max latency, 9251 ms 50th, 14933 ms 95th, 15424 ms 99th, 15887 ms 99.9th.
