run_id=security-overhead-final-factorial-mtls-b5-rf5-isr4-msg1024-tps10000-batch131072-acksall-prod12-compnone-trial3
producer_count=12
----- /var/lib/kafka-client/results/security-overhead-final-factorial-mtls-b5-rf5-isr4-msg1024-tps10000-batch131072-acksall-prod12-compnone-trial3/producer-perf-1.log -----
producer_index=1
producer_count=12
producer_records=8334
producer_throughput=834
1 records sent, 0.1 records/sec (0.00 MB/sec), 17898.0 ms avg latency, 17898.0 ms max latency.
3402 records sent, 641.8 records/sec (0.63 MB/sec), 5241.7 ms avg latency, 7588.0 ms max latency.
8334 records sent, 321.515374 records/sec (0.31 MB/sec), 5715.23 ms avg latency, 17898.00 ms max latency, 5960 ms 50th, 7143 ms 95th, 7366 ms 99th, 7588 ms 99.9th.
----- /var/lib/kafka-client/results/security-overhead-final-factorial-mtls-b5-rf5-isr4-msg1024-tps10000-batch131072-acksall-prod12-compnone-trial3/producer-perf-2.log -----
producer_index=2
producer_count=12
producer_records=8334
producer_throughput=834
1 records sent, 0.1 records/sec (0.00 MB/sec), 4135.0 ms avg latency, 4135.0 ms max latency.
8334 records sent, 338.546533 records/sec (0.33 MB/sec), 4965.59 ms avg latency, 20187.00 ms max latency, 5186 ms 50th, 6567 ms 95th, 6792 ms 99th, 6941 ms 99.9th.
----- /var/lib/kafka-client/results/security-overhead-final-factorial-mtls-b5-rf5-isr4-msg1024-tps10000-batch131072-acksall-prod12-compnone-trial3/producer-perf-3.log -----
producer_index=3
producer_count=12
producer_records=8334
producer_throughput=834
1 records sent, 0.1 records/sec (0.00 MB/sec), 17090.0 ms avg latency, 17090.0 ms max latency.
2268 records sent, 441.9 records/sec (0.43 MB/sec), 4792.1 ms avg latency, 7808.0 ms max latency.
8334 records sent, 330.517549 records/sec (0.32 MB/sec), 6077.73 ms avg latency, 17090.00 ms max latency, 6352 ms 50th, 7648 ms 95th, 7947 ms 99th, 7994 ms 99.9th.
----- /var/lib/kafka-client/results/security-overhead-final-factorial-mtls-b5-rf5-isr4-msg1024-tps10000-batch131072-acksall-prod12-compnone-trial3/producer-perf-4.log -----
producer_index=4
producer_count=12
producer_records=8334
producer_throughput=834
1 records sent, 0.1 records/sec (0.00 MB/sec), 19688.0 ms avg latency, 19688.0 ms max latency.
8334 records sent, 339.083733 records/sec (0.33 MB/sec), 5471.68 ms avg latency, 19688.00 ms max latency, 5606 ms 50th, 6262 ms 95th, 6360 ms 99th, 6491 ms 99.9th.
----- /var/lib/kafka-client/results/security-overhead-final-factorial-mtls-b5-rf5-isr4-msg1024-tps10000-batch131072-acksall-prod12-compnone-trial3/producer-perf-5.log -----
producer_index=5
producer_count=12
producer_records=8333
producer_throughput=833
1 records sent, 0.1 records/sec (0.00 MB/sec), 17072.0 ms avg latency, 17072.0 ms max latency.
3150 records sent, 603.9 records/sec (0.59 MB/sec), 4489.6 ms avg latency, 7033.0 ms max latency.
8333 records sent, 337.655497 records/sec (0.33 MB/sec), 5511.49 ms avg latency, 17072.00 ms max latency, 5663 ms 50th, 7410 ms 95th, 7480 ms 99th, 7519 ms 99.9th.
----- /var/lib/kafka-client/results/security-overhead-final-factorial-mtls-b5-rf5-isr4-msg1024-tps10000-batch131072-acksall-prod12-compnone-trial3/producer-perf-6.log -----
producer_index=6
producer_count=12
producer_records=8333
producer_throughput=833
1 records sent, 0.1 records/sec (0.00 MB/sec), 19029.0 ms avg latency, 19029.0 ms max latency.
6300 records sent, 1239.9 records/sec (1.21 MB/sec), 6304.7 ms avg latency, 7311.0 ms max latency.
8333 records sent, 330.425473 records/sec (0.32 MB/sec), 6436.91 ms avg latency, 19029.00 ms max latency, 6485 ms 50th, 7198 ms 95th, 7502 ms 99th, 7532 ms 99.9th.
----- /var/lib/kafka-client/results/security-overhead-final-factorial-mtls-b5-rf5-isr4-msg1024-tps10000-batch131072-acksall-prod12-compnone-trial3/producer-perf-7.log -----
producer_index=7
producer_count=12
producer_records=8333
producer_throughput=833
1 records sent, 0.1 records/sec (0.00 MB/sec), 18977.0 ms avg latency, 18977.0 ms max latency.
5309 records sent, 1025.9 records/sec (1.00 MB/sec), 5757.8 ms avg latency, 7503.0 ms max latency.
8333 records sent, 326.387529 records/sec (0.32 MB/sec), 5975.72 ms avg latency, 18977.00 ms max latency, 5965 ms 50th, 7372 ms 95th, 7412 ms 99th, 7503 ms 99.9th.
----- /var/lib/kafka-client/results/security-overhead-final-factorial-mtls-b5-rf5-isr4-msg1024-tps10000-batch131072-acksall-prod12-compnone-trial3/producer-perf-8.log -----
producer_index=8
producer_count=12
producer_records=8333
producer_throughput=833
1 records sent, 0.1 records/sec (0.00 MB/sec), 3164.0 ms avg latency, 3164.0 ms max latency.
7451 records sent, 1469.6 records/sec (1.44 MB/sec), 6203.6 ms avg latency, 19893.0 ms max latency.
8333 records sent, 332.840709 records/sec (0.33 MB/sec), 6284.28 ms avg latency, 19893.00 ms max latency, 6701 ms 50th, 7571 ms 95th, 7890 ms 99th, 7945 ms 99.9th.
----- /var/lib/kafka-client/results/security-overhead-final-factorial-mtls-b5-rf5-isr4-msg1024-tps10000-batch131072-acksall-prod12-compnone-trial3/producer-perf-9.log -----
producer_index=9
producer_count=12
producer_records=8333
producer_throughput=833
1 records sent, 0.1 records/sec (0.00 MB/sec), 17984.0 ms avg latency, 17984.0 ms max latency.
4158 records sent, 825.2 records/sec (0.81 MB/sec), 5195.3 ms avg latency, 6841.0 ms max latency.
8333 records sent, 331.965580 records/sec (0.32 MB/sec), 5553.81 ms avg latency, 17984.00 ms max latency, 5844 ms 50th, 6456 ms 95th, 6625 ms 99th, 6840 ms 99.9th.
----- /var/lib/kafka-client/results/security-overhead-final-factorial-mtls-b5-rf5-isr4-msg1024-tps10000-batch131072-acksall-prod12-compnone-trial3/producer-perf-10.log -----
producer_index=10
producer_count=12
producer_records=8333
producer_throughput=833
1 records sent, 0.1 records/sec (0.00 MB/sec), 4658.0 ms avg latency, 4658.0 ms max latency.
5670 records sent, 1133.8 records/sec (1.11 MB/sec), 6929.6 ms avg latency, 18825.0 ms max latency.
8333 records sent, 338.313507 records/sec (0.33 MB/sec), 7241.04 ms avg latency, 18825.00 ms max latency, 7336 ms 50th, 8885 ms 95th, 9099 ms 99th, 9260 ms 99.9th.
----- /var/lib/kafka-client/results/security-overhead-final-factorial-mtls-b5-rf5-isr4-msg1024-tps10000-batch131072-acksall-prod12-compnone-trial3/producer-perf-11.log -----
producer_index=11
producer_count=12
producer_records=8333
producer_throughput=833
1 records sent, 0.1 records/sec (0.00 MB/sec), 16644.0 ms avg latency, 16644.0 ms max latency.
1638 records sent, 313.6 records/sec (0.31 MB/sec), 4650.5 ms avg latency, 7686.0 ms max latency.
8333 records sent, 328.458810 records/sec (0.32 MB/sec), 6413.35 ms avg latency, 16644.00 ms max latency, 6894 ms 50th, 8197 ms 95th, 8252 ms 99th, 8316 ms 99.9th.
----- /var/lib/kafka-client/results/security-overhead-final-factorial-mtls-b5-rf5-isr4-msg1024-tps10000-batch131072-acksall-prod12-compnone-trial3/producer-perf-12.log -----
producer_index=12
producer_count=12
producer_records=8333
producer_throughput=833
1 records sent, 0.1 records/sec (0.00 MB/sec), 17153.0 ms avg latency, 17153.0 ms max latency.
2394 records sent, 478.8 records/sec (0.47 MB/sec), 4019.4 ms avg latency, 6463.0 ms max latency.
8333 records sent, 331.767329 records/sec (0.32 MB/sec), 5107.91 ms avg latency, 17153.00 ms max latency, 5425 ms 50th, 6812 ms 95th, 7013 ms 99th, 7053 ms 99.9th.
