run_id=security-overhead-final-factorial-plaintext-b5-rf5-isr3-msg10240-tps1000-batch131072-acks1-prod6-complz4-trial3
producer_count=6
----- /var/lib/kafka-client/results/security-overhead-final-factorial-plaintext-b5-rf5-isr3-msg10240-tps1000-batch131072-acks1-prod6-complz4-trial3/producer-perf-1.log -----
producer_index=1
producer_count=6
producer_records=16667
producer_throughput=167
292 records sent, 57.8 records/sec (0.56 MB/sec), 398.6 ms avg latency, 4387.0 ms max latency.
1390 records sent, 277.8 records/sec (2.71 MB/sec), 183.6 ms avg latency, 633.0 ms max latency.
836 records sent, 167.2 records/sec (1.63 MB/sec), 10.5 ms avg latency, 65.0 ms max latency.
833 records sent, 166.5 records/sec (1.63 MB/sec), 10.1 ms avg latency, 32.0 ms max latency.
837 records sent, 167.4 records/sec (1.63 MB/sec), 9.6 ms avg latency, 43.0 ms max latency.
835 records sent, 166.6 records/sec (1.63 MB/sec), 9.6 ms avg latency, 37.0 ms max latency.
843 records sent, 168.2 records/sec (1.64 MB/sec), 10.1 ms avg latency, 53.0 ms max latency.
836 records sent, 167.0 records/sec (1.63 MB/sec), 9.8 ms avg latency, 54.0 ms max latency.
837 records sent, 167.4 records/sec (1.63 MB/sec), 9.5 ms avg latency, 41.0 ms max latency.
836 records sent, 167.2 records/sec (1.63 MB/sec), 7.8 ms avg latency, 38.0 ms max latency.
835 records sent, 166.8 records/sec (1.63 MB/sec), 8.9 ms avg latency, 68.0 ms max latency.
836 records sent, 167.2 records/sec (1.63 MB/sec), 8.8 ms avg latency, 59.0 ms max latency.
833 records sent, 166.6 records/sec (1.63 MB/sec), 8.1 ms avg latency, 54.0 ms max latency.
839 records sent, 167.6 records/sec (1.64 MB/sec), 6.6 ms avg latency, 26.0 ms max latency.
835 records sent, 167.0 records/sec (1.63 MB/sec), 6.7 ms avg latency, 19.0 ms max latency.
836 records sent, 167.2 records/sec (1.63 MB/sec), 6.2 ms avg latency, 14.0 ms max latency.
835 records sent, 167.0 records/sec (1.63 MB/sec), 6.2 ms avg latency, 20.0 ms max latency.
835 records sent, 167.0 records/sec (1.63 MB/sec), 6.5 ms avg latency, 42.0 ms max latency.
836 records sent, 167.2 records/sec (1.63 MB/sec), 6.4 ms avg latency, 37.0 ms max latency.
16667 records sent, 166.957166 records/sec (1.63 MB/sec), 29.67 ms avg latency, 4387.00 ms max latency, 7 ms 50th, 221 ms 95th, 498 ms 99th, 668 ms 99.9th.
----- /var/lib/kafka-client/results/security-overhead-final-factorial-plaintext-b5-rf5-isr3-msg10240-tps1000-batch131072-acks1-prod6-complz4-trial3/producer-perf-2.log -----
producer_index=2
producer_count=6
producer_records=16667
producer_throughput=167
25 records sent, 5.0 records/sec (0.05 MB/sec), 579.9 ms avg latency, 4876.0 ms max latency.
1649 records sent, 329.0 records/sec (3.21 MB/sec), 112.5 ms avg latency, 443.0 ms max latency.
838 records sent, 167.6 records/sec (1.64 MB/sec), 10.1 ms avg latency, 43.0 ms max latency.
836 records sent, 167.0 records/sec (1.63 MB/sec), 9.8 ms avg latency, 34.0 ms max latency.
837 records sent, 166.8 records/sec (1.63 MB/sec), 9.8 ms avg latency, 44.0 ms max latency.
838 records sent, 167.5 records/sec (1.64 MB/sec), 10.0 ms avg latency, 46.0 ms max latency.
837 records sent, 167.1 records/sec (1.63 MB/sec), 9.9 ms avg latency, 61.0 ms max latency.
836 records sent, 167.2 records/sec (1.63 MB/sec), 9.7 ms avg latency, 41.0 ms max latency.
836 records sent, 167.2 records/sec (1.63 MB/sec), 8.8 ms avg latency, 55.0 ms max latency.
836 records sent, 167.2 records/sec (1.63 MB/sec), 9.0 ms avg latency, 66.0 ms max latency.
835 records sent, 166.9 records/sec (1.63 MB/sec), 8.3 ms avg latency, 68.0 ms max latency.
836 records sent, 167.2 records/sec (1.63 MB/sec), 9.9 ms avg latency, 65.0 ms max latency.
835 records sent, 167.0 records/sec (1.63 MB/sec), 8.3 ms avg latency, 79.0 ms max latency.
836 records sent, 167.2 records/sec (1.63 MB/sec), 7.2 ms avg latency, 28.0 ms max latency.
835 records sent, 167.0 records/sec (1.63 MB/sec), 6.5 ms avg latency, 17.0 ms max latency.
836 records sent, 167.0 records/sec (1.63 MB/sec), 6.4 ms avg latency, 35.0 ms max latency.
836 records sent, 167.2 records/sec (1.63 MB/sec), 6.3 ms avg latency, 26.0 ms max latency.
835 records sent, 167.0 records/sec (1.63 MB/sec), 6.6 ms avg latency, 38.0 ms max latency.
836 records sent, 167.0 records/sec (1.63 MB/sec), 6.6 ms avg latency, 49.0 ms max latency.
16667 records sent, 166.891966 records/sec (1.63 MB/sec), 19.48 ms avg latency, 4876.00 ms max latency, 7 ms 50th, 80 ms 95th, 313 ms 99th, 431 ms 99.9th.
----- /var/lib/kafka-client/results/security-overhead-final-factorial-plaintext-b5-rf5-isr3-msg10240-tps1000-batch131072-acks1-prod6-complz4-trial3/producer-perf-3.log -----
producer_index=3
producer_count=6
producer_records=16667
producer_throughput=167
44 records sent, 8.8 records/sec (0.09 MB/sec), 597.0 ms avg latency, 4552.0 ms max latency.
1632 records sent, 326.0 records/sec (3.18 MB/sec), 177.9 ms avg latency, 732.0 ms max latency.
844 records sent, 168.6 records/sec (1.65 MB/sec), 10.3 ms avg latency, 68.0 ms max latency.
836 records sent, 167.0 records/sec (1.63 MB/sec), 10.1 ms avg latency, 41.0 ms max latency.
837 records sent, 166.9 records/sec (1.63 MB/sec), 9.6 ms avg latency, 40.0 ms max latency.
842 records sent, 168.1 records/sec (1.64 MB/sec), 9.5 ms avg latency, 48.0 ms max latency.
836 records sent, 167.1 records/sec (1.63 MB/sec), 10.5 ms avg latency, 85.0 ms max latency.
836 records sent, 167.2 records/sec (1.63 MB/sec), 9.8 ms avg latency, 59.0 ms max latency.
835 records sent, 166.9 records/sec (1.63 MB/sec), 8.8 ms avg latency, 42.0 ms max latency.
837 records sent, 167.2 records/sec (1.63 MB/sec), 8.4 ms avg latency, 59.0 ms max latency.
835 records sent, 167.0 records/sec (1.63 MB/sec), 9.6 ms avg latency, 79.0 ms max latency.
836 records sent, 167.0 records/sec (1.63 MB/sec), 9.6 ms avg latency, 53.0 ms max latency.
837 records sent, 167.3 records/sec (1.63 MB/sec), 8.7 ms avg latency, 71.0 ms max latency.
836 records sent, 167.1 records/sec (1.63 MB/sec), 6.8 ms avg latency, 38.0 ms max latency.
835 records sent, 167.0 records/sec (1.63 MB/sec), 6.7 ms avg latency, 34.0 ms max latency.
837 records sent, 167.4 records/sec (1.63 MB/sec), 6.5 ms avg latency, 47.0 ms max latency.
836 records sent, 167.0 records/sec (1.63 MB/sec), 6.3 ms avg latency, 25.0 ms max latency.
835 records sent, 166.9 records/sec (1.63 MB/sec), 6.5 ms avg latency, 35.0 ms max latency.
836 records sent, 167.1 records/sec (1.63 MB/sec), 6.7 ms avg latency, 63.0 ms max latency.
16667 records sent, 166.886953 records/sec (1.63 MB/sec), 26.53 ms avg latency, 4552.00 ms max latency, 7 ms 50th, 135 ms 95th, 510 ms 99th, 707 ms 99.9th.
----- /var/lib/kafka-client/results/security-overhead-final-factorial-plaintext-b5-rf5-isr3-msg10240-tps1000-batch131072-acks1-prod6-complz4-trial3/producer-perf-4.log -----
producer_index=4
producer_count=6
producer_records=16667
producer_throughput=167
239 records sent, 47.5 records/sec (0.46 MB/sec), 411.1 ms avg latency, 4405.0 ms max latency.
1444 records sent, 288.1 records/sec (2.81 MB/sec), 179.8 ms avg latency, 803.0 ms max latency.
841 records sent, 168.0 records/sec (1.64 MB/sec), 10.6 ms avg latency, 68.0 ms max latency.
834 records sent, 166.5 records/sec (1.63 MB/sec), 9.8 ms avg latency, 35.0 ms max latency.
839 records sent, 167.5 records/sec (1.64 MB/sec), 9.9 ms avg latency, 34.0 ms max latency.
843 records sent, 168.5 records/sec (1.65 MB/sec), 10.0 ms avg latency, 64.0 ms max latency.
835 records sent, 166.2 records/sec (1.62 MB/sec), 9.8 ms avg latency, 46.0 ms max latency.
846 records sent, 169.0 records/sec (1.65 MB/sec), 9.8 ms avg latency, 49.0 ms max latency.
837 records sent, 167.3 records/sec (1.63 MB/sec), 9.0 ms avg latency, 40.0 ms max latency.
835 records sent, 166.9 records/sec (1.63 MB/sec), 8.1 ms avg latency, 70.0 ms max latency.
833 records sent, 166.6 records/sec (1.63 MB/sec), 8.6 ms avg latency, 66.0 ms max latency.
838 records sent, 167.5 records/sec (1.64 MB/sec), 9.1 ms avg latency, 57.0 ms max latency.
836 records sent, 167.1 records/sec (1.63 MB/sec), 8.2 ms avg latency, 71.0 ms max latency.
835 records sent, 167.0 records/sec (1.63 MB/sec), 6.8 ms avg latency, 25.0 ms max latency.
836 records sent, 166.9 records/sec (1.63 MB/sec), 6.9 ms avg latency, 30.0 ms max latency.
837 records sent, 167.3 records/sec (1.63 MB/sec), 6.3 ms avg latency, 19.0 ms max latency.
836 records sent, 167.2 records/sec (1.63 MB/sec), 6.5 ms avg latency, 45.0 ms max latency.
836 records sent, 166.9 records/sec (1.63 MB/sec), 6.5 ms avg latency, 35.0 ms max latency.
835 records sent, 167.0 records/sec (1.63 MB/sec), 6.6 ms avg latency, 63.0 ms max latency.
16667 records sent, 166.917037 records/sec (1.63 MB/sec), 28.91 ms avg latency, 4405.00 ms max latency, 7 ms 50th, 140 ms 95th, 581 ms 99th, 763 ms 99.9th.
----- /var/lib/kafka-client/results/security-overhead-final-factorial-plaintext-b5-rf5-isr3-msg10240-tps1000-batch131072-acks1-prod6-complz4-trial3/producer-perf-5.log -----
producer_index=5
producer_count=6
producer_records=16666
producer_throughput=166
330 records sent, 64.9 records/sec (0.63 MB/sec), 301.4 ms avg latency, 4198.0 ms max latency.
1349 records sent, 269.7 records/sec (2.63 MB/sec), 119.8 ms avg latency, 551.0 ms max latency.
833 records sent, 166.4 records/sec (1.63 MB/sec), 10.1 ms avg latency, 36.0 ms max latency.
832 records sent, 166.1 records/sec (1.62 MB/sec), 10.5 ms avg latency, 45.0 ms max latency.
829 records sent, 165.5 records/sec (1.62 MB/sec), 10.9 ms avg latency, 63.0 ms max latency.
833 records sent, 166.0 records/sec (1.62 MB/sec), 10.3 ms avg latency, 61.0 ms max latency.
831 records sent, 165.4 records/sec (1.62 MB/sec), 9.9 ms avg latency, 43.0 ms max latency.
839 records sent, 167.7 records/sec (1.64 MB/sec), 10.0 ms avg latency, 59.0 ms max latency.
831 records sent, 166.1 records/sec (1.62 MB/sec), 8.9 ms avg latency, 41.0 ms max latency.
832 records sent, 166.4 records/sec (1.62 MB/sec), 8.3 ms avg latency, 38.0 ms max latency.
827 records sent, 165.3 records/sec (1.61 MB/sec), 8.8 ms avg latency, 69.0 ms max latency.
833 records sent, 166.6 records/sec (1.63 MB/sec), 9.0 ms avg latency, 57.0 ms max latency.
831 records sent, 166.1 records/sec (1.62 MB/sec), 8.8 ms avg latency, 74.0 ms max latency.
831 records sent, 166.0 records/sec (1.62 MB/sec), 7.2 ms avg latency, 45.0 ms max latency.
830 records sent, 166.0 records/sec (1.62 MB/sec), 6.7 ms avg latency, 23.0 ms max latency.
831 records sent, 166.2 records/sec (1.62 MB/sec), 6.2 ms avg latency, 16.0 ms max latency.
831 records sent, 166.1 records/sec (1.62 MB/sec), 6.2 ms avg latency, 14.0 ms max latency.
831 records sent, 166.0 records/sec (1.62 MB/sec), 6.8 ms avg latency, 41.0 ms max latency.
831 records sent, 166.1 records/sec (1.62 MB/sec), 6.6 ms avg latency, 36.0 ms max latency.
830 records sent, 165.9 records/sec (1.62 MB/sec), 6.2 ms avg latency, 26.0 ms max latency.
16666 records sent, 165.966261 records/sec (1.62 MB/sec), 23.23 ms avg latency, 4198.00 ms max latency, 7 ms 50th, 152 ms 95th, 331 ms 99th, 480 ms 99.9th.
----- /var/lib/kafka-client/results/security-overhead-final-factorial-plaintext-b5-rf5-isr3-msg10240-tps1000-batch131072-acks1-prod6-complz4-trial3/producer-perf-6.log -----
producer_index=6
producer_count=6
producer_records=16666
producer_throughput=166
375 records sent, 74.6 records/sec (0.73 MB/sec), 221.5 ms avg latency, 4162.0 ms max latency.
1295 records sent, 258.6 records/sec (2.53 MB/sec), 67.5 ms avg latency, 257.0 ms max latency.
831 records sent, 166.1 records/sec (1.62 MB/sec), 10.5 ms avg latency, 51.0 ms max latency.
831 records sent, 166.1 records/sec (1.62 MB/sec), 10.3 ms avg latency, 39.0 ms max latency.
833 records sent, 166.4 records/sec (1.63 MB/sec), 10.6 ms avg latency, 60.0 ms max latency.
831 records sent, 165.9 records/sec (1.62 MB/sec), 10.5 ms avg latency, 43.0 ms max latency.
834 records sent, 166.6 records/sec (1.63 MB/sec), 10.3 ms avg latency, 56.0 ms max latency.
831 records sent, 166.0 records/sec (1.62 MB/sec), 9.8 ms avg latency, 64.0 ms max latency.
832 records sent, 165.3 records/sec (1.61 MB/sec), 9.0 ms avg latency, 40.0 ms max latency.
835 records sent, 166.9 records/sec (1.63 MB/sec), 8.9 ms avg latency, 53.0 ms max latency.
830 records sent, 166.0 records/sec (1.62 MB/sec), 8.2 ms avg latency, 54.0 ms max latency.
831 records sent, 166.1 records/sec (1.62 MB/sec), 9.5 ms avg latency, 51.0 ms max latency.
830 records sent, 165.8 records/sec (1.62 MB/sec), 8.0 ms avg latency, 61.0 ms max latency.
833 records sent, 166.5 records/sec (1.63 MB/sec), 7.4 ms avg latency, 47.0 ms max latency.
831 records sent, 165.9 records/sec (1.62 MB/sec), 6.6 ms avg latency, 23.0 ms max latency.
830 records sent, 166.0 records/sec (1.62 MB/sec), 6.3 ms avg latency, 21.0 ms max latency.
831 records sent, 166.1 records/sec (1.62 MB/sec), 6.2 ms avg latency, 14.0 ms max latency.
831 records sent, 166.0 records/sec (1.62 MB/sec), 6.7 ms avg latency, 39.0 ms max latency.
831 records sent, 166.0 records/sec (1.62 MB/sec), 6.7 ms avg latency, 40.0 ms max latency.
831 records sent, 166.1 records/sec (1.62 MB/sec), 6.2 ms avg latency, 25.0 ms max latency.
16666 records sent, 165.802800 records/sec (1.62 MB/sec), 17.81 ms avg latency, 4162.00 ms max latency, 7 ms 50th, 68 ms 95th, 231 ms 99th, 337 ms 99.9th.
