run_id=security-overhead-final-factorial-tls-b5-rf5-isr4-msg10240-tps10000-batch16384-acks1-prod12-compnone-trial3
producer_count=12
----- /var/lib/kafka-client/results/security-overhead-final-factorial-tls-b5-rf5-isr4-msg10240-tps10000-batch16384-acks1-prod12-compnone-trial3/producer-perf-1.log -----
producer_index=1
producer_count=12
producer_records=8334
producer_throughput=834
[2026-04-25 06:31:10,876] WARN [Producer clientId=perf-producer-client] Bootstrap broker 10.20.1.238:9094 (id: -2 rack: null) disconnected (org.apache.kafka.clients.NetworkClient)
1 records sent, 0.1 records/sec (0.00 MB/sec), 18660.0 ms avg latency, 18660.0 ms max latency.
168 records sent, 33.5 records/sec (0.33 MB/sec), 6440.8 ms avg latency, 8156.0 ms max latency.
377 records sent, 75.0 records/sec (0.73 MB/sec), 9748.4 ms avg latency, 11378.0 ms max latency.
644 records sent, 128.4 records/sec (1.25 MB/sec), 13086.9 ms avg latency, 14544.0 ms max latency.
983 records sent, 196.5 records/sec (1.92 MB/sec), 15912.3 ms avg latency, 17635.0 ms max latency.
1002 records sent, 200.2 records/sec (1.96 MB/sec), 12121.4 ms avg latency, 17822.0 ms max latency.
1229 records sent, 245.1 records/sec (2.39 MB/sec), 9607.3 ms avg latency, 10636.0 ms max latency.
1373 records sent, 273.9 records/sec (2.68 MB/sec), 8309.6 ms avg latency, 9356.0 ms max latency.
1432 records sent, 285.3 records/sec (2.79 MB/sec), 7538.2 ms avg latency, 8232.0 ms max latency.
8334 records sent, 133.384549 records/sec (1.30 MB/sec), 9930.91 ms avg latency, 18660.00 ms max latency, 9133 ms 50th, 16189 ms 95th, 17059 ms 99th, 17667 ms 99.9th.
----- /var/lib/kafka-client/results/security-overhead-final-factorial-tls-b5-rf5-isr4-msg10240-tps10000-batch16384-acks1-prod12-compnone-trial3/producer-perf-2.log -----
producer_index=2
producer_count=12
producer_records=8334
producer_throughput=834
1 records sent, 0.1 records/sec (0.00 MB/sec), 17013.0 ms avg latency, 17013.0 ms max latency.
110 records sent, 22.0 records/sec (0.21 MB/sec), 6748.6 ms avg latency, 8328.0 ms max latency.
270 records sent, 53.6 records/sec (0.52 MB/sec), 9905.1 ms avg latency, 11759.0 ms max latency.
539 records sent, 107.8 records/sec (1.05 MB/sec), 13868.9 ms avg latency, 15737.0 ms max latency.
1057 records sent, 211.1 records/sec (2.06 MB/sec), 16123.0 ms avg latency, 17246.0 ms max latency.
1133 records sent, 224.2 records/sec (2.19 MB/sec), 12067.9 ms avg latency, 17519.0 ms max latency.
1253 records sent, 250.5 records/sec (2.45 MB/sec), 8838.5 ms avg latency, 9427.0 ms max latency.
1402 records sent, 279.6 records/sec (2.73 MB/sec), 7945.9 ms avg latency, 8643.0 ms max latency.
1433 records sent, 285.7 records/sec (2.79 MB/sec), 7455.5 ms avg latency, 7728.0 ms max latency.
8334 records sent, 136.649833 records/sec (1.33 MB/sec), 9872.25 ms avg latency, 17519.00 ms max latency, 8551 ms 50th, 16606 ms 95th, 17155 ms 99th, 17405 ms 99.9th.
----- /var/lib/kafka-client/results/security-overhead-final-factorial-tls-b5-rf5-isr4-msg10240-tps10000-batch16384-acks1-prod12-compnone-trial3/producer-perf-3.log -----
producer_index=3
producer_count=12
producer_records=8334
producer_throughput=834
1 records sent, 0.1 records/sec (0.00 MB/sec), 16464.0 ms avg latency, 16464.0 ms max latency.
101 records sent, 20.0 records/sec (0.20 MB/sec), 6831.1 ms avg latency, 8768.0 ms max latency.
270 records sent, 53.4 records/sec (0.52 MB/sec), 10554.2 ms avg latency, 12579.0 ms max latency.
533 records sent, 106.0 records/sec (1.04 MB/sec), 14472.1 ms avg latency, 16183.0 ms max latency.
817 records sent, 162.6 records/sec (1.59 MB/sec), 17472.6 ms avg latency, 18773.0 ms max latency.
1054 records sent, 209.6 records/sec (2.05 MB/sec), 15729.6 ms avg latency, 20156.0 ms max latency.
1044 records sent, 208.2 records/sec (2.03 MB/sec), 10341.1 ms avg latency, 11667.0 ms max latency.
1260 records sent, 251.8 records/sec (2.46 MB/sec), 9382.6 ms avg latency, 9893.0 ms max latency.
1283 records sent, 256.3 records/sec (2.50 MB/sec), 8371.3 ms avg latency, 8934.0 ms max latency.
1589 records sent, 316.6 records/sec (3.09 MB/sec), 7461.7 ms avg latency, 8079.0 ms max latency.
8334 records sent, 131.673329 records/sec (1.29 MB/sec), 10780.81 ms avg latency, 20156.00 ms max latency, 9575 ms 50th, 18538 ms 95th, 19678 ms 99th, 20053 ms 99.9th.
----- /var/lib/kafka-client/results/security-overhead-final-factorial-tls-b5-rf5-isr4-msg10240-tps10000-batch16384-acks1-prod12-compnone-trial3/producer-perf-4.log -----
producer_index=4
producer_count=12
producer_records=8334
producer_throughput=834
1 records sent, 0.1 records/sec (0.00 MB/sec), 4552.0 ms avg latency, 4552.0 ms max latency.
138 records sent, 27.4 records/sec (0.27 MB/sec), 7137.8 ms avg latency, 17485.0 ms max latency.
324 records sent, 64.8 records/sec (0.63 MB/sec), 10271.1 ms avg latency, 11872.0 ms max latency.
498 records sent, 99.3 records/sec (0.97 MB/sec), 13367.7 ms avg latency, 15167.0 ms max latency.
906 records sent, 180.6 records/sec (1.76 MB/sec), 16261.9 ms avg latency, 18074.0 ms max latency.
1019 records sent, 203.2 records/sec (1.98 MB/sec), 14651.5 ms avg latency, 18593.0 ms max latency.
1171 records sent, 233.6 records/sec (2.28 MB/sec), 10171.9 ms avg latency, 11355.0 ms max latency.
1258 records sent, 250.5 records/sec (2.45 MB/sec), 8927.8 ms avg latency, 9635.0 ms max latency.
1295 records sent, 258.8 records/sec (2.53 MB/sec), 8269.5 ms avg latency, 8629.0 ms max latency.
8334 records sent, 132.916540 records/sec (1.30 MB/sec), 10365.43 ms avg latency, 18593.00 ms max latency, 9325 ms 50th, 17379 ms 95th, 18133 ms 99th, 18476 ms 99.9th.
----- /var/lib/kafka-client/results/security-overhead-final-factorial-tls-b5-rf5-isr4-msg10240-tps10000-batch16384-acks1-prod12-compnone-trial3/producer-perf-5.log -----
producer_index=5
producer_count=12
producer_records=8333
producer_throughput=833
1 records sent, 0.1 records/sec (0.00 MB/sec), 16647.0 ms avg latency, 16647.0 ms max latency.
111 records sent, 21.9 records/sec (0.21 MB/sec), 6944.2 ms avg latency, 8665.0 ms max latency.
276 records sent, 54.4 records/sec (0.53 MB/sec), 10328.3 ms avg latency, 12394.0 ms max latency.
446 records sent, 88.7 records/sec (0.87 MB/sec), 14302.3 ms avg latency, 15922.0 ms max latency.
842 records sent, 167.4 records/sec (1.64 MB/sec), 16812.3 ms avg latency, 18200.0 ms max latency.
1128 records sent, 223.2 records/sec (2.18 MB/sec), 15518.1 ms avg latency, 19278.0 ms max latency.
1139 records sent, 226.2 records/sec (2.21 MB/sec), 9715.1 ms avg latency, 10833.0 ms max latency.
1469 records sent, 293.6 records/sec (2.87 MB/sec), 8414.7 ms avg latency, 9280.0 ms max latency.
1452 records sent, 289.1 records/sec (2.82 MB/sec), 7164.4 ms avg latency, 7713.0 ms max latency.
8333 records sent, 134.195439 records/sec (1.31 MB/sec), 10260.90 ms avg latency, 19278.00 ms max latency, 8987 ms 50th, 18279 ms 95th, 18948 ms 99th, 19200 ms 99.9th.
----- /var/lib/kafka-client/results/security-overhead-final-factorial-tls-b5-rf5-isr4-msg10240-tps10000-batch16384-acks1-prod12-compnone-trial3/producer-perf-6.log -----
producer_index=6
producer_count=12
producer_records=8333
producer_throughput=833
1 records sent, 0.1 records/sec (0.00 MB/sec), 5866.0 ms avg latency, 5866.0 ms max latency.
174 records sent, 34.5 records/sec (0.34 MB/sec), 7591.2 ms avg latency, 18694.0 ms max latency.
324 records sent, 64.7 records/sec (0.63 MB/sec), 10365.4 ms avg latency, 12388.0 ms max latency.
613 records sent, 122.5 records/sec (1.20 MB/sec), 13709.1 ms avg latency, 15316.0 ms max latency.
965 records sent, 191.3 records/sec (1.87 MB/sec), 16456.5 ms avg latency, 18269.0 ms max latency.
1102 records sent, 219.7 records/sec (2.15 MB/sec), 12550.0 ms avg latency, 18814.0 ms max latency.
1175 records sent, 233.8 records/sec (2.28 MB/sec), 9538.6 ms avg latency, 10202.0 ms max latency.
1361 records sent, 271.0 records/sec (2.65 MB/sec), 8340.0 ms avg latency, 9033.0 ms max latency.
1691 records sent, 337.5 records/sec (3.30 MB/sec), 7168.1 ms avg latency, 7964.0 ms max latency.
8333 records sent, 134.816373 records/sec (1.32 MB/sec), 9976.43 ms avg latency, 18814.00 ms max latency, 8899 ms 50th, 16862 ms 95th, 17920 ms 99th, 18634 ms 99.9th.
----- /var/lib/kafka-client/results/security-overhead-final-factorial-tls-b5-rf5-isr4-msg10240-tps10000-batch16384-acks1-prod12-compnone-trial3/producer-perf-7.log -----
producer_index=7
producer_count=12
producer_records=8333
producer_throughput=833
1 records sent, 0.1 records/sec (0.00 MB/sec), 17193.0 ms avg latency, 17193.0 ms max latency.
127 records sent, 25.2 records/sec (0.25 MB/sec), 7380.9 ms avg latency, 9100.0 ms max latency.
390 records sent, 77.2 records/sec (0.75 MB/sec), 10675.6 ms avg latency, 12477.0 ms max latency.
527 records sent, 105.0 records/sec (1.03 MB/sec), 13854.4 ms avg latency, 15408.0 ms max latency.
877 records sent, 174.3 records/sec (1.70 MB/sec), 16756.9 ms avg latency, 18265.0 ms max latency.
942 records sent, 188.0 records/sec (1.84 MB/sec), 15071.2 ms avg latency, 19140.0 ms max latency.
1084 records sent, 216.1 records/sec (2.11 MB/sec), 10855.7 ms avg latency, 12256.0 ms max latency.
1157 records sent, 231.4 records/sec (2.26 MB/sec), 9603.0 ms avg latency, 10272.0 ms max latency.
1374 records sent, 274.5 records/sec (2.68 MB/sec), 8484.7 ms avg latency, 9281.0 ms max latency.
1672 records sent, 334.4 records/sec (3.27 MB/sec), 7109.6 ms avg latency, 7899.0 ms max latency.
8333 records sent, 132.873043 records/sec (1.30 MB/sec), 10658.79 ms avg latency, 19140.00 ms max latency, 9760 ms 50th, 17345 ms 95th, 18516 ms 99th, 18891 ms 99.9th.
----- /var/lib/kafka-client/results/security-overhead-final-factorial-tls-b5-rf5-isr4-msg10240-tps10000-batch16384-acks1-prod12-compnone-trial3/producer-perf-8.log -----
producer_index=8
producer_count=12
producer_records=8333
producer_throughput=833
1 records sent, 0.1 records/sec (0.00 MB/sec), 17070.0 ms avg latency, 17070.0 ms max latency.
132 records sent, 26.0 records/sec (0.25 MB/sec), 6782.4 ms avg latency, 8333.0 ms max latency.
384 records sent, 75.6 records/sec (0.74 MB/sec), 10208.3 ms avg latency, 11857.0 ms max latency.
641 records sent, 128.2 records/sec (1.25 MB/sec), 13375.9 ms avg latency, 14865.0 ms max latency.
860 records sent, 171.9 records/sec (1.68 MB/sec), 15910.0 ms avg latency, 17527.0 ms max latency.
988 records sent, 196.7 records/sec (1.92 MB/sec), 13623.3 ms avg latency, 18110.0 ms max latency.
1152 records sent, 229.5 records/sec (2.24 MB/sec), 10376.8 ms avg latency, 11401.0 ms max latency.
1269 records sent, 251.8 records/sec (2.46 MB/sec), 8950.4 ms avg latency, 9824.0 ms max latency.
1314 records sent, 261.6 records/sec (2.56 MB/sec), 8254.6 ms avg latency, 8720.0 ms max latency.
8333 records sent, 132.877280 records/sec (1.30 MB/sec), 10339.37 ms avg latency, 18110.00 ms max latency, 9297 ms 50th, 16396 ms 95th, 17447 ms 99th, 17995 ms 99.9th.
----- /var/lib/kafka-client/results/security-overhead-final-factorial-tls-b5-rf5-isr4-msg10240-tps10000-batch16384-acks1-prod12-compnone-trial3/producer-perf-9.log -----
producer_index=9
producer_count=12
producer_records=8333
producer_throughput=833
1 records sent, 0.1 records/sec (0.00 MB/sec), 17363.0 ms avg latency, 17363.0 ms max latency.
131 records sent, 26.1 records/sec (0.26 MB/sec), 6995.9 ms avg latency, 8283.0 ms max latency.
354 records sent, 70.8 records/sec (0.69 MB/sec), 10005.3 ms avg latency, 11877.0 ms max latency.
468 records sent, 93.5 records/sec (0.91 MB/sec), 13186.0 ms avg latency, 14819.0 ms max latency.
738 records sent, 147.1 records/sec (1.44 MB/sec), 16194.6 ms avg latency, 18075.0 ms max latency.
1053 records sent, 210.1 records/sec (2.05 MB/sec), 16378.2 ms avg latency, 19644.0 ms max latency.
1355 records sent, 270.6 records/sec (2.64 MB/sec), 9738.2 ms avg latency, 12742.0 ms max latency.
1343 records sent, 268.1 records/sec (2.62 MB/sec), 7847.6 ms avg latency, 8378.0 ms max latency.
1457 records sent, 290.8 records/sec (2.84 MB/sec), 7473.1 ms avg latency, 7781.0 ms max latency.
8333 records sent, 134.128479 records/sec (1.31 MB/sec), 10060.80 ms avg latency, 19644.00 ms max latency, 8089 ms 50th, 17819 ms 95th, 18783 ms 99th, 19440 ms 99.9th.
----- /var/lib/kafka-client/results/security-overhead-final-factorial-tls-b5-rf5-isr4-msg10240-tps10000-batch16384-acks1-prod12-compnone-trial3/producer-perf-10.log -----
producer_index=10
producer_count=12
producer_records=8333
producer_throughput=833
1 records sent, 0.1 records/sec (0.00 MB/sec), 17096.0 ms avg latency, 17096.0 ms max latency.
114 records sent, 22.7 records/sec (0.22 MB/sec), 6770.9 ms avg latency, 8681.0 ms max latency.
288 records sent, 57.0 records/sec (0.56 MB/sec), 10571.1 ms avg latency, 12744.0 ms max latency.
528 records sent, 105.1 records/sec (1.03 MB/sec), 14081.6 ms avg latency, 16073.0 ms max latency.
828 records sent, 165.5 records/sec (1.62 MB/sec), 17346.0 ms avg latency, 19207.0 ms max latency.
990 records sent, 196.2 records/sec (1.92 MB/sec), 15976.9 ms avg latency, 19834.0 ms max latency.
1062 records sent, 210.8 records/sec (2.06 MB/sec), 10849.2 ms avg latency, 12508.0 ms max latency.
1163 records sent, 232.3 records/sec (2.27 MB/sec), 9701.1 ms avg latency, 10254.0 ms max latency.
1224 records sent, 244.6 records/sec (2.39 MB/sec), 8821.1 ms avg latency, 9366.0 ms max latency.
1647 records sent, 329.4 records/sec (3.22 MB/sec), 7568.6 ms avg latency, 8643.0 ms max latency.
8333 records sent, 130.382401 records/sec (1.27 MB/sec), 10862.39 ms avg latency, 19834.00 ms max latency, 9676 ms 50th, 18476 ms 95th, 19318 ms 99th, 19648 ms 99.9th.
----- /var/lib/kafka-client/results/security-overhead-final-factorial-tls-b5-rf5-isr4-msg10240-tps10000-batch16384-acks1-prod12-compnone-trial3/producer-perf-11.log -----
producer_index=11
producer_count=12
producer_records=8333
producer_throughput=833
1 records sent, 0.1 records/sec (0.00 MB/sec), 18765.0 ms avg latency, 18765.0 ms max latency.
192 records sent, 38.4 records/sec (0.37 MB/sec), 6726.8 ms avg latency, 8270.0 ms max latency.
287 records sent, 57.0 records/sec (0.56 MB/sec), 9830.1 ms avg latency, 12683.0 ms max latency.
595 records sent, 118.1 records/sec (1.15 MB/sec), 13663.1 ms avg latency, 15248.0 ms max latency.
935 records sent, 186.6 records/sec (1.82 MB/sec), 16693.3 ms avg latency, 18473.0 ms max latency.
1066 records sent, 212.3 records/sec (2.07 MB/sec), 13500.3 ms avg latency, 18791.0 ms max latency.
1278 records sent, 254.6 records/sec (2.49 MB/sec), 9280.7 ms avg latency, 10447.0 ms max latency.
1566 records sent, 312.4 records/sec (3.05 MB/sec), 8000.9 ms avg latency, 8899.0 ms max latency.
1763 records sent, 352.6 records/sec (3.44 MB/sec), 6146.9 ms avg latency, 7179.0 ms max latency.
8333 records sent, 135.971282 records/sec (1.33 MB/sec), 9738.26 ms avg latency, 18791.00 ms max latency, 8632 ms 50th, 17377 ms 95th, 18466 ms 99th, 18695 ms 99.9th.
----- /var/lib/kafka-client/results/security-overhead-final-factorial-tls-b5-rf5-isr4-msg10240-tps10000-batch16384-acks1-prod12-compnone-trial3/producer-perf-12.log -----
producer_index=12
producer_count=12
producer_records=8333
producer_throughput=833
1 records sent, 0.1 records/sec (0.00 MB/sec), 17193.0 ms avg latency, 17193.0 ms max latency.
121 records sent, 23.7 records/sec (0.23 MB/sec), 6861.2 ms avg latency, 8599.0 ms max latency.
276 records sent, 55.2 records/sec (0.54 MB/sec), 10399.0 ms avg latency, 12361.0 ms max latency.
604 records sent, 120.0 records/sec (1.17 MB/sec), 13849.3 ms avg latency, 15307.0 ms max latency.
832 records sent, 165.8 records/sec (1.62 MB/sec), 16575.8 ms avg latency, 17997.0 ms max latency.
1244 records sent, 247.9 records/sec (2.42 MB/sec), 13757.5 ms avg latency, 18832.0 ms max latency.
1200 records sent, 239.4 records/sec (2.34 MB/sec), 8990.1 ms avg latency, 9943.0 ms max latency.
1211 records sent, 241.5 records/sec (2.36 MB/sec), 8440.4 ms avg latency, 8821.0 ms max latency.
1278 records sent, 255.4 records/sec (2.49 MB/sec), 8223.3 ms avg latency, 8527.0 ms max latency.
8333 records sent, 133.648757 records/sec (1.31 MB/sec), 10265.67 ms avg latency, 18832.00 ms max latency, 8558 ms 50th, 17418 ms 95th, 18342 ms 99th, 18707 ms 99.9th.
