run_id=security-overhead-final-factorial-mtls-b5-rf5-isr4-msg10240-tps1000-batch16384-acks1-prod6-compnone-trial3
producer_count=6
----- /var/lib/kafka-client/results/security-overhead-final-factorial-mtls-b5-rf5-isr4-msg10240-tps1000-batch16384-acks1-prod6-compnone-trial3/producer-perf-1.log -----
producer_index=1
producer_count=6
producer_records=16667
producer_throughput=167
1 records sent, 0.1 records/sec (0.00 MB/sec), 3131.0 ms avg latency, 3131.0 ms max latency.
509 records sent, 101.6 records/sec (0.99 MB/sec), 5079.2 ms avg latency, 9190.0 ms max latency.
1535 records sent, 306.9 records/sec (3.00 MB/sec), 7818.6 ms avg latency, 8816.0 ms max latency.
2001 records sent, 400.2 records/sec (3.91 MB/sec), 3018.4 ms avg latency, 7078.0 ms max latency.
835 records sent, 166.8 records/sec (1.63 MB/sec), 11.3 ms avg latency, 41.0 ms max latency.
834 records sent, 166.4 records/sec (1.63 MB/sec), 9.9 ms avg latency, 51.0 ms max latency.
842 records sent, 168.2 records/sec (1.64 MB/sec), 9.3 ms avg latency, 41.0 ms max latency.
836 records sent, 167.1 records/sec (1.63 MB/sec), 8.7 ms avg latency, 36.0 ms max latency.
836 records sent, 167.1 records/sec (1.63 MB/sec), 9.2 ms avg latency, 61.0 ms max latency.
836 records sent, 166.9 records/sec (1.63 MB/sec), 8.4 ms avg latency, 41.0 ms max latency.
836 records sent, 167.1 records/sec (1.63 MB/sec), 8.0 ms avg latency, 41.0 ms max latency.
836 records sent, 167.1 records/sec (1.63 MB/sec), 8.3 ms avg latency, 44.0 ms max latency.
837 records sent, 167.3 records/sec (1.63 MB/sec), 7.0 ms avg latency, 35.0 ms max latency.
836 records sent, 167.1 records/sec (1.63 MB/sec), 6.8 ms avg latency, 29.0 ms max latency.
836 records sent, 167.1 records/sec (1.63 MB/sec), 6.3 ms avg latency, 14.0 ms max latency.
836 records sent, 167.0 records/sec (1.63 MB/sec), 6.1 ms avg latency, 26.0 ms max latency.
836 records sent, 167.1 records/sec (1.63 MB/sec), 6.1 ms avg latency, 27.0 ms max latency.
836 records sent, 167.0 records/sec (1.63 MB/sec), 6.1 ms avg latency, 18.0 ms max latency.
835 records sent, 166.9 records/sec (1.63 MB/sec), 6.3 ms avg latency, 26.0 ms max latency.
16667 records sent, 166.888624 records/sec (1.63 MB/sec), 1243.70 ms avg latency, 9190.00 ms max latency, 8 ms 50th, 7745 ms 95th, 8567 ms 99th, 8724 ms 99.9th.
----- /var/lib/kafka-client/results/security-overhead-final-factorial-mtls-b5-rf5-isr4-msg10240-tps1000-batch16384-acks1-prod6-compnone-trial3/producer-perf-2.log -----
producer_index=2
producer_count=6
producer_records=16667
producer_throughput=167
1 records sent, 0.1 records/sec (0.00 MB/sec), 3481.0 ms avg latency, 3481.0 ms max latency.
502 records sent, 100.4 records/sec (0.98 MB/sec), 5321.5 ms avg latency, 9898.0 ms max latency.
1667 records sent, 333.2 records/sec (3.25 MB/sec), 8200.0 ms avg latency, 9734.0 ms max latency.
1997 records sent, 398.8 records/sec (3.89 MB/sec), 3056.1 ms avg latency, 7090.0 ms max latency.
838 records sent, 167.3 records/sec (1.63 MB/sec), 12.6 ms avg latency, 68.0 ms max latency.
832 records sent, 166.3 records/sec (1.62 MB/sec), 11.5 ms avg latency, 51.0 ms max latency.
843 records sent, 168.4 records/sec (1.64 MB/sec), 10.2 ms avg latency, 57.0 ms max latency.
837 records sent, 167.4 records/sec (1.63 MB/sec), 9.1 ms avg latency, 46.0 ms max latency.
835 records sent, 167.0 records/sec (1.63 MB/sec), 9.5 ms avg latency, 59.0 ms max latency.
836 records sent, 167.0 records/sec (1.63 MB/sec), 8.1 ms avg latency, 60.0 ms max latency.
837 records sent, 167.3 records/sec (1.63 MB/sec), 8.4 ms avg latency, 54.0 ms max latency.
836 records sent, 167.1 records/sec (1.63 MB/sec), 8.3 ms avg latency, 59.0 ms max latency.
836 records sent, 166.7 records/sec (1.63 MB/sec), 7.3 ms avg latency, 73.0 ms max latency.
838 records sent, 167.6 records/sec (1.64 MB/sec), 6.7 ms avg latency, 27.0 ms max latency.
836 records sent, 167.1 records/sec (1.63 MB/sec), 6.2 ms avg latency, 13.0 ms max latency.
836 records sent, 167.0 records/sec (1.63 MB/sec), 6.1 ms avg latency, 24.0 ms max latency.
836 records sent, 166.9 records/sec (1.63 MB/sec), 6.0 ms avg latency, 27.0 ms max latency.
836 records sent, 167.2 records/sec (1.63 MB/sec), 6.2 ms avg latency, 41.0 ms max latency.
16667 records sent, 166.947132 records/sec (1.63 MB/sec), 1352.96 ms avg latency, 9898.00 ms max latency, 8 ms 50th, 8318 ms 95th, 9079 ms 99th, 9559 ms 99.9th.
----- /var/lib/kafka-client/results/security-overhead-final-factorial-mtls-b5-rf5-isr4-msg10240-tps1000-batch16384-acks1-prod6-compnone-trial3/producer-perf-3.log -----
producer_index=3
producer_count=6
producer_records=16667
producer_throughput=167
1 records sent, 0.1 records/sec (0.00 MB/sec), 3044.0 ms avg latency, 3044.0 ms max latency.
562 records sent, 112.2 records/sec (1.10 MB/sec), 5057.3 ms avg latency, 9104.0 ms max latency.
1615 records sent, 322.2 records/sec (3.15 MB/sec), 7511.9 ms avg latency, 8713.0 ms max latency.
1856 records sent, 371.1 records/sec (3.62 MB/sec), 2462.6 ms avg latency, 6205.0 ms max latency.
835 records sent, 167.0 records/sec (1.63 MB/sec), 11.6 ms avg latency, 47.0 ms max latency.
836 records sent, 167.1 records/sec (1.63 MB/sec), 10.1 ms avg latency, 48.0 ms max latency.
836 records sent, 167.0 records/sec (1.63 MB/sec), 9.6 ms avg latency, 60.0 ms max latency.
836 records sent, 167.1 records/sec (1.63 MB/sec), 8.7 ms avg latency, 33.0 ms max latency.
835 records sent, 166.9 records/sec (1.63 MB/sec), 8.4 ms avg latency, 37.0 ms max latency.
836 records sent, 167.0 records/sec (1.63 MB/sec), 8.2 ms avg latency, 30.0 ms max latency.
836 records sent, 167.2 records/sec (1.63 MB/sec), 8.0 ms avg latency, 36.0 ms max latency.
836 records sent, 167.0 records/sec (1.63 MB/sec), 8.2 ms avg latency, 59.0 ms max latency.
836 records sent, 166.6 records/sec (1.63 MB/sec), 6.9 ms avg latency, 32.0 ms max latency.
838 records sent, 167.5 records/sec (1.64 MB/sec), 6.6 ms avg latency, 33.0 ms max latency.
836 records sent, 167.1 records/sec (1.63 MB/sec), 6.3 ms avg latency, 13.0 ms max latency.
836 records sent, 167.1 records/sec (1.63 MB/sec), 6.0 ms avg latency, 18.0 ms max latency.
835 records sent, 166.9 records/sec (1.63 MB/sec), 6.1 ms avg latency, 37.0 ms max latency.
835 records sent, 167.0 records/sec (1.63 MB/sec), 6.2 ms avg latency, 21.0 ms max latency.
835 records sent, 167.0 records/sec (1.63 MB/sec), 6.4 ms avg latency, 34.0 ms max latency.
16667 records sent, 166.933755 records/sec (1.63 MB/sec), 1178.75 ms avg latency, 9104.00 ms max latency, 8 ms 50th, 7600 ms 95th, 8306 ms 99th, 8639 ms 99.9th.
----- /var/lib/kafka-client/results/security-overhead-final-factorial-mtls-b5-rf5-isr4-msg10240-tps1000-batch16384-acks1-prod6-compnone-trial3/producer-perf-4.log -----
producer_index=4
producer_count=6
producer_records=16667
producer_throughput=167
1 records sent, 0.1 records/sec (0.00 MB/sec), 2945.0 ms avg latency, 2945.0 ms max latency.
453 records sent, 89.8 records/sec (0.88 MB/sec), 5241.3 ms avg latency, 8871.0 ms max latency.
1580 records sent, 316.0 records/sec (3.09 MB/sec), 8050.8 ms avg latency, 9472.0 ms max latency.
1971 records sent, 393.6 records/sec (3.84 MB/sec), 2920.6 ms avg latency, 6862.0 ms max latency.
837 records sent, 167.2 records/sec (1.63 MB/sec), 11.9 ms avg latency, 71.0 ms max latency.
835 records sent, 167.0 records/sec (1.63 MB/sec), 11.0 ms avg latency, 41.0 ms max latency.
836 records sent, 167.1 records/sec (1.63 MB/sec), 9.9 ms avg latency, 63.0 ms max latency.
835 records sent, 167.0 records/sec (1.63 MB/sec), 9.0 ms avg latency, 32.0 ms max latency.
837 records sent, 167.3 records/sec (1.63 MB/sec), 9.4 ms avg latency, 41.0 ms max latency.
835 records sent, 167.0 records/sec (1.63 MB/sec), 8.3 ms avg latency, 28.0 ms max latency.
836 records sent, 167.2 records/sec (1.63 MB/sec), 7.9 ms avg latency, 59.0 ms max latency.
833 records sent, 166.4 records/sec (1.62 MB/sec), 8.4 ms avg latency, 60.0 ms max latency.
839 records sent, 167.8 records/sec (1.64 MB/sec), 7.4 ms avg latency, 39.0 ms max latency.
837 records sent, 167.3 records/sec (1.63 MB/sec), 7.0 ms avg latency, 30.0 ms max latency.
835 records sent, 166.9 records/sec (1.63 MB/sec), 6.2 ms avg latency, 13.0 ms max latency.
836 records sent, 167.1 records/sec (1.63 MB/sec), 6.1 ms avg latency, 23.0 ms max latency.
834 records sent, 166.7 records/sec (1.63 MB/sec), 6.0 ms avg latency, 11.0 ms max latency.
837 records sent, 167.4 records/sec (1.63 MB/sec), 6.2 ms avg latency, 33.0 ms max latency.
831 records sent, 166.2 records/sec (1.62 MB/sec), 6.1 ms avg latency, 17.0 ms max latency.
16667 records sent, 166.933755 records/sec (1.63 MB/sec), 1257.34 ms avg latency, 9472.00 ms max latency, 8 ms 50th, 8026 ms 95th, 8967 ms 99th, 9278 ms 99.9th.
----- /var/lib/kafka-client/results/security-overhead-final-factorial-mtls-b5-rf5-isr4-msg10240-tps1000-batch16384-acks1-prod6-compnone-trial3/producer-perf-5.log -----
producer_index=5
producer_count=6
producer_records=16666
producer_throughput=166
1 records sent, 0.1 records/sec (0.00 MB/sec), 3047.0 ms avg latency, 3047.0 ms max latency.
460 records sent, 92.0 records/sec (0.90 MB/sec), 4769.9 ms avg latency, 9723.0 ms max latency.
1596 records sent, 318.8 records/sec (3.11 MB/sec), 7157.2 ms avg latency, 8392.0 ms max latency.
2018 records sent, 403.6 records/sec (3.94 MB/sec), 3142.5 ms avg latency, 7270.0 ms max latency.
831 records sent, 165.7 records/sec (1.62 MB/sec), 11.1 ms avg latency, 47.0 ms max latency.
834 records sent, 166.7 records/sec (1.63 MB/sec), 10.7 ms avg latency, 48.0 ms max latency.
831 records sent, 166.2 records/sec (1.62 MB/sec), 9.1 ms avg latency, 34.0 ms max latency.
830 records sent, 165.5 records/sec (1.62 MB/sec), 8.9 ms avg latency, 29.0 ms max latency.
834 records sent, 166.6 records/sec (1.63 MB/sec), 9.9 ms avg latency, 56.0 ms max latency.
831 records sent, 166.0 records/sec (1.62 MB/sec), 7.9 ms avg latency, 29.0 ms max latency.
832 records sent, 166.3 records/sec (1.62 MB/sec), 8.4 ms avg latency, 47.0 ms max latency.
831 records sent, 166.2 records/sec (1.62 MB/sec), 7.9 ms avg latency, 58.0 ms max latency.
830 records sent, 165.9 records/sec (1.62 MB/sec), 6.9 ms avg latency, 70.0 ms max latency.
831 records sent, 166.0 records/sec (1.62 MB/sec), 6.2 ms avg latency, 28.0 ms max latency.
832 records sent, 166.2 records/sec (1.62 MB/sec), 5.7 ms avg latency, 15.0 ms max latency.
830 records sent, 165.9 records/sec (1.62 MB/sec), 5.5 ms avg latency, 22.0 ms max latency.
831 records sent, 166.2 records/sec (1.62 MB/sec), 5.3 ms avg latency, 27.0 ms max latency.
830 records sent, 165.9 records/sec (1.62 MB/sec), 5.5 ms avg latency, 18.0 ms max latency.
831 records sent, 166.2 records/sec (1.62 MB/sec), 5.6 ms avg latency, 22.0 ms max latency.
16666 records sent, 165.939821 records/sec (1.62 MB/sec), 1203.52 ms avg latency, 9723.00 ms max latency, 8 ms 50th, 7286 ms 95th, 7962 ms 99th, 8243 ms 99.9th.
----- /var/lib/kafka-client/results/security-overhead-final-factorial-mtls-b5-rf5-isr4-msg10240-tps1000-batch16384-acks1-prod6-compnone-trial3/producer-perf-6.log -----
producer_index=6
producer_count=6
producer_records=16666
producer_throughput=166
1 records sent, 0.1 records/sec (0.00 MB/sec), 3506.0 ms avg latency, 3506.0 ms max latency.
552 records sent, 109.8 records/sec (1.07 MB/sec), 4807.3 ms avg latency, 9998.0 ms max latency.
1799 records sent, 358.9 records/sec (3.51 MB/sec), 6813.6 ms avg latency, 7906.0 ms max latency.
1805 records sent, 360.7 records/sec (3.52 MB/sec), 2411.3 ms avg latency, 6014.0 ms max latency.
832 records sent, 166.4 records/sec (1.62 MB/sec), 11.9 ms avg latency, 61.0 ms max latency.
832 records sent, 166.4 records/sec (1.63 MB/sec), 10.3 ms avg latency, 49.0 ms max latency.
831 records sent, 166.0 records/sec (1.62 MB/sec), 9.2 ms avg latency, 44.0 ms max latency.
832 records sent, 166.4 records/sec (1.63 MB/sec), 8.6 ms avg latency, 47.0 ms max latency.
832 records sent, 166.1 records/sec (1.62 MB/sec), 9.2 ms avg latency, 61.0 ms max latency.
831 records sent, 166.1 records/sec (1.62 MB/sec), 7.9 ms avg latency, 41.0 ms max latency.
831 records sent, 166.0 records/sec (1.62 MB/sec), 8.0 ms avg latency, 44.0 ms max latency.
831 records sent, 166.1 records/sec (1.62 MB/sec), 8.4 ms avg latency, 52.0 ms max latency.
830 records sent, 166.0 records/sec (1.62 MB/sec), 6.7 ms avg latency, 47.0 ms max latency.
831 records sent, 166.1 records/sec (1.62 MB/sec), 6.1 ms avg latency, 25.0 ms max latency.
830 records sent, 166.0 records/sec (1.62 MB/sec), 5.6 ms avg latency, 24.0 ms max latency.
831 records sent, 166.1 records/sec (1.62 MB/sec), 5.5 ms avg latency, 30.0 ms max latency.
831 records sent, 166.2 records/sec (1.62 MB/sec), 5.5 ms avg latency, 47.0 ms max latency.
831 records sent, 166.0 records/sec (1.62 MB/sec), 5.5 ms avg latency, 33.0 ms max latency.
830 records sent, 166.0 records/sec (1.62 MB/sec), 6.3 ms avg latency, 92.0 ms max latency.
16666 records sent, 165.962956 records/sec (1.62 MB/sec), 1161.81 ms avg latency, 9998.00 ms max latency, 8 ms 50th, 6881 ms 95th, 7565 ms 99th, 7841 ms 99.9th.
