run_id=security-overhead-final-factorial-mtls-b5-rf5-isr3-msg102400-tps1000-batch16384-acks1-prod12-complz4-trial3
producer_count=12
----- /var/lib/kafka-client/results/security-overhead-final-factorial-mtls-b5-rf5-isr3-msg102400-tps1000-batch16384-acks1-prod12-complz4-trial3/producer-perf-1.log -----
producer_index=1
producer_count=12
producer_records=8334
producer_throughput=84
1 records sent, 0.1 records/sec (0.01 MB/sec), 18213.0 ms avg latency, 18213.0 ms max latency.
43 records sent, 8.2 records/sec (0.80 MB/sec), 8426.2 ms avg latency, 9930.0 ms max latency.
132 records sent, 26.1 records/sec (2.54 MB/sec), 10627.5 ms avg latency, 11900.0 ms max latency.
174 records sent, 34.5 records/sec (3.37 MB/sec), 10796.0 ms avg latency, 11820.0 ms max latency.
144 records sent, 27.9 records/sec (2.72 MB/sec), 10324.0 ms avg latency, 12068.0 ms max latency.
143 records sent, 28.0 records/sec (2.74 MB/sec), 11204.4 ms avg latency, 12263.0 ms max latency.
216 records sent, 42.7 records/sec (4.17 MB/sec), 10667.0 ms avg latency, 12112.0 ms max latency.
418 records sent, 82.2 records/sec (8.02 MB/sec), 5225.6 ms avg latency, 9063.0 ms max latency.
375 records sent, 73.1 records/sec (7.14 MB/sec), 1154.3 ms avg latency, 2967.0 ms max latency.
299 records sent, 59.3 records/sec (5.79 MB/sec), 50.9 ms avg latency, 191.0 ms max latency.
284 records sent, 56.8 records/sec (5.54 MB/sec), 53.8 ms avg latency, 182.0 ms max latency.
293 records sent, 58.2 records/sec (5.69 MB/sec), 57.5 ms avg latency, 172.0 ms max latency.
302 records sent, 60.4 records/sec (5.90 MB/sec), 67.0 ms avg latency, 190.0 ms max latency.
311 records sent, 62.1 records/sec (6.07 MB/sec), 67.9 ms avg latency, 244.0 ms max latency.
319 records sent, 63.1 records/sec (6.16 MB/sec), 50.6 ms avg latency, 226.0 ms max latency.
333 records sent, 66.6 records/sec (6.50 MB/sec), 49.3 ms avg latency, 201.0 ms max latency.
347 records sent, 68.8 records/sec (6.72 MB/sec), 37.7 ms avg latency, 147.0 ms max latency.
343 records sent, 67.5 records/sec (6.60 MB/sec), 58.2 ms avg latency, 273.0 ms max latency.
337 records sent, 67.0 records/sec (6.54 MB/sec), 48.5 ms avg latency, 185.0 ms max latency.
338 records sent, 67.5 records/sec (6.59 MB/sec), 48.8 ms avg latency, 191.0 ms max latency.
340 records sent, 67.7 records/sec (6.62 MB/sec), 57.8 ms avg latency, 306.0 ms max latency.
323 records sent, 64.1 records/sec (6.26 MB/sec), 47.5 ms avg latency, 329.0 ms max latency.
368 records sent, 73.6 records/sec (7.18 MB/sec), 41.9 ms avg latency, 209.0 ms max latency.
328 records sent, 65.2 records/sec (6.37 MB/sec), 42.5 ms avg latency, 195.0 ms max latency.
349 records sent, 69.7 records/sec (6.80 MB/sec), 41.8 ms avg latency, 202.0 ms max latency.
329 records sent, 65.4 records/sec (6.39 MB/sec), 40.7 ms avg latency, 164.0 ms max latency.
358 records sent, 70.8 records/sec (6.92 MB/sec), 46.6 ms avg latency, 208.0 ms max latency.
348 records sent, 69.4 records/sec (6.77 MB/sec), 49.5 ms avg latency, 306.0 ms max latency.
407 records sent, 81.2 records/sec (7.93 MB/sec), 37.9 ms avg latency, 236.0 ms max latency.
8334 records sent, 51.835450 records/sec (5.06 MB/sec), 1440.14 ms avg latency, 18213.00 ms max latency, 50 ms 50th, 10719 ms 95th, 11575 ms 99th, 11992 ms 99.9th.
----- /var/lib/kafka-client/results/security-overhead-final-factorial-mtls-b5-rf5-isr3-msg102400-tps1000-batch16384-acks1-prod12-complz4-trial3/producer-perf-2.log -----
producer_index=2
producer_count=12
producer_records=8334
producer_throughput=84
1 records sent, 0.1 records/sec (0.01 MB/sec), 18213.0 ms avg latency, 18213.0 ms max latency.
42 records sent, 7.9 records/sec (0.78 MB/sec), 7655.2 ms avg latency, 8920.0 ms max latency.
102 records sent, 19.3 records/sec (1.88 MB/sec), 9698.4 ms avg latency, 11748.0 ms max latency.
150 records sent, 29.1 records/sec (2.85 MB/sec), 11709.1 ms avg latency, 12668.0 ms max latency.
144 records sent, 28.4 records/sec (2.77 MB/sec), 12795.5 ms avg latency, 14153.0 ms max latency.
143 records sent, 28.4 records/sec (2.78 MB/sec), 11393.6 ms avg latency, 12644.0 ms max latency.
210 records sent, 41.9 records/sec (4.09 MB/sec), 10895.1 ms avg latency, 12191.0 ms max latency.
394 records sent, 78.7 records/sec (7.69 MB/sec), 5259.6 ms avg latency, 9521.0 ms max latency.
370 records sent, 73.8 records/sec (7.21 MB/sec), 941.7 ms avg latency, 2688.0 ms max latency.
283 records sent, 56.6 records/sec (5.53 MB/sec), 77.7 ms avg latency, 273.0 ms max latency.
260 records sent, 51.8 records/sec (5.06 MB/sec), 49.4 ms avg latency, 213.0 ms max latency.
304 records sent, 60.5 records/sec (5.91 MB/sec), 65.7 ms avg latency, 223.0 ms max latency.
304 records sent, 60.6 records/sec (5.91 MB/sec), 62.5 ms avg latency, 304.0 ms max latency.
310 records sent, 61.9 records/sec (6.05 MB/sec), 50.4 ms avg latency, 199.0 ms max latency.
347 records sent, 69.0 records/sec (6.74 MB/sec), 61.0 ms avg latency, 215.0 ms max latency.
341 records sent, 67.9 records/sec (6.63 MB/sec), 61.3 ms avg latency, 236.0 ms max latency.
350 records sent, 68.7 records/sec (6.71 MB/sec), 42.0 ms avg latency, 152.0 ms max latency.
344 records sent, 66.7 records/sec (6.52 MB/sec), 46.0 ms avg latency, 263.0 ms max latency.
361 records sent, 72.1 records/sec (7.04 MB/sec), 53.9 ms avg latency, 231.0 ms max latency.
343 records sent, 68.3 records/sec (6.67 MB/sec), 51.7 ms avg latency, 241.0 ms max latency.
325 records sent, 64.9 records/sec (6.34 MB/sec), 64.0 ms avg latency, 349.0 ms max latency.
329 records sent, 65.6 records/sec (6.40 MB/sec), 36.9 ms avg latency, 135.0 ms max latency.
344 records sent, 68.4 records/sec (6.68 MB/sec), 42.7 ms avg latency, 137.0 ms max latency.
331 records sent, 65.9 records/sec (6.43 MB/sec), 32.7 ms avg latency, 160.0 ms max latency.
351 records sent, 69.4 records/sec (6.77 MB/sec), 44.3 ms avg latency, 199.0 ms max latency.
351 records sent, 69.9 records/sec (6.82 MB/sec), 46.4 ms avg latency, 223.0 ms max latency.
340 records sent, 67.6 records/sec (6.60 MB/sec), 38.8 ms avg latency, 125.0 ms max latency.
331 records sent, 66.2 records/sec (6.46 MB/sec), 47.8 ms avg latency, 179.0 ms max latency.
395 records sent, 78.8 records/sec (7.70 MB/sec), 35.5 ms avg latency, 154.0 ms max latency.
8334 records sent, 51.633128 records/sec (5.04 MB/sec), 1392.16 ms avg latency, 18213.00 ms max latency, 47 ms 50th, 11382 ms 95th, 12645 ms 99th, 13894 ms 99.9th.
----- /var/lib/kafka-client/results/security-overhead-final-factorial-mtls-b5-rf5-isr3-msg102400-tps1000-batch16384-acks1-prod12-complz4-trial3/producer-perf-3.log -----
producer_index=3
producer_count=12
producer_records=8334
producer_throughput=84
1 records sent, 0.1 records/sec (0.01 MB/sec), 6813.0 ms avg latency, 6813.0 ms max latency.
45 records sent, 9.0 records/sec (0.88 MB/sec), 8192.4 ms avg latency, 18727.0 ms max latency.
102 records sent, 19.3 records/sec (1.88 MB/sec), 10316.7 ms avg latency, 12148.0 ms max latency.
156 records sent, 30.4 records/sec (2.97 MB/sec), 11944.6 ms avg latency, 12825.0 ms max latency.
251 records sent, 49.8 records/sec (4.86 MB/sec), 10468.9 ms avg latency, 13424.0 ms max latency.
276 records sent, 54.7 records/sec (5.34 MB/sec), 6086.2 ms avg latency, 8074.0 ms max latency.
352 records sent, 70.0 records/sec (6.83 MB/sec), 3140.0 ms avg latency, 5144.0 ms max latency.
339 records sent, 66.4 records/sec (6.49 MB/sec), 453.5 ms avg latency, 1557.0 ms max latency.
279 records sent, 54.7 records/sec (5.35 MB/sec), 81.8 ms avg latency, 302.0 ms max latency.
292 records sent, 58.3 records/sec (5.70 MB/sec), 55.2 ms avg latency, 215.0 ms max latency.
316 records sent, 63.1 records/sec (6.16 MB/sec), 64.0 ms avg latency, 256.0 ms max latency.
311 records sent, 62.1 records/sec (6.07 MB/sec), 59.3 ms avg latency, 231.0 ms max latency.
321 records sent, 63.5 records/sec (6.20 MB/sec), 44.8 ms avg latency, 183.0 ms max latency.
342 records sent, 68.2 records/sec (6.66 MB/sec), 45.4 ms avg latency, 163.0 ms max latency.
304 records sent, 59.7 records/sec (5.83 MB/sec), 46.5 ms avg latency, 244.0 ms max latency.
338 records sent, 67.3 records/sec (6.57 MB/sec), 59.7 ms avg latency, 269.0 ms max latency.
325 records sent, 64.8 records/sec (6.33 MB/sec), 46.3 ms avg latency, 268.0 ms max latency.
336 records sent, 66.8 records/sec (6.52 MB/sec), 41.1 ms avg latency, 139.0 ms max latency.
343 records sent, 68.6 records/sec (6.70 MB/sec), 47.9 ms avg latency, 193.0 ms max latency.
316 records sent, 63.0 records/sec (6.15 MB/sec), 52.2 ms avg latency, 276.0 ms max latency.
336 records sent, 66.4 records/sec (6.48 MB/sec), 65.4 ms avg latency, 356.0 ms max latency.
343 records sent, 68.2 records/sec (6.66 MB/sec), 47.7 ms avg latency, 282.0 ms max latency.
321 records sent, 63.8 records/sec (6.23 MB/sec), 50.2 ms avg latency, 194.0 ms max latency.
325 records sent, 64.8 records/sec (6.32 MB/sec), 42.9 ms avg latency, 238.0 ms max latency.
339 records sent, 67.7 records/sec (6.61 MB/sec), 49.2 ms avg latency, 240.0 ms max latency.
365 records sent, 73.0 records/sec (7.13 MB/sec), 42.7 ms avg latency, 203.0 ms max latency.
328 records sent, 65.5 records/sec (6.40 MB/sec), 38.4 ms avg latency, 174.0 ms max latency.
355 records sent, 71.0 records/sec (6.93 MB/sec), 38.8 ms avg latency, 178.0 ms max latency.
8334 records sent, 52.278316 records/sec (5.11 MB/sec), 1103.46 ms avg latency, 18727.00 ms max latency, 47 ms 50th, 9208 ms 95th, 12544 ms 99th, 13318 ms 99.9th.
----- /var/lib/kafka-client/results/security-overhead-final-factorial-mtls-b5-rf5-isr3-msg102400-tps1000-batch16384-acks1-prod12-complz4-trial3/producer-perf-4.log -----
producer_index=4
producer_count=12
producer_records=8334
producer_throughput=84
1 records sent, 0.1 records/sec (0.01 MB/sec), 17242.0 ms avg latency, 17242.0 ms max latency.
35 records sent, 6.8 records/sec (0.67 MB/sec), 7457.0 ms avg latency, 8725.0 ms max latency.
114 records sent, 22.5 records/sec (2.20 MB/sec), 8994.5 ms avg latency, 10359.0 ms max latency.
192 records sent, 37.5 records/sec (3.67 MB/sec), 9373.4 ms avg latency, 10391.0 ms max latency.
156 records sent, 30.7 records/sec (2.99 MB/sec), 9713.5 ms avg latency, 11214.0 ms max latency.
150 records sent, 29.2 records/sec (2.85 MB/sec), 10470.4 ms avg latency, 11240.0 ms max latency.
238 records sent, 47.0 records/sec (4.59 MB/sec), 10041.9 ms avg latency, 11421.0 ms max latency.
401 records sent, 79.7 records/sec (7.78 MB/sec), 4734.8 ms avg latency, 8363.0 ms max latency.
351 records sent, 70.0 records/sec (6.83 MB/sec), 651.4 ms avg latency, 2219.0 ms max latency.
279 records sent, 54.9 records/sec (5.36 MB/sec), 57.4 ms avg latency, 225.0 ms max latency.
306 records sent, 60.8 records/sec (5.94 MB/sec), 45.3 ms avg latency, 168.0 ms max latency.
294 records sent, 58.6 records/sec (5.72 MB/sec), 68.5 ms avg latency, 329.0 ms max latency.
309 records sent, 61.6 records/sec (6.02 MB/sec), 61.6 ms avg latency, 276.0 ms max latency.
309 records sent, 61.8 records/sec (6.03 MB/sec), 59.7 ms avg latency, 252.0 ms max latency.
314 records sent, 62.7 records/sec (6.12 MB/sec), 64.1 ms avg latency, 325.0 ms max latency.
333 records sent, 65.8 records/sec (6.43 MB/sec), 54.1 ms avg latency, 239.0 ms max latency.
357 records sent, 71.1 records/sec (6.94 MB/sec), 42.2 ms avg latency, 223.0 ms max latency.
346 records sent, 69.1 records/sec (6.74 MB/sec), 49.8 ms avg latency, 251.0 ms max latency.
330 records sent, 65.7 records/sec (6.42 MB/sec), 49.6 ms avg latency, 258.0 ms max latency.
333 records sent, 66.5 records/sec (6.49 MB/sec), 46.0 ms avg latency, 147.0 ms max latency.
331 records sent, 65.6 records/sec (6.40 MB/sec), 57.1 ms avg latency, 403.0 ms max latency.
331 records sent, 65.9 records/sec (6.44 MB/sec), 39.0 ms avg latency, 187.0 ms max latency.
335 records sent, 66.9 records/sec (6.54 MB/sec), 49.7 ms avg latency, 285.0 ms max latency.
355 records sent, 70.6 records/sec (6.89 MB/sec), 38.1 ms avg latency, 170.0 ms max latency.
337 records sent, 67.4 records/sec (6.58 MB/sec), 41.4 ms avg latency, 146.0 ms max latency.
362 records sent, 72.3 records/sec (7.06 MB/sec), 36.9 ms avg latency, 129.0 ms max latency.
343 records sent, 68.6 records/sec (6.70 MB/sec), 63.2 ms avg latency, 344.0 ms max latency.
333 records sent, 65.2 records/sec (6.37 MB/sec), 48.9 ms avg latency, 179.0 ms max latency.
401 records sent, 80.2 records/sec (7.83 MB/sec), 44.1 ms avg latency, 198.0 ms max latency.
8334 records sent, 52.108343 records/sec (5.09 MB/sec), 1325.08 ms avg latency, 17242.00 ms max latency, 50 ms 50th, 9769 ms 95th, 10850 ms 99th, 11241 ms 99.9th.
----- /var/lib/kafka-client/results/security-overhead-final-factorial-mtls-b5-rf5-isr3-msg102400-tps1000-batch16384-acks1-prod12-complz4-trial3/producer-perf-5.log -----
producer_index=5
producer_count=12
producer_records=8333
producer_throughput=83
1 records sent, 0.1 records/sec (0.00 MB/sec), 19486.0 ms avg latency, 19486.0 ms max latency.
51 records sent, 10.0 records/sec (0.97 MB/sec), 7541.6 ms avg latency, 8447.0 ms max latency.
90 records sent, 16.8 records/sec (1.64 MB/sec), 8983.0 ms avg latency, 10881.0 ms max latency.
120 records sent, 22.8 records/sec (2.22 MB/sec), 12318.5 ms avg latency, 13905.0 ms max latency.
226 records sent, 45.1 records/sec (4.41 MB/sec), 12943.5 ms avg latency, 15178.0 ms max latency.
306 records sent, 61.0 records/sec (5.95 MB/sec), 6211.4 ms avg latency, 10191.0 ms max latency.
371 records sent, 73.4 records/sec (7.17 MB/sec), 2633.2 ms avg latency, 4467.0 ms max latency.
299 records sent, 59.7 records/sec (5.83 MB/sec), 269.6 ms avg latency, 963.0 ms max latency.
279 records sent, 55.7 records/sec (5.44 MB/sec), 89.7 ms avg latency, 273.0 ms max latency.
278 records sent, 55.4 records/sec (5.41 MB/sec), 52.0 ms avg latency, 215.0 ms max latency.
293 records sent, 58.3 records/sec (5.69 MB/sec), 59.9 ms avg latency, 256.0 ms max latency.
301 records sent, 59.6 records/sec (5.82 MB/sec), 77.7 ms avg latency, 356.0 ms max latency.
324 records sent, 64.6 records/sec (6.31 MB/sec), 56.0 ms avg latency, 188.0 ms max latency.
306 records sent, 60.7 records/sec (5.93 MB/sec), 67.3 ms avg latency, 268.0 ms max latency.
333 records sent, 65.3 records/sec (6.38 MB/sec), 38.2 ms avg latency, 183.0 ms max latency.
332 records sent, 66.4 records/sec (6.48 MB/sec), 57.2 ms avg latency, 210.0 ms max latency.
352 records sent, 70.0 records/sec (6.84 MB/sec), 52.0 ms avg latency, 257.0 ms max latency.
327 records sent, 65.2 records/sec (6.36 MB/sec), 40.8 ms avg latency, 165.0 ms max latency.
360 records sent, 70.4 records/sec (6.88 MB/sec), 63.7 ms avg latency, 280.0 ms max latency.
354 records sent, 70.4 records/sec (6.88 MB/sec), 52.2 ms avg latency, 382.0 ms max latency.
320 records sent, 64.0 records/sec (6.25 MB/sec), 46.9 ms avg latency, 219.0 ms max latency.
331 records sent, 65.8 records/sec (6.42 MB/sec), 60.4 ms avg latency, 338.0 ms max latency.
340 records sent, 67.7 records/sec (6.61 MB/sec), 52.1 ms avg latency, 224.0 ms max latency.
348 records sent, 69.6 records/sec (6.79 MB/sec), 48.1 ms avg latency, 173.0 ms max latency.
333 records sent, 65.8 records/sec (6.43 MB/sec), 36.7 ms avg latency, 197.0 ms max latency.
347 records sent, 69.1 records/sec (6.75 MB/sec), 43.3 ms avg latency, 169.0 ms max latency.
323 records sent, 64.5 records/sec (6.30 MB/sec), 49.4 ms avg latency, 223.0 ms max latency.
331 records sent, 65.5 records/sec (6.40 MB/sec), 44.5 ms avg latency, 144.0 ms max latency.
8333 records sent, 51.952667 records/sec (5.07 MB/sec), 1072.39 ms avg latency, 19486.00 ms max latency, 49 ms 50th, 8651 ms 95th, 14023 ms 99th, 14671 ms 99.9th.
----- /var/lib/kafka-client/results/security-overhead-final-factorial-mtls-b5-rf5-isr3-msg102400-tps1000-batch16384-acks1-prod12-complz4-trial3/producer-perf-6.log -----
producer_index=6
producer_count=12
producer_records=8333
producer_throughput=83
1 records sent, 0.1 records/sec (0.01 MB/sec), 18890.0 ms avg latency, 18890.0 ms max latency.
40 records sent, 7.6 records/sec (0.75 MB/sec), 8091.6 ms avg latency, 9554.0 ms max latency.
102 records sent, 19.0 records/sec (1.86 MB/sec), 9657.3 ms avg latency, 11301.0 ms max latency.
132 records sent, 26.1 records/sec (2.55 MB/sec), 11875.6 ms avg latency, 13251.0 ms max latency.
126 records sent, 25.1 records/sec (2.46 MB/sec), 13594.4 ms avg latency, 14864.0 ms max latency.
138 records sent, 26.9 records/sec (2.63 MB/sec), 12777.0 ms avg latency, 14523.0 ms max latency.
150 records sent, 29.6 records/sec (2.89 MB/sec), 12345.3 ms avg latency, 13042.0 ms max latency.
410 records sent, 81.9 records/sec (8.00 MB/sec), 6849.4 ms avg latency, 12173.0 ms max latency.
398 records sent, 79.3 records/sec (7.75 MB/sec), 945.8 ms avg latency, 2986.0 ms max latency.
273 records sent, 54.6 records/sec (5.33 MB/sec), 63.0 ms avg latency, 206.0 ms max latency.
298 records sent, 58.0 records/sec (5.66 MB/sec), 60.1 ms avg latency, 228.0 ms max latency.
289 records sent, 57.1 records/sec (5.58 MB/sec), 65.5 ms avg latency, 293.0 ms max latency.
310 records sent, 59.7 records/sec (5.83 MB/sec), 52.4 ms avg latency, 242.0 ms max latency.
321 records sent, 64.2 records/sec (6.27 MB/sec), 64.3 ms avg latency, 258.0 ms max latency.
331 records sent, 66.1 records/sec (6.45 MB/sec), 52.8 ms avg latency, 164.0 ms max latency.
330 records sent, 65.9 records/sec (6.43 MB/sec), 56.9 ms avg latency, 210.0 ms max latency.
326 records sent, 64.7 records/sec (6.32 MB/sec), 72.2 ms avg latency, 247.0 ms max latency.
337 records sent, 67.2 records/sec (6.56 MB/sec), 49.8 ms avg latency, 248.0 ms max latency.
352 records sent, 70.1 records/sec (6.84 MB/sec), 38.3 ms avg latency, 160.0 ms max latency.
338 records sent, 66.8 records/sec (6.53 MB/sec), 45.5 ms avg latency, 189.0 ms max latency.
321 records sent, 63.8 records/sec (6.23 MB/sec), 56.2 ms avg latency, 329.0 ms max latency.
333 records sent, 65.4 records/sec (6.39 MB/sec), 38.5 ms avg latency, 160.0 ms max latency.
322 records sent, 64.2 records/sec (6.27 MB/sec), 41.1 ms avg latency, 175.0 ms max latency.
333 records sent, 66.4 records/sec (6.48 MB/sec), 46.6 ms avg latency, 201.0 ms max latency.
337 records sent, 67.2 records/sec (6.56 MB/sec), 51.0 ms avg latency, 229.0 ms max latency.
327 records sent, 65.2 records/sec (6.37 MB/sec), 36.1 ms avg latency, 158.0 ms max latency.
355 records sent, 70.6 records/sec (6.89 MB/sec), 39.7 ms avg latency, 201.0 ms max latency.
350 records sent, 69.0 records/sec (6.73 MB/sec), 49.6 ms avg latency, 205.0 ms max latency.
483 records sent, 96.5 records/sec (9.42 MB/sec), 38.1 ms avg latency, 212.0 ms max latency.
8333 records sent, 51.476402 records/sec (5.03 MB/sec), 1409.43 ms avg latency, 18890.00 ms max latency, 48 ms 50th, 12042 ms 95th, 13603 ms 99th, 14496 ms 99.9th.
----- /var/lib/kafka-client/results/security-overhead-final-factorial-mtls-b5-rf5-isr3-msg102400-tps1000-batch16384-acks1-prod12-complz4-trial3/producer-perf-7.log -----
producer_index=7
producer_count=12
producer_records=8333
producer_throughput=83
1 records sent, 0.1 records/sec (0.01 MB/sec), 18416.0 ms avg latency, 18416.0 ms max latency.
42 records sent, 7.8 records/sec (0.77 MB/sec), 8369.7 ms avg latency, 10076.0 ms max latency.
96 records sent, 18.6 records/sec (1.81 MB/sec), 10412.2 ms avg latency, 12055.0 ms max latency.
126 records sent, 25.1 records/sec (2.46 MB/sec), 12751.7 ms avg latency, 13921.0 ms max latency.
252 records sent, 49.8 records/sec (4.87 MB/sec), 11540.1 ms avg latency, 14472.0 ms max latency.
312 records sent, 61.1 records/sec (5.97 MB/sec), 5549.9 ms avg latency, 7834.0 ms max latency.
381 records sent, 75.9 records/sec (7.41 MB/sec), 2012.0 ms avg latency, 4047.0 ms max latency.
284 records sent, 56.8 records/sec (5.54 MB/sec), 106.8 ms avg latency, 414.0 ms max latency.
270 records sent, 53.7 records/sec (5.25 MB/sec), 55.0 ms avg latency, 249.0 ms max latency.
302 records sent, 60.2 records/sec (5.88 MB/sec), 53.9 ms avg latency, 239.0 ms max latency.
283 records sent, 55.4 records/sec (5.41 MB/sec), 58.6 ms avg latency, 247.0 ms max latency.
305 records sent, 60.8 records/sec (5.94 MB/sec), 77.3 ms avg latency, 414.0 ms max latency.
321 records sent, 63.8 records/sec (6.23 MB/sec), 67.6 ms avg latency, 213.0 ms max latency.
297 records sent, 59.3 records/sec (5.79 MB/sec), 65.5 ms avg latency, 350.0 ms max latency.
332 records sent, 66.2 records/sec (6.47 MB/sec), 62.9 ms avg latency, 222.0 ms max latency.
338 records sent, 66.5 records/sec (6.49 MB/sec), 43.9 ms avg latency, 228.0 ms max latency.
342 records sent, 68.4 records/sec (6.68 MB/sec), 55.4 ms avg latency, 312.0 ms max latency.
331 records sent, 66.2 records/sec (6.46 MB/sec), 43.9 ms avg latency, 181.0 ms max latency.
338 records sent, 67.5 records/sec (6.59 MB/sec), 41.9 ms avg latency, 185.0 ms max latency.
339 records sent, 67.4 records/sec (6.58 MB/sec), 43.0 ms avg latency, 160.0 ms max latency.
334 records sent, 66.6 records/sec (6.50 MB/sec), 56.3 ms avg latency, 335.0 ms max latency.
337 records sent, 66.9 records/sec (6.54 MB/sec), 47.5 ms avg latency, 225.0 ms max latency.
335 records sent, 66.9 records/sec (6.54 MB/sec), 44.6 ms avg latency, 181.0 ms max latency.
325 records sent, 64.8 records/sec (6.33 MB/sec), 47.8 ms avg latency, 187.0 ms max latency.
339 records sent, 67.5 records/sec (6.60 MB/sec), 39.9 ms avg latency, 125.0 ms max latency.
345 records sent, 68.9 records/sec (6.73 MB/sec), 48.9 ms avg latency, 192.0 ms max latency.
343 records sent, 68.6 records/sec (6.70 MB/sec), 40.3 ms avg latency, 179.0 ms max latency.
337 records sent, 66.7 records/sec (6.52 MB/sec), 45.8 ms avg latency, 241.0 ms max latency.
8333 records sent, 52.050670 records/sec (5.08 MB/sec), 1051.35 ms avg latency, 18416.00 ms max latency, 48 ms 50th, 9486 ms 95th, 13537 ms 99th, 14238 ms 99.9th.
----- /var/lib/kafka-client/results/security-overhead-final-factorial-mtls-b5-rf5-isr3-msg102400-tps1000-batch16384-acks1-prod12-complz4-trial3/producer-perf-8.log -----
producer_index=8
producer_count=12
producer_records=8333
producer_throughput=83
[2026-04-21 01:51:07,898] WARN [Producer clientId=perf-producer-client] Bootstrap broker 10.20.1.69:9094 (id: -1 rack: null) disconnected (org.apache.kafka.clients.NetworkClient)
1 records sent, 0.1 records/sec (0.01 MB/sec), 19335.0 ms avg latency, 19335.0 ms max latency.
54 records sent, 10.3 records/sec (1.00 MB/sec), 7578.4 ms avg latency, 8594.0 ms max latency.
96 records sent, 17.9 records/sec (1.75 MB/sec), 9331.4 ms avg latency, 11000.0 ms max latency.
138 records sent, 27.0 records/sec (2.63 MB/sec), 11855.9 ms avg latency, 12997.0 ms max latency.
180 records sent, 35.8 records/sec (3.49 MB/sec), 13110.2 ms avg latency, 14954.0 ms max latency.
328 records sent, 64.5 records/sec (6.29 MB/sec), 7170.5 ms avg latency, 11498.0 ms max latency.
342 records sent, 68.1 records/sec (6.65 MB/sec), 3049.4 ms avg latency, 4809.0 ms max latency.
322 records sent, 64.1 records/sec (6.26 MB/sec), 551.8 ms avg latency, 1984.0 ms max latency.
270 records sent, 53.7 records/sec (5.25 MB/sec), 77.9 ms avg latency, 226.0 ms max latency.
258 records sent, 51.3 records/sec (5.01 MB/sec), 54.8 ms avg latency, 172.0 ms max latency.
284 records sent, 56.6 records/sec (5.53 MB/sec), 52.5 ms avg latency, 208.0 ms max latency.
313 records sent, 62.4 records/sec (6.09 MB/sec), 61.5 ms avg latency, 206.0 ms max latency.
316 records sent, 61.9 records/sec (6.04 MB/sec), 49.5 ms avg latency, 188.0 ms max latency.
330 records sent, 65.6 records/sec (6.41 MB/sec), 58.8 ms avg latency, 233.0 ms max latency.
329 records sent, 65.4 records/sec (6.38 MB/sec), 44.5 ms avg latency, 163.0 ms max latency.
316 records sent, 62.8 records/sec (6.14 MB/sec), 40.1 ms avg latency, 120.0 ms max latency.
340 records sent, 66.7 records/sec (6.51 MB/sec), 44.3 ms avg latency, 219.0 ms max latency.
336 records sent, 67.0 records/sec (6.54 MB/sec), 48.7 ms avg latency, 168.0 ms max latency.
330 records sent, 65.8 records/sec (6.43 MB/sec), 42.2 ms avg latency, 240.0 ms max latency.
367 records sent, 73.3 records/sec (7.16 MB/sec), 68.5 ms avg latency, 400.0 ms max latency.
320 records sent, 64.0 records/sec (6.25 MB/sec), 53.8 ms avg latency, 304.0 ms max latency.
334 records sent, 66.8 records/sec (6.52 MB/sec), 68.6 ms avg latency, 336.0 ms max latency.
353 records sent, 70.5 records/sec (6.89 MB/sec), 48.6 ms avg latency, 205.0 ms max latency.
350 records sent, 69.9 records/sec (6.82 MB/sec), 38.6 ms avg latency, 164.0 ms max latency.
326 records sent, 65.1 records/sec (6.36 MB/sec), 44.8 ms avg latency, 158.0 ms max latency.
354 records sent, 69.7 records/sec (6.80 MB/sec), 45.7 ms avg latency, 206.0 ms max latency.
349 records sent, 69.5 records/sec (6.78 MB/sec), 47.8 ms avg latency, 246.0 ms max latency.
348 records sent, 69.4 records/sec (6.77 MB/sec), 49.0 ms avg latency, 310.0 ms max latency.
8333 records sent, 51.881183 records/sec (5.07 MB/sec), 1108.81 ms avg latency, 19335.00 ms max latency, 47 ms 50th, 9244 ms 95th, 13395 ms 99th, 14520 ms 99.9th.
----- /var/lib/kafka-client/results/security-overhead-final-factorial-mtls-b5-rf5-isr3-msg102400-tps1000-batch16384-acks1-prod12-complz4-trial3/producer-perf-9.log -----
producer_index=9
producer_count=12
producer_records=8333
producer_throughput=83
1 records sent, 0.1 records/sec (0.01 MB/sec), 18345.0 ms avg latency, 18345.0 ms max latency.
43 records sent, 8.0 records/sec (0.78 MB/sec), 7810.5 ms avg latency, 9400.0 ms max latency.
120 records sent, 23.2 records/sec (2.27 MB/sec), 9302.8 ms avg latency, 11516.0 ms max latency.
168 records sent, 32.9 records/sec (3.22 MB/sec), 10237.0 ms avg latency, 11804.0 ms max latency.
132 records sent, 26.3 records/sec (2.57 MB/sec), 11280.0 ms avg latency, 12539.0 ms max latency.
138 records sent, 27.4 records/sec (2.68 MB/sec), 11527.3 ms avg latency, 12360.0 ms max latency.
232 records sent, 46.1 records/sec (4.50 MB/sec), 10757.6 ms avg latency, 12851.0 ms max latency.
426 records sent, 84.1 records/sec (8.22 MB/sec), 4369.8 ms avg latency, 8751.0 ms max latency.
364 records sent, 72.6 records/sec (7.09 MB/sec), 447.6 ms avg latency, 1925.0 ms max latency.
270 records sent, 53.8 records/sec (5.26 MB/sec), 59.0 ms avg latency, 235.0 ms max latency.
309 records sent, 61.8 records/sec (6.03 MB/sec), 51.4 ms avg latency, 175.0 ms max latency.
290 records sent, 56.8 records/sec (5.55 MB/sec), 70.1 ms avg latency, 194.0 ms max latency.
323 records sent, 64.2 records/sec (6.27 MB/sec), 69.8 ms avg latency, 277.0 ms max latency.
317 records sent, 62.8 records/sec (6.13 MB/sec), 61.1 ms avg latency, 231.0 ms max latency.
329 records sent, 65.7 records/sec (6.42 MB/sec), 51.5 ms avg latency, 186.0 ms max latency.
327 records sent, 65.1 records/sec (6.36 MB/sec), 55.6 ms avg latency, 316.0 ms max latency.
338 records sent, 67.6 records/sec (6.60 MB/sec), 41.5 ms avg latency, 147.0 ms max latency.
338 records sent, 67.4 records/sec (6.58 MB/sec), 60.8 ms avg latency, 288.0 ms max latency.
316 records sent, 63.0 records/sec (6.15 MB/sec), 42.5 ms avg latency, 188.0 ms max latency.
324 records sent, 64.6 records/sec (6.31 MB/sec), 46.0 ms avg latency, 226.0 ms max latency.
345 records sent, 68.9 records/sec (6.73 MB/sec), 65.0 ms avg latency, 223.0 ms max latency.
328 records sent, 65.4 records/sec (6.38 MB/sec), 38.1 ms avg latency, 134.0 ms max latency.
332 records sent, 66.1 records/sec (6.46 MB/sec), 61.1 ms avg latency, 229.0 ms max latency.
341 records sent, 68.1 records/sec (6.65 MB/sec), 45.1 ms avg latency, 199.0 ms max latency.
315 records sent, 62.7 records/sec (6.12 MB/sec), 47.2 ms avg latency, 211.0 ms max latency.
339 records sent, 66.6 records/sec (6.50 MB/sec), 50.5 ms avg latency, 262.0 ms max latency.
331 records sent, 66.2 records/sec (6.46 MB/sec), 41.8 ms avg latency, 151.0 ms max latency.
317 records sent, 63.0 records/sec (6.16 MB/sec), 39.9 ms avg latency, 227.0 ms max latency.
429 records sent, 85.5 records/sec (8.35 MB/sec), 37.2 ms avg latency, 173.0 ms max latency.
8333 records sent, 51.710550 records/sec (5.05 MB/sec), 1335.72 ms avg latency, 18345.00 ms max latency, 50 ms 50th, 10654 ms 95th, 11984 ms 99th, 12593 ms 99.9th.
----- /var/lib/kafka-client/results/security-overhead-final-factorial-mtls-b5-rf5-isr3-msg102400-tps1000-batch16384-acks1-prod12-complz4-trial3/producer-perf-10.log -----
producer_index=10
producer_count=12
producer_records=8333
producer_throughput=83
1 records sent, 0.1 records/sec (0.01 MB/sec), 18523.0 ms avg latency, 18523.0 ms max latency.
46 records sent, 8.7 records/sec (0.85 MB/sec), 7863.0 ms avg latency, 10385.0 ms max latency.
96 records sent, 18.7 records/sec (1.82 MB/sec), 9454.5 ms avg latency, 10878.0 ms max latency.
144 records sent, 28.2 records/sec (2.75 MB/sec), 11576.7 ms avg latency, 12674.0 ms max latency.
209 records sent, 41.4 records/sec (4.04 MB/sec), 11908.6 ms avg latency, 13922.0 ms max latency.
298 records sent, 58.8 records/sec (5.74 MB/sec), 6767.8 ms avg latency, 9403.0 ms max latency.
378 records sent, 74.8 records/sec (7.31 MB/sec), 2877.7 ms avg latency, 5108.0 ms max latency.
308 records sent, 61.3 records/sec (5.99 MB/sec), 253.5 ms avg latency, 1221.0 ms max latency.
265 records sent, 52.1 records/sec (5.08 MB/sec), 60.9 ms avg latency, 185.0 ms max latency.
286 records sent, 57.1 records/sec (5.57 MB/sec), 64.2 ms avg latency, 180.0 ms max latency.
300 records sent, 58.8 records/sec (5.74 MB/sec), 49.2 ms avg latency, 221.0 ms max latency.
306 records sent, 60.9 records/sec (5.95 MB/sec), 60.1 ms avg latency, 188.0 ms max latency.
319 records sent, 63.6 records/sec (6.21 MB/sec), 57.2 ms avg latency, 243.0 ms max latency.
294 records sent, 58.8 records/sec (5.74 MB/sec), 85.6 ms avg latency, 325.0 ms max latency.
319 records sent, 63.1 records/sec (6.17 MB/sec), 48.0 ms avg latency, 188.0 ms max latency.
348 records sent, 69.6 records/sec (6.80 MB/sec), 69.9 ms avg latency, 347.0 ms max latency.
352 records sent, 70.0 records/sec (6.83 MB/sec), 46.5 ms avg latency, 220.0 ms max latency.
341 records sent, 67.9 records/sec (6.63 MB/sec), 38.3 ms avg latency, 137.0 ms max latency.
354 records sent, 70.3 records/sec (6.87 MB/sec), 39.6 ms avg latency, 154.0 ms max latency.
344 records sent, 68.7 records/sec (6.71 MB/sec), 58.0 ms avg latency, 293.0 ms max latency.
333 records sent, 65.2 records/sec (6.37 MB/sec), 53.0 ms avg latency, 299.0 ms max latency.
355 records sent, 71.0 records/sec (6.93 MB/sec), 47.3 ms avg latency, 161.0 ms max latency.
333 records sent, 66.1 records/sec (6.46 MB/sec), 44.1 ms avg latency, 241.0 ms max latency.
358 records sent, 71.0 records/sec (6.93 MB/sec), 35.2 ms avg latency, 166.0 ms max latency.
354 records sent, 70.7 records/sec (6.91 MB/sec), 35.3 ms avg latency, 127.0 ms max latency.
340 records sent, 67.8 records/sec (6.62 MB/sec), 40.9 ms avg latency, 168.0 ms max latency.
363 records sent, 71.9 records/sec (7.02 MB/sec), 36.4 ms avg latency, 124.0 ms max latency.
318 records sent, 62.6 records/sec (6.11 MB/sec), 47.2 ms avg latency, 174.0 ms max latency.
8333 records sent, 52.326202 records/sec (5.11 MB/sec), 1076.49 ms avg latency, 18523.00 ms max latency, 48 ms 50th, 9127 ms 95th, 12658 ms 99th, 13782 ms 99.9th.
----- /var/lib/kafka-client/results/security-overhead-final-factorial-mtls-b5-rf5-isr3-msg102400-tps1000-batch16384-acks1-prod12-complz4-trial3/producer-perf-11.log -----
producer_index=11
producer_count=12
producer_records=8333
producer_throughput=83
1 records sent, 0.1 records/sec (0.01 MB/sec), 17341.0 ms avg latency, 17341.0 ms max latency.
35 records sent, 6.6 records/sec (0.64 MB/sec), 7551.3 ms avg latency, 8908.0 ms max latency.
108 records sent, 21.1 records/sec (2.06 MB/sec), 10123.6 ms avg latency, 11194.0 ms max latency.
204 records sent, 40.1 records/sec (3.91 MB/sec), 10332.1 ms avg latency, 10999.0 ms max latency.
258 records sent, 50.2 records/sec (4.90 MB/sec), 8356.3 ms avg latency, 11270.0 ms max latency.
324 records sent, 64.1 records/sec (6.26 MB/sec), 5311.5 ms avg latency, 7532.0 ms max latency.
379 records sent, 74.8 records/sec (7.30 MB/sec), 1962.6 ms avg latency, 4097.0 ms max latency.
276 records sent, 55.0 records/sec (5.37 MB/sec), 164.9 ms avg latency, 594.0 ms max latency.
296 records sent, 58.9 records/sec (5.75 MB/sec), 69.7 ms avg latency, 232.0 ms max latency.
258 records sent, 51.5 records/sec (5.03 MB/sec), 56.7 ms avg latency, 216.0 ms max latency.
310 records sent, 62.0 records/sec (6.05 MB/sec), 71.9 ms avg latency, 223.0 ms max latency.
299 records sent, 59.7 records/sec (5.83 MB/sec), 65.1 ms avg latency, 245.0 ms max latency.
320 records sent, 63.2 records/sec (6.18 MB/sec), 48.3 ms avg latency, 168.0 ms max latency.
305 records sent, 60.7 records/sec (5.92 MB/sec), 60.2 ms avg latency, 211.0 ms max latency.
298 records sent, 59.5 records/sec (5.81 MB/sec), 55.6 ms avg latency, 195.0 ms max latency.
320 records sent, 63.4 records/sec (6.20 MB/sec), 47.2 ms avg latency, 225.0 ms max latency.
313 records sent, 62.2 records/sec (6.07 MB/sec), 55.9 ms avg latency, 263.0 ms max latency.
360 records sent, 71.8 records/sec (7.01 MB/sec), 43.6 ms avg latency, 263.0 ms max latency.
343 records sent, 68.3 records/sec (6.67 MB/sec), 55.0 ms avg latency, 249.0 ms max latency.
320 records sent, 63.8 records/sec (6.24 MB/sec), 39.5 ms avg latency, 145.0 ms max latency.
335 records sent, 66.5 records/sec (6.50 MB/sec), 50.7 ms avg latency, 392.0 ms max latency.
329 records sent, 65.7 records/sec (6.41 MB/sec), 53.7 ms avg latency, 212.0 ms max latency.
323 records sent, 64.2 records/sec (6.27 MB/sec), 50.5 ms avg latency, 224.0 ms max latency.
347 records sent, 69.3 records/sec (6.77 MB/sec), 45.1 ms avg latency, 184.0 ms max latency.
349 records sent, 69.8 records/sec (6.81 MB/sec), 35.9 ms avg latency, 122.0 ms max latency.
344 records sent, 68.4 records/sec (6.68 MB/sec), 38.1 ms avg latency, 152.0 ms max latency.
342 records sent, 66.9 records/sec (6.53 MB/sec), 44.0 ms avg latency, 171.0 ms max latency.
370 records sent, 74.0 records/sec (7.23 MB/sec), 54.4 ms avg latency, 344.0 ms max latency.
8333 records sent, 52.662180 records/sec (5.14 MB/sec), 1019.52 ms avg latency, 17341.00 ms max latency, 52 ms 50th, 8149 ms 95th, 10674 ms 99th, 11082 ms 99.9th.
----- /var/lib/kafka-client/results/security-overhead-final-factorial-mtls-b5-rf5-isr3-msg102400-tps1000-batch16384-acks1-prod12-complz4-trial3/producer-perf-12.log -----
producer_index=12
producer_count=12
producer_records=8333
producer_throughput=83
1 records sent, 0.1 records/sec (0.01 MB/sec), 18423.0 ms avg latency, 18423.0 ms max latency.
36 records sent, 7.2 records/sec (0.70 MB/sec), 7658.6 ms avg latency, 9158.0 ms max latency.
119 records sent, 23.1 records/sec (2.25 MB/sec), 9863.1 ms avg latency, 11081.0 ms max latency.
246 records sent, 48.9 records/sec (4.78 MB/sec), 9806.7 ms avg latency, 10872.0 ms max latency.
312 records sent, 62.1 records/sec (6.07 MB/sec), 5880.2 ms avg latency, 9774.0 ms max latency.
306 records sent, 60.4 records/sec (5.90 MB/sec), 4039.1 ms avg latency, 4977.0 ms max latency.
361 records sent, 71.7 records/sec (7.00 MB/sec), 1578.8 ms avg latency, 3008.0 ms max latency.
265 records sent, 52.6 records/sec (5.14 MB/sec), 91.0 ms avg latency, 354.0 ms max latency.
239 records sent, 47.8 records/sec (4.66 MB/sec), 74.4 ms avg latency, 245.0 ms max latency.
322 records sent, 64.3 records/sec (6.28 MB/sec), 62.6 ms avg latency, 250.0 ms max latency.
299 records sent, 59.4 records/sec (5.80 MB/sec), 62.9 ms avg latency, 229.0 ms max latency.
298 records sent, 59.5 records/sec (5.81 MB/sec), 57.9 ms avg latency, 176.0 ms max latency.
320 records sent, 63.9 records/sec (6.24 MB/sec), 48.2 ms avg latency, 223.0 ms max latency.
324 records sent, 64.8 records/sec (6.33 MB/sec), 87.1 ms avg latency, 320.0 ms max latency.
312 records sent, 62.0 records/sec (6.05 MB/sec), 58.0 ms avg latency, 238.0 ms max latency.
343 records sent, 68.5 records/sec (6.69 MB/sec), 69.3 ms avg latency, 333.0 ms max latency.
350 records sent, 68.1 records/sec (6.65 MB/sec), 42.8 ms avg latency, 168.0 ms max latency.
348 records sent, 69.4 records/sec (6.78 MB/sec), 51.1 ms avg latency, 217.0 ms max latency.
347 records sent, 69.2 records/sec (6.76 MB/sec), 53.5 ms avg latency, 242.0 ms max latency.
348 records sent, 69.3 records/sec (6.77 MB/sec), 50.4 ms avg latency, 244.0 ms max latency.
345 records sent, 69.0 records/sec (6.73 MB/sec), 54.2 ms avg latency, 411.0 ms max latency.
347 records sent, 68.6 records/sec (6.70 MB/sec), 43.8 ms avg latency, 249.0 ms max latency.
337 records sent, 67.4 records/sec (6.58 MB/sec), 52.9 ms avg latency, 202.0 ms max latency.
360 records sent, 71.9 records/sec (7.02 MB/sec), 39.8 ms avg latency, 197.0 ms max latency.
351 records sent, 70.1 records/sec (6.85 MB/sec), 55.2 ms avg latency, 200.0 ms max latency.
338 records sent, 67.4 records/sec (6.58 MB/sec), 45.5 ms avg latency, 188.0 ms max latency.
337 records sent, 66.3 records/sec (6.48 MB/sec), 48.1 ms avg latency, 190.0 ms max latency.
341 records sent, 68.2 records/sec (6.66 MB/sec), 58.5 ms avg latency, 229.0 ms max latency.
8333 records sent, 53.281414 records/sec (5.20 MB/sec), 949.76 ms avg latency, 18423.00 ms max latency, 54 ms 50th, 7242 ms 95th, 10213 ms 99th, 10766 ms 99.9th.
