run_id=security-overhead-final-factorial-mtls-b5-rf3-isr3-msg1024-tps10000-batch131072-acks1-prod6-compnone-trial1
producer_count=6
----- /var/lib/kafka-client/results/security-overhead-final-factorial-mtls-b5-rf3-isr3-msg1024-tps10000-batch131072-acks1-prod6-compnone-trial1/producer-perf-1.log -----
producer_index=1
producer_count=6
producer_records=16667
producer_throughput=1667
1 records sent, 0.1 records/sec (0.00 MB/sec), 8700.0 ms avg latency, 8700.0 ms max latency.
16667 records sent, 1209.243271 records/sec (1.18 MB/sec), 3913.39 ms avg latency, 8700.00 ms max latency, 4049 ms 50th, 4887 ms 95th, 5044 ms 99th, 5107 ms 99.9th.
----- /var/lib/kafka-client/results/security-overhead-final-factorial-mtls-b5-rf3-isr3-msg1024-tps10000-batch131072-acks1-prod6-compnone-trial1/producer-perf-2.log -----
producer_index=2
producer_count=6
producer_records=16667
producer_throughput=1667
1 records sent, 0.1 records/sec (0.00 MB/sec), 8052.0 ms avg latency, 8052.0 ms max latency.
10332 records sent, 2036.7 records/sec (1.99 MB/sec), 3550.6 ms avg latency, 4703.0 ms max latency.
16667 records sent, 1149.289753 records/sec (1.12 MB/sec), 3944.53 ms avg latency, 8052.00 ms max latency, 3957 ms 50th, 5012 ms 95th, 5156 ms 99th, 5258 ms 99.9th.
----- /var/lib/kafka-client/results/security-overhead-final-factorial-mtls-b5-rf3-isr3-msg1024-tps10000-batch131072-acks1-prod6-compnone-trial1/producer-perf-3.log -----
producer_index=3
producer_count=6
producer_records=16667
producer_throughput=1667
1 records sent, 0.1 records/sec (0.00 MB/sec), 8775.0 ms avg latency, 8775.0 ms max latency.
16667 records sent, 1210.209120 records/sec (1.18 MB/sec), 3561.58 ms avg latency, 8775.00 ms max latency, 3613 ms 50th, 4339 ms 95th, 4694 ms 99th, 4779 ms 99.9th.
----- /var/lib/kafka-client/results/security-overhead-final-factorial-mtls-b5-rf3-isr3-msg1024-tps10000-batch131072-acks1-prod6-compnone-trial1/producer-perf-4.log -----
producer_index=4
producer_count=6
producer_records=16667
producer_throughput=1667
1 records sent, 0.1 records/sec (0.00 MB/sec), 8548.0 ms avg latency, 8548.0 ms max latency.
16667 records sent, 1241.952310 records/sec (1.21 MB/sec), 3962.57 ms avg latency, 8548.00 ms max latency, 3985 ms 50th, 5048 ms 95th, 5092 ms 99th, 5128 ms 99.9th.
----- /var/lib/kafka-client/results/security-overhead-final-factorial-mtls-b5-rf3-isr3-msg1024-tps10000-batch131072-acks1-prod6-compnone-trial1/producer-perf-5.log -----
producer_index=5
producer_count=6
producer_records=16666
producer_throughput=1666
1 records sent, 0.1 records/sec (0.00 MB/sec), 8717.0 ms avg latency, 8717.0 ms max latency.
16540 records sent, 3308.0 records/sec (3.23 MB/sec), 4167.6 ms avg latency, 5263.0 ms max latency.
16666 records sent, 1190.513608 records/sec (1.16 MB/sec), 4174.02 ms avg latency, 8717.00 ms max latency, 4218 ms 50th, 5084 ms 95th, 5208 ms 99th, 5263 ms 99.9th.
----- /var/lib/kafka-client/results/security-overhead-final-factorial-mtls-b5-rf3-isr3-msg1024-tps10000-batch131072-acks1-prod6-compnone-trial1/producer-perf-6.log -----
producer_index=6
producer_count=6
producer_records=16666
producer_throughput=1666
1 records sent, 0.1 records/sec (0.00 MB/sec), 8375.0 ms avg latency, 8375.0 ms max latency.
15624 records sent, 3108.6 records/sec (3.04 MB/sec), 3713.0 ms avg latency, 4831.0 ms max latency.
16666 records sent, 1222.654244 records/sec (1.19 MB/sec), 3728.86 ms avg latency, 8375.00 ms max latency, 3805 ms 50th, 4561 ms 95th, 4742 ms 99th, 4831 ms 99.9th.
