run_id=security-overhead-final-factorial-tls-b3-rf3-isr3-msg1024-tps1000-batch131072-acks1-prod6-complz4-trial2
producer_count=6
----- /var/lib/kafka-client/results/security-overhead-final-factorial-tls-b3-rf3-isr3-msg1024-tps1000-batch131072-acks1-prod6-complz4-trial2/producer-perf-1.log -----
producer_index=1
producer_count=6
producer_records=16667
producer_throughput=167
1 records sent, 0.1 records/sec (0.00 MB/sec), 6923.0 ms avg latency, 6923.0 ms max latency.
2000 records sent, 399.2 records/sec (0.39 MB/sec), 794.6 ms avg latency, 1796.0 ms max latency.
837 records sent, 167.2 records/sec (0.16 MB/sec), 8.6 ms avg latency, 35.0 ms max latency.
837 records sent, 167.3 records/sec (0.16 MB/sec), 7.9 ms avg latency, 25.0 ms max latency.
836 records sent, 167.0 records/sec (0.16 MB/sec), 7.8 ms avg latency, 21.0 ms max latency.
836 records sent, 167.2 records/sec (0.16 MB/sec), 7.3 ms avg latency, 19.0 ms max latency.
836 records sent, 167.1 records/sec (0.16 MB/sec), 7.6 ms avg latency, 23.0 ms max latency.
836 records sent, 167.1 records/sec (0.16 MB/sec), 7.0 ms avg latency, 22.0 ms max latency.
836 records sent, 167.1 records/sec (0.16 MB/sec), 7.2 ms avg latency, 17.0 ms max latency.
836 records sent, 167.2 records/sec (0.16 MB/sec), 6.9 ms avg latency, 17.0 ms max latency.
835 records sent, 167.0 records/sec (0.16 MB/sec), 6.6 ms avg latency, 28.0 ms max latency.
836 records sent, 167.1 records/sec (0.16 MB/sec), 6.1 ms avg latency, 12.0 ms max latency.
836 records sent, 167.2 records/sec (0.16 MB/sec), 6.3 ms avg latency, 12.0 ms max latency.
835 records sent, 167.0 records/sec (0.16 MB/sec), 6.2 ms avg latency, 21.0 ms max latency.
836 records sent, 167.0 records/sec (0.16 MB/sec), 6.0 ms avg latency, 19.0 ms max latency.
836 records sent, 167.1 records/sec (0.16 MB/sec), 6.0 ms avg latency, 16.0 ms max latency.
836 records sent, 167.1 records/sec (0.16 MB/sec), 6.1 ms avg latency, 23.0 ms max latency.
835 records sent, 166.9 records/sec (0.16 MB/sec), 6.0 ms avg latency, 9.0 ms max latency.
836 records sent, 167.0 records/sec (0.16 MB/sec), 6.0 ms avg latency, 18.0 ms max latency.
16667 records sent, 166.938771 records/sec (0.16 MB/sec), 101.71 ms avg latency, 6923.00 ms max latency, 6 ms 50th, 1010 ms 95th, 1698 ms 99th, 1764 ms 99.9th.
----- /var/lib/kafka-client/results/security-overhead-final-factorial-tls-b3-rf3-isr3-msg1024-tps1000-batch131072-acks1-prod6-complz4-trial2/producer-perf-2.log -----
producer_index=2
producer_count=6
producer_records=16667
producer_throughput=167
1 records sent, 0.1 records/sec (0.00 MB/sec), 1200.0 ms avg latency, 1200.0 ms max latency.
2071 records sent, 413.5 records/sec (0.40 MB/sec), 895.0 ms avg latency, 7351.0 ms max latency.
835 records sent, 167.0 records/sec (0.16 MB/sec), 8.0 ms avg latency, 23.0 ms max latency.
837 records sent, 167.1 records/sec (0.16 MB/sec), 7.7 ms avg latency, 27.0 ms max latency.
835 records sent, 167.0 records/sec (0.16 MB/sec), 7.7 ms avg latency, 25.0 ms max latency.
837 records sent, 167.3 records/sec (0.16 MB/sec), 7.4 ms avg latency, 19.0 ms max latency.
835 records sent, 166.7 records/sec (0.16 MB/sec), 7.1 ms avg latency, 19.0 ms max latency.
838 records sent, 167.3 records/sec (0.16 MB/sec), 7.1 ms avg latency, 18.0 ms max latency.
836 records sent, 167.1 records/sec (0.16 MB/sec), 7.1 ms avg latency, 19.0 ms max latency.
836 records sent, 167.0 records/sec (0.16 MB/sec), 6.6 ms avg latency, 23.0 ms max latency.
836 records sent, 167.1 records/sec (0.16 MB/sec), 6.8 ms avg latency, 26.0 ms max latency.
836 records sent, 167.0 records/sec (0.16 MB/sec), 6.2 ms avg latency, 12.0 ms max latency.
836 records sent, 167.1 records/sec (0.16 MB/sec), 6.3 ms avg latency, 12.0 ms max latency.
835 records sent, 167.0 records/sec (0.16 MB/sec), 6.1 ms avg latency, 11.0 ms max latency.
836 records sent, 167.0 records/sec (0.16 MB/sec), 6.1 ms avg latency, 16.0 ms max latency.
835 records sent, 167.0 records/sec (0.16 MB/sec), 6.0 ms avg latency, 13.0 ms max latency.
837 records sent, 167.2 records/sec (0.16 MB/sec), 6.1 ms avg latency, 25.0 ms max latency.
835 records sent, 166.9 records/sec (0.16 MB/sec), 6.1 ms avg latency, 10.0 ms max latency.
836 records sent, 167.0 records/sec (0.16 MB/sec), 6.0 ms avg latency, 17.0 ms max latency.
16667 records sent, 166.935427 records/sec (0.16 MB/sec), 117.15 ms avg latency, 7351.00 ms max latency, 6 ms 50th, 1468 ms 95th, 1692 ms 99th, 1717 ms 99.9th.
----- /var/lib/kafka-client/results/security-overhead-final-factorial-tls-b3-rf3-isr3-msg1024-tps1000-batch131072-acks1-prod6-complz4-trial2/producer-perf-3.log -----
producer_index=3
producer_count=6
producer_records=16667
producer_throughput=167
1 records sent, 0.1 records/sec (0.00 MB/sec), 7048.0 ms avg latency, 7048.0 ms max latency.
2018 records sent, 403.6 records/sec (0.39 MB/sec), 861.6 ms avg latency, 1687.0 ms max latency.
838 records sent, 167.4 records/sec (0.16 MB/sec), 8.6 ms avg latency, 35.0 ms max latency.
835 records sent, 166.9 records/sec (0.16 MB/sec), 8.0 ms avg latency, 25.0 ms max latency.
836 records sent, 167.1 records/sec (0.16 MB/sec), 7.8 ms avg latency, 23.0 ms max latency.
836 records sent, 167.0 records/sec (0.16 MB/sec), 7.4 ms avg latency, 16.0 ms max latency.
836 records sent, 167.1 records/sec (0.16 MB/sec), 7.5 ms avg latency, 23.0 ms max latency.
836 records sent, 167.0 records/sec (0.16 MB/sec), 7.2 ms avg latency, 20.0 ms max latency.
836 records sent, 167.2 records/sec (0.16 MB/sec), 7.3 ms avg latency, 22.0 ms max latency.
836 records sent, 167.1 records/sec (0.16 MB/sec), 6.8 ms avg latency, 25.0 ms max latency.
836 records sent, 167.1 records/sec (0.16 MB/sec), 6.7 ms avg latency, 24.0 ms max latency.
837 records sent, 167.2 records/sec (0.16 MB/sec), 6.2 ms avg latency, 11.0 ms max latency.
836 records sent, 167.1 records/sec (0.16 MB/sec), 6.3 ms avg latency, 18.0 ms max latency.
835 records sent, 167.0 records/sec (0.16 MB/sec), 6.2 ms avg latency, 21.0 ms max latency.
835 records sent, 166.4 records/sec (0.16 MB/sec), 6.1 ms avg latency, 24.0 ms max latency.
839 records sent, 167.8 records/sec (0.16 MB/sec), 6.0 ms avg latency, 19.0 ms max latency.
836 records sent, 167.1 records/sec (0.16 MB/sec), 6.2 ms avg latency, 21.0 ms max latency.
835 records sent, 167.0 records/sec (0.16 MB/sec), 6.0 ms avg latency, 14.0 ms max latency.
836 records sent, 167.0 records/sec (0.16 MB/sec), 5.9 ms avg latency, 17.0 ms max latency.
16667 records sent, 166.960511 records/sec (0.16 MB/sec), 110.72 ms avg latency, 7048.00 ms max latency, 6 ms 50th, 1322 ms 95th, 1609 ms 99th, 1654 ms 99.9th.
----- /var/lib/kafka-client/results/security-overhead-final-factorial-tls-b3-rf3-isr3-msg1024-tps1000-batch131072-acks1-prod6-complz4-trial2/producer-perf-4.log -----
producer_index=4
producer_count=6
producer_records=16667
producer_throughput=167
1 records sent, 0.1 records/sec (0.00 MB/sec), 7278.0 ms avg latency, 7278.0 ms max latency.
2054 records sent, 410.6 records/sec (0.40 MB/sec), 861.2 ms avg latency, 1591.0 ms max latency.
837 records sent, 167.3 records/sec (0.16 MB/sec), 8.6 ms avg latency, 36.0 ms max latency.
835 records sent, 167.0 records/sec (0.16 MB/sec), 7.6 ms avg latency, 25.0 ms max latency.
836 records sent, 167.0 records/sec (0.16 MB/sec), 7.7 ms avg latency, 26.0 ms max latency.
836 records sent, 167.2 records/sec (0.16 MB/sec), 7.3 ms avg latency, 17.0 ms max latency.
836 records sent, 167.2 records/sec (0.16 MB/sec), 7.3 ms avg latency, 26.0 ms max latency.
835 records sent, 166.9 records/sec (0.16 MB/sec), 7.2 ms avg latency, 18.0 ms max latency.
836 records sent, 167.1 records/sec (0.16 MB/sec), 7.2 ms avg latency, 18.0 ms max latency.
836 records sent, 167.1 records/sec (0.16 MB/sec), 6.9 ms avg latency, 23.0 ms max latency.
837 records sent, 167.1 records/sec (0.16 MB/sec), 6.7 ms avg latency, 25.0 ms max latency.
837 records sent, 167.2 records/sec (0.16 MB/sec), 6.2 ms avg latency, 14.0 ms max latency.
836 records sent, 167.1 records/sec (0.16 MB/sec), 6.3 ms avg latency, 23.0 ms max latency.
835 records sent, 167.0 records/sec (0.16 MB/sec), 6.1 ms avg latency, 11.0 ms max latency.
835 records sent, 166.6 records/sec (0.16 MB/sec), 6.0 ms avg latency, 21.0 ms max latency.
838 records sent, 167.5 records/sec (0.16 MB/sec), 6.0 ms avg latency, 15.0 ms max latency.
836 records sent, 167.0 records/sec (0.16 MB/sec), 6.2 ms avg latency, 25.0 ms max latency.
836 records sent, 167.1 records/sec (0.16 MB/sec), 6.0 ms avg latency, 9.0 ms max latency.
835 records sent, 166.9 records/sec (0.16 MB/sec), 6.0 ms avg latency, 15.0 ms max latency.
16667 records sent, 166.955494 records/sec (0.16 MB/sec), 112.49 ms avg latency, 7278.00 ms max latency, 6 ms 50th, 1327 ms 95th, 1539 ms 99th, 1562 ms 99.9th.
----- /var/lib/kafka-client/results/security-overhead-final-factorial-tls-b3-rf3-isr3-msg1024-tps1000-batch131072-acks1-prod6-complz4-trial2/producer-perf-5.log -----
producer_index=5
producer_count=6
producer_records=16666
producer_throughput=166
1 records sent, 0.1 records/sec (0.00 MB/sec), 7307.0 ms avg latency, 7307.0 ms max latency.
2048 records sent, 409.5 records/sec (0.40 MB/sec), 832.2 ms avg latency, 1707.0 ms max latency.
832 records sent, 166.3 records/sec (0.16 MB/sec), 8.8 ms avg latency, 31.0 ms max latency.
831 records sent, 165.9 records/sec (0.16 MB/sec), 8.4 ms avg latency, 21.0 ms max latency.
830 records sent, 165.9 records/sec (0.16 MB/sec), 8.3 ms avg latency, 27.0 ms max latency.
832 records sent, 166.3 records/sec (0.16 MB/sec), 8.1 ms avg latency, 18.0 ms max latency.
830 records sent, 165.8 records/sec (0.16 MB/sec), 7.8 ms avg latency, 28.0 ms max latency.
831 records sent, 166.1 records/sec (0.16 MB/sec), 7.6 ms avg latency, 19.0 ms max latency.
831 records sent, 166.0 records/sec (0.16 MB/sec), 7.6 ms avg latency, 29.0 ms max latency.
831 records sent, 166.2 records/sec (0.16 MB/sec), 6.9 ms avg latency, 20.0 ms max latency.
830 records sent, 165.8 records/sec (0.16 MB/sec), 6.8 ms avg latency, 25.0 ms max latency.
831 records sent, 166.1 records/sec (0.16 MB/sec), 6.1 ms avg latency, 12.0 ms max latency.
832 records sent, 166.3 records/sec (0.16 MB/sec), 6.4 ms avg latency, 10.0 ms max latency.
831 records sent, 166.1 records/sec (0.16 MB/sec), 6.2 ms avg latency, 21.0 ms max latency.
831 records sent, 166.0 records/sec (0.16 MB/sec), 6.0 ms avg latency, 13.0 ms max latency.
831 records sent, 166.1 records/sec (0.16 MB/sec), 5.9 ms avg latency, 9.0 ms max latency.
830 records sent, 166.0 records/sec (0.16 MB/sec), 5.9 ms avg latency, 8.0 ms max latency.
831 records sent, 166.1 records/sec (0.16 MB/sec), 6.0 ms avg latency, 10.0 ms max latency.
830 records sent, 165.9 records/sec (0.16 MB/sec), 5.9 ms avg latency, 9.0 ms max latency.
16666 records sent, 165.966261 records/sec (0.16 MB/sec), 108.79 ms avg latency, 7307.00 ms max latency, 6 ms 50th, 1232 ms 95th, 1617 ms 99th, 1690 ms 99.9th.
----- /var/lib/kafka-client/results/security-overhead-final-factorial-tls-b3-rf3-isr3-msg1024-tps1000-batch131072-acks1-prod6-complz4-trial2/producer-perf-6.log -----
producer_index=6
producer_count=6
producer_records=16666
producer_throughput=166
1 records sent, 0.1 records/sec (0.00 MB/sec), 908.0 ms avg latency, 908.0 ms max latency.
2073 records sent, 414.1 records/sec (0.40 MB/sec), 811.5 ms avg latency, 7475.0 ms max latency.
831 records sent, 166.1 records/sec (0.16 MB/sec), 8.8 ms avg latency, 32.0 ms max latency.
833 records sent, 166.2 records/sec (0.16 MB/sec), 8.3 ms avg latency, 23.0 ms max latency.
830 records sent, 166.0 records/sec (0.16 MB/sec), 8.1 ms avg latency, 25.0 ms max latency.
832 records sent, 166.1 records/sec (0.16 MB/sec), 7.9 ms avg latency, 20.0 ms max latency.
832 records sent, 166.2 records/sec (0.16 MB/sec), 7.3 ms avg latency, 27.0 ms max latency.
831 records sent, 166.1 records/sec (0.16 MB/sec), 7.5 ms avg latency, 15.0 ms max latency.
831 records sent, 166.2 records/sec (0.16 MB/sec), 7.4 ms avg latency, 17.0 ms max latency.
831 records sent, 165.9 records/sec (0.16 MB/sec), 6.7 ms avg latency, 12.0 ms max latency.
831 records sent, 166.1 records/sec (0.16 MB/sec), 6.7 ms avg latency, 12.0 ms max latency.
830 records sent, 166.0 records/sec (0.16 MB/sec), 6.2 ms avg latency, 10.0 ms max latency.
831 records sent, 166.0 records/sec (0.16 MB/sec), 6.3 ms avg latency, 22.0 ms max latency.
831 records sent, 166.1 records/sec (0.16 MB/sec), 6.2 ms avg latency, 14.0 ms max latency.
830 records sent, 166.0 records/sec (0.16 MB/sec), 6.0 ms avg latency, 18.0 ms max latency.
830 records sent, 166.0 records/sec (0.16 MB/sec), 6.0 ms avg latency, 23.0 ms max latency.
831 records sent, 166.0 records/sec (0.16 MB/sec), 6.1 ms avg latency, 24.0 ms max latency.
831 records sent, 166.0 records/sec (0.16 MB/sec), 6.0 ms avg latency, 8.0 ms max latency.
831 records sent, 166.1 records/sec (0.16 MB/sec), 5.9 ms avg latency, 9.0 ms max latency.
16666 records sent, 165.959650 records/sec (0.16 MB/sec), 107.02 ms avg latency, 7475.00 ms max latency, 6 ms 50th, 1351 ms 95th, 1497 ms 99th, 1540 ms 99.9th.
