run_id=security-overhead-final-factorial-plaintext-b3-rf3-isr3-msg10240-tps10000-batch131072-acksall-prod12-complz4-trial2
producer_count=12
----- /var/lib/kafka-client/results/security-overhead-final-factorial-plaintext-b3-rf3-isr3-msg10240-tps10000-batch131072-acksall-prod12-complz4-trial2/producer-perf-1.log -----
producer_index=1
producer_count=12
producer_records=8334
producer_throughput=834
1 records sent, 0.1 records/sec (0.00 MB/sec), 7590.0 ms avg latency, 7590.0 ms max latency.
2241 records sent, 443.9 records/sec (4.33 MB/sec), 284.6 ms avg latency, 1083.0 ms max latency.
2424 records sent, 482.7 records/sec (4.71 MB/sec), 120.6 ms avg latency, 283.0 ms max latency.
2211 records sent, 441.8 records/sec (4.31 MB/sec), 106.5 ms avg latency, 335.0 ms max latency.
8334 records sent, 316.821897 records/sec (3.09 MB/sec), 153.11 ms avg latency, 7590.00 ms max latency, 115 ms 50th, 390 ms 95th, 772 ms 99th, 1051 ms 99.9th.
----- /var/lib/kafka-client/results/security-overhead-final-factorial-plaintext-b3-rf3-isr3-msg10240-tps10000-batch131072-acksall-prod12-complz4-trial2/producer-perf-2.log -----
producer_index=2
producer_count=12
producer_records=8334
producer_throughput=834
1 records sent, 0.1 records/sec (0.00 MB/sec), 7281.0 ms avg latency, 7281.0 ms max latency.
2184 records sent, 436.4 records/sec (4.26 MB/sec), 214.6 ms avg latency, 1109.0 ms max latency.
2486 records sent, 494.4 records/sec (4.83 MB/sec), 119.2 ms avg latency, 272.0 ms max latency.
2219 records sent, 442.0 records/sec (4.32 MB/sec), 112.1 ms avg latency, 306.0 ms max latency.
8334 records sent, 322.510739 records/sec (3.15 MB/sec), 134.54 ms avg latency, 7281.00 ms max latency, 114 ms 50th, 278 ms 95th, 548 ms 99th, 1070 ms 99.9th.
----- /var/lib/kafka-client/results/security-overhead-final-factorial-plaintext-b3-rf3-isr3-msg10240-tps10000-batch131072-acksall-prod12-complz4-trial2/producer-perf-3.log -----
producer_index=3
producer_count=12
producer_records=8334
producer_throughput=834
1 records sent, 0.1 records/sec (0.00 MB/sec), 7651.0 ms avg latency, 7651.0 ms max latency.
2230 records sent, 445.3 records/sec (4.35 MB/sec), 273.0 ms avg latency, 947.0 ms max latency.
2402 records sent, 474.6 records/sec (4.63 MB/sec), 121.3 ms avg latency, 304.0 ms max latency.
2221 records sent, 440.1 records/sec (4.30 MB/sec), 108.9 ms avg latency, 263.0 ms max latency.
8334 records sent, 322.273782 records/sec (3.15 MB/sec), 148.60 ms avg latency, 7651.00 ms max latency, 118 ms 50th, 412 ms 95th, 608 ms 99th, 873 ms 99.9th.
----- /var/lib/kafka-client/results/security-overhead-final-factorial-plaintext-b3-rf3-isr3-msg10240-tps10000-batch131072-acksall-prod12-complz4-trial2/producer-perf-4.log -----
producer_index=4
producer_count=12
producer_records=8334
producer_throughput=834
1 records sent, 0.1 records/sec (0.00 MB/sec), 7245.0 ms avg latency, 7245.0 ms max latency.
2148 records sent, 428.0 records/sec (4.18 MB/sec), 245.9 ms avg latency, 878.0 ms max latency.
2446 records sent, 487.0 records/sec (4.76 MB/sec), 130.1 ms avg latency, 295.0 ms max latency.
2241 records sent, 446.5 records/sec (4.36 MB/sec), 125.1 ms avg latency, 360.0 ms max latency.
8334 records sent, 320.021504 records/sec (3.13 MB/sec), 151.24 ms avg latency, 7245.00 ms max latency, 128 ms 50th, 325 ms 95th, 494 ms 99th, 803 ms 99.9th.
----- /var/lib/kafka-client/results/security-overhead-final-factorial-plaintext-b3-rf3-isr3-msg10240-tps10000-batch131072-acksall-prod12-complz4-trial2/producer-perf-5.log -----
producer_index=5
producer_count=12
producer_records=8333
producer_throughput=833
1 records sent, 0.1 records/sec (0.00 MB/sec), 7313.0 ms avg latency, 7313.0 ms max latency.
2170 records sent, 428.7 records/sec (4.19 MB/sec), 299.3 ms avg latency, 1221.0 ms max latency.
2400 records sent, 476.7 records/sec (4.65 MB/sec), 146.7 ms avg latency, 299.0 ms max latency.
2212 records sent, 442.3 records/sec (4.32 MB/sec), 87.1 ms avg latency, 205.0 ms max latency.
8333 records sent, 321.092787 records/sec (3.14 MB/sec), 157.75 ms avg latency, 7313.00 ms max latency, 114 ms 50th, 442 ms 95th, 909 ms 99th, 1085 ms 99.9th.
----- /var/lib/kafka-client/results/security-overhead-final-factorial-plaintext-b3-rf3-isr3-msg10240-tps10000-batch131072-acksall-prod12-complz4-trial2/producer-perf-6.log -----
producer_index=6
producer_count=12
producer_records=8333
producer_throughput=833
1 records sent, 0.1 records/sec (0.00 MB/sec), 7214.0 ms avg latency, 7214.0 ms max latency.
2216 records sent, 442.2 records/sec (4.32 MB/sec), 243.8 ms avg latency, 1164.0 ms max latency.
2543 records sent, 506.3 records/sec (4.94 MB/sec), 125.9 ms avg latency, 336.0 ms max latency.
2274 records sent, 451.1 records/sec (4.41 MB/sec), 101.9 ms avg latency, 330.0 ms max latency.
8333 records sent, 328.627204 records/sec (3.21 MB/sec), 143.01 ms avg latency, 7214.00 ms max latency, 113 ms 50th, 327 ms 95th, 544 ms 99th, 1116 ms 99.9th.
----- /var/lib/kafka-client/results/security-overhead-final-factorial-plaintext-b3-rf3-isr3-msg10240-tps10000-batch131072-acksall-prod12-complz4-trial2/producer-perf-7.log -----
producer_index=7
producer_count=12
producer_records=8333
producer_throughput=833
1 records sent, 0.1 records/sec (0.00 MB/sec), 7372.0 ms avg latency, 7372.0 ms max latency.
2178 records sent, 433.0 records/sec (4.23 MB/sec), 256.0 ms avg latency, 1087.0 ms max latency.
2309 records sent, 461.1 records/sec (4.50 MB/sec), 101.6 ms avg latency, 258.0 ms max latency.
2198 records sent, 434.4 records/sec (4.24 MB/sec), 123.7 ms avg latency, 493.0 ms max latency.
8333 records sent, 322.559418 records/sec (3.15 MB/sec), 145.38 ms avg latency, 7372.00 ms max latency, 111 ms 50th, 330 ms 95th, 737 ms 99th, 1059 ms 99.9th.
----- /var/lib/kafka-client/results/security-overhead-final-factorial-plaintext-b3-rf3-isr3-msg10240-tps10000-batch131072-acksall-prod12-complz4-trial2/producer-perf-8.log -----
producer_index=8
producer_count=12
producer_records=8333
producer_throughput=833
1 records sent, 0.1 records/sec (0.00 MB/sec), 7747.0 ms avg latency, 7747.0 ms max latency.
2248 records sent, 448.4 records/sec (4.38 MB/sec), 277.0 ms avg latency, 984.0 ms max latency.
2461 records sent, 484.4 records/sec (4.73 MB/sec), 122.9 ms avg latency, 330.0 ms max latency.
2294 records sent, 456.5 records/sec (4.46 MB/sec), 89.8 ms avg latency, 199.0 ms max latency.
8333 records sent, 320.216731 records/sec (3.13 MB/sec), 149.87 ms avg latency, 7747.00 ms max latency, 111 ms 50th, 387 ms 95th, 637 ms 99th, 887 ms 99.9th.
----- /var/lib/kafka-client/results/security-overhead-final-factorial-plaintext-b3-rf3-isr3-msg10240-tps10000-batch131072-acksall-prod12-complz4-trial2/producer-perf-9.log -----
producer_index=9
producer_count=12
producer_records=8333
producer_throughput=833
1 records sent, 0.1 records/sec (0.00 MB/sec), 7182.0 ms avg latency, 7182.0 ms max latency.
2014 records sent, 402.7 records/sec (3.93 MB/sec), 225.3 ms avg latency, 637.0 ms max latency.
2465 records sent, 492.0 records/sec (4.80 MB/sec), 124.0 ms avg latency, 275.0 ms max latency.
2270 records sent, 450.4 records/sec (4.40 MB/sec), 88.3 ms avg latency, 261.0 ms max latency.
8333 records sent, 317.266324 records/sec (3.10 MB/sec), 133.22 ms avg latency, 7182.00 ms max latency, 109 ms 50th, 305 ms 95th, 443 ms 99th, 591 ms 99.9th.
----- /var/lib/kafka-client/results/security-overhead-final-factorial-plaintext-b3-rf3-isr3-msg10240-tps10000-batch131072-acksall-prod12-complz4-trial2/producer-perf-10.log -----
producer_index=10
producer_count=12
producer_records=8333
producer_throughput=833
1 records sent, 0.1 records/sec (0.00 MB/sec), 7488.0 ms avg latency, 7488.0 ms max latency.
2103 records sent, 417.3 records/sec (4.07 MB/sec), 278.8 ms avg latency, 1091.0 ms max latency.
2573 records sent, 513.7 records/sec (5.02 MB/sec), 116.1 ms avg latency, 301.0 ms max latency.
2165 records sent, 429.2 records/sec (4.19 MB/sec), 101.1 ms avg latency, 304.0 ms max latency.
8333 records sent, 319.284264 records/sec (3.12 MB/sec), 144.55 ms avg latency, 7488.00 ms max latency, 110 ms 50th, 322 ms 95th, 912 ms 99th, 1065 ms 99.9th.
----- /var/lib/kafka-client/results/security-overhead-final-factorial-plaintext-b3-rf3-isr3-msg10240-tps10000-batch131072-acksall-prod12-complz4-trial2/producer-perf-11.log -----
producer_index=11
producer_count=12
producer_records=8333
producer_throughput=833
1 records sent, 0.1 records/sec (0.00 MB/sec), 7459.0 ms avg latency, 7459.0 ms max latency.
2158 records sent, 429.2 records/sec (4.19 MB/sec), 260.0 ms avg latency, 963.0 ms max latency.
2501 records sent, 498.6 records/sec (4.87 MB/sec), 163.0 ms avg latency, 572.0 ms max latency.
2254 records sent, 449.5 records/sec (4.39 MB/sec), 120.9 ms avg latency, 399.0 ms max latency.
8333 records sent, 322.796824 records/sec (3.15 MB/sec), 161.73 ms avg latency, 7459.00 ms max latency, 127 ms 50th, 394 ms 95th, 717 ms 99th, 885 ms 99.9th.
----- /var/lib/kafka-client/results/security-overhead-final-factorial-plaintext-b3-rf3-isr3-msg10240-tps10000-batch131072-acksall-prod12-complz4-trial2/producer-perf-12.log -----
producer_index=12
producer_count=12
producer_records=8333
producer_throughput=833
1 records sent, 0.1 records/sec (0.00 MB/sec), 7373.0 ms avg latency, 7373.0 ms max latency.
2206 records sent, 436.9 records/sec (4.27 MB/sec), 231.4 ms avg latency, 825.0 ms max latency.
2403 records sent, 480.1 records/sec (4.69 MB/sec), 114.4 ms avg latency, 307.0 ms max latency.
2293 records sent, 456.6 records/sec (4.46 MB/sec), 91.7 ms avg latency, 254.0 ms max latency.
8333 records sent, 320.352145 records/sec (3.13 MB/sec), 135.91 ms avg latency, 7373.00 ms max latency, 113 ms 50th, 312 ms 95th, 518 ms 99th, 733 ms 99.9th.
