run_id=security-overhead-final-factorial-tls-b5-rf5-isr3-msg1024-tps1000-batch131072-acksall-prod12-complz4-trial3
producer_count=12
----- /var/lib/kafka-client/results/security-overhead-final-factorial-tls-b5-rf5-isr3-msg1024-tps1000-batch131072-acksall-prod12-complz4-trial3/producer-perf-1.log -----
producer_index=1
producer_count=12
producer_records=8334
producer_throughput=84
1 records sent, 0.1 records/sec (0.00 MB/sec), 16410.0 ms avg latency, 16410.0 ms max latency.
1805 records sent, 360.7 records/sec (0.35 MB/sec), 2608.2 ms avg latency, 3863.0 ms max latency.
412 records sent, 82.2 records/sec (0.08 MB/sec), 55.7 ms avg latency, 365.0 ms max latency.
433 records sent, 86.4 records/sec (0.08 MB/sec), 26.7 ms avg latency, 142.0 ms max latency.
420 records sent, 84.0 records/sec (0.08 MB/sec), 18.9 ms avg latency, 69.0 ms max latency.
422 records sent, 84.2 records/sec (0.08 MB/sec), 17.7 ms avg latency, 57.0 ms max latency.
420 records sent, 84.0 records/sec (0.08 MB/sec), 17.5 ms avg latency, 62.0 ms max latency.
421 records sent, 84.2 records/sec (0.08 MB/sec), 16.5 ms avg latency, 65.0 ms max latency.
420 records sent, 83.9 records/sec (0.08 MB/sec), 15.1 ms avg latency, 42.0 ms max latency.
422 records sent, 84.2 records/sec (0.08 MB/sec), 16.8 ms avg latency, 56.0 ms max latency.
420 records sent, 83.8 records/sec (0.08 MB/sec), 16.9 ms avg latency, 49.0 ms max latency.
422 records sent, 84.2 records/sec (0.08 MB/sec), 16.2 ms avg latency, 76.0 ms max latency.
420 records sent, 83.8 records/sec (0.08 MB/sec), 15.9 ms avg latency, 64.0 ms max latency.
422 records sent, 84.2 records/sec (0.08 MB/sec), 15.6 ms avg latency, 68.0 ms max latency.
424 records sent, 84.7 records/sec (0.08 MB/sec), 13.2 ms avg latency, 53.0 ms max latency.
421 records sent, 84.0 records/sec (0.08 MB/sec), 14.8 ms avg latency, 82.0 ms max latency.
421 records sent, 84.1 records/sec (0.08 MB/sec), 13.3 ms avg latency, 41.0 ms max latency.
8334 records sent, 83.685622 records/sec (0.08 MB/sec), 581.87 ms avg latency, 16410.00 ms max latency, 17 ms 50th, 3599 ms 95th, 3751 ms 99th, 3845 ms 99.9th.
----- /var/lib/kafka-client/results/security-overhead-final-factorial-tls-b5-rf5-isr3-msg1024-tps1000-batch131072-acksall-prod12-complz4-trial3/producer-perf-2.log -----
producer_index=2
producer_count=12
producer_records=8334
producer_throughput=84
1 records sent, 0.1 records/sec (0.00 MB/sec), 15350.0 ms avg latency, 15350.0 ms max latency.
1711 records sent, 341.1 records/sec (0.33 MB/sec), 2341.6 ms avg latency, 4016.0 ms max latency.
423 records sent, 84.4 records/sec (0.08 MB/sec), 60.4 ms avg latency, 354.0 ms max latency.
423 records sent, 84.3 records/sec (0.08 MB/sec), 28.5 ms avg latency, 182.0 ms max latency.
420 records sent, 83.9 records/sec (0.08 MB/sec), 17.9 ms avg latency, 76.0 ms max latency.
422 records sent, 84.1 records/sec (0.08 MB/sec), 18.7 ms avg latency, 61.0 ms max latency.
422 records sent, 84.2 records/sec (0.08 MB/sec), 17.5 ms avg latency, 46.0 ms max latency.
421 records sent, 84.0 records/sec (0.08 MB/sec), 16.6 ms avg latency, 56.0 ms max latency.
421 records sent, 84.0 records/sec (0.08 MB/sec), 16.2 ms avg latency, 58.0 ms max latency.
421 records sent, 84.1 records/sec (0.08 MB/sec), 16.6 ms avg latency, 48.0 ms max latency.
421 records sent, 84.0 records/sec (0.08 MB/sec), 15.7 ms avg latency, 55.0 ms max latency.
421 records sent, 83.9 records/sec (0.08 MB/sec), 16.2 ms avg latency, 67.0 ms max latency.
421 records sent, 83.9 records/sec (0.08 MB/sec), 15.7 ms avg latency, 58.0 ms max latency.
422 records sent, 84.2 records/sec (0.08 MB/sec), 15.3 ms avg latency, 78.0 ms max latency.
421 records sent, 84.1 records/sec (0.08 MB/sec), 14.0 ms avg latency, 63.0 ms max latency.
417 records sent, 83.3 records/sec (0.08 MB/sec), 14.4 ms avg latency, 59.0 ms max latency.
425 records sent, 84.9 records/sec (0.08 MB/sec), 14.5 ms avg latency, 47.0 ms max latency.
8334 records sent, 83.722612 records/sec (0.08 MB/sec), 498.12 ms avg latency, 15350.00 ms max latency, 17 ms 50th, 3509 ms 95th, 3897 ms 99th, 4016 ms 99.9th.
----- /var/lib/kafka-client/results/security-overhead-final-factorial-tls-b5-rf5-isr3-msg1024-tps1000-batch131072-acksall-prod12-complz4-trial3/producer-perf-3.log -----
producer_index=3
producer_count=12
producer_records=8334
producer_throughput=84
1 records sent, 0.1 records/sec (0.00 MB/sec), 15921.0 ms avg latency, 15921.0 ms max latency.
1767 records sent, 353.0 records/sec (0.34 MB/sec), 2304.9 ms avg latency, 3776.0 ms max latency.
423 records sent, 84.3 records/sec (0.08 MB/sec), 59.6 ms avg latency, 383.0 ms max latency.
422 records sent, 84.2 records/sec (0.08 MB/sec), 25.9 ms avg latency, 82.0 ms max latency.
424 records sent, 84.7 records/sec (0.08 MB/sec), 18.0 ms avg latency, 70.0 ms max latency.
419 records sent, 83.8 records/sec (0.08 MB/sec), 18.2 ms avg latency, 60.0 ms max latency.
422 records sent, 84.2 records/sec (0.08 MB/sec), 14.9 ms avg latency, 44.0 ms max latency.
420 records sent, 83.9 records/sec (0.08 MB/sec), 17.0 ms avg latency, 69.0 ms max latency.
422 records sent, 84.1 records/sec (0.08 MB/sec), 16.3 ms avg latency, 58.0 ms max latency.
421 records sent, 84.0 records/sec (0.08 MB/sec), 15.8 ms avg latency, 39.0 ms max latency.
421 records sent, 84.2 records/sec (0.08 MB/sec), 16.0 ms avg latency, 59.0 ms max latency.
421 records sent, 83.9 records/sec (0.08 MB/sec), 16.1 ms avg latency, 85.0 ms max latency.
421 records sent, 83.8 records/sec (0.08 MB/sec), 15.4 ms avg latency, 62.0 ms max latency.
420 records sent, 84.0 records/sec (0.08 MB/sec), 13.4 ms avg latency, 85.0 ms max latency.
423 records sent, 84.5 records/sec (0.08 MB/sec), 13.6 ms avg latency, 77.0 ms max latency.
421 records sent, 83.9 records/sec (0.08 MB/sec), 14.0 ms avg latency, 71.0 ms max latency.
423 records sent, 84.6 records/sec (0.08 MB/sec), 13.6 ms avg latency, 58.0 ms max latency.
8334 records sent, 83.771423 records/sec (0.08 MB/sec), 505.59 ms avg latency, 15921.00 ms max latency, 17 ms 50th, 3398 ms 95th, 3641 ms 99th, 3775 ms 99.9th.
----- /var/lib/kafka-client/results/security-overhead-final-factorial-tls-b5-rf5-isr3-msg1024-tps1000-batch131072-acksall-prod12-complz4-trial3/producer-perf-4.log -----
producer_index=4
producer_count=12
producer_records=8334
producer_throughput=84
1 records sent, 0.1 records/sec (0.00 MB/sec), 15155.0 ms avg latency, 15155.0 ms max latency.
1696 records sent, 337.9 records/sec (0.33 MB/sec), 2863.0 ms avg latency, 4455.0 ms max latency.
424 records sent, 84.7 records/sec (0.08 MB/sec), 77.1 ms avg latency, 437.0 ms max latency.
419 records sent, 83.8 records/sec (0.08 MB/sec), 26.3 ms avg latency, 72.0 ms max latency.
423 records sent, 84.5 records/sec (0.08 MB/sec), 19.7 ms avg latency, 62.0 ms max latency.
421 records sent, 84.2 records/sec (0.08 MB/sec), 19.2 ms avg latency, 71.0 ms max latency.
421 records sent, 84.2 records/sec (0.08 MB/sec), 16.1 ms avg latency, 56.0 ms max latency.
421 records sent, 84.1 records/sec (0.08 MB/sec), 17.1 ms avg latency, 84.0 ms max latency.
421 records sent, 83.8 records/sec (0.08 MB/sec), 16.7 ms avg latency, 57.0 ms max latency.
422 records sent, 84.3 records/sec (0.08 MB/sec), 15.9 ms avg latency, 67.0 ms max latency.
421 records sent, 84.1 records/sec (0.08 MB/sec), 15.9 ms avg latency, 60.0 ms max latency.
420 records sent, 83.9 records/sec (0.08 MB/sec), 15.8 ms avg latency, 49.0 ms max latency.
418 records sent, 82.5 records/sec (0.08 MB/sec), 15.6 ms avg latency, 112.0 ms max latency.
430 records sent, 85.8 records/sec (0.08 MB/sec), 15.1 ms avg latency, 63.0 ms max latency.
421 records sent, 84.0 records/sec (0.08 MB/sec), 13.6 ms avg latency, 51.0 ms max latency.
420 records sent, 83.9 records/sec (0.08 MB/sec), 15.3 ms avg latency, 62.0 ms max latency.
421 records sent, 84.1 records/sec (0.08 MB/sec), 13.8 ms avg latency, 43.0 ms max latency.
8334 records sent, 83.878500 records/sec (0.08 MB/sec), 600.82 ms avg latency, 15155.00 ms max latency, 17 ms 50th, 4235 ms 95th, 4386 ms 99th, 4454 ms 99.9th.
----- /var/lib/kafka-client/results/security-overhead-final-factorial-tls-b5-rf5-isr3-msg1024-tps1000-batch131072-acksall-prod12-complz4-trial3/producer-perf-5.log -----
producer_index=5
producer_count=12
producer_records=8333
producer_throughput=83
1 records sent, 0.1 records/sec (0.00 MB/sec), 15494.0 ms avg latency, 15494.0 ms max latency.
1705 records sent, 340.9 records/sec (0.33 MB/sec), 2435.1 ms avg latency, 3889.0 ms max latency.
418 records sent, 83.5 records/sec (0.08 MB/sec), 51.9 ms avg latency, 132.0 ms max latency.
418 records sent, 83.5 records/sec (0.08 MB/sec), 27.8 ms avg latency, 162.0 ms max latency.
412 records sent, 82.2 records/sec (0.08 MB/sec), 24.4 ms avg latency, 215.0 ms max latency.
421 records sent, 84.2 records/sec (0.08 MB/sec), 20.1 ms avg latency, 88.0 ms max latency.
417 records sent, 83.3 records/sec (0.08 MB/sec), 17.0 ms avg latency, 66.0 ms max latency.
419 records sent, 83.4 records/sec (0.08 MB/sec), 15.9 ms avg latency, 55.0 ms max latency.
416 records sent, 83.1 records/sec (0.08 MB/sec), 16.9 ms avg latency, 58.0 ms max latency.
417 records sent, 83.1 records/sec (0.08 MB/sec), 16.3 ms avg latency, 53.0 ms max latency.
417 records sent, 82.9 records/sec (0.08 MB/sec), 13.8 ms avg latency, 73.0 ms max latency.
416 records sent, 83.2 records/sec (0.08 MB/sec), 15.5 ms avg latency, 56.0 ms max latency.
416 records sent, 83.0 records/sec (0.08 MB/sec), 16.4 ms avg latency, 64.0 ms max latency.
415 records sent, 83.0 records/sec (0.08 MB/sec), 15.7 ms avg latency, 83.0 ms max latency.
416 records sent, 83.2 records/sec (0.08 MB/sec), 14.3 ms avg latency, 52.0 ms max latency.
416 records sent, 83.0 records/sec (0.08 MB/sec), 14.3 ms avg latency, 57.0 ms max latency.
416 records sent, 83.1 records/sec (0.08 MB/sec), 14.5 ms avg latency, 52.0 ms max latency.
8333 records sent, 82.894802 records/sec (0.08 MB/sec), 515.48 ms avg latency, 15494.00 ms max latency, 17 ms 50th, 3109 ms 95th, 3769 ms 99th, 3888 ms 99.9th.
----- /var/lib/kafka-client/results/security-overhead-final-factorial-tls-b5-rf5-isr3-msg1024-tps1000-batch131072-acksall-prod12-complz4-trial3/producer-perf-6.log -----
producer_index=6
producer_count=12
producer_records=8333
producer_throughput=83
1 records sent, 0.1 records/sec (0.00 MB/sec), 15767.0 ms avg latency, 15767.0 ms max latency.
1731 records sent, 343.3 records/sec (0.34 MB/sec), 2235.2 ms avg latency, 3572.0 ms max latency.
401 records sent, 77.0 records/sec (0.08 MB/sec), 49.0 ms avg latency, 435.0 ms max latency.
451 records sent, 90.1 records/sec (0.09 MB/sec), 43.6 ms avg latency, 421.0 ms max latency.
416 records sent, 82.7 records/sec (0.08 MB/sec), 26.4 ms avg latency, 296.0 ms max latency.
419 records sent, 83.4 records/sec (0.08 MB/sec), 19.8 ms avg latency, 85.0 ms max latency.
416 records sent, 83.2 records/sec (0.08 MB/sec), 16.4 ms avg latency, 63.0 ms max latency.
416 records sent, 83.0 records/sec (0.08 MB/sec), 17.1 ms avg latency, 86.0 ms max latency.
415 records sent, 82.9 records/sec (0.08 MB/sec), 15.8 ms avg latency, 41.0 ms max latency.
417 records sent, 83.3 records/sec (0.08 MB/sec), 16.3 ms avg latency, 60.0 ms max latency.
415 records sent, 82.9 records/sec (0.08 MB/sec), 16.9 ms avg latency, 65.0 ms max latency.
415 records sent, 83.0 records/sec (0.08 MB/sec), 16.7 ms avg latency, 87.0 ms max latency.
417 records sent, 83.2 records/sec (0.08 MB/sec), 15.3 ms avg latency, 74.0 ms max latency.
416 records sent, 82.8 records/sec (0.08 MB/sec), 15.0 ms avg latency, 55.0 ms max latency.
420 records sent, 83.8 records/sec (0.08 MB/sec), 13.4 ms avg latency, 64.0 ms max latency.
416 records sent, 83.1 records/sec (0.08 MB/sec), 15.1 ms avg latency, 61.0 ms max latency.
414 records sent, 82.3 records/sec (0.08 MB/sec), 13.3 ms avg latency, 44.0 ms max latency.
8333 records sent, 82.924499 records/sec (0.08 MB/sec), 482.30 ms avg latency, 15767.00 ms max latency, 17 ms 50th, 2884 ms 95th, 3427 ms 99th, 3539 ms 99.9th.
----- /var/lib/kafka-client/results/security-overhead-final-factorial-tls-b5-rf5-isr3-msg1024-tps1000-batch131072-acksall-prod12-complz4-trial3/producer-perf-7.log -----
producer_index=7
producer_count=12
producer_records=8333
producer_throughput=83
1 records sent, 0.1 records/sec (0.00 MB/sec), 15695.0 ms avg latency, 15695.0 ms max latency.
1719 records sent, 343.7 records/sec (0.34 MB/sec), 2159.3 ms avg latency, 3694.0 ms max latency.
420 records sent, 83.7 records/sec (0.08 MB/sec), 72.9 ms avg latency, 538.0 ms max latency.
414 records sent, 82.8 records/sec (0.08 MB/sec), 24.2 ms avg latency, 78.0 ms max latency.
420 records sent, 84.0 records/sec (0.08 MB/sec), 20.4 ms avg latency, 95.0 ms max latency.
417 records sent, 83.4 records/sec (0.08 MB/sec), 18.7 ms avg latency, 55.0 ms max latency.
416 records sent, 83.2 records/sec (0.08 MB/sec), 17.4 ms avg latency, 61.0 ms max latency.
416 records sent, 83.0 records/sec (0.08 MB/sec), 17.4 ms avg latency, 65.0 ms max latency.
416 records sent, 83.1 records/sec (0.08 MB/sec), 15.9 ms avg latency, 39.0 ms max latency.
415 records sent, 83.0 records/sec (0.08 MB/sec), 16.1 ms avg latency, 51.0 ms max latency.
417 records sent, 83.1 records/sec (0.08 MB/sec), 17.3 ms avg latency, 60.0 ms max latency.
417 records sent, 83.4 records/sec (0.08 MB/sec), 16.4 ms avg latency, 48.0 ms max latency.
415 records sent, 82.7 records/sec (0.08 MB/sec), 15.2 ms avg latency, 59.0 ms max latency.
416 records sent, 83.1 records/sec (0.08 MB/sec), 15.5 ms avg latency, 59.0 ms max latency.
417 records sent, 83.1 records/sec (0.08 MB/sec), 13.6 ms avg latency, 50.0 ms max latency.
415 records sent, 82.7 records/sec (0.08 MB/sec), 14.6 ms avg latency, 73.0 ms max latency.
419 records sent, 83.8 records/sec (0.08 MB/sec), 13.7 ms avg latency, 73.0 ms max latency.
8333 records sent, 82.979825 records/sec (0.08 MB/sec), 463.37 ms avg latency, 15695.00 ms max latency, 17 ms 50th, 3122 ms 95th, 3436 ms 99th, 3693 ms 99.9th.
----- /var/lib/kafka-client/results/security-overhead-final-factorial-tls-b5-rf5-isr3-msg1024-tps1000-batch131072-acksall-prod12-complz4-trial3/producer-perf-8.log -----
producer_index=8
producer_count=12
producer_records=8333
producer_throughput=83
1 records sent, 0.1 records/sec (0.00 MB/sec), 16213.0 ms avg latency, 16213.0 ms max latency.
1762 records sent, 351.3 records/sec (0.34 MB/sec), 2463.8 ms avg latency, 3697.0 ms max latency.
416 records sent, 82.9 records/sec (0.08 MB/sec), 64.7 ms avg latency, 391.0 ms max latency.
423 records sent, 84.6 records/sec (0.08 MB/sec), 28.2 ms avg latency, 98.0 ms max latency.
416 records sent, 83.2 records/sec (0.08 MB/sec), 19.3 ms avg latency, 65.0 ms max latency.
416 records sent, 83.1 records/sec (0.08 MB/sec), 19.8 ms avg latency, 84.0 ms max latency.
415 records sent, 83.0 records/sec (0.08 MB/sec), 16.2 ms avg latency, 60.0 ms max latency.
416 records sent, 83.2 records/sec (0.08 MB/sec), 16.7 ms avg latency, 96.0 ms max latency.
417 records sent, 83.2 records/sec (0.08 MB/sec), 15.7 ms avg latency, 72.0 ms max latency.
415 records sent, 82.9 records/sec (0.08 MB/sec), 16.4 ms avg latency, 71.0 ms max latency.
415 records sent, 83.0 records/sec (0.08 MB/sec), 16.2 ms avg latency, 91.0 ms max latency.
416 records sent, 83.1 records/sec (0.08 MB/sec), 15.9 ms avg latency, 58.0 ms max latency.
416 records sent, 83.2 records/sec (0.08 MB/sec), 15.4 ms avg latency, 50.0 ms max latency.
416 records sent, 83.0 records/sec (0.08 MB/sec), 14.3 ms avg latency, 60.0 ms max latency.
416 records sent, 83.0 records/sec (0.08 MB/sec), 13.6 ms avg latency, 74.0 ms max latency.
416 records sent, 83.2 records/sec (0.08 MB/sec), 12.7 ms avg latency, 46.0 ms max latency.
415 records sent, 82.8 records/sec (0.08 MB/sec), 12.9 ms avg latency, 45.0 ms max latency.
8333 records sent, 82.947612 records/sec (0.08 MB/sec), 538.32 ms avg latency, 16213.00 ms max latency, 17 ms 50th, 3221 ms 95th, 3578 ms 99th, 3616 ms 99.9th.
----- /var/lib/kafka-client/results/security-overhead-final-factorial-tls-b5-rf5-isr3-msg1024-tps1000-batch131072-acksall-prod12-complz4-trial3/producer-perf-9.log -----
producer_index=9
producer_count=12
producer_records=8333
producer_throughput=83
1 records sent, 0.1 records/sec (0.00 MB/sec), 14634.0 ms avg latency, 14634.0 ms max latency.
1603 records sent, 317.1 records/sec (0.31 MB/sec), 2208.1 ms avg latency, 3702.0 ms max latency.
452 records sent, 90.1 records/sec (0.09 MB/sec), 69.8 ms avg latency, 457.0 ms max latency.
416 records sent, 83.1 records/sec (0.08 MB/sec), 28.1 ms avg latency, 102.0 ms max latency.
421 records sent, 83.4 records/sec (0.08 MB/sec), 27.6 ms avg latency, 287.0 ms max latency.
419 records sent, 83.8 records/sec (0.08 MB/sec), 19.1 ms avg latency, 61.0 ms max latency.
416 records sent, 83.1 records/sec (0.08 MB/sec), 18.0 ms avg latency, 65.0 ms max latency.
415 records sent, 83.0 records/sec (0.08 MB/sec), 15.8 ms avg latency, 48.0 ms max latency.
411 records sent, 81.9 records/sec (0.08 MB/sec), 17.5 ms avg latency, 89.0 ms max latency.
422 records sent, 84.1 records/sec (0.08 MB/sec), 16.2 ms avg latency, 61.0 ms max latency.
417 records sent, 83.2 records/sec (0.08 MB/sec), 17.7 ms avg latency, 82.0 ms max latency.
416 records sent, 83.1 records/sec (0.08 MB/sec), 14.5 ms avg latency, 67.0 ms max latency.
417 records sent, 83.3 records/sec (0.08 MB/sec), 15.8 ms avg latency, 58.0 ms max latency.
415 records sent, 83.0 records/sec (0.08 MB/sec), 15.4 ms avg latency, 88.0 ms max latency.
416 records sent, 82.8 records/sec (0.08 MB/sec), 14.7 ms avg latency, 78.0 ms max latency.
416 records sent, 83.1 records/sec (0.08 MB/sec), 14.9 ms avg latency, 62.0 ms max latency.
417 records sent, 83.2 records/sec (0.08 MB/sec), 14.3 ms avg latency, 56.0 ms max latency.
416 records sent, 83.1 records/sec (0.08 MB/sec), 14.1 ms avg latency, 65.0 ms max latency.
8333 records sent, 82.932752 records/sec (0.08 MB/sec), 443.54 ms avg latency, 14634.00 ms max latency, 17 ms 50th, 3208 ms 95th, 3566 ms 99th, 3701 ms 99.9th.
----- /var/lib/kafka-client/results/security-overhead-final-factorial-tls-b5-rf5-isr3-msg1024-tps1000-batch131072-acksall-prod12-complz4-trial3/producer-perf-10.log -----
producer_index=10
producer_count=12
producer_records=8333
producer_throughput=83
1 records sent, 0.1 records/sec (0.00 MB/sec), 2002.0 ms avg latency, 2002.0 ms max latency.
1728 records sent, 344.0 records/sec (0.34 MB/sec), 2548.1 ms avg latency, 16150.0 ms max latency.
421 records sent, 84.0 records/sec (0.08 MB/sec), 46.0 ms avg latency, 165.0 ms max latency.
418 records sent, 83.5 records/sec (0.08 MB/sec), 26.1 ms avg latency, 84.0 ms max latency.
416 records sent, 83.1 records/sec (0.08 MB/sec), 18.7 ms avg latency, 61.0 ms max latency.
417 records sent, 83.3 records/sec (0.08 MB/sec), 19.0 ms avg latency, 70.0 ms max latency.
415 records sent, 82.9 records/sec (0.08 MB/sec), 16.7 ms avg latency, 50.0 ms max latency.
415 records sent, 82.8 records/sec (0.08 MB/sec), 15.3 ms avg latency, 43.0 ms max latency.
417 records sent, 83.1 records/sec (0.08 MB/sec), 16.5 ms avg latency, 53.0 ms max latency.
416 records sent, 83.2 records/sec (0.08 MB/sec), 16.3 ms avg latency, 47.0 ms max latency.
415 records sent, 82.9 records/sec (0.08 MB/sec), 13.7 ms avg latency, 43.0 ms max latency.
417 records sent, 83.2 records/sec (0.08 MB/sec), 15.1 ms avg latency, 46.0 ms max latency.
416 records sent, 83.2 records/sec (0.08 MB/sec), 15.8 ms avg latency, 48.0 ms max latency.
413 records sent, 82.6 records/sec (0.08 MB/sec), 13.8 ms avg latency, 54.0 ms max latency.
417 records sent, 83.3 records/sec (0.08 MB/sec), 13.5 ms avg latency, 56.0 ms max latency.
416 records sent, 83.2 records/sec (0.08 MB/sec), 13.9 ms avg latency, 51.0 ms max latency.
416 records sent, 83.2 records/sec (0.08 MB/sec), 14.0 ms avg latency, 43.0 ms max latency.
8333 records sent, 82.809953 records/sec (0.08 MB/sec), 542.94 ms avg latency, 16150.00 ms max latency, 16 ms 50th, 3799 ms 95th, 3953 ms 99th, 4070 ms 99.9th.
----- /var/lib/kafka-client/results/security-overhead-final-factorial-tls-b5-rf5-isr3-msg1024-tps1000-batch131072-acksall-prod12-complz4-trial3/producer-perf-11.log -----
producer_index=11
producer_count=12
producer_records=8333
producer_throughput=83
1 records sent, 0.1 records/sec (0.00 MB/sec), 16283.0 ms avg latency, 16283.0 ms max latency.
1763 records sent, 351.8 records/sec (0.34 MB/sec), 2310.0 ms avg latency, 3408.0 ms max latency.
424 records sent, 84.2 records/sec (0.08 MB/sec), 54.3 ms avg latency, 199.0 ms max latency.
417 records sent, 83.3 records/sec (0.08 MB/sec), 36.4 ms avg latency, 285.0 ms max latency.
417 records sent, 83.3 records/sec (0.08 MB/sec), 19.8 ms avg latency, 66.0 ms max latency.
416 records sent, 83.1 records/sec (0.08 MB/sec), 19.0 ms avg latency, 68.0 ms max latency.
415 records sent, 82.8 records/sec (0.08 MB/sec), 16.3 ms avg latency, 44.0 ms max latency.
420 records sent, 83.8 records/sec (0.08 MB/sec), 16.4 ms avg latency, 58.0 ms max latency.
415 records sent, 83.0 records/sec (0.08 MB/sec), 16.1 ms avg latency, 60.0 ms max latency.
417 records sent, 83.1 records/sec (0.08 MB/sec), 15.3 ms avg latency, 41.0 ms max latency.
414 records sent, 82.0 records/sec (0.08 MB/sec), 13.9 ms avg latency, 71.0 ms max latency.
426 records sent, 85.0 records/sec (0.08 MB/sec), 17.0 ms avg latency, 99.0 ms max latency.
416 records sent, 83.0 records/sec (0.08 MB/sec), 15.3 ms avg latency, 51.0 ms max latency.
415 records sent, 83.0 records/sec (0.08 MB/sec), 15.0 ms avg latency, 65.0 ms max latency.
417 records sent, 83.3 records/sec (0.08 MB/sec), 13.0 ms avg latency, 41.0 ms max latency.
416 records sent, 83.0 records/sec (0.08 MB/sec), 13.6 ms avg latency, 49.0 ms max latency.
415 records sent, 83.0 records/sec (0.08 MB/sec), 14.0 ms avg latency, 58.0 ms max latency.
8333 records sent, 82.905524 records/sec (0.08 MB/sec), 506.01 ms avg latency, 16283.00 ms max latency, 17 ms 50th, 3118 ms 95th, 3221 ms 99th, 3407 ms 99.9th.
----- /var/lib/kafka-client/results/security-overhead-final-factorial-tls-b5-rf5-isr3-msg1024-tps1000-batch131072-acksall-prod12-complz4-trial3/producer-perf-12.log -----
producer_index=12
producer_count=12
producer_records=8333
producer_throughput=83
1 records sent, 0.1 records/sec (0.00 MB/sec), 15060.0 ms avg latency, 15060.0 ms max latency.
1660 records sent, 330.4 records/sec (0.32 MB/sec), 2705.2 ms avg latency, 4053.0 ms max latency.
423 records sent, 84.3 records/sec (0.08 MB/sec), 68.4 ms avg latency, 345.0 ms max latency.
420 records sent, 83.7 records/sec (0.08 MB/sec), 32.5 ms avg latency, 96.0 ms max latency.
414 records sent, 82.7 records/sec (0.08 MB/sec), 20.9 ms avg latency, 112.0 ms max latency.
421 records sent, 84.0 records/sec (0.08 MB/sec), 18.8 ms avg latency, 78.0 ms max latency.
417 records sent, 83.1 records/sec (0.08 MB/sec), 18.3 ms avg latency, 120.0 ms max latency.
416 records sent, 83.2 records/sec (0.08 MB/sec), 15.3 ms avg latency, 45.0 ms max latency.
416 records sent, 83.1 records/sec (0.08 MB/sec), 15.9 ms avg latency, 106.0 ms max latency.
415 records sent, 83.0 records/sec (0.08 MB/sec), 16.3 ms avg latency, 65.0 ms max latency.
416 records sent, 83.0 records/sec (0.08 MB/sec), 15.1 ms avg latency, 52.0 ms max latency.
416 records sent, 83.0 records/sec (0.08 MB/sec), 16.8 ms avg latency, 79.0 ms max latency.
416 records sent, 83.2 records/sec (0.08 MB/sec), 14.7 ms avg latency, 64.0 ms max latency.
416 records sent, 83.0 records/sec (0.08 MB/sec), 14.9 ms avg latency, 62.0 ms max latency.
416 records sent, 83.2 records/sec (0.08 MB/sec), 13.8 ms avg latency, 46.0 ms max latency.
415 records sent, 83.0 records/sec (0.08 MB/sec), 13.8 ms avg latency, 62.0 ms max latency.
416 records sent, 83.1 records/sec (0.08 MB/sec), 13.9 ms avg latency, 51.0 ms max latency.
416 records sent, 83.1 records/sec (0.08 MB/sec), 13.2 ms avg latency, 79.0 ms max latency.
8333 records sent, 82.787740 records/sec (0.08 MB/sec), 556.88 ms avg latency, 15060.00 ms max latency, 17 ms 50th, 3552 ms 95th, 3947 ms 99th, 3988 ms 99.9th.
