run_id=security-overhead-final-factorial-tls-b3-rf3-isr3-msg102400-tps1000-batch131072-acksall-prod6-compnone-trial1
producer_count=6
----- /var/lib/kafka-client/results/security-overhead-final-factorial-tls-b3-rf3-isr3-msg102400-tps1000-batch131072-acksall-prod6-compnone-trial1/producer-perf-1.log -----
producer_index=1
producer_count=6
producer_records=16667
producer_throughput=167
1 records sent, 0.1 records/sec (0.01 MB/sec), 1688.0 ms avg latency, 1688.0 ms max latency.
172 records sent, 34.1 records/sec (3.33 MB/sec), 3986.1 ms avg latency, 8116.0 ms max latency.
564 records sent, 111.8 records/sec (10.92 MB/sec), 3312.6 ms avg latency, 6745.0 ms max latency.
880 records sent, 175.0 records/sec (17.09 MB/sec), 1489.7 ms avg latency, 2118.0 ms max latency.
916 records sent, 182.0 records/sec (17.77 MB/sec), 295.4 ms avg latency, 1116.0 ms max latency.
738 records sent, 147.4 records/sec (14.40 MB/sec), 31.7 ms avg latency, 94.0 ms max latency.
740 records sent, 147.6 records/sec (14.42 MB/sec), 33.7 ms avg latency, 129.0 ms max latency.
792 records sent, 158.3 records/sec (15.46 MB/sec), 38.3 ms avg latency, 127.0 ms max latency.
797 records sent, 159.4 records/sec (15.56 MB/sec), 33.4 ms avg latency, 119.0 ms max latency.
816 records sent, 162.9 records/sec (15.91 MB/sec), 35.0 ms avg latency, 212.0 ms max latency.
810 records sent, 161.4 records/sec (15.76 MB/sec), 24.9 ms avg latency, 90.0 ms max latency.
824 records sent, 164.8 records/sec (16.09 MB/sec), 30.4 ms avg latency, 185.0 ms max latency.
864 records sent, 172.8 records/sec (16.87 MB/sec), 29.8 ms avg latency, 138.0 ms max latency.
804 records sent, 160.7 records/sec (15.69 MB/sec), 29.9 ms avg latency, 228.0 ms max latency.
866 records sent, 172.6 records/sec (16.85 MB/sec), 33.7 ms avg latency, 190.0 ms max latency.
585 records sent, 116.9 records/sec (11.41 MB/sec), 1139.0 ms avg latency, 2489.0 ms max latency.
1047 records sent, 209.2 records/sec (20.43 MB/sec), 352.1 ms avg latency, 1998.0 ms max latency.
899 records sent, 179.8 records/sec (17.56 MB/sec), 26.5 ms avg latency, 145.0 ms max latency.
844 records sent, 168.4 records/sec (16.45 MB/sec), 25.7 ms avg latency, 173.0 ms max latency.
891 records sent, 178.2 records/sec (17.40 MB/sec), 24.1 ms avg latency, 117.0 ms max latency.
877 records sent, 175.4 records/sec (17.13 MB/sec), 23.6 ms avg latency, 112.0 ms max latency.
883 records sent, 176.4 records/sec (17.23 MB/sec), 19.9 ms avg latency, 88.0 ms max latency.
16667 records sent, 146.040341 records/sec (14.26 MB/sec), 332.19 ms avg latency, 8116.00 ms max latency, 27 ms 50th, 1890 ms 95th, 4689 ms 99th, 6231 ms 99.9th.
----- /var/lib/kafka-client/results/security-overhead-final-factorial-tls-b3-rf3-isr3-msg102400-tps1000-batch131072-acksall-prod6-compnone-trial1/producer-perf-2.log -----
producer_index=2
producer_count=6
producer_records=16667
producer_throughput=167
1 records sent, 0.1 records/sec (0.01 MB/sec), 8305.0 ms avg latency, 8305.0 ms max latency.
168 records sent, 33.4 records/sec (3.26 MB/sec), 3555.2 ms avg latency, 5329.0 ms max latency.
316 records sent, 61.7 records/sec (6.03 MB/sec), 5025.8 ms avg latency, 6776.0 ms max latency.
426 records sent, 84.7 records/sec (8.27 MB/sec), 3811.2 ms avg latency, 4814.0 ms max latency.
1007 records sent, 200.8 records/sec (19.61 MB/sec), 1026.6 ms avg latency, 2309.0 ms max latency.
804 records sent, 160.3 records/sec (15.66 MB/sec), 50.4 ms avg latency, 149.0 ms max latency.
525 records sent, 105.0 records/sec (10.25 MB/sec), 32.0 ms avg latency, 100.0 ms max latency.
772 records sent, 153.9 records/sec (15.03 MB/sec), 37.4 ms avg latency, 111.0 ms max latency.
810 records sent, 161.9 records/sec (15.81 MB/sec), 37.5 ms avg latency, 255.0 ms max latency.
812 records sent, 162.4 records/sec (15.86 MB/sec), 28.1 ms avg latency, 110.0 ms max latency.
808 records sent, 161.2 records/sec (15.74 MB/sec), 23.3 ms avg latency, 88.0 ms max latency.
828 records sent, 165.5 records/sec (16.16 MB/sec), 25.3 ms avg latency, 96.0 ms max latency.
850 records sent, 169.6 records/sec (16.56 MB/sec), 21.5 ms avg latency, 107.0 ms max latency.
846 records sent, 169.0 records/sec (16.50 MB/sec), 26.2 ms avg latency, 194.0 ms max latency.
841 records sent, 168.1 records/sec (16.41 MB/sec), 29.0 ms avg latency, 210.0 ms max latency.
657 records sent, 131.3 records/sec (12.82 MB/sec), 1354.4 ms avg latency, 2442.0 ms max latency.
944 records sent, 188.6 records/sec (18.42 MB/sec), 129.3 ms avg latency, 814.0 ms max latency.
853 records sent, 170.5 records/sec (16.65 MB/sec), 21.9 ms avg latency, 157.0 ms max latency.
894 records sent, 178.4 records/sec (17.43 MB/sec), 25.5 ms avg latency, 146.0 ms max latency.
858 records sent, 171.2 records/sec (16.72 MB/sec), 21.9 ms avg latency, 106.0 ms max latency.
880 records sent, 175.9 records/sec (17.17 MB/sec), 22.4 ms avg latency, 81.0 ms max latency.
867 records sent, 173.4 records/sec (16.93 MB/sec), 19.4 ms avg latency, 78.0 ms max latency.
16667 records sent, 144.376781 records/sec (14.10 MB/sec), 373.30 ms avg latency, 8305.00 ms max latency, 23 ms 50th, 2633 ms 95th, 5078 ms 99th, 6104 ms 99.9th.
----- /var/lib/kafka-client/results/security-overhead-final-factorial-tls-b3-rf3-isr3-msg102400-tps1000-batch131072-acksall-prod6-compnone-trial1/producer-perf-3.log -----
producer_index=3
producer_count=6
producer_records=16667
producer_throughput=167
1 records sent, 0.1 records/sec (0.01 MB/sec), 1831.0 ms avg latency, 1831.0 ms max latency.
220 records sent, 43.7 records/sec (4.27 MB/sec), 4050.8 ms avg latency, 8011.0 ms max latency.
384 records sent, 75.4 records/sec (7.36 MB/sec), 3501.7 ms avg latency, 5191.0 ms max latency.
674 records sent, 134.1 records/sec (13.09 MB/sec), 2336.8 ms avg latency, 4212.0 ms max latency.
867 records sent, 173.2 records/sec (16.92 MB/sec), 402.2 ms avg latency, 1251.0 ms max latency.
743 records sent, 148.6 records/sec (14.51 MB/sec), 36.0 ms avg latency, 114.0 ms max latency.
756 records sent, 151.1 records/sec (14.76 MB/sec), 33.5 ms avg latency, 98.0 ms max latency.
763 records sent, 152.2 records/sec (14.86 MB/sec), 30.0 ms avg latency, 114.0 ms max latency.
789 records sent, 157.6 records/sec (15.39 MB/sec), 29.0 ms avg latency, 92.0 ms max latency.
814 records sent, 162.3 records/sec (15.85 MB/sec), 24.8 ms avg latency, 79.0 ms max latency.
803 records sent, 160.6 records/sec (15.68 MB/sec), 32.6 ms avg latency, 132.0 ms max latency.
821 records sent, 164.0 records/sec (16.02 MB/sec), 27.4 ms avg latency, 94.0 ms max latency.
854 records sent, 170.6 records/sec (16.66 MB/sec), 21.6 ms avg latency, 107.0 ms max latency.
824 records sent, 164.6 records/sec (16.07 MB/sec), 27.6 ms avg latency, 134.0 ms max latency.
854 records sent, 170.7 records/sec (16.67 MB/sec), 32.4 ms avg latency, 232.0 ms max latency.
539 records sent, 107.5 records/sec (10.49 MB/sec), 698.4 ms avg latency, 2370.0 ms max latency.
1108 records sent, 221.1 records/sec (21.59 MB/sec), 585.7 ms avg latency, 2460.0 ms max latency.
862 records sent, 172.2 records/sec (16.82 MB/sec), 24.5 ms avg latency, 132.0 ms max latency.
823 records sent, 164.5 records/sec (16.06 MB/sec), 23.4 ms avg latency, 158.0 ms max latency.
804 records sent, 160.8 records/sec (15.70 MB/sec), 21.4 ms avg latency, 116.0 ms max latency.
860 records sent, 172.0 records/sec (16.80 MB/sec), 21.3 ms avg latency, 86.0 ms max latency.
926 records sent, 185.0 records/sec (18.06 MB/sec), 20.7 ms avg latency, 106.0 ms max latency.
16667 records sent, 143.867069 records/sec (14.05 MB/sec), 331.64 ms avg latency, 8011.00 ms max latency, 25 ms 50th, 2728 ms 95th, 4286 ms 99th, 4915 ms 99.9th.
----- /var/lib/kafka-client/results/security-overhead-final-factorial-tls-b3-rf3-isr3-msg102400-tps1000-batch131072-acksall-prod6-compnone-trial1/producer-perf-4.log -----
producer_index=4
producer_count=6
producer_records=16667
producer_throughput=167
1 records sent, 0.1 records/sec (0.01 MB/sec), 8169.0 ms avg latency, 8169.0 ms max latency.
238 records sent, 47.2 records/sec (4.61 MB/sec), 3986.8 ms avg latency, 5563.0 ms max latency.
560 records sent, 111.6 records/sec (10.90 MB/sec), 2836.4 ms avg latency, 6645.0 ms max latency.
932 records sent, 186.2 records/sec (18.18 MB/sec), 1324.7 ms avg latency, 1941.0 ms max latency.
854 records sent, 170.3 records/sec (16.63 MB/sec), 177.5 ms avg latency, 781.0 ms max latency.
749 records sent, 149.8 records/sec (14.63 MB/sec), 29.0 ms avg latency, 101.0 ms max latency.
749 records sent, 149.7 records/sec (14.62 MB/sec), 37.2 ms avg latency, 112.0 ms max latency.
775 records sent, 154.9 records/sec (15.13 MB/sec), 33.4 ms avg latency, 103.0 ms max latency.
817 records sent, 163.0 records/sec (15.92 MB/sec), 29.4 ms avg latency, 101.0 ms max latency.
788 records sent, 157.4 records/sec (15.37 MB/sec), 24.6 ms avg latency, 89.0 ms max latency.
821 records sent, 164.1 records/sec (16.03 MB/sec), 24.3 ms avg latency, 90.0 ms max latency.
819 records sent, 162.9 records/sec (15.90 MB/sec), 22.5 ms avg latency, 85.0 ms max latency.
836 records sent, 166.7 records/sec (16.28 MB/sec), 23.7 ms avg latency, 127.0 ms max latency.
827 records sent, 165.2 records/sec (16.14 MB/sec), 25.2 ms avg latency, 193.0 ms max latency.
812 records sent, 162.1 records/sec (15.83 MB/sec), 31.2 ms avg latency, 256.0 ms max latency.
610 records sent, 121.8 records/sec (11.90 MB/sec), 1301.4 ms avg latency, 2424.0 ms max latency.
996 records sent, 199.0 records/sec (19.44 MB/sec), 234.3 ms avg latency, 1830.0 ms max latency.
925 records sent, 184.9 records/sec (18.06 MB/sec), 25.8 ms avg latency, 157.0 ms max latency.
863 records sent, 172.6 records/sec (16.85 MB/sec), 23.9 ms avg latency, 145.0 ms max latency.
850 records sent, 169.6 records/sec (16.56 MB/sec), 21.7 ms avg latency, 114.0 ms max latency.
873 records sent, 174.6 records/sec (17.05 MB/sec), 20.8 ms avg latency, 66.0 ms max latency.
853 records sent, 170.5 records/sec (16.65 MB/sec), 20.7 ms avg latency, 103.0 ms max latency.
16667 records sent, 145.772110 records/sec (14.24 MB/sec), 316.95 ms avg latency, 8169.00 ms max latency, 24 ms 50th, 1884 ms 95th, 4183 ms 99th, 5719 ms 99.9th.
----- /var/lib/kafka-client/results/security-overhead-final-factorial-tls-b3-rf3-isr3-msg102400-tps1000-batch131072-acksall-prod6-compnone-trial1/producer-perf-5.log -----
producer_index=5
producer_count=6
producer_records=16666
producer_throughput=166
1 records sent, 0.1 records/sec (0.01 MB/sec), 7885.0 ms avg latency, 7885.0 ms max latency.
292 records sent, 57.9 records/sec (5.66 MB/sec), 3710.3 ms avg latency, 4909.0 ms max latency.
354 records sent, 69.9 records/sec (6.83 MB/sec), 3345.9 ms avg latency, 4155.0 ms max latency.
734 records sent, 146.7 records/sec (14.33 MB/sec), 2142.7 ms avg latency, 4325.0 ms max latency.
882 records sent, 176.1 records/sec (17.20 MB/sec), 282.7 ms avg latency, 1075.0 ms max latency.
748 records sent, 149.0 records/sec (14.55 MB/sec), 31.5 ms avg latency, 92.0 ms max latency.
743 records sent, 148.5 records/sec (14.51 MB/sec), 37.4 ms avg latency, 103.0 ms max latency.
786 records sent, 157.2 records/sec (15.35 MB/sec), 32.3 ms avg latency, 173.0 ms max latency.
791 records sent, 158.2 records/sec (15.45 MB/sec), 30.3 ms avg latency, 99.0 ms max latency.
778 records sent, 155.6 records/sec (15.20 MB/sec), 25.6 ms avg latency, 117.0 ms max latency.
797 records sent, 159.0 records/sec (15.53 MB/sec), 25.1 ms avg latency, 99.0 ms max latency.
829 records sent, 165.8 records/sec (16.19 MB/sec), 27.9 ms avg latency, 88.0 ms max latency.
830 records sent, 165.7 records/sec (16.19 MB/sec), 23.9 ms avg latency, 118.0 ms max latency.
842 records sent, 168.3 records/sec (16.43 MB/sec), 28.4 ms avg latency, 185.0 ms max latency.
860 records sent, 171.4 records/sec (16.74 MB/sec), 29.5 ms avg latency, 241.0 ms max latency.
578 records sent, 115.4 records/sec (11.27 MB/sec), 1153.2 ms avg latency, 2387.0 ms max latency.
1046 records sent, 209.2 records/sec (20.43 MB/sec), 341.6 ms avg latency, 1868.0 ms max latency.
933 records sent, 186.5 records/sec (18.21 MB/sec), 25.0 ms avg latency, 128.0 ms max latency.
837 records sent, 167.1 records/sec (16.32 MB/sec), 24.4 ms avg latency, 116.0 ms max latency.
907 records sent, 181.3 records/sec (17.71 MB/sec), 23.5 ms avg latency, 101.0 ms max latency.
871 records sent, 174.2 records/sec (17.01 MB/sec), 21.5 ms avg latency, 95.0 ms max latency.
890 records sent, 178.0 records/sec (17.38 MB/sec), 21.2 ms avg latency, 88.0 ms max latency.
16666 records sent, 145.056705 records/sec (14.17 MB/sec), 327.84 ms avg latency, 7885.00 ms max latency, 25 ms 50th, 2785 ms 95th, 3952 ms 99th, 4505 ms 99.9th.
----- /var/lib/kafka-client/results/security-overhead-final-factorial-tls-b3-rf3-isr3-msg102400-tps1000-batch131072-acksall-prod6-compnone-trial1/producer-perf-6.log -----
producer_index=6
producer_count=6
producer_records=16666
producer_throughput=166
1 records sent, 0.1 records/sec (0.01 MB/sec), 1511.0 ms avg latency, 1511.0 ms max latency.
136 records sent, 27.2 records/sec (2.66 MB/sec), 4010.3 ms avg latency, 7591.0 ms max latency.
430 records sent, 85.8 records/sec (8.38 MB/sec), 4311.8 ms avg latency, 6687.0 ms max latency.
790 records sent, 157.6 records/sec (15.39 MB/sec), 1626.6 ms avg latency, 2570.0 ms max latency.
920 records sent, 183.3 records/sec (17.90 MB/sec), 790.2 ms avg latency, 1614.0 ms max latency.
746 records sent, 149.1 records/sec (14.56 MB/sec), 40.0 ms avg latency, 142.0 ms max latency.
756 records sent, 151.0 records/sec (14.74 MB/sec), 34.1 ms avg latency, 111.0 ms max latency.
772 records sent, 154.3 records/sec (15.07 MB/sec), 47.8 ms avg latency, 216.0 ms max latency.
795 records sent, 158.9 records/sec (15.52 MB/sec), 30.6 ms avg latency, 94.0 ms max latency.
809 records sent, 161.7 records/sec (15.79 MB/sec), 28.3 ms avg latency, 119.0 ms max latency.
813 records sent, 162.4 records/sec (15.86 MB/sec), 25.3 ms avg latency, 81.0 ms max latency.
831 records sent, 165.9 records/sec (16.20 MB/sec), 27.3 ms avg latency, 130.0 ms max latency.
800 records sent, 159.6 records/sec (15.59 MB/sec), 25.2 ms avg latency, 94.0 ms max latency.
825 records sent, 164.8 records/sec (16.09 MB/sec), 27.3 ms avg latency, 198.0 ms max latency.
871 records sent, 174.2 records/sec (17.01 MB/sec), 30.9 ms avg latency, 182.0 ms max latency.
620 records sent, 122.4 records/sec (11.96 MB/sec), 436.5 ms avg latency, 1799.0 ms max latency.
1044 records sent, 208.4 records/sec (20.35 MB/sec), 740.8 ms avg latency, 2396.0 ms max latency.
908 records sent, 181.5 records/sec (17.72 MB/sec), 25.9 ms avg latency, 140.0 ms max latency.
850 records sent, 169.9 records/sec (16.59 MB/sec), 24.1 ms avg latency, 136.0 ms max latency.
896 records sent, 179.1 records/sec (17.49 MB/sec), 24.5 ms avg latency, 89.0 ms max latency.
864 records sent, 172.6 records/sec (16.85 MB/sec), 21.3 ms avg latency, 92.0 ms max latency.
897 records sent, 179.3 records/sec (17.51 MB/sec), 21.1 ms avg latency, 108.0 ms max latency.
16666 records sent, 145.180539 records/sec (14.18 MB/sec), 349.18 ms avg latency, 7591.00 ms max latency, 26 ms 50th, 1859 ms 95th, 5191 ms 99th, 6155 ms 99.9th.
