run_id=security-overhead-final-factorial-plaintext-b5-rf3-isr3-msg1024-tps1000-batch16384-acks1-prod12-complz4-trial2
producer_count=12
----- /var/lib/kafka-client/results/security-overhead-final-factorial-plaintext-b5-rf3-isr3-msg1024-tps1000-batch16384-acks1-prod12-complz4-trial2/producer-perf-1.log -----
producer_index=1
producer_count=12
producer_records=8334
producer_throughput=84
1 records sent, 0.1 records/sec (0.00 MB/sec), 8537.0 ms avg latency, 8537.0 ms max latency.
1141 records sent, 227.5 records/sec (0.22 MB/sec), 606.1 ms avg latency, 1451.0 ms max latency.
424 records sent, 84.8 records/sec (0.08 MB/sec), 26.3 ms avg latency, 110.0 ms max latency.
422 records sent, 84.3 records/sec (0.08 MB/sec), 13.1 ms avg latency, 67.0 ms max latency.
420 records sent, 83.9 records/sec (0.08 MB/sec), 13.6 ms avg latency, 69.0 ms max latency.
421 records sent, 84.0 records/sec (0.08 MB/sec), 16.9 ms avg latency, 131.0 ms max latency.
422 records sent, 84.1 records/sec (0.08 MB/sec), 16.4 ms avg latency, 116.0 ms max latency.
420 records sent, 84.0 records/sec (0.08 MB/sec), 16.8 ms avg latency, 126.0 ms max latency.
423 records sent, 84.5 records/sec (0.08 MB/sec), 12.7 ms avg latency, 66.0 ms max latency.
421 records sent, 84.0 records/sec (0.08 MB/sec), 13.4 ms avg latency, 76.0 ms max latency.
420 records sent, 83.9 records/sec (0.08 MB/sec), 13.5 ms avg latency, 100.0 ms max latency.
423 records sent, 84.3 records/sec (0.08 MB/sec), 14.9 ms avg latency, 101.0 ms max latency.
421 records sent, 84.2 records/sec (0.08 MB/sec), 15.2 ms avg latency, 97.0 ms max latency.
418 records sent, 82.4 records/sec (0.08 MB/sec), 14.8 ms avg latency, 82.0 ms max latency.
429 records sent, 85.7 records/sec (0.08 MB/sec), 15.3 ms avg latency, 112.0 ms max latency.
420 records sent, 84.0 records/sec (0.08 MB/sec), 14.3 ms avg latency, 97.0 ms max latency.
421 records sent, 84.2 records/sec (0.08 MB/sec), 12.1 ms avg latency, 81.0 ms max latency.
420 records sent, 83.9 records/sec (0.08 MB/sec), 10.9 ms avg latency, 102.0 ms max latency.
420 records sent, 83.9 records/sec (0.08 MB/sec), 10.5 ms avg latency, 93.0 ms max latency.
8334 records sent, 83.768897 records/sec (0.08 MB/sec), 96.79 ms avg latency, 8537.00 ms max latency, 11 ms 50th, 802 ms 95th, 1205 ms 99th, 1420 ms 99.9th.
----- /var/lib/kafka-client/results/security-overhead-final-factorial-plaintext-b5-rf3-isr3-msg1024-tps1000-batch16384-acks1-prod12-complz4-trial2/producer-perf-2.log -----
producer_index=2
producer_count=12
producer_records=8334
producer_throughput=84
1 records sent, 0.1 records/sec (0.00 MB/sec), 9500.0 ms avg latency, 9500.0 ms max latency.
1227 records sent, 244.6 records/sec (0.24 MB/sec), 909.9 ms avg latency, 1917.0 ms max latency.
422 records sent, 83.8 records/sec (0.08 MB/sec), 26.7 ms avg latency, 97.0 ms max latency.
425 records sent, 84.9 records/sec (0.08 MB/sec), 13.3 ms avg latency, 56.0 ms max latency.
421 records sent, 83.8 records/sec (0.08 MB/sec), 14.2 ms avg latency, 49.0 ms max latency.
421 records sent, 84.1 records/sec (0.08 MB/sec), 15.5 ms avg latency, 76.0 ms max latency.
421 records sent, 84.1 records/sec (0.08 MB/sec), 18.1 ms avg latency, 123.0 ms max latency.
421 records sent, 84.1 records/sec (0.08 MB/sec), 16.0 ms avg latency, 79.0 ms max latency.
421 records sent, 84.1 records/sec (0.08 MB/sec), 14.7 ms avg latency, 94.0 ms max latency.
421 records sent, 84.1 records/sec (0.08 MB/sec), 12.9 ms avg latency, 62.0 ms max latency.
421 records sent, 84.1 records/sec (0.08 MB/sec), 13.6 ms avg latency, 61.0 ms max latency.
420 records sent, 83.9 records/sec (0.08 MB/sec), 14.2 ms avg latency, 114.0 ms max latency.
422 records sent, 84.2 records/sec (0.08 MB/sec), 15.7 ms avg latency, 111.0 ms max latency.
421 records sent, 84.1 records/sec (0.08 MB/sec), 14.5 ms avg latency, 88.0 ms max latency.
419 records sent, 83.0 records/sec (0.08 MB/sec), 13.7 ms avg latency, 77.0 ms max latency.
426 records sent, 85.1 records/sec (0.08 MB/sec), 16.6 ms avg latency, 123.0 ms max latency.
421 records sent, 84.0 records/sec (0.08 MB/sec), 12.5 ms avg latency, 87.0 ms max latency.
419 records sent, 83.7 records/sec (0.08 MB/sec), 12.0 ms avg latency, 87.0 ms max latency.
8334 records sent, 83.860775 records/sec (0.08 MB/sec), 147.93 ms avg latency, 9500.00 ms max latency, 12 ms 50th, 1208 ms 95th, 1748 ms 99th, 1846 ms 99.9th.
----- /var/lib/kafka-client/results/security-overhead-final-factorial-plaintext-b5-rf3-isr3-msg1024-tps1000-batch16384-acks1-prod12-complz4-trial2/producer-perf-3.log -----
producer_index=3
producer_count=12
producer_records=8334
producer_throughput=84
1 records sent, 0.1 records/sec (0.00 MB/sec), 9451.0 ms avg latency, 9451.0 ms max latency.
1225 records sent, 244.7 records/sec (0.24 MB/sec), 719.0 ms avg latency, 1524.0 ms max latency.
429 records sent, 85.8 records/sec (0.08 MB/sec), 23.7 ms avg latency, 110.0 ms max latency.
422 records sent, 84.3 records/sec (0.08 MB/sec), 12.3 ms avg latency, 42.0 ms max latency.
418 records sent, 82.6 records/sec (0.08 MB/sec), 14.8 ms avg latency, 81.0 ms max latency.
429 records sent, 85.7 records/sec (0.08 MB/sec), 15.5 ms avg latency, 80.0 ms max latency.
417 records sent, 83.2 records/sec (0.08 MB/sec), 17.4 ms avg latency, 108.0 ms max latency.
427 records sent, 85.2 records/sec (0.08 MB/sec), 15.1 ms avg latency, 66.0 ms max latency.
418 records sent, 83.6 records/sec (0.08 MB/sec), 13.3 ms avg latency, 70.0 ms max latency.
424 records sent, 84.7 records/sec (0.08 MB/sec), 12.8 ms avg latency, 84.0 ms max latency.
421 records sent, 84.1 records/sec (0.08 MB/sec), 12.8 ms avg latency, 53.0 ms max latency.
421 records sent, 84.1 records/sec (0.08 MB/sec), 14.4 ms avg latency, 97.0 ms max latency.
421 records sent, 84.1 records/sec (0.08 MB/sec), 14.3 ms avg latency, 107.0 ms max latency.
420 records sent, 83.9 records/sec (0.08 MB/sec), 14.8 ms avg latency, 85.0 ms max latency.
420 records sent, 83.9 records/sec (0.08 MB/sec), 13.8 ms avg latency, 67.0 ms max latency.
420 records sent, 83.1 records/sec (0.08 MB/sec), 14.8 ms avg latency, 104.0 ms max latency.
426 records sent, 85.0 records/sec (0.08 MB/sec), 12.9 ms avg latency, 111.0 ms max latency.
421 records sent, 84.0 records/sec (0.08 MB/sec), 10.5 ms avg latency, 54.0 ms max latency.
8334 records sent, 83.894543 records/sec (0.08 MB/sec), 119.14 ms avg latency, 9451.00 ms max latency, 11 ms 50th, 1025 ms 95th, 1374 ms 99th, 1523 ms 99.9th.
----- /var/lib/kafka-client/results/security-overhead-final-factorial-plaintext-b5-rf3-isr3-msg1024-tps1000-batch16384-acks1-prod12-complz4-trial2/producer-perf-4.log -----
producer_index=4
producer_count=12
producer_records=8334
producer_throughput=84
1 records sent, 0.1 records/sec (0.00 MB/sec), 8478.0 ms avg latency, 8478.0 ms max latency.
1158 records sent, 231.1 records/sec (0.23 MB/sec), 646.1 ms avg latency, 1375.0 ms max latency.
421 records sent, 84.2 records/sec (0.08 MB/sec), 27.3 ms avg latency, 97.0 ms max latency.
422 records sent, 83.8 records/sec (0.08 MB/sec), 15.6 ms avg latency, 67.0 ms max latency.
424 records sent, 84.7 records/sec (0.08 MB/sec), 12.2 ms avg latency, 74.0 ms max latency.
420 records sent, 84.0 records/sec (0.08 MB/sec), 15.8 ms avg latency, 84.0 ms max latency.
423 records sent, 84.6 records/sec (0.08 MB/sec), 15.8 ms avg latency, 110.0 ms max latency.
415 records sent, 82.9 records/sec (0.08 MB/sec), 16.7 ms avg latency, 103.0 ms max latency.
426 records sent, 85.1 records/sec (0.08 MB/sec), 14.4 ms avg latency, 78.0 ms max latency.
420 records sent, 83.8 records/sec (0.08 MB/sec), 13.0 ms avg latency, 45.0 ms max latency.
422 records sent, 84.4 records/sec (0.08 MB/sec), 13.4 ms avg latency, 95.0 ms max latency.
414 records sent, 82.7 records/sec (0.08 MB/sec), 14.5 ms avg latency, 96.0 ms max latency.
427 records sent, 85.2 records/sec (0.08 MB/sec), 14.6 ms avg latency, 75.0 ms max latency.
421 records sent, 84.1 records/sec (0.08 MB/sec), 13.7 ms avg latency, 94.0 ms max latency.
420 records sent, 84.0 records/sec (0.08 MB/sec), 16.5 ms avg latency, 108.0 ms max latency.
420 records sent, 84.0 records/sec (0.08 MB/sec), 13.5 ms avg latency, 76.0 ms max latency.
418 records sent, 83.2 records/sec (0.08 MB/sec), 13.9 ms avg latency, 103.0 ms max latency.
432 records sent, 86.2 records/sec (0.08 MB/sec), 12.0 ms avg latency, 120.0 ms max latency.
421 records sent, 84.0 records/sec (0.08 MB/sec), 10.6 ms avg latency, 80.0 ms max latency.
8334 records sent, 83.871747 records/sec (0.08 MB/sec), 103.63 ms avg latency, 8478.00 ms max latency, 11 ms 50th, 858 ms 95th, 1202 ms 99th, 1374 ms 99.9th.
----- /var/lib/kafka-client/results/security-overhead-final-factorial-plaintext-b5-rf3-isr3-msg1024-tps1000-batch16384-acks1-prod12-complz4-trial2/producer-perf-5.log -----
producer_index=5
producer_count=12
producer_records=8333
producer_throughput=83
1 records sent, 0.1 records/sec (0.00 MB/sec), 9701.0 ms avg latency, 9701.0 ms max latency.
1226 records sent, 244.0 records/sec (0.24 MB/sec), 806.7 ms avg latency, 1575.0 ms max latency.
416 records sent, 83.1 records/sec (0.08 MB/sec), 24.1 ms avg latency, 90.0 ms max latency.
419 records sent, 83.6 records/sec (0.08 MB/sec), 12.0 ms avg latency, 61.0 ms max latency.
415 records sent, 82.8 records/sec (0.08 MB/sec), 14.8 ms avg latency, 72.0 ms max latency.
416 records sent, 83.2 records/sec (0.08 MB/sec), 16.6 ms avg latency, 103.0 ms max latency.
415 records sent, 82.9 records/sec (0.08 MB/sec), 16.9 ms avg latency, 76.0 ms max latency.
417 records sent, 83.2 records/sec (0.08 MB/sec), 15.9 ms avg latency, 100.0 ms max latency.
417 records sent, 83.2 records/sec (0.08 MB/sec), 14.6 ms avg latency, 74.0 ms max latency.
416 records sent, 83.1 records/sec (0.08 MB/sec), 12.9 ms avg latency, 67.0 ms max latency.
416 records sent, 83.0 records/sec (0.08 MB/sec), 15.4 ms avg latency, 88.0 ms max latency.
416 records sent, 83.1 records/sec (0.08 MB/sec), 15.7 ms avg latency, 147.0 ms max latency.
414 records sent, 81.4 records/sec (0.08 MB/sec), 14.3 ms avg latency, 100.0 ms max latency.
425 records sent, 84.9 records/sec (0.08 MB/sec), 15.4 ms avg latency, 129.0 ms max latency.
416 records sent, 83.0 records/sec (0.08 MB/sec), 13.7 ms avg latency, 93.0 ms max latency.
416 records sent, 83.1 records/sec (0.08 MB/sec), 15.2 ms avg latency, 94.0 ms max latency.
415 records sent, 82.9 records/sec (0.08 MB/sec), 12.7 ms avg latency, 83.0 ms max latency.
416 records sent, 83.1 records/sec (0.08 MB/sec), 12.3 ms avg latency, 77.0 ms max latency.
415 records sent, 83.0 records/sec (0.08 MB/sec), 11.2 ms avg latency, 73.0 ms max latency.
8333 records sent, 82.974868 records/sec (0.08 MB/sec), 132.55 ms avg latency, 9701.00 ms max latency, 11 ms 50th, 1136 ms 95th, 1472 ms 99th, 1518 ms 99.9th.
----- /var/lib/kafka-client/results/security-overhead-final-factorial-plaintext-b5-rf3-isr3-msg1024-tps1000-batch16384-acks1-prod12-complz4-trial2/producer-perf-6.log -----
producer_index=6
producer_count=12
producer_records=8333
producer_throughput=83
1 records sent, 0.1 records/sec (0.00 MB/sec), 8544.0 ms avg latency, 8544.0 ms max latency.
1133 records sent, 226.3 records/sec (0.22 MB/sec), 774.6 ms avg latency, 1624.0 ms max latency.
421 records sent, 84.0 records/sec (0.08 MB/sec), 24.2 ms avg latency, 123.0 ms max latency.
417 records sent, 83.2 records/sec (0.08 MB/sec), 14.0 ms avg latency, 49.0 ms max latency.
416 records sent, 83.1 records/sec (0.08 MB/sec), 13.1 ms avg latency, 77.0 ms max latency.
416 records sent, 83.0 records/sec (0.08 MB/sec), 16.9 ms avg latency, 87.0 ms max latency.
416 records sent, 83.1 records/sec (0.08 MB/sec), 17.2 ms avg latency, 127.0 ms max latency.
417 records sent, 83.3 records/sec (0.08 MB/sec), 15.8 ms avg latency, 92.0 ms max latency.
416 records sent, 83.0 records/sec (0.08 MB/sec), 13.4 ms avg latency, 91.0 ms max latency.
416 records sent, 83.2 records/sec (0.08 MB/sec), 12.5 ms avg latency, 56.0 ms max latency.
415 records sent, 82.8 records/sec (0.08 MB/sec), 12.6 ms avg latency, 58.0 ms max latency.
417 records sent, 83.2 records/sec (0.08 MB/sec), 14.0 ms avg latency, 89.0 ms max latency.
415 records sent, 83.0 records/sec (0.08 MB/sec), 14.1 ms avg latency, 95.0 ms max latency.
416 records sent, 83.1 records/sec (0.08 MB/sec), 15.1 ms avg latency, 82.0 ms max latency.
415 records sent, 82.9 records/sec (0.08 MB/sec), 13.8 ms avg latency, 76.0 ms max latency.
416 records sent, 83.2 records/sec (0.08 MB/sec), 14.0 ms avg latency, 94.0 ms max latency.
415 records sent, 82.8 records/sec (0.08 MB/sec), 13.6 ms avg latency, 76.0 ms max latency.
417 records sent, 83.3 records/sec (0.08 MB/sec), 9.8 ms avg latency, 79.0 ms max latency.
415 records sent, 82.8 records/sec (0.08 MB/sec), 12.2 ms avg latency, 100.0 ms max latency.
8333 records sent, 82.812422 records/sec (0.08 MB/sec), 118.83 ms avg latency, 8544.00 ms max latency, 11 ms 50th, 1026 ms 95th, 1498 ms 99th, 1620 ms 99.9th.
----- /var/lib/kafka-client/results/security-overhead-final-factorial-plaintext-b5-rf3-isr3-msg1024-tps1000-batch16384-acks1-prod12-complz4-trial2/producer-perf-7.log -----
producer_index=7
producer_count=12
producer_records=8333
producer_throughput=83
1 records sent, 0.1 records/sec (0.00 MB/sec), 9112.0 ms avg latency, 9112.0 ms max latency.
1176 records sent, 232.4 records/sec (0.23 MB/sec), 607.5 ms avg latency, 1251.0 ms max latency.
424 records sent, 84.6 records/sec (0.08 MB/sec), 25.3 ms avg latency, 133.0 ms max latency.
415 records sent, 82.9 records/sec (0.08 MB/sec), 12.0 ms avg latency, 46.0 ms max latency.
416 records sent, 83.1 records/sec (0.08 MB/sec), 13.0 ms avg latency, 80.0 ms max latency.
418 records sent, 83.4 records/sec (0.08 MB/sec), 16.4 ms avg latency, 63.0 ms max latency.
409 records sent, 81.7 records/sec (0.08 MB/sec), 16.0 ms avg latency, 87.0 ms max latency.
428 records sent, 85.5 records/sec (0.08 MB/sec), 17.9 ms avg latency, 163.0 ms max latency.
415 records sent, 82.3 records/sec (0.08 MB/sec), 14.5 ms avg latency, 91.0 ms max latency.
422 records sent, 84.2 records/sec (0.08 MB/sec), 13.8 ms avg latency, 88.0 ms max latency.
415 records sent, 82.9 records/sec (0.08 MB/sec), 14.4 ms avg latency, 78.0 ms max latency.
416 records sent, 83.1 records/sec (0.08 MB/sec), 14.4 ms avg latency, 107.0 ms max latency.
415 records sent, 83.0 records/sec (0.08 MB/sec), 13.9 ms avg latency, 100.0 ms max latency.
416 records sent, 83.1 records/sec (0.08 MB/sec), 13.8 ms avg latency, 75.0 ms max latency.
416 records sent, 83.0 records/sec (0.08 MB/sec), 13.8 ms avg latency, 75.0 ms max latency.
411 records sent, 82.1 records/sec (0.08 MB/sec), 14.5 ms avg latency, 97.0 ms max latency.
424 records sent, 84.6 records/sec (0.08 MB/sec), 12.8 ms avg latency, 87.0 ms max latency.
416 records sent, 83.0 records/sec (0.08 MB/sec), 11.0 ms avg latency, 81.0 ms max latency.
411 records sent, 82.1 records/sec (0.08 MB/sec), 11.1 ms avg latency, 79.0 ms max latency.
8333 records sent, 82.986436 records/sec (0.08 MB/sec), 99.36 ms avg latency, 9112.00 ms max latency, 11 ms 50th, 792 ms 95th, 1199 ms 99th, 1251 ms 99.9th.
----- /var/lib/kafka-client/results/security-overhead-final-factorial-plaintext-b5-rf3-isr3-msg1024-tps1000-batch16384-acks1-prod12-complz4-trial2/producer-perf-8.log -----
producer_index=8
producer_count=12
producer_records=8333
producer_throughput=83
1 records sent, 0.1 records/sec (0.00 MB/sec), 8450.0 ms avg latency, 8450.0 ms max latency.
1132 records sent, 226.4 records/sec (0.22 MB/sec), 843.0 ms avg latency, 1570.0 ms max latency.
416 records sent, 83.2 records/sec (0.08 MB/sec), 28.1 ms avg latency, 97.0 ms max latency.
416 records sent, 83.2 records/sec (0.08 MB/sec), 15.2 ms avg latency, 67.0 ms max latency.
418 records sent, 83.3 records/sec (0.08 MB/sec), 12.4 ms avg latency, 76.0 ms max latency.
417 records sent, 82.9 records/sec (0.08 MB/sec), 17.1 ms avg latency, 88.0 ms max latency.
417 records sent, 83.2 records/sec (0.08 MB/sec), 14.4 ms avg latency, 75.0 ms max latency.
408 records sent, 81.5 records/sec (0.08 MB/sec), 16.6 ms avg latency, 106.0 ms max latency.
424 records sent, 84.5 records/sec (0.08 MB/sec), 15.4 ms avg latency, 107.0 ms max latency.
417 records sent, 83.2 records/sec (0.08 MB/sec), 13.4 ms avg latency, 52.0 ms max latency.
416 records sent, 83.0 records/sec (0.08 MB/sec), 14.0 ms avg latency, 75.0 ms max latency.
415 records sent, 83.0 records/sec (0.08 MB/sec), 15.4 ms avg latency, 104.0 ms max latency.
416 records sent, 83.1 records/sec (0.08 MB/sec), 15.3 ms avg latency, 118.0 ms max latency.
416 records sent, 83.1 records/sec (0.08 MB/sec), 14.9 ms avg latency, 117.0 ms max latency.
417 records sent, 83.3 records/sec (0.08 MB/sec), 15.1 ms avg latency, 101.0 ms max latency.
416 records sent, 83.0 records/sec (0.08 MB/sec), 15.0 ms avg latency, 95.0 ms max latency.
410 records sent, 81.8 records/sec (0.08 MB/sec), 15.2 ms avg latency, 123.0 ms max latency.
424 records sent, 84.7 records/sec (0.08 MB/sec), 13.7 ms avg latency, 131.0 ms max latency.
416 records sent, 83.0 records/sec (0.08 MB/sec), 10.8 ms avg latency, 62.0 ms max latency.
8333 records sent, 82.703110 records/sec (0.08 MB/sec), 128.76 ms avg latency, 8450.00 ms max latency, 12 ms 50th, 1192 ms 95th, 1511 ms 99th, 1569 ms 99.9th.
----- /var/lib/kafka-client/results/security-overhead-final-factorial-plaintext-b5-rf3-isr3-msg1024-tps1000-batch16384-acks1-prod12-complz4-trial2/producer-perf-9.log -----
producer_index=9
producer_count=12
producer_records=8333
producer_throughput=83
1 records sent, 0.1 records/sec (0.00 MB/sec), 9028.0 ms avg latency, 9028.0 ms max latency.
1168 records sent, 233.6 records/sec (0.23 MB/sec), 880.5 ms avg latency, 1721.0 ms max latency.
419 records sent, 83.3 records/sec (0.08 MB/sec), 27.8 ms avg latency, 93.0 ms max latency.
421 records sent, 84.0 records/sec (0.08 MB/sec), 13.2 ms avg latency, 66.0 ms max latency.
415 records sent, 82.8 records/sec (0.08 MB/sec), 12.6 ms avg latency, 65.0 ms max latency.
417 records sent, 83.3 records/sec (0.08 MB/sec), 16.4 ms avg latency, 98.0 ms max latency.
416 records sent, 83.1 records/sec (0.08 MB/sec), 15.9 ms avg latency, 77.0 ms max latency.
416 records sent, 83.1 records/sec (0.08 MB/sec), 16.5 ms avg latency, 111.0 ms max latency.
415 records sent, 82.9 records/sec (0.08 MB/sec), 13.8 ms avg latency, 63.0 ms max latency.
416 records sent, 83.1 records/sec (0.08 MB/sec), 12.9 ms avg latency, 46.0 ms max latency.
417 records sent, 83.2 records/sec (0.08 MB/sec), 14.0 ms avg latency, 81.0 ms max latency.
415 records sent, 83.0 records/sec (0.08 MB/sec), 15.2 ms avg latency, 89.0 ms max latency.
415 records sent, 83.0 records/sec (0.08 MB/sec), 14.2 ms avg latency, 62.0 ms max latency.
416 records sent, 83.1 records/sec (0.08 MB/sec), 14.4 ms avg latency, 84.0 ms max latency.
414 records sent, 82.3 records/sec (0.08 MB/sec), 13.7 ms avg latency, 74.0 ms max latency.
427 records sent, 85.3 records/sec (0.08 MB/sec), 17.6 ms avg latency, 145.0 ms max latency.
415 records sent, 83.0 records/sec (0.08 MB/sec), 14.2 ms avg latency, 122.0 ms max latency.
413 records sent, 82.4 records/sec (0.08 MB/sec), 10.7 ms avg latency, 75.0 ms max latency.
422 records sent, 84.2 records/sec (0.08 MB/sec), 11.9 ms avg latency, 76.0 ms max latency.
8333 records sent, 82.846178 records/sec (0.08 MB/sec), 137.38 ms avg latency, 9028.00 ms max latency, 12 ms 50th, 1240 ms 95th, 1522 ms 99th, 1668 ms 99.9th.
----- /var/lib/kafka-client/results/security-overhead-final-factorial-plaintext-b5-rf3-isr3-msg1024-tps1000-batch16384-acks1-prod12-complz4-trial2/producer-perf-10.log -----
producer_index=10
producer_count=12
producer_records=8333
producer_throughput=83
1 records sent, 0.1 records/sec (0.00 MB/sec), 8328.0 ms avg latency, 8328.0 ms max latency.
1120 records sent, 224.0 records/sec (0.22 MB/sec), 702.9 ms avg latency, 1539.0 ms max latency.
416 records sent, 83.1 records/sec (0.08 MB/sec), 27.1 ms avg latency, 97.0 ms max latency.
416 records sent, 83.2 records/sec (0.08 MB/sec), 13.6 ms avg latency, 45.0 ms max latency.
417 records sent, 83.2 records/sec (0.08 MB/sec), 12.9 ms avg latency, 57.0 ms max latency.
409 records sent, 81.7 records/sec (0.08 MB/sec), 16.3 ms avg latency, 112.0 ms max latency.
422 records sent, 84.2 records/sec (0.08 MB/sec), 16.5 ms avg latency, 115.0 ms max latency.
412 records sent, 81.6 records/sec (0.08 MB/sec), 15.8 ms avg latency, 94.0 ms max latency.
423 records sent, 84.6 records/sec (0.08 MB/sec), 14.3 ms avg latency, 100.0 ms max latency.
416 records sent, 83.2 records/sec (0.08 MB/sec), 13.4 ms avg latency, 59.0 ms max latency.
417 records sent, 83.3 records/sec (0.08 MB/sec), 12.9 ms avg latency, 65.0 ms max latency.
417 records sent, 83.1 records/sec (0.08 MB/sec), 14.1 ms avg latency, 67.0 ms max latency.
416 records sent, 83.1 records/sec (0.08 MB/sec), 13.5 ms avg latency, 113.0 ms max latency.
415 records sent, 82.5 records/sec (0.08 MB/sec), 14.1 ms avg latency, 84.0 ms max latency.
418 records sent, 83.4 records/sec (0.08 MB/sec), 13.6 ms avg latency, 90.0 ms max latency.
416 records sent, 83.0 records/sec (0.08 MB/sec), 14.2 ms avg latency, 85.0 ms max latency.
415 records sent, 82.7 records/sec (0.08 MB/sec), 12.8 ms avg latency, 76.0 ms max latency.
424 records sent, 84.8 records/sec (0.08 MB/sec), 12.2 ms avg latency, 102.0 ms max latency.
415 records sent, 83.0 records/sec (0.08 MB/sec), 10.2 ms avg latency, 68.0 ms max latency.
8333 records sent, 82.744993 records/sec (0.08 MB/sec), 108.05 ms avg latency, 8328.00 ms max latency, 11 ms 50th, 980 ms 95th, 1279 ms 99th, 1506 ms 99.9th.
----- /var/lib/kafka-client/results/security-overhead-final-factorial-plaintext-b5-rf3-isr3-msg1024-tps1000-batch16384-acks1-prod12-complz4-trial2/producer-perf-11.log -----
producer_index=11
producer_count=12
producer_records=8333
producer_throughput=83
1 records sent, 0.1 records/sec (0.00 MB/sec), 8901.0 ms avg latency, 8901.0 ms max latency.
1167 records sent, 233.0 records/sec (0.23 MB/sec), 824.9 ms avg latency, 1522.0 ms max latency.
418 records sent, 83.5 records/sec (0.08 MB/sec), 28.4 ms avg latency, 93.0 ms max latency.
416 records sent, 83.2 records/sec (0.08 MB/sec), 14.8 ms avg latency, 74.0 ms max latency.
416 records sent, 83.0 records/sec (0.08 MB/sec), 12.4 ms avg latency, 93.0 ms max latency.
417 records sent, 83.3 records/sec (0.08 MB/sec), 17.2 ms avg latency, 79.0 ms max latency.
415 records sent, 83.0 records/sec (0.08 MB/sec), 16.8 ms avg latency, 96.0 ms max latency.
416 records sent, 83.0 records/sec (0.08 MB/sec), 17.2 ms avg latency, 99.0 ms max latency.
416 records sent, 83.2 records/sec (0.08 MB/sec), 13.4 ms avg latency, 79.0 ms max latency.
416 records sent, 83.2 records/sec (0.08 MB/sec), 12.5 ms avg latency, 72.0 ms max latency.
414 records sent, 82.8 records/sec (0.08 MB/sec), 13.6 ms avg latency, 65.0 ms max latency.
417 records sent, 83.2 records/sec (0.08 MB/sec), 14.5 ms avg latency, 101.0 ms max latency.
415 records sent, 82.9 records/sec (0.08 MB/sec), 14.3 ms avg latency, 104.0 ms max latency.
410 records sent, 81.9 records/sec (0.08 MB/sec), 14.9 ms avg latency, 79.0 ms max latency.
422 records sent, 84.3 records/sec (0.08 MB/sec), 14.3 ms avg latency, 108.0 ms max latency.
415 records sent, 83.0 records/sec (0.08 MB/sec), 15.0 ms avg latency, 127.0 ms max latency.
416 records sent, 83.2 records/sec (0.08 MB/sec), 16.1 ms avg latency, 148.0 ms max latency.
415 records sent, 82.9 records/sec (0.08 MB/sec), 11.8 ms avg latency, 94.0 ms max latency.
416 records sent, 83.1 records/sec (0.08 MB/sec), 11.4 ms avg latency, 90.0 ms max latency.
8333 records sent, 82.781161 records/sec (0.08 MB/sec), 129.62 ms avg latency, 8901.00 ms max latency, 11 ms 50th, 1184 ms 95th, 1428 ms 99th, 1521 ms 99.9th.
----- /var/lib/kafka-client/results/security-overhead-final-factorial-plaintext-b5-rf3-isr3-msg1024-tps1000-batch16384-acks1-prod12-complz4-trial2/producer-perf-12.log -----
producer_index=12
producer_count=12
producer_records=8333
producer_throughput=83
1 records sent, 0.1 records/sec (0.00 MB/sec), 8571.0 ms avg latency, 8571.0 ms max latency.
1146 records sent, 227.2 records/sec (0.22 MB/sec), 800.1 ms avg latency, 1594.0 ms max latency.
423 records sent, 84.5 records/sec (0.08 MB/sec), 26.8 ms avg latency, 118.0 ms max latency.
417 records sent, 83.3 records/sec (0.08 MB/sec), 14.0 ms avg latency, 71.0 ms max latency.
415 records sent, 82.9 records/sec (0.08 MB/sec), 13.6 ms avg latency, 63.0 ms max latency.
417 records sent, 83.3 records/sec (0.08 MB/sec), 17.0 ms avg latency, 71.0 ms max latency.
410 records sent, 81.9 records/sec (0.08 MB/sec), 17.8 ms avg latency, 106.0 ms max latency.
424 records sent, 84.6 records/sec (0.08 MB/sec), 16.3 ms avg latency, 132.0 ms max latency.
416 records sent, 83.2 records/sec (0.08 MB/sec), 14.1 ms avg latency, 115.0 ms max latency.
417 records sent, 83.2 records/sec (0.08 MB/sec), 13.3 ms avg latency, 68.0 ms max latency.
415 records sent, 82.9 records/sec (0.08 MB/sec), 14.0 ms avg latency, 75.0 ms max latency.
416 records sent, 83.1 records/sec (0.08 MB/sec), 14.0 ms avg latency, 85.0 ms max latency.
416 records sent, 83.2 records/sec (0.08 MB/sec), 14.1 ms avg latency, 100.0 ms max latency.
415 records sent, 82.8 records/sec (0.08 MB/sec), 15.0 ms avg latency, 127.0 ms max latency.
417 records sent, 83.2 records/sec (0.08 MB/sec), 13.6 ms avg latency, 82.0 ms max latency.
412 records sent, 81.1 records/sec (0.08 MB/sec), 15.3 ms avg latency, 108.0 ms max latency.
425 records sent, 84.9 records/sec (0.08 MB/sec), 13.9 ms avg latency, 114.0 ms max latency.
416 records sent, 83.2 records/sec (0.08 MB/sec), 11.0 ms avg latency, 90.0 ms max latency.
411 records sent, 82.2 records/sec (0.08 MB/sec), 11.2 ms avg latency, 170.0 ms max latency.
8333 records sent, 82.804193 records/sec (0.08 MB/sec), 124.03 ms avg latency, 8571.00 ms max latency, 11 ms 50th, 1110 ms 95th, 1461 ms 99th, 1593 ms 99.9th.
