run_id=security-overhead-final-factorial-tls-b5-rf5-isr3-msg10240-tps10000-batch131072-acks1-prod6-complz4-trial1
producer_count=6
----- /var/lib/kafka-client/results/security-overhead-final-factorial-tls-b5-rf5-isr3-msg10240-tps10000-batch131072-acks1-prod6-complz4-trial1/producer-perf-1.log -----
producer_index=1
producer_count=6
producer_records=16667
producer_throughput=1667
1 records sent, 0.1 records/sec (0.00 MB/sec), 9243.0 ms avg latency, 9243.0 ms max latency.
1170 records sent, 231.9 records/sec (2.26 MB/sec), 4424.2 ms avg latency, 5977.0 ms max latency.
4064 records sent, 799.5 records/sec (7.81 MB/sec), 4081.7 ms avg latency, 5905.0 ms max latency.
2949 records sent, 583.4 records/sec (5.70 MB/sec), 4744.1 ms avg latency, 5672.0 ms max latency.
6394 records sent, 1270.4 records/sec (12.41 MB/sec), 2930.4 ms avg latency, 5499.0 ms max latency.
16667 records sent, 536.347546 records/sec (5.24 MB/sec), 3295.37 ms avg latency, 9243.00 ms max latency, 3920 ms 50th, 5180 ms 95th, 5580 ms 99th, 5904 ms 99.9th.
----- /var/lib/kafka-client/results/security-overhead-final-factorial-tls-b5-rf5-isr3-msg10240-tps10000-batch131072-acks1-prod6-complz4-trial1/producer-perf-2.log -----
producer_index=2
producer_count=6
producer_records=16667
producer_throughput=1667
1 records sent, 0.1 records/sec (0.00 MB/sec), 2198.0 ms avg latency, 2198.0 ms max latency.
1274 records sent, 253.6 records/sec (2.48 MB/sec), 4343.0 ms avg latency, 9677.0 ms max latency.
2777 records sent, 540.6 records/sec (5.28 MB/sec), 6044.6 ms avg latency, 7206.0 ms max latency.
2938 records sent, 583.1 records/sec (5.69 MB/sec), 5033.6 ms avg latency, 6145.0 ms max latency.
4059 records sent, 810.5 records/sec (7.92 MB/sec), 4624.0 ms avg latency, 5430.0 ms max latency.
16667 records sent, 526.969774 records/sec (5.15 MB/sec), 3679.40 ms avg latency, 9677.00 ms max latency, 4716 ms 50th, 6306 ms 95th, 6692 ms 99th, 7067 ms 99.9th.
----- /var/lib/kafka-client/results/security-overhead-final-factorial-tls-b5-rf5-isr3-msg10240-tps10000-batch131072-acks1-prod6-complz4-trial1/producer-perf-3.log -----
producer_index=3
producer_count=6
producer_records=16667
producer_throughput=1667
1 records sent, 0.1 records/sec (0.00 MB/sec), 9639.0 ms avg latency, 9639.0 ms max latency.
1111 records sent, 222.1 records/sec (2.17 MB/sec), 4274.1 ms avg latency, 5507.0 ms max latency.
1650 records sent, 324.4 records/sec (3.17 MB/sec), 6758.6 ms avg latency, 8497.0 ms max latency.
5257 records sent, 1046.0 records/sec (10.21 MB/sec), 4619.6 ms avg latency, 9289.0 ms max latency.
7082 records sent, 1415.8 records/sec (13.83 MB/sec), 697.6 ms avg latency, 2286.0 ms max latency.
16667 records sent, 534.250088 records/sec (5.22 MB/sec), 2710.22 ms avg latency, 9639.00 ms max latency, 1847 ms 50th, 8014 ms 95th, 8737 ms 99th, 9186 ms 99.9th.
----- /var/lib/kafka-client/results/security-overhead-final-factorial-tls-b5-rf5-isr3-msg10240-tps10000-batch131072-acks1-prod6-complz4-trial1/producer-perf-4.log -----
producer_index=4
producer_count=6
producer_records=16667
producer_throughput=1667
1 records sent, 0.1 records/sec (0.00 MB/sec), 2006.0 ms avg latency, 2006.0 ms max latency.
1131 records sent, 220.5 records/sec (2.15 MB/sec), 4357.9 ms avg latency, 9589.0 ms max latency.
4265 records sent, 842.9 records/sec (8.23 MB/sec), 4722.3 ms avg latency, 6050.0 ms max latency.
7346 records sent, 1463.6 records/sec (14.29 MB/sec), 1663.6 ms avg latency, 3620.0 ms max latency.
16667 records sent, 580.630552 records/sec (5.67 MB/sec), 2252.31 ms avg latency, 9589.00 ms max latency, 1922 ms 50th, 5564 ms 95th, 5883 ms 99th, 5999 ms 99.9th.
----- /var/lib/kafka-client/results/security-overhead-final-factorial-tls-b5-rf5-isr3-msg10240-tps10000-batch131072-acks1-prod6-complz4-trial1/producer-perf-5.log -----
producer_index=5
producer_count=6
producer_records=16666
producer_throughput=1666
1 records sent, 0.1 records/sec (0.00 MB/sec), 7785.0 ms avg latency, 7785.0 ms max latency.
673 records sent, 131.2 records/sec (1.28 MB/sec), 3592.8 ms avg latency, 5732.0 ms max latency.
2576 records sent, 510.1 records/sec (4.98 MB/sec), 5786.1 ms avg latency, 6646.0 ms max latency.
3249 records sent, 627.5 records/sec (6.13 MB/sec), 4946.2 ms avg latency, 6765.0 ms max latency.
7305 records sent, 1442.8 records/sec (14.09 MB/sec), 2325.4 ms avg latency, 4995.0 ms max latency.
16666 records sent, 545.050201 records/sec (5.32 MB/sec), 3064.92 ms avg latency, 7785.00 ms max latency, 3193 ms 50th, 6167 ms 95th, 6444 ms 99th, 6707 ms 99.9th.
----- /var/lib/kafka-client/results/security-overhead-final-factorial-tls-b5-rf5-isr3-msg10240-tps10000-batch131072-acks1-prod6-complz4-trial1/producer-perf-6.log -----
producer_index=6
producer_count=6
producer_records=16666
producer_throughput=1666
1 records sent, 0.1 records/sec (0.00 MB/sec), 7016.0 ms avg latency, 7016.0 ms max latency.
457 records sent, 88.1 records/sec (0.86 MB/sec), 3826.7 ms avg latency, 5431.0 ms max latency.
2172 records sent, 426.5 records/sec (4.16 MB/sec), 6339.7 ms avg latency, 7538.0 ms max latency.
2993 records sent, 587.3 records/sec (5.74 MB/sec), 5567.9 ms avg latency, 7604.0 ms max latency.
3244 records sent, 638.3 records/sec (6.23 MB/sec), 4870.5 ms avg latency, 5537.0 ms max latency.
16666 records sent, 520.535965 records/sec (5.08 MB/sec), 3813.08 ms avg latency, 7604.00 ms max latency, 4586 ms 50th, 6811 ms 95th, 7148 ms 99th, 7537 ms 99.9th.
