run_id=security-overhead-final-factorial-plaintext-b5-rf5-isr3-msg1024-tps1000-batch16384-acks1-prod12-compnone-trial3
producer_count=12
----- /var/lib/kafka-client/results/security-overhead-final-factorial-plaintext-b5-rf5-isr3-msg1024-tps1000-batch16384-acks1-prod12-compnone-trial3/producer-perf-1.log -----
producer_index=1
producer_count=12
producer_records=8334
producer_throughput=84
1 records sent, 0.1 records/sec (0.00 MB/sec), 8873.0 ms avg latency, 8873.0 ms max latency.
1177 records sent, 235.0 records/sec (0.23 MB/sec), 933.0 ms avg latency, 1761.0 ms max latency.
423 records sent, 84.4 records/sec (0.08 MB/sec), 31.5 ms avg latency, 168.0 ms max latency.
421 records sent, 84.2 records/sec (0.08 MB/sec), 14.8 ms avg latency, 93.0 ms max latency.
419 records sent, 83.2 records/sec (0.08 MB/sec), 14.3 ms avg latency, 55.0 ms max latency.
425 records sent, 84.9 records/sec (0.08 MB/sec), 17.5 ms avg latency, 95.0 ms max latency.
421 records sent, 83.8 records/sec (0.08 MB/sec), 16.4 ms avg latency, 125.0 ms max latency.
423 records sent, 84.6 records/sec (0.08 MB/sec), 15.8 ms avg latency, 108.0 ms max latency.
422 records sent, 83.8 records/sec (0.08 MB/sec), 15.8 ms avg latency, 87.0 ms max latency.
429 records sent, 85.7 records/sec (0.08 MB/sec), 15.3 ms avg latency, 103.0 ms max latency.
421 records sent, 84.2 records/sec (0.08 MB/sec), 14.3 ms avg latency, 61.0 ms max latency.
421 records sent, 83.9 records/sec (0.08 MB/sec), 13.5 ms avg latency, 66.0 ms max latency.
418 records sent, 83.4 records/sec (0.08 MB/sec), 16.7 ms avg latency, 134.0 ms max latency.
427 records sent, 85.4 records/sec (0.08 MB/sec), 19.7 ms avg latency, 186.0 ms max latency.
421 records sent, 84.0 records/sec (0.08 MB/sec), 15.3 ms avg latency, 124.0 ms max latency.
416 records sent, 82.7 records/sec (0.08 MB/sec), 16.7 ms avg latency, 103.0 ms max latency.
435 records sent, 86.9 records/sec (0.08 MB/sec), 16.2 ms avg latency, 155.0 ms max latency.
420 records sent, 83.9 records/sec (0.08 MB/sec), 11.9 ms avg latency, 129.0 ms max latency.
8334 records sent, 83.571493 records/sec (0.08 MB/sec), 146.88 ms avg latency, 8873.00 ms max latency, 12 ms 50th, 1326 ms 95th, 1626 ms 99th, 1723 ms 99.9th.
----- /var/lib/kafka-client/results/security-overhead-final-factorial-plaintext-b5-rf5-isr3-msg1024-tps1000-batch16384-acks1-prod12-compnone-trial3/producer-perf-2.log -----
producer_index=2
producer_count=12
producer_records=8334
producer_throughput=84
1 records sent, 0.1 records/sec (0.00 MB/sec), 8107.0 ms avg latency, 8107.0 ms max latency.
1112 records sent, 221.6 records/sec (0.22 MB/sec), 958.9 ms avg latency, 1683.0 ms max latency.
424 records sent, 84.7 records/sec (0.08 MB/sec), 31.0 ms avg latency, 104.0 ms max latency.
423 records sent, 84.2 records/sec (0.08 MB/sec), 14.1 ms avg latency, 61.0 ms max latency.
424 records sent, 84.6 records/sec (0.08 MB/sec), 13.1 ms avg latency, 72.0 ms max latency.
421 records sent, 84.1 records/sec (0.08 MB/sec), 17.4 ms avg latency, 96.0 ms max latency.
420 records sent, 83.9 records/sec (0.08 MB/sec), 16.9 ms avg latency, 109.0 ms max latency.
422 records sent, 84.3 records/sec (0.08 MB/sec), 15.6 ms avg latency, 76.0 ms max latency.
420 records sent, 83.9 records/sec (0.08 MB/sec), 14.4 ms avg latency, 71.0 ms max latency.
420 records sent, 84.0 records/sec (0.08 MB/sec), 15.2 ms avg latency, 68.0 ms max latency.
420 records sent, 83.9 records/sec (0.08 MB/sec), 13.6 ms avg latency, 62.0 ms max latency.
421 records sent, 84.2 records/sec (0.08 MB/sec), 14.5 ms avg latency, 60.0 ms max latency.
421 records sent, 84.0 records/sec (0.08 MB/sec), 14.1 ms avg latency, 98.0 ms max latency.
418 records sent, 83.3 records/sec (0.08 MB/sec), 17.2 ms avg latency, 112.0 ms max latency.
424 records sent, 84.7 records/sec (0.08 MB/sec), 14.6 ms avg latency, 69.0 ms max latency.
421 records sent, 84.1 records/sec (0.08 MB/sec), 14.3 ms avg latency, 100.0 ms max latency.
418 records sent, 83.4 records/sec (0.08 MB/sec), 13.9 ms avg latency, 98.0 ms max latency.
431 records sent, 86.0 records/sec (0.08 MB/sec), 12.9 ms avg latency, 115.0 ms max latency.
420 records sent, 84.0 records/sec (0.08 MB/sec), 12.0 ms avg latency, 117.0 ms max latency.
8334 records sent, 83.780686 records/sec (0.08 MB/sec), 142.46 ms avg latency, 8107.00 ms max latency, 12 ms 50th, 1367 ms 95th, 1598 ms 99th, 1682 ms 99.9th.
----- /var/lib/kafka-client/results/security-overhead-final-factorial-plaintext-b5-rf5-isr3-msg1024-tps1000-batch16384-acks1-prod12-compnone-trial3/producer-perf-3.log -----
producer_index=3
producer_count=12
producer_records=8334
producer_throughput=84
1 records sent, 0.1 records/sec (0.00 MB/sec), 8613.0 ms avg latency, 8613.0 ms max latency.
1150 records sent, 229.2 records/sec (0.22 MB/sec), 866.6 ms avg latency, 1610.0 ms max latency.
423 records sent, 84.2 records/sec (0.08 MB/sec), 26.9 ms avg latency, 116.0 ms max latency.
422 records sent, 84.2 records/sec (0.08 MB/sec), 15.8 ms avg latency, 76.0 ms max latency.
421 records sent, 84.0 records/sec (0.08 MB/sec), 13.0 ms avg latency, 72.0 ms max latency.
418 records sent, 82.5 records/sec (0.08 MB/sec), 14.9 ms avg latency, 99.0 ms max latency.
431 records sent, 86.1 records/sec (0.08 MB/sec), 16.9 ms avg latency, 129.0 ms max latency.
422 records sent, 84.1 records/sec (0.08 MB/sec), 16.7 ms avg latency, 147.0 ms max latency.
423 records sent, 84.6 records/sec (0.08 MB/sec), 15.0 ms avg latency, 104.0 ms max latency.
417 records sent, 83.4 records/sec (0.08 MB/sec), 13.4 ms avg latency, 73.0 ms max latency.
425 records sent, 85.0 records/sec (0.08 MB/sec), 14.5 ms avg latency, 72.0 ms max latency.
419 records sent, 83.7 records/sec (0.08 MB/sec), 14.1 ms avg latency, 86.0 ms max latency.
421 records sent, 84.2 records/sec (0.08 MB/sec), 15.6 ms avg latency, 107.0 ms max latency.
419 records sent, 83.8 records/sec (0.08 MB/sec), 15.0 ms avg latency, 107.0 ms max latency.
423 records sent, 84.4 records/sec (0.08 MB/sec), 15.5 ms avg latency, 117.0 ms max latency.
421 records sent, 84.1 records/sec (0.08 MB/sec), 15.3 ms avg latency, 134.0 ms max latency.
420 records sent, 84.0 records/sec (0.08 MB/sec), 12.3 ms avg latency, 132.0 ms max latency.
420 records sent, 83.9 records/sec (0.08 MB/sec), 13.9 ms avg latency, 127.0 ms max latency.
421 records sent, 83.9 records/sec (0.08 MB/sec), 12.2 ms avg latency, 88.0 ms max latency.
8334 records sent, 83.779844 records/sec (0.08 MB/sec), 133.84 ms avg latency, 8613.00 ms max latency, 12 ms 50th, 1210 ms 95th, 1451 ms 99th, 1609 ms 99.9th.
----- /var/lib/kafka-client/results/security-overhead-final-factorial-plaintext-b5-rf5-isr3-msg1024-tps1000-batch16384-acks1-prod12-compnone-trial3/producer-perf-4.log -----
producer_index=4
producer_count=12
producer_records=8334
producer_throughput=84
1 records sent, 0.1 records/sec (0.00 MB/sec), 8411.0 ms avg latency, 8411.0 ms max latency.
1130 records sent, 225.2 records/sec (0.22 MB/sec), 774.7 ms avg latency, 1556.0 ms max latency.
424 records sent, 84.6 records/sec (0.08 MB/sec), 25.9 ms avg latency, 100.0 ms max latency.
424 records sent, 84.7 records/sec (0.08 MB/sec), 14.1 ms avg latency, 95.0 ms max latency.
422 records sent, 84.0 records/sec (0.08 MB/sec), 14.4 ms avg latency, 68.0 ms max latency.
421 records sent, 84.0 records/sec (0.08 MB/sec), 14.8 ms avg latency, 72.0 ms max latency.
422 records sent, 84.2 records/sec (0.08 MB/sec), 17.2 ms avg latency, 114.0 ms max latency.
422 records sent, 84.2 records/sec (0.08 MB/sec), 14.5 ms avg latency, 85.0 ms max latency.
422 records sent, 84.3 records/sec (0.08 MB/sec), 14.6 ms avg latency, 74.0 ms max latency.
420 records sent, 83.9 records/sec (0.08 MB/sec), 13.6 ms avg latency, 69.0 ms max latency.
424 records sent, 84.8 records/sec (0.08 MB/sec), 13.6 ms avg latency, 72.0 ms max latency.
420 records sent, 83.7 records/sec (0.08 MB/sec), 13.6 ms avg latency, 62.0 ms max latency.
422 records sent, 84.2 records/sec (0.08 MB/sec), 17.3 ms avg latency, 101.0 ms max latency.
421 records sent, 84.1 records/sec (0.08 MB/sec), 16.4 ms avg latency, 112.0 ms max latency.
418 records sent, 83.2 records/sec (0.08 MB/sec), 15.3 ms avg latency, 113.0 ms max latency.
430 records sent, 85.8 records/sec (0.08 MB/sec), 16.1 ms avg latency, 131.0 ms max latency.
421 records sent, 84.1 records/sec (0.08 MB/sec), 13.2 ms avg latency, 103.0 ms max latency.
420 records sent, 83.7 records/sec (0.08 MB/sec), 11.3 ms avg latency, 69.0 ms max latency.
431 records sent, 86.0 records/sec (0.08 MB/sec), 13.8 ms avg latency, 141.0 ms max latency.
8334 records sent, 83.808489 records/sec (0.08 MB/sec), 119.24 ms avg latency, 8411.00 ms max latency, 12 ms 50th, 1154 ms 95th, 1431 ms 99th, 1539 ms 99.9th.
----- /var/lib/kafka-client/results/security-overhead-final-factorial-plaintext-b5-rf5-isr3-msg1024-tps1000-batch16384-acks1-prod12-compnone-trial3/producer-perf-5.log -----
producer_index=5
producer_count=12
producer_records=8333
producer_throughput=83
1 records sent, 0.1 records/sec (0.00 MB/sec), 9275.0 ms avg latency, 9275.0 ms max latency.
1190 records sent, 237.2 records/sec (0.23 MB/sec), 1080.3 ms avg latency, 2057.0 ms max latency.
420 records sent, 83.7 records/sec (0.08 MB/sec), 23.9 ms avg latency, 99.0 ms max latency.
416 records sent, 83.1 records/sec (0.08 MB/sec), 13.0 ms avg latency, 69.0 ms max latency.
415 records sent, 82.9 records/sec (0.08 MB/sec), 13.5 ms avg latency, 61.0 ms max latency.
418 records sent, 83.4 records/sec (0.08 MB/sec), 16.3 ms avg latency, 101.0 ms max latency.
416 records sent, 83.1 records/sec (0.08 MB/sec), 17.3 ms avg latency, 81.0 ms max latency.
416 records sent, 83.2 records/sec (0.08 MB/sec), 15.9 ms avg latency, 108.0 ms max latency.
417 records sent, 83.4 records/sec (0.08 MB/sec), 17.5 ms avg latency, 127.0 ms max latency.
416 records sent, 83.1 records/sec (0.08 MB/sec), 14.4 ms avg latency, 52.0 ms max latency.
414 records sent, 82.8 records/sec (0.08 MB/sec), 14.8 ms avg latency, 59.0 ms max latency.
416 records sent, 83.2 records/sec (0.08 MB/sec), 12.5 ms avg latency, 68.0 ms max latency.
414 records sent, 82.6 records/sec (0.08 MB/sec), 18.1 ms avg latency, 118.0 ms max latency.
419 records sent, 83.6 records/sec (0.08 MB/sec), 15.5 ms avg latency, 105.0 ms max latency.
416 records sent, 83.0 records/sec (0.08 MB/sec), 14.2 ms avg latency, 81.0 ms max latency.
413 records sent, 82.5 records/sec (0.08 MB/sec), 15.7 ms avg latency, 84.0 ms max latency.
419 records sent, 83.6 records/sec (0.08 MB/sec), 13.9 ms avg latency, 131.0 ms max latency.
416 records sent, 83.0 records/sec (0.08 MB/sec), 12.3 ms avg latency, 103.0 ms max latency.
408 records sent, 81.1 records/sec (0.08 MB/sec), 12.7 ms avg latency, 113.0 ms max latency.
8333 records sent, 82.798434 records/sec (0.08 MB/sec), 168.58 ms avg latency, 9275.00 ms max latency, 12 ms 50th, 1598 ms 95th, 1956 ms 99th, 2057 ms 99.9th.
----- /var/lib/kafka-client/results/security-overhead-final-factorial-plaintext-b5-rf5-isr3-msg1024-tps1000-batch16384-acks1-prod12-compnone-trial3/producer-perf-6.log -----
producer_index=6
producer_count=12
producer_records=8333
producer_throughput=83
1 records sent, 0.1 records/sec (0.00 MB/sec), 9050.0 ms avg latency, 9050.0 ms max latency.
1170 records sent, 231.4 records/sec (0.23 MB/sec), 851.8 ms avg latency, 1692.0 ms max latency.
422 records sent, 84.3 records/sec (0.08 MB/sec), 28.7 ms avg latency, 126.0 ms max latency.
417 records sent, 83.3 records/sec (0.08 MB/sec), 13.7 ms avg latency, 70.0 ms max latency.
413 records sent, 81.7 records/sec (0.08 MB/sec), 14.4 ms avg latency, 87.0 ms max latency.
423 records sent, 84.6 records/sec (0.08 MB/sec), 17.0 ms avg latency, 118.0 ms max latency.
415 records sent, 82.8 records/sec (0.08 MB/sec), 16.7 ms avg latency, 93.0 ms max latency.
417 records sent, 83.2 records/sec (0.08 MB/sec), 15.8 ms avg latency, 108.0 ms max latency.
416 records sent, 83.0 records/sec (0.08 MB/sec), 17.1 ms avg latency, 142.0 ms max latency.
416 records sent, 83.1 records/sec (0.08 MB/sec), 14.6 ms avg latency, 78.0 ms max latency.
416 records sent, 83.2 records/sec (0.08 MB/sec), 12.7 ms avg latency, 48.0 ms max latency.
415 records sent, 82.8 records/sec (0.08 MB/sec), 13.7 ms avg latency, 70.0 ms max latency.
413 records sent, 82.6 records/sec (0.08 MB/sec), 14.7 ms avg latency, 98.0 ms max latency.
420 records sent, 83.8 records/sec (0.08 MB/sec), 15.0 ms avg latency, 115.0 ms max latency.
415 records sent, 83.0 records/sec (0.08 MB/sec), 16.4 ms avg latency, 136.0 ms max latency.
410 records sent, 81.7 records/sec (0.08 MB/sec), 15.3 ms avg latency, 115.0 ms max latency.
423 records sent, 84.5 records/sec (0.08 MB/sec), 14.0 ms avg latency, 110.0 ms max latency.
415 records sent, 82.9 records/sec (0.08 MB/sec), 11.3 ms avg latency, 84.0 ms max latency.
411 records sent, 81.0 records/sec (0.08 MB/sec), 11.6 ms avg latency, 119.0 ms max latency.
8333 records sent, 82.747458 records/sec (0.08 MB/sec), 133.97 ms avg latency, 9050.00 ms max latency, 12 ms 50th, 1219 ms 95th, 1584 ms 99th, 1662 ms 99.9th.
----- /var/lib/kafka-client/results/security-overhead-final-factorial-plaintext-b5-rf5-isr3-msg1024-tps1000-batch16384-acks1-prod12-compnone-trial3/producer-perf-7.log -----
producer_index=7
producer_count=12
producer_records=8333
producer_throughput=83
1 records sent, 0.1 records/sec (0.00 MB/sec), 9997.0 ms avg latency, 9997.0 ms max latency.
1252 records sent, 250.1 records/sec (0.24 MB/sec), 747.5 ms avg latency, 1437.0 ms max latency.
417 records sent, 83.0 records/sec (0.08 MB/sec), 24.2 ms avg latency, 83.0 ms max latency.
419 records sent, 83.6 records/sec (0.08 MB/sec), 13.3 ms avg latency, 91.0 ms max latency.
416 records sent, 83.1 records/sec (0.08 MB/sec), 15.0 ms avg latency, 89.0 ms max latency.
417 records sent, 83.3 records/sec (0.08 MB/sec), 15.7 ms avg latency, 78.0 ms max latency.
415 records sent, 83.0 records/sec (0.08 MB/sec), 17.6 ms avg latency, 94.0 ms max latency.
417 records sent, 83.3 records/sec (0.08 MB/sec), 15.1 ms avg latency, 78.0 ms max latency.
416 records sent, 83.0 records/sec (0.08 MB/sec), 16.2 ms avg latency, 93.0 ms max latency.
416 records sent, 83.2 records/sec (0.08 MB/sec), 14.1 ms avg latency, 92.0 ms max latency.
415 records sent, 82.7 records/sec (0.08 MB/sec), 13.5 ms avg latency, 79.0 ms max latency.
417 records sent, 83.3 records/sec (0.08 MB/sec), 13.7 ms avg latency, 80.0 ms max latency.
416 records sent, 83.1 records/sec (0.08 MB/sec), 16.4 ms avg latency, 116.0 ms max latency.
416 records sent, 83.0 records/sec (0.08 MB/sec), 14.9 ms avg latency, 127.0 ms max latency.
415 records sent, 83.0 records/sec (0.08 MB/sec), 13.8 ms avg latency, 121.0 ms max latency.
416 records sent, 83.2 records/sec (0.08 MB/sec), 15.6 ms avg latency, 104.0 ms max latency.
416 records sent, 83.1 records/sec (0.08 MB/sec), 11.3 ms avg latency, 90.0 ms max latency.
415 records sent, 82.9 records/sec (0.08 MB/sec), 11.2 ms avg latency, 92.0 ms max latency.
414 records sent, 82.8 records/sec (0.08 MB/sec), 13.5 ms avg latency, 117.0 ms max latency.
8333 records sent, 82.954217 records/sec (0.08 MB/sec), 126.25 ms avg latency, 9997.00 ms max latency, 12 ms 50th, 1105 ms 95th, 1311 ms 99th, 1436 ms 99.9th.
----- /var/lib/kafka-client/results/security-overhead-final-factorial-plaintext-b5-rf5-isr3-msg1024-tps1000-batch16384-acks1-prod12-compnone-trial3/producer-perf-8.log -----
producer_index=8
producer_count=12
producer_records=8333
producer_throughput=83
1 records sent, 0.1 records/sec (0.00 MB/sec), 9277.0 ms avg latency, 9277.0 ms max latency.
1189 records sent, 236.9 records/sec (0.23 MB/sec), 839.7 ms avg latency, 1665.0 ms max latency.
422 records sent, 84.3 records/sec (0.08 MB/sec), 28.5 ms avg latency, 111.0 ms max latency.
417 records sent, 83.3 records/sec (0.08 MB/sec), 13.6 ms avg latency, 55.0 ms max latency.
414 records sent, 81.9 records/sec (0.08 MB/sec), 14.0 ms avg latency, 76.0 ms max latency.
424 records sent, 84.6 records/sec (0.08 MB/sec), 17.7 ms avg latency, 125.0 ms max latency.
415 records sent, 82.9 records/sec (0.08 MB/sec), 16.8 ms avg latency, 92.0 ms max latency.
416 records sent, 83.2 records/sec (0.08 MB/sec), 15.2 ms avg latency, 131.0 ms max latency.
417 records sent, 83.2 records/sec (0.08 MB/sec), 15.4 ms avg latency, 104.0 ms max latency.
415 records sent, 82.9 records/sec (0.08 MB/sec), 14.0 ms avg latency, 60.0 ms max latency.
417 records sent, 83.2 records/sec (0.08 MB/sec), 15.2 ms avg latency, 76.0 ms max latency.
415 records sent, 83.0 records/sec (0.08 MB/sec), 13.5 ms avg latency, 74.0 ms max latency.
411 records sent, 81.9 records/sec (0.08 MB/sec), 16.3 ms avg latency, 125.0 ms max latency.
421 records sent, 84.1 records/sec (0.08 MB/sec), 15.8 ms avg latency, 126.0 ms max latency.
415 records sent, 82.9 records/sec (0.08 MB/sec), 14.9 ms avg latency, 114.0 ms max latency.
410 records sent, 82.0 records/sec (0.08 MB/sec), 14.9 ms avg latency, 101.0 ms max latency.
421 records sent, 84.1 records/sec (0.08 MB/sec), 14.2 ms avg latency, 115.0 ms max latency.
417 records sent, 83.2 records/sec (0.08 MB/sec), 11.5 ms avg latency, 93.0 ms max latency.
412 records sent, 80.8 records/sec (0.08 MB/sec), 12.0 ms avg latency, 80.0 ms max latency.
8333 records sent, 82.819007 records/sec (0.08 MB/sec), 134.20 ms avg latency, 9277.00 ms max latency, 12 ms 50th, 1121 ms 95th, 1482 ms 99th, 1643 ms 99.9th.
----- /var/lib/kafka-client/results/security-overhead-final-factorial-plaintext-b5-rf5-isr3-msg1024-tps1000-batch16384-acks1-prod12-compnone-trial3/producer-perf-9.log -----
producer_index=9
producer_count=12
producer_records=8333
producer_throughput=83
1 records sent, 0.1 records/sec (0.00 MB/sec), 9188.0 ms avg latency, 9188.0 ms max latency.
1182 records sent, 235.8 records/sec (0.23 MB/sec), 842.0 ms avg latency, 1618.0 ms max latency.
418 records sent, 83.6 records/sec (0.08 MB/sec), 25.8 ms avg latency, 97.0 ms max latency.
415 records sent, 83.0 records/sec (0.08 MB/sec), 13.3 ms avg latency, 77.0 ms max latency.
415 records sent, 83.0 records/sec (0.08 MB/sec), 13.8 ms avg latency, 81.0 ms max latency.
416 records sent, 81.6 records/sec (0.08 MB/sec), 15.4 ms avg latency, 81.0 ms max latency.
426 records sent, 85.0 records/sec (0.08 MB/sec), 18.9 ms avg latency, 124.0 ms max latency.
416 records sent, 82.7 records/sec (0.08 MB/sec), 17.1 ms avg latency, 113.0 ms max latency.
418 records sent, 83.6 records/sec (0.08 MB/sec), 14.9 ms avg latency, 80.0 ms max latency.
415 records sent, 82.8 records/sec (0.08 MB/sec), 14.4 ms avg latency, 65.0 ms max latency.
421 records sent, 84.2 records/sec (0.08 MB/sec), 13.8 ms avg latency, 68.0 ms max latency.
415 records sent, 82.8 records/sec (0.08 MB/sec), 14.4 ms avg latency, 80.0 ms max latency.
417 records sent, 83.2 records/sec (0.08 MB/sec), 15.1 ms avg latency, 109.0 ms max latency.
416 records sent, 82.7 records/sec (0.08 MB/sec), 15.0 ms avg latency, 128.0 ms max latency.
430 records sent, 85.8 records/sec (0.08 MB/sec), 17.1 ms avg latency, 159.0 ms max latency.
416 records sent, 83.0 records/sec (0.08 MB/sec), 13.8 ms avg latency, 141.0 ms max latency.
412 records sent, 82.0 records/sec (0.08 MB/sec), 11.6 ms avg latency, 72.0 ms max latency.
421 records sent, 84.1 records/sec (0.08 MB/sec), 13.3 ms avg latency, 93.0 ms max latency.
416 records sent, 83.0 records/sec (0.08 MB/sec), 11.6 ms avg latency, 110.0 ms max latency.
8333 records sent, 82.893978 records/sec (0.08 MB/sec), 133.63 ms avg latency, 9188.00 ms max latency, 12 ms 50th, 1216 ms 95th, 1543 ms 99th, 1617 ms 99.9th.
----- /var/lib/kafka-client/results/security-overhead-final-factorial-plaintext-b5-rf5-isr3-msg1024-tps1000-batch16384-acks1-prod12-compnone-trial3/producer-perf-10.log -----
producer_index=10
producer_count=12
producer_records=8333
producer_throughput=83
1 records sent, 0.1 records/sec (0.00 MB/sec), 8896.0 ms avg latency, 8896.0 ms max latency.
1163 records sent, 232.6 records/sec (0.23 MB/sec), 562.5 ms avg latency, 1136.0 ms max latency.
415 records sent, 82.9 records/sec (0.08 MB/sec), 23.7 ms avg latency, 89.0 ms max latency.
416 records sent, 83.1 records/sec (0.08 MB/sec), 14.2 ms avg latency, 92.0 ms max latency.
415 records sent, 82.4 records/sec (0.08 MB/sec), 14.0 ms avg latency, 61.0 ms max latency.
421 records sent, 84.1 records/sec (0.08 MB/sec), 14.8 ms avg latency, 66.0 ms max latency.
416 records sent, 83.1 records/sec (0.08 MB/sec), 15.6 ms avg latency, 84.0 ms max latency.
415 records sent, 82.9 records/sec (0.08 MB/sec), 16.4 ms avg latency, 117.0 ms max latency.
417 records sent, 83.3 records/sec (0.08 MB/sec), 16.4 ms avg latency, 114.0 ms max latency.
417 records sent, 83.2 records/sec (0.08 MB/sec), 13.9 ms avg latency, 65.0 ms max latency.
415 records sent, 82.9 records/sec (0.08 MB/sec), 13.7 ms avg latency, 55.0 ms max latency.
416 records sent, 83.1 records/sec (0.08 MB/sec), 12.6 ms avg latency, 52.0 ms max latency.
415 records sent, 82.8 records/sec (0.08 MB/sec), 16.6 ms avg latency, 139.0 ms max latency.
418 records sent, 83.4 records/sec (0.08 MB/sec), 16.1 ms avg latency, 120.0 ms max latency.
415 records sent, 82.9 records/sec (0.08 MB/sec), 15.3 ms avg latency, 96.0 ms max latency.
415 records sent, 83.0 records/sec (0.08 MB/sec), 15.1 ms avg latency, 98.0 ms max latency.
415 records sent, 83.0 records/sec (0.08 MB/sec), 13.3 ms avg latency, 111.0 ms max latency.
417 records sent, 83.3 records/sec (0.08 MB/sec), 12.1 ms avg latency, 102.0 ms max latency.
409 records sent, 80.5 records/sec (0.08 MB/sec), 12.7 ms avg latency, 97.0 ms max latency.
8333 records sent, 82.917898 records/sec (0.08 MB/sec), 92.53 ms avg latency, 8896.00 ms max latency, 11 ms 50th, 798 ms 95th, 949 ms 99th, 1089 ms 99.9th.
----- /var/lib/kafka-client/results/security-overhead-final-factorial-plaintext-b5-rf5-isr3-msg1024-tps1000-batch16384-acks1-prod12-compnone-trial3/producer-perf-11.log -----
producer_index=11
producer_count=12
producer_records=8333
producer_throughput=83
1 records sent, 0.1 records/sec (0.00 MB/sec), 9364.0 ms avg latency, 9364.0 ms max latency.
1211 records sent, 241.6 records/sec (0.24 MB/sec), 937.4 ms avg latency, 1763.0 ms max latency.
417 records sent, 83.2 records/sec (0.08 MB/sec), 28.9 ms avg latency, 175.0 ms max latency.
419 records sent, 83.6 records/sec (0.08 MB/sec), 14.5 ms avg latency, 56.0 ms max latency.
416 records sent, 83.1 records/sec (0.08 MB/sec), 13.1 ms avg latency, 73.0 ms max latency.
415 records sent, 82.8 records/sec (0.08 MB/sec), 15.7 ms avg latency, 71.0 ms max latency.
418 records sent, 83.3 records/sec (0.08 MB/sec), 16.7 ms avg latency, 117.0 ms max latency.
415 records sent, 82.9 records/sec (0.08 MB/sec), 19.4 ms avg latency, 191.0 ms max latency.
418 records sent, 83.4 records/sec (0.08 MB/sec), 13.7 ms avg latency, 104.0 ms max latency.
416 records sent, 83.0 records/sec (0.08 MB/sec), 14.4 ms avg latency, 66.0 ms max latency.
417 records sent, 83.2 records/sec (0.08 MB/sec), 13.1 ms avg latency, 56.0 ms max latency.
416 records sent, 83.0 records/sec (0.08 MB/sec), 15.9 ms avg latency, 109.0 ms max latency.
416 records sent, 83.1 records/sec (0.08 MB/sec), 13.7 ms avg latency, 92.0 ms max latency.
415 records sent, 82.8 records/sec (0.08 MB/sec), 15.6 ms avg latency, 96.0 ms max latency.
418 records sent, 83.4 records/sec (0.08 MB/sec), 15.4 ms avg latency, 129.0 ms max latency.
416 records sent, 83.0 records/sec (0.08 MB/sec), 16.6 ms avg latency, 105.0 ms max latency.
415 records sent, 82.9 records/sec (0.08 MB/sec), 12.5 ms avg latency, 119.0 ms max latency.
417 records sent, 83.3 records/sec (0.08 MB/sec), 11.9 ms avg latency, 69.0 ms max latency.
416 records sent, 83.0 records/sec (0.08 MB/sec), 10.5 ms avg latency, 63.0 ms max latency.
8333 records sent, 82.559718 records/sec (0.08 MB/sec), 150.47 ms avg latency, 9364.00 ms max latency, 12 ms 50th, 1316 ms 95th, 1642 ms 99th, 1754 ms 99.9th.
----- /var/lib/kafka-client/results/security-overhead-final-factorial-plaintext-b5-rf5-isr3-msg1024-tps1000-batch16384-acks1-prod12-compnone-trial3/producer-perf-12.log -----
producer_index=12
producer_count=12
producer_records=8333
producer_throughput=83
1 records sent, 0.1 records/sec (0.00 MB/sec), 9040.0 ms avg latency, 9040.0 ms max latency.
1170 records sent, 232.9 records/sec (0.23 MB/sec), 339.4 ms avg latency, 1225.0 ms max latency.
419 records sent, 83.8 records/sec (0.08 MB/sec), 26.5 ms avg latency, 100.0 ms max latency.
417 records sent, 83.2 records/sec (0.08 MB/sec), 12.7 ms avg latency, 58.0 ms max latency.
415 records sent, 82.9 records/sec (0.08 MB/sec), 12.7 ms avg latency, 52.0 ms max latency.
416 records sent, 83.1 records/sec (0.08 MB/sec), 17.8 ms avg latency, 111.0 ms max latency.
415 records sent, 83.0 records/sec (0.08 MB/sec), 17.0 ms avg latency, 125.0 ms max latency.
416 records sent, 83.0 records/sec (0.08 MB/sec), 18.6 ms avg latency, 145.0 ms max latency.
415 records sent, 83.0 records/sec (0.08 MB/sec), 14.7 ms avg latency, 115.0 ms max latency.
416 records sent, 83.1 records/sec (0.08 MB/sec), 14.3 ms avg latency, 75.0 ms max latency.
414 records sent, 82.7 records/sec (0.08 MB/sec), 13.3 ms avg latency, 51.0 ms max latency.
421 records sent, 84.1 records/sec (0.08 MB/sec), 13.7 ms avg latency, 71.0 ms max latency.
415 records sent, 82.9 records/sec (0.08 MB/sec), 14.9 ms avg latency, 124.0 ms max latency.
416 records sent, 83.1 records/sec (0.08 MB/sec), 18.9 ms avg latency, 95.0 ms max latency.
415 records sent, 82.9 records/sec (0.08 MB/sec), 15.2 ms avg latency, 126.0 ms max latency.
417 records sent, 83.2 records/sec (0.08 MB/sec), 15.1 ms avg latency, 106.0 ms max latency.
415 records sent, 82.8 records/sec (0.08 MB/sec), 12.0 ms avg latency, 71.0 ms max latency.
419 records sent, 83.6 records/sec (0.08 MB/sec), 11.4 ms avg latency, 72.0 ms max latency.
415 records sent, 83.0 records/sec (0.08 MB/sec), 11.3 ms avg latency, 84.0 ms max latency.
8333 records sent, 82.812422 records/sec (0.08 MB/sec), 61.87 ms avg latency, 9040.00 ms max latency, 12 ms 50th, 437 ms 95th, 879 ms 99th, 1224 ms 99.9th.
