run_id=security-overhead-final-factorial-tls-b5-rf3-isr3-msg10240-tps10000-batch131072-acksall-prod12-complz4-trial1
producer_count=12
----- /var/lib/kafka-client/results/security-overhead-final-factorial-tls-b5-rf3-isr3-msg10240-tps10000-batch131072-acksall-prod12-complz4-trial1/producer-perf-1.log -----
producer_index=1
producer_count=12
producer_records=8334
producer_throughput=834
1 records sent, 0.1 records/sec (0.00 MB/sec), 15385.0 ms avg latency, 15385.0 ms max latency.
264 records sent, 47.6 records/sec (0.47 MB/sec), 6527.0 ms avg latency, 8438.0 ms max latency.
750 records sent, 144.1 records/sec (1.41 MB/sec), 9772.6 ms avg latency, 11601.0 ms max latency.
2251 records sent, 442.5 records/sec (4.32 MB/sec), 10105.6 ms avg latency, 12010.0 ms max latency.
1995 records sent, 392.8 records/sec (3.84 MB/sec), 7363.1 ms avg latency, 12059.0 ms max latency.
1853 records sent, 368.7 records/sec (3.60 MB/sec), 7601.8 ms avg latency, 8432.0 ms max latency.
8334 records sent, 190.936584 records/sec (1.86 MB/sec), 8321.21 ms avg latency, 15385.00 ms max latency, 7727 ms 50th, 10988 ms 95th, 11688 ms 99th, 12013 ms 99.9th.
----- /var/lib/kafka-client/results/security-overhead-final-factorial-tls-b5-rf3-isr3-msg10240-tps10000-batch131072-acksall-prod12-complz4-trial1/producer-perf-2.log -----
producer_index=2
producer_count=12
producer_records=8334
producer_throughput=834
1 records sent, 0.1 records/sec (0.00 MB/sec), 3060.0 ms avg latency, 3060.0 ms max latency.
222 records sent, 40.2 records/sec (0.39 MB/sec), 5924.7 ms avg latency, 16393.0 ms max latency.
740 records sent, 142.8 records/sec (1.39 MB/sec), 9408.3 ms avg latency, 11708.0 ms max latency.
873 records sent, 156.6 records/sec (1.53 MB/sec), 11725.6 ms avg latency, 13704.0 ms max latency.
952 records sent, 186.2 records/sec (1.82 MB/sec), 15570.3 ms avg latency, 17115.0 ms max latency.
1698 records sent, 337.4 records/sec (3.30 MB/sec), 14685.3 ms avg latency, 17772.0 ms max latency.
8334 records sent, 179.191124 records/sec (1.75 MB/sec), 10079.45 ms avg latency, 17772.00 ms max latency, 10131 ms 50th, 16580 ms 95th, 17454 ms 99th, 17734 ms 99.9th.
----- /var/lib/kafka-client/results/security-overhead-final-factorial-tls-b5-rf3-isr3-msg10240-tps10000-batch131072-acksall-prod12-complz4-trial1/producer-perf-3.log -----
producer_index=3
producer_count=12
producer_records=8334
producer_throughput=834
1 records sent, 0.1 records/sec (0.00 MB/sec), 16069.0 ms avg latency, 16069.0 ms max latency.
244 records sent, 47.2 records/sec (0.46 MB/sec), 5310.1 ms avg latency, 8614.0 ms max latency.
737 records sent, 146.9 records/sec (1.43 MB/sec), 8930.2 ms avg latency, 11543.0 ms max latency.
877 records sent, 160.1 records/sec (1.56 MB/sec), 11049.8 ms avg latency, 13356.0 ms max latency.
1444 records sent, 281.3 records/sec (2.75 MB/sec), 13900.3 ms avg latency, 15320.0 ms max latency.
1652 records sent, 321.0 records/sec (3.13 MB/sec), 11933.8 ms avg latency, 16283.0 ms max latency.
8334 records sent, 178.088339 records/sec (1.74 MB/sec), 9680.30 ms avg latency, 16283.00 ms max latency, 9320 ms 50th, 14345 ms 95th, 15320 ms 99th, 16275 ms 99.9th.
----- /var/lib/kafka-client/results/security-overhead-final-factorial-tls-b5-rf3-isr3-msg10240-tps10000-batch131072-acksall-prod12-complz4-trial1/producer-perf-4.log -----
producer_index=4
producer_count=12
producer_records=8334
producer_throughput=834
1 records sent, 0.1 records/sec (0.00 MB/sec), 17372.0 ms avg latency, 17372.0 ms max latency.
276 records sent, 52.1 records/sec (0.51 MB/sec), 5512.0 ms avg latency, 8324.0 ms max latency.
920 records sent, 179.0 records/sec (1.75 MB/sec), 8291.0 ms avg latency, 9871.0 ms max latency.
1724 records sent, 339.8 records/sec (3.32 MB/sec), 9760.6 ms avg latency, 10919.0 ms max latency.
1701 records sent, 331.4 records/sec (3.24 MB/sec), 9575.0 ms avg latency, 11915.0 ms max latency.
2061 records sent, 406.3 records/sec (3.97 MB/sec), 8370.2 ms avg latency, 9785.0 ms max latency.
8334 records sent, 181.913431 records/sec (1.78 MB/sec), 8470.76 ms avg latency, 17372.00 ms max latency, 8610 ms 50th, 10512 ms 95th, 11409 ms 99th, 11894 ms 99.9th.
----- /var/lib/kafka-client/results/security-overhead-final-factorial-tls-b5-rf3-isr3-msg10240-tps10000-batch131072-acksall-prod12-complz4-trial1/producer-perf-5.log -----
producer_index=5
producer_count=12
producer_records=8333
producer_throughput=833
1 records sent, 0.1 records/sec (0.00 MB/sec), 16610.0 ms avg latency, 16610.0 ms max latency.
236 records sent, 44.4 records/sec (0.43 MB/sec), 6041.8 ms avg latency, 8237.0 ms max latency.
937 records sent, 176.3 records/sec (1.72 MB/sec), 8762.1 ms avg latency, 11376.0 ms max latency.
816 records sent, 148.5 records/sec (1.45 MB/sec), 11041.8 ms avg latency, 13188.0 ms max latency.
1074 records sent, 212.0 records/sec (2.07 MB/sec), 14660.9 ms avg latency, 16668.0 ms max latency.
3089 records sent, 616.8 records/sec (6.02 MB/sec), 10127.3 ms avg latency, 17001.0 ms max latency.
8333 records sent, 186.108319 records/sec (1.82 MB/sec), 8656.85 ms avg latency, 17001.00 ms max latency, 8655 ms 50th, 15405 ms 95th, 16161 ms 99th, 16968 ms 99.9th.
----- /var/lib/kafka-client/results/security-overhead-final-factorial-tls-b5-rf3-isr3-msg10240-tps10000-batch131072-acksall-prod12-complz4-trial1/producer-perf-6.log -----
producer_index=6
producer_count=12
producer_records=8333
producer_throughput=833
1 records sent, 0.1 records/sec (0.00 MB/sec), 2553.0 ms avg latency, 2553.0 ms max latency.
294 records sent, 56.4 records/sec (0.55 MB/sec), 5903.9 ms avg latency, 17244.0 ms max latency.
949 records sent, 178.0 records/sec (1.74 MB/sec), 8124.2 ms avg latency, 10481.0 ms max latency.
1883 records sent, 363.9 records/sec (3.55 MB/sec), 9600.2 ms avg latency, 11182.0 ms max latency.
1655 records sent, 322.9 records/sec (3.15 MB/sec), 9205.2 ms avg latency, 11342.0 ms max latency.
1987 records sent, 387.6 records/sec (3.79 MB/sec), 8560.9 ms avg latency, 9774.0 ms max latency.
8333 records sent, 183.890544 records/sec (1.80 MB/sec), 8497.53 ms avg latency, 17244.00 ms max latency, 8661 ms 50th, 10458 ms 95th, 11020 ms 99th, 11332 ms 99.9th.
----- /var/lib/kafka-client/results/security-overhead-final-factorial-tls-b5-rf3-isr3-msg10240-tps10000-batch131072-acksall-prod12-complz4-trial1/producer-perf-7.log -----
producer_index=7
producer_count=12
producer_records=8333
producer_throughput=833
1 records sent, 0.1 records/sec (0.00 MB/sec), 16547.0 ms avg latency, 16547.0 ms max latency.
262 records sent, 46.9 records/sec (0.46 MB/sec), 6426.9 ms avg latency, 8523.0 ms max latency.
750 records sent, 148.3 records/sec (1.45 MB/sec), 9243.4 ms avg latency, 11419.0 ms max latency.
2195 records sent, 438.3 records/sec (4.28 MB/sec), 10064.6 ms avg latency, 12169.0 ms max latency.
3964 records sent, 780.8 records/sec (7.62 MB/sec), 5074.9 ms avg latency, 11317.0 ms max latency.
8333 records sent, 212.929603 records/sec (2.08 MB/sec), 6490.68 ms avg latency, 16547.00 ms max latency, 5235 ms 50th, 10903 ms 95th, 11613 ms 99th, 12165 ms 99.9th.
----- /var/lib/kafka-client/results/security-overhead-final-factorial-tls-b5-rf3-isr3-msg10240-tps10000-batch131072-acksall-prod12-complz4-trial1/producer-perf-8.log -----
producer_index=8
producer_count=12
producer_records=8333
producer_throughput=833
1 records sent, 0.1 records/sec (0.00 MB/sec), 17240.0 ms avg latency, 17240.0 ms max latency.
323 records sent, 59.6 records/sec (0.58 MB/sec), 6906.9 ms avg latency, 8126.0 ms max latency.
886 records sent, 172.5 records/sec (1.68 MB/sec), 8745.6 ms avg latency, 10503.0 ms max latency.
686 records sent, 131.9 records/sec (1.29 MB/sec), 11327.7 ms avg latency, 13842.0 ms max latency.
1156 records sent, 225.4 records/sec (2.20 MB/sec), 15327.5 ms avg latency, 17048.0 ms max latency.
4277 records sent, 843.9 records/sec (8.24 MB/sec), 7776.1 ms avg latency, 17197.0 ms max latency.
8333 records sent, 187.587232 records/sec (1.83 MB/sec), 8536.28 ms avg latency, 17240.00 ms max latency, 8310 ms 50th, 16207 ms 95th, 16856 ms 99th, 17180 ms 99.9th.
----- /var/lib/kafka-client/results/security-overhead-final-factorial-tls-b5-rf3-isr3-msg10240-tps10000-batch131072-acksall-prod12-complz4-trial1/producer-perf-9.log -----
producer_index=9
producer_count=12
producer_records=8333
producer_throughput=833
1 records sent, 0.1 records/sec (0.00 MB/sec), 17205.0 ms avg latency, 17205.0 ms max latency.
249 records sent, 46.7 records/sec (0.46 MB/sec), 6144.2 ms avg latency, 8798.0 ms max latency.
952 records sent, 184.6 records/sec (1.80 MB/sec), 8397.7 ms avg latency, 9992.0 ms max latency.
1560 records sent, 302.6 records/sec (2.95 MB/sec), 10234.6 ms avg latency, 12224.0 ms max latency.
2407 records sent, 472.1 records/sec (4.61 MB/sec), 9266.5 ms avg latency, 12282.0 ms max latency.
8333 records sent, 197.506577 records/sec (1.93 MB/sec), 7420.09 ms avg latency, 17205.00 ms max latency, 7735 ms 50th, 11257 ms 95th, 11832 ms 99th, 12256 ms 99.9th.
----- /var/lib/kafka-client/results/security-overhead-final-factorial-tls-b5-rf3-isr3-msg10240-tps10000-batch131072-acksall-prod12-complz4-trial1/producer-perf-10.log -----
producer_index=10
producer_count=12
producer_records=8333
producer_throughput=833
1 records sent, 0.1 records/sec (0.00 MB/sec), 15726.0 ms avg latency, 15726.0 ms max latency.
160 records sent, 27.5 records/sec (0.27 MB/sec), 5176.1 ms avg latency, 8375.0 ms max latency.
728 records sent, 137.9 records/sec (1.35 MB/sec), 8547.9 ms avg latency, 11121.0 ms max latency.
1594 records sent, 314.5 records/sec (3.07 MB/sec), 10638.3 ms avg latency, 12644.0 ms max latency.
1663 records sent, 320.5 records/sec (3.13 MB/sec), 10217.0 ms avg latency, 12192.0 ms max latency.
1719 records sent, 333.4 records/sec (3.26 MB/sec), 8900.2 ms avg latency, 9731.0 ms max latency.
8333 records sent, 183.886486 records/sec (1.80 MB/sec), 8751.42 ms avg latency, 15726.00 ms max latency, 8955 ms 50th, 11547 ms 95th, 12128 ms 99th, 12635 ms 99.9th.
----- /var/lib/kafka-client/results/security-overhead-final-factorial-tls-b5-rf3-isr3-msg10240-tps10000-batch131072-acksall-prod12-complz4-trial1/producer-perf-11.log -----
producer_index=11
producer_count=12
producer_records=8333
producer_throughput=833
1 records sent, 0.1 records/sec (0.00 MB/sec), 18151.0 ms avg latency, 18151.0 ms max latency.
419 records sent, 79.6 records/sec (0.78 MB/sec), 7029.4 ms avg latency, 8740.0 ms max latency.
1003 records sent, 200.3 records/sec (1.96 MB/sec), 8400.0 ms avg latency, 10743.0 ms max latency.
707 records sent, 128.7 records/sec (1.26 MB/sec), 11269.3 ms avg latency, 13863.0 ms max latency.
1316 records sent, 263.1 records/sec (2.57 MB/sec), 14850.9 ms avg latency, 16505.0 ms max latency.
3868 records sent, 772.8 records/sec (7.55 MB/sec), 8038.3 ms avg latency, 16839.0 ms max latency.
8333 records sent, 186.195647 records/sec (1.82 MB/sec), 8700.64 ms avg latency, 18151.00 ms max latency, 8252 ms 50th, 15636 ms 95th, 16365 ms 99th, 16838 ms 99.9th.
----- /var/lib/kafka-client/results/security-overhead-final-factorial-tls-b5-rf3-isr3-msg10240-tps10000-batch131072-acksall-prod12-complz4-trial1/producer-perf-12.log -----
producer_index=12
producer_count=12
producer_records=8333
producer_throughput=833
1 records sent, 0.1 records/sec (0.00 MB/sec), 17319.0 ms avg latency, 17319.0 ms max latency.
324 records sent, 58.5 records/sec (0.57 MB/sec), 6998.0 ms avg latency, 8227.0 ms max latency.
961 records sent, 184.9 records/sec (1.81 MB/sec), 8802.4 ms avg latency, 11683.0 ms max latency.
1102 records sent, 219.5 records/sec (2.14 MB/sec), 11745.0 ms avg latency, 15122.0 ms max latency.
1776 records sent, 348.1 records/sec (3.40 MB/sec), 12214.0 ms avg latency, 13856.0 ms max latency.
1935 records sent, 386.8 records/sec (3.78 MB/sec), 8641.6 ms avg latency, 11312.0 ms max latency.
8333 records sent, 179.339288 records/sec (1.75 MB/sec), 9188.40 ms avg latency, 17319.00 ms max latency, 8599 ms 50th, 13038 ms 95th, 13802 ms 99th, 15097 ms 99.9th.
