run_id=security-overhead-final-factorial-mtls-b5-rf3-isr3-msg1024-tps1000-batch16384-acks1-prod6-complz4-trial3
producer_count=6
----- /var/lib/kafka-client/results/security-overhead-final-factorial-mtls-b5-rf3-isr3-msg1024-tps1000-batch16384-acks1-prod6-complz4-trial3/producer-perf-1.log -----
producer_index=1
producer_count=6
producer_records=16667
producer_throughput=167
1 records sent, 0.1 records/sec (0.00 MB/sec), 2179.0 ms avg latency, 2179.0 ms max latency.
2130 records sent, 425.9 records/sec (0.42 MB/sec), 1260.9 ms avg latency, 7743.0 ms max latency.
836 records sent, 167.0 records/sec (0.16 MB/sec), 7.6 ms avg latency, 18.0 ms max latency.
835 records sent, 167.0 records/sec (0.16 MB/sec), 7.4 ms avg latency, 26.0 ms max latency.
837 records sent, 167.2 records/sec (0.16 MB/sec), 7.0 ms avg latency, 14.0 ms max latency.
836 records sent, 167.2 records/sec (0.16 MB/sec), 6.9 ms avg latency, 27.0 ms max latency.
835 records sent, 167.0 records/sec (0.16 MB/sec), 6.7 ms avg latency, 21.0 ms max latency.
836 records sent, 167.2 records/sec (0.16 MB/sec), 6.4 ms avg latency, 16.0 ms max latency.
836 records sent, 167.2 records/sec (0.16 MB/sec), 6.2 ms avg latency, 34.0 ms max latency.
835 records sent, 166.3 records/sec (0.16 MB/sec), 6.3 ms avg latency, 29.0 ms max latency.
838 records sent, 167.5 records/sec (0.16 MB/sec), 6.0 ms avg latency, 22.0 ms max latency.
836 records sent, 167.1 records/sec (0.16 MB/sec), 6.0 ms avg latency, 10.0 ms max latency.
836 records sent, 167.1 records/sec (0.16 MB/sec), 6.1 ms avg latency, 35.0 ms max latency.
836 records sent, 167.1 records/sec (0.16 MB/sec), 5.9 ms avg latency, 11.0 ms max latency.
835 records sent, 166.9 records/sec (0.16 MB/sec), 5.8 ms avg latency, 14.0 ms max latency.
835 records sent, 167.0 records/sec (0.16 MB/sec), 5.9 ms avg latency, 9.0 ms max latency.
835 records sent, 167.0 records/sec (0.16 MB/sec), 5.9 ms avg latency, 23.0 ms max latency.
836 records sent, 167.1 records/sec (0.16 MB/sec), 5.8 ms avg latency, 7.0 ms max latency.
836 records sent, 167.2 records/sec (0.16 MB/sec), 5.9 ms avg latency, 13.0 ms max latency.
16667 records sent, 166.965529 records/sec (0.16 MB/sec), 166.80 ms avg latency, 7743.00 ms max latency, 6 ms 50th, 1931 ms 95th, 2212 ms 99th, 2325 ms 99.9th.
----- /var/lib/kafka-client/results/security-overhead-final-factorial-mtls-b5-rf3-isr3-msg1024-tps1000-batch16384-acks1-prod6-complz4-trial3/producer-perf-2.log -----
producer_index=2
producer_count=6
producer_records=16667
producer_throughput=167
1 records sent, 0.1 records/sec (0.00 MB/sec), 7615.0 ms avg latency, 7615.0 ms max latency.
2112 records sent, 421.7 records/sec (0.41 MB/sec), 1337.8 ms avg latency, 2638.0 ms max latency.
835 records sent, 167.0 records/sec (0.16 MB/sec), 7.2 ms avg latency, 31.0 ms max latency.
836 records sent, 167.2 records/sec (0.16 MB/sec), 7.4 ms avg latency, 28.0 ms max latency.
836 records sent, 167.1 records/sec (0.16 MB/sec), 7.4 ms avg latency, 29.0 ms max latency.
837 records sent, 167.2 records/sec (0.16 MB/sec), 6.9 ms avg latency, 22.0 ms max latency.
836 records sent, 167.2 records/sec (0.16 MB/sec), 6.8 ms avg latency, 32.0 ms max latency.
837 records sent, 167.2 records/sec (0.16 MB/sec), 6.6 ms avg latency, 15.0 ms max latency.
835 records sent, 166.9 records/sec (0.16 MB/sec), 6.2 ms avg latency, 14.0 ms max latency.
836 records sent, 167.0 records/sec (0.16 MB/sec), 6.3 ms avg latency, 29.0 ms max latency.
837 records sent, 167.2 records/sec (0.16 MB/sec), 6.0 ms avg latency, 12.0 ms max latency.
835 records sent, 166.9 records/sec (0.16 MB/sec), 6.0 ms avg latency, 20.0 ms max latency.
836 records sent, 167.1 records/sec (0.16 MB/sec), 5.9 ms avg latency, 31.0 ms max latency.
836 records sent, 167.1 records/sec (0.16 MB/sec), 5.8 ms avg latency, 8.0 ms max latency.
835 records sent, 167.0 records/sec (0.16 MB/sec), 5.9 ms avg latency, 9.0 ms max latency.
835 records sent, 167.0 records/sec (0.16 MB/sec), 6.0 ms avg latency, 9.0 ms max latency.
836 records sent, 167.1 records/sec (0.16 MB/sec), 5.9 ms avg latency, 12.0 ms max latency.
837 records sent, 167.2 records/sec (0.16 MB/sec), 5.8 ms avg latency, 15.0 ms max latency.
835 records sent, 167.0 records/sec (0.16 MB/sec), 5.9 ms avg latency, 29.0 ms max latency.
16667 records sent, 166.923724 records/sec (0.16 MB/sec), 175.52 ms avg latency, 7615.00 ms max latency, 6 ms 50th, 2098 ms 95th, 2444 ms 99th, 2563 ms 99.9th.
----- /var/lib/kafka-client/results/security-overhead-final-factorial-mtls-b5-rf3-isr3-msg1024-tps1000-batch16384-acks1-prod6-complz4-trial3/producer-perf-3.log -----
producer_index=3
producer_count=6
producer_records=16667
producer_throughput=167
1 records sent, 0.1 records/sec (0.00 MB/sec), 7825.0 ms avg latency, 7825.0 ms max latency.
2147 records sent, 429.3 records/sec (0.42 MB/sec), 1408.7 ms avg latency, 2646.0 ms max latency.
836 records sent, 167.1 records/sec (0.16 MB/sec), 7.7 ms avg latency, 18.0 ms max latency.
837 records sent, 167.0 records/sec (0.16 MB/sec), 7.4 ms avg latency, 24.0 ms max latency.
836 records sent, 167.2 records/sec (0.16 MB/sec), 7.0 ms avg latency, 14.0 ms max latency.
837 records sent, 167.2 records/sec (0.16 MB/sec), 6.9 ms avg latency, 15.0 ms max latency.
835 records sent, 166.9 records/sec (0.16 MB/sec), 6.8 ms avg latency, 22.0 ms max latency.
837 records sent, 167.3 records/sec (0.16 MB/sec), 6.5 ms avg latency, 12.0 ms max latency.
835 records sent, 166.9 records/sec (0.16 MB/sec), 6.3 ms avg latency, 32.0 ms max latency.
836 records sent, 167.1 records/sec (0.16 MB/sec), 6.3 ms avg latency, 25.0 ms max latency.
836 records sent, 167.1 records/sec (0.16 MB/sec), 6.1 ms avg latency, 10.0 ms max latency.
835 records sent, 166.9 records/sec (0.16 MB/sec), 6.0 ms avg latency, 19.0 ms max latency.
836 records sent, 167.1 records/sec (0.16 MB/sec), 6.0 ms avg latency, 9.0 ms max latency.
835 records sent, 166.9 records/sec (0.16 MB/sec), 5.9 ms avg latency, 14.0 ms max latency.
836 records sent, 167.1 records/sec (0.16 MB/sec), 5.9 ms avg latency, 8.0 ms max latency.
836 records sent, 167.1 records/sec (0.16 MB/sec), 5.9 ms avg latency, 9.0 ms max latency.
836 records sent, 167.1 records/sec (0.16 MB/sec), 5.9 ms avg latency, 11.0 ms max latency.
835 records sent, 166.9 records/sec (0.16 MB/sec), 5.8 ms avg latency, 8.0 ms max latency.
836 records sent, 167.0 records/sec (0.16 MB/sec), 6.0 ms avg latency, 24.0 ms max latency.
16667 records sent, 166.930411 records/sec (0.16 MB/sec), 187.48 ms avg latency, 7825.00 ms max latency, 6 ms 50th, 2200 ms 95th, 2525 ms 99th, 2643 ms 99.9th.
----- /var/lib/kafka-client/results/security-overhead-final-factorial-mtls-b5-rf3-isr3-msg1024-tps1000-batch16384-acks1-prod6-complz4-trial3/producer-perf-4.log -----
producer_index=4
producer_count=6
producer_records=16667
producer_throughput=167
1 records sent, 0.1 records/sec (0.00 MB/sec), 7969.0 ms avg latency, 7969.0 ms max latency.
2175 records sent, 434.9 records/sec (0.42 MB/sec), 1381.3 ms avg latency, 2763.0 ms max latency.
836 records sent, 167.0 records/sec (0.16 MB/sec), 7.5 ms avg latency, 29.0 ms max latency.
836 records sent, 167.0 records/sec (0.16 MB/sec), 7.3 ms avg latency, 16.0 ms max latency.
836 records sent, 166.9 records/sec (0.16 MB/sec), 7.2 ms avg latency, 17.0 ms max latency.
838 records sent, 167.4 records/sec (0.16 MB/sec), 7.1 ms avg latency, 16.0 ms max latency.
835 records sent, 166.9 records/sec (0.16 MB/sec), 6.9 ms avg latency, 32.0 ms max latency.
837 records sent, 167.3 records/sec (0.16 MB/sec), 6.6 ms avg latency, 26.0 ms max latency.
835 records sent, 167.0 records/sec (0.16 MB/sec), 6.2 ms avg latency, 19.0 ms max latency.
836 records sent, 167.0 records/sec (0.16 MB/sec), 6.1 ms avg latency, 11.0 ms max latency.
835 records sent, 167.0 records/sec (0.16 MB/sec), 6.0 ms avg latency, 11.0 ms max latency.
837 records sent, 167.3 records/sec (0.16 MB/sec), 6.0 ms avg latency, 11.0 ms max latency.
835 records sent, 166.9 records/sec (0.16 MB/sec), 6.0 ms avg latency, 24.0 ms max latency.
836 records sent, 167.0 records/sec (0.16 MB/sec), 5.8 ms avg latency, 8.0 ms max latency.
836 records sent, 167.2 records/sec (0.16 MB/sec), 5.9 ms avg latency, 9.0 ms max latency.
835 records sent, 167.0 records/sec (0.16 MB/sec), 5.9 ms avg latency, 9.0 ms max latency.
836 records sent, 167.0 records/sec (0.16 MB/sec), 5.8 ms avg latency, 9.0 ms max latency.
835 records sent, 166.9 records/sec (0.16 MB/sec), 5.9 ms avg latency, 22.0 ms max latency.
836 records sent, 167.0 records/sec (0.16 MB/sec), 5.9 ms avg latency, 9.0 ms max latency.
16667 records sent, 166.950477 records/sec (0.16 MB/sec), 186.25 ms avg latency, 7969.00 ms max latency, 6 ms 50th, 1987 ms 95th, 2564 ms 99th, 2724 ms 99.9th.
----- /var/lib/kafka-client/results/security-overhead-final-factorial-mtls-b5-rf3-isr3-msg1024-tps1000-batch16384-acks1-prod6-complz4-trial3/producer-perf-5.log -----
producer_index=5
producer_count=6
producer_records=16666
producer_throughput=166
1 records sent, 0.1 records/sec (0.00 MB/sec), 7892.0 ms avg latency, 7892.0 ms max latency.
2148 records sent, 428.5 records/sec (0.42 MB/sec), 1329.1 ms avg latency, 2598.0 ms max latency.
832 records sent, 166.2 records/sec (0.16 MB/sec), 7.7 ms avg latency, 21.0 ms max latency.
830 records sent, 165.9 records/sec (0.16 MB/sec), 8.1 ms avg latency, 20.0 ms max latency.
830 records sent, 166.0 records/sec (0.16 MB/sec), 8.0 ms avg latency, 22.0 ms max latency.
832 records sent, 166.3 records/sec (0.16 MB/sec), 7.4 ms avg latency, 21.0 ms max latency.
831 records sent, 166.0 records/sec (0.16 MB/sec), 7.3 ms avg latency, 31.0 ms max latency.
831 records sent, 166.2 records/sec (0.16 MB/sec), 6.7 ms avg latency, 26.0 ms max latency.
831 records sent, 166.0 records/sec (0.16 MB/sec), 6.4 ms avg latency, 33.0 ms max latency.
830 records sent, 166.0 records/sec (0.16 MB/sec), 6.3 ms avg latency, 14.0 ms max latency.
830 records sent, 165.9 records/sec (0.16 MB/sec), 6.0 ms avg latency, 9.0 ms max latency.
831 records sent, 166.1 records/sec (0.16 MB/sec), 5.9 ms avg latency, 10.0 ms max latency.
831 records sent, 166.1 records/sec (0.16 MB/sec), 6.0 ms avg latency, 36.0 ms max latency.
830 records sent, 165.9 records/sec (0.16 MB/sec), 5.9 ms avg latency, 10.0 ms max latency.
830 records sent, 166.0 records/sec (0.16 MB/sec), 5.9 ms avg latency, 13.0 ms max latency.
831 records sent, 166.2 records/sec (0.16 MB/sec), 5.9 ms avg latency, 14.0 ms max latency.
831 records sent, 166.0 records/sec (0.16 MB/sec), 5.8 ms avg latency, 12.0 ms max latency.
830 records sent, 166.0 records/sec (0.16 MB/sec), 5.8 ms avg latency, 8.0 ms max latency.
831 records sent, 166.1 records/sec (0.16 MB/sec), 5.9 ms avg latency, 24.0 ms max latency.
16666 records sent, 165.962956 records/sec (0.16 MB/sec), 177.43 ms avg latency, 7892.00 ms max latency, 6 ms 50th, 2032 ms 95th, 2385 ms 99th, 2576 ms 99.9th.
----- /var/lib/kafka-client/results/security-overhead-final-factorial-mtls-b5-rf3-isr3-msg1024-tps1000-batch16384-acks1-prod6-complz4-trial3/producer-perf-6.log -----
producer_index=6
producer_count=6
producer_records=16666
producer_throughput=166
1 records sent, 0.1 records/sec (0.00 MB/sec), 8077.0 ms avg latency, 8077.0 ms max latency.
2177 records sent, 435.2 records/sec (0.43 MB/sec), 1423.5 ms avg latency, 2667.0 ms max latency.
832 records sent, 166.4 records/sec (0.16 MB/sec), 7.7 ms avg latency, 28.0 ms max latency.
829 records sent, 165.7 records/sec (0.16 MB/sec), 7.9 ms avg latency, 25.0 ms max latency.
832 records sent, 166.1 records/sec (0.16 MB/sec), 7.8 ms avg latency, 16.0 ms max latency.
832 records sent, 166.2 records/sec (0.16 MB/sec), 7.5 ms avg latency, 29.0 ms max latency.
830 records sent, 165.9 records/sec (0.16 MB/sec), 7.0 ms avg latency, 29.0 ms max latency.
831 records sent, 166.1 records/sec (0.16 MB/sec), 6.7 ms avg latency, 15.0 ms max latency.
831 records sent, 166.1 records/sec (0.16 MB/sec), 6.3 ms avg latency, 30.0 ms max latency.
831 records sent, 166.0 records/sec (0.16 MB/sec), 6.4 ms avg latency, 28.0 ms max latency.
830 records sent, 165.9 records/sec (0.16 MB/sec), 6.0 ms avg latency, 13.0 ms max latency.
832 records sent, 166.2 records/sec (0.16 MB/sec), 6.0 ms avg latency, 26.0 ms max latency.
830 records sent, 165.9 records/sec (0.16 MB/sec), 6.0 ms avg latency, 10.0 ms max latency.
831 records sent, 166.1 records/sec (0.16 MB/sec), 5.8 ms avg latency, 8.0 ms max latency.
831 records sent, 166.0 records/sec (0.16 MB/sec), 5.9 ms avg latency, 13.0 ms max latency.
830 records sent, 165.9 records/sec (0.16 MB/sec), 5.9 ms avg latency, 9.0 ms max latency.
830 records sent, 166.0 records/sec (0.16 MB/sec), 5.8 ms avg latency, 10.0 ms max latency.
832 records sent, 166.2 records/sec (0.16 MB/sec), 5.8 ms avg latency, 7.0 ms max latency.
830 records sent, 165.9 records/sec (0.16 MB/sec), 5.9 ms avg latency, 11.0 ms max latency.
16666 records sent, 165.964608 records/sec (0.16 MB/sec), 192.05 ms avg latency, 8077.00 ms max latency, 6 ms 50th, 2212 ms 95th, 2499 ms 99th, 2601 ms 99.9th.
