run_id=security-overhead-final-factorial-tls-b3-rf3-isr3-msg10240-tps1000-batch16384-acksall-prod12-complz4-trial1
producer_count=12
----- /var/lib/kafka-client/results/security-overhead-final-factorial-tls-b3-rf3-isr3-msg10240-tps1000-batch16384-acksall-prod12-complz4-trial1/producer-perf-1.log -----
producer_index=1
producer_count=12
producer_records=8334
producer_throughput=84
1 records sent, 0.1 records/sec (0.00 MB/sec), 15651.0 ms avg latency, 15651.0 ms max latency.
116 records sent, 22.7 records/sec (0.22 MB/sec), 5564.9 ms avg latency, 7302.0 ms max latency.
282 records sent, 55.9 records/sec (0.55 MB/sec), 8604.6 ms avg latency, 10423.0 ms max latency.
490 records sent, 97.9 records/sec (0.96 MB/sec), 11182.7 ms avg latency, 12187.0 ms max latency.
698 records sent, 138.3 records/sec (1.35 MB/sec), 13450.2 ms avg latency, 14874.0 ms max latency.
1194 records sent, 237.3 records/sec (2.32 MB/sec), 12389.3 ms avg latency, 15513.0 ms max latency.
1086 records sent, 215.8 records/sec (2.11 MB/sec), 3511.1 ms avg latency, 8076.0 ms max latency.
425 records sent, 84.8 records/sec (0.83 MB/sec), 21.6 ms avg latency, 84.0 ms max latency.
422 records sent, 84.1 records/sec (0.82 MB/sec), 17.6 ms avg latency, 75.0 ms max latency.
420 records sent, 83.9 records/sec (0.82 MB/sec), 17.6 ms avg latency, 105.0 ms max latency.
421 records sent, 84.0 records/sec (0.82 MB/sec), 15.6 ms avg latency, 35.0 ms max latency.
421 records sent, 84.0 records/sec (0.82 MB/sec), 14.9 ms avg latency, 45.0 ms max latency.
422 records sent, 84.3 records/sec (0.82 MB/sec), 15.2 ms avg latency, 50.0 ms max latency.
423 records sent, 84.4 records/sec (0.82 MB/sec), 15.4 ms avg latency, 81.0 ms max latency.
420 records sent, 84.0 records/sec (0.82 MB/sec), 14.2 ms avg latency, 54.0 ms max latency.
421 records sent, 84.1 records/sec (0.82 MB/sec), 13.5 ms avg latency, 28.0 ms max latency.
420 records sent, 83.9 records/sec (0.82 MB/sec), 13.8 ms avg latency, 94.0 ms max latency.
8334 records sent, 83.730183 records/sec (0.82 MB/sec), 4395.48 ms avg latency, 15651.00 ms max latency, 24 ms 50th, 14470 ms 95th, 15071 ms 99th, 15418 ms 99.9th.
----- /var/lib/kafka-client/results/security-overhead-final-factorial-tls-b3-rf3-isr3-msg10240-tps1000-batch16384-acksall-prod12-complz4-trial1/producer-perf-2.log -----
producer_index=2
producer_count=12
producer_records=8334
producer_throughput=84
1 records sent, 0.1 records/sec (0.00 MB/sec), 3481.0 ms avg latency, 3481.0 ms max latency.
122 records sent, 24.1 records/sec (0.24 MB/sec), 5606.8 ms avg latency, 14823.0 ms max latency.
258 records sent, 51.5 records/sec (0.50 MB/sec), 9194.6 ms avg latency, 10588.0 ms max latency.
310 records sent, 61.4 records/sec (0.60 MB/sec), 12022.9 ms avg latency, 14011.0 ms max latency.
560 records sent, 111.4 records/sec (1.09 MB/sec), 15439.3 ms avg latency, 16279.0 ms max latency.
1008 records sent, 201.2 records/sec (1.96 MB/sec), 15876.9 ms avg latency, 17589.0 ms max latency.
1428 records sent, 284.5 records/sec (2.78 MB/sec), 7424.8 ms avg latency, 13734.0 ms max latency.
531 records sent, 106.1 records/sec (1.04 MB/sec), 195.0 ms avg latency, 1485.0 ms max latency.
421 records sent, 84.0 records/sec (0.82 MB/sec), 19.4 ms avg latency, 82.0 ms max latency.
420 records sent, 84.0 records/sec (0.82 MB/sec), 16.1 ms avg latency, 41.0 ms max latency.
420 records sent, 84.0 records/sec (0.82 MB/sec), 17.0 ms avg latency, 63.0 ms max latency.
420 records sent, 83.9 records/sec (0.82 MB/sec), 16.1 ms avg latency, 51.0 ms max latency.
422 records sent, 84.2 records/sec (0.82 MB/sec), 16.1 ms avg latency, 89.0 ms max latency.
420 records sent, 84.0 records/sec (0.82 MB/sec), 14.9 ms avg latency, 70.0 ms max latency.
420 records sent, 84.0 records/sec (0.82 MB/sec), 14.7 ms avg latency, 73.0 ms max latency.
421 records sent, 84.0 records/sec (0.82 MB/sec), 14.0 ms avg latency, 59.0 ms max latency.
421 records sent, 84.2 records/sec (0.82 MB/sec), 13.3 ms avg latency, 53.0 ms max latency.
8334 records sent, 83.789952 records/sec (0.82 MB/sec), 5064.43 ms avg latency, 17589.00 ms max latency, 26 ms 50th, 16453 ms 95th, 16891 ms 99th, 17458 ms 99.9th.
----- /var/lib/kafka-client/results/security-overhead-final-factorial-tls-b3-rf3-isr3-msg10240-tps1000-batch16384-acksall-prod12-complz4-trial1/producer-perf-3.log -----
producer_index=3
producer_count=12
producer_records=8334
producer_throughput=84
1 records sent, 0.1 records/sec (0.00 MB/sec), 14738.0 ms avg latency, 14738.0 ms max latency.
116 records sent, 23.2 records/sec (0.23 MB/sec), 5034.8 ms avg latency, 7098.0 ms max latency.
258 records sent, 50.6 records/sec (0.49 MB/sec), 8549.9 ms avg latency, 10083.0 ms max latency.
352 records sent, 70.1 records/sec (0.68 MB/sec), 11720.3 ms avg latency, 13094.0 ms max latency.
692 records sent, 137.1 records/sec (1.34 MB/sec), 14055.2 ms avg latency, 15124.0 ms max latency.
1024 records sent, 204.8 records/sec (2.00 MB/sec), 14158.7 ms avg latency, 16155.0 ms max latency.
1342 records sent, 267.7 records/sec (2.61 MB/sec), 5361.5 ms avg latency, 11062.0 ms max latency.
419 records sent, 83.7 records/sec (0.82 MB/sec), 23.1 ms avg latency, 113.0 ms max latency.
425 records sent, 84.8 records/sec (0.83 MB/sec), 20.0 ms avg latency, 67.0 ms max latency.
421 records sent, 84.0 records/sec (0.82 MB/sec), 16.0 ms avg latency, 59.0 ms max latency.
421 records sent, 84.0 records/sec (0.82 MB/sec), 16.9 ms avg latency, 66.0 ms max latency.
421 records sent, 84.1 records/sec (0.82 MB/sec), 16.5 ms avg latency, 48.0 ms max latency.
421 records sent, 84.0 records/sec (0.82 MB/sec), 15.8 ms avg latency, 57.0 ms max latency.
418 records sent, 83.3 records/sec (0.81 MB/sec), 16.3 ms avg latency, 66.0 ms max latency.
424 records sent, 84.7 records/sec (0.83 MB/sec), 14.6 ms avg latency, 66.0 ms max latency.
423 records sent, 84.4 records/sec (0.82 MB/sec), 14.0 ms avg latency, 43.0 ms max latency.
421 records sent, 84.0 records/sec (0.82 MB/sec), 13.9 ms avg latency, 76.0 ms max latency.
8334 records sent, 83.741961 records/sec (0.82 MB/sec), 4610.61 ms avg latency, 16155.00 ms max latency, 25 ms 50th, 15201 ms 95th, 15672 ms 99th, 15988 ms 99.9th.
----- /var/lib/kafka-client/results/security-overhead-final-factorial-tls-b3-rf3-isr3-msg10240-tps1000-batch16384-acksall-prod12-complz4-trial1/producer-perf-4.log -----
producer_index=4
producer_count=12
producer_records=8334
producer_throughput=84
1 records sent, 0.1 records/sec (0.00 MB/sec), 3856.0 ms avg latency, 3856.0 ms max latency.
128 records sent, 24.6 records/sec (0.24 MB/sec), 5924.7 ms avg latency, 15670.0 ms max latency.
300 records sent, 59.6 records/sec (0.58 MB/sec), 8868.3 ms avg latency, 10476.0 ms max latency.
328 records sent, 65.0 records/sec (0.64 MB/sec), 11730.3 ms avg latency, 13686.0 ms max latency.
728 records sent, 144.5 records/sec (1.41 MB/sec), 14887.5 ms avg latency, 15869.0 ms max latency.
1270 records sent, 253.4 records/sec (2.47 MB/sec), 13239.2 ms avg latency, 16437.0 ms max latency.
1118 records sent, 222.1 records/sec (2.17 MB/sec), 3629.7 ms avg latency, 8580.0 ms max latency.
425 records sent, 84.9 records/sec (0.83 MB/sec), 22.3 ms avg latency, 108.0 ms max latency.
421 records sent, 84.2 records/sec (0.82 MB/sec), 18.3 ms avg latency, 74.0 ms max latency.
422 records sent, 83.9 records/sec (0.82 MB/sec), 16.5 ms avg latency, 45.0 ms max latency.
422 records sent, 84.4 records/sec (0.82 MB/sec), 17.0 ms avg latency, 47.0 ms max latency.
422 records sent, 84.3 records/sec (0.82 MB/sec), 16.1 ms avg latency, 54.0 ms max latency.
422 records sent, 84.3 records/sec (0.82 MB/sec), 15.2 ms avg latency, 50.0 ms max latency.
422 records sent, 84.3 records/sec (0.82 MB/sec), 16.9 ms avg latency, 79.0 ms max latency.
420 records sent, 83.9 records/sec (0.82 MB/sec), 13.7 ms avg latency, 40.0 ms max latency.
420 records sent, 84.0 records/sec (0.82 MB/sec), 14.1 ms avg latency, 38.0 ms max latency.
421 records sent, 84.0 records/sec (0.82 MB/sec), 13.8 ms avg latency, 54.0 ms max latency.
8334 records sent, 83.628518 records/sec (0.82 MB/sec), 4685.91 ms avg latency, 16437.00 ms max latency, 25 ms 50th, 15631 ms 95th, 16003 ms 99th, 16310 ms 99.9th.
----- /var/lib/kafka-client/results/security-overhead-final-factorial-tls-b3-rf3-isr3-msg10240-tps1000-batch16384-acksall-prod12-complz4-trial1/producer-perf-5.log -----
producer_index=5
producer_count=12
producer_records=8333
producer_throughput=83
1 records sent, 0.1 records/sec (0.00 MB/sec), 3034.0 ms avg latency, 3034.0 ms max latency.
126 records sent, 24.6 records/sec (0.24 MB/sec), 5155.6 ms avg latency, 15484.0 ms max latency.
270 records sent, 53.9 records/sec (0.53 MB/sec), 8439.3 ms avg latency, 10061.0 ms max latency.
526 records sent, 105.0 records/sec (1.03 MB/sec), 10975.6 ms avg latency, 12060.0 ms max latency.
638 records sent, 126.9 records/sec (1.24 MB/sec), 13306.4 ms avg latency, 14777.0 ms max latency.
870 records sent, 173.8 records/sec (1.70 MB/sec), 13980.2 ms avg latency, 15738.0 ms max latency.
1176 records sent, 235.2 records/sec (2.30 MB/sec), 7291.2 ms avg latency, 11678.0 ms max latency.
609 records sent, 121.8 records/sec (1.19 MB/sec), 479.0 ms avg latency, 2457.0 ms max latency.
416 records sent, 83.0 records/sec (0.81 MB/sec), 18.5 ms avg latency, 85.0 ms max latency.
416 records sent, 82.9 records/sec (0.81 MB/sec), 16.3 ms avg latency, 54.0 ms max latency.
416 records sent, 83.2 records/sec (0.81 MB/sec), 15.7 ms avg latency, 68.0 ms max latency.
416 records sent, 83.1 records/sec (0.81 MB/sec), 15.1 ms avg latency, 45.0 ms max latency.
420 records sent, 84.0 records/sec (0.82 MB/sec), 15.1 ms avg latency, 75.0 ms max latency.
417 records sent, 83.4 records/sec (0.81 MB/sec), 15.7 ms avg latency, 84.0 ms max latency.
415 records sent, 82.9 records/sec (0.81 MB/sec), 13.8 ms avg latency, 34.0 ms max latency.
416 records sent, 83.1 records/sec (0.81 MB/sec), 13.8 ms avg latency, 46.0 ms max latency.
416 records sent, 83.0 records/sec (0.81 MB/sec), 13.4 ms avg latency, 65.0 ms max latency.
8333 records sent, 82.888206 records/sec (0.81 MB/sec), 4594.36 ms avg latency, 15738.00 ms max latency, 26 ms 50th, 14604 ms 95th, 15301 ms 99th, 15581 ms 99.9th.
----- /var/lib/kafka-client/results/security-overhead-final-factorial-tls-b3-rf3-isr3-msg10240-tps1000-batch16384-acksall-prod12-complz4-trial1/producer-perf-6.log -----
producer_index=6
producer_count=12
producer_records=8333
producer_throughput=83
1 records sent, 0.1 records/sec (0.00 MB/sec), 15925.0 ms avg latency, 15925.0 ms max latency.
128 records sent, 25.3 records/sec (0.25 MB/sec), 5265.2 ms avg latency, 7097.0 ms max latency.
282 records sent, 56.0 records/sec (0.55 MB/sec), 8389.6 ms avg latency, 10200.0 ms max latency.
412 records sent, 82.1 records/sec (0.80 MB/sec), 11672.8 ms avg latency, 13148.0 ms max latency.
662 records sent, 131.6 records/sec (1.28 MB/sec), 14183.6 ms avg latency, 15716.0 ms max latency.
876 records sent, 174.6 records/sec (1.71 MB/sec), 15230.1 ms avg latency, 16887.0 ms max latency.
1438 records sent, 287.3 records/sec (2.81 MB/sec), 6952.3 ms avg latency, 12973.0 ms max latency.
460 records sent, 91.7 records/sec (0.90 MB/sec), 52.0 ms avg latency, 694.0 ms max latency.
417 records sent, 83.1 records/sec (0.81 MB/sec), 17.1 ms avg latency, 42.0 ms max latency.
416 records sent, 83.1 records/sec (0.81 MB/sec), 16.3 ms avg latency, 56.0 ms max latency.
416 records sent, 83.1 records/sec (0.81 MB/sec), 17.3 ms avg latency, 93.0 ms max latency.
417 records sent, 83.1 records/sec (0.81 MB/sec), 16.4 ms avg latency, 71.0 ms max latency.
417 records sent, 83.1 records/sec (0.81 MB/sec), 15.1 ms avg latency, 51.0 ms max latency.
416 records sent, 83.1 records/sec (0.81 MB/sec), 17.1 ms avg latency, 76.0 ms max latency.
415 records sent, 83.0 records/sec (0.81 MB/sec), 14.9 ms avg latency, 67.0 ms max latency.
414 records sent, 82.5 records/sec (0.81 MB/sec), 13.7 ms avg latency, 32.0 ms max latency.
421 records sent, 84.0 records/sec (0.82 MB/sec), 13.0 ms avg latency, 66.0 ms max latency.
8333 records sent, 82.944309 records/sec (0.81 MB/sec), 4881.82 ms avg latency, 16887.00 ms max latency, 27 ms 50th, 15703 ms 95th, 16493 ms 99th, 16691 ms 99.9th.
----- /var/lib/kafka-client/results/security-overhead-final-factorial-tls-b3-rf3-isr3-msg10240-tps1000-batch16384-acksall-prod12-complz4-trial1/producer-perf-7.log -----
producer_index=7
producer_count=12
producer_records=8333
producer_throughput=83
1 records sent, 0.1 records/sec (0.00 MB/sec), 14962.0 ms avg latency, 14962.0 ms max latency.
122 records sent, 24.2 records/sec (0.24 MB/sec), 5150.7 ms avg latency, 7172.0 ms max latency.
240 records sent, 47.5 records/sec (0.46 MB/sec), 8815.4 ms avg latency, 10295.0 ms max latency.
364 records sent, 72.7 records/sec (0.71 MB/sec), 11777.7 ms avg latency, 12998.0 ms max latency.
728 records sent, 145.1 records/sec (1.42 MB/sec), 13910.9 ms avg latency, 14758.0 ms max latency.
1136 records sent, 226.5 records/sec (2.21 MB/sec), 13026.0 ms avg latency, 15410.0 ms max latency.
1165 records sent, 232.5 records/sec (2.27 MB/sec), 4166.4 ms avg latency, 9207.0 ms max latency.
417 records sent, 83.2 records/sec (0.81 MB/sec), 20.7 ms avg latency, 93.0 ms max latency.
415 records sent, 82.9 records/sec (0.81 MB/sec), 18.7 ms avg latency, 90.0 ms max latency.
417 records sent, 83.2 records/sec (0.81 MB/sec), 17.1 ms avg latency, 65.0 ms max latency.
415 records sent, 82.9 records/sec (0.81 MB/sec), 17.4 ms avg latency, 69.0 ms max latency.
416 records sent, 83.0 records/sec (0.81 MB/sec), 15.5 ms avg latency, 44.0 ms max latency.
417 records sent, 83.2 records/sec (0.81 MB/sec), 15.9 ms avg latency, 57.0 ms max latency.
415 records sent, 82.5 records/sec (0.81 MB/sec), 15.9 ms avg latency, 86.0 ms max latency.
419 records sent, 83.6 records/sec (0.82 MB/sec), 15.1 ms avg latency, 79.0 ms max latency.
416 records sent, 83.0 records/sec (0.81 MB/sec), 13.9 ms avg latency, 54.0 ms max latency.
416 records sent, 83.0 records/sec (0.81 MB/sec), 13.7 ms avg latency, 53.0 ms max latency.
8333 records sent, 82.776227 records/sec (0.81 MB/sec), 4427.98 ms avg latency, 15410.00 ms max latency, 24 ms 50th, 14659 ms 95th, 15096 ms 99th, 15346 ms 99.9th.
----- /var/lib/kafka-client/results/security-overhead-final-factorial-tls-b3-rf3-isr3-msg10240-tps1000-batch16384-acksall-prod12-complz4-trial1/producer-perf-8.log -----
producer_index=8
producer_count=12
producer_records=8333
producer_throughput=83
1 records sent, 0.1 records/sec (0.00 MB/sec), 3516.0 ms avg latency, 3516.0 ms max latency.
120 records sent, 23.3 records/sec (0.23 MB/sec), 5489.5 ms avg latency, 15748.0 ms max latency.
282 records sent, 55.9 records/sec (0.55 MB/sec), 8770.0 ms avg latency, 10675.0 ms max latency.
518 records sent, 103.0 records/sec (1.01 MB/sec), 11077.8 ms avg latency, 12060.0 ms max latency.
826 records sent, 165.0 records/sec (1.61 MB/sec), 13209.8 ms avg latency, 14061.0 ms max latency.
1262 records sent, 251.8 records/sec (2.46 MB/sec), 9958.9 ms avg latency, 14430.0 ms max latency.
816 records sent, 163.1 records/sec (1.59 MB/sec), 1620.5 ms avg latency, 5003.0 ms max latency.
416 records sent, 83.1 records/sec (0.81 MB/sec), 21.9 ms avg latency, 101.0 ms max latency.
418 records sent, 83.4 records/sec (0.81 MB/sec), 19.9 ms avg latency, 84.0 ms max latency.
416 records sent, 83.0 records/sec (0.81 MB/sec), 15.8 ms avg latency, 57.0 ms max latency.
416 records sent, 83.1 records/sec (0.81 MB/sec), 16.0 ms avg latency, 39.0 ms max latency.
417 records sent, 83.4 records/sec (0.81 MB/sec), 15.9 ms avg latency, 41.0 ms max latency.
416 records sent, 83.2 records/sec (0.81 MB/sec), 15.6 ms avg latency, 54.0 ms max latency.
414 records sent, 82.8 records/sec (0.81 MB/sec), 17.8 ms avg latency, 89.0 ms max latency.
416 records sent, 83.1 records/sec (0.81 MB/sec), 13.9 ms avg latency, 49.0 ms max latency.
415 records sent, 83.0 records/sec (0.81 MB/sec), 14.0 ms avg latency, 49.0 ms max latency.
417 records sent, 83.2 records/sec (0.81 MB/sec), 13.5 ms avg latency, 110.0 ms max latency.
8333 records sent, 82.653071 records/sec (0.81 MB/sec), 4049.95 ms avg latency, 15748.00 ms max latency, 23 ms 50th, 13665 ms 95th, 14104 ms 99th, 14351 ms 99.9th.
----- /var/lib/kafka-client/results/security-overhead-final-factorial-tls-b3-rf3-isr3-msg10240-tps1000-batch16384-acksall-prod12-complz4-trial1/producer-perf-9.log -----
producer_index=9
producer_count=12
producer_records=8333
producer_throughput=83
1 records sent, 0.1 records/sec (0.00 MB/sec), 15438.0 ms avg latency, 15438.0 ms max latency.
126 records sent, 24.8 records/sec (0.24 MB/sec), 5676.7 ms avg latency, 7653.0 ms max latency.
270 records sent, 54.0 records/sec (0.53 MB/sec), 8742.2 ms avg latency, 10173.0 ms max latency.
322 records sent, 64.3 records/sec (0.63 MB/sec), 11481.3 ms avg latency, 13174.0 ms max latency.
668 records sent, 133.3 records/sec (1.30 MB/sec), 14286.3 ms avg latency, 15511.0 ms max latency.
1164 records sent, 232.3 records/sec (2.27 MB/sec), 14095.7 ms avg latency, 16523.0 ms max latency.
1244 records sent, 248.8 records/sec (2.43 MB/sec), 4726.3 ms avg latency, 10066.0 ms max latency.
417 records sent, 83.4 records/sec (0.81 MB/sec), 21.8 ms avg latency, 86.0 ms max latency.
417 records sent, 83.2 records/sec (0.81 MB/sec), 18.4 ms avg latency, 80.0 ms max latency.
416 records sent, 83.0 records/sec (0.81 MB/sec), 16.2 ms avg latency, 51.0 ms max latency.
417 records sent, 83.2 records/sec (0.81 MB/sec), 16.2 ms avg latency, 67.0 ms max latency.
415 records sent, 83.0 records/sec (0.81 MB/sec), 15.1 ms avg latency, 54.0 ms max latency.
416 records sent, 83.2 records/sec (0.81 MB/sec), 15.4 ms avg latency, 52.0 ms max latency.
416 records sent, 83.2 records/sec (0.81 MB/sec), 15.6 ms avg latency, 77.0 ms max latency.
414 records sent, 82.8 records/sec (0.81 MB/sec), 13.7 ms avg latency, 35.0 ms max latency.
417 records sent, 83.4 records/sec (0.81 MB/sec), 14.1 ms avg latency, 49.0 ms max latency.
416 records sent, 83.0 records/sec (0.81 MB/sec), 13.1 ms avg latency, 39.0 ms max latency.
8333 records sent, 82.907998 records/sec (0.81 MB/sec), 4642.92 ms avg latency, 16523.00 ms max latency, 24 ms 50th, 15623 ms 95th, 16174 ms 99th, 16384 ms 99.9th.
----- /var/lib/kafka-client/results/security-overhead-final-factorial-tls-b3-rf3-isr3-msg10240-tps1000-batch16384-acksall-prod12-complz4-trial1/producer-perf-10.log -----
producer_index=10
producer_count=12
producer_records=8333
producer_throughput=83
1 records sent, 0.1 records/sec (0.00 MB/sec), 3477.0 ms avg latency, 3477.0 ms max latency.
132 records sent, 25.8 records/sec (0.25 MB/sec), 5329.7 ms avg latency, 15703.0 ms max latency.
282 records sent, 55.9 records/sec (0.55 MB/sec), 8370.5 ms avg latency, 9892.0 ms max latency.
416 records sent, 83.1 records/sec (0.81 MB/sec), 11467.1 ms avg latency, 12628.0 ms max latency.
658 records sent, 131.3 records/sec (1.28 MB/sec), 13901.6 ms avg latency, 15056.0 ms max latency.
1224 records sent, 244.7 records/sec (2.39 MB/sec), 12722.2 ms avg latency, 15631.0 ms max latency.
1090 records sent, 218.0 records/sec (2.13 MB/sec), 3495.2 ms avg latency, 8283.0 ms max latency.
419 records sent, 83.6 records/sec (0.82 MB/sec), 24.0 ms avg latency, 101.0 ms max latency.
417 records sent, 83.1 records/sec (0.81 MB/sec), 18.8 ms avg latency, 70.0 ms max latency.
416 records sent, 83.2 records/sec (0.81 MB/sec), 15.7 ms avg latency, 57.0 ms max latency.
416 records sent, 83.0 records/sec (0.81 MB/sec), 16.6 ms avg latency, 51.0 ms max latency.
415 records sent, 83.0 records/sec (0.81 MB/sec), 15.3 ms avg latency, 67.0 ms max latency.
417 records sent, 83.3 records/sec (0.81 MB/sec), 15.4 ms avg latency, 60.0 ms max latency.
416 records sent, 82.5 records/sec (0.81 MB/sec), 16.7 ms avg latency, 85.0 ms max latency.
420 records sent, 83.9 records/sec (0.82 MB/sec), 13.7 ms avg latency, 64.0 ms max latency.
417 records sent, 83.2 records/sec (0.81 MB/sec), 13.5 ms avg latency, 33.0 ms max latency.
416 records sent, 83.2 records/sec (0.81 MB/sec), 13.6 ms avg latency, 47.0 ms max latency.
8333 records sent, 82.822299 records/sec (0.81 MB/sec), 4372.91 ms avg latency, 15703.00 ms max latency, 24 ms 50th, 14904 ms 95th, 15351 ms 99th, 15570 ms 99.9th.
----- /var/lib/kafka-client/results/security-overhead-final-factorial-tls-b3-rf3-isr3-msg10240-tps1000-batch16384-acksall-prod12-complz4-trial1/producer-perf-11.log -----
producer_index=11
producer_count=12
producer_records=8333
producer_throughput=83
1 records sent, 0.1 records/sec (0.00 MB/sec), 14729.0 ms avg latency, 14729.0 ms max latency.
94 records sent, 18.7 records/sec (0.18 MB/sec), 5768.2 ms avg latency, 7661.0 ms max latency.
252 records sent, 48.8 records/sec (0.48 MB/sec), 9162.6 ms avg latency, 10342.0 ms max latency.
460 records sent, 91.5 records/sec (0.89 MB/sec), 11735.5 ms avg latency, 12902.0 ms max latency.
830 records sent, 165.2 records/sec (1.61 MB/sec), 13534.5 ms avg latency, 14551.0 ms max latency.
1152 records sent, 230.1 records/sec (2.25 MB/sec), 11044.6 ms avg latency, 15036.0 ms max latency.
956 records sent, 190.9 records/sec (1.86 MB/sec), 2682.2 ms avg latency, 6670.0 ms max latency.
417 records sent, 83.4 records/sec (0.81 MB/sec), 22.7 ms avg latency, 113.0 ms max latency.
416 records sent, 83.1 records/sec (0.81 MB/sec), 18.8 ms avg latency, 71.0 ms max latency.
416 records sent, 83.1 records/sec (0.81 MB/sec), 15.9 ms avg latency, 53.0 ms max latency.
416 records sent, 83.1 records/sec (0.81 MB/sec), 16.7 ms avg latency, 52.0 ms max latency.
419 records sent, 83.8 records/sec (0.82 MB/sec), 16.2 ms avg latency, 94.0 ms max latency.
417 records sent, 83.3 records/sec (0.81 MB/sec), 14.8 ms avg latency, 52.0 ms max latency.
415 records sent, 82.9 records/sec (0.81 MB/sec), 16.8 ms avg latency, 86.0 ms max latency.
417 records sent, 83.2 records/sec (0.81 MB/sec), 13.8 ms avg latency, 47.0 ms max latency.
415 records sent, 83.0 records/sec (0.81 MB/sec), 14.0 ms avg latency, 59.0 ms max latency.
416 records sent, 83.2 records/sec (0.81 MB/sec), 13.0 ms avg latency, 35.0 ms max latency.
416 records sent, 83.0 records/sec (0.81 MB/sec), 12.5 ms avg latency, 38.0 ms max latency.
8333 records sent, 82.902225 records/sec (0.81 MB/sec), 4183.19 ms avg latency, 15036.00 ms max latency, 23 ms 50th, 13914 ms 95th, 14422 ms 99th, 14758 ms 99.9th.
----- /var/lib/kafka-client/results/security-overhead-final-factorial-tls-b3-rf3-isr3-msg10240-tps1000-batch16384-acksall-prod12-complz4-trial1/producer-perf-12.log -----
producer_index=12
producer_count=12
producer_records=8333
producer_throughput=83
1 records sent, 0.1 records/sec (0.00 MB/sec), 15376.0 ms avg latency, 15376.0 ms max latency.
112 records sent, 22.3 records/sec (0.22 MB/sec), 5598.2 ms avg latency, 7610.0 ms max latency.
258 records sent, 51.5 records/sec (0.50 MB/sec), 8708.9 ms avg latency, 10073.0 ms max latency.
394 records sent, 78.1 records/sec (0.76 MB/sec), 11560.8 ms avg latency, 12877.0 ms max latency.
800 records sent, 158.4 records/sec (1.55 MB/sec), 13598.2 ms avg latency, 14759.0 ms max latency.
1224 records sent, 242.6 records/sec (2.37 MB/sec), 11830.3 ms avg latency, 15068.0 ms max latency.
1004 records sent, 200.2 records/sec (1.96 MB/sec), 2818.4 ms avg latency, 7191.0 ms max latency.
416 records sent, 83.1 records/sec (0.81 MB/sec), 20.9 ms avg latency, 85.0 ms max latency.
417 records sent, 83.3 records/sec (0.81 MB/sec), 17.1 ms avg latency, 64.0 ms max latency.
416 records sent, 83.1 records/sec (0.81 MB/sec), 14.8 ms avg latency, 33.0 ms max latency.
416 records sent, 83.1 records/sec (0.81 MB/sec), 16.4 ms avg latency, 57.0 ms max latency.
414 records sent, 82.7 records/sec (0.81 MB/sec), 15.6 ms avg latency, 44.0 ms max latency.
417 records sent, 83.3 records/sec (0.81 MB/sec), 15.2 ms avg latency, 65.0 ms max latency.
416 records sent, 83.0 records/sec (0.81 MB/sec), 16.2 ms avg latency, 78.0 ms max latency.
417 records sent, 83.3 records/sec (0.81 MB/sec), 14.6 ms avg latency, 38.0 ms max latency.
415 records sent, 82.9 records/sec (0.81 MB/sec), 13.7 ms avg latency, 44.0 ms max latency.
417 records sent, 83.1 records/sec (0.81 MB/sec), 13.8 ms avg latency, 93.0 ms max latency.
8333 records sent, 82.869247 records/sec (0.81 MB/sec), 4284.62 ms avg latency, 15376.00 ms max latency, 23 ms 50th, 14409 ms 95th, 14890 ms 99th, 14987 ms 99.9th.
