run_id=security-overhead-final-factorial-plaintext-b3-rf3-isr3-msg10240-tps1000-batch131072-acks1-prod6-compnone-trial2
producer_count=6
----- /var/lib/kafka-client/results/security-overhead-final-factorial-plaintext-b3-rf3-isr3-msg10240-tps1000-batch131072-acks1-prod6-compnone-trial2/producer-perf-1.log -----
producer_index=1
producer_count=6
producer_records=16667
producer_throughput=167
835 records sent, 166.8 records/sec (1.63 MB/sec), 230.8 ms avg latency, 3576.0 ms max latency.
837 records sent, 167.4 records/sec (1.63 MB/sec), 11.4 ms avg latency, 69.0 ms max latency.
839 records sent, 167.6 records/sec (1.64 MB/sec), 7.6 ms avg latency, 25.0 ms max latency.
836 records sent, 167.2 records/sec (1.63 MB/sec), 7.7 ms avg latency, 21.0 ms max latency.
835 records sent, 167.0 records/sec (1.63 MB/sec), 7.5 ms avg latency, 16.0 ms max latency.
836 records sent, 167.2 records/sec (1.63 MB/sec), 7.3 ms avg latency, 23.0 ms max latency.
836 records sent, 167.0 records/sec (1.63 MB/sec), 7.3 ms avg latency, 14.0 ms max latency.
836 records sent, 167.0 records/sec (1.63 MB/sec), 7.1 ms avg latency, 31.0 ms max latency.
836 records sent, 167.2 records/sec (1.63 MB/sec), 6.7 ms avg latency, 38.0 ms max latency.
836 records sent, 167.1 records/sec (1.63 MB/sec), 6.5 ms avg latency, 20.0 ms max latency.
835 records sent, 166.9 records/sec (1.63 MB/sec), 7.1 ms avg latency, 55.0 ms max latency.
836 records sent, 167.1 records/sec (1.63 MB/sec), 6.5 ms avg latency, 31.0 ms max latency.
836 records sent, 167.0 records/sec (1.63 MB/sec), 6.6 ms avg latency, 38.0 ms max latency.
836 records sent, 167.2 records/sec (1.63 MB/sec), 6.3 ms avg latency, 16.0 ms max latency.
836 records sent, 167.0 records/sec (1.63 MB/sec), 6.5 ms avg latency, 44.0 ms max latency.
835 records sent, 166.9 records/sec (1.63 MB/sec), 6.3 ms avg latency, 21.0 ms max latency.
836 records sent, 167.2 records/sec (1.63 MB/sec), 6.7 ms avg latency, 31.0 ms max latency.
835 records sent, 166.9 records/sec (1.63 MB/sec), 6.7 ms avg latency, 44.0 ms max latency.
836 records sent, 167.1 records/sec (1.63 MB/sec), 6.6 ms avg latency, 53.0 ms max latency.
16667 records sent, 166.947132 records/sec (1.63 MB/sec), 18.30 ms avg latency, 3576.00 ms max latency, 6 ms 50th, 24 ms 95th, 395 ms 99th, 465 ms 99.9th.
----- /var/lib/kafka-client/results/security-overhead-final-factorial-plaintext-b3-rf3-isr3-msg10240-tps1000-batch131072-acks1-prod6-compnone-trial2/producer-perf-2.log -----
producer_index=2
producer_count=6
producer_records=16667
producer_throughput=167
832 records sent, 166.4 records/sec (1.63 MB/sec), 168.8 ms avg latency, 3380.0 ms max latency.
841 records sent, 168.0 records/sec (1.64 MB/sec), 10.8 ms avg latency, 39.0 ms max latency.
837 records sent, 167.3 records/sec (1.63 MB/sec), 7.6 ms avg latency, 26.0 ms max latency.
835 records sent, 167.0 records/sec (1.63 MB/sec), 7.7 ms avg latency, 32.0 ms max latency.
836 records sent, 167.1 records/sec (1.63 MB/sec), 7.6 ms avg latency, 19.0 ms max latency.
835 records sent, 167.0 records/sec (1.63 MB/sec), 7.5 ms avg latency, 15.0 ms max latency.
836 records sent, 167.0 records/sec (1.63 MB/sec), 7.4 ms avg latency, 17.0 ms max latency.
838 records sent, 167.3 records/sec (1.63 MB/sec), 7.0 ms avg latency, 46.0 ms max latency.
836 records sent, 167.1 records/sec (1.63 MB/sec), 6.6 ms avg latency, 37.0 ms max latency.
835 records sent, 167.0 records/sec (1.63 MB/sec), 6.6 ms avg latency, 25.0 ms max latency.
836 records sent, 167.0 records/sec (1.63 MB/sec), 7.2 ms avg latency, 46.0 ms max latency.
836 records sent, 167.1 records/sec (1.63 MB/sec), 6.5 ms avg latency, 19.0 ms max latency.
836 records sent, 166.9 records/sec (1.63 MB/sec), 6.6 ms avg latency, 62.0 ms max latency.
836 records sent, 167.2 records/sec (1.63 MB/sec), 6.5 ms avg latency, 34.0 ms max latency.
836 records sent, 167.1 records/sec (1.63 MB/sec), 6.5 ms avg latency, 40.0 ms max latency.
835 records sent, 166.9 records/sec (1.63 MB/sec), 6.2 ms avg latency, 14.0 ms max latency.
836 records sent, 167.1 records/sec (1.63 MB/sec), 6.5 ms avg latency, 18.0 ms max latency.
836 records sent, 167.0 records/sec (1.63 MB/sec), 6.6 ms avg latency, 38.0 ms max latency.
836 records sent, 167.1 records/sec (1.63 MB/sec), 6.5 ms avg latency, 32.0 ms max latency.
16667 records sent, 166.948805 records/sec (1.63 MB/sec), 15.14 ms avg latency, 3380.00 ms max latency, 6 ms 50th, 23 ms 95th, 251 ms 99th, 311 ms 99.9th.
----- /var/lib/kafka-client/results/security-overhead-final-factorial-plaintext-b3-rf3-isr3-msg10240-tps1000-batch131072-acks1-prod6-compnone-trial2/producer-perf-3.log -----
producer_index=3
producer_count=6
producer_records=16667
producer_throughput=167
834 records sent, 166.3 records/sec (1.62 MB/sec), 159.3 ms avg latency, 3406.0 ms max latency.
842 records sent, 168.3 records/sec (1.64 MB/sec), 10.9 ms avg latency, 51.0 ms max latency.
834 records sent, 166.6 records/sec (1.63 MB/sec), 7.6 ms avg latency, 20.0 ms max latency.
839 records sent, 167.6 records/sec (1.64 MB/sec), 7.6 ms avg latency, 29.0 ms max latency.
835 records sent, 166.9 records/sec (1.63 MB/sec), 7.7 ms avg latency, 40.0 ms max latency.
836 records sent, 167.2 records/sec (1.63 MB/sec), 7.8 ms avg latency, 20.0 ms max latency.
837 records sent, 166.9 records/sec (1.63 MB/sec), 7.3 ms avg latency, 18.0 ms max latency.
836 records sent, 167.2 records/sec (1.63 MB/sec), 7.0 ms avg latency, 25.0 ms max latency.
836 records sent, 167.1 records/sec (1.63 MB/sec), 6.6 ms avg latency, 35.0 ms max latency.
836 records sent, 167.1 records/sec (1.63 MB/sec), 6.6 ms avg latency, 29.0 ms max latency.
835 records sent, 167.0 records/sec (1.63 MB/sec), 6.5 ms avg latency, 26.0 ms max latency.
836 records sent, 167.0 records/sec (1.63 MB/sec), 6.5 ms avg latency, 23.0 ms max latency.
836 records sent, 167.2 records/sec (1.63 MB/sec), 7.0 ms avg latency, 62.0 ms max latency.
836 records sent, 167.0 records/sec (1.63 MB/sec), 6.5 ms avg latency, 32.0 ms max latency.
835 records sent, 167.0 records/sec (1.63 MB/sec), 6.3 ms avg latency, 22.0 ms max latency.
836 records sent, 167.0 records/sec (1.63 MB/sec), 6.3 ms avg latency, 22.0 ms max latency.
836 records sent, 167.1 records/sec (1.63 MB/sec), 6.5 ms avg latency, 18.0 ms max latency.
836 records sent, 167.1 records/sec (1.63 MB/sec), 6.5 ms avg latency, 15.0 ms max latency.
836 records sent, 167.0 records/sec (1.63 MB/sec), 6.6 ms avg latency, 53.0 ms max latency.
16667 records sent, 166.965529 records/sec (1.63 MB/sec), 14.67 ms avg latency, 3406.00 ms max latency, 6 ms 50th, 22 ms 95th, 285 ms 99th, 371 ms 99.9th.
----- /var/lib/kafka-client/results/security-overhead-final-factorial-plaintext-b3-rf3-isr3-msg10240-tps1000-batch131072-acks1-prod6-compnone-trial2/producer-perf-4.log -----
producer_index=4
producer_count=6
producer_records=16667
producer_throughput=167
834 records sent, 166.4 records/sec (1.62 MB/sec), 135.3 ms avg latency, 3792.0 ms max latency.
841 records sent, 168.2 records/sec (1.64 MB/sec), 11.4 ms avg latency, 49.0 ms max latency.
836 records sent, 167.2 records/sec (1.63 MB/sec), 7.6 ms avg latency, 20.0 ms max latency.
836 records sent, 167.1 records/sec (1.63 MB/sec), 7.6 ms avg latency, 17.0 ms max latency.
836 records sent, 167.2 records/sec (1.63 MB/sec), 7.7 ms avg latency, 20.0 ms max latency.
836 records sent, 167.2 records/sec (1.63 MB/sec), 7.6 ms avg latency, 17.0 ms max latency.
837 records sent, 167.4 records/sec (1.63 MB/sec), 7.4 ms avg latency, 15.0 ms max latency.
833 records sent, 166.5 records/sec (1.63 MB/sec), 7.0 ms avg latency, 25.0 ms max latency.
838 records sent, 167.5 records/sec (1.64 MB/sec), 6.5 ms avg latency, 38.0 ms max latency.
834 records sent, 166.5 records/sec (1.63 MB/sec), 6.5 ms avg latency, 23.0 ms max latency.
840 records sent, 167.9 records/sec (1.64 MB/sec), 7.2 ms avg latency, 62.0 ms max latency.
836 records sent, 167.0 records/sec (1.63 MB/sec), 6.4 ms avg latency, 27.0 ms max latency.
835 records sent, 167.0 records/sec (1.63 MB/sec), 6.8 ms avg latency, 38.0 ms max latency.
837 records sent, 167.3 records/sec (1.63 MB/sec), 6.4 ms avg latency, 35.0 ms max latency.
835 records sent, 167.0 records/sec (1.63 MB/sec), 6.4 ms avg latency, 22.0 ms max latency.
836 records sent, 167.0 records/sec (1.63 MB/sec), 6.3 ms avg latency, 15.0 ms max latency.
835 records sent, 167.0 records/sec (1.63 MB/sec), 6.5 ms avg latency, 20.0 ms max latency.
837 records sent, 167.2 records/sec (1.63 MB/sec), 6.7 ms avg latency, 44.0 ms max latency.
836 records sent, 167.1 records/sec (1.63 MB/sec), 6.4 ms avg latency, 32.0 ms max latency.
16667 records sent, 166.962184 records/sec (1.63 MB/sec), 13.51 ms avg latency, 3792.00 ms max latency, 6 ms 50th, 27 ms 95th, 204 ms 99th, 384 ms 99.9th.
----- /var/lib/kafka-client/results/security-overhead-final-factorial-plaintext-b3-rf3-isr3-msg10240-tps1000-batch131072-acks1-prod6-compnone-trial2/producer-perf-5.log -----
producer_index=5
producer_count=6
producer_records=16666
producer_throughput=166
829 records sent, 165.6 records/sec (1.62 MB/sec), 115.0 ms avg latency, 3732.0 ms max latency.
833 records sent, 166.5 records/sec (1.63 MB/sec), 11.1 ms avg latency, 36.0 ms max latency.
831 records sent, 166.0 records/sec (1.62 MB/sec), 8.1 ms avg latency, 16.0 ms max latency.
832 records sent, 166.2 records/sec (1.62 MB/sec), 8.1 ms avg latency, 32.0 ms max latency.
831 records sent, 166.1 records/sec (1.62 MB/sec), 8.0 ms avg latency, 17.0 ms max latency.
831 records sent, 166.1 records/sec (1.62 MB/sec), 7.5 ms avg latency, 16.0 ms max latency.
832 records sent, 166.2 records/sec (1.62 MB/sec), 7.6 ms avg latency, 21.0 ms max latency.
831 records sent, 166.0 records/sec (1.62 MB/sec), 7.2 ms avg latency, 46.0 ms max latency.
831 records sent, 166.1 records/sec (1.62 MB/sec), 6.7 ms avg latency, 42.0 ms max latency.
831 records sent, 166.0 records/sec (1.62 MB/sec), 6.8 ms avg latency, 23.0 ms max latency.
830 records sent, 165.9 records/sec (1.62 MB/sec), 7.3 ms avg latency, 103.0 ms max latency.
832 records sent, 166.3 records/sec (1.62 MB/sec), 6.5 ms avg latency, 22.0 ms max latency.
830 records sent, 165.7 records/sec (1.62 MB/sec), 6.8 ms avg latency, 60.0 ms max latency.
831 records sent, 166.2 records/sec (1.62 MB/sec), 6.3 ms avg latency, 20.0 ms max latency.
831 records sent, 165.6 records/sec (1.62 MB/sec), 6.3 ms avg latency, 24.0 ms max latency.
832 records sent, 166.4 records/sec (1.63 MB/sec), 6.3 ms avg latency, 18.0 ms max latency.
831 records sent, 166.2 records/sec (1.62 MB/sec), 6.5 ms avg latency, 16.0 ms max latency.
830 records sent, 166.0 records/sec (1.62 MB/sec), 6.5 ms avg latency, 22.0 ms max latency.
831 records sent, 166.2 records/sec (1.62 MB/sec), 6.4 ms avg latency, 26.0 ms max latency.
830 records sent, 165.9 records/sec (1.62 MB/sec), 6.2 ms avg latency, 20.0 ms max latency.
16666 records sent, 165.954693 records/sec (1.62 MB/sec), 12.54 ms avg latency, 3732.00 ms max latency, 6 ms 50th, 23 ms 95th, 152 ms 99th, 376 ms 99.9th.
----- /var/lib/kafka-client/results/security-overhead-final-factorial-plaintext-b3-rf3-isr3-msg10240-tps1000-batch131072-acks1-prod6-compnone-trial2/producer-perf-6.log -----
producer_index=6
producer_count=6
producer_records=16666
producer_throughput=166
827 records sent, 165.3 records/sec (1.61 MB/sec), 111.4 ms avg latency, 3901.0 ms max latency.
836 records sent, 167.1 records/sec (1.63 MB/sec), 11.0 ms avg latency, 43.0 ms max latency.
832 records sent, 166.2 records/sec (1.62 MB/sec), 8.0 ms avg latency, 15.0 ms max latency.
830 records sent, 165.9 records/sec (1.62 MB/sec), 8.1 ms avg latency, 16.0 ms max latency.
833 records sent, 166.6 records/sec (1.63 MB/sec), 8.0 ms avg latency, 20.0 ms max latency.
831 records sent, 166.2 records/sec (1.62 MB/sec), 7.9 ms avg latency, 15.0 ms max latency.
830 records sent, 165.9 records/sec (1.62 MB/sec), 7.7 ms avg latency, 16.0 ms max latency.
832 records sent, 166.2 records/sec (1.62 MB/sec), 7.2 ms avg latency, 45.0 ms max latency.
830 records sent, 166.0 records/sec (1.62 MB/sec), 6.6 ms avg latency, 35.0 ms max latency.
830 records sent, 165.9 records/sec (1.62 MB/sec), 6.7 ms avg latency, 27.0 ms max latency.
831 records sent, 166.0 records/sec (1.62 MB/sec), 6.6 ms avg latency, 31.0 ms max latency.
831 records sent, 166.0 records/sec (1.62 MB/sec), 6.5 ms avg latency, 23.0 ms max latency.
831 records sent, 166.2 records/sec (1.62 MB/sec), 6.4 ms avg latency, 33.0 ms max latency.
825 records sent, 164.9 records/sec (1.61 MB/sec), 6.3 ms avg latency, 37.0 ms max latency.
836 records sent, 167.1 records/sec (1.63 MB/sec), 6.3 ms avg latency, 38.0 ms max latency.
831 records sent, 166.0 records/sec (1.62 MB/sec), 6.2 ms avg latency, 14.0 ms max latency.
832 records sent, 166.2 records/sec (1.62 MB/sec), 6.6 ms avg latency, 18.0 ms max latency.
831 records sent, 166.1 records/sec (1.62 MB/sec), 6.7 ms avg latency, 38.0 ms max latency.
830 records sent, 166.0 records/sec (1.62 MB/sec), 6.3 ms avg latency, 25.0 ms max latency.
831 records sent, 166.0 records/sec (1.62 MB/sec), 6.1 ms avg latency, 11.0 ms max latency.
16666 records sent, 165.961303 records/sec (1.62 MB/sec), 12.29 ms avg latency, 3901.00 ms max latency, 6 ms 50th, 24 ms 95th, 170 ms 99th, 441 ms 99.9th.
