run_id=security-overhead-final-factorial-tls-b5-rf5-isr4-msg1024-tps1000-batch131072-acksall-prod6-complz4-trial3
producer_count=6
----- /var/lib/kafka-client/results/security-overhead-final-factorial-tls-b5-rf5-isr4-msg1024-tps1000-batch131072-acksall-prod6-complz4-trial3/producer-perf-1.log -----
producer_index=1
producer_count=6
producer_records=16667
producer_throughput=167
1 records sent, 0.1 records/sec (0.00 MB/sec), 8218.0 ms avg latency, 8218.0 ms max latency.
2213 records sent, 441.3 records/sec (0.43 MB/sec), 1209.3 ms avg latency, 2159.0 ms max latency.
838 records sent, 167.5 records/sec (0.16 MB/sec), 14.7 ms avg latency, 99.0 ms max latency.
836 records sent, 167.1 records/sec (0.16 MB/sec), 11.4 ms avg latency, 44.0 ms max latency.
837 records sent, 167.1 records/sec (0.16 MB/sec), 10.3 ms avg latency, 46.0 ms max latency.
836 records sent, 167.2 records/sec (0.16 MB/sec), 10.3 ms avg latency, 33.0 ms max latency.
835 records sent, 166.9 records/sec (0.16 MB/sec), 9.8 ms avg latency, 35.0 ms max latency.
836 records sent, 167.1 records/sec (0.16 MB/sec), 11.2 ms avg latency, 70.0 ms max latency.
841 records sent, 168.0 records/sec (0.16 MB/sec), 9.8 ms avg latency, 56.0 ms max latency.
837 records sent, 167.0 records/sec (0.16 MB/sec), 9.7 ms avg latency, 34.0 ms max latency.
836 records sent, 167.2 records/sec (0.16 MB/sec), 9.2 ms avg latency, 33.0 ms max latency.
836 records sent, 167.0 records/sec (0.16 MB/sec), 8.4 ms avg latency, 29.0 ms max latency.
836 records sent, 167.1 records/sec (0.16 MB/sec), 8.8 ms avg latency, 37.0 ms max latency.
835 records sent, 167.0 records/sec (0.16 MB/sec), 8.2 ms avg latency, 27.0 ms max latency.
836 records sent, 167.1 records/sec (0.16 MB/sec), 7.8 ms avg latency, 21.0 ms max latency.
837 records sent, 167.2 records/sec (0.16 MB/sec), 7.5 ms avg latency, 18.0 ms max latency.
835 records sent, 166.9 records/sec (0.16 MB/sec), 8.1 ms avg latency, 49.0 ms max latency.
836 records sent, 167.1 records/sec (0.16 MB/sec), 7.6 ms avg latency, 38.0 ms max latency.
835 records sent, 167.0 records/sec (0.16 MB/sec), 7.7 ms avg latency, 26.0 ms max latency.
16667 records sent, 166.903665 records/sec (0.16 MB/sec), 169.23 ms avg latency, 8218.00 ms max latency, 9 ms 50th, 1760 ms 95th, 2106 ms 99th, 2140 ms 99.9th.
----- /var/lib/kafka-client/results/security-overhead-final-factorial-tls-b5-rf5-isr4-msg1024-tps1000-batch131072-acksall-prod6-complz4-trial3/producer-perf-2.log -----
producer_index=2
producer_count=6
producer_records=16667
producer_throughput=167
1 records sent, 0.1 records/sec (0.00 MB/sec), 1119.0 ms avg latency, 1119.0 ms max latency.
2207 records sent, 440.1 records/sec (0.43 MB/sec), 1041.7 ms avg latency, 8431.0 ms max latency.
838 records sent, 167.1 records/sec (0.16 MB/sec), 13.2 ms avg latency, 81.0 ms max latency.
838 records sent, 167.3 records/sec (0.16 MB/sec), 11.2 ms avg latency, 54.0 ms max latency.
838 records sent, 167.2 records/sec (0.16 MB/sec), 10.2 ms avg latency, 48.0 ms max latency.
838 records sent, 167.4 records/sec (0.16 MB/sec), 10.5 ms avg latency, 33.0 ms max latency.
836 records sent, 167.1 records/sec (0.16 MB/sec), 10.1 ms avg latency, 43.0 ms max latency.
835 records sent, 166.9 records/sec (0.16 MB/sec), 10.9 ms avg latency, 58.0 ms max latency.
838 records sent, 167.5 records/sec (0.16 MB/sec), 10.4 ms avg latency, 64.0 ms max latency.
832 records sent, 165.8 records/sec (0.16 MB/sec), 9.9 ms avg latency, 39.0 ms max latency.
844 records sent, 168.7 records/sec (0.16 MB/sec), 9.4 ms avg latency, 42.0 ms max latency.
835 records sent, 166.8 records/sec (0.16 MB/sec), 9.2 ms avg latency, 47.0 ms max latency.
837 records sent, 167.2 records/sec (0.16 MB/sec), 9.0 ms avg latency, 40.0 ms max latency.
836 records sent, 167.1 records/sec (0.16 MB/sec), 8.3 ms avg latency, 57.0 ms max latency.
835 records sent, 166.9 records/sec (0.16 MB/sec), 7.7 ms avg latency, 27.0 ms max latency.
836 records sent, 167.2 records/sec (0.16 MB/sec), 7.5 ms avg latency, 26.0 ms max latency.
836 records sent, 167.0 records/sec (0.16 MB/sec), 7.9 ms avg latency, 46.0 ms max latency.
835 records sent, 167.0 records/sec (0.16 MB/sec), 7.7 ms avg latency, 39.0 ms max latency.
836 records sent, 167.1 records/sec (0.16 MB/sec), 7.6 ms avg latency, 28.0 ms max latency.
16667 records sent, 166.890295 records/sec (0.16 MB/sec), 146.18 ms avg latency, 8431.00 ms max latency, 9 ms 50th, 1651 ms 95th, 1942 ms 99th, 2072 ms 99.9th.
----- /var/lib/kafka-client/results/security-overhead-final-factorial-tls-b5-rf5-isr4-msg1024-tps1000-batch131072-acksall-prod6-complz4-trial3/producer-perf-3.log -----
producer_index=3
producer_count=6
producer_records=16667
producer_throughput=167
1 records sent, 0.1 records/sec (0.00 MB/sec), 1057.0 ms avg latency, 1057.0 ms max latency.
2259 records sent, 451.4 records/sec (0.44 MB/sec), 1293.9 ms avg latency, 8700.0 ms max latency.
839 records sent, 167.0 records/sec (0.16 MB/sec), 12.8 ms avg latency, 57.0 ms max latency.
840 records sent, 167.9 records/sec (0.16 MB/sec), 11.3 ms avg latency, 50.0 ms max latency.
835 records sent, 166.8 records/sec (0.16 MB/sec), 10.8 ms avg latency, 55.0 ms max latency.
839 records sent, 167.4 records/sec (0.16 MB/sec), 10.6 ms avg latency, 40.0 ms max latency.
836 records sent, 167.0 records/sec (0.16 MB/sec), 10.0 ms avg latency, 35.0 ms max latency.
837 records sent, 167.2 records/sec (0.16 MB/sec), 10.6 ms avg latency, 59.0 ms max latency.
830 records sent, 166.0 records/sec (0.16 MB/sec), 10.6 ms avg latency, 58.0 ms max latency.
843 records sent, 168.5 records/sec (0.16 MB/sec), 9.5 ms avg latency, 48.0 ms max latency.
836 records sent, 167.2 records/sec (0.16 MB/sec), 9.3 ms avg latency, 43.0 ms max latency.
835 records sent, 167.0 records/sec (0.16 MB/sec), 8.6 ms avg latency, 36.0 ms max latency.
835 records sent, 166.9 records/sec (0.16 MB/sec), 9.0 ms avg latency, 57.0 ms max latency.
836 records sent, 167.1 records/sec (0.16 MB/sec), 7.9 ms avg latency, 19.0 ms max latency.
836 records sent, 167.1 records/sec (0.16 MB/sec), 7.7 ms avg latency, 21.0 ms max latency.
836 records sent, 167.0 records/sec (0.16 MB/sec), 7.5 ms avg latency, 26.0 ms max latency.
836 records sent, 167.1 records/sec (0.16 MB/sec), 8.1 ms avg latency, 49.0 ms max latency.
836 records sent, 167.1 records/sec (0.16 MB/sec), 7.6 ms avg latency, 36.0 ms max latency.
835 records sent, 167.0 records/sec (0.16 MB/sec), 7.8 ms avg latency, 28.0 ms max latency.
16667 records sent, 166.935427 records/sec (0.16 MB/sec), 183.54 ms avg latency, 8700.00 ms max latency, 9 ms 50th, 2141 ms 95th, 2278 ms 99th, 2331 ms 99.9th.
----- /var/lib/kafka-client/results/security-overhead-final-factorial-tls-b5-rf5-isr4-msg1024-tps1000-batch131072-acksall-prod6-complz4-trial3/producer-perf-4.log -----
producer_index=4
producer_count=6
producer_records=16667
producer_throughput=167
1 records sent, 0.1 records/sec (0.00 MB/sec), 1392.0 ms avg latency, 1392.0 ms max latency.
2234 records sent, 444.5 records/sec (0.43 MB/sec), 1194.0 ms avg latency, 8522.0 ms max latency.
841 records sent, 168.0 records/sec (0.16 MB/sec), 15.2 ms avg latency, 77.0 ms max latency.
836 records sent, 167.0 records/sec (0.16 MB/sec), 11.2 ms avg latency, 36.0 ms max latency.
836 records sent, 167.0 records/sec (0.16 MB/sec), 10.7 ms avg latency, 50.0 ms max latency.
838 records sent, 167.5 records/sec (0.16 MB/sec), 10.1 ms avg latency, 34.0 ms max latency.
835 records sent, 167.0 records/sec (0.16 MB/sec), 9.7 ms avg latency, 36.0 ms max latency.
836 records sent, 167.1 records/sec (0.16 MB/sec), 10.0 ms avg latency, 48.0 ms max latency.
836 records sent, 167.1 records/sec (0.16 MB/sec), 10.8 ms avg latency, 76.0 ms max latency.
835 records sent, 167.0 records/sec (0.16 MB/sec), 10.0 ms avg latency, 32.0 ms max latency.
836 records sent, 167.1 records/sec (0.16 MB/sec), 9.4 ms avg latency, 52.0 ms max latency.
835 records sent, 166.8 records/sec (0.16 MB/sec), 9.0 ms avg latency, 43.0 ms max latency.
836 records sent, 167.2 records/sec (0.16 MB/sec), 9.6 ms avg latency, 41.0 ms max latency.
837 records sent, 167.2 records/sec (0.16 MB/sec), 8.0 ms avg latency, 26.0 ms max latency.
835 records sent, 167.0 records/sec (0.16 MB/sec), 7.9 ms avg latency, 25.0 ms max latency.
837 records sent, 167.4 records/sec (0.16 MB/sec), 7.7 ms avg latency, 31.0 ms max latency.
835 records sent, 166.9 records/sec (0.16 MB/sec), 8.1 ms avg latency, 48.0 ms max latency.
836 records sent, 167.1 records/sec (0.16 MB/sec), 7.8 ms avg latency, 40.0 ms max latency.
836 records sent, 167.2 records/sec (0.16 MB/sec), 7.7 ms avg latency, 25.0 ms max latency.
16667 records sent, 166.846858 records/sec (0.16 MB/sec), 168.40 ms avg latency, 8522.00 ms max latency, 9 ms 50th, 1976 ms 95th, 2122 ms 99th, 2143 ms 99.9th.
----- /var/lib/kafka-client/results/security-overhead-final-factorial-tls-b5-rf5-isr4-msg1024-tps1000-batch131072-acksall-prod6-complz4-trial3/producer-perf-5.log -----
producer_index=5
producer_count=6
producer_records=16666
producer_throughput=166
1 records sent, 0.1 records/sec (0.00 MB/sec), 8591.0 ms avg latency, 8591.0 ms max latency.
2263 records sent, 451.6 records/sec (0.44 MB/sec), 1101.7 ms avg latency, 2116.0 ms max latency.
832 records sent, 166.2 records/sec (0.16 MB/sec), 15.5 ms avg latency, 181.0 ms max latency.
830 records sent, 166.0 records/sec (0.16 MB/sec), 11.8 ms avg latency, 46.0 ms max latency.
831 records sent, 165.8 records/sec (0.16 MB/sec), 11.0 ms avg latency, 45.0 ms max latency.
832 records sent, 166.4 records/sec (0.16 MB/sec), 11.0 ms avg latency, 37.0 ms max latency.
833 records sent, 166.2 records/sec (0.16 MB/sec), 10.7 ms avg latency, 42.0 ms max latency.
831 records sent, 166.0 records/sec (0.16 MB/sec), 11.1 ms avg latency, 84.0 ms max latency.
830 records sent, 165.9 records/sec (0.16 MB/sec), 10.9 ms avg latency, 57.0 ms max latency.
833 records sent, 166.4 records/sec (0.16 MB/sec), 10.9 ms avg latency, 47.0 ms max latency.
831 records sent, 166.1 records/sec (0.16 MB/sec), 9.8 ms avg latency, 44.0 ms max latency.
832 records sent, 166.1 records/sec (0.16 MB/sec), 9.0 ms avg latency, 34.0 ms max latency.
833 records sent, 166.2 records/sec (0.16 MB/sec), 9.2 ms avg latency, 42.0 ms max latency.
830 records sent, 165.9 records/sec (0.16 MB/sec), 8.3 ms avg latency, 27.0 ms max latency.
831 records sent, 166.1 records/sec (0.16 MB/sec), 7.9 ms avg latency, 23.0 ms max latency.
831 records sent, 166.1 records/sec (0.16 MB/sec), 7.8 ms avg latency, 25.0 ms max latency.
830 records sent, 165.9 records/sec (0.16 MB/sec), 8.1 ms avg latency, 48.0 ms max latency.
831 records sent, 166.2 records/sec (0.16 MB/sec), 7.8 ms avg latency, 35.0 ms max latency.
830 records sent, 165.9 records/sec (0.16 MB/sec), 7.9 ms avg latency, 29.0 ms max latency.
16666 records sent, 165.959650 records/sec (0.16 MB/sec), 158.66 ms avg latency, 8591.00 ms max latency, 9 ms 50th, 1753 ms 95th, 1997 ms 99th, 2098 ms 99.9th.
----- /var/lib/kafka-client/results/security-overhead-final-factorial-tls-b5-rf5-isr4-msg1024-tps1000-batch131072-acksall-prod6-complz4-trial3/producer-perf-6.log -----
producer_index=6
producer_count=6
producer_records=16666
producer_throughput=166
1 records sent, 0.1 records/sec (0.00 MB/sec), 8734.0 ms avg latency, 8734.0 ms max latency.
2283 records sent, 456.2 records/sec (0.45 MB/sec), 977.3 ms avg latency, 1774.0 ms max latency.
833 records sent, 166.6 records/sec (0.16 MB/sec), 12.9 ms avg latency, 56.0 ms max latency.
831 records sent, 166.2 records/sec (0.16 MB/sec), 12.6 ms avg latency, 47.0 ms max latency.
829 records sent, 165.8 records/sec (0.16 MB/sec), 11.2 ms avg latency, 53.0 ms max latency.
832 records sent, 166.2 records/sec (0.16 MB/sec), 10.7 ms avg latency, 37.0 ms max latency.
833 records sent, 166.1 records/sec (0.16 MB/sec), 10.7 ms avg latency, 42.0 ms max latency.
831 records sent, 166.1 records/sec (0.16 MB/sec), 11.3 ms avg latency, 78.0 ms max latency.
831 records sent, 166.1 records/sec (0.16 MB/sec), 11.2 ms avg latency, 58.0 ms max latency.
833 records sent, 166.3 records/sec (0.16 MB/sec), 9.9 ms avg latency, 38.0 ms max latency.
831 records sent, 165.9 records/sec (0.16 MB/sec), 9.7 ms avg latency, 47.0 ms max latency.
832 records sent, 165.8 records/sec (0.16 MB/sec), 8.8 ms avg latency, 30.0 ms max latency.
841 records sent, 168.1 records/sec (0.16 MB/sec), 9.4 ms avg latency, 64.0 ms max latency.
831 records sent, 165.9 records/sec (0.16 MB/sec), 8.3 ms avg latency, 23.0 ms max latency.
832 records sent, 166.3 records/sec (0.16 MB/sec), 7.9 ms avg latency, 25.0 ms max latency.
831 records sent, 166.1 records/sec (0.16 MB/sec), 7.6 ms avg latency, 23.0 ms max latency.
831 records sent, 166.1 records/sec (0.16 MB/sec), 8.2 ms avg latency, 48.0 ms max latency.
830 records sent, 166.0 records/sec (0.16 MB/sec), 7.7 ms avg latency, 35.0 ms max latency.
832 records sent, 166.2 records/sec (0.16 MB/sec), 7.7 ms avg latency, 24.0 ms max latency.
16666 records sent, 165.918345 records/sec (0.16 MB/sec), 142.78 ms avg latency, 8734.00 ms max latency, 9 ms 50th, 1577 ms 95th, 1663 ms 99th, 1763 ms 99.9th.
