run_id=security-overhead-final-factorial-tls-b3-rf3-isr3-msg102400-tps10000-batch131072-acksall-prod6-complz4-trial2
producer_count=6
----- /var/lib/kafka-client/results/security-overhead-final-factorial-tls-b3-rf3-isr3-msg102400-tps10000-batch131072-acksall-prod6-complz4-trial2/producer-perf-1.log -----
producer_index=1
producer_count=6
producer_records=16667
producer_throughput=1667
1 records sent, 0.1 records/sec (0.01 MB/sec), 1349.0 ms avg latency, 1349.0 ms max latency.
138 records sent, 27.5 records/sec (2.69 MB/sec), 3869.7 ms avg latency, 8155.0 ms max latency.
316 records sent, 63.2 records/sec (6.17 MB/sec), 4711.1 ms avg latency, 5905.0 ms max latency.
514 records sent, 102.8 records/sec (10.04 MB/sec), 3074.5 ms avg latency, 4341.0 ms max latency.
702 records sent, 140.4 records/sec (13.71 MB/sec), 536.1 ms avg latency, 1573.0 ms max latency.
602 records sent, 120.0 records/sec (11.72 MB/sec), 42.8 ms avg latency, 157.0 ms max latency.
621 records sent, 122.5 records/sec (11.96 MB/sec), 35.9 ms avg latency, 127.0 ms max latency.
672 records sent, 134.3 records/sec (13.11 MB/sec), 40.7 ms avg latency, 186.0 ms max latency.
658 records sent, 130.8 records/sec (12.78 MB/sec), 38.2 ms avg latency, 181.0 ms max latency.
683 records sent, 136.1 records/sec (13.29 MB/sec), 29.0 ms avg latency, 103.0 ms max latency.
695 records sent, 138.8 records/sec (13.55 MB/sec), 37.0 ms avg latency, 241.0 ms max latency.
650 records sent, 129.7 records/sec (12.66 MB/sec), 30.7 ms avg latency, 125.0 ms max latency.
698 records sent, 139.5 records/sec (13.63 MB/sec), 28.8 ms avg latency, 110.0 ms max latency.
688 records sent, 137.5 records/sec (13.43 MB/sec), 28.7 ms avg latency, 134.0 ms max latency.
682 records sent, 136.4 records/sec (13.32 MB/sec), 23.5 ms avg latency, 81.0 ms max latency.
737 records sent, 147.3 records/sec (14.39 MB/sec), 27.8 ms avg latency, 148.0 ms max latency.
711 records sent, 141.9 records/sec (13.86 MB/sec), 28.5 ms avg latency, 110.0 ms max latency.
741 records sent, 147.9 records/sec (14.44 MB/sec), 24.5 ms avg latency, 116.0 ms max latency.
542 records sent, 108.2 records/sec (10.57 MB/sec), 537.5 ms avg latency, 1746.0 ms max latency.
877 records sent, 175.3 records/sec (17.12 MB/sec), 266.6 ms avg latency, 1380.0 ms max latency.
734 records sent, 146.7 records/sec (14.32 MB/sec), 22.0 ms avg latency, 80.0 ms max latency.
836 records sent, 167.1 records/sec (16.32 MB/sec), 20.7 ms avg latency, 62.0 ms max latency.
732 records sent, 146.3 records/sec (14.28 MB/sec), 27.2 ms avg latency, 105.0 ms max latency.
770 records sent, 153.8 records/sec (15.02 MB/sec), 25.0 ms avg latency, 126.0 ms max latency.
810 records sent, 160.6 records/sec (15.69 MB/sec), 20.0 ms avg latency, 86.0 ms max latency.
16667 records sent, 125.494123 records/sec (12.26 MB/sec), 293.93 ms avg latency, 8155.00 ms max latency, 25 ms 50th, 2210 ms 95th, 4859 ms 99th, 5537 ms 99.9th.
----- /var/lib/kafka-client/results/security-overhead-final-factorial-tls-b3-rf3-isr3-msg102400-tps10000-batch131072-acksall-prod6-complz4-trial2/producer-perf-2.log -----
producer_index=2
producer_count=6
producer_records=16667
producer_throughput=1667
1 records sent, 0.1 records/sec (0.01 MB/sec), 8052.0 ms avg latency, 8052.0 ms max latency.
234 records sent, 46.6 records/sec (4.55 MB/sec), 3349.0 ms avg latency, 4090.0 ms max latency.
352 records sent, 69.8 records/sec (6.81 MB/sec), 3523.2 ms avg latency, 4378.0 ms max latency.
714 records sent, 142.3 records/sec (13.90 MB/sec), 2040.7 ms avg latency, 4189.0 ms max latency.
636 records sent, 127.2 records/sec (12.42 MB/sec), 98.7 ms avg latency, 619.0 ms max latency.
582 records sent, 115.7 records/sec (11.30 MB/sec), 34.3 ms avg latency, 113.0 ms max latency.
577 records sent, 115.1 records/sec (11.24 MB/sec), 39.6 ms avg latency, 188.0 ms max latency.
616 records sent, 122.7 records/sec (11.98 MB/sec), 31.6 ms avg latency, 127.0 ms max latency.
677 records sent, 135.3 records/sec (13.21 MB/sec), 28.7 ms avg latency, 145.0 ms max latency.
645 records sent, 128.7 records/sec (12.56 MB/sec), 30.4 ms avg latency, 183.0 ms max latency.
707 records sent, 141.0 records/sec (13.77 MB/sec), 31.8 ms avg latency, 149.0 ms max latency.
661 records sent, 132.0 records/sec (12.89 MB/sec), 28.3 ms avg latency, 118.0 ms max latency.
651 records sent, 130.0 records/sec (12.70 MB/sec), 30.0 ms avg latency, 110.0 ms max latency.
716 records sent, 143.2 records/sec (13.98 MB/sec), 30.9 ms avg latency, 131.0 ms max latency.
682 records sent, 136.3 records/sec (13.31 MB/sec), 25.6 ms avg latency, 109.0 ms max latency.
725 records sent, 144.9 records/sec (14.15 MB/sec), 26.5 ms avg latency, 109.0 ms max latency.
709 records sent, 141.7 records/sec (13.84 MB/sec), 26.4 ms avg latency, 102.0 ms max latency.
725 records sent, 144.8 records/sec (14.14 MB/sec), 27.9 ms avg latency, 141.0 ms max latency.
663 records sent, 132.4 records/sec (12.93 MB/sec), 730.4 ms avg latency, 1775.0 ms max latency.
815 records sent, 162.9 records/sec (15.91 MB/sec), 70.4 ms avg latency, 832.0 ms max latency.
751 records sent, 150.2 records/sec (14.67 MB/sec), 23.3 ms avg latency, 89.0 ms max latency.
828 records sent, 165.0 records/sec (16.12 MB/sec), 20.6 ms avg latency, 82.0 ms max latency.
746 records sent, 149.0 records/sec (14.55 MB/sec), 24.3 ms avg latency, 133.0 ms max latency.
801 records sent, 160.0 records/sec (15.62 MB/sec), 23.2 ms avg latency, 124.0 ms max latency.
782 records sent, 156.4 records/sec (15.27 MB/sec), 19.9 ms avg latency, 93.0 ms max latency.
16667 records sent, 126.061734 records/sec (12.31 MB/sec), 267.33 ms avg latency, 8052.00 ms max latency, 24 ms 50th, 2311 ms 95th, 3812 ms 99th, 4131 ms 99.9th.
----- /var/lib/kafka-client/results/security-overhead-final-factorial-tls-b3-rf3-isr3-msg102400-tps10000-batch131072-acksall-prod6-complz4-trial2/producer-perf-3.log -----
producer_index=3
producer_count=6
producer_records=16667
producer_throughput=1667
1 records sent, 0.1 records/sec (0.01 MB/sec), 8277.0 ms avg latency, 8277.0 ms max latency.
188 records sent, 37.1 records/sec (3.62 MB/sec), 4104.9 ms avg latency, 5141.0 ms max latency.
336 records sent, 66.6 records/sec (6.51 MB/sec), 4198.8 ms avg latency, 5453.0 ms max latency.
470 records sent, 93.9 records/sec (9.17 MB/sec), 3281.9 ms avg latency, 4593.0 ms max latency.
732 records sent, 145.6 records/sec (14.22 MB/sec), 582.5 ms avg latency, 2062.0 ms max latency.
616 records sent, 123.1 records/sec (12.02 MB/sec), 33.5 ms avg latency, 105.0 ms max latency.
614 records sent, 122.7 records/sec (11.98 MB/sec), 32.8 ms avg latency, 118.0 ms max latency.
604 records sent, 120.8 records/sec (11.79 MB/sec), 30.6 ms avg latency, 118.0 ms max latency.
642 records sent, 128.4 records/sec (12.54 MB/sec), 29.3 ms avg latency, 91.0 ms max latency.
636 records sent, 127.1 records/sec (12.41 MB/sec), 35.4 ms avg latency, 168.0 ms max latency.
644 records sent, 128.7 records/sec (12.57 MB/sec), 32.7 ms avg latency, 165.0 ms max latency.
645 records sent, 128.9 records/sec (12.59 MB/sec), 29.5 ms avg latency, 108.0 ms max latency.
649 records sent, 129.2 records/sec (12.61 MB/sec), 30.0 ms avg latency, 154.0 ms max latency.
679 records sent, 135.3 records/sec (13.22 MB/sec), 25.4 ms avg latency, 103.0 ms max latency.
697 records sent, 139.4 records/sec (13.61 MB/sec), 24.5 ms avg latency, 87.0 ms max latency.
729 records sent, 145.7 records/sec (14.23 MB/sec), 31.5 ms avg latency, 192.0 ms max latency.
679 records sent, 135.8 records/sec (13.26 MB/sec), 24.8 ms avg latency, 94.0 ms max latency.
723 records sent, 144.3 records/sec (14.10 MB/sec), 30.0 ms avg latency, 147.0 ms max latency.
701 records sent, 139.7 records/sec (13.65 MB/sec), 743.6 ms avg latency, 1749.0 ms max latency.
728 records sent, 145.5 records/sec (14.21 MB/sec), 27.5 ms avg latency, 177.0 ms max latency.
755 records sent, 150.8 records/sec (14.73 MB/sec), 22.4 ms avg latency, 114.0 ms max latency.
796 records sent, 159.0 records/sec (15.53 MB/sec), 23.8 ms avg latency, 114.0 ms max latency.
771 records sent, 153.9 records/sec (15.03 MB/sec), 23.4 ms avg latency, 111.0 ms max latency.
776 records sent, 155.1 records/sec (15.15 MB/sec), 21.8 ms avg latency, 121.0 ms max latency.
778 records sent, 155.4 records/sec (15.17 MB/sec), 24.8 ms avg latency, 126.0 ms max latency.
16667 records sent, 124.757663 records/sec (12.18 MB/sec), 304.10 ms avg latency, 8277.00 ms max latency, 24 ms 50th, 2891 ms 95th, 4601 ms 99th, 5179 ms 99.9th.
----- /var/lib/kafka-client/results/security-overhead-final-factorial-tls-b3-rf3-isr3-msg102400-tps10000-batch131072-acksall-prod6-complz4-trial2/producer-perf-4.log -----
producer_index=4
producer_count=6
producer_records=16667
producer_throughput=1667
1 records sent, 0.1 records/sec (0.01 MB/sec), 7862.0 ms avg latency, 7862.0 ms max latency.
196 records sent, 39.1 records/sec (3.82 MB/sec), 3596.5 ms avg latency, 4479.0 ms max latency.
352 records sent, 70.0 records/sec (6.83 MB/sec), 3710.7 ms avg latency, 4393.0 ms max latency.
546 records sent, 108.5 records/sec (10.60 MB/sec), 2741.6 ms avg latency, 4154.0 ms max latency.
680 records sent, 135.3 records/sec (13.21 MB/sec), 336.4 ms avg latency, 1477.0 ms max latency.
612 records sent, 122.4 records/sec (11.95 MB/sec), 41.0 ms avg latency, 287.0 ms max latency.
599 records sent, 119.4 records/sec (11.66 MB/sec), 38.2 ms avg latency, 233.0 ms max latency.
650 records sent, 129.7 records/sec (12.66 MB/sec), 31.4 ms avg latency, 134.0 ms max latency.
665 records sent, 132.7 records/sec (12.96 MB/sec), 32.0 ms avg latency, 124.0 ms max latency.
634 records sent, 126.4 records/sec (12.35 MB/sec), 32.7 ms avg latency, 145.0 ms max latency.
678 records sent, 135.5 records/sec (13.23 MB/sec), 34.0 ms avg latency, 170.0 ms max latency.
651 records sent, 130.2 records/sec (12.71 MB/sec), 30.2 ms avg latency, 126.0 ms max latency.
666 records sent, 133.1 records/sec (13.00 MB/sec), 27.4 ms avg latency, 89.0 ms max latency.
688 records sent, 137.3 records/sec (13.41 MB/sec), 30.4 ms avg latency, 162.0 ms max latency.
678 records sent, 135.4 records/sec (13.22 MB/sec), 25.4 ms avg latency, 103.0 ms max latency.
713 records sent, 142.1 records/sec (13.87 MB/sec), 26.3 ms avg latency, 76.0 ms max latency.
693 records sent, 137.7 records/sec (13.44 MB/sec), 26.6 ms avg latency, 119.0 ms max latency.
695 records sent, 138.3 records/sec (13.50 MB/sec), 25.5 ms avg latency, 136.0 ms max latency.
658 records sent, 130.8 records/sec (12.78 MB/sec), 751.3 ms avg latency, 1671.0 ms max latency.
793 records sent, 157.7 records/sec (15.40 MB/sec), 86.7 ms avg latency, 1013.0 ms max latency.
769 records sent, 153.3 records/sec (14.97 MB/sec), 23.1 ms avg latency, 93.0 ms max latency.
831 records sent, 166.0 records/sec (16.21 MB/sec), 20.9 ms avg latency, 80.0 ms max latency.
727 records sent, 145.4 records/sec (14.20 MB/sec), 23.7 ms avg latency, 94.0 ms max latency.
782 records sent, 156.2 records/sec (15.25 MB/sec), 23.3 ms avg latency, 111.0 ms max latency.
779 records sent, 155.6 records/sec (15.19 MB/sec), 21.3 ms avg latency, 73.0 ms max latency.
16667 records sent, 124.895090 records/sec (12.20 MB/sec), 280.64 ms avg latency, 7862.00 ms max latency, 24 ms 50th, 2580 ms 95th, 3960 ms 99th, 4267 ms 99.9th.
----- /var/lib/kafka-client/results/security-overhead-final-factorial-tls-b3-rf3-isr3-msg102400-tps10000-batch131072-acksall-prod6-complz4-trial2/producer-perf-5.log -----
producer_index=5
producer_count=6
producer_records=16666
producer_throughput=1666
1 records sent, 0.1 records/sec (0.01 MB/sec), 1964.0 ms avg latency, 1964.0 ms max latency.
138 records sent, 27.4 records/sec (2.68 MB/sec), 4006.8 ms avg latency, 8393.0 ms max latency.
276 records sent, 54.9 records/sec (5.36 MB/sec), 5444.3 ms avg latency, 6749.0 ms max latency.
370 records sent, 73.6 records/sec (7.19 MB/sec), 3969.2 ms avg latency, 4683.0 ms max latency.
752 records sent, 150.3 records/sec (14.68 MB/sec), 1095.7 ms avg latency, 3504.0 ms max latency.
594 records sent, 118.5 records/sec (11.57 MB/sec), 47.7 ms avg latency, 201.0 ms max latency.
618 records sent, 123.2 records/sec (12.03 MB/sec), 40.7 ms avg latency, 151.0 ms max latency.
639 records sent, 127.7 records/sec (12.48 MB/sec), 34.6 ms avg latency, 123.0 ms max latency.
668 records sent, 133.5 records/sec (13.04 MB/sec), 32.5 ms avg latency, 143.0 ms max latency.
636 records sent, 126.4 records/sec (12.34 MB/sec), 29.0 ms avg latency, 135.0 ms max latency.
668 records sent, 133.1 records/sec (13.00 MB/sec), 33.5 ms avg latency, 147.0 ms max latency.
668 records sent, 133.4 records/sec (13.02 MB/sec), 30.4 ms avg latency, 141.0 ms max latency.
653 records sent, 130.5 records/sec (12.74 MB/sec), 29.1 ms avg latency, 100.0 ms max latency.
727 records sent, 144.8 records/sec (14.14 MB/sec), 31.4 ms avg latency, 136.0 ms max latency.
674 records sent, 134.7 records/sec (13.16 MB/sec), 25.1 ms avg latency, 103.0 ms max latency.
693 records sent, 138.4 records/sec (13.52 MB/sec), 26.0 ms avg latency, 112.0 ms max latency.
705 records sent, 140.8 records/sec (13.75 MB/sec), 26.6 ms avg latency, 97.0 ms max latency.
728 records sent, 145.5 records/sec (14.21 MB/sec), 25.0 ms avg latency, 144.0 ms max latency.
644 records sent, 127.9 records/sec (12.49 MB/sec), 675.6 ms avg latency, 1652.0 ms max latency.
806 records sent, 160.1 records/sec (15.64 MB/sec), 164.3 ms avg latency, 1296.0 ms max latency.
780 records sent, 155.8 records/sec (15.22 MB/sec), 21.6 ms avg latency, 70.0 ms max latency.
839 records sent, 167.7 records/sec (16.38 MB/sec), 23.1 ms avg latency, 103.0 ms max latency.
733 records sent, 146.1 records/sec (14.27 MB/sec), 24.8 ms avg latency, 161.0 ms max latency.
767 records sent, 153.1 records/sec (14.95 MB/sec), 23.3 ms avg latency, 128.0 ms max latency.
811 records sent, 162.2 records/sec (15.84 MB/sec), 20.4 ms avg latency, 90.0 ms max latency.
981 records sent, 196.2 records/sec (19.16 MB/sec), 20.9 ms avg latency, 98.0 ms max latency.
16666 records sent, 124.498562 records/sec (12.16 MB/sec), 318.03 ms avg latency, 8393.00 ms max latency, 24 ms 50th, 2849 ms 95th, 5339 ms 99th, 6232 ms 99.9th.
----- /var/lib/kafka-client/results/security-overhead-final-factorial-tls-b3-rf3-isr3-msg102400-tps10000-batch131072-acksall-prod6-complz4-trial2/producer-perf-6.log -----
producer_index=6
producer_count=6
producer_records=16666
producer_throughput=1666
1 records sent, 0.1 records/sec (0.01 MB/sec), 8483.0 ms avg latency, 8483.0 ms max latency.
150 records sent, 29.8 records/sec (2.91 MB/sec), 3484.4 ms avg latency, 5001.0 ms max latency.
298 records sent, 59.4 records/sec (5.80 MB/sec), 5213.7 ms avg latency, 6527.0 ms max latency.
375 records sent, 74.9 records/sec (7.31 MB/sec), 3878.2 ms avg latency, 4431.0 ms max latency.
750 records sent, 149.8 records/sec (14.63 MB/sec), 1009.6 ms avg latency, 3478.0 ms max latency.
620 records sent, 124.0 records/sec (12.10 MB/sec), 38.4 ms avg latency, 113.0 ms max latency.
623 records sent, 124.1 records/sec (12.12 MB/sec), 37.1 ms avg latency, 143.0 ms max latency.
654 records sent, 130.5 records/sec (12.74 MB/sec), 37.7 ms avg latency, 172.0 ms max latency.
701 records sent, 140.0 records/sec (13.67 MB/sec), 26.1 ms avg latency, 100.0 ms max latency.
675 records sent, 134.6 records/sec (13.14 MB/sec), 34.4 ms avg latency, 170.0 ms max latency.
657 records sent, 131.2 records/sec (12.81 MB/sec), 32.5 ms avg latency, 192.0 ms max latency.
678 records sent, 135.4 records/sec (13.23 MB/sec), 26.4 ms avg latency, 114.0 ms max latency.
678 records sent, 135.5 records/sec (13.23 MB/sec), 32.9 ms avg latency, 126.0 ms max latency.
673 records sent, 134.4 records/sec (13.12 MB/sec), 28.4 ms avg latency, 129.0 ms max latency.
675 records sent, 135.0 records/sec (13.18 MB/sec), 25.0 ms avg latency, 95.0 ms max latency.
710 records sent, 141.9 records/sec (13.86 MB/sec), 26.5 ms avg latency, 102.0 ms max latency.
739 records sent, 147.7 records/sec (14.43 MB/sec), 23.2 ms avg latency, 94.0 ms max latency.
703 records sent, 140.5 records/sec (13.72 MB/sec), 27.6 ms avg latency, 134.0 ms max latency.
740 records sent, 147.6 records/sec (14.42 MB/sec), 667.1 ms avg latency, 1631.0 ms max latency.
714 records sent, 142.0 records/sec (13.86 MB/sec), 23.9 ms avg latency, 92.0 ms max latency.
776 records sent, 155.0 records/sec (15.14 MB/sec), 24.5 ms avg latency, 114.0 ms max latency.
804 records sent, 160.5 records/sec (15.67 MB/sec), 21.7 ms avg latency, 79.0 ms max latency.
760 records sent, 151.8 records/sec (14.83 MB/sec), 23.6 ms avg latency, 89.0 ms max latency.
804 records sent, 160.0 records/sec (15.63 MB/sec), 22.3 ms avg latency, 120.0 ms max latency.
843 records sent, 168.6 records/sec (16.46 MB/sec), 21.5 ms avg latency, 76.0 ms max latency.
16666 records sent, 125.240471 records/sec (12.23 MB/sec), 310.95 ms avg latency, 8483.00 ms max latency, 24 ms 50th, 2785 ms 95th, 5302 ms 99th, 6069 ms 99.9th.
