run_id=security-overhead-final-factorial-tls-b5-rf3-isr3-msg1024-tps10000-batch131072-acksall-prod6-compnone-trial3
producer_count=6
----- /var/lib/kafka-client/results/security-overhead-final-factorial-tls-b5-rf3-isr3-msg1024-tps10000-batch131072-acksall-prod6-compnone-trial3/producer-perf-1.log -----
producer_index=1
producer_count=6
producer_records=16667
producer_throughput=1667
1 records sent, 0.1 records/sec (0.00 MB/sec), 8923.0 ms avg latency, 8923.0 ms max latency.
10080 records sent, 1967.2 records/sec (1.92 MB/sec), 3482.9 ms avg latency, 4849.0 ms max latency.
16667 records sent, 1086.293424 records/sec (1.06 MB/sec), 3929.58 ms avg latency, 8923.00 ms max latency, 4083 ms 50th, 4905 ms 95th, 5126 ms 99th, 5314 ms 99.9th.
----- /var/lib/kafka-client/results/security-overhead-final-factorial-tls-b5-rf3-isr3-msg1024-tps10000-batch131072-acksall-prod6-compnone-trial3/producer-perf-2.log -----
producer_index=2
producer_count=6
producer_records=16667
producer_throughput=1667
1 records sent, 0.1 records/sec (0.00 MB/sec), 9204.0 ms avg latency, 9204.0 ms max latency.
10962 records sent, 2149.4 records/sec (2.10 MB/sec), 4316.1 ms avg latency, 5757.0 ms max latency.
16667 records sent, 1071.557156 records/sec (1.05 MB/sec), 4530.00 ms avg latency, 9204.00 ms max latency, 4707 ms 50th, 5446 ms 95th, 5684 ms 99th, 5757 ms 99.9th.
----- /var/lib/kafka-client/results/security-overhead-final-factorial-tls-b5-rf3-isr3-msg1024-tps10000-batch131072-acksall-prod6-compnone-trial3/producer-perf-3.log -----
producer_index=3
producer_count=6
producer_records=16667
producer_throughput=1667
1 records sent, 0.1 records/sec (0.00 MB/sec), 9190.0 ms avg latency, 9190.0 ms max latency.
12726 records sent, 2539.1 records/sec (2.48 MB/sec), 3530.7 ms avg latency, 4403.0 ms max latency.
16667 records sent, 1106.118928 records/sec (1.08 MB/sec), 3672.72 ms avg latency, 9190.00 ms max latency, 3696 ms 50th, 4386 ms 95th, 4487 ms 99th, 4506 ms 99.9th.
----- /var/lib/kafka-client/results/security-overhead-final-factorial-tls-b5-rf3-isr3-msg1024-tps10000-batch131072-acksall-prod6-compnone-trial3/producer-perf-4.log -----
producer_index=4
producer_count=6
producer_records=16667
producer_throughput=1667
1 records sent, 0.1 records/sec (0.00 MB/sec), 8907.0 ms avg latency, 8907.0 ms max latency.
10080 records sent, 2008.0 records/sec (1.96 MB/sec), 3631.6 ms avg latency, 5058.0 ms max latency.
16667 records sent, 1086.364229 records/sec (1.06 MB/sec), 4054.75 ms avg latency, 8907.00 ms max latency, 4112 ms 50th, 5128 ms 95th, 5581 ms 99th, 5755 ms 99.9th.
----- /var/lib/kafka-client/results/security-overhead-final-factorial-tls-b5-rf3-isr3-msg1024-tps10000-batch131072-acksall-prod6-compnone-trial3/producer-perf-5.log -----
producer_index=5
producer_count=6
producer_records=16666
producer_throughput=1666
1 records sent, 0.1 records/sec (0.00 MB/sec), 8581.0 ms avg latency, 8581.0 ms max latency.
10458 records sent, 2008.1 records/sec (1.96 MB/sec), 3166.5 ms avg latency, 4547.0 ms max latency.
16666 records sent, 1104.513222 records/sec (1.08 MB/sec), 3553.41 ms avg latency, 8581.00 ms max latency, 3744 ms 50th, 4518 ms 95th, 4672 ms 99th, 4676 ms 99.9th.
----- /var/lib/kafka-client/results/security-overhead-final-factorial-tls-b5-rf3-isr3-msg1024-tps10000-batch131072-acksall-prod6-compnone-trial3/producer-perf-6.log -----
producer_index=6
producer_count=6
producer_records=16666
producer_throughput=1666
1 records sent, 0.1 records/sec (0.00 MB/sec), 8518.0 ms avg latency, 8518.0 ms max latency.
10710 records sent, 2110.8 records/sec (2.06 MB/sec), 3184.7 ms avg latency, 4522.0 ms max latency.
16666 records sent, 1108.848969 records/sec (1.08 MB/sec), 3420.29 ms avg latency, 8518.00 ms max latency, 3564 ms 50th, 4126 ms 95th, 4442 ms 99th, 4494 ms 99.9th.
