run_id=security-overhead-final-factorial-plaintext-b5-rf3-isr3-msg102400-tps10000-batch131072-acksall-prod6-compnone-trial2
producer_count=6
----- /var/lib/kafka-client/results/security-overhead-final-factorial-plaintext-b5-rf3-isr3-msg102400-tps10000-batch131072-acksall-prod6-compnone-trial2/producer-perf-1.log -----
producer_index=1
producer_count=6
producer_records=16667
producer_throughput=1667
18 records sent, 3.6 records/sec (0.35 MB/sec), 784.2 ms avg latency, 4434.0 ms max latency.
628 records sent, 124.8 records/sec (12.19 MB/sec), 591.8 ms avg latency, 1160.0 ms max latency.
633 records sent, 125.0 records/sec (12.20 MB/sec), 51.2 ms avg latency, 237.0 ms max latency.
862 records sent, 172.1 records/sec (16.81 MB/sec), 24.2 ms avg latency, 119.0 ms max latency.
713 records sent, 142.6 records/sec (13.92 MB/sec), 21.1 ms avg latency, 211.0 ms max latency.
802 records sent, 159.8 records/sec (15.61 MB/sec), 27.4 ms avg latency, 118.0 ms max latency.
747 records sent, 149.4 records/sec (14.59 MB/sec), 23.8 ms avg latency, 135.0 ms max latency.
789 records sent, 157.5 records/sec (15.38 MB/sec), 28.5 ms avg latency, 146.0 ms max latency.
749 records sent, 149.1 records/sec (14.56 MB/sec), 22.4 ms avg latency, 79.0 ms max latency.
724 records sent, 144.8 records/sec (14.14 MB/sec), 23.0 ms avg latency, 117.0 ms max latency.
734 records sent, 146.3 records/sec (14.29 MB/sec), 18.8 ms avg latency, 81.0 ms max latency.
726 records sent, 144.9 records/sec (14.15 MB/sec), 18.4 ms avg latency, 80.0 ms max latency.
854 records sent, 170.3 records/sec (16.63 MB/sec), 21.1 ms avg latency, 77.0 ms max latency.
719 records sent, 143.5 records/sec (14.01 MB/sec), 18.0 ms avg latency, 76.0 ms max latency.
806 records sent, 161.2 records/sec (15.74 MB/sec), 18.7 ms avg latency, 93.0 ms max latency.
811 records sent, 162.0 records/sec (15.82 MB/sec), 62.4 ms avg latency, 380.0 ms max latency.
779 records sent, 155.7 records/sec (15.21 MB/sec), 16.5 ms avg latency, 85.0 ms max latency.
731 records sent, 146.1 records/sec (14.26 MB/sec), 15.2 ms avg latency, 66.0 ms max latency.
791 records sent, 157.8 records/sec (15.41 MB/sec), 17.5 ms avg latency, 92.0 ms max latency.
820 records sent, 163.9 records/sec (16.01 MB/sec), 14.4 ms avg latency, 68.0 ms max latency.
887 records sent, 177.4 records/sec (17.32 MB/sec), 15.2 ms avg latency, 95.0 ms max latency.
820 records sent, 163.7 records/sec (15.98 MB/sec), 14.6 ms avg latency, 58.0 ms max latency.
16667 records sent, 147.771503 records/sec (14.43 MB/sec), 45.31 ms avg latency, 4434.00 ms max latency, 16 ms 50th, 101 ms 95th, 902 ms 99th, 1101 ms 99.9th.
----- /var/lib/kafka-client/results/security-overhead-final-factorial-plaintext-b5-rf3-isr3-msg102400-tps10000-batch131072-acksall-prod6-compnone-trial2/producer-perf-2.log -----
producer_index=2
producer_count=6
producer_records=16667
producer_throughput=1667
61 records sent, 12.1 records/sec (1.18 MB/sec), 351.4 ms avg latency, 4332.0 ms max latency.
554 records sent, 110.6 records/sec (10.80 MB/sec), 159.9 ms avg latency, 581.0 ms max latency.
698 records sent, 139.5 records/sec (13.62 MB/sec), 73.3 ms avg latency, 409.0 ms max latency.
884 records sent, 176.7 records/sec (17.26 MB/sec), 24.3 ms avg latency, 118.0 ms max latency.
815 records sent, 162.8 records/sec (15.90 MB/sec), 28.7 ms avg latency, 116.0 ms max latency.
680 records sent, 135.8 records/sec (13.26 MB/sec), 19.2 ms avg latency, 73.0 ms max latency.
771 records sent, 153.9 records/sec (15.03 MB/sec), 30.3 ms avg latency, 215.0 ms max latency.
681 records sent, 136.2 records/sec (13.30 MB/sec), 17.8 ms avg latency, 70.0 ms max latency.
731 records sent, 146.2 records/sec (14.27 MB/sec), 21.5 ms avg latency, 98.0 ms max latency.
755 records sent, 151.0 records/sec (14.75 MB/sec), 20.4 ms avg latency, 81.0 ms max latency.
836 records sent, 167.2 records/sec (16.33 MB/sec), 21.2 ms avg latency, 140.0 ms max latency.
858 records sent, 171.5 records/sec (16.74 MB/sec), 22.0 ms avg latency, 119.0 ms max latency.
777 records sent, 155.0 records/sec (15.14 MB/sec), 19.7 ms avg latency, 125.0 ms max latency.
898 records sent, 179.5 records/sec (17.53 MB/sec), 19.4 ms avg latency, 89.0 ms max latency.
778 records sent, 152.8 records/sec (14.92 MB/sec), 21.5 ms avg latency, 149.0 ms max latency.
805 records sent, 160.9 records/sec (15.72 MB/sec), 69.4 ms avg latency, 485.0 ms max latency.
817 records sent, 163.1 records/sec (15.93 MB/sec), 15.6 ms avg latency, 75.0 ms max latency.
824 records sent, 164.7 records/sec (16.08 MB/sec), 18.5 ms avg latency, 83.0 ms max latency.
773 records sent, 154.0 records/sec (15.04 MB/sec), 17.2 ms avg latency, 76.0 ms max latency.
833 records sent, 166.5 records/sec (16.26 MB/sec), 17.0 ms avg latency, 112.0 ms max latency.
877 records sent, 175.3 records/sec (17.12 MB/sec), 13.4 ms avg latency, 65.0 ms max latency.
739 records sent, 147.4 records/sec (14.40 MB/sec), 12.5 ms avg latency, 47.0 ms max latency.
16667 records sent, 148.948149 records/sec (14.55 MB/sec), 30.42 ms avg latency, 4332.00 ms max latency, 16 ms 50th, 103 ms 95th, 268 ms 99th, 506 ms 99.9th.
----- /var/lib/kafka-client/results/security-overhead-final-factorial-plaintext-b5-rf3-isr3-msg102400-tps10000-batch131072-acksall-prod6-compnone-trial2/producer-perf-3.log -----
producer_index=3
producer_count=6
producer_records=16667
producer_throughput=1667
72 records sent, 14.3 records/sec (1.39 MB/sec), 642.3 ms avg latency, 4008.0 ms max latency.
650 records sent, 129.1 records/sec (12.61 MB/sec), 537.7 ms avg latency, 1057.0 ms max latency.
678 records sent, 135.3 records/sec (13.22 MB/sec), 50.7 ms avg latency, 246.0 ms max latency.
791 records sent, 157.8 records/sec (15.41 MB/sec), 23.6 ms avg latency, 94.0 ms max latency.
751 records sent, 149.8 records/sec (14.63 MB/sec), 25.0 ms avg latency, 229.0 ms max latency.
713 records sent, 142.4 records/sec (13.90 MB/sec), 23.5 ms avg latency, 88.0 ms max latency.
725 records sent, 145.0 records/sec (14.16 MB/sec), 24.6 ms avg latency, 95.0 ms max latency.
713 records sent, 142.6 records/sec (13.93 MB/sec), 19.9 ms avg latency, 76.0 ms max latency.
804 records sent, 160.8 records/sec (15.70 MB/sec), 28.9 ms avg latency, 214.0 ms max latency.
772 records sent, 153.2 records/sec (14.96 MB/sec), 23.1 ms avg latency, 106.0 ms max latency.
771 records sent, 153.3 records/sec (14.97 MB/sec), 18.0 ms avg latency, 78.0 ms max latency.
723 records sent, 143.6 records/sec (14.02 MB/sec), 17.8 ms avg latency, 85.0 ms max latency.
856 records sent, 171.1 records/sec (16.71 MB/sec), 20.4 ms avg latency, 126.0 ms max latency.
783 records sent, 156.0 records/sec (15.23 MB/sec), 19.4 ms avg latency, 82.0 ms max latency.
807 records sent, 159.9 records/sec (15.61 MB/sec), 20.6 ms avg latency, 146.0 ms max latency.
941 records sent, 188.1 records/sec (18.37 MB/sec), 83.7 ms avg latency, 515.0 ms max latency.
752 records sent, 150.3 records/sec (14.68 MB/sec), 16.3 ms avg latency, 79.0 ms max latency.
750 records sent, 149.9 records/sec (14.63 MB/sec), 16.6 ms avg latency, 82.0 ms max latency.
831 records sent, 166.0 records/sec (16.21 MB/sec), 18.4 ms avg latency, 89.0 ms max latency.
783 records sent, 156.5 records/sec (15.29 MB/sec), 14.2 ms avg latency, 74.0 ms max latency.
828 records sent, 165.6 records/sec (16.17 MB/sec), 14.0 ms avg latency, 56.0 ms max latency.
749 records sent, 149.7 records/sec (14.61 MB/sec), 13.8 ms avg latency, 63.0 ms max latency.
16667 records sent, 148.247307 records/sec (14.48 MB/sec), 47.46 ms avg latency, 4008.00 ms max latency, 16 ms 50th, 133 ms 95th, 802 ms 99th, 953 ms 99.9th.
----- /var/lib/kafka-client/results/security-overhead-final-factorial-plaintext-b5-rf3-isr3-msg102400-tps10000-batch131072-acksall-prod6-compnone-trial2/producer-perf-4.log -----
producer_index=4
producer_count=6
producer_records=16667
producer_throughput=1667
10 records sent, 2.0 records/sec (0.19 MB/sec), 884.9 ms avg latency, 4576.0 ms max latency.
602 records sent, 120.3 records/sec (11.75 MB/sec), 506.4 ms avg latency, 1175.0 ms max latency.
651 records sent, 130.0 records/sec (12.69 MB/sec), 66.6 ms avg latency, 252.0 ms max latency.
751 records sent, 149.6 records/sec (14.61 MB/sec), 26.0 ms avg latency, 99.0 ms max latency.
683 records sent, 136.6 records/sec (13.34 MB/sec), 19.3 ms avg latency, 68.0 ms max latency.
791 records sent, 157.9 records/sec (15.42 MB/sec), 24.3 ms avg latency, 102.0 ms max latency.
762 records sent, 152.2 records/sec (14.86 MB/sec), 22.3 ms avg latency, 85.0 ms max latency.
773 records sent, 154.1 records/sec (15.05 MB/sec), 20.9 ms avg latency, 80.0 ms max latency.
784 records sent, 156.6 records/sec (15.29 MB/sec), 32.5 ms avg latency, 207.0 ms max latency.
772 records sent, 154.0 records/sec (15.04 MB/sec), 24.5 ms avg latency, 165.0 ms max latency.
660 records sent, 131.9 records/sec (12.89 MB/sec), 17.9 ms avg latency, 67.0 ms max latency.
759 records sent, 151.3 records/sec (14.77 MB/sec), 15.5 ms avg latency, 64.0 ms max latency.
713 records sent, 142.6 records/sec (13.93 MB/sec), 17.0 ms avg latency, 63.0 ms max latency.
765 records sent, 151.9 records/sec (14.84 MB/sec), 17.6 ms avg latency, 79.0 ms max latency.
840 records sent, 168.0 records/sec (16.40 MB/sec), 29.0 ms avg latency, 262.0 ms max latency.
826 records sent, 165.2 records/sec (16.13 MB/sec), 55.3 ms avg latency, 441.0 ms max latency.
773 records sent, 154.2 records/sec (15.06 MB/sec), 15.3 ms avg latency, 75.0 ms max latency.
894 records sent, 178.7 records/sec (17.45 MB/sec), 18.0 ms avg latency, 102.0 ms max latency.
842 records sent, 168.3 records/sec (16.43 MB/sec), 17.5 ms avg latency, 85.0 ms max latency.
890 records sent, 177.5 records/sec (17.33 MB/sec), 19.3 ms avg latency, 112.0 ms max latency.
933 records sent, 186.6 records/sec (18.22 MB/sec), 15.8 ms avg latency, 89.0 ms max latency.
874 records sent, 173.8 records/sec (16.98 MB/sec), 17.2 ms avg latency, 79.0 ms max latency.
16667 records sent, 148.827117 records/sec (14.53 MB/sec), 41.95 ms avg latency, 4576.00 ms max latency, 16 ms 50th, 109 ms 95th, 794 ms 99th, 1056 ms 99.9th.
----- /var/lib/kafka-client/results/security-overhead-final-factorial-plaintext-b5-rf3-isr3-msg102400-tps10000-batch131072-acksall-prod6-compnone-trial2/producer-perf-5.log -----
producer_index=5
producer_count=6
producer_records=16666
producer_throughput=1666
1 records sent, 0.2 records/sec (0.02 MB/sec), 5000.0 ms avg latency, 5000.0 ms max latency.
522 records sent, 103.1 records/sec (10.07 MB/sec), 454.5 ms avg latency, 1266.0 ms max latency.
769 records sent, 153.5 records/sec (14.99 MB/sec), 117.3 ms avg latency, 461.0 ms max latency.
792 records sent, 158.4 records/sec (15.47 MB/sec), 26.6 ms avg latency, 168.0 ms max latency.
736 records sent, 147.0 records/sec (14.36 MB/sec), 31.2 ms avg latency, 305.0 ms max latency.
751 records sent, 150.0 records/sec (14.65 MB/sec), 29.6 ms avg latency, 185.0 ms max latency.
713 records sent, 142.3 records/sec (13.90 MB/sec), 20.2 ms avg latency, 67.0 ms max latency.
721 records sent, 144.2 records/sec (14.08 MB/sec), 33.6 ms avg latency, 180.0 ms max latency.
742 records sent, 148.0 records/sec (14.45 MB/sec), 20.7 ms avg latency, 93.0 ms max latency.
745 records sent, 148.6 records/sec (14.51 MB/sec), 20.4 ms avg latency, 78.0 ms max latency.
723 records sent, 144.3 records/sec (14.10 MB/sec), 19.8 ms avg latency, 84.0 ms max latency.
793 records sent, 158.4 records/sec (15.47 MB/sec), 25.3 ms avg latency, 144.0 ms max latency.
812 records sent, 162.3 records/sec (15.85 MB/sec), 22.3 ms avg latency, 126.0 ms max latency.
794 records sent, 158.6 records/sec (15.49 MB/sec), 19.2 ms avg latency, 81.0 ms max latency.
811 records sent, 159.7 records/sec (15.59 MB/sec), 29.3 ms avg latency, 223.0 ms max latency.
832 records sent, 166.2 records/sec (16.23 MB/sec), 43.8 ms avg latency, 319.0 ms max latency.
836 records sent, 166.9 records/sec (16.30 MB/sec), 18.8 ms avg latency, 90.0 ms max latency.
858 records sent, 171.4 records/sec (16.74 MB/sec), 20.4 ms avg latency, 94.0 ms max latency.
844 records sent, 168.4 records/sec (16.45 MB/sec), 16.3 ms avg latency, 96.0 ms max latency.
812 records sent, 162.4 records/sec (15.86 MB/sec), 14.7 ms avg latency, 71.0 ms max latency.
924 records sent, 184.5 records/sec (18.02 MB/sec), 16.9 ms avg latency, 96.0 ms max latency.
16666 records sent, 150.450467 records/sec (14.69 MB/sec), 45.61 ms avg latency, 5000.00 ms max latency, 18 ms 50th, 177 ms 95th, 645 ms 99th, 948 ms 99.9th.
----- /var/lib/kafka-client/results/security-overhead-final-factorial-plaintext-b5-rf3-isr3-msg102400-tps10000-batch131072-acksall-prod6-compnone-trial2/producer-perf-6.log -----
producer_index=6
producer_count=6
producer_records=16666
producer_throughput=1666
5 records sent, 1.0 records/sec (0.10 MB/sec), 1554.6 ms avg latency, 4726.0 ms max latency.
603 records sent, 119.9 records/sec (11.70 MB/sec), 505.7 ms avg latency, 1202.0 ms max latency.
716 records sent, 143.2 records/sec (13.98 MB/sec), 66.0 ms avg latency, 310.0 ms max latency.
874 records sent, 174.6 records/sec (17.05 MB/sec), 36.5 ms avg latency, 168.0 ms max latency.
765 records sent, 152.9 records/sec (14.94 MB/sec), 26.8 ms avg latency, 124.0 ms max latency.
693 records sent, 138.5 records/sec (13.53 MB/sec), 22.9 ms avg latency, 101.0 ms max latency.
777 records sent, 155.3 records/sec (15.17 MB/sec), 22.7 ms avg latency, 72.0 ms max latency.
708 records sent, 141.5 records/sec (13.81 MB/sec), 20.2 ms avg latency, 74.0 ms max latency.
790 records sent, 157.8 records/sec (15.41 MB/sec), 28.4 ms avg latency, 138.0 ms max latency.
711 records sent, 142.1 records/sec (13.88 MB/sec), 21.1 ms avg latency, 87.0 ms max latency.
903 records sent, 178.0 records/sec (17.39 MB/sec), 33.2 ms avg latency, 140.0 ms max latency.
757 records sent, 151.4 records/sec (14.79 MB/sec), 26.0 ms avg latency, 251.0 ms max latency.
804 records sent, 160.3 records/sec (15.65 MB/sec), 20.2 ms avg latency, 81.0 ms max latency.
823 records sent, 164.5 records/sec (16.06 MB/sec), 20.5 ms avg latency, 112.0 ms max latency.
842 records sent, 168.4 records/sec (16.44 MB/sec), 19.5 ms avg latency, 96.0 ms max latency.
774 records sent, 154.6 records/sec (15.10 MB/sec), 51.8 ms avg latency, 362.0 ms max latency.
834 records sent, 166.8 records/sec (16.29 MB/sec), 17.4 ms avg latency, 89.0 ms max latency.
789 records sent, 157.7 records/sec (15.40 MB/sec), 15.8 ms avg latency, 71.0 ms max latency.
769 records sent, 153.6 records/sec (15.00 MB/sec), 16.8 ms avg latency, 88.0 ms max latency.
804 records sent, 160.6 records/sec (15.68 MB/sec), 15.4 ms avg latency, 98.0 ms max latency.
934 records sent, 186.4 records/sec (18.20 MB/sec), 16.6 ms avg latency, 96.0 ms max latency.
827 records sent, 165.3 records/sec (16.14 MB/sec), 14.4 ms avg latency, 59.0 ms max latency.
16666 records sent, 149.488281 records/sec (14.60 MB/sec), 43.15 ms avg latency, 4726.00 ms max latency, 17 ms 50th, 108 ms 95th, 771 ms 99th, 979 ms 99.9th.
