run_id=plaintext-requested-full-factorial-b5-rf3-isr3-msg1024-tps1000-batch131072-acksall-prod6-compnone-trial2
producer_count=6
----- /var/lib/kafka-client/results/plaintext-requested-full-factorial-b5-rf3-isr3-msg1024-tps1000-batch131072-acksall-prod6-compnone-trial2/producer-perf-1.log -----
producer_index=1
producer_count=6
producer_records=16667
producer_throughput=167
836 records sent, 166.9 records/sec (0.16 MB/sec), 109.7 ms avg latency, 3073.0 ms max latency.
838 records sent, 167.5 records/sec (0.16 MB/sec), 8.7 ms avg latency, 33.0 ms max latency.
835 records sent, 167.0 records/sec (0.16 MB/sec), 12.2 ms avg latency, 213.0 ms max latency.
836 records sent, 167.1 records/sec (0.16 MB/sec), 7.5 ms avg latency, 16.0 ms max latency.
835 records sent, 167.0 records/sec (0.16 MB/sec), 7.4 ms avg latency, 12.0 ms max latency.
835 records sent, 167.0 records/sec (0.16 MB/sec), 7.5 ms avg latency, 15.0 ms max latency.
836 records sent, 167.2 records/sec (0.16 MB/sec), 6.9 ms avg latency, 16.0 ms max latency.
835 records sent, 167.0 records/sec (0.16 MB/sec), 6.8 ms avg latency, 12.0 ms max latency.
836 records sent, 167.1 records/sec (0.16 MB/sec), 6.9 ms avg latency, 12.0 ms max latency.
836 records sent, 167.1 records/sec (0.16 MB/sec), 6.8 ms avg latency, 14.0 ms max latency.
836 records sent, 167.1 records/sec (0.16 MB/sec), 6.6 ms avg latency, 12.0 ms max latency.
835 records sent, 166.8 records/sec (0.16 MB/sec), 6.7 ms avg latency, 16.0 ms max latency.
836 records sent, 167.1 records/sec (0.16 MB/sec), 6.7 ms avg latency, 20.0 ms max latency.
835 records sent, 167.0 records/sec (0.16 MB/sec), 6.7 ms avg latency, 11.0 ms max latency.
836 records sent, 167.1 records/sec (0.16 MB/sec), 6.7 ms avg latency, 12.0 ms max latency.
836 records sent, 167.1 records/sec (0.16 MB/sec), 6.7 ms avg latency, 16.0 ms max latency.
836 records sent, 167.0 records/sec (0.16 MB/sec), 6.7 ms avg latency, 16.0 ms max latency.
835 records sent, 166.9 records/sec (0.16 MB/sec), 6.7 ms avg latency, 19.0 ms max latency.
837 records sent, 167.2 records/sec (0.16 MB/sec), 6.4 ms avg latency, 9.0 ms max latency.
16667 records sent, 166.963856 records/sec (0.16 MB/sec), 12.36 ms avg latency, 3073.00 ms max latency, 7 ms 50th, 14 ms 95th, 199 ms 99th, 259 ms 99.9th.
----- /var/lib/kafka-client/results/plaintext-requested-full-factorial-b5-rf3-isr3-msg1024-tps1000-batch131072-acksall-prod6-compnone-trial2/producer-perf-2.log -----
producer_index=2
producer_count=6
producer_records=16667
producer_throughput=167
827 records sent, 165.4 records/sec (0.16 MB/sec), 98.1 ms avg latency, 3038.0 ms max latency.
839 records sent, 167.7 records/sec (0.16 MB/sec), 8.4 ms avg latency, 38.0 ms max latency.
835 records sent, 167.0 records/sec (0.16 MB/sec), 7.7 ms avg latency, 23.0 ms max latency.
835 records sent, 167.0 records/sec (0.16 MB/sec), 7.6 ms avg latency, 14.0 ms max latency.
836 records sent, 167.0 records/sec (0.16 MB/sec), 7.4 ms avg latency, 14.0 ms max latency.
836 records sent, 167.2 records/sec (0.16 MB/sec), 7.4 ms avg latency, 15.0 ms max latency.
836 records sent, 167.2 records/sec (0.16 MB/sec), 7.0 ms avg latency, 18.0 ms max latency.
835 records sent, 166.9 records/sec (0.16 MB/sec), 6.8 ms avg latency, 16.0 ms max latency.
836 records sent, 167.1 records/sec (0.16 MB/sec), 6.9 ms avg latency, 15.0 ms max latency.
836 records sent, 167.1 records/sec (0.16 MB/sec), 6.8 ms avg latency, 13.0 ms max latency.
836 records sent, 167.1 records/sec (0.16 MB/sec), 6.7 ms avg latency, 11.0 ms max latency.
836 records sent, 167.1 records/sec (0.16 MB/sec), 6.7 ms avg latency, 17.0 ms max latency.
836 records sent, 167.0 records/sec (0.16 MB/sec), 6.8 ms avg latency, 21.0 ms max latency.
836 records sent, 167.0 records/sec (0.16 MB/sec), 6.5 ms avg latency, 11.0 ms max latency.
835 records sent, 167.0 records/sec (0.16 MB/sec), 6.5 ms avg latency, 10.0 ms max latency.
836 records sent, 167.1 records/sec (0.16 MB/sec), 6.8 ms avg latency, 16.0 ms max latency.
836 records sent, 167.0 records/sec (0.16 MB/sec), 6.8 ms avg latency, 13.0 ms max latency.
836 records sent, 167.1 records/sec (0.16 MB/sec), 6.7 ms avg latency, 10.0 ms max latency.
836 records sent, 167.1 records/sec (0.16 MB/sec), 6.5 ms avg latency, 11.0 ms max latency.
16667 records sent, 166.891966 records/sec (0.16 MB/sec), 11.72 ms avg latency, 3038.00 ms max latency, 7 ms 50th, 13 ms 95th, 186 ms 99th, 291 ms 99.9th.
----- /var/lib/kafka-client/results/plaintext-requested-full-factorial-b5-rf3-isr3-msg1024-tps1000-batch131072-acksall-prod6-compnone-trial2/producer-perf-3.log -----
producer_index=3
producer_count=6
producer_records=16667
producer_throughput=167
833 records sent, 166.2 records/sec (0.16 MB/sec), 121.1 ms avg latency, 3203.0 ms max latency.
843 records sent, 168.6 records/sec (0.16 MB/sec), 8.7 ms avg latency, 53.0 ms max latency.
835 records sent, 167.0 records/sec (0.16 MB/sec), 7.4 ms avg latency, 26.0 ms max latency.
836 records sent, 167.1 records/sec (0.16 MB/sec), 7.4 ms avg latency, 13.0 ms max latency.
836 records sent, 167.0 records/sec (0.16 MB/sec), 7.4 ms avg latency, 14.0 ms max latency.
836 records sent, 167.0 records/sec (0.16 MB/sec), 7.6 ms avg latency, 17.0 ms max latency.
836 records sent, 167.1 records/sec (0.16 MB/sec), 7.0 ms avg latency, 11.0 ms max latency.
836 records sent, 167.0 records/sec (0.16 MB/sec), 6.8 ms avg latency, 13.0 ms max latency.
836 records sent, 167.2 records/sec (0.16 MB/sec), 7.0 ms avg latency, 15.0 ms max latency.
835 records sent, 167.0 records/sec (0.16 MB/sec), 6.9 ms avg latency, 14.0 ms max latency.
835 records sent, 166.9 records/sec (0.16 MB/sec), 6.7 ms avg latency, 13.0 ms max latency.
836 records sent, 167.1 records/sec (0.16 MB/sec), 6.7 ms avg latency, 18.0 ms max latency.
836 records sent, 167.0 records/sec (0.16 MB/sec), 6.8 ms avg latency, 17.0 ms max latency.
836 records sent, 167.0 records/sec (0.16 MB/sec), 6.6 ms avg latency, 9.0 ms max latency.
836 records sent, 167.1 records/sec (0.16 MB/sec), 6.6 ms avg latency, 11.0 ms max latency.
835 records sent, 166.9 records/sec (0.16 MB/sec), 6.6 ms avg latency, 11.0 ms max latency.
835 records sent, 166.9 records/sec (0.16 MB/sec), 6.7 ms avg latency, 15.0 ms max latency.
835 records sent, 167.0 records/sec (0.16 MB/sec), 6.7 ms avg latency, 10.0 ms max latency.
836 records sent, 167.2 records/sec (0.16 MB/sec), 6.5 ms avg latency, 15.0 ms max latency.
16667 records sent, 166.927068 records/sec (0.16 MB/sec), 12.69 ms avg latency, 3203.00 ms max latency, 7 ms 50th, 14 ms 95th, 181 ms 99th, 289 ms 99.9th.
----- /var/lib/kafka-client/results/plaintext-requested-full-factorial-b5-rf3-isr3-msg1024-tps1000-batch131072-acksall-prod6-compnone-trial2/producer-perf-4.log -----
producer_index=4
producer_count=6
producer_records=16667
producer_throughput=167
829 records sent, 165.5 records/sec (0.16 MB/sec), 115.7 ms avg latency, 3008.0 ms max latency.
838 records sent, 167.6 records/sec (0.16 MB/sec), 8.4 ms avg latency, 41.0 ms max latency.
836 records sent, 166.9 records/sec (0.16 MB/sec), 7.8 ms avg latency, 28.0 ms max latency.
835 records sent, 167.0 records/sec (0.16 MB/sec), 7.6 ms avg latency, 14.0 ms max latency.
837 records sent, 167.2 records/sec (0.16 MB/sec), 7.4 ms avg latency, 15.0 ms max latency.
835 records sent, 166.9 records/sec (0.16 MB/sec), 7.6 ms avg latency, 17.0 ms max latency.
836 records sent, 167.2 records/sec (0.16 MB/sec), 7.0 ms avg latency, 18.0 ms max latency.
836 records sent, 167.1 records/sec (0.16 MB/sec), 6.7 ms avg latency, 14.0 ms max latency.
835 records sent, 166.9 records/sec (0.16 MB/sec), 7.0 ms avg latency, 13.0 ms max latency.
836 records sent, 167.0 records/sec (0.16 MB/sec), 6.8 ms avg latency, 12.0 ms max latency.
836 records sent, 167.1 records/sec (0.16 MB/sec), 6.5 ms avg latency, 9.0 ms max latency.
836 records sent, 167.1 records/sec (0.16 MB/sec), 6.7 ms avg latency, 13.0 ms max latency.
835 records sent, 167.0 records/sec (0.16 MB/sec), 6.8 ms avg latency, 21.0 ms max latency.
836 records sent, 167.1 records/sec (0.16 MB/sec), 6.6 ms avg latency, 11.0 ms max latency.
836 records sent, 167.0 records/sec (0.16 MB/sec), 6.6 ms avg latency, 8.0 ms max latency.
835 records sent, 166.9 records/sec (0.16 MB/sec), 6.7 ms avg latency, 19.0 ms max latency.
836 records sent, 167.2 records/sec (0.16 MB/sec), 6.6 ms avg latency, 15.0 ms max latency.
835 records sent, 166.9 records/sec (0.16 MB/sec), 6.7 ms avg latency, 19.0 ms max latency.
836 records sent, 167.1 records/sec (0.16 MB/sec), 6.4 ms avg latency, 14.0 ms max latency.
16667 records sent, 166.881940 records/sec (0.16 MB/sec), 12.39 ms avg latency, 3008.00 ms max latency, 7 ms 50th, 13 ms 95th, 200 ms 99th, 244 ms 99.9th.
----- /var/lib/kafka-client/results/plaintext-requested-full-factorial-b5-rf3-isr3-msg1024-tps1000-batch131072-acksall-prod6-compnone-trial2/producer-perf-5.log -----
producer_index=5
producer_count=6
producer_records=16666
producer_throughput=166
829 records sent, 165.5 records/sec (0.16 MB/sec), 52.3 ms avg latency, 3305.0 ms max latency.
834 records sent, 166.8 records/sec (0.16 MB/sec), 8.8 ms avg latency, 30.0 ms max latency.
831 records sent, 165.9 records/sec (0.16 MB/sec), 12.8 ms avg latency, 211.0 ms max latency.
832 records sent, 166.2 records/sec (0.16 MB/sec), 8.3 ms avg latency, 14.0 ms max latency.
830 records sent, 165.9 records/sec (0.16 MB/sec), 7.9 ms avg latency, 15.0 ms max latency.
830 records sent, 165.8 records/sec (0.16 MB/sec), 8.0 ms avg latency, 19.0 ms max latency.
832 records sent, 166.3 records/sec (0.16 MB/sec), 7.0 ms avg latency, 13.0 ms max latency.
831 records sent, 166.1 records/sec (0.16 MB/sec), 6.9 ms avg latency, 11.0 ms max latency.
831 records sent, 166.1 records/sec (0.16 MB/sec), 7.1 ms avg latency, 18.0 ms max latency.
830 records sent, 165.9 records/sec (0.16 MB/sec), 6.9 ms avg latency, 10.0 ms max latency.
830 records sent, 166.0 records/sec (0.16 MB/sec), 6.6 ms avg latency, 11.0 ms max latency.
831 records sent, 166.1 records/sec (0.16 MB/sec), 6.7 ms avg latency, 14.0 ms max latency.
830 records sent, 166.0 records/sec (0.16 MB/sec), 6.7 ms avg latency, 10.0 ms max latency.
831 records sent, 166.1 records/sec (0.16 MB/sec), 6.7 ms avg latency, 12.0 ms max latency.
831 records sent, 166.0 records/sec (0.16 MB/sec), 6.6 ms avg latency, 9.0 ms max latency.
831 records sent, 166.2 records/sec (0.16 MB/sec), 6.8 ms avg latency, 19.0 ms max latency.
830 records sent, 165.9 records/sec (0.16 MB/sec), 6.9 ms avg latency, 13.0 ms max latency.
831 records sent, 166.1 records/sec (0.16 MB/sec), 6.7 ms avg latency, 9.0 ms max latency.
831 records sent, 166.1 records/sec (0.16 MB/sec), 6.5 ms avg latency, 10.0 ms max latency.
831 records sent, 166.0 records/sec (0.16 MB/sec), 11.3 ms avg latency, 213.0 ms max latency.
16666 records sent, 165.966261 records/sec (0.16 MB/sec), 9.86 ms avg latency, 3305.00 ms max latency, 7 ms 50th, 15 ms 95th, 69 ms 99th, 181 ms 99.9th.
----- /var/lib/kafka-client/results/plaintext-requested-full-factorial-b5-rf3-isr3-msg1024-tps1000-batch131072-acksall-prod6-compnone-trial2/producer-perf-6.log -----
producer_index=6
producer_count=6
producer_records=16666
producer_throughput=166
829 records sent, 165.7 records/sec (0.16 MB/sec), 152.6 ms avg latency, 3370.0 ms max latency.
833 records sent, 166.5 records/sec (0.16 MB/sec), 9.0 ms avg latency, 37.0 ms max latency.
831 records sent, 166.0 records/sec (0.16 MB/sec), 8.4 ms avg latency, 14.0 ms max latency.
830 records sent, 166.0 records/sec (0.16 MB/sec), 8.2 ms avg latency, 13.0 ms max latency.
831 records sent, 166.2 records/sec (0.16 MB/sec), 7.7 ms avg latency, 13.0 ms max latency.
830 records sent, 165.9 records/sec (0.16 MB/sec), 7.9 ms avg latency, 13.0 ms max latency.
831 records sent, 166.0 records/sec (0.16 MB/sec), 7.1 ms avg latency, 12.0 ms max latency.
831 records sent, 166.2 records/sec (0.16 MB/sec), 6.7 ms avg latency, 9.0 ms max latency.
830 records sent, 165.9 records/sec (0.16 MB/sec), 7.2 ms avg latency, 12.0 ms max latency.
830 records sent, 166.0 records/sec (0.16 MB/sec), 6.9 ms avg latency, 16.0 ms max latency.
831 records sent, 166.1 records/sec (0.16 MB/sec), 6.7 ms avg latency, 10.0 ms max latency.
830 records sent, 166.0 records/sec (0.16 MB/sec), 6.8 ms avg latency, 20.0 ms max latency.
831 records sent, 166.1 records/sec (0.16 MB/sec), 6.8 ms avg latency, 21.0 ms max latency.
831 records sent, 166.2 records/sec (0.16 MB/sec), 6.7 ms avg latency, 15.0 ms max latency.
830 records sent, 166.0 records/sec (0.16 MB/sec), 6.6 ms avg latency, 12.0 ms max latency.
831 records sent, 166.1 records/sec (0.16 MB/sec), 6.7 ms avg latency, 18.0 ms max latency.
830 records sent, 165.9 records/sec (0.16 MB/sec), 6.8 ms avg latency, 13.0 ms max latency.
831 records sent, 166.0 records/sec (0.16 MB/sec), 6.8 ms avg latency, 16.0 ms max latency.
831 records sent, 166.2 records/sec (0.16 MB/sec), 6.5 ms avg latency, 10.0 ms max latency.
830 records sent, 165.9 records/sec (0.16 MB/sec), 6.8 ms avg latency, 13.0 ms max latency.
16666 records sent, 165.964608 records/sec (0.16 MB/sec), 14.40 ms avg latency, 3370.00 ms max latency, 7 ms 50th, 13 ms 95th, 230 ms 99th, 321 ms 99.9th.
