run_id=security-overhead-final-factorial-mtls-b5-rf3-isr3-msg10240-tps10000-batch16384-acksall-prod12-compnone-trial3
producer_count=12
----- /var/lib/kafka-client/results/security-overhead-final-factorial-mtls-b5-rf3-isr3-msg10240-tps10000-batch16384-acksall-prod12-compnone-trial3/producer-perf-1.log -----
producer_index=1
producer_count=12
producer_records=8334
producer_throughput=834
1 records sent, 0.1 records/sec (0.00 MB/sec), 18827.0 ms avg latency, 18827.0 ms max latency.
181 records sent, 36.2 records/sec (0.35 MB/sec), 8760.7 ms avg latency, 10642.0 ms max latency.
391 records sent, 77.8 records/sec (0.76 MB/sec), 11162.3 ms avg latency, 13410.0 ms max latency.
659 records sent, 131.5 records/sec (1.28 MB/sec), 14510.4 ms avg latency, 16293.0 ms max latency.
1074 records sent, 214.8 records/sec (2.10 MB/sec), 16405.8 ms avg latency, 18158.0 ms max latency.
1306 records sent, 260.6 records/sec (2.55 MB/sec), 10075.7 ms avg latency, 14284.0 ms max latency.
1526 records sent, 303.1 records/sec (2.96 MB/sec), 7510.5 ms avg latency, 8391.0 ms max latency.
1572 records sent, 314.4 records/sec (3.07 MB/sec), 6790.1 ms avg latency, 7221.0 ms max latency.
8334 records sent, 141.362056 records/sec (1.38 MB/sec), 9433.19 ms avg latency, 18827.00 ms max latency, 7589 ms 50th, 16701 ms 95th, 17525 ms 99th, 17969 ms 99.9th.
----- /var/lib/kafka-client/results/security-overhead-final-factorial-mtls-b5-rf3-isr3-msg10240-tps10000-batch16384-acksall-prod12-compnone-trial3/producer-perf-2.log -----
producer_index=2
producer_count=12
producer_records=8334
producer_throughput=834
1 records sent, 0.1 records/sec (0.00 MB/sec), 5892.0 ms avg latency, 5892.0 ms max latency.
206 records sent, 40.7 records/sec (0.40 MB/sec), 8107.0 ms avg latency, 18200.0 ms max latency.
312 records sent, 61.3 records/sec (0.60 MB/sec), 11190.3 ms avg latency, 13634.0 ms max latency.
613 records sent, 122.6 records/sec (1.20 MB/sec), 14631.7 ms avg latency, 16779.0 ms max latency.
1090 records sent, 217.8 records/sec (2.13 MB/sec), 16918.3 ms avg latency, 18262.0 ms max latency.
1331 records sent, 265.7 records/sec (2.59 MB/sec), 10458.7 ms avg latency, 15883.0 ms max latency.
1531 records sent, 304.5 records/sec (2.97 MB/sec), 7505.4 ms avg latency, 8529.0 ms max latency.
1575 records sent, 314.0 records/sec (3.07 MB/sec), 6720.6 ms avg latency, 7068.0 ms max latency.
8334 records sent, 143.471974 records/sec (1.40 MB/sec), 9434.50 ms avg latency, 18262.00 ms max latency, 7507 ms 50th, 17228 ms 95th, 17963 ms 99th, 18149 ms 99.9th.
----- /var/lib/kafka-client/results/security-overhead-final-factorial-mtls-b5-rf3-isr3-msg10240-tps10000-batch16384-acksall-prod12-compnone-trial3/producer-perf-3.log -----
producer_index=3
producer_count=12
producer_records=8334
producer_throughput=834
1 records sent, 0.1 records/sec (0.00 MB/sec), 19120.0 ms avg latency, 19120.0 ms max latency.
210 records sent, 41.8 records/sec (0.41 MB/sec), 9021.8 ms avg latency, 10535.0 ms max latency.
431 records sent, 85.9 records/sec (0.84 MB/sec), 12226.9 ms avg latency, 14398.0 ms max latency.
661 records sent, 131.6 records/sec (1.29 MB/sec), 15546.7 ms avg latency, 17659.0 ms max latency.
1032 records sent, 205.5 records/sec (2.01 MB/sec), 17237.8 ms avg latency, 19450.0 ms max latency.
1175 records sent, 234.3 records/sec (2.29 MB/sec), 10986.9 ms avg latency, 14187.0 ms max latency.
1257 records sent, 250.5 records/sec (2.45 MB/sec), 8671.7 ms avg latency, 9505.0 ms max latency.
1409 records sent, 281.6 records/sec (2.75 MB/sec), 7991.8 ms avg latency, 8511.0 ms max latency.
8334 records sent, 140.027219 records/sec (1.37 MB/sec), 10124.47 ms avg latency, 19450.00 ms max latency, 8549 ms 50th, 17631 ms 95th, 18707 ms 99th, 19283 ms 99.9th.
----- /var/lib/kafka-client/results/security-overhead-final-factorial-mtls-b5-rf3-isr3-msg10240-tps10000-batch16384-acksall-prod12-compnone-trial3/producer-perf-4.log -----
producer_index=4
producer_count=12
producer_records=8334
producer_throughput=834
1 records sent, 0.1 records/sec (0.00 MB/sec), 18785.0 ms avg latency, 18785.0 ms max latency.
205 records sent, 40.5 records/sec (0.40 MB/sec), 8880.3 ms avg latency, 10387.0 ms max latency.
299 records sent, 59.6 records/sec (0.58 MB/sec), 12148.0 ms avg latency, 14788.0 ms max latency.
679 records sent, 135.5 records/sec (1.32 MB/sec), 15675.8 ms avg latency, 17264.0 ms max latency.
1078 records sent, 215.1 records/sec (2.10 MB/sec), 17471.0 ms avg latency, 19159.0 ms max latency.
1169 records sent, 233.4 records/sec (2.28 MB/sec), 10737.8 ms avg latency, 15206.0 ms max latency.
1440 records sent, 287.4 records/sec (2.81 MB/sec), 8298.7 ms avg latency, 9321.0 ms max latency.
1464 records sent, 291.8 records/sec (2.85 MB/sec), 7156.2 ms avg latency, 7660.0 ms max latency.
8334 records sent, 141.247055 records/sec (1.38 MB/sec), 9907.44 ms avg latency, 19159.00 ms max latency, 8221 ms 50th, 17854 ms 95th, 18687 ms 99th, 18968 ms 99.9th.
----- /var/lib/kafka-client/results/security-overhead-final-factorial-mtls-b5-rf3-isr3-msg10240-tps10000-batch16384-acksall-prod12-compnone-trial3/producer-perf-5.log -----
producer_index=5
producer_count=12
producer_records=8333
producer_throughput=833
1 records sent, 0.1 records/sec (0.00 MB/sec), 18626.0 ms avg latency, 18626.0 ms max latency.
201 records sent, 40.2 records/sec (0.39 MB/sec), 8487.2 ms avg latency, 10469.0 ms max latency.
330 records sent, 65.7 records/sec (0.64 MB/sec), 11720.4 ms avg latency, 14092.0 ms max latency.
667 records sent, 133.0 records/sec (1.30 MB/sec), 15458.6 ms avg latency, 17050.0 ms max latency.
1073 records sent, 213.5 records/sec (2.08 MB/sec), 17274.7 ms avg latency, 18624.0 ms max latency.
1236 records sent, 245.8 records/sec (2.40 MB/sec), 10480.5 ms avg latency, 14986.0 ms max latency.
1332 records sent, 265.3 records/sec (2.59 MB/sec), 8292.1 ms avg latency, 8825.0 ms max latency.
1444 records sent, 287.4 records/sec (2.81 MB/sec), 7552.9 ms avg latency, 7901.0 ms max latency.
1890 records sent, 377.7 records/sec (3.69 MB/sec), 6610.6 ms avg latency, 7433.0 ms max latency.
8333 records sent, 140.338172 records/sec (1.37 MB/sec), 9923.47 ms avg latency, 18626.00 ms max latency, 8231 ms 50th, 17654 ms 95th, 18186 ms 99th, 18470 ms 99.9th.
----- /var/lib/kafka-client/results/security-overhead-final-factorial-mtls-b5-rf3-isr3-msg10240-tps10000-batch16384-acksall-prod12-compnone-trial3/producer-perf-6.log -----
producer_index=6
producer_count=12
producer_records=8333
producer_throughput=833
1 records sent, 0.1 records/sec (0.00 MB/sec), 17101.0 ms avg latency, 17101.0 ms max latency.
148 records sent, 29.4 records/sec (0.29 MB/sec), 7884.5 ms avg latency, 9527.0 ms max latency.
336 records sent, 67.1 records/sec (0.66 MB/sec), 11299.2 ms avg latency, 13774.0 ms max latency.
614 records sent, 122.5 records/sec (1.20 MB/sec), 14494.1 ms avg latency, 15960.0 ms max latency.
1048 records sent, 209.6 records/sec (2.05 MB/sec), 16806.3 ms avg latency, 18112.0 ms max latency.
1260 records sent, 250.7 records/sec (2.45 MB/sec), 10974.3 ms avg latency, 16535.0 ms max latency.
1377 records sent, 275.2 records/sec (2.69 MB/sec), 8091.4 ms avg latency, 8940.0 ms max latency.
1420 records sent, 284.0 records/sec (2.77 MB/sec), 7402.2 ms avg latency, 7666.0 ms max latency.
1686 records sent, 336.6 records/sec (3.29 MB/sec), 6870.6 ms avg latency, 7466.0 ms max latency.
8333 records sent, 141.980883 records/sec (1.39 MB/sec), 9742.26 ms avg latency, 18112.00 ms max latency, 7900 ms 50th, 17094 ms 95th, 17762 ms 99th, 18019 ms 99.9th.
----- /var/lib/kafka-client/results/security-overhead-final-factorial-mtls-b5-rf3-isr3-msg10240-tps10000-batch16384-acksall-prod12-compnone-trial3/producer-perf-7.log -----
producer_index=7
producer_count=12
producer_records=8333
producer_throughput=833
1 records sent, 0.1 records/sec (0.00 MB/sec), 18829.0 ms avg latency, 18829.0 ms max latency.
234 records sent, 46.8 records/sec (0.46 MB/sec), 7830.9 ms avg latency, 9331.0 ms max latency.
431 records sent, 85.6 records/sec (0.84 MB/sec), 10958.6 ms avg latency, 12981.0 ms max latency.
763 records sent, 151.9 records/sec (1.48 MB/sec), 14052.6 ms avg latency, 15499.0 ms max latency.
1110 records sent, 221.7 records/sec (2.16 MB/sec), 15232.5 ms avg latency, 17637.0 ms max latency.
1228 records sent, 245.4 records/sec (2.40 MB/sec), 9789.4 ms avg latency, 12079.0 ms max latency.
1444 records sent, 287.4 records/sec (2.81 MB/sec), 7888.6 ms avg latency, 8814.0 ms max latency.
1638 records sent, 327.3 records/sec (3.20 MB/sec), 6864.6 ms avg latency, 7203.0 ms max latency.
8333 records sent, 144.034985 records/sec (1.41 MB/sec), 9296.53 ms avg latency, 18829.00 ms max latency, 8116 ms 50th, 16022 ms 95th, 16904 ms 99th, 17512 ms 99.9th.
----- /var/lib/kafka-client/results/security-overhead-final-factorial-mtls-b5-rf3-isr3-msg10240-tps10000-batch16384-acksall-prod12-compnone-trial3/producer-perf-8.log -----
producer_index=8
producer_count=12
producer_records=8333
producer_throughput=833
1 records sent, 0.1 records/sec (0.00 MB/sec), 5859.0 ms avg latency, 5859.0 ms max latency.
205 records sent, 40.8 records/sec (0.40 MB/sec), 8220.1 ms avg latency, 18155.0 ms max latency.
467 records sent, 93.0 records/sec (0.91 MB/sec), 10598.7 ms avg latency, 12883.0 ms max latency.
693 records sent, 138.0 records/sec (1.35 MB/sec), 13234.4 ms avg latency, 15129.0 ms max latency.
1060 records sent, 207.7 records/sec (2.03 MB/sec), 15469.0 ms avg latency, 17104.0 ms max latency.
1237 records sent, 246.7 records/sec (2.41 MB/sec), 10478.0 ms avg latency, 13370.0 ms max latency.
1406 records sent, 280.9 records/sec (2.74 MB/sec), 8152.1 ms avg latency, 8958.0 ms max latency.
1551 records sent, 310.2 records/sec (3.03 MB/sec), 7116.8 ms avg latency, 7608.0 ms max latency.
8333 records sent, 142.960078 records/sec (1.40 MB/sec), 9397.86 ms avg latency, 18155.00 ms max latency, 8334 ms 50th, 15874 ms 95th, 16706 ms 99th, 16945 ms 99.9th.
----- /var/lib/kafka-client/results/security-overhead-final-factorial-mtls-b5-rf3-isr3-msg10240-tps10000-batch16384-acksall-prod12-compnone-trial3/producer-perf-9.log -----
producer_index=9
producer_count=12
producer_records=8333
producer_throughput=833
1 records sent, 0.1 records/sec (0.00 MB/sec), 18352.0 ms avg latency, 18352.0 ms max latency.
199 records sent, 39.2 records/sec (0.38 MB/sec), 8798.1 ms avg latency, 10503.0 ms max latency.
432 records sent, 86.2 records/sec (0.84 MB/sec), 11901.0 ms avg latency, 14035.0 ms max latency.
781 records sent, 156.1 records/sec (1.52 MB/sec), 15099.4 ms avg latency, 17366.0 ms max latency.
1078 records sent, 214.6 records/sec (2.10 MB/sec), 15850.6 ms avg latency, 18394.0 ms max latency.
1290 records sent, 256.8 records/sec (2.51 MB/sec), 9532.7 ms avg latency, 12379.0 ms max latency.
1443 records sent, 288.6 records/sec (2.82 MB/sec), 7763.4 ms avg latency, 8511.0 ms max latency.
1518 records sent, 303.2 records/sec (2.96 MB/sec), 7169.9 ms avg latency, 7587.0 ms max latency.
8333 records sent, 142.982155 records/sec (1.40 MB/sec), 9607.69 ms avg latency, 18394.00 ms max latency, 7933 ms 50th, 16925 ms 95th, 17790 ms 99th, 18277 ms 99.9th.
----- /var/lib/kafka-client/results/security-overhead-final-factorial-mtls-b5-rf3-isr3-msg10240-tps10000-batch16384-acksall-prod12-compnone-trial3/producer-perf-10.log -----
producer_index=10
producer_count=12
producer_records=8333
producer_throughput=833
1 records sent, 0.1 records/sec (0.00 MB/sec), 5865.0 ms avg latency, 5865.0 ms max latency.
186 records sent, 36.7 records/sec (0.36 MB/sec), 8215.3 ms avg latency, 18030.0 ms max latency.
372 records sent, 74.1 records/sec (0.72 MB/sec), 11199.7 ms avg latency, 13602.0 ms max latency.
566 records sent, 112.4 records/sec (1.10 MB/sec), 14535.0 ms avg latency, 16803.0 ms max latency.
754 records sent, 150.4 records/sec (1.47 MB/sec), 17391.9 ms avg latency, 19229.0 ms max latency.
852 records sent, 169.2 records/sec (1.65 MB/sec), 16796.8 ms avg latency, 20039.0 ms max latency.
1174 records sent, 230.3 records/sec (2.25 MB/sec), 12019.7 ms avg latency, 14009.0 ms max latency.
1519 records sent, 302.8 records/sec (2.96 MB/sec), 8439.0 ms avg latency, 10436.0 ms max latency.
1746 records sent, 348.8 records/sec (3.41 MB/sec), 6444.7 ms avg latency, 7012.0 ms max latency.
8333 records sent, 139.010760 records/sec (1.36 MB/sec), 10258.05 ms avg latency, 20039.00 ms max latency, 9095 ms 50th, 18424 ms 95th, 19549 ms 99th, 19823 ms 99.9th.
----- /var/lib/kafka-client/results/security-overhead-final-factorial-mtls-b5-rf3-isr3-msg10240-tps10000-batch16384-acksall-prod12-compnone-trial3/producer-perf-11.log -----
producer_index=11
producer_count=12
producer_records=8333
producer_throughput=833
1 records sent, 0.1 records/sec (0.00 MB/sec), 17792.0 ms avg latency, 17792.0 ms max latency.
166 records sent, 33.2 records/sec (0.32 MB/sec), 7435.7 ms avg latency, 9073.0 ms max latency.
424 records sent, 84.5 records/sec (0.82 MB/sec), 10560.4 ms avg latency, 12108.0 ms max latency.
743 records sent, 147.8 records/sec (1.44 MB/sec), 13325.3 ms avg latency, 14508.0 ms max latency.
1086 records sent, 216.5 records/sec (2.11 MB/sec), 14953.0 ms avg latency, 16525.0 ms max latency.
1264 records sent, 252.4 records/sec (2.47 MB/sec), 9678.2 ms avg latency, 12499.0 ms max latency.
1362 records sent, 271.2 records/sec (2.65 MB/sec), 8016.8 ms avg latency, 8573.0 ms max latency.
1356 records sent, 270.6 records/sec (2.64 MB/sec), 7719.8 ms avg latency, 7961.0 ms max latency.
1836 records sent, 366.5 records/sec (3.58 MB/sec), 6813.6 ms avg latency, 7733.0 ms max latency.
8333 records sent, 141.845541 records/sec (1.39 MB/sec), 9425.05 ms avg latency, 17792.00 ms max latency, 7992 ms 50th, 15438 ms 95th, 16102 ms 99th, 16405 ms 99.9th.
----- /var/lib/kafka-client/results/security-overhead-final-factorial-mtls-b5-rf3-isr3-msg10240-tps10000-batch16384-acksall-prod12-compnone-trial3/producer-perf-12.log -----
producer_index=12
producer_count=12
producer_records=8333
producer_throughput=833
1 records sent, 0.1 records/sec (0.00 MB/sec), 18271.0 ms avg latency, 18271.0 ms max latency.
207 records sent, 41.2 records/sec (0.40 MB/sec), 8373.9 ms avg latency, 9639.0 ms max latency.
496 records sent, 98.3 records/sec (0.96 MB/sec), 10834.6 ms avg latency, 12735.0 ms max latency.
811 records sent, 161.8 records/sec (1.58 MB/sec), 13860.5 ms avg latency, 15405.0 ms max latency.
1116 records sent, 222.5 records/sec (2.17 MB/sec), 14349.8 ms avg latency, 16917.0 ms max latency.
1411 records sent, 275.7 records/sec (2.69 MB/sec), 9014.3 ms avg latency, 11313.0 ms max latency.
1631 records sent, 325.0 records/sec (3.17 MB/sec), 7057.7 ms avg latency, 8054.0 ms max latency.
1693 records sent, 337.4 records/sec (3.29 MB/sec), 6267.0 ms avg latency, 6636.0 ms max latency.
8333 records sent, 147.465846 records/sec (1.44 MB/sec), 8976.14 ms avg latency, 18271.00 ms max latency, 7592 ms 50th, 15384 ms 95th, 16285 ms 99th, 16772 ms 99.9th.
