producer_index=1
producer_count=1
producer_records=100000
producer_throughput=1000
5000 records sent, 999.6 records/sec (9.76 MB/sec), 203.5 ms avg latency, 767.0 ms max latency.
5003 records sent, 1000.2 records/sec (9.77 MB/sec), 6.1 ms avg latency, 81.0 ms max latency.
5001 records sent, 999.8 records/sec (9.76 MB/sec), 4.6 ms avg latency, 38.0 ms max latency.
5007 records sent, 1001.4 records/sec (9.78 MB/sec), 4.0 ms avg latency, 23.0 ms max latency.
5004 records sent, 1000.8 records/sec (9.77 MB/sec), 4.2 ms avg latency, 37.0 ms max latency.
5000 records sent, 1000.0 records/sec (9.77 MB/sec), 4.3 ms avg latency, 37.0 ms max latency.
5002 records sent, 1000.4 records/sec (9.77 MB/sec), 4.2 ms avg latency, 21.0 ms max latency.
5000 records sent, 1000.0 records/sec (9.77 MB/sec), 4.5 ms avg latency, 33.0 ms max latency.
5002 records sent, 1000.4 records/sec (9.77 MB/sec), 4.2 ms avg latency, 27.0 ms max latency.
5003 records sent, 1000.2 records/sec (9.77 MB/sec), 6.2 ms avg latency, 80.0 ms max latency.
5003 records sent, 1000.6 records/sec (9.77 MB/sec), 7.5 ms avg latency, 80.0 ms max latency.
4998 records sent, 998.8 records/sec (9.75 MB/sec), 5.4 ms avg latency, 45.0 ms max latency.
5009 records sent, 1001.4 records/sec (9.78 MB/sec), 5.0 ms avg latency, 48.0 ms max latency.
5002 records sent, 1000.4 records/sec (9.77 MB/sec), 3.8 ms avg latency, 24.0 ms max latency.
5002 records sent, 1000.4 records/sec (9.77 MB/sec), 3.8 ms avg latency, 41.0 ms max latency.
5000 records sent, 999.8 records/sec (9.76 MB/sec), 4.8 ms avg latency, 53.0 ms max latency.
5002 records sent, 1000.4 records/sec (9.77 MB/sec), 6.0 ms avg latency, 74.0 ms max latency.
5004 records sent, 1000.8 records/sec (9.77 MB/sec), 5.3 ms avg latency, 61.0 ms max latency.
5001 records sent, 1000.0 records/sec (9.77 MB/sec), 4.0 ms avg latency, 39.0 ms max latency.
100000 records sent, 999.600160 records/sec (9.76 MB/sec), 14.76 ms avg latency, 767.00 ms max latency, 4 ms 50th, 17 ms 95th, 544 ms 99th, 660 ms 99.9th.
