run_id=security-overhead-final-factorial-plaintext-b5-rf3-isr3-msg1024-tps1000-batch16384-acksall-prod12-complz4-trial3
producer_count=12
----- /var/lib/kafka-client/results/security-overhead-final-factorial-plaintext-b5-rf3-isr3-msg1024-tps1000-batch16384-acksall-prod12-complz4-trial3/producer-perf-1.log -----
producer_index=1
producer_count=12
producer_records=8334
producer_throughput=84
1 records sent, 0.1 records/sec (0.00 MB/sec), 8613.0 ms avg latency, 8613.0 ms max latency.
1146 records sent, 228.1 records/sec (0.22 MB/sec), 831.1 ms avg latency, 1544.0 ms max latency.
430 records sent, 85.6 records/sec (0.08 MB/sec), 33.0 ms avg latency, 132.0 ms max latency.
424 records sent, 84.8 records/sec (0.08 MB/sec), 19.0 ms avg latency, 90.0 ms max latency.
418 records sent, 82.8 records/sec (0.08 MB/sec), 15.7 ms avg latency, 98.0 ms max latency.
425 records sent, 85.0 records/sec (0.08 MB/sec), 18.3 ms avg latency, 73.0 ms max latency.
423 records sent, 84.6 records/sec (0.08 MB/sec), 17.3 ms avg latency, 71.0 ms max latency.
421 records sent, 84.0 records/sec (0.08 MB/sec), 17.3 ms avg latency, 90.0 ms max latency.
421 records sent, 84.2 records/sec (0.08 MB/sec), 16.3 ms avg latency, 101.0 ms max latency.
420 records sent, 84.0 records/sec (0.08 MB/sec), 14.8 ms avg latency, 63.0 ms max latency.
421 records sent, 84.0 records/sec (0.08 MB/sec), 17.0 ms avg latency, 86.0 ms max latency.
421 records sent, 84.0 records/sec (0.08 MB/sec), 16.8 ms avg latency, 80.0 ms max latency.
420 records sent, 83.9 records/sec (0.08 MB/sec), 16.1 ms avg latency, 100.0 ms max latency.
421 records sent, 84.0 records/sec (0.08 MB/sec), 17.6 ms avg latency, 115.0 ms max latency.
421 records sent, 84.2 records/sec (0.08 MB/sec), 16.8 ms avg latency, 97.0 ms max latency.
420 records sent, 83.9 records/sec (0.08 MB/sec), 16.6 ms avg latency, 130.0 ms max latency.
419 records sent, 83.8 records/sec (0.08 MB/sec), 15.3 ms avg latency, 83.0 ms max latency.
422 records sent, 84.4 records/sec (0.08 MB/sec), 12.3 ms avg latency, 80.0 ms max latency.
421 records sent, 84.0 records/sec (0.08 MB/sec), 12.2 ms avg latency, 96.0 ms max latency.
8334 records sent, 83.803433 records/sec (0.08 MB/sec), 130.16 ms avg latency, 8613.00 ms max latency, 13 ms 50th, 1199 ms 95th, 1454 ms 99th, 1543 ms 99.9th.
----- /var/lib/kafka-client/results/security-overhead-final-factorial-plaintext-b5-rf3-isr3-msg1024-tps1000-batch16384-acksall-prod12-complz4-trial3/producer-perf-2.log -----
producer_index=2
producer_count=12
producer_records=8334
producer_throughput=84
1 records sent, 0.1 records/sec (0.00 MB/sec), 9335.0 ms avg latency, 9335.0 ms max latency.
1209 records sent, 240.9 records/sec (0.24 MB/sec), 625.8 ms avg latency, 1237.0 ms max latency.
419 records sent, 83.1 records/sec (0.08 MB/sec), 32.1 ms avg latency, 109.0 ms max latency.
430 records sent, 85.9 records/sec (0.08 MB/sec), 18.9 ms avg latency, 101.0 ms max latency.
420 records sent, 84.0 records/sec (0.08 MB/sec), 14.9 ms avg latency, 78.0 ms max latency.
421 records sent, 84.1 records/sec (0.08 MB/sec), 17.1 ms avg latency, 102.0 ms max latency.
422 records sent, 84.3 records/sec (0.08 MB/sec), 17.1 ms avg latency, 71.0 ms max latency.
419 records sent, 83.7 records/sec (0.08 MB/sec), 17.0 ms avg latency, 98.0 ms max latency.
422 records sent, 84.4 records/sec (0.08 MB/sec), 15.6 ms avg latency, 79.0 ms max latency.
418 records sent, 83.6 records/sec (0.08 MB/sec), 17.4 ms avg latency, 85.0 ms max latency.
422 records sent, 84.2 records/sec (0.08 MB/sec), 16.0 ms avg latency, 114.0 ms max latency.
420 records sent, 83.0 records/sec (0.08 MB/sec), 16.7 ms avg latency, 101.0 ms max latency.
428 records sent, 85.4 records/sec (0.08 MB/sec), 16.4 ms avg latency, 97.0 ms max latency.
421 records sent, 84.0 records/sec (0.08 MB/sec), 16.6 ms avg latency, 96.0 ms max latency.
421 records sent, 84.2 records/sec (0.08 MB/sec), 17.2 ms avg latency, 134.0 ms max latency.
420 records sent, 84.0 records/sec (0.08 MB/sec), 13.7 ms avg latency, 212.0 ms max latency.
420 records sent, 83.9 records/sec (0.08 MB/sec), 13.6 ms avg latency, 78.0 ms max latency.
421 records sent, 84.2 records/sec (0.08 MB/sec), 13.3 ms avg latency, 111.0 ms max latency.
8334 records sent, 83.864151 records/sec (0.08 MB/sec), 106.30 ms avg latency, 9335.00 ms max latency, 13 ms 50th, 858 ms 95th, 1083 ms 99th, 1209 ms 99.9th.
----- /var/lib/kafka-client/results/security-overhead-final-factorial-plaintext-b5-rf3-isr3-msg1024-tps1000-batch16384-acksall-prod12-complz4-trial3/producer-perf-3.log -----
producer_index=3
producer_count=12
producer_records=8334
producer_throughput=84
1 records sent, 0.1 records/sec (0.00 MB/sec), 8865.0 ms avg latency, 8865.0 ms max latency.
1174 records sent, 234.2 records/sec (0.23 MB/sec), 951.0 ms avg latency, 1631.0 ms max latency.
427 records sent, 85.0 records/sec (0.08 MB/sec), 35.3 ms avg latency, 108.0 ms max latency.
423 records sent, 84.4 records/sec (0.08 MB/sec), 18.9 ms avg latency, 91.0 ms max latency.
421 records sent, 84.0 records/sec (0.08 MB/sec), 15.6 ms avg latency, 75.0 ms max latency.
423 records sent, 84.2 records/sec (0.08 MB/sec), 17.2 ms avg latency, 72.0 ms max latency.
423 records sent, 84.6 records/sec (0.08 MB/sec), 17.3 ms avg latency, 71.0 ms max latency.
421 records sent, 84.0 records/sec (0.08 MB/sec), 16.3 ms avg latency, 111.0 ms max latency.
421 records sent, 84.1 records/sec (0.08 MB/sec), 18.3 ms avg latency, 99.0 ms max latency.
421 records sent, 84.1 records/sec (0.08 MB/sec), 15.1 ms avg latency, 82.0 ms max latency.
420 records sent, 84.0 records/sec (0.08 MB/sec), 17.2 ms avg latency, 99.0 ms max latency.
421 records sent, 84.1 records/sec (0.08 MB/sec), 15.4 ms avg latency, 98.0 ms max latency.
413 records sent, 82.2 records/sec (0.08 MB/sec), 15.9 ms avg latency, 161.0 ms max latency.
430 records sent, 85.8 records/sec (0.08 MB/sec), 15.8 ms avg latency, 99.0 ms max latency.
420 records sent, 83.9 records/sec (0.08 MB/sec), 15.8 ms avg latency, 89.0 ms max latency.
421 records sent, 84.1 records/sec (0.08 MB/sec), 16.6 ms avg latency, 113.0 ms max latency.
421 records sent, 84.1 records/sec (0.08 MB/sec), 13.4 ms avg latency, 94.0 ms max latency.
420 records sent, 84.0 records/sec (0.08 MB/sec), 12.8 ms avg latency, 77.0 ms max latency.
8334 records sent, 83.865839 records/sec (0.08 MB/sec), 149.62 ms avg latency, 8865.00 ms max latency, 13 ms 50th, 1354 ms 95th, 1473 ms 99th, 1630 ms 99.9th.
----- /var/lib/kafka-client/results/security-overhead-final-factorial-plaintext-b5-rf3-isr3-msg1024-tps1000-batch16384-acksall-prod12-complz4-trial3/producer-perf-4.log -----
producer_index=4
producer_count=12
producer_records=8334
producer_throughput=84
1 records sent, 0.1 records/sec (0.00 MB/sec), 8603.0 ms avg latency, 8603.0 ms max latency.
1147 records sent, 228.1 records/sec (0.22 MB/sec), 706.1 ms avg latency, 1381.0 ms max latency.
426 records sent, 85.1 records/sec (0.08 MB/sec), 35.5 ms avg latency, 114.0 ms max latency.
422 records sent, 84.3 records/sec (0.08 MB/sec), 18.4 ms avg latency, 82.0 ms max latency.
421 records sent, 84.0 records/sec (0.08 MB/sec), 14.9 ms avg latency, 70.0 ms max latency.
420 records sent, 83.9 records/sec (0.08 MB/sec), 17.3 ms avg latency, 64.0 ms max latency.
421 records sent, 84.1 records/sec (0.08 MB/sec), 16.6 ms avg latency, 55.0 ms max latency.
421 records sent, 84.1 records/sec (0.08 MB/sec), 16.8 ms avg latency, 108.0 ms max latency.
421 records sent, 84.0 records/sec (0.08 MB/sec), 16.3 ms avg latency, 90.0 ms max latency.
421 records sent, 84.1 records/sec (0.08 MB/sec), 14.9 ms avg latency, 81.0 ms max latency.
421 records sent, 84.1 records/sec (0.08 MB/sec), 18.4 ms avg latency, 93.0 ms max latency.
420 records sent, 84.0 records/sec (0.08 MB/sec), 14.3 ms avg latency, 83.0 ms max latency.
420 records sent, 83.9 records/sec (0.08 MB/sec), 16.2 ms avg latency, 102.0 ms max latency.
421 records sent, 84.1 records/sec (0.08 MB/sec), 14.8 ms avg latency, 103.0 ms max latency.
421 records sent, 84.2 records/sec (0.08 MB/sec), 16.4 ms avg latency, 125.0 ms max latency.
420 records sent, 83.9 records/sec (0.08 MB/sec), 18.4 ms avg latency, 122.0 ms max latency.
421 records sent, 84.0 records/sec (0.08 MB/sec), 13.2 ms avg latency, 104.0 ms max latency.
420 records sent, 84.0 records/sec (0.08 MB/sec), 12.1 ms avg latency, 89.0 ms max latency.
422 records sent, 84.2 records/sec (0.08 MB/sec), 12.1 ms avg latency, 94.0 ms max latency.
8334 records sent, 83.939327 records/sec (0.08 MB/sec), 112.74 ms avg latency, 8603.00 ms max latency, 13 ms 50th, 980 ms 95th, 1205 ms 99th, 1361 ms 99.9th.
----- /var/lib/kafka-client/results/security-overhead-final-factorial-plaintext-b5-rf3-isr3-msg1024-tps1000-batch16384-acksall-prod12-complz4-trial3/producer-perf-5.log -----
producer_index=5
producer_count=12
producer_records=8333
producer_throughput=83
1 records sent, 0.1 records/sec (0.00 MB/sec), 9304.0 ms avg latency, 9304.0 ms max latency.
1194 records sent, 238.2 records/sec (0.23 MB/sec), 774.2 ms avg latency, 1546.0 ms max latency.
417 records sent, 83.0 records/sec (0.08 MB/sec), 29.0 ms avg latency, 107.0 ms max latency.
418 records sent, 83.5 records/sec (0.08 MB/sec), 18.0 ms avg latency, 93.0 ms max latency.
418 records sent, 83.5 records/sec (0.08 MB/sec), 14.7 ms avg latency, 96.0 ms max latency.
415 records sent, 82.8 records/sec (0.08 MB/sec), 16.5 ms avg latency, 64.0 ms max latency.
416 records sent, 83.0 records/sec (0.08 MB/sec), 16.3 ms avg latency, 50.0 ms max latency.
417 records sent, 83.2 records/sec (0.08 MB/sec), 16.3 ms avg latency, 89.0 ms max latency.
422 records sent, 84.0 records/sec (0.08 MB/sec), 16.7 ms avg latency, 84.0 ms max latency.
418 records sent, 83.5 records/sec (0.08 MB/sec), 16.5 ms avg latency, 109.0 ms max latency.
411 records sent, 81.5 records/sec (0.08 MB/sec), 16.1 ms avg latency, 91.0 ms max latency.
423 records sent, 84.5 records/sec (0.08 MB/sec), 14.4 ms avg latency, 86.0 ms max latency.
417 records sent, 83.2 records/sec (0.08 MB/sec), 15.7 ms avg latency, 86.0 ms max latency.
416 records sent, 83.1 records/sec (0.08 MB/sec), 15.1 ms avg latency, 101.0 ms max latency.
416 records sent, 83.0 records/sec (0.08 MB/sec), 15.5 ms avg latency, 139.0 ms max latency.
412 records sent, 81.0 records/sec (0.08 MB/sec), 14.9 ms avg latency, 77.0 ms max latency.
426 records sent, 85.1 records/sec (0.08 MB/sec), 14.0 ms avg latency, 75.0 ms max latency.
415 records sent, 83.0 records/sec (0.08 MB/sec), 12.7 ms avg latency, 91.0 ms max latency.
415 records sent, 83.0 records/sec (0.08 MB/sec), 11.2 ms avg latency, 76.0 ms max latency.
8333 records sent, 82.862655 records/sec (0.08 MB/sec), 125.79 ms avg latency, 9304.00 ms max latency, 13 ms 50th, 1059 ms 95th, 1353 ms 99th, 1497 ms 99.9th.
----- /var/lib/kafka-client/results/security-overhead-final-factorial-plaintext-b5-rf3-isr3-msg1024-tps1000-batch16384-acksall-prod12-complz4-trial3/producer-perf-6.log -----
producer_index=6
producer_count=12
producer_records=8333
producer_throughput=83
1 records sent, 0.1 records/sec (0.00 MB/sec), 8852.0 ms avg latency, 8852.0 ms max latency.
1161 records sent, 231.2 records/sec (0.23 MB/sec), 840.2 ms avg latency, 1666.0 ms max latency.
420 records sent, 83.6 records/sec (0.08 MB/sec), 31.2 ms avg latency, 115.0 ms max latency.
419 records sent, 83.6 records/sec (0.08 MB/sec), 18.9 ms avg latency, 101.0 ms max latency.
416 records sent, 83.2 records/sec (0.08 MB/sec), 14.2 ms avg latency, 53.0 ms max latency.
415 records sent, 82.9 records/sec (0.08 MB/sec), 17.7 ms avg latency, 101.0 ms max latency.
417 records sent, 83.0 records/sec (0.08 MB/sec), 19.2 ms avg latency, 79.0 ms max latency.
417 records sent, 83.3 records/sec (0.08 MB/sec), 16.6 ms avg latency, 79.0 ms max latency.
413 records sent, 82.4 records/sec (0.08 MB/sec), 17.3 ms avg latency, 103.0 ms max latency.
422 records sent, 84.3 records/sec (0.08 MB/sec), 15.0 ms avg latency, 69.0 ms max latency.
417 records sent, 83.4 records/sec (0.08 MB/sec), 16.1 ms avg latency, 82.0 ms max latency.
416 records sent, 83.1 records/sec (0.08 MB/sec), 14.8 ms avg latency, 100.0 ms max latency.
413 records sent, 81.7 records/sec (0.08 MB/sec), 16.1 ms avg latency, 93.0 ms max latency.
424 records sent, 84.7 records/sec (0.08 MB/sec), 16.1 ms avg latency, 105.0 ms max latency.
416 records sent, 83.0 records/sec (0.08 MB/sec), 15.1 ms avg latency, 91.0 ms max latency.
416 records sent, 83.2 records/sec (0.08 MB/sec), 17.4 ms avg latency, 124.0 ms max latency.
416 records sent, 83.1 records/sec (0.08 MB/sec), 14.5 ms avg latency, 115.0 ms max latency.
415 records sent, 83.0 records/sec (0.08 MB/sec), 13.2 ms avg latency, 91.0 ms max latency.
416 records sent, 83.1 records/sec (0.08 MB/sec), 12.0 ms avg latency, 82.0 ms max latency.
8333 records sent, 82.875840 records/sec (0.08 MB/sec), 132.54 ms avg latency, 8852.00 ms max latency, 13 ms 50th, 1174 ms 95th, 1477 ms 99th, 1661 ms 99.9th.
----- /var/lib/kafka-client/results/security-overhead-final-factorial-plaintext-b5-rf3-isr3-msg1024-tps1000-batch16384-acksall-prod12-complz4-trial3/producer-perf-7.log -----
producer_index=7
producer_count=12
producer_records=8333
producer_throughput=83
1 records sent, 0.1 records/sec (0.00 MB/sec), 9788.0 ms avg latency, 9788.0 ms max latency.
1230 records sent, 244.8 records/sec (0.24 MB/sec), 815.7 ms avg latency, 1764.0 ms max latency.
419 records sent, 83.6 records/sec (0.08 MB/sec), 31.8 ms avg latency, 111.0 ms max latency.
417 records sent, 83.3 records/sec (0.08 MB/sec), 14.9 ms avg latency, 76.0 ms max latency.
415 records sent, 83.0 records/sec (0.08 MB/sec), 15.6 ms avg latency, 82.0 ms max latency.
417 records sent, 83.1 records/sec (0.08 MB/sec), 18.2 ms avg latency, 67.0 ms max latency.
416 records sent, 83.2 records/sec (0.08 MB/sec), 16.5 ms avg latency, 60.0 ms max latency.
417 records sent, 83.2 records/sec (0.08 MB/sec), 16.7 ms avg latency, 76.0 ms max latency.
414 records sent, 82.8 records/sec (0.08 MB/sec), 16.4 ms avg latency, 109.0 ms max latency.
417 records sent, 83.2 records/sec (0.08 MB/sec), 15.8 ms avg latency, 87.0 ms max latency.
414 records sent, 82.8 records/sec (0.08 MB/sec), 18.2 ms avg latency, 135.0 ms max latency.
416 records sent, 83.2 records/sec (0.08 MB/sec), 14.2 ms avg latency, 66.0 ms max latency.
416 records sent, 82.9 records/sec (0.08 MB/sec), 16.9 ms avg latency, 93.0 ms max latency.
416 records sent, 83.2 records/sec (0.08 MB/sec), 16.2 ms avg latency, 112.0 ms max latency.
416 records sent, 83.1 records/sec (0.08 MB/sec), 17.4 ms avg latency, 154.0 ms max latency.
415 records sent, 83.0 records/sec (0.08 MB/sec), 17.0 ms avg latency, 117.0 ms max latency.
416 records sent, 83.0 records/sec (0.08 MB/sec), 14.8 ms avg latency, 101.0 ms max latency.
416 records sent, 83.1 records/sec (0.08 MB/sec), 12.1 ms avg latency, 90.0 ms max latency.
415 records sent, 83.0 records/sec (0.08 MB/sec), 10.5 ms avg latency, 56.0 ms max latency.
8333 records sent, 82.838766 records/sec (0.08 MB/sec), 135.75 ms avg latency, 9788.00 ms max latency, 13 ms 50th, 1087 ms 95th, 1529 ms 99th, 1759 ms 99.9th.
----- /var/lib/kafka-client/results/security-overhead-final-factorial-plaintext-b5-rf3-isr3-msg1024-tps1000-batch16384-acksall-prod12-complz4-trial3/producer-perf-8.log -----
producer_index=8
producer_count=12
producer_records=8333
producer_throughput=83
1 records sent, 0.1 records/sec (0.00 MB/sec), 7742.0 ms avg latency, 7742.0 ms max latency.
1065 records sent, 212.1 records/sec (0.21 MB/sec), 847.4 ms avg latency, 1692.0 ms max latency.
420 records sent, 83.9 records/sec (0.08 MB/sec), 30.5 ms avg latency, 105.0 ms max latency.
418 records sent, 83.4 records/sec (0.08 MB/sec), 16.9 ms avg latency, 71.0 ms max latency.
418 records sent, 83.5 records/sec (0.08 MB/sec), 14.8 ms avg latency, 64.0 ms max latency.
415 records sent, 82.6 records/sec (0.08 MB/sec), 16.4 ms avg latency, 53.0 ms max latency.
421 records sent, 83.9 records/sec (0.08 MB/sec), 16.6 ms avg latency, 76.0 ms max latency.
417 records sent, 83.4 records/sec (0.08 MB/sec), 15.1 ms avg latency, 55.0 ms max latency.
416 records sent, 83.0 records/sec (0.08 MB/sec), 16.0 ms avg latency, 92.0 ms max latency.
417 records sent, 83.3 records/sec (0.08 MB/sec), 14.5 ms avg latency, 65.0 ms max latency.
415 records sent, 82.9 records/sec (0.08 MB/sec), 14.2 ms avg latency, 63.0 ms max latency.
415 records sent, 83.0 records/sec (0.08 MB/sec), 13.6 ms avg latency, 69.0 ms max latency.
412 records sent, 82.4 records/sec (0.08 MB/sec), 16.0 ms avg latency, 86.0 ms max latency.
425 records sent, 84.9 records/sec (0.08 MB/sec), 16.6 ms avg latency, 128.0 ms max latency.
416 records sent, 83.1 records/sec (0.08 MB/sec), 15.0 ms avg latency, 112.0 ms max latency.
417 records sent, 83.2 records/sec (0.08 MB/sec), 16.8 ms avg latency, 129.0 ms max latency.
415 records sent, 82.9 records/sec (0.08 MB/sec), 15.5 ms avg latency, 115.0 ms max latency.
416 records sent, 83.2 records/sec (0.08 MB/sec), 11.9 ms avg latency, 63.0 ms max latency.
416 records sent, 83.1 records/sec (0.08 MB/sec), 12.2 ms avg latency, 88.0 ms max latency.
8333 records sent, 82.917073 records/sec (0.08 MB/sec), 123.10 ms avg latency, 7742.00 ms max latency, 12 ms 50th, 1174 ms 95th, 1597 ms 99th, 1691 ms 99.9th.
----- /var/lib/kafka-client/results/security-overhead-final-factorial-plaintext-b5-rf3-isr3-msg1024-tps1000-batch16384-acksall-prod12-complz4-trial3/producer-perf-9.log -----
producer_index=9
producer_count=12
producer_records=8333
producer_throughput=83
1 records sent, 0.1 records/sec (0.00 MB/sec), 9571.0 ms avg latency, 9571.0 ms max latency.
1221 records sent, 243.4 records/sec (0.24 MB/sec), 820.5 ms avg latency, 1724.0 ms max latency.
411 records sent, 82.2 records/sec (0.08 MB/sec), 28.9 ms avg latency, 109.0 ms max latency.
423 records sent, 84.5 records/sec (0.08 MB/sec), 17.9 ms avg latency, 73.0 ms max latency.
416 records sent, 83.2 records/sec (0.08 MB/sec), 16.0 ms avg latency, 72.0 ms max latency.
413 records sent, 82.4 records/sec (0.08 MB/sec), 17.9 ms avg latency, 64.0 ms max latency.
419 records sent, 83.6 records/sec (0.08 MB/sec), 17.6 ms avg latency, 79.0 ms max latency.
411 records sent, 81.8 records/sec (0.08 MB/sec), 17.1 ms avg latency, 85.0 ms max latency.
423 records sent, 84.6 records/sec (0.08 MB/sec), 16.8 ms avg latency, 83.0 ms max latency.
416 records sent, 82.9 records/sec (0.08 MB/sec), 16.0 ms avg latency, 76.0 ms max latency.
415 records sent, 83.0 records/sec (0.08 MB/sec), 14.7 ms avg latency, 95.0 ms max latency.
410 records sent, 81.0 records/sec (0.08 MB/sec), 15.0 ms avg latency, 117.0 ms max latency.
426 records sent, 85.0 records/sec (0.08 MB/sec), 17.0 ms avg latency, 118.0 ms max latency.
416 records sent, 83.1 records/sec (0.08 MB/sec), 15.5 ms avg latency, 117.0 ms max latency.
416 records sent, 83.0 records/sec (0.08 MB/sec), 19.0 ms avg latency, 127.0 ms max latency.
416 records sent, 83.2 records/sec (0.08 MB/sec), 15.5 ms avg latency, 84.0 ms max latency.
415 records sent, 83.0 records/sec (0.08 MB/sec), 12.8 ms avg latency, 83.0 ms max latency.
416 records sent, 83.1 records/sec (0.08 MB/sec), 14.0 ms avg latency, 119.0 ms max latency.
415 records sent, 82.9 records/sec (0.08 MB/sec), 11.9 ms avg latency, 76.0 ms max latency.
8333 records sent, 82.847826 records/sec (0.08 MB/sec), 135.57 ms avg latency, 9571.00 ms max latency, 13 ms 50th, 1154 ms 95th, 1496 ms 99th, 1722 ms 99.9th.
----- /var/lib/kafka-client/results/security-overhead-final-factorial-plaintext-b5-rf3-isr3-msg1024-tps1000-batch16384-acksall-prod12-complz4-trial3/producer-perf-10.log -----
producer_index=10
producer_count=12
producer_records=8333
producer_throughput=83
1 records sent, 0.1 records/sec (0.00 MB/sec), 9110.0 ms avg latency, 9110.0 ms max latency.
1179 records sent, 235.5 records/sec (0.23 MB/sec), 730.9 ms avg latency, 1554.0 ms max latency.
409 records sent, 81.5 records/sec (0.08 MB/sec), 31.0 ms avg latency, 134.0 ms max latency.
425 records sent, 84.9 records/sec (0.08 MB/sec), 17.1 ms avg latency, 86.0 ms max latency.
416 records sent, 83.0 records/sec (0.08 MB/sec), 13.5 ms avg latency, 47.0 ms max latency.
414 records sent, 82.8 records/sec (0.08 MB/sec), 16.8 ms avg latency, 98.0 ms max latency.
419 records sent, 83.7 records/sec (0.08 MB/sec), 17.8 ms avg latency, 71.0 ms max latency.
416 records sent, 83.1 records/sec (0.08 MB/sec), 16.1 ms avg latency, 81.0 ms max latency.
417 records sent, 83.4 records/sec (0.08 MB/sec), 16.1 ms avg latency, 127.0 ms max latency.
415 records sent, 83.0 records/sec (0.08 MB/sec), 15.7 ms avg latency, 96.0 ms max latency.
416 records sent, 82.9 records/sec (0.08 MB/sec), 15.4 ms avg latency, 71.0 ms max latency.
415 records sent, 83.0 records/sec (0.08 MB/sec), 15.6 ms avg latency, 117.0 ms max latency.
416 records sent, 83.1 records/sec (0.08 MB/sec), 14.9 ms avg latency, 98.0 ms max latency.
415 records sent, 83.0 records/sec (0.08 MB/sec), 14.2 ms avg latency, 76.0 ms max latency.
416 records sent, 83.1 records/sec (0.08 MB/sec), 17.0 ms avg latency, 114.0 ms max latency.
415 records sent, 83.0 records/sec (0.08 MB/sec), 15.7 ms avg latency, 109.0 ms max latency.
415 records sent, 82.9 records/sec (0.08 MB/sec), 16.2 ms avg latency, 110.0 ms max latency.
416 records sent, 83.2 records/sec (0.08 MB/sec), 13.4 ms avg latency, 73.0 ms max latency.
416 records sent, 83.1 records/sec (0.08 MB/sec), 11.8 ms avg latency, 78.0 ms max latency.
8333 records sent, 82.844531 records/sec (0.08 MB/sec), 118.52 ms avg latency, 9110.00 ms max latency, 13 ms 50th, 1014 ms 95th, 1363 ms 99th, 1545 ms 99.9th.
----- /var/lib/kafka-client/results/security-overhead-final-factorial-plaintext-b5-rf3-isr3-msg1024-tps1000-batch16384-acksall-prod12-complz4-trial3/producer-perf-11.log -----
producer_index=11
producer_count=12
producer_records=8333
producer_throughput=83
1 records sent, 0.1 records/sec (0.00 MB/sec), 8211.0 ms avg latency, 8211.0 ms max latency.
1101 records sent, 220.2 records/sec (0.22 MB/sec), 642.1 ms avg latency, 1312.0 ms max latency.
418 records sent, 82.9 records/sec (0.08 MB/sec), 32.9 ms avg latency, 134.0 ms max latency.
419 records sent, 83.7 records/sec (0.08 MB/sec), 17.2 ms avg latency, 64.0 ms max latency.
416 records sent, 83.2 records/sec (0.08 MB/sec), 15.7 ms avg latency, 78.0 ms max latency.
416 records sent, 83.0 records/sec (0.08 MB/sec), 16.0 ms avg latency, 71.0 ms max latency.
416 records sent, 83.0 records/sec (0.08 MB/sec), 17.7 ms avg latency, 82.0 ms max latency.
420 records sent, 83.9 records/sec (0.08 MB/sec), 15.7 ms avg latency, 71.0 ms max latency.
417 records sent, 83.3 records/sec (0.08 MB/sec), 16.5 ms avg latency, 82.0 ms max latency.
417 records sent, 83.0 records/sec (0.08 MB/sec), 15.1 ms avg latency, 71.0 ms max latency.
416 records sent, 82.8 records/sec (0.08 MB/sec), 13.6 ms avg latency, 48.0 ms max latency.
426 records sent, 85.2 records/sec (0.08 MB/sec), 17.5 ms avg latency, 140.0 ms max latency.
417 records sent, 83.2 records/sec (0.08 MB/sec), 14.7 ms avg latency, 109.0 ms max latency.
417 records sent, 83.2 records/sec (0.08 MB/sec), 18.3 ms avg latency, 103.0 ms max latency.
416 records sent, 83.1 records/sec (0.08 MB/sec), 15.5 ms avg latency, 115.0 ms max latency.
407 records sent, 81.4 records/sec (0.08 MB/sec), 15.6 ms avg latency, 113.0 ms max latency.
424 records sent, 84.6 records/sec (0.08 MB/sec), 14.6 ms avg latency, 92.0 ms max latency.
416 records sent, 83.1 records/sec (0.08 MB/sec), 12.8 ms avg latency, 74.0 ms max latency.
414 records sent, 82.7 records/sec (0.08 MB/sec), 11.3 ms avg latency, 76.0 ms max latency.
8333 records sent, 82.874192 records/sec (0.08 MB/sec), 100.05 ms avg latency, 8211.00 ms max latency, 13 ms 50th, 943 ms 95th, 1120 ms 99th, 1290 ms 99.9th.
----- /var/lib/kafka-client/results/security-overhead-final-factorial-plaintext-b5-rf3-isr3-msg1024-tps1000-batch16384-acksall-prod12-complz4-trial3/producer-perf-12.log -----
producer_index=12
producer_count=12
producer_records=8333
producer_throughput=83
1 records sent, 0.1 records/sec (0.00 MB/sec), 9391.0 ms avg latency, 9391.0 ms max latency.
1211 records sent, 241.6 records/sec (0.24 MB/sec), 855.4 ms avg latency, 1584.0 ms max latency.
418 records sent, 83.5 records/sec (0.08 MB/sec), 30.8 ms avg latency, 151.0 ms max latency.
416 records sent, 83.2 records/sec (0.08 MB/sec), 15.5 ms avg latency, 76.0 ms max latency.
416 records sent, 83.0 records/sec (0.08 MB/sec), 15.8 ms avg latency, 81.0 ms max latency.
414 records sent, 82.5 records/sec (0.08 MB/sec), 18.0 ms avg latency, 94.0 ms max latency.
417 records sent, 82.7 records/sec (0.08 MB/sec), 15.7 ms avg latency, 83.0 ms max latency.
422 records sent, 84.4 records/sec (0.08 MB/sec), 17.9 ms avg latency, 104.0 ms max latency.
408 records sent, 80.7 records/sec (0.08 MB/sec), 16.6 ms avg latency, 154.0 ms max latency.
428 records sent, 85.4 records/sec (0.08 MB/sec), 15.6 ms avg latency, 150.0 ms max latency.
415 records sent, 83.0 records/sec (0.08 MB/sec), 16.3 ms avg latency, 78.0 ms max latency.
416 records sent, 83.1 records/sec (0.08 MB/sec), 15.8 ms avg latency, 81.0 ms max latency.
415 records sent, 82.7 records/sec (0.08 MB/sec), 16.8 ms avg latency, 120.0 ms max latency.
426 records sent, 85.2 records/sec (0.08 MB/sec), 18.5 ms avg latency, 156.0 ms max latency.
416 records sent, 82.9 records/sec (0.08 MB/sec), 16.7 ms avg latency, 115.0 ms max latency.
415 records sent, 82.8 records/sec (0.08 MB/sec), 16.5 ms avg latency, 95.0 ms max latency.
416 records sent, 83.2 records/sec (0.08 MB/sec), 12.3 ms avg latency, 77.0 ms max latency.
417 records sent, 83.2 records/sec (0.08 MB/sec), 12.4 ms avg latency, 88.0 ms max latency.
415 records sent, 82.9 records/sec (0.08 MB/sec), 11.9 ms avg latency, 63.0 ms max latency.
8333 records sent, 82.964128 records/sec (0.08 MB/sec), 139.64 ms avg latency, 9391.00 ms max latency, 13 ms 50th, 1209 ms 95th, 1441 ms 99th, 1583 ms 99.9th.
