run_id=security-overhead-final-factorial-plaintext-b5-rf5-isr3-msg102400-tps1000-batch131072-acks1-prod6-complz4-trial1
producer_count=6
----- /var/lib/kafka-client/results/security-overhead-final-factorial-plaintext-b5-rf5-isr3-msg102400-tps1000-batch131072-acks1-prod6-complz4-trial1/producer-perf-1.log -----
producer_index=1
producer_count=6
producer_records=16667
producer_throughput=167
3 records sent, 0.6 records/sec (0.06 MB/sec), 1881.3 ms avg latency, 4752.0 ms max latency.
493 records sent, 98.4 records/sec (9.61 MB/sec), 255.5 ms avg latency, 1125.0 ms max latency.
524 records sent, 104.7 records/sec (10.23 MB/sec), 51.2 ms avg latency, 160.0 ms max latency.
664 records sent, 132.6 records/sec (12.95 MB/sec), 25.0 ms avg latency, 157.0 ms max latency.
623 records sent, 123.8 records/sec (12.09 MB/sec), 27.6 ms avg latency, 131.0 ms max latency.
649 records sent, 129.5 records/sec (12.65 MB/sec), 30.6 ms avg latency, 187.0 ms max latency.
617 records sent, 123.0 records/sec (12.01 MB/sec), 29.9 ms avg latency, 132.0 ms max latency.
578 records sent, 115.3 records/sec (11.26 MB/sec), 27.5 ms avg latency, 132.0 ms max latency.
583 records sent, 116.4 records/sec (11.37 MB/sec), 27.7 ms avg latency, 128.0 ms max latency.
581 records sent, 115.8 records/sec (11.31 MB/sec), 26.8 ms avg latency, 127.0 ms max latency.
602 records sent, 120.2 records/sec (11.73 MB/sec), 23.5 ms avg latency, 115.0 ms max latency.
646 records sent, 129.0 records/sec (12.59 MB/sec), 23.5 ms avg latency, 97.0 ms max latency.
578 records sent, 115.5 records/sec (11.28 MB/sec), 23.0 ms avg latency, 117.0 ms max latency.
653 records sent, 130.6 records/sec (12.75 MB/sec), 23.4 ms avg latency, 96.0 ms max latency.
693 records sent, 137.8 records/sec (13.46 MB/sec), 29.6 ms avg latency, 201.0 ms max latency.
594 records sent, 118.6 records/sec (11.59 MB/sec), 20.5 ms avg latency, 103.0 ms max latency.
593 records sent, 118.6 records/sec (11.58 MB/sec), 20.7 ms avg latency, 87.0 ms max latency.
630 records sent, 125.9 records/sec (12.30 MB/sec), 21.3 ms avg latency, 126.0 ms max latency.
567 records sent, 112.8 records/sec (11.01 MB/sec), 33.5 ms avg latency, 468.0 ms max latency.
621 records sent, 123.7 records/sec (12.08 MB/sec), 55.7 ms avg latency, 703.0 ms max latency.
708 records sent, 141.6 records/sec (13.83 MB/sec), 15.7 ms avg latency, 88.0 ms max latency.
667 records sent, 133.4 records/sec (13.02 MB/sec), 17.0 ms avg latency, 98.0 ms max latency.
633 records sent, 124.8 records/sec (12.19 MB/sec), 16.1 ms avg latency, 56.0 ms max latency.
717 records sent, 143.4 records/sec (14.00 MB/sec), 14.7 ms avg latency, 75.0 ms max latency.
696 records sent, 138.1 records/sec (13.49 MB/sec), 13.9 ms avg latency, 113.0 ms max latency.
767 records sent, 153.4 records/sec (14.98 MB/sec), 14.1 ms avg latency, 109.0 ms max latency.
16667 records sent, 123.042737 records/sec (12.02 MB/sec), 31.46 ms avg latency, 4752.00 ms max latency, 17 ms 50th, 83 ms 95th, 326 ms 99th, 813 ms 99.9th.
----- /var/lib/kafka-client/results/security-overhead-final-factorial-plaintext-b5-rf5-isr3-msg102400-tps1000-batch131072-acks1-prod6-complz4-trial1/producer-perf-2.log -----
producer_index=2
producer_count=6
producer_records=16667
producer_throughput=167
1 records sent, 0.2 records/sec (0.02 MB/sec), 5128.0 ms avg latency, 5128.0 ms max latency.
397 records sent, 79.1 records/sec (7.73 MB/sec), 235.1 ms avg latency, 930.0 ms max latency.
505 records sent, 100.9 records/sec (9.86 MB/sec), 45.4 ms avg latency, 189.0 ms max latency.
608 records sent, 121.5 records/sec (11.87 MB/sec), 26.0 ms avg latency, 127.0 ms max latency.
632 records sent, 125.4 records/sec (12.25 MB/sec), 28.9 ms avg latency, 141.0 ms max latency.
557 records sent, 111.4 records/sec (10.88 MB/sec), 21.5 ms avg latency, 121.0 ms max latency.
592 records sent, 118.3 records/sec (11.55 MB/sec), 26.1 ms avg latency, 152.0 ms max latency.
562 records sent, 111.9 records/sec (10.92 MB/sec), 23.1 ms avg latency, 108.0 ms max latency.
577 records sent, 115.3 records/sec (11.26 MB/sec), 28.2 ms avg latency, 134.0 ms max latency.
556 records sent, 110.7 records/sec (10.81 MB/sec), 22.4 ms avg latency, 88.0 ms max latency.
541 records sent, 108.0 records/sec (10.54 MB/sec), 23.6 ms avg latency, 98.0 ms max latency.
625 records sent, 124.5 records/sec (12.16 MB/sec), 21.6 ms avg latency, 83.0 ms max latency.
662 records sent, 132.0 records/sec (12.89 MB/sec), 24.1 ms avg latency, 120.0 ms max latency.
694 records sent, 138.1 records/sec (13.48 MB/sec), 21.5 ms avg latency, 86.0 ms max latency.
628 records sent, 125.5 records/sec (12.26 MB/sec), 21.3 ms avg latency, 117.0 ms max latency.
658 records sent, 131.4 records/sec (12.83 MB/sec), 33.9 ms avg latency, 163.0 ms max latency.
595 records sent, 119.0 records/sec (11.62 MB/sec), 21.9 ms avg latency, 100.0 ms max latency.
610 records sent, 120.9 records/sec (11.81 MB/sec), 19.0 ms avg latency, 89.0 ms max latency.
622 records sent, 124.3 records/sec (12.14 MB/sec), 47.5 ms avg latency, 441.0 ms max latency.
663 records sent, 132.4 records/sec (12.93 MB/sec), 34.5 ms avg latency, 423.0 ms max latency.
731 records sent, 146.1 records/sec (14.27 MB/sec), 15.9 ms avg latency, 79.0 ms max latency.
666 records sent, 133.1 records/sec (13.00 MB/sec), 17.1 ms avg latency, 74.0 ms max latency.
679 records sent, 135.8 records/sec (13.26 MB/sec), 15.9 ms avg latency, 100.0 ms max latency.
715 records sent, 142.9 records/sec (13.95 MB/sec), 15.4 ms avg latency, 86.0 ms max latency.
785 records sent, 156.1 records/sec (15.24 MB/sec), 15.7 ms avg latency, 85.0 ms max latency.
860 records sent, 171.9 records/sec (16.78 MB/sec), 13.7 ms avg latency, 105.0 ms max latency.
16667 records sent, 123.596589 records/sec (12.07 MB/sec), 28.54 ms avg latency, 5128.00 ms max latency, 16 ms 50th, 75 ms 95th, 262 ms 99th, 731 ms 99.9th.
----- /var/lib/kafka-client/results/security-overhead-final-factorial-plaintext-b5-rf5-isr3-msg102400-tps1000-batch131072-acks1-prod6-complz4-trial1/producer-perf-3.log -----
producer_index=3
producer_count=6
producer_records=16667
producer_throughput=167
68 records sent, 13.4 records/sec (1.31 MB/sec), 431.3 ms avg latency, 4063.0 ms max latency.
457 records sent, 91.1 records/sec (8.90 MB/sec), 108.1 ms avg latency, 778.0 ms max latency.
536 records sent, 106.9 records/sec (10.44 MB/sec), 35.6 ms avg latency, 157.0 ms max latency.
653 records sent, 130.2 records/sec (12.72 MB/sec), 22.4 ms avg latency, 132.0 ms max latency.
635 records sent, 126.9 records/sec (12.39 MB/sec), 23.3 ms avg latency, 112.0 ms max latency.
590 records sent, 117.9 records/sec (11.51 MB/sec), 23.8 ms avg latency, 119.0 ms max latency.
523 records sent, 104.2 records/sec (10.17 MB/sec), 27.5 ms avg latency, 112.0 ms max latency.
588 records sent, 117.5 records/sec (11.47 MB/sec), 25.0 ms avg latency, 125.0 ms max latency.
627 records sent, 125.1 records/sec (12.22 MB/sec), 26.0 ms avg latency, 154.0 ms max latency.
582 records sent, 116.4 records/sec (11.36 MB/sec), 22.6 ms avg latency, 91.0 ms max latency.
552 records sent, 110.4 records/sec (10.78 MB/sec), 22.0 ms avg latency, 105.0 ms max latency.
587 records sent, 117.3 records/sec (11.46 MB/sec), 25.6 ms avg latency, 99.0 ms max latency.
534 records sent, 106.8 records/sec (10.43 MB/sec), 27.4 ms avg latency, 120.0 ms max latency.
617 records sent, 123.3 records/sec (12.04 MB/sec), 21.1 ms avg latency, 94.0 ms max latency.
586 records sent, 117.1 records/sec (11.43 MB/sec), 22.3 ms avg latency, 131.0 ms max latency.
561 records sent, 112.0 records/sec (10.94 MB/sec), 20.8 ms avg latency, 85.0 ms max latency.
564 records sent, 112.8 records/sec (11.02 MB/sec), 19.0 ms avg latency, 77.0 ms max latency.
644 records sent, 128.7 records/sec (12.57 MB/sec), 17.6 ms avg latency, 78.0 ms max latency.
557 records sent, 111.1 records/sec (10.85 MB/sec), 31.2 ms avg latency, 484.0 ms max latency.
625 records sent, 124.9 records/sec (12.19 MB/sec), 44.7 ms avg latency, 365.0 ms max latency.
697 records sent, 139.2 records/sec (13.60 MB/sec), 17.8 ms avg latency, 97.0 ms max latency.
622 records sent, 123.8 records/sec (12.09 MB/sec), 17.3 ms avg latency, 91.0 ms max latency.
698 records sent, 139.2 records/sec (13.59 MB/sec), 17.4 ms avg latency, 107.0 ms max latency.
650 records sent, 130.0 records/sec (12.69 MB/sec), 16.8 ms avg latency, 107.0 ms max latency.
764 records sent, 152.6 records/sec (14.90 MB/sec), 14.1 ms avg latency, 95.0 ms max latency.
927 records sent, 185.3 records/sec (18.10 MB/sec), 14.1 ms avg latency, 102.0 ms max latency.
963 records sent, 191.5 records/sec (18.70 MB/sec), 13.0 ms avg latency, 129.0 ms max latency.
16667 records sent, 122.322117 records/sec (11.95 MB/sec), 25.88 ms avg latency, 4063.00 ms max latency, 16 ms 50th, 69 ms 95th, 197 ms 99th, 504 ms 99.9th.
----- /var/lib/kafka-client/results/security-overhead-final-factorial-plaintext-b5-rf5-isr3-msg102400-tps1000-batch131072-acks1-prod6-complz4-trial1/producer-perf-4.log -----
producer_index=4
producer_count=6
producer_records=16667
producer_throughput=167
1 records sent, 0.2 records/sec (0.02 MB/sec), 4917.0 ms avg latency, 4917.0 ms max latency.
411 records sent, 81.8 records/sec (7.99 MB/sec), 210.2 ms avg latency, 853.0 ms max latency.
454 records sent, 90.7 records/sec (8.86 MB/sec), 46.4 ms avg latency, 185.0 ms max latency.
656 records sent, 131.2 records/sec (12.81 MB/sec), 25.3 ms avg latency, 102.0 ms max latency.
621 records sent, 124.0 records/sec (12.10 MB/sec), 24.0 ms avg latency, 135.0 ms max latency.
541 records sent, 107.9 records/sec (10.54 MB/sec), 27.5 ms avg latency, 131.0 ms max latency.
546 records sent, 109.0 records/sec (10.64 MB/sec), 28.2 ms avg latency, 124.0 ms max latency.
549 records sent, 109.2 records/sec (10.66 MB/sec), 24.3 ms avg latency, 103.0 ms max latency.
544 records sent, 107.8 records/sec (10.53 MB/sec), 23.7 ms avg latency, 102.0 ms max latency.
542 records sent, 108.1 records/sec (10.55 MB/sec), 23.1 ms avg latency, 91.0 ms max latency.
579 records sent, 115.8 records/sec (11.31 MB/sec), 25.6 ms avg latency, 106.0 ms max latency.
542 records sent, 107.8 records/sec (10.52 MB/sec), 22.5 ms avg latency, 114.0 ms max latency.
620 records sent, 124.0 records/sec (12.11 MB/sec), 24.4 ms avg latency, 100.0 ms max latency.
594 records sent, 118.7 records/sec (11.59 MB/sec), 20.3 ms avg latency, 95.0 ms max latency.
613 records sent, 122.6 records/sec (11.97 MB/sec), 23.5 ms avg latency, 100.0 ms max latency.
768 records sent, 153.4 records/sec (14.98 MB/sec), 40.2 ms avg latency, 201.0 ms max latency.
645 records sent, 127.6 records/sec (12.46 MB/sec), 18.7 ms avg latency, 106.0 ms max latency.
727 records sent, 145.1 records/sec (14.17 MB/sec), 21.0 ms avg latency, 116.0 ms max latency.
660 records sent, 130.6 records/sec (12.75 MB/sec), 36.5 ms avg latency, 443.0 ms max latency.
781 records sent, 156.1 records/sec (15.24 MB/sec), 56.5 ms avg latency, 683.0 ms max latency.
737 records sent, 147.3 records/sec (14.39 MB/sec), 16.0 ms avg latency, 81.0 ms max latency.
694 records sent, 137.6 records/sec (13.44 MB/sec), 16.8 ms avg latency, 127.0 ms max latency.
663 records sent, 132.4 records/sec (12.93 MB/sec), 14.4 ms avg latency, 71.0 ms max latency.
638 records sent, 127.2 records/sec (12.42 MB/sec), 15.5 ms avg latency, 85.0 ms max latency.
768 records sent, 153.6 records/sec (15.00 MB/sec), 16.8 ms avg latency, 94.0 ms max latency.
854 records sent, 170.8 records/sec (16.68 MB/sec), 14.2 ms avg latency, 104.0 ms max latency.
16667 records sent, 123.437315 records/sec (12.05 MB/sec), 29.26 ms avg latency, 4917.00 ms max latency, 16 ms 50th, 80 ms 95th, 265 ms 99th, 678 ms 99.9th.
----- /var/lib/kafka-client/results/security-overhead-final-factorial-plaintext-b5-rf5-isr3-msg102400-tps1000-batch131072-acks1-prod6-complz4-trial1/producer-perf-5.log -----
producer_index=5
producer_count=6
producer_records=16666
producer_throughput=166
35 records sent, 7.0 records/sec (0.68 MB/sec), 560.3 ms avg latency, 4559.0 ms max latency.
427 records sent, 85.1 records/sec (8.31 MB/sec), 119.1 ms avg latency, 761.0 ms max latency.
442 records sent, 88.1 records/sec (8.60 MB/sec), 37.0 ms avg latency, 166.0 ms max latency.
669 records sent, 133.7 records/sec (13.06 MB/sec), 23.0 ms avg latency, 161.0 ms max latency.
691 records sent, 138.1 records/sec (13.49 MB/sec), 23.5 ms avg latency, 115.0 ms max latency.
614 records sent, 122.3 records/sec (11.95 MB/sec), 26.2 ms avg latency, 138.0 ms max latency.
576 records sent, 115.0 records/sec (11.23 MB/sec), 25.8 ms avg latency, 100.0 ms max latency.
518 records sent, 103.2 records/sec (10.08 MB/sec), 23.2 ms avg latency, 117.0 ms max latency.
597 records sent, 118.0 records/sec (11.52 MB/sec), 29.1 ms avg latency, 150.0 ms max latency.
593 records sent, 118.5 records/sec (11.58 MB/sec), 25.7 ms avg latency, 132.0 ms max latency.
559 records sent, 111.7 records/sec (10.90 MB/sec), 24.8 ms avg latency, 146.0 ms max latency.
616 records sent, 123.1 records/sec (12.02 MB/sec), 21.0 ms avg latency, 104.0 ms max latency.
741 records sent, 148.0 records/sec (14.46 MB/sec), 29.1 ms avg latency, 171.0 ms max latency.
592 records sent, 117.4 records/sec (11.46 MB/sec), 20.4 ms avg latency, 86.0 ms max latency.
628 records sent, 125.5 records/sec (12.26 MB/sec), 21.8 ms avg latency, 127.0 ms max latency.
580 records sent, 115.6 records/sec (11.29 MB/sec), 17.0 ms avg latency, 69.0 ms max latency.
631 records sent, 125.7 records/sec (12.28 MB/sec), 24.6 ms avg latency, 139.0 ms max latency.
655 records sent, 130.7 records/sec (12.77 MB/sec), 19.7 ms avg latency, 134.0 ms max latency.
787 records sent, 157.3 records/sec (15.36 MB/sec), 47.5 ms avg latency, 560.0 ms max latency.
587 records sent, 116.8 records/sec (11.41 MB/sec), 41.8 ms avg latency, 473.0 ms max latency.
734 records sent, 146.7 records/sec (14.32 MB/sec), 14.9 ms avg latency, 126.0 ms max latency.
672 records sent, 134.4 records/sec (13.13 MB/sec), 16.2 ms avg latency, 76.0 ms max latency.
719 records sent, 143.7 records/sec (14.03 MB/sec), 15.1 ms avg latency, 72.0 ms max latency.
664 records sent, 132.4 records/sec (12.92 MB/sec), 17.3 ms avg latency, 132.0 ms max latency.
731 records sent, 146.0 records/sec (14.26 MB/sec), 15.7 ms avg latency, 96.0 ms max latency.
806 records sent, 160.8 records/sec (15.70 MB/sec), 14.0 ms avg latency, 117.0 ms max latency.
16666 records sent, 123.862893 records/sec (12.10 MB/sec), 26.69 ms avg latency, 4559.00 ms max latency, 16 ms 50th, 76 ms 95th, 162 ms 99th, 554 ms 99.9th.
----- /var/lib/kafka-client/results/security-overhead-final-factorial-plaintext-b5-rf5-isr3-msg102400-tps1000-batch131072-acks1-prod6-complz4-trial1/producer-perf-6.log -----
producer_index=6
producer_count=6
producer_records=16666
producer_throughput=166
20 records sent, 3.9 records/sec (0.38 MB/sec), 655.9 ms avg latency, 4493.0 ms max latency.
427 records sent, 85.4 records/sec (8.34 MB/sec), 182.0 ms avg latency, 736.0 ms max latency.
477 records sent, 95.2 records/sec (9.29 MB/sec), 49.7 ms avg latency, 178.0 ms max latency.
656 records sent, 130.8 records/sec (12.77 MB/sec), 24.2 ms avg latency, 127.0 ms max latency.
688 records sent, 137.6 records/sec (13.43 MB/sec), 26.3 ms avg latency, 120.0 ms max latency.
570 records sent, 113.7 records/sec (11.11 MB/sec), 21.6 ms avg latency, 92.0 ms max latency.
517 records sent, 103.2 records/sec (10.07 MB/sec), 25.9 ms avg latency, 135.0 ms max latency.
538 records sent, 107.4 records/sec (10.49 MB/sec), 22.7 ms avg latency, 99.0 ms max latency.
579 records sent, 115.2 records/sec (11.25 MB/sec), 26.9 ms avg latency, 122.0 ms max latency.
592 records sent, 118.0 records/sec (11.53 MB/sec), 23.2 ms avg latency, 107.0 ms max latency.
574 records sent, 114.7 records/sec (11.20 MB/sec), 24.6 ms avg latency, 127.0 ms max latency.
566 records sent, 113.1 records/sec (11.04 MB/sec), 27.2 ms avg latency, 120.0 ms max latency.
570 records sent, 113.5 records/sec (11.09 MB/sec), 24.3 ms avg latency, 96.0 ms max latency.
618 records sent, 122.5 records/sec (11.97 MB/sec), 23.0 ms avg latency, 95.0 ms max latency.
614 records sent, 122.4 records/sec (11.96 MB/sec), 21.3 ms avg latency, 120.0 ms max latency.
580 records sent, 115.9 records/sec (11.31 MB/sec), 19.9 ms avg latency, 113.0 ms max latency.
561 records sent, 112.1 records/sec (10.95 MB/sec), 22.2 ms avg latency, 89.0 ms max latency.
622 records sent, 123.9 records/sec (12.10 MB/sec), 21.0 ms avg latency, 131.0 ms max latency.
607 records sent, 121.2 records/sec (11.83 MB/sec), 37.2 ms avg latency, 586.0 ms max latency.
611 records sent, 122.1 records/sec (11.92 MB/sec), 41.2 ms avg latency, 462.0 ms max latency.
749 records sent, 149.7 records/sec (14.62 MB/sec), 21.0 ms avg latency, 147.0 ms max latency.
613 records sent, 122.6 records/sec (11.97 MB/sec), 17.3 ms avg latency, 88.0 ms max latency.
670 records sent, 133.9 records/sec (13.08 MB/sec), 15.2 ms avg latency, 81.0 ms max latency.
646 records sent, 128.9 records/sec (12.59 MB/sec), 16.3 ms avg latency, 77.0 ms max latency.
762 records sent, 152.0 records/sec (14.85 MB/sec), 18.9 ms avg latency, 113.0 ms max latency.
806 records sent, 160.9 records/sec (15.72 MB/sec), 14.4 ms avg latency, 151.0 ms max latency.
997 records sent, 199.4 records/sec (19.47 MB/sec), 11.5 ms avg latency, 89.0 ms max latency.
16666 records sent, 122.321062 records/sec (11.95 MB/sec), 27.51 ms avg latency, 4493.00 ms max latency, 16 ms 50th, 74 ms 95th, 251 ms 99th, 551 ms 99.9th.
