run_id=security-overhead-final-factorial-plaintext-b3-rf3-isr3-msg102400-tps1000-batch16384-acks1-prod12-complz4-trial3
producer_count=12
----- /var/lib/kafka-client/results/security-overhead-final-factorial-plaintext-b3-rf3-isr3-msg102400-tps1000-batch16384-acks1-prod12-complz4-trial3/producer-perf-1.log -----
producer_index=1
producer_count=12
producer_records=8334
producer_throughput=84
1 records sent, 0.1 records/sec (0.01 MB/sec), 7228.0 ms avg latency, 7228.0 ms max latency.
239 records sent, 47.6 records/sec (4.65 MB/sec), 205.4 ms avg latency, 913.0 ms max latency.
248 records sent, 49.5 records/sec (4.83 MB/sec), 103.1 ms avg latency, 275.0 ms max latency.
288 records sent, 57.3 records/sec (5.59 MB/sec), 67.9 ms avg latency, 166.0 ms max latency.
324 records sent, 64.8 records/sec (6.32 MB/sec), 61.3 ms avg latency, 288.0 ms max latency.
427 records sent, 85.4 records/sec (8.34 MB/sec), 22.2 ms avg latency, 92.0 ms max latency.
401 records sent, 80.0 records/sec (7.81 MB/sec), 28.2 ms avg latency, 133.0 ms max latency.
386 records sent, 76.6 records/sec (7.48 MB/sec), 29.7 ms avg latency, 164.0 ms max latency.
373 records sent, 74.2 records/sec (7.24 MB/sec), 27.1 ms avg latency, 146.0 ms max latency.
365 records sent, 72.8 records/sec (7.11 MB/sec), 33.5 ms avg latency, 174.0 ms max latency.
345 records sent, 68.9 records/sec (6.73 MB/sec), 36.2 ms avg latency, 249.0 ms max latency.
345 records sent, 69.0 records/sec (6.74 MB/sec), 36.8 ms avg latency, 151.0 ms max latency.
362 records sent, 72.4 records/sec (7.07 MB/sec), 28.7 ms avg latency, 93.0 ms max latency.
353 records sent, 69.7 records/sec (6.80 MB/sec), 31.3 ms avg latency, 146.0 ms max latency.
360 records sent, 71.4 records/sec (6.98 MB/sec), 34.5 ms avg latency, 168.0 ms max latency.
373 records sent, 74.3 records/sec (7.25 MB/sec), 26.5 ms avg latency, 105.0 ms max latency.
353 records sent, 70.3 records/sec (6.86 MB/sec), 41.4 ms avg latency, 198.0 ms max latency.
391 records sent, 77.8 records/sec (7.60 MB/sec), 26.4 ms avg latency, 106.0 ms max latency.
350 records sent, 69.8 records/sec (6.82 MB/sec), 28.4 ms avg latency, 123.0 ms max latency.
351 records sent, 69.7 records/sec (6.81 MB/sec), 30.4 ms avg latency, 110.0 ms max latency.
367 records sent, 73.0 records/sec (7.13 MB/sec), 28.2 ms avg latency, 128.0 ms max latency.
385 records sent, 76.9 records/sec (7.51 MB/sec), 29.1 ms avg latency, 143.0 ms max latency.
362 records sent, 72.1 records/sec (7.04 MB/sec), 25.9 ms avg latency, 131.0 ms max latency.
370 records sent, 73.8 records/sec (7.21 MB/sec), 30.7 ms avg latency, 144.0 ms max latency.
8334 records sent, 66.241694 records/sec (6.47 MB/sec), 40.61 ms avg latency, 7228.00 ms max latency, 25 ms 50th, 120 ms 95th, 231 ms 99th, 523 ms 99.9th.
----- /var/lib/kafka-client/results/security-overhead-final-factorial-plaintext-b3-rf3-isr3-msg102400-tps1000-batch16384-acks1-prod12-complz4-trial3/producer-perf-2.log -----
producer_index=2
producer_count=12
producer_records=8334
producer_throughput=84
1 records sent, 0.1 records/sec (0.01 MB/sec), 822.0 ms avg latency, 822.0 ms max latency.
274 records sent, 54.7 records/sec (5.34 MB/sec), 307.3 ms avg latency, 7233.0 ms max latency.
234 records sent, 46.2 records/sec (4.51 MB/sec), 101.6 ms avg latency, 294.0 ms max latency.
297 records sent, 59.3 records/sec (5.79 MB/sec), 59.9 ms avg latency, 295.0 ms max latency.
343 records sent, 68.3 records/sec (6.67 MB/sec), 62.2 ms avg latency, 158.0 ms max latency.
431 records sent, 86.1 records/sec (8.41 MB/sec), 38.8 ms avg latency, 156.0 ms max latency.
393 records sent, 78.3 records/sec (7.65 MB/sec), 27.6 ms avg latency, 111.0 ms max latency.
391 records sent, 78.0 records/sec (7.62 MB/sec), 37.5 ms avg latency, 169.0 ms max latency.
397 records sent, 79.1 records/sec (7.73 MB/sec), 30.3 ms avg latency, 125.0 ms max latency.
363 records sent, 72.0 records/sec (7.03 MB/sec), 33.0 ms avg latency, 168.0 ms max latency.
352 records sent, 70.2 records/sec (6.86 MB/sec), 30.8 ms avg latency, 171.0 ms max latency.
345 records sent, 68.4 records/sec (6.68 MB/sec), 35.0 ms avg latency, 218.0 ms max latency.
343 records sent, 68.0 records/sec (6.64 MB/sec), 31.7 ms avg latency, 157.0 ms max latency.
357 records sent, 70.3 records/sec (6.87 MB/sec), 28.3 ms avg latency, 146.0 ms max latency.
338 records sent, 67.5 records/sec (6.59 MB/sec), 38.0 ms avg latency, 201.0 ms max latency.
364 records sent, 72.7 records/sec (7.10 MB/sec), 33.1 ms avg latency, 152.0 ms max latency.
344 records sent, 68.6 records/sec (6.70 MB/sec), 46.6 ms avg latency, 262.0 ms max latency.
368 records sent, 73.1 records/sec (7.14 MB/sec), 30.0 ms avg latency, 174.0 ms max latency.
366 records sent, 72.8 records/sec (7.11 MB/sec), 28.5 ms avg latency, 133.0 ms max latency.
366 records sent, 72.9 records/sec (7.12 MB/sec), 23.8 ms avg latency, 123.0 ms max latency.
379 records sent, 75.7 records/sec (7.39 MB/sec), 25.7 ms avg latency, 108.0 ms max latency.
404 records sent, 80.6 records/sec (7.87 MB/sec), 28.8 ms avg latency, 131.0 ms max latency.
374 records sent, 74.2 records/sec (7.25 MB/sec), 26.6 ms avg latency, 109.0 ms max latency.
377 records sent, 74.7 records/sec (7.30 MB/sec), 27.7 ms avg latency, 112.0 ms max latency.
8334 records sent, 66.706154 records/sec (6.51 MB/sec), 44.85 ms avg latency, 7233.00 ms max latency, 27 ms 50th, 122 ms 95th, 287 ms 99th, 918 ms 99.9th.
----- /var/lib/kafka-client/results/security-overhead-final-factorial-plaintext-b3-rf3-isr3-msg102400-tps1000-batch16384-acks1-prod12-complz4-trial3/producer-perf-3.log -----
producer_index=3
producer_count=12
producer_records=8334
producer_throughput=84
1 records sent, 0.1 records/sec (0.01 MB/sec), 7380.0 ms avg latency, 7380.0 ms max latency.
264 records sent, 52.6 records/sec (5.14 MB/sec), 241.5 ms avg latency, 1011.0 ms max latency.
257 records sent, 51.2 records/sec (5.00 MB/sec), 112.6 ms avg latency, 288.0 ms max latency.
274 records sent, 54.6 records/sec (5.33 MB/sec), 51.1 ms avg latency, 168.0 ms max latency.
314 records sent, 61.9 records/sec (6.04 MB/sec), 56.5 ms avg latency, 206.0 ms max latency.
430 records sent, 86.0 records/sec (8.40 MB/sec), 27.1 ms avg latency, 122.0 ms max latency.
381 records sent, 76.1 records/sec (7.43 MB/sec), 36.9 ms avg latency, 148.0 ms max latency.
387 records sent, 77.2 records/sec (7.54 MB/sec), 27.0 ms avg latency, 101.0 ms max latency.
377 records sent, 75.1 records/sec (7.34 MB/sec), 27.6 ms avg latency, 102.0 ms max latency.
362 records sent, 71.8 records/sec (7.01 MB/sec), 30.3 ms avg latency, 153.0 ms max latency.
356 records sent, 70.8 records/sec (6.92 MB/sec), 27.1 ms avg latency, 109.0 ms max latency.
370 records sent, 73.4 records/sec (7.17 MB/sec), 31.4 ms avg latency, 144.0 ms max latency.
363 records sent, 71.5 records/sec (6.98 MB/sec), 29.3 ms avg latency, 166.0 ms max latency.
361 records sent, 72.2 records/sec (7.05 MB/sec), 27.3 ms avg latency, 131.0 ms max latency.
346 records sent, 68.8 records/sec (6.72 MB/sec), 30.1 ms avg latency, 127.0 ms max latency.
365 records sent, 72.6 records/sec (7.09 MB/sec), 35.0 ms avg latency, 159.0 ms max latency.
369 records sent, 73.6 records/sec (7.19 MB/sec), 41.5 ms avg latency, 212.0 ms max latency.
364 records sent, 72.4 records/sec (7.07 MB/sec), 31.4 ms avg latency, 242.0 ms max latency.
362 records sent, 72.0 records/sec (7.03 MB/sec), 26.5 ms avg latency, 118.0 ms max latency.
364 records sent, 71.0 records/sec (6.94 MB/sec), 31.4 ms avg latency, 193.0 ms max latency.
376 records sent, 74.6 records/sec (7.29 MB/sec), 33.6 ms avg latency, 195.0 ms max latency.
399 records sent, 79.7 records/sec (7.78 MB/sec), 29.8 ms avg latency, 179.0 ms max latency.
375 records sent, 74.9 records/sec (7.31 MB/sec), 35.4 ms avg latency, 220.0 ms max latency.
391 records sent, 77.7 records/sec (7.59 MB/sec), 24.2 ms avg latency, 95.0 ms max latency.
8334 records sent, 66.465160 records/sec (6.49 MB/sec), 42.25 ms avg latency, 7380.00 ms max latency, 25 ms 50th, 123 ms 95th, 253 ms 99th, 861 ms 99.9th.
----- /var/lib/kafka-client/results/security-overhead-final-factorial-plaintext-b3-rf3-isr3-msg102400-tps1000-batch16384-acks1-prod12-complz4-trial3/producer-perf-4.log -----
producer_index=4
producer_count=12
producer_records=8334
producer_throughput=84
1 records sent, 0.1 records/sec (0.01 MB/sec), 7374.0 ms avg latency, 7374.0 ms max latency.
258 records sent, 51.5 records/sec (5.03 MB/sec), 320.6 ms avg latency, 1130.0 ms max latency.
244 records sent, 48.7 records/sec (4.76 MB/sec), 103.5 ms avg latency, 235.0 ms max latency.
337 records sent, 67.4 records/sec (6.58 MB/sec), 65.2 ms avg latency, 200.0 ms max latency.
318 records sent, 61.8 records/sec (6.04 MB/sec), 46.0 ms avg latency, 210.0 ms max latency.
424 records sent, 84.6 records/sec (8.26 MB/sec), 27.1 ms avg latency, 191.0 ms max latency.
393 records sent, 78.4 records/sec (7.65 MB/sec), 26.3 ms avg latency, 127.0 ms max latency.
383 records sent, 75.8 records/sec (7.40 MB/sec), 33.7 ms avg latency, 148.0 ms max latency.
388 records sent, 77.2 records/sec (7.54 MB/sec), 34.4 ms avg latency, 189.0 ms max latency.
367 records sent, 73.3 records/sec (7.15 MB/sec), 26.7 ms avg latency, 119.0 ms max latency.
351 records sent, 69.7 records/sec (6.80 MB/sec), 34.8 ms avg latency, 133.0 ms max latency.
353 records sent, 70.6 records/sec (6.89 MB/sec), 33.1 ms avg latency, 171.0 ms max latency.
364 records sent, 72.3 records/sec (7.06 MB/sec), 30.5 ms avg latency, 178.0 ms max latency.
362 records sent, 72.1 records/sec (7.04 MB/sec), 30.6 ms avg latency, 133.0 ms max latency.
341 records sent, 68.0 records/sec (6.64 MB/sec), 30.1 ms avg latency, 107.0 ms max latency.
364 records sent, 72.7 records/sec (7.10 MB/sec), 29.5 ms avg latency, 157.0 ms max latency.
345 records sent, 68.7 records/sec (6.71 MB/sec), 39.2 ms avg latency, 203.0 ms max latency.
383 records sent, 76.2 records/sec (7.44 MB/sec), 29.5 ms avg latency, 144.0 ms max latency.
378 records sent, 75.5 records/sec (7.37 MB/sec), 26.2 ms avg latency, 108.0 ms max latency.
374 records sent, 74.7 records/sec (7.30 MB/sec), 23.9 ms avg latency, 122.0 ms max latency.
359 records sent, 71.6 records/sec (6.99 MB/sec), 26.2 ms avg latency, 148.0 ms max latency.
399 records sent, 79.3 records/sec (7.74 MB/sec), 26.2 ms avg latency, 120.0 ms max latency.
371 records sent, 74.0 records/sec (7.22 MB/sec), 28.3 ms avg latency, 153.0 ms max latency.
399 records sent, 79.5 records/sec (7.77 MB/sec), 26.7 ms avg latency, 132.0 ms max latency.
8334 records sent, 66.795973 records/sec (6.52 MB/sec), 43.62 ms avg latency, 7374.00 ms max latency, 25 ms 50th, 119 ms 95th, 318 ms 99th, 1030 ms 99.9th.
----- /var/lib/kafka-client/results/security-overhead-final-factorial-plaintext-b3-rf3-isr3-msg102400-tps1000-batch16384-acks1-prod12-complz4-trial3/producer-perf-5.log -----
producer_index=5
producer_count=12
producer_records=8333
producer_throughput=83
1 records sent, 0.1 records/sec (0.01 MB/sec), 7603.0 ms avg latency, 7603.0 ms max latency.
256 records sent, 51.0 records/sec (4.98 MB/sec), 297.4 ms avg latency, 1206.0 ms max latency.
251 records sent, 49.7 records/sec (4.85 MB/sec), 106.7 ms avg latency, 290.0 ms max latency.
284 records sent, 56.7 records/sec (5.53 MB/sec), 64.4 ms avg latency, 152.0 ms max latency.
327 records sent, 65.2 records/sec (6.37 MB/sec), 59.2 ms avg latency, 241.0 ms max latency.
417 records sent, 82.6 records/sec (8.07 MB/sec), 29.4 ms avg latency, 229.0 ms max latency.
402 records sent, 80.4 records/sec (7.85 MB/sec), 31.1 ms avg latency, 197.0 ms max latency.
379 records sent, 75.4 records/sec (7.36 MB/sec), 27.9 ms avg latency, 155.0 ms max latency.
376 records sent, 75.2 records/sec (7.34 MB/sec), 27.0 ms avg latency, 119.0 ms max latency.
367 records sent, 72.6 records/sec (7.09 MB/sec), 28.7 ms avg latency, 147.0 ms max latency.
347 records sent, 69.1 records/sec (6.75 MB/sec), 33.7 ms avg latency, 161.0 ms max latency.
353 records sent, 68.8 records/sec (6.71 MB/sec), 39.4 ms avg latency, 185.0 ms max latency.
370 records sent, 73.7 records/sec (7.20 MB/sec), 36.5 ms avg latency, 181.0 ms max latency.
355 records sent, 70.8 records/sec (6.91 MB/sec), 33.3 ms avg latency, 155.0 ms max latency.
360 records sent, 71.5 records/sec (6.98 MB/sec), 32.0 ms avg latency, 164.0 ms max latency.
367 records sent, 73.3 records/sec (7.16 MB/sec), 28.4 ms avg latency, 157.0 ms max latency.
345 records sent, 69.0 records/sec (6.74 MB/sec), 48.6 ms avg latency, 231.0 ms max latency.
369 records sent, 71.6 records/sec (7.00 MB/sec), 33.0 ms avg latency, 340.0 ms max latency.
381 records sent, 75.3 records/sec (7.36 MB/sec), 40.6 ms avg latency, 277.0 ms max latency.
370 records sent, 73.8 records/sec (7.21 MB/sec), 26.8 ms avg latency, 128.0 ms max latency.
367 records sent, 71.5 records/sec (6.98 MB/sec), 30.0 ms avg latency, 152.0 ms max latency.
410 records sent, 81.6 records/sec (7.97 MB/sec), 28.7 ms avg latency, 195.0 ms max latency.
382 records sent, 76.3 records/sec (7.45 MB/sec), 28.0 ms avg latency, 140.0 ms max latency.
376 records sent, 74.8 records/sec (7.31 MB/sec), 24.5 ms avg latency, 131.0 ms max latency.
8333 records sent, 66.357164 records/sec (6.48 MB/sec), 45.31 ms avg latency, 7603.00 ms max latency, 26 ms 50th, 128 ms 95th, 278 ms 99th, 1015 ms 99.9th.
----- /var/lib/kafka-client/results/security-overhead-final-factorial-plaintext-b3-rf3-isr3-msg102400-tps1000-batch16384-acks1-prod12-complz4-trial3/producer-perf-6.log -----
producer_index=6
producer_count=12
producer_records=8333
producer_throughput=83
1 records sent, 0.1 records/sec (0.01 MB/sec), 7301.0 ms avg latency, 7301.0 ms max latency.
262 records sent, 52.2 records/sec (5.10 MB/sec), 343.0 ms avg latency, 1451.0 ms max latency.
248 records sent, 49.4 records/sec (4.83 MB/sec), 103.3 ms avg latency, 234.0 ms max latency.
292 records sent, 58.4 records/sec (5.70 MB/sec), 77.1 ms avg latency, 280.0 ms max latency.
340 records sent, 67.9 records/sec (6.63 MB/sec), 57.7 ms avg latency, 203.0 ms max latency.
414 records sent, 82.5 records/sec (8.05 MB/sec), 30.3 ms avg latency, 109.0 ms max latency.
391 records sent, 77.5 records/sec (7.57 MB/sec), 25.8 ms avg latency, 113.0 ms max latency.
386 records sent, 77.2 records/sec (7.54 MB/sec), 30.6 ms avg latency, 136.0 ms max latency.
386 records sent, 77.1 records/sec (7.53 MB/sec), 32.3 ms avg latency, 135.0 ms max latency.
359 records sent, 71.5 records/sec (6.98 MB/sec), 39.9 ms avg latency, 193.0 ms max latency.
350 records sent, 70.0 records/sec (6.83 MB/sec), 30.7 ms avg latency, 139.0 ms max latency.
351 records sent, 70.2 records/sec (6.85 MB/sec), 31.1 ms avg latency, 162.0 ms max latency.
357 records sent, 71.1 records/sec (6.94 MB/sec), 27.8 ms avg latency, 130.0 ms max latency.
343 records sent, 68.3 records/sec (6.67 MB/sec), 42.2 ms avg latency, 250.0 ms max latency.
350 records sent, 69.0 records/sec (6.74 MB/sec), 33.6 ms avg latency, 115.0 ms max latency.
354 records sent, 70.8 records/sec (6.91 MB/sec), 28.5 ms avg latency, 124.0 ms max latency.
370 records sent, 73.9 records/sec (7.22 MB/sec), 47.1 ms avg latency, 348.0 ms max latency.
365 records sent, 72.9 records/sec (7.12 MB/sec), 28.5 ms avg latency, 136.0 ms max latency.
370 records sent, 74.0 records/sec (7.23 MB/sec), 33.3 ms avg latency, 183.0 ms max latency.
373 records sent, 74.0 records/sec (7.23 MB/sec), 33.2 ms avg latency, 188.0 ms max latency.
375 records sent, 73.4 records/sec (7.17 MB/sec), 31.1 ms avg latency, 174.0 ms max latency.
389 records sent, 77.7 records/sec (7.58 MB/sec), 28.2 ms avg latency, 159.0 ms max latency.
362 records sent, 72.3 records/sec (7.06 MB/sec), 30.5 ms avg latency, 108.0 ms max latency.
406 records sent, 81.2 records/sec (7.93 MB/sec), 23.6 ms avg latency, 90.0 ms max latency.
8333 records sent, 66.445527 records/sec (6.49 MB/sec), 47.23 ms avg latency, 7301.00 ms max latency, 26 ms 50th, 132 ms 95th, 288 ms 99th, 1208 ms 99.9th.
----- /var/lib/kafka-client/results/security-overhead-final-factorial-plaintext-b3-rf3-isr3-msg102400-tps1000-batch16384-acks1-prod12-complz4-trial3/producer-perf-7.log -----
producer_index=7
producer_count=12
producer_records=8333
producer_throughput=83
1 records sent, 0.1 records/sec (0.01 MB/sec), 774.0 ms avg latency, 774.0 ms max latency.
257 records sent, 50.7 records/sec (4.95 MB/sec), 344.7 ms avg latency, 7075.0 ms max latency.
244 records sent, 48.5 records/sec (4.74 MB/sec), 98.8 ms avg latency, 237.0 ms max latency.
287 records sent, 57.3 records/sec (5.60 MB/sec), 67.2 ms avg latency, 200.0 ms max latency.
338 records sent, 66.8 records/sec (6.52 MB/sec), 50.8 ms avg latency, 185.0 ms max latency.
432 records sent, 86.2 records/sec (8.42 MB/sec), 30.3 ms avg latency, 105.0 ms max latency.
428 records sent, 84.9 records/sec (8.29 MB/sec), 27.8 ms avg latency, 135.0 ms max latency.
393 records sent, 78.4 records/sec (7.66 MB/sec), 35.3 ms avg latency, 143.0 ms max latency.
408 records sent, 81.3 records/sec (7.94 MB/sec), 28.7 ms avg latency, 121.0 ms max latency.
349 records sent, 69.6 records/sec (6.80 MB/sec), 30.1 ms avg latency, 147.0 ms max latency.
344 records sent, 68.8 records/sec (6.72 MB/sec), 32.2 ms avg latency, 108.0 ms max latency.
338 records sent, 67.4 records/sec (6.58 MB/sec), 34.2 ms avg latency, 163.0 ms max latency.
358 records sent, 71.6 records/sec (6.99 MB/sec), 28.7 ms avg latency, 124.0 ms max latency.
350 records sent, 69.9 records/sec (6.83 MB/sec), 37.2 ms avg latency, 185.0 ms max latency.
355 records sent, 70.8 records/sec (6.91 MB/sec), 33.4 ms avg latency, 274.0 ms max latency.
352 records sent, 70.1 records/sec (6.84 MB/sec), 34.6 ms avg latency, 160.0 ms max latency.
347 records sent, 69.1 records/sec (6.75 MB/sec), 47.9 ms avg latency, 272.0 ms max latency.
383 records sent, 76.6 records/sec (7.48 MB/sec), 30.7 ms avg latency, 140.0 ms max latency.
373 records sent, 74.6 records/sec (7.28 MB/sec), 32.8 ms avg latency, 186.0 ms max latency.
368 records sent, 73.2 records/sec (7.15 MB/sec), 27.9 ms avg latency, 130.0 ms max latency.
376 records sent, 74.9 records/sec (7.31 MB/sec), 24.2 ms avg latency, 103.0 ms max latency.
407 records sent, 80.9 records/sec (7.90 MB/sec), 25.9 ms avg latency, 122.0 ms max latency.
360 records sent, 72.0 records/sec (7.03 MB/sec), 31.0 ms avg latency, 165.0 ms max latency.
396 records sent, 78.8 records/sec (7.70 MB/sec), 23.1 ms avg latency, 103.0 ms max latency.
8333 records sent, 66.951086 records/sec (6.54 MB/sec), 44.84 ms avg latency, 7075.00 ms max latency, 25 ms 50th, 117 ms 95th, 327 ms 99th, 1114 ms 99.9th.
----- /var/lib/kafka-client/results/security-overhead-final-factorial-plaintext-b3-rf3-isr3-msg102400-tps1000-batch16384-acks1-prod12-complz4-trial3/producer-perf-8.log -----
producer_index=8
producer_count=12
producer_records=8333
producer_throughput=83
1 records sent, 0.1 records/sec (0.01 MB/sec), 7563.0 ms avg latency, 7563.0 ms max latency.
278 records sent, 54.8 records/sec (5.35 MB/sec), 289.4 ms avg latency, 1300.0 ms max latency.
268 records sent, 53.5 records/sec (5.22 MB/sec), 92.4 ms avg latency, 223.0 ms max latency.
288 records sent, 57.5 records/sec (5.62 MB/sec), 69.9 ms avg latency, 205.0 ms max latency.
327 records sent, 65.4 records/sec (6.38 MB/sec), 52.7 ms avg latency, 214.0 ms max latency.
436 records sent, 86.4 records/sec (8.44 MB/sec), 24.7 ms avg latency, 96.0 ms max latency.
378 records sent, 75.5 records/sec (7.37 MB/sec), 24.6 ms avg latency, 118.0 ms max latency.
394 records sent, 78.7 records/sec (7.68 MB/sec), 30.4 ms avg latency, 121.0 ms max latency.
374 records sent, 74.1 records/sec (7.24 MB/sec), 30.2 ms avg latency, 140.0 ms max latency.
361 records sent, 71.9 records/sec (7.02 MB/sec), 34.8 ms avg latency, 195.0 ms max latency.
347 records sent, 69.2 records/sec (6.75 MB/sec), 29.6 ms avg latency, 158.0 ms max latency.
345 records sent, 68.2 records/sec (6.66 MB/sec), 31.1 ms avg latency, 169.0 ms max latency.
359 records sent, 71.8 records/sec (7.01 MB/sec), 39.0 ms avg latency, 175.0 ms max latency.
356 records sent, 71.0 records/sec (6.94 MB/sec), 29.7 ms avg latency, 99.0 ms max latency.
340 records sent, 67.9 records/sec (6.63 MB/sec), 34.7 ms avg latency, 162.0 ms max latency.
354 records sent, 70.6 records/sec (6.89 MB/sec), 29.0 ms avg latency, 131.0 ms max latency.
338 records sent, 67.6 records/sec (6.60 MB/sec), 45.6 ms avg latency, 194.0 ms max latency.
366 records sent, 73.1 records/sec (7.14 MB/sec), 28.5 ms avg latency, 177.0 ms max latency.
357 records sent, 70.9 records/sec (6.93 MB/sec), 36.1 ms avg latency, 145.0 ms max latency.
363 records sent, 72.0 records/sec (7.03 MB/sec), 28.2 ms avg latency, 134.0 ms max latency.
381 records sent, 75.6 records/sec (7.38 MB/sec), 27.0 ms avg latency, 132.0 ms max latency.
384 records sent, 76.3 records/sec (7.45 MB/sec), 25.4 ms avg latency, 120.0 ms max latency.
382 records sent, 76.2 records/sec (7.44 MB/sec), 26.3 ms avg latency, 102.0 ms max latency.
405 records sent, 79.2 records/sec (7.74 MB/sec), 26.2 ms avg latency, 174.0 ms max latency.
8333 records sent, 66.439170 records/sec (6.49 MB/sec), 43.99 ms avg latency, 7563.00 ms max latency, 25 ms 50th, 121 ms 95th, 298 ms 99th, 1112 ms 99.9th.
----- /var/lib/kafka-client/results/security-overhead-final-factorial-plaintext-b3-rf3-isr3-msg102400-tps1000-batch16384-acks1-prod12-complz4-trial3/producer-perf-9.log -----
producer_index=9
producer_count=12
producer_records=8333
producer_throughput=83
1 records sent, 0.1 records/sec (0.01 MB/sec), 843.0 ms avg latency, 843.0 ms max latency.
274 records sent, 54.4 records/sec (5.31 MB/sec), 283.3 ms avg latency, 7023.0 ms max latency.
262 records sent, 52.3 records/sec (5.11 MB/sec), 118.9 ms avg latency, 331.0 ms max latency.
326 records sent, 65.0 records/sec (6.35 MB/sec), 74.5 ms avg latency, 198.0 ms max latency.
346 records sent, 68.9 records/sec (6.72 MB/sec), 52.6 ms avg latency, 139.0 ms max latency.
418 records sent, 83.2 records/sec (8.13 MB/sec), 26.9 ms avg latency, 91.0 ms max latency.
425 records sent, 84.8 records/sec (8.28 MB/sec), 26.1 ms avg latency, 102.0 ms max latency.
402 records sent, 80.3 records/sec (7.84 MB/sec), 32.2 ms avg latency, 154.0 ms max latency.
410 records sent, 81.6 records/sec (7.96 MB/sec), 26.8 ms avg latency, 149.0 ms max latency.
194 records sent, 38.7 records/sec (3.78 MB/sec), 30.2 ms avg latency, 191.0 ms max latency.
335 records sent, 66.9 records/sec (6.53 MB/sec), 34.5 ms avg latency, 160.0 ms max latency.
372 records sent, 73.6 records/sec (7.19 MB/sec), 29.0 ms avg latency, 120.0 ms max latency.
361 records sent, 71.7 records/sec (7.00 MB/sec), 30.5 ms avg latency, 158.0 ms max latency.
346 records sent, 69.0 records/sec (6.74 MB/sec), 35.6 ms avg latency, 143.0 ms max latency.
356 records sent, 71.2 records/sec (6.95 MB/sec), 29.8 ms avg latency, 136.0 ms max latency.
357 records sent, 71.3 records/sec (6.97 MB/sec), 37.4 ms avg latency, 208.0 ms max latency.
369 records sent, 73.7 records/sec (7.20 MB/sec), 48.3 ms avg latency, 243.0 ms max latency.
376 records sent, 74.9 records/sec (7.31 MB/sec), 30.6 ms avg latency, 141.0 ms max latency.
358 records sent, 70.1 records/sec (6.85 MB/sec), 30.4 ms avg latency, 197.0 ms max latency.
367 records sent, 73.2 records/sec (7.15 MB/sec), 33.9 ms avg latency, 297.0 ms max latency.
372 records sent, 73.9 records/sec (7.22 MB/sec), 24.8 ms avg latency, 123.0 ms max latency.
396 records sent, 79.1 records/sec (7.73 MB/sec), 27.5 ms avg latency, 128.0 ms max latency.
387 records sent, 77.4 records/sec (7.56 MB/sec), 26.3 ms avg latency, 88.0 ms max latency.
382 records sent, 76.0 records/sec (7.43 MB/sec), 24.5 ms avg latency, 112.0 ms max latency.
8333 records sent, 66.562293 records/sec (6.50 MB/sec), 44.44 ms avg latency, 7023.00 ms max latency, 26 ms 50th, 131 ms 95th, 279 ms 99th, 830 ms 99.9th.
----- /var/lib/kafka-client/results/security-overhead-final-factorial-plaintext-b3-rf3-isr3-msg102400-tps1000-batch16384-acks1-prod12-complz4-trial3/producer-perf-10.log -----
producer_index=10
producer_count=12
producer_records=8333
producer_throughput=83
1 records sent, 0.1 records/sec (0.01 MB/sec), 7147.0 ms avg latency, 7147.0 ms max latency.
270 records sent, 53.9 records/sec (5.27 MB/sec), 310.9 ms avg latency, 1226.0 ms max latency.
245 records sent, 48.9 records/sec (4.77 MB/sec), 95.5 ms avg latency, 228.0 ms max latency.
290 records sent, 57.4 records/sec (5.61 MB/sec), 63.0 ms avg latency, 190.0 ms max latency.
322 records sent, 64.1 records/sec (6.26 MB/sec), 54.2 ms avg latency, 240.0 ms max latency.
437 records sent, 87.4 records/sec (8.54 MB/sec), 27.5 ms avg latency, 115.0 ms max latency.
406 records sent, 81.0 records/sec (7.91 MB/sec), 25.4 ms avg latency, 111.0 ms max latency.
374 records sent, 72.3 records/sec (7.06 MB/sec), 38.5 ms avg latency, 217.0 ms max latency.
377 records sent, 75.2 records/sec (7.34 MB/sec), 38.3 ms avg latency, 270.0 ms max latency.
354 records sent, 70.7 records/sec (6.90 MB/sec), 35.4 ms avg latency, 152.0 ms max latency.
358 records sent, 71.3 records/sec (6.96 MB/sec), 30.1 ms avg latency, 135.0 ms max latency.
362 records sent, 72.0 records/sec (7.03 MB/sec), 33.2 ms avg latency, 228.0 ms max latency.
373 records sent, 73.2 records/sec (7.14 MB/sec), 31.9 ms avg latency, 165.0 ms max latency.
357 records sent, 70.8 records/sec (6.92 MB/sec), 30.9 ms avg latency, 130.0 ms max latency.
350 records sent, 69.7 records/sec (6.81 MB/sec), 36.4 ms avg latency, 181.0 ms max latency.
359 records sent, 71.7 records/sec (7.00 MB/sec), 29.1 ms avg latency, 135.0 ms max latency.
365 records sent, 72.8 records/sec (7.11 MB/sec), 53.6 ms avg latency, 378.0 ms max latency.
392 records sent, 78.1 records/sec (7.62 MB/sec), 31.4 ms avg latency, 190.0 ms max latency.
354 records sent, 70.6 records/sec (6.90 MB/sec), 28.5 ms avg latency, 130.0 ms max latency.
373 records sent, 72.7 records/sec (7.10 MB/sec), 34.6 ms avg latency, 149.0 ms max latency.
390 records sent, 77.6 records/sec (7.58 MB/sec), 28.0 ms avg latency, 159.0 ms max latency.
384 records sent, 76.6 records/sec (7.48 MB/sec), 28.8 ms avg latency, 113.0 ms max latency.
355 records sent, 71.0 records/sec (6.93 MB/sec), 26.7 ms avg latency, 137.0 ms max latency.
391 records sent, 77.8 records/sec (7.60 MB/sec), 26.0 ms avg latency, 107.0 ms max latency.
8333 records sent, 66.724853 records/sec (6.52 MB/sec), 45.77 ms avg latency, 7147.00 ms max latency, 26 ms 50th, 128 ms 95th, 335 ms 99th, 1034 ms 99.9th.
----- /var/lib/kafka-client/results/security-overhead-final-factorial-plaintext-b3-rf3-isr3-msg102400-tps1000-batch16384-acks1-prod12-complz4-trial3/producer-perf-11.log -----
producer_index=11
producer_count=12
producer_records=8333
producer_throughput=83
1 records sent, 0.1 records/sec (0.01 MB/sec), 7112.0 ms avg latency, 7112.0 ms max latency.
252 records sent, 49.9 records/sec (4.88 MB/sec), 274.1 ms avg latency, 1133.0 ms max latency.
248 records sent, 49.0 records/sec (4.78 MB/sec), 105.6 ms avg latency, 234.0 ms max latency.
285 records sent, 56.9 records/sec (5.56 MB/sec), 68.6 ms avg latency, 221.0 ms max latency.
329 records sent, 65.0 records/sec (6.35 MB/sec), 51.8 ms avg latency, 208.0 ms max latency.
399 records sent, 79.6 records/sec (7.77 MB/sec), 33.1 ms avg latency, 247.0 ms max latency.
397 records sent, 79.1 records/sec (7.72 MB/sec), 27.0 ms avg latency, 115.0 ms max latency.
385 records sent, 76.8 records/sec (7.50 MB/sec), 25.9 ms avg latency, 153.0 ms max latency.
378 records sent, 75.2 records/sec (7.34 MB/sec), 29.3 ms avg latency, 109.0 ms max latency.
380 records sent, 75.8 records/sec (7.40 MB/sec), 24.0 ms avg latency, 112.0 ms max latency.
351 records sent, 69.2 records/sec (6.76 MB/sec), 30.9 ms avg latency, 151.0 ms max latency.
357 records sent, 71.3 records/sec (6.96 MB/sec), 32.6 ms avg latency, 132.0 ms max latency.
347 records sent, 69.3 records/sec (6.77 MB/sec), 39.8 ms avg latency, 209.0 ms max latency.
355 records sent, 70.3 records/sec (6.86 MB/sec), 37.6 ms avg latency, 143.0 ms max latency.
379 records sent, 75.1 records/sec (7.33 MB/sec), 30.5 ms avg latency, 128.0 ms max latency.
367 records sent, 73.0 records/sec (7.13 MB/sec), 28.8 ms avg latency, 120.0 ms max latency.
361 records sent, 71.7 records/sec (7.00 MB/sec), 46.1 ms avg latency, 251.0 ms max latency.
371 records sent, 74.1 records/sec (7.23 MB/sec), 33.0 ms avg latency, 146.0 ms max latency.
367 records sent, 72.7 records/sec (7.10 MB/sec), 29.4 ms avg latency, 171.0 ms max latency.
354 records sent, 70.6 records/sec (6.89 MB/sec), 28.2 ms avg latency, 123.0 ms max latency.
357 records sent, 70.1 records/sec (6.85 MB/sec), 31.1 ms avg latency, 208.0 ms max latency.
409 records sent, 81.1 records/sec (7.92 MB/sec), 29.2 ms avg latency, 136.0 ms max latency.
364 records sent, 72.8 records/sec (7.11 MB/sec), 31.6 ms avg latency, 113.0 ms max latency.
379 records sent, 75.7 records/sec (7.39 MB/sec), 27.2 ms avg latency, 134.0 ms max latency.
8333 records sent, 66.290651 records/sec (6.47 MB/sec), 43.58 ms avg latency, 7112.00 ms max latency, 25 ms 50th, 125 ms 95th, 296 ms 99th, 813 ms 99.9th.
----- /var/lib/kafka-client/results/security-overhead-final-factorial-plaintext-b3-rf3-isr3-msg102400-tps1000-batch16384-acks1-prod12-complz4-trial3/producer-perf-12.log -----
producer_index=12
producer_count=12
producer_records=8333
producer_throughput=83
1 records sent, 0.1 records/sec (0.01 MB/sec), 849.0 ms avg latency, 849.0 ms max latency.
274 records sent, 54.7 records/sec (5.34 MB/sec), 380.0 ms avg latency, 7363.0 ms max latency.
247 records sent, 49.0 records/sec (4.78 MB/sec), 98.1 ms avg latency, 246.0 ms max latency.
297 records sent, 59.2 records/sec (5.78 MB/sec), 70.5 ms avg latency, 224.0 ms max latency.
325 records sent, 64.9 records/sec (6.34 MB/sec), 59.4 ms avg latency, 192.0 ms max latency.
406 records sent, 80.9 records/sec (7.90 MB/sec), 31.9 ms avg latency, 142.0 ms max latency.
399 records sent, 79.5 records/sec (7.77 MB/sec), 33.0 ms avg latency, 167.0 ms max latency.
380 records sent, 75.7 records/sec (7.40 MB/sec), 32.3 ms avg latency, 151.0 ms max latency.
399 records sent, 79.5 records/sec (7.76 MB/sec), 26.7 ms avg latency, 117.0 ms max latency.
371 records sent, 73.7 records/sec (7.20 MB/sec), 26.0 ms avg latency, 90.0 ms max latency.
346 records sent, 67.7 records/sec (6.61 MB/sec), 33.2 ms avg latency, 174.0 ms max latency.
360 records sent, 71.8 records/sec (7.01 MB/sec), 36.0 ms avg latency, 179.0 ms max latency.
336 records sent, 67.0 records/sec (6.54 MB/sec), 32.3 ms avg latency, 194.0 ms max latency.
351 records sent, 70.1 records/sec (6.84 MB/sec), 34.6 ms avg latency, 127.0 ms max latency.
340 records sent, 67.5 records/sec (6.59 MB/sec), 25.9 ms avg latency, 133.0 ms max latency.
356 records sent, 71.2 records/sec (6.95 MB/sec), 32.8 ms avg latency, 164.0 ms max latency.
368 records sent, 73.5 records/sec (7.17 MB/sec), 47.8 ms avg latency, 279.0 ms max latency.
362 records sent, 72.2 records/sec (7.05 MB/sec), 34.9 ms avg latency, 172.0 ms max latency.
363 records sent, 72.6 records/sec (7.09 MB/sec), 28.2 ms avg latency, 122.0 ms max latency.
366 records sent, 73.0 records/sec (7.13 MB/sec), 28.8 ms avg latency, 147.0 ms max latency.
366 records sent, 73.2 records/sec (7.15 MB/sec), 24.7 ms avg latency, 119.0 ms max latency.
370 records sent, 73.5 records/sec (7.17 MB/sec), 25.6 ms avg latency, 113.0 ms max latency.
362 records sent, 71.2 records/sec (6.95 MB/sec), 28.9 ms avg latency, 170.0 ms max latency.
396 records sent, 78.6 records/sec (7.67 MB/sec), 27.0 ms avg latency, 161.0 ms max latency.
8333 records sent, 66.260605 records/sec (6.47 MB/sec), 47.01 ms avg latency, 7363.00 ms max latency, 26 ms 50th, 126 ms 95th, 352 ms 99th, 1140 ms 99.9th.
