run_id=plaintext-requested-full-factorial-b5-rf3-isr3-msg1024-tps1000-batch65536-acks1-prod6-complz4-trial1
producer_count=6
----- /var/lib/kafka-client/results/plaintext-requested-full-factorial-b5-rf3-isr3-msg1024-tps1000-batch65536-acks1-prod6-complz4-trial1/producer-perf-1.log -----
producer_index=1
producer_count=6
producer_records=16667
producer_throughput=167
835 records sent, 166.7 records/sec (0.16 MB/sec), 234.6 ms avg latency, 3643.0 ms max latency.
839 records sent, 167.7 records/sec (0.16 MB/sec), 9.0 ms avg latency, 46.0 ms max latency.
835 records sent, 167.0 records/sec (0.16 MB/sec), 7.2 ms avg latency, 15.0 ms max latency.
837 records sent, 167.1 records/sec (0.16 MB/sec), 7.2 ms avg latency, 19.0 ms max latency.
836 records sent, 167.0 records/sec (0.16 MB/sec), 6.9 ms avg latency, 13.0 ms max latency.
836 records sent, 167.1 records/sec (0.16 MB/sec), 6.7 ms avg latency, 14.0 ms max latency.
837 records sent, 167.2 records/sec (0.16 MB/sec), 6.7 ms avg latency, 12.0 ms max latency.
835 records sent, 167.0 records/sec (0.16 MB/sec), 6.5 ms avg latency, 19.0 ms max latency.
836 records sent, 167.0 records/sec (0.16 MB/sec), 6.2 ms avg latency, 16.0 ms max latency.
836 records sent, 167.1 records/sec (0.16 MB/sec), 6.3 ms avg latency, 15.0 ms max latency.
835 records sent, 167.0 records/sec (0.16 MB/sec), 6.1 ms avg latency, 17.0 ms max latency.
836 records sent, 167.1 records/sec (0.16 MB/sec), 6.2 ms avg latency, 12.0 ms max latency.
835 records sent, 166.9 records/sec (0.16 MB/sec), 6.3 ms avg latency, 18.0 ms max latency.
836 records sent, 167.2 records/sec (0.16 MB/sec), 6.2 ms avg latency, 17.0 ms max latency.
835 records sent, 166.8 records/sec (0.16 MB/sec), 6.2 ms avg latency, 18.0 ms max latency.
836 records sent, 167.2 records/sec (0.16 MB/sec), 6.1 ms avg latency, 10.0 ms max latency.
836 records sent, 167.2 records/sec (0.16 MB/sec), 6.3 ms avg latency, 20.0 ms max latency.
837 records sent, 167.2 records/sec (0.16 MB/sec), 6.1 ms avg latency, 12.0 ms max latency.
835 records sent, 167.0 records/sec (0.16 MB/sec), 6.4 ms avg latency, 36.0 ms max latency.
16667 records sent, 166.952149 records/sec (0.16 MB/sec), 18.00 ms avg latency, 3643.00 ms max latency, 6 ms 50th, 15 ms 95th, 372 ms 99th, 404 ms 99.9th.
----- /var/lib/kafka-client/results/plaintext-requested-full-factorial-b5-rf3-isr3-msg1024-tps1000-batch65536-acks1-prod6-complz4-trial1/producer-perf-2.log -----
producer_index=2
producer_count=6
producer_records=16667
producer_throughput=167
834 records sent, 166.8 records/sec (0.16 MB/sec), 214.2 ms avg latency, 3480.0 ms max latency.
839 records sent, 167.7 records/sec (0.16 MB/sec), 9.1 ms avg latency, 28.0 ms max latency.
836 records sent, 167.0 records/sec (0.16 MB/sec), 7.3 ms avg latency, 18.0 ms max latency.
835 records sent, 167.0 records/sec (0.16 MB/sec), 7.2 ms avg latency, 24.0 ms max latency.
836 records sent, 167.1 records/sec (0.16 MB/sec), 7.0 ms avg latency, 16.0 ms max latency.
836 records sent, 167.1 records/sec (0.16 MB/sec), 7.0 ms avg latency, 18.0 ms max latency.
836 records sent, 166.9 records/sec (0.16 MB/sec), 6.8 ms avg latency, 15.0 ms max latency.
836 records sent, 167.1 records/sec (0.16 MB/sec), 6.3 ms avg latency, 11.0 ms max latency.
836 records sent, 167.2 records/sec (0.16 MB/sec), 6.3 ms avg latency, 12.0 ms max latency.
836 records sent, 167.1 records/sec (0.16 MB/sec), 6.3 ms avg latency, 14.0 ms max latency.
836 records sent, 167.1 records/sec (0.16 MB/sec), 6.1 ms avg latency, 18.0 ms max latency.
836 records sent, 167.1 records/sec (0.16 MB/sec), 6.2 ms avg latency, 12.0 ms max latency.
835 records sent, 167.0 records/sec (0.16 MB/sec), 6.4 ms avg latency, 21.0 ms max latency.
836 records sent, 167.1 records/sec (0.16 MB/sec), 6.2 ms avg latency, 19.0 ms max latency.
834 records sent, 166.8 records/sec (0.16 MB/sec), 6.2 ms avg latency, 16.0 ms max latency.
836 records sent, 167.2 records/sec (0.16 MB/sec), 6.1 ms avg latency, 19.0 ms max latency.
836 records sent, 167.1 records/sec (0.16 MB/sec), 6.3 ms avg latency, 21.0 ms max latency.
835 records sent, 166.9 records/sec (0.16 MB/sec), 6.2 ms avg latency, 12.0 ms max latency.
836 records sent, 167.1 records/sec (0.16 MB/sec), 6.4 ms avg latency, 27.0 ms max latency.
16667 records sent, 166.947132 records/sec (0.16 MB/sec), 17.00 ms avg latency, 3480.00 ms max latency, 6 ms 50th, 16 ms 95th, 341 ms 99th, 388 ms 99.9th.
----- /var/lib/kafka-client/results/plaintext-requested-full-factorial-b5-rf3-isr3-msg1024-tps1000-batch65536-acks1-prod6-complz4-trial1/producer-perf-3.log -----
producer_index=3
producer_count=6
producer_records=16667
producer_throughput=167
834 records sent, 166.6 records/sec (0.16 MB/sec), 181.8 ms avg latency, 3518.0 ms max latency.
842 records sent, 168.4 records/sec (0.16 MB/sec), 10.1 ms avg latency, 69.0 ms max latency.
836 records sent, 167.0 records/sec (0.16 MB/sec), 7.2 ms avg latency, 19.0 ms max latency.
836 records sent, 167.2 records/sec (0.16 MB/sec), 7.3 ms avg latency, 17.0 ms max latency.
835 records sent, 167.0 records/sec (0.16 MB/sec), 7.2 ms avg latency, 20.0 ms max latency.
837 records sent, 167.2 records/sec (0.16 MB/sec), 7.0 ms avg latency, 14.0 ms max latency.
836 records sent, 167.0 records/sec (0.16 MB/sec), 6.7 ms avg latency, 12.0 ms max latency.
836 records sent, 167.2 records/sec (0.16 MB/sec), 6.3 ms avg latency, 14.0 ms max latency.
835 records sent, 167.0 records/sec (0.16 MB/sec), 6.2 ms avg latency, 10.0 ms max latency.
835 records sent, 166.9 records/sec (0.16 MB/sec), 6.4 ms avg latency, 13.0 ms max latency.
836 records sent, 167.1 records/sec (0.16 MB/sec), 6.4 ms avg latency, 17.0 ms max latency.
836 records sent, 167.2 records/sec (0.16 MB/sec), 6.4 ms avg latency, 15.0 ms max latency.
835 records sent, 166.9 records/sec (0.16 MB/sec), 6.2 ms avg latency, 17.0 ms max latency.
836 records sent, 167.1 records/sec (0.16 MB/sec), 6.2 ms avg latency, 12.0 ms max latency.
835 records sent, 166.9 records/sec (0.16 MB/sec), 6.2 ms avg latency, 16.0 ms max latency.
836 records sent, 167.2 records/sec (0.16 MB/sec), 6.1 ms avg latency, 20.0 ms max latency.
835 records sent, 166.9 records/sec (0.16 MB/sec), 6.3 ms avg latency, 21.0 ms max latency.
836 records sent, 167.1 records/sec (0.16 MB/sec), 6.2 ms avg latency, 15.0 ms max latency.
835 records sent, 166.9 records/sec (0.16 MB/sec), 6.2 ms avg latency, 36.0 ms max latency.
16667 records sent, 166.958839 records/sec (0.16 MB/sec), 15.43 ms avg latency, 3518.00 ms max latency, 6 ms 50th, 17 ms 95th, 261 ms 99th, 331 ms 99.9th.
----- /var/lib/kafka-client/results/plaintext-requested-full-factorial-b5-rf3-isr3-msg1024-tps1000-batch65536-acks1-prod6-complz4-trial1/producer-perf-4.log -----
producer_index=4
producer_count=6
producer_records=16667
producer_throughput=167
834 records sent, 166.7 records/sec (0.16 MB/sec), 187.8 ms avg latency, 3627.0 ms max latency.
839 records sent, 167.6 records/sec (0.16 MB/sec), 9.2 ms avg latency, 44.0 ms max latency.
836 records sent, 167.1 records/sec (0.16 MB/sec), 7.2 ms avg latency, 16.0 ms max latency.
836 records sent, 167.1 records/sec (0.16 MB/sec), 7.3 ms avg latency, 20.0 ms max latency.
835 records sent, 167.0 records/sec (0.16 MB/sec), 7.1 ms avg latency, 16.0 ms max latency.
835 records sent, 166.9 records/sec (0.16 MB/sec), 7.1 ms avg latency, 20.0 ms max latency.
836 records sent, 167.2 records/sec (0.16 MB/sec), 6.9 ms avg latency, 22.0 ms max latency.
835 records sent, 167.0 records/sec (0.16 MB/sec), 6.3 ms avg latency, 14.0 ms max latency.
835 records sent, 167.0 records/sec (0.16 MB/sec), 6.2 ms avg latency, 10.0 ms max latency.
836 records sent, 167.2 records/sec (0.16 MB/sec), 6.3 ms avg latency, 14.0 ms max latency.
835 records sent, 166.9 records/sec (0.16 MB/sec), 6.1 ms avg latency, 10.0 ms max latency.
836 records sent, 167.2 records/sec (0.16 MB/sec), 6.4 ms avg latency, 18.0 ms max latency.
836 records sent, 167.1 records/sec (0.16 MB/sec), 6.3 ms avg latency, 20.0 ms max latency.
835 records sent, 167.0 records/sec (0.16 MB/sec), 6.3 ms avg latency, 16.0 ms max latency.
835 records sent, 166.9 records/sec (0.16 MB/sec), 6.3 ms avg latency, 14.0 ms max latency.
836 records sent, 167.2 records/sec (0.16 MB/sec), 6.3 ms avg latency, 20.0 ms max latency.
836 records sent, 167.1 records/sec (0.16 MB/sec), 6.3 ms avg latency, 33.0 ms max latency.
835 records sent, 166.9 records/sec (0.16 MB/sec), 6.2 ms avg latency, 13.0 ms max latency.
836 records sent, 167.1 records/sec (0.16 MB/sec), 6.6 ms avg latency, 21.0 ms max latency.
16667 records sent, 166.953821 records/sec (0.16 MB/sec), 15.73 ms avg latency, 3627.00 ms max latency, 6 ms 50th, 16 ms 95th, 293 ms 99th, 384 ms 99.9th.
----- /var/lib/kafka-client/results/plaintext-requested-full-factorial-b5-rf3-isr3-msg1024-tps1000-batch65536-acks1-prod6-complz4-trial1/producer-perf-5.log -----
producer_index=5
producer_count=6
producer_records=16666
producer_throughput=166
831 records sent, 165.3 records/sec (0.16 MB/sec), 149.4 ms avg latency, 3617.0 ms max latency.
837 records sent, 167.2 records/sec (0.16 MB/sec), 9.8 ms avg latency, 48.0 ms max latency.
830 records sent, 166.0 records/sec (0.16 MB/sec), 7.8 ms avg latency, 26.0 ms max latency.
830 records sent, 165.9 records/sec (0.16 MB/sec), 7.8 ms avg latency, 25.0 ms max latency.
832 records sent, 166.2 records/sec (0.16 MB/sec), 7.3 ms avg latency, 18.0 ms max latency.
831 records sent, 166.2 records/sec (0.16 MB/sec), 7.2 ms avg latency, 18.0 ms max latency.
831 records sent, 165.9 records/sec (0.16 MB/sec), 7.0 ms avg latency, 14.0 ms max latency.
831 records sent, 166.0 records/sec (0.16 MB/sec), 6.5 ms avg latency, 24.0 ms max latency.
831 records sent, 166.0 records/sec (0.16 MB/sec), 6.2 ms avg latency, 10.0 ms max latency.
830 records sent, 166.0 records/sec (0.16 MB/sec), 6.4 ms avg latency, 18.0 ms max latency.
832 records sent, 166.2 records/sec (0.16 MB/sec), 6.3 ms avg latency, 22.0 ms max latency.
830 records sent, 165.9 records/sec (0.16 MB/sec), 6.4 ms avg latency, 16.0 ms max latency.
832 records sent, 166.2 records/sec (0.16 MB/sec), 6.3 ms avg latency, 22.0 ms max latency.
830 records sent, 165.9 records/sec (0.16 MB/sec), 6.2 ms avg latency, 15.0 ms max latency.
831 records sent, 166.1 records/sec (0.16 MB/sec), 6.2 ms avg latency, 17.0 ms max latency.
831 records sent, 166.1 records/sec (0.16 MB/sec), 6.1 ms avg latency, 11.0 ms max latency.
831 records sent, 166.0 records/sec (0.16 MB/sec), 6.3 ms avg latency, 20.0 ms max latency.
830 records sent, 166.0 records/sec (0.16 MB/sec), 6.2 ms avg latency, 12.0 ms max latency.
832 records sent, 166.1 records/sec (0.16 MB/sec), 6.5 ms avg latency, 36.0 ms max latency.
830 records sent, 165.9 records/sec (0.16 MB/sec), 6.2 ms avg latency, 15.0 ms max latency.
16666 records sent, 165.954693 records/sec (0.16 MB/sec), 13.89 ms avg latency, 3617.00 ms max latency, 6 ms 50th, 16 ms 95th, 262 ms 99th, 338 ms 99.9th.
----- /var/lib/kafka-client/results/plaintext-requested-full-factorial-b5-rf3-isr3-msg1024-tps1000-batch65536-acks1-prod6-complz4-trial1/producer-perf-6.log -----
producer_index=6
producer_count=6
producer_records=16666
producer_throughput=166
830 records sent, 165.7 records/sec (0.16 MB/sec), 276.4 ms avg latency, 3627.0 ms max latency.
834 records sent, 166.5 records/sec (0.16 MB/sec), 9.9 ms avg latency, 44.0 ms max latency.
830 records sent, 165.9 records/sec (0.16 MB/sec), 7.8 ms avg latency, 18.0 ms max latency.
833 records sent, 166.3 records/sec (0.16 MB/sec), 7.8 ms avg latency, 14.0 ms max latency.
830 records sent, 166.0 records/sec (0.16 MB/sec), 7.4 ms avg latency, 16.0 ms max latency.
831 records sent, 166.1 records/sec (0.16 MB/sec), 7.3 ms avg latency, 13.0 ms max latency.
831 records sent, 166.1 records/sec (0.16 MB/sec), 7.1 ms avg latency, 12.0 ms max latency.
831 records sent, 166.0 records/sec (0.16 MB/sec), 6.3 ms avg latency, 11.0 ms max latency.
830 records sent, 165.9 records/sec (0.16 MB/sec), 6.3 ms avg latency, 10.0 ms max latency.
831 records sent, 166.1 records/sec (0.16 MB/sec), 6.4 ms avg latency, 11.0 ms max latency.
831 records sent, 166.1 records/sec (0.16 MB/sec), 6.4 ms avg latency, 16.0 ms max latency.
831 records sent, 166.0 records/sec (0.16 MB/sec), 6.4 ms avg latency, 19.0 ms max latency.
831 records sent, 166.1 records/sec (0.16 MB/sec), 6.3 ms avg latency, 22.0 ms max latency.
831 records sent, 166.2 records/sec (0.16 MB/sec), 6.2 ms avg latency, 11.0 ms max latency.
830 records sent, 166.0 records/sec (0.16 MB/sec), 6.3 ms avg latency, 15.0 ms max latency.
831 records sent, 166.0 records/sec (0.16 MB/sec), 6.3 ms avg latency, 19.0 ms max latency.
831 records sent, 166.1 records/sec (0.16 MB/sec), 6.3 ms avg latency, 21.0 ms max latency.
831 records sent, 166.0 records/sec (0.16 MB/sec), 6.2 ms avg latency, 13.0 ms max latency.
831 records sent, 165.7 records/sec (0.16 MB/sec), 6.5 ms avg latency, 21.0 ms max latency.
832 records sent, 166.2 records/sec (0.16 MB/sec), 6.1 ms avg latency, 17.0 ms max latency.
16666 records sent, 165.954693 records/sec (0.16 MB/sec), 20.23 ms avg latency, 3627.00 ms max latency, 6 ms 50th, 17 ms 95th, 398 ms 99th, 465 ms 99.9th.
