run_id=security-overhead-final-factorial-mtls-b5-rf5-isr3-msg1024-tps1000-batch16384-acks1-prod6-compnone-trial1
producer_count=6
----- /var/lib/kafka-client/results/security-overhead-final-factorial-mtls-b5-rf5-isr3-msg1024-tps1000-batch16384-acks1-prod6-compnone-trial1/producer-perf-1.log -----
producer_index=1
producer_count=6
producer_records=16667
producer_throughput=167
1 records sent, 0.1 records/sec (0.00 MB/sec), 8240.0 ms avg latency, 8240.0 ms max latency.
2216 records sent, 442.8 records/sec (0.43 MB/sec), 1333.4 ms avg latency, 2447.0 ms max latency.
835 records sent, 166.9 records/sec (0.16 MB/sec), 7.2 ms avg latency, 23.0 ms max latency.
836 records sent, 167.1 records/sec (0.16 MB/sec), 7.6 ms avg latency, 24.0 ms max latency.
836 records sent, 167.1 records/sec (0.16 MB/sec), 7.4 ms avg latency, 27.0 ms max latency.
837 records sent, 167.2 records/sec (0.16 MB/sec), 7.0 ms avg latency, 28.0 ms max latency.
836 records sent, 167.1 records/sec (0.16 MB/sec), 6.9 ms avg latency, 26.0 ms max latency.
837 records sent, 167.2 records/sec (0.16 MB/sec), 6.9 ms avg latency, 19.0 ms max latency.
835 records sent, 167.0 records/sec (0.16 MB/sec), 6.4 ms avg latency, 14.0 ms max latency.
836 records sent, 167.2 records/sec (0.16 MB/sec), 6.5 ms avg latency, 17.0 ms max latency.
836 records sent, 167.0 records/sec (0.16 MB/sec), 6.2 ms avg latency, 25.0 ms max latency.
836 records sent, 167.2 records/sec (0.16 MB/sec), 6.1 ms avg latency, 14.0 ms max latency.
835 records sent, 166.9 records/sec (0.16 MB/sec), 6.0 ms avg latency, 14.0 ms max latency.
836 records sent, 167.2 records/sec (0.16 MB/sec), 6.1 ms avg latency, 20.0 ms max latency.
835 records sent, 166.9 records/sec (0.16 MB/sec), 5.9 ms avg latency, 20.0 ms max latency.
836 records sent, 167.1 records/sec (0.16 MB/sec), 5.9 ms avg latency, 16.0 ms max latency.
835 records sent, 167.0 records/sec (0.16 MB/sec), 6.0 ms avg latency, 20.0 ms max latency.
836 records sent, 167.1 records/sec (0.16 MB/sec), 6.0 ms avg latency, 23.0 ms max latency.
836 records sent, 167.1 records/sec (0.16 MB/sec), 6.0 ms avg latency, 8.0 ms max latency.
16667 records sent, 166.947132 records/sec (0.16 MB/sec), 183.39 ms avg latency, 8240.00 ms max latency, 6 ms 50th, 2087 ms 95th, 2382 ms 99th, 2431 ms 99.9th.
----- /var/lib/kafka-client/results/security-overhead-final-factorial-mtls-b5-rf5-isr3-msg1024-tps1000-batch16384-acks1-prod6-compnone-trial1/producer-perf-2.log -----
producer_index=2
producer_count=6
producer_records=16667
producer_throughput=167
1 records sent, 0.1 records/sec (0.00 MB/sec), 7544.0 ms avg latency, 7544.0 ms max latency.
2106 records sent, 421.0 records/sec (0.41 MB/sec), 1450.6 ms avg latency, 2917.0 ms max latency.
837 records sent, 167.2 records/sec (0.16 MB/sec), 7.3 ms avg latency, 20.0 ms max latency.
836 records sent, 167.1 records/sec (0.16 MB/sec), 8.0 ms avg latency, 35.0 ms max latency.
836 records sent, 166.9 records/sec (0.16 MB/sec), 7.6 ms avg latency, 28.0 ms max latency.
836 records sent, 167.2 records/sec (0.16 MB/sec), 7.0 ms avg latency, 28.0 ms max latency.
836 records sent, 166.9 records/sec (0.16 MB/sec), 6.8 ms avg latency, 25.0 ms max latency.
836 records sent, 167.1 records/sec (0.16 MB/sec), 6.9 ms avg latency, 17.0 ms max latency.
835 records sent, 167.0 records/sec (0.16 MB/sec), 6.5 ms avg latency, 23.0 ms max latency.
836 records sent, 167.2 records/sec (0.16 MB/sec), 6.5 ms avg latency, 23.0 ms max latency.
836 records sent, 167.2 records/sec (0.16 MB/sec), 6.2 ms avg latency, 11.0 ms max latency.
836 records sent, 167.1 records/sec (0.16 MB/sec), 6.4 ms avg latency, 29.0 ms max latency.
836 records sent, 167.1 records/sec (0.16 MB/sec), 6.0 ms avg latency, 24.0 ms max latency.
835 records sent, 166.9 records/sec (0.16 MB/sec), 6.0 ms avg latency, 19.0 ms max latency.
836 records sent, 167.1 records/sec (0.16 MB/sec), 6.0 ms avg latency, 21.0 ms max latency.
836 records sent, 167.1 records/sec (0.16 MB/sec), 5.9 ms avg latency, 18.0 ms max latency.
836 records sent, 167.0 records/sec (0.16 MB/sec), 5.9 ms avg latency, 10.0 ms max latency.
835 records sent, 166.9 records/sec (0.16 MB/sec), 5.9 ms avg latency, 22.0 ms max latency.
836 records sent, 167.1 records/sec (0.16 MB/sec), 5.9 ms avg latency, 9.0 ms max latency.
16667 records sent, 166.952149 records/sec (0.16 MB/sec), 189.43 ms avg latency, 7544.00 ms max latency, 6 ms 50th, 2293 ms 95th, 2698 ms 99th, 2898 ms 99.9th.
----- /var/lib/kafka-client/results/security-overhead-final-factorial-mtls-b5-rf5-isr3-msg1024-tps1000-batch16384-acks1-prod6-compnone-trial1/producer-perf-3.log -----
producer_index=3
producer_count=6
producer_records=16667
producer_throughput=167
1 records sent, 0.1 records/sec (0.00 MB/sec), 2101.0 ms avg latency, 2101.0 ms max latency.
2105 records sent, 420.7 records/sec (0.41 MB/sec), 1397.4 ms avg latency, 7598.0 ms max latency.
837 records sent, 167.1 records/sec (0.16 MB/sec), 7.6 ms avg latency, 31.0 ms max latency.
836 records sent, 167.1 records/sec (0.16 MB/sec), 7.6 ms avg latency, 28.0 ms max latency.
837 records sent, 167.2 records/sec (0.16 MB/sec), 7.5 ms avg latency, 21.0 ms max latency.
836 records sent, 167.2 records/sec (0.16 MB/sec), 6.9 ms avg latency, 17.0 ms max latency.
835 records sent, 166.9 records/sec (0.16 MB/sec), 6.9 ms avg latency, 36.0 ms max latency.
836 records sent, 167.2 records/sec (0.16 MB/sec), 6.7 ms avg latency, 14.0 ms max latency.
835 records sent, 166.9 records/sec (0.16 MB/sec), 6.5 ms avg latency, 13.0 ms max latency.
837 records sent, 167.2 records/sec (0.16 MB/sec), 6.3 ms avg latency, 21.0 ms max latency.
836 records sent, 167.1 records/sec (0.16 MB/sec), 6.2 ms avg latency, 21.0 ms max latency.
836 records sent, 167.1 records/sec (0.16 MB/sec), 6.1 ms avg latency, 13.0 ms max latency.
835 records sent, 167.0 records/sec (0.16 MB/sec), 6.0 ms avg latency, 18.0 ms max latency.
836 records sent, 167.1 records/sec (0.16 MB/sec), 6.0 ms avg latency, 15.0 ms max latency.
836 records sent, 167.0 records/sec (0.16 MB/sec), 6.0 ms avg latency, 22.0 ms max latency.
836 records sent, 167.1 records/sec (0.16 MB/sec), 5.9 ms avg latency, 9.0 ms max latency.
835 records sent, 166.9 records/sec (0.16 MB/sec), 6.0 ms avg latency, 19.0 ms max latency.
836 records sent, 167.1 records/sec (0.16 MB/sec), 5.8 ms avg latency, 9.0 ms max latency.
835 records sent, 167.0 records/sec (0.16 MB/sec), 6.0 ms avg latency, 21.0 ms max latency.
16667 records sent, 166.910351 records/sec (0.16 MB/sec), 182.26 ms avg latency, 7598.00 ms max latency, 6 ms 50th, 2155 ms 95th, 2537 ms 99th, 2793 ms 99.9th.
----- /var/lib/kafka-client/results/security-overhead-final-factorial-mtls-b5-rf5-isr3-msg1024-tps1000-batch16384-acks1-prod6-compnone-trial1/producer-perf-4.log -----
producer_index=4
producer_count=6
producer_records=16667
producer_throughput=167
1 records sent, 0.1 records/sec (0.00 MB/sec), 7312.0 ms avg latency, 7312.0 ms max latency.
2064 records sent, 412.6 records/sec (0.40 MB/sec), 1365.6 ms avg latency, 2738.0 ms max latency.
837 records sent, 167.3 records/sec (0.16 MB/sec), 7.6 ms avg latency, 27.0 ms max latency.
835 records sent, 166.9 records/sec (0.16 MB/sec), 7.6 ms avg latency, 31.0 ms max latency.
837 records sent, 167.4 records/sec (0.16 MB/sec), 7.5 ms avg latency, 25.0 ms max latency.
836 records sent, 167.1 records/sec (0.16 MB/sec), 7.1 ms avg latency, 29.0 ms max latency.
835 records sent, 166.9 records/sec (0.16 MB/sec), 6.8 ms avg latency, 19.0 ms max latency.
836 records sent, 167.1 records/sec (0.16 MB/sec), 6.8 ms avg latency, 14.0 ms max latency.
836 records sent, 167.1 records/sec (0.16 MB/sec), 6.4 ms avg latency, 21.0 ms max latency.
836 records sent, 167.2 records/sec (0.16 MB/sec), 6.5 ms avg latency, 13.0 ms max latency.
836 records sent, 167.0 records/sec (0.16 MB/sec), 6.3 ms avg latency, 20.0 ms max latency.
836 records sent, 167.1 records/sec (0.16 MB/sec), 6.2 ms avg latency, 15.0 ms max latency.
835 records sent, 166.9 records/sec (0.16 MB/sec), 6.0 ms avg latency, 32.0 ms max latency.
836 records sent, 167.1 records/sec (0.16 MB/sec), 6.0 ms avg latency, 20.0 ms max latency.
835 records sent, 167.0 records/sec (0.16 MB/sec), 5.9 ms avg latency, 20.0 ms max latency.
836 records sent, 167.1 records/sec (0.16 MB/sec), 6.0 ms avg latency, 26.0 ms max latency.
835 records sent, 167.0 records/sec (0.16 MB/sec), 6.0 ms avg latency, 11.0 ms max latency.
836 records sent, 167.1 records/sec (0.16 MB/sec), 6.0 ms avg latency, 19.0 ms max latency.
835 records sent, 166.9 records/sec (0.16 MB/sec), 6.0 ms avg latency, 12.0 ms max latency.
16667 records sent, 166.927068 records/sec (0.16 MB/sec), 175.24 ms avg latency, 7312.00 ms max latency, 6 ms 50th, 2008 ms 95th, 2593 ms 99th, 2724 ms 99.9th.
----- /var/lib/kafka-client/results/security-overhead-final-factorial-mtls-b5-rf5-isr3-msg1024-tps1000-batch16384-acks1-prod6-compnone-trial1/producer-perf-5.log -----
producer_index=5
producer_count=6
producer_records=16666
producer_throughput=166
1 records sent, 0.1 records/sec (0.00 MB/sec), 2489.0 ms avg latency, 2489.0 ms max latency.
2124 records sent, 424.5 records/sec (0.41 MB/sec), 1600.8 ms avg latency, 7774.0 ms max latency.
832 records sent, 166.2 records/sec (0.16 MB/sec), 7.8 ms avg latency, 30.0 ms max latency.
830 records sent, 165.9 records/sec (0.16 MB/sec), 8.2 ms avg latency, 24.0 ms max latency.
832 records sent, 166.2 records/sec (0.16 MB/sec), 7.7 ms avg latency, 26.0 ms max latency.
831 records sent, 166.0 records/sec (0.16 MB/sec), 7.6 ms avg latency, 28.0 ms max latency.
830 records sent, 166.0 records/sec (0.16 MB/sec), 7.2 ms avg latency, 25.0 ms max latency.
831 records sent, 166.0 records/sec (0.16 MB/sec), 7.2 ms avg latency, 15.0 ms max latency.
831 records sent, 166.2 records/sec (0.16 MB/sec), 6.6 ms avg latency, 14.0 ms max latency.
830 records sent, 165.9 records/sec (0.16 MB/sec), 6.7 ms avg latency, 20.0 ms max latency.
832 records sent, 166.2 records/sec (0.16 MB/sec), 6.3 ms avg latency, 14.0 ms max latency.
831 records sent, 166.0 records/sec (0.16 MB/sec), 6.2 ms avg latency, 20.0 ms max latency.
832 records sent, 166.2 records/sec (0.16 MB/sec), 6.0 ms avg latency, 9.0 ms max latency.
830 records sent, 165.9 records/sec (0.16 MB/sec), 6.0 ms avg latency, 15.0 ms max latency.
830 records sent, 166.0 records/sec (0.16 MB/sec), 6.1 ms avg latency, 24.0 ms max latency.
831 records sent, 166.2 records/sec (0.16 MB/sec), 6.0 ms avg latency, 18.0 ms max latency.
830 records sent, 165.9 records/sec (0.16 MB/sec), 5.9 ms avg latency, 23.0 ms max latency.
831 records sent, 166.1 records/sec (0.16 MB/sec), 5.9 ms avg latency, 21.0 ms max latency.
830 records sent, 165.9 records/sec (0.16 MB/sec), 6.0 ms avg latency, 11.0 ms max latency.
16666 records sent, 165.931560 records/sec (0.16 MB/sec), 209.96 ms avg latency, 7774.00 ms max latency, 6 ms 50th, 2505 ms 95th, 2876 ms 99th, 3139 ms 99.9th.
----- /var/lib/kafka-client/results/security-overhead-final-factorial-mtls-b5-rf5-isr3-msg1024-tps1000-batch16384-acks1-prod6-compnone-trial1/producer-perf-6.log -----
producer_index=6
producer_count=6
producer_records=16666
producer_throughput=166
1 records sent, 0.1 records/sec (0.00 MB/sec), 7644.0 ms avg latency, 7644.0 ms max latency.
2105 records sent, 420.2 records/sec (0.41 MB/sec), 1331.8 ms avg latency, 2658.0 ms max latency.
830 records sent, 166.0 records/sec (0.16 MB/sec), 7.9 ms avg latency, 33.0 ms max latency.
832 records sent, 166.2 records/sec (0.16 MB/sec), 8.4 ms avg latency, 35.0 ms max latency.
831 records sent, 165.9 records/sec (0.16 MB/sec), 8.0 ms avg latency, 18.0 ms max latency.
831 records sent, 166.1 records/sec (0.16 MB/sec), 7.4 ms avg latency, 19.0 ms max latency.
832 records sent, 166.2 records/sec (0.16 MB/sec), 7.4 ms avg latency, 24.0 ms max latency.
831 records sent, 165.9 records/sec (0.16 MB/sec), 7.2 ms avg latency, 15.0 ms max latency.
832 records sent, 166.1 records/sec (0.16 MB/sec), 6.6 ms avg latency, 23.0 ms max latency.
832 records sent, 166.4 records/sec (0.16 MB/sec), 6.8 ms avg latency, 15.0 ms max latency.
831 records sent, 166.1 records/sec (0.16 MB/sec), 6.2 ms avg latency, 23.0 ms max latency.
831 records sent, 166.1 records/sec (0.16 MB/sec), 6.2 ms avg latency, 16.0 ms max latency.
831 records sent, 166.0 records/sec (0.16 MB/sec), 6.0 ms avg latency, 24.0 ms max latency.
831 records sent, 166.1 records/sec (0.16 MB/sec), 6.0 ms avg latency, 9.0 ms max latency.
830 records sent, 165.8 records/sec (0.16 MB/sec), 6.0 ms avg latency, 22.0 ms max latency.
831 records sent, 166.2 records/sec (0.16 MB/sec), 6.0 ms avg latency, 21.0 ms max latency.
830 records sent, 165.9 records/sec (0.16 MB/sec), 5.9 ms avg latency, 16.0 ms max latency.
831 records sent, 166.1 records/sec (0.16 MB/sec), 5.9 ms avg latency, 18.0 ms max latency.
831 records sent, 166.1 records/sec (0.16 MB/sec), 5.9 ms avg latency, 11.0 ms max latency.
16666 records sent, 165.951388 records/sec (0.16 MB/sec), 174.49 ms avg latency, 7644.00 ms max latency, 6 ms 50th, 2041 ms 95th, 2485 ms 99th, 2648 ms 99.9th.
