run_id=security-overhead-final-factorial-mtls-b5-rf3-isr3-msg102400-tps1000-batch16384-acksall-prod6-complz4-trial2
producer_count=6
----- /var/lib/kafka-client/results/security-overhead-final-factorial-mtls-b5-rf3-isr3-msg102400-tps1000-batch16384-acksall-prod6-complz4-trial2/producer-perf-1.log -----
producer_index=1
producer_count=6
producer_records=16667
producer_throughput=167
1 records sent, 0.1 records/sec (0.01 MB/sec), 8793.0 ms avg latency, 8793.0 ms max latency.
150 records sent, 29.4 records/sec (2.88 MB/sec), 4816.2 ms avg latency, 5999.0 ms max latency.
294 records sent, 58.6 records/sec (5.72 MB/sec), 6176.6 ms avg latency, 7076.0 ms max latency.
351 records sent, 70.0 records/sec (6.84 MB/sec), 5449.7 ms avg latency, 6252.0 ms max latency.
764 records sent, 152.4 records/sec (14.89 MB/sec), 1874.0 ms avg latency, 4713.0 ms max latency.
607 records sent, 121.4 records/sec (11.86 MB/sec), 27.3 ms avg latency, 116.0 ms max latency.
593 records sent, 118.0 records/sec (11.53 MB/sec), 30.6 ms avg latency, 155.0 ms max latency.
706 records sent, 141.0 records/sec (13.77 MB/sec), 27.7 ms avg latency, 163.0 ms max latency.
711 records sent, 142.0 records/sec (13.87 MB/sec), 27.8 ms avg latency, 167.0 ms max latency.
689 records sent, 137.8 records/sec (13.45 MB/sec), 22.7 ms avg latency, 113.0 ms max latency.
707 records sent, 140.9 records/sec (13.76 MB/sec), 20.4 ms avg latency, 67.0 ms max latency.
710 records sent, 141.7 records/sec (13.84 MB/sec), 21.3 ms avg latency, 99.0 ms max latency.
670 records sent, 133.6 records/sec (13.04 MB/sec), 21.2 ms avg latency, 76.0 ms max latency.
714 records sent, 142.8 records/sec (13.95 MB/sec), 20.4 ms avg latency, 83.0 ms max latency.
693 records sent, 138.5 records/sec (13.53 MB/sec), 19.8 ms avg latency, 90.0 ms max latency.
698 records sent, 139.1 records/sec (13.58 MB/sec), 23.5 ms avg latency, 99.0 ms max latency.
692 records sent, 138.4 records/sec (13.52 MB/sec), 22.5 ms avg latency, 113.0 ms max latency.
719 records sent, 143.5 records/sec (14.02 MB/sec), 58.7 ms avg latency, 460.0 ms max latency.
724 records sent, 144.7 records/sec (14.13 MB/sec), 100.5 ms avg latency, 649.0 ms max latency.
738 records sent, 147.0 records/sec (14.35 MB/sec), 19.8 ms avg latency, 92.0 ms max latency.
718 records sent, 143.6 records/sec (14.02 MB/sec), 16.9 ms avg latency, 65.0 ms max latency.
819 records sent, 163.6 records/sec (15.98 MB/sec), 17.7 ms avg latency, 83.0 ms max latency.
763 records sent, 151.9 records/sec (14.83 MB/sec), 16.2 ms avg latency, 71.0 ms max latency.
747 records sent, 149.3 records/sec (14.58 MB/sec), 16.6 ms avg latency, 84.0 ms max latency.
872 records sent, 174.2 records/sec (17.01 MB/sec), 18.8 ms avg latency, 93.0 ms max latency.
16667 records sent, 124.832416 records/sec (12.19 MB/sec), 377.55 ms avg latency, 8793.00 ms max latency, 18 ms 50th, 4027 ms 95th, 6076 ms 99th, 6807 ms 99.9th.
----- /var/lib/kafka-client/results/security-overhead-final-factorial-mtls-b5-rf3-isr3-msg102400-tps1000-batch16384-acksall-prod6-complz4-trial2/producer-perf-2.log -----
producer_index=2
producer_count=6
producer_records=16667
producer_throughput=167
1 records sent, 0.1 records/sec (0.01 MB/sec), 2809.0 ms avg latency, 2809.0 ms max latency.
186 records sent, 37.1 records/sec (3.62 MB/sec), 4419.2 ms avg latency, 8731.0 ms max latency.
460 records sent, 92.0 records/sec (8.98 MB/sec), 4300.2 ms avg latency, 5583.0 ms max latency.
704 records sent, 140.7 records/sec (13.74 MB/sec), 1572.4 ms avg latency, 3353.0 ms max latency.
525 records sent, 104.9 records/sec (10.24 MB/sec), 36.9 ms avg latency, 119.0 ms max latency.
633 records sent, 126.3 records/sec (12.33 MB/sec), 36.5 ms avg latency, 153.0 ms max latency.
616 records sent, 123.0 records/sec (12.01 MB/sec), 30.7 ms avg latency, 119.0 ms max latency.
664 records sent, 132.4 records/sec (12.93 MB/sec), 22.3 ms avg latency, 96.0 ms max latency.
688 records sent, 137.5 records/sec (13.43 MB/sec), 23.8 ms avg latency, 104.0 ms max latency.
698 records sent, 139.3 records/sec (13.61 MB/sec), 24.3 ms avg latency, 89.0 ms max latency.
732 records sent, 146.1 records/sec (14.27 MB/sec), 32.9 ms avg latency, 204.0 ms max latency.
682 records sent, 135.3 records/sec (13.21 MB/sec), 21.1 ms avg latency, 87.0 ms max latency.
678 records sent, 135.5 records/sec (13.23 MB/sec), 23.9 ms avg latency, 173.0 ms max latency.
669 records sent, 133.1 records/sec (13.00 MB/sec), 20.1 ms avg latency, 105.0 ms max latency.
710 records sent, 141.7 records/sec (13.84 MB/sec), 20.6 ms avg latency, 78.0 ms max latency.
734 records sent, 146.1 records/sec (14.27 MB/sec), 23.0 ms avg latency, 97.0 ms max latency.
731 records sent, 146.0 records/sec (14.26 MB/sec), 21.0 ms avg latency, 109.0 ms max latency.
721 records sent, 142.9 records/sec (13.96 MB/sec), 38.5 ms avg latency, 399.0 ms max latency.
691 records sent, 138.2 records/sec (13.50 MB/sec), 104.1 ms avg latency, 636.0 ms max latency.
720 records sent, 142.9 records/sec (13.95 MB/sec), 18.6 ms avg latency, 150.0 ms max latency.
693 records sent, 138.1 records/sec (13.48 MB/sec), 20.2 ms avg latency, 98.0 ms max latency.
761 records sent, 152.1 records/sec (14.85 MB/sec), 18.5 ms avg latency, 106.0 ms max latency.
796 records sent, 159.0 records/sec (15.53 MB/sec), 17.0 ms avg latency, 85.0 ms max latency.
731 records sent, 146.0 records/sec (14.25 MB/sec), 16.6 ms avg latency, 69.0 ms max latency.
826 records sent, 165.0 records/sec (16.11 MB/sec), 16.4 ms avg latency, 83.0 ms max latency.
16667 records sent, 125.894145 records/sec (12.29 MB/sec), 259.43 ms avg latency, 8731.00 ms max latency, 18 ms 50th, 2277 ms 95th, 4798 ms 99th, 5306 ms 99.9th.
----- /var/lib/kafka-client/results/security-overhead-final-factorial-mtls-b5-rf3-isr3-msg102400-tps1000-batch16384-acksall-prod6-complz4-trial2/producer-perf-3.log -----
producer_index=3
producer_count=6
producer_records=16667
producer_throughput=167
1 records sent, 0.1 records/sec (0.01 MB/sec), 8827.0 ms avg latency, 8827.0 ms max latency.
150 records sent, 29.4 records/sec (2.87 MB/sec), 4989.8 ms avg latency, 6557.0 ms max latency.
323 records sent, 63.4 records/sec (6.19 MB/sec), 5884.7 ms avg latency, 7024.0 ms max latency.
479 records sent, 95.6 records/sec (9.33 MB/sec), 4579.7 ms avg latency, 5852.0 ms max latency.
721 records sent, 143.2 records/sec (13.98 MB/sec), 840.9 ms avg latency, 2805.0 ms max latency.
544 records sent, 108.8 records/sec (10.62 MB/sec), 27.5 ms avg latency, 106.0 ms max latency.
625 records sent, 125.0 records/sec (12.21 MB/sec), 29.0 ms avg latency, 149.0 ms max latency.
664 records sent, 132.5 records/sec (12.94 MB/sec), 34.3 ms avg latency, 189.0 ms max latency.
663 records sent, 132.5 records/sec (12.94 MB/sec), 24.3 ms avg latency, 114.0 ms max latency.
699 records sent, 139.1 records/sec (13.58 MB/sec), 24.1 ms avg latency, 96.0 ms max latency.
679 records sent, 135.2 records/sec (13.21 MB/sec), 23.0 ms avg latency, 111.0 ms max latency.
723 records sent, 144.6 records/sec (14.12 MB/sec), 22.1 ms avg latency, 115.0 ms max latency.
665 records sent, 132.5 records/sec (12.94 MB/sec), 20.7 ms avg latency, 80.0 ms max latency.
700 records sent, 139.9 records/sec (13.67 MB/sec), 18.7 ms avg latency, 83.0 ms max latency.
734 records sent, 146.7 records/sec (14.32 MB/sec), 20.2 ms avg latency, 93.0 ms max latency.
698 records sent, 138.8 records/sec (13.55 MB/sec), 18.1 ms avg latency, 86.0 ms max latency.
715 records sent, 142.2 records/sec (13.89 MB/sec), 19.2 ms avg latency, 81.0 ms max latency.
697 records sent, 139.3 records/sec (13.61 MB/sec), 45.3 ms avg latency, 442.0 ms max latency.
735 records sent, 146.7 records/sec (14.33 MB/sec), 105.1 ms avg latency, 634.0 ms max latency.
703 records sent, 140.2 records/sec (13.69 MB/sec), 17.0 ms avg latency, 73.0 ms max latency.
771 records sent, 153.9 records/sec (15.03 MB/sec), 19.1 ms avg latency, 84.0 ms max latency.
769 records sent, 153.6 records/sec (15.00 MB/sec), 17.0 ms avg latency, 79.0 ms max latency.
754 records sent, 150.8 records/sec (14.73 MB/sec), 19.6 ms avg latency, 114.0 ms max latency.
741 records sent, 147.9 records/sec (14.44 MB/sec), 18.6 ms avg latency, 72.0 ms max latency.
845 records sent, 168.9 records/sec (16.49 MB/sec), 15.2 ms avg latency, 52.0 ms max latency.
16667 records sent, 124.401950 records/sec (12.15 MB/sec), 350.84 ms avg latency, 8827.00 ms max latency, 17 ms 50th, 3731 ms 95th, 5911 ms 99th, 6493 ms 99.9th.
----- /var/lib/kafka-client/results/security-overhead-final-factorial-mtls-b5-rf3-isr3-msg102400-tps1000-batch16384-acksall-prod6-complz4-trial2/producer-perf-4.log -----
producer_index=4
producer_count=6
producer_records=16667
producer_throughput=167
1 records sent, 0.1 records/sec (0.01 MB/sec), 8527.0 ms avg latency, 8527.0 ms max latency.
216 records sent, 43.2 records/sec (4.22 MB/sec), 4937.9 ms avg latency, 5541.0 ms max latency.
323 records sent, 63.7 records/sec (6.22 MB/sec), 4801.8 ms avg latency, 5679.0 ms max latency.
620 records sent, 123.0 records/sec (12.01 MB/sec), 3466.5 ms avg latency, 5583.0 ms max latency.
672 records sent, 134.3 records/sec (13.11 MB/sec), 270.7 ms avg latency, 1349.0 ms max latency.
628 records sent, 125.3 records/sec (12.24 MB/sec), 29.9 ms avg latency, 144.0 ms max latency.
645 records sent, 128.5 records/sec (12.55 MB/sec), 30.7 ms avg latency, 172.0 ms max latency.
665 records sent, 132.7 records/sec (12.96 MB/sec), 27.6 ms avg latency, 111.0 ms max latency.
689 records sent, 137.6 records/sec (13.44 MB/sec), 22.5 ms avg latency, 101.0 ms max latency.
734 records sent, 146.2 records/sec (14.28 MB/sec), 22.2 ms avg latency, 92.0 ms max latency.
682 records sent, 136.1 records/sec (13.29 MB/sec), 22.4 ms avg latency, 88.0 ms max latency.
731 records sent, 145.7 records/sec (14.23 MB/sec), 22.6 ms avg latency, 104.0 ms max latency.
713 records sent, 141.9 records/sec (13.86 MB/sec), 21.7 ms avg latency, 78.0 ms max latency.
705 records sent, 140.2 records/sec (13.69 MB/sec), 22.9 ms avg latency, 106.0 ms max latency.
756 records sent, 150.9 records/sec (14.74 MB/sec), 24.5 ms avg latency, 106.0 ms max latency.
700 records sent, 139.6 records/sec (13.64 MB/sec), 23.2 ms avg latency, 100.0 ms max latency.
750 records sent, 149.5 records/sec (14.60 MB/sec), 19.7 ms avg latency, 76.0 ms max latency.
697 records sent, 139.3 records/sec (13.61 MB/sec), 47.6 ms avg latency, 417.0 ms max latency.
728 records sent, 145.4 records/sec (14.20 MB/sec), 125.6 ms avg latency, 770.0 ms max latency.
751 records sent, 150.2 records/sec (14.67 MB/sec), 19.7 ms avg latency, 89.0 ms max latency.
752 records sent, 149.8 records/sec (14.63 MB/sec), 17.7 ms avg latency, 63.0 ms max latency.
771 records sent, 153.8 records/sec (15.02 MB/sec), 18.8 ms avg latency, 175.0 ms max latency.
741 records sent, 146.8 records/sec (14.34 MB/sec), 15.5 ms avg latency, 79.0 ms max latency.
769 records sent, 153.7 records/sec (15.01 MB/sec), 20.8 ms avg latency, 99.0 ms max latency.
880 records sent, 175.2 records/sec (17.11 MB/sec), 15.4 ms avg latency, 70.0 ms max latency.
16667 records sent, 126.749103 records/sec (12.38 MB/sec), 322.40 ms avg latency, 8527.00 ms max latency, 19 ms 50th, 3738 ms 95th, 5235 ms 99th, 5493 ms 99.9th.
----- /var/lib/kafka-client/results/security-overhead-final-factorial-mtls-b5-rf3-isr3-msg102400-tps1000-batch16384-acksall-prod6-complz4-trial2/producer-perf-5.log -----
producer_index=5
producer_count=6
producer_records=16666
producer_throughput=166
1 records sent, 0.1 records/sec (0.01 MB/sec), 2564.0 ms avg latency, 2564.0 ms max latency.
162 records sent, 31.8 records/sec (3.10 MB/sec), 4408.6 ms avg latency, 8788.0 ms max latency.
435 records sent, 85.9 records/sec (8.39 MB/sec), 5261.7 ms avg latency, 6806.0 ms max latency.
700 records sent, 139.9 records/sec (13.66 MB/sec), 1411.7 ms avg latency, 3657.0 ms max latency.
590 records sent, 117.8 records/sec (11.51 MB/sec), 46.1 ms avg latency, 243.0 ms max latency.
573 records sent, 114.6 records/sec (11.19 MB/sec), 32.9 ms avg latency, 191.0 ms max latency.
678 records sent, 135.6 records/sec (13.24 MB/sec), 33.5 ms avg latency, 126.0 ms max latency.
653 records sent, 129.9 records/sec (12.68 MB/sec), 25.8 ms avg latency, 145.0 ms max latency.
688 records sent, 136.2 records/sec (13.30 MB/sec), 25.1 ms avg latency, 122.0 ms max latency.
703 records sent, 140.3 records/sec (13.70 MB/sec), 23.2 ms avg latency, 95.0 ms max latency.
646 records sent, 128.9 records/sec (12.59 MB/sec), 21.9 ms avg latency, 133.0 ms max latency.
689 records sent, 137.1 records/sec (13.38 MB/sec), 23.1 ms avg latency, 120.0 ms max latency.
702 records sent, 139.5 records/sec (13.62 MB/sec), 24.1 ms avg latency, 108.0 ms max latency.
732 records sent, 146.2 records/sec (14.28 MB/sec), 18.1 ms avg latency, 72.0 ms max latency.
688 records sent, 137.4 records/sec (13.42 MB/sec), 19.4 ms avg latency, 86.0 ms max latency.
712 records sent, 141.7 records/sec (13.84 MB/sec), 21.3 ms avg latency, 108.0 ms max latency.
697 records sent, 139.3 records/sec (13.61 MB/sec), 21.6 ms avg latency, 114.0 ms max latency.
711 records sent, 141.7 records/sec (13.84 MB/sec), 75.5 ms avg latency, 677.0 ms max latency.
744 records sent, 148.7 records/sec (14.52 MB/sec), 85.2 ms avg latency, 625.0 ms max latency.
744 records sent, 148.6 records/sec (14.51 MB/sec), 20.6 ms avg latency, 92.0 ms max latency.
733 records sent, 146.5 records/sec (14.30 MB/sec), 18.5 ms avg latency, 98.0 ms max latency.
743 records sent, 148.6 records/sec (14.51 MB/sec), 16.6 ms avg latency, 61.0 ms max latency.
790 records sent, 156.9 records/sec (15.33 MB/sec), 17.9 ms avg latency, 88.0 ms max latency.
771 records sent, 154.1 records/sec (15.05 MB/sec), 17.8 ms avg latency, 91.0 ms max latency.
838 records sent, 167.4 records/sec (16.35 MB/sec), 13.5 ms avg latency, 56.0 ms max latency.
16666 records sent, 125.728943 records/sec (12.28 MB/sec), 265.34 ms avg latency, 8788.00 ms max latency, 18 ms 50th, 1783 ms 95th, 5796 ms 99th, 6631 ms 99.9th.
----- /var/lib/kafka-client/results/security-overhead-final-factorial-mtls-b5-rf3-isr3-msg102400-tps1000-batch16384-acksall-prod6-complz4-trial2/producer-perf-6.log -----
producer_index=6
producer_count=6
producer_records=16666
producer_throughput=166
1 records sent, 0.1 records/sec (0.01 MB/sec), 9282.0 ms avg latency, 9282.0 ms max latency.
151 records sent, 29.3 records/sec (2.86 MB/sec), 4826.9 ms avg latency, 6422.0 ms max latency.
264 records sent, 52.6 records/sec (5.14 MB/sec), 6919.3 ms avg latency, 8436.0 ms max latency.
290 records sent, 57.4 records/sec (5.61 MB/sec), 6060.7 ms avg latency, 7095.0 ms max latency.
612 records sent, 121.6 records/sec (11.88 MB/sec), 3526.1 ms avg latency, 5844.0 ms max latency.
726 records sent, 144.1 records/sec (14.07 MB/sec), 415.7 ms avg latency, 1734.0 ms max latency.
583 records sent, 116.5 records/sec (11.38 MB/sec), 34.0 ms avg latency, 162.0 ms max latency.
707 records sent, 140.6 records/sec (13.73 MB/sec), 28.0 ms avg latency, 135.0 ms max latency.
698 records sent, 139.2 records/sec (13.59 MB/sec), 22.3 ms avg latency, 121.0 ms max latency.
700 records sent, 139.9 records/sec (13.66 MB/sec), 22.2 ms avg latency, 81.0 ms max latency.
701 records sent, 140.2 records/sec (13.69 MB/sec), 22.7 ms avg latency, 120.0 ms max latency.
692 records sent, 137.7 records/sec (13.44 MB/sec), 22.3 ms avg latency, 90.0 ms max latency.
723 records sent, 144.5 records/sec (14.11 MB/sec), 27.0 ms avg latency, 126.0 ms max latency.
761 records sent, 151.4 records/sec (14.79 MB/sec), 23.4 ms avg latency, 97.0 ms max latency.
741 records sent, 148.2 records/sec (14.47 MB/sec), 22.4 ms avg latency, 84.0 ms max latency.
694 records sent, 138.6 records/sec (13.53 MB/sec), 20.6 ms avg latency, 78.0 ms max latency.
754 records sent, 150.2 records/sec (14.67 MB/sec), 22.9 ms avg latency, 124.0 ms max latency.
720 records sent, 143.5 records/sec (14.01 MB/sec), 82.2 ms avg latency, 550.0 ms max latency.
705 records sent, 140.6 records/sec (13.73 MB/sec), 95.3 ms avg latency, 800.0 ms max latency.
730 records sent, 146.0 records/sec (14.25 MB/sec), 20.3 ms avg latency, 79.0 ms max latency.
743 records sent, 148.2 records/sec (14.48 MB/sec), 18.7 ms avg latency, 84.0 ms max latency.
779 records sent, 155.7 records/sec (15.21 MB/sec), 18.2 ms avg latency, 77.0 ms max latency.
775 records sent, 155.0 records/sec (15.13 MB/sec), 19.9 ms avg latency, 83.0 ms max latency.
738 records sent, 147.4 records/sec (14.39 MB/sec), 17.4 ms avg latency, 81.0 ms max latency.
843 records sent, 168.0 records/sec (16.40 MB/sec), 16.9 ms avg latency, 91.0 ms max latency.
16666 records sent, 124.464160 records/sec (12.15 MB/sec), 431.52 ms avg latency, 9282.00 ms max latency, 18 ms 50th, 4660 ms 95th, 6868 ms 99th, 7622 ms 99.9th.
