run_id=security-overhead-final-factorial-tls-b5-rf5-isr4-msg102400-tps10000-batch16384-acksall-prod12-complz4-trial1
producer_count=12
----- /var/lib/kafka-client/results/security-overhead-final-factorial-tls-b5-rf5-isr4-msg102400-tps10000-batch16384-acksall-prod12-complz4-trial1/producer-perf-1.log -----
producer_index=1
producer_count=12
producer_records=8334
producer_throughput=834
1 records sent, 0.1 records/sec (0.00 MB/sec), 19614.0 ms avg latency, 19614.0 ms max latency.
38 records sent, 7.5 records/sec (0.73 MB/sec), 8382.4 ms avg latency, 10330.0 ms max latency.
78 records sent, 15.4 records/sec (1.51 MB/sec), 10696.1 ms avg latency, 11952.0 ms max latency.
150 records sent, 29.7 records/sec (2.90 MB/sec), 11815.1 ms avg latency, 13397.0 ms max latency.
174 records sent, 33.7 records/sec (3.30 MB/sec), 12583.0 ms avg latency, 14325.0 ms max latency.
239 records sent, 46.4 records/sec (4.53 MB/sec), 9060.1 ms avg latency, 10913.0 ms max latency.
252 records sent, 50.2 records/sec (4.90 MB/sec), 6329.5 ms avg latency, 7755.0 ms max latency.
320 records sent, 63.3 records/sec (6.18 MB/sec), 3792.8 ms avg latency, 5787.0 ms max latency.
329 records sent, 64.7 records/sec (6.32 MB/sec), 1090.9 ms avg latency, 2649.0 ms max latency.
244 records sent, 48.7 records/sec (4.75 MB/sec), 149.8 ms avg latency, 465.0 ms max latency.
261 records sent, 51.8 records/sec (5.05 MB/sec), 82.6 ms avg latency, 332.0 ms max latency.
220 records sent, 43.9 records/sec (4.28 MB/sec), 85.4 ms avg latency, 296.0 ms max latency.
240 records sent, 47.9 records/sec (4.68 MB/sec), 116.3 ms avg latency, 401.0 ms max latency.
256 records sent, 50.9 records/sec (4.97 MB/sec), 99.4 ms avg latency, 237.0 ms max latency.
284 records sent, 56.5 records/sec (5.52 MB/sec), 92.0 ms avg latency, 271.0 ms max latency.
291 records sent, 58.1 records/sec (5.67 MB/sec), 98.5 ms avg latency, 348.0 ms max latency.
315 records sent, 62.1 records/sec (6.07 MB/sec), 93.3 ms avg latency, 323.0 ms max latency.
322 records sent, 63.7 records/sec (6.22 MB/sec), 79.2 ms avg latency, 244.0 ms max latency.
304 records sent, 60.5 records/sec (5.91 MB/sec), 86.4 ms avg latency, 265.0 ms max latency.
313 records sent, 61.8 records/sec (6.04 MB/sec), 59.9 ms avg latency, 171.0 ms max latency.
316 records sent, 62.7 records/sec (6.13 MB/sec), 80.3 ms avg latency, 298.0 ms max latency.
307 records sent, 61.2 records/sec (5.98 MB/sec), 76.8 ms avg latency, 290.0 ms max latency.
289 records sent, 57.7 records/sec (5.63 MB/sec), 193.0 ms avg latency, 803.0 ms max latency.
328 records sent, 65.6 records/sec (6.40 MB/sec), 187.2 ms avg latency, 1013.0 ms max latency.
319 records sent, 63.5 records/sec (6.20 MB/sec), 73.3 ms avg latency, 224.0 ms max latency.
290 records sent, 57.7 records/sec (5.63 MB/sec), 81.1 ms avg latency, 374.0 ms max latency.
288 records sent, 57.3 records/sec (5.60 MB/sec), 54.0 ms avg latency, 169.0 ms max latency.
320 records sent, 63.1 records/sec (6.16 MB/sec), 56.7 ms avg latency, 212.0 ms max latency.
296 records sent, 58.8 records/sec (5.74 MB/sec), 58.2 ms avg latency, 170.0 ms max latency.
285 records sent, 57.0 records/sec (5.57 MB/sec), 61.5 ms avg latency, 227.0 ms max latency.
310 records sent, 61.3 records/sec (5.99 MB/sec), 61.3 ms avg latency, 173.0 ms max latency.
302 records sent, 60.1 records/sec (5.87 MB/sec), 73.0 ms avg latency, 276.0 ms max latency.
8334 records sent, 46.832591 records/sec (4.57 MB/sec), 1329.22 ms avg latency, 19614.00 ms max latency, 84 ms 50th, 10249 ms 95th, 12946 ms 99th, 13959 ms 99.9th.
----- /var/lib/kafka-client/results/security-overhead-final-factorial-tls-b5-rf5-isr4-msg102400-tps10000-batch16384-acksall-prod12-complz4-trial1/producer-perf-2.log -----
producer_index=2
producer_count=12
producer_records=8334
producer_throughput=834
1 records sent, 0.1 records/sec (0.01 MB/sec), 19262.0 ms avg latency, 19262.0 ms max latency.
40 records sent, 7.5 records/sec (0.73 MB/sec), 7934.8 ms avg latency, 9753.0 ms max latency.
102 records sent, 19.9 records/sec (1.95 MB/sec), 10350.5 ms avg latency, 11519.0 ms max latency.
150 records sent, 29.7 records/sec (2.90 MB/sec), 11195.4 ms avg latency, 12289.0 ms max latency.
126 records sent, 24.0 records/sec (2.34 MB/sec), 12797.4 ms avg latency, 14603.0 ms max latency.
120 records sent, 24.0 records/sec (2.34 MB/sec), 12592.8 ms avg latency, 13600.0 ms max latency.
197 records sent, 39.3 records/sec (3.83 MB/sec), 12561.0 ms avg latency, 14155.0 ms max latency.
273 records sent, 54.2 records/sec (5.29 MB/sec), 7660.6 ms avg latency, 10855.0 ms max latency.
342 records sent, 67.6 records/sec (6.60 MB/sec), 3633.4 ms avg latency, 5666.0 ms max latency.
299 records sent, 59.4 records/sec (5.80 MB/sec), 501.6 ms avg latency, 1767.0 ms max latency.
256 records sent, 50.4 records/sec (4.92 MB/sec), 69.4 ms avg latency, 190.0 ms max latency.
234 records sent, 46.5 records/sec (4.55 MB/sec), 81.4 ms avg latency, 354.0 ms max latency.
254 records sent, 50.5 records/sec (4.93 MB/sec), 134.4 ms avg latency, 510.0 ms max latency.
269 records sent, 53.5 records/sec (5.22 MB/sec), 130.2 ms avg latency, 390.0 ms max latency.
269 records sent, 53.6 records/sec (5.23 MB/sec), 77.5 ms avg latency, 269.0 ms max latency.
292 records sent, 57.6 records/sec (5.62 MB/sec), 74.7 ms avg latency, 257.0 ms max latency.
271 records sent, 53.2 records/sec (5.20 MB/sec), 76.2 ms avg latency, 228.0 ms max latency.
296 records sent, 59.1 records/sec (5.77 MB/sec), 85.3 ms avg latency, 345.0 ms max latency.
292 records sent, 58.1 records/sec (5.68 MB/sec), 89.1 ms avg latency, 491.0 ms max latency.
302 records sent, 59.5 records/sec (5.81 MB/sec), 62.7 ms avg latency, 225.0 ms max latency.
286 records sent, 57.1 records/sec (5.58 MB/sec), 78.4 ms avg latency, 332.0 ms max latency.
290 records sent, 58.0 records/sec (5.66 MB/sec), 73.6 ms avg latency, 348.0 ms max latency.
305 records sent, 60.8 records/sec (5.94 MB/sec), 196.2 ms avg latency, 952.0 ms max latency.
327 records sent, 65.2 records/sec (6.37 MB/sec), 249.4 ms avg latency, 1016.0 ms max latency.
283 records sent, 56.4 records/sec (5.51 MB/sec), 60.8 ms avg latency, 196.0 ms max latency.
305 records sent, 61.0 records/sec (5.95 MB/sec), 64.6 ms avg latency, 295.0 ms max latency.
303 records sent, 60.6 records/sec (5.92 MB/sec), 61.8 ms avg latency, 278.0 ms max latency.
292 records sent, 58.1 records/sec (5.67 MB/sec), 77.4 ms avg latency, 231.0 ms max latency.
309 records sent, 61.8 records/sec (6.03 MB/sec), 63.0 ms avg latency, 205.0 ms max latency.
314 records sent, 62.6 records/sec (6.11 MB/sec), 73.1 ms avg latency, 246.0 ms max latency.
320 records sent, 63.9 records/sec (6.24 MB/sec), 56.5 ms avg latency, 198.0 ms max latency.
313 records sent, 62.2 records/sec (6.07 MB/sec), 63.4 ms avg latency, 290.0 ms max latency.
8334 records sent, 46.232706 records/sec (4.51 MB/sec), 1529.93 ms avg latency, 19262.00 ms max latency, 78 ms 50th, 11763 ms 95th, 13390 ms 99th, 13912 ms 99.9th.
----- /var/lib/kafka-client/results/security-overhead-final-factorial-tls-b5-rf5-isr4-msg102400-tps10000-batch16384-acksall-prod12-complz4-trial1/producer-perf-3.log -----
producer_index=3
producer_count=12
producer_records=8334
producer_throughput=834
1 records sent, 0.1 records/sec (0.01 MB/sec), 5682.0 ms avg latency, 5682.0 ms max latency.
34 records sent, 6.3 records/sec (0.62 MB/sec), 8382.6 ms avg latency, 18932.0 ms max latency.
78 records sent, 15.6 records/sec (1.52 MB/sec), 10939.6 ms avg latency, 12335.0 ms max latency.
168 records sent, 33.0 records/sec (3.22 MB/sec), 11677.4 ms avg latency, 13051.0 ms max latency.
144 records sent, 28.4 records/sec (2.78 MB/sec), 12288.8 ms avg latency, 13514.0 ms max latency.
240 records sent, 46.2 records/sec (4.51 MB/sec), 9763.8 ms avg latency, 11775.0 ms max latency.
287 records sent, 56.3 records/sec (5.49 MB/sec), 6420.3 ms avg latency, 8678.0 ms max latency.
295 records sent, 58.8 records/sec (5.74 MB/sec), 3888.8 ms avg latency, 5700.0 ms max latency.
303 records sent, 60.6 records/sec (5.92 MB/sec), 802.6 ms avg latency, 2396.0 ms max latency.
243 records sent, 48.1 records/sec (4.70 MB/sec), 132.4 ms avg latency, 408.0 ms max latency.
258 records sent, 51.5 records/sec (5.03 MB/sec), 91.0 ms avg latency, 282.0 ms max latency.
244 records sent, 48.5 records/sec (4.74 MB/sec), 75.5 ms avg latency, 387.0 ms max latency.
280 records sent, 55.9 records/sec (5.46 MB/sec), 90.6 ms avg latency, 347.0 ms max latency.
263 records sent, 52.0 records/sec (5.08 MB/sec), 129.1 ms avg latency, 315.0 ms max latency.
309 records sent, 60.6 records/sec (5.92 MB/sec), 112.7 ms avg latency, 482.0 ms max latency.
285 records sent, 56.9 records/sec (5.55 MB/sec), 81.8 ms avg latency, 285.0 ms max latency.
278 records sent, 55.0 records/sec (5.37 MB/sec), 74.3 ms avg latency, 228.0 ms max latency.
301 records sent, 59.8 records/sec (5.84 MB/sec), 78.8 ms avg latency, 281.0 ms max latency.
308 records sent, 61.6 records/sec (6.02 MB/sec), 66.1 ms avg latency, 247.0 ms max latency.
315 records sent, 62.4 records/sec (6.10 MB/sec), 64.6 ms avg latency, 207.0 ms max latency.
291 records sent, 57.6 records/sec (5.63 MB/sec), 71.0 ms avg latency, 285.0 ms max latency.
291 records sent, 57.7 records/sec (5.63 MB/sec), 67.7 ms avg latency, 363.0 ms max latency.
296 records sent, 56.5 records/sec (5.52 MB/sec), 103.6 ms avg latency, 799.0 ms max latency.
348 records sent, 69.2 records/sec (6.76 MB/sec), 289.4 ms avg latency, 1117.0 ms max latency.
286 records sent, 57.2 records/sec (5.58 MB/sec), 80.1 ms avg latency, 310.0 ms max latency.
318 records sent, 63.1 records/sec (6.16 MB/sec), 74.6 ms avg latency, 279.0 ms max latency.
301 records sent, 59.9 records/sec (5.85 MB/sec), 82.2 ms avg latency, 372.0 ms max latency.
310 records sent, 61.7 records/sec (6.03 MB/sec), 54.5 ms avg latency, 199.0 ms max latency.
311 records sent, 61.8 records/sec (6.04 MB/sec), 73.0 ms avg latency, 249.0 ms max latency.
314 records sent, 62.5 records/sec (6.10 MB/sec), 59.5 ms avg latency, 214.0 ms max latency.
306 records sent, 61.0 records/sec (5.96 MB/sec), 55.5 ms avg latency, 199.0 ms max latency.
315 records sent, 63.0 records/sec (6.15 MB/sec), 60.9 ms avg latency, 215.0 ms max latency.
8334 records sent, 47.249719 records/sec (4.61 MB/sec), 1327.84 ms avg latency, 18932.00 ms max latency, 79 ms 50th, 10472 ms 95th, 12338 ms 99th, 13306 ms 99.9th.
----- /var/lib/kafka-client/results/security-overhead-final-factorial-tls-b5-rf5-isr4-msg102400-tps10000-batch16384-acksall-prod12-complz4-trial1/producer-perf-4.log -----
producer_index=4
producer_count=12
producer_records=8334
producer_throughput=834
1 records sent, 0.1 records/sec (0.01 MB/sec), 4938.0 ms avg latency, 4938.0 ms max latency.
33 records sent, 6.0 records/sec (0.58 MB/sec), 7958.3 ms avg latency, 18900.0 ms max latency.
90 records sent, 17.9 records/sec (1.75 MB/sec), 10189.3 ms avg latency, 11708.0 ms max latency.
162 records sent, 31.2 records/sec (3.05 MB/sec), 11026.8 ms avg latency, 12260.0 ms max latency.
192 records sent, 37.7 records/sec (3.68 MB/sec), 11294.6 ms avg latency, 13340.0 ms max latency.
245 records sent, 48.1 records/sec (4.70 MB/sec), 8166.1 ms avg latency, 9903.0 ms max latency.
270 records sent, 52.8 records/sec (5.16 MB/sec), 6120.2 ms avg latency, 7303.0 ms max latency.
316 records sent, 61.9 records/sec (6.04 MB/sec), 4188.2 ms avg latency, 5666.0 ms max latency.
322 records sent, 62.6 records/sec (6.11 MB/sec), 1829.2 ms avg latency, 3264.0 ms max latency.
291 records sent, 58.2 records/sec (5.68 MB/sec), 192.7 ms avg latency, 1064.0 ms max latency.
279 records sent, 55.5 records/sec (5.42 MB/sec), 125.5 ms avg latency, 445.0 ms max latency.
280 records sent, 55.5 records/sec (5.42 MB/sec), 148.1 ms avg latency, 485.0 ms max latency.
229 records sent, 45.8 records/sec (4.47 MB/sec), 112.6 ms avg latency, 309.0 ms max latency.
261 records sent, 51.8 records/sec (5.06 MB/sec), 92.6 ms avg latency, 399.0 ms max latency.
267 records sent, 52.9 records/sec (5.17 MB/sec), 89.7 ms avg latency, 412.0 ms max latency.
289 records sent, 57.5 records/sec (5.62 MB/sec), 80.1 ms avg latency, 288.0 ms max latency.
308 records sent, 61.4 records/sec (6.00 MB/sec), 68.0 ms avg latency, 263.0 ms max latency.
288 records sent, 57.2 records/sec (5.58 MB/sec), 63.2 ms avg latency, 225.0 ms max latency.
291 records sent, 58.1 records/sec (5.67 MB/sec), 68.9 ms avg latency, 223.0 ms max latency.
308 records sent, 61.2 records/sec (5.98 MB/sec), 70.1 ms avg latency, 296.0 ms max latency.
291 records sent, 58.0 records/sec (5.67 MB/sec), 92.9 ms avg latency, 285.0 ms max latency.
294 records sent, 58.2 records/sec (5.68 MB/sec), 69.4 ms avg latency, 282.0 ms max latency.
276 records sent, 55.2 records/sec (5.39 MB/sec), 138.4 ms avg latency, 774.0 ms max latency.
345 records sent, 68.0 records/sec (6.64 MB/sec), 333.2 ms avg latency, 1213.0 ms max latency.
307 records sent, 61.4 records/sec (5.99 MB/sec), 60.2 ms avg latency, 199.0 ms max latency.
291 records sent, 58.1 records/sec (5.67 MB/sec), 67.3 ms avg latency, 222.0 ms max latency.
283 records sent, 56.4 records/sec (5.50 MB/sec), 59.5 ms avg latency, 350.0 ms max latency.
315 records sent, 62.9 records/sec (6.14 MB/sec), 77.3 ms avg latency, 321.0 ms max latency.
297 records sent, 59.1 records/sec (5.77 MB/sec), 61.1 ms avg latency, 242.0 ms max latency.
302 records sent, 60.4 records/sec (5.90 MB/sec), 54.6 ms avg latency, 167.0 ms max latency.
301 records sent, 60.2 records/sec (5.87 MB/sec), 73.1 ms avg latency, 215.0 ms max latency.
8334 records sent, 47.381886 records/sec (4.63 MB/sec), 1364.23 ms avg latency, 18900.00 ms max latency, 82 ms 50th, 9647 ms 95th, 11939 ms 99th, 13060 ms 99.9th.
----- /var/lib/kafka-client/results/security-overhead-final-factorial-tls-b5-rf5-isr4-msg102400-tps10000-batch16384-acksall-prod12-complz4-trial1/producer-perf-5.log -----
producer_index=5
producer_count=12
producer_records=8333
producer_throughput=833
1 records sent, 0.1 records/sec (0.01 MB/sec), 5439.0 ms avg latency, 5439.0 ms max latency.
36 records sent, 6.5 records/sec (0.63 MB/sec), 8368.3 ms avg latency, 18755.0 ms max latency.
78 records sent, 15.5 records/sec (1.51 MB/sec), 10399.7 ms avg latency, 11647.0 ms max latency.
84 records sent, 16.3 records/sec (1.60 MB/sec), 13068.8 ms avg latency, 14585.0 ms max latency.
114 records sent, 22.2 records/sec (2.17 MB/sec), 15286.9 ms avg latency, 16672.0 ms max latency.
126 records sent, 24.3 records/sec (2.37 MB/sec), 16922.4 ms avg latency, 18543.0 ms max latency.
120 records sent, 23.1 records/sec (2.25 MB/sec), 14461.5 ms avg latency, 16606.0 ms max latency.
239 records sent, 47.4 records/sec (4.63 MB/sec), 11710.2 ms avg latency, 14780.0 ms max latency.
282 records sent, 55.3 records/sec (5.40 MB/sec), 6174.7 ms avg latency, 9324.0 ms max latency.
379 records sent, 75.4 records/sec (7.36 MB/sec), 2227.5 ms avg latency, 5113.0 ms max latency.
250 records sent, 49.7 records/sec (4.86 MB/sec), 125.3 ms avg latency, 392.0 ms max latency.
243 records sent, 48.5 records/sec (4.74 MB/sec), 108.2 ms avg latency, 367.0 ms max latency.
234 records sent, 46.6 records/sec (4.55 MB/sec), 66.8 ms avg latency, 207.0 ms max latency.
263 records sent, 51.9 records/sec (5.07 MB/sec), 80.5 ms avg latency, 247.0 ms max latency.
274 records sent, 53.5 records/sec (5.23 MB/sec), 84.8 ms avg latency, 296.0 ms max latency.
297 records sent, 59.3 records/sec (5.79 MB/sec), 95.5 ms avg latency, 262.0 ms max latency.
279 records sent, 55.8 records/sec (5.45 MB/sec), 69.8 ms avg latency, 311.0 ms max latency.
298 records sent, 57.5 records/sec (5.62 MB/sec), 81.6 ms avg latency, 247.0 ms max latency.
300 records sent, 59.7 records/sec (5.83 MB/sec), 78.9 ms avg latency, 338.0 ms max latency.
312 records sent, 62.3 records/sec (6.09 MB/sec), 80.7 ms avg latency, 234.0 ms max latency.
297 records sent, 57.6 records/sec (5.63 MB/sec), 87.9 ms avg latency, 313.0 ms max latency.
333 records sent, 66.5 records/sec (6.49 MB/sec), 63.2 ms avg latency, 230.0 ms max latency.
275 records sent, 54.6 records/sec (5.33 MB/sec), 225.2 ms avg latency, 1053.0 ms max latency.
357 records sent, 71.4 records/sec (6.97 MB/sec), 208.9 ms avg latency, 1127.0 ms max latency.
281 records sent, 55.0 records/sec (5.37 MB/sec), 69.1 ms avg latency, 224.0 ms max latency.
313 records sent, 62.3 records/sec (6.09 MB/sec), 87.3 ms avg latency, 404.0 ms max latency.
295 records sent, 58.8 records/sec (5.74 MB/sec), 60.8 ms avg latency, 178.0 ms max latency.
281 records sent, 56.2 records/sec (5.49 MB/sec), 62.8 ms avg latency, 265.0 ms max latency.
292 records sent, 58.0 records/sec (5.66 MB/sec), 58.5 ms avg latency, 275.0 ms max latency.
311 records sent, 62.2 records/sec (6.07 MB/sec), 87.6 ms avg latency, 286.0 ms max latency.
319 records sent, 63.7 records/sec (6.23 MB/sec), 61.9 ms avg latency, 213.0 ms max latency.
338 records sent, 67.2 records/sec (6.56 MB/sec), 57.5 ms avg latency, 232.0 ms max latency.
8333 records sent, 46.156488 records/sec (4.51 MB/sec), 1657.82 ms avg latency, 18755.00 ms max latency, 76 ms 50th, 13637 ms 95th, 16671 ms 99th, 18046 ms 99.9th.
----- /var/lib/kafka-client/results/security-overhead-final-factorial-tls-b5-rf5-isr4-msg102400-tps10000-batch16384-acksall-prod12-complz4-trial1/producer-perf-6.log -----
producer_index=6
producer_count=12
producer_records=8333
producer_throughput=833
1 records sent, 0.1 records/sec (0.00 MB/sec), 19776.0 ms avg latency, 19776.0 ms max latency.
41 records sent, 7.9 records/sec (0.77 MB/sec), 8016.2 ms avg latency, 9338.0 ms max latency.
108 records sent, 20.9 records/sec (2.05 MB/sec), 9996.8 ms avg latency, 11015.0 ms max latency.
150 records sent, 29.8 records/sec (2.91 MB/sec), 10981.7 ms avg latency, 12633.0 ms max latency.
120 records sent, 23.6 records/sec (2.31 MB/sec), 12359.3 ms avg latency, 13765.0 ms max latency.
132 records sent, 25.8 records/sec (2.52 MB/sec), 12561.4 ms avg latency, 13242.0 ms max latency.
204 records sent, 40.6 records/sec (3.96 MB/sec), 11926.4 ms avg latency, 13452.0 ms max latency.
354 records sent, 69.2 records/sec (6.76 MB/sec), 6176.7 ms avg latency, 10011.0 ms max latency.
347 records sent, 69.3 records/sec (6.76 MB/sec), 2165.4 ms avg latency, 3885.0 ms max latency.
252 records sent, 50.1 records/sec (4.90 MB/sec), 128.0 ms avg latency, 674.0 ms max latency.
248 records sent, 49.5 records/sec (4.83 MB/sec), 87.6 ms avg latency, 270.0 ms max latency.
225 records sent, 44.8 records/sec (4.38 MB/sec), 99.6 ms avg latency, 379.0 ms max latency.
237 records sent, 47.1 records/sec (4.60 MB/sec), 85.8 ms avg latency, 260.0 ms max latency.
258 records sent, 51.5 records/sec (5.03 MB/sec), 96.4 ms avg latency, 361.0 ms max latency.
292 records sent, 58.2 records/sec (5.68 MB/sec), 67.5 ms avg latency, 244.0 ms max latency.
314 records sent, 62.7 records/sec (6.13 MB/sec), 100.1 ms avg latency, 410.0 ms max latency.
280 records sent, 55.0 records/sec (5.38 MB/sec), 88.4 ms avg latency, 273.0 ms max latency.
323 records sent, 64.3 records/sec (6.28 MB/sec), 99.0 ms avg latency, 379.0 ms max latency.
293 records sent, 58.5 records/sec (5.71 MB/sec), 73.5 ms avg latency, 291.0 ms max latency.
288 records sent, 57.1 records/sec (5.58 MB/sec), 70.1 ms avg latency, 250.0 ms max latency.
304 records sent, 60.8 records/sec (5.94 MB/sec), 70.3 ms avg latency, 228.0 ms max latency.
315 records sent, 62.5 records/sec (6.10 MB/sec), 54.1 ms avg latency, 165.0 ms max latency.
269 records sent, 53.7 records/sec (5.25 MB/sec), 211.4 ms avg latency, 838.0 ms max latency.
337 records sent, 67.1 records/sec (6.55 MB/sec), 153.5 ms avg latency, 969.0 ms max latency.
281 records sent, 56.1 records/sec (5.48 MB/sec), 68.5 ms avg latency, 231.0 ms max latency.
305 records sent, 60.8 records/sec (5.94 MB/sec), 52.1 ms avg latency, 170.0 ms max latency.
314 records sent, 62.4 records/sec (6.10 MB/sec), 67.3 ms avg latency, 216.0 ms max latency.
302 records sent, 60.1 records/sec (5.87 MB/sec), 59.6 ms avg latency, 211.0 ms max latency.
325 records sent, 64.8 records/sec (6.33 MB/sec), 59.3 ms avg latency, 192.0 ms max latency.
294 records sent, 58.7 records/sec (5.73 MB/sec), 55.3 ms avg latency, 207.0 ms max latency.
300 records sent, 59.5 records/sec (5.81 MB/sec), 73.2 ms avg latency, 220.0 ms max latency.
329 records sent, 64.9 records/sec (6.34 MB/sec), 63.5 ms avg latency, 329.0 ms max latency.
8333 records sent, 46.450052 records/sec (4.54 MB/sec), 1460.23 ms avg latency, 19776.00 ms max latency, 75 ms 50th, 11643 ms 95th, 12823 ms 99th, 13211 ms 99.9th.
----- /var/lib/kafka-client/results/security-overhead-final-factorial-tls-b5-rf5-isr4-msg102400-tps10000-batch16384-acksall-prod12-complz4-trial1/producer-perf-7.log -----
producer_index=7
producer_count=12
producer_records=8333
producer_throughput=833
1 records sent, 0.1 records/sec (0.00 MB/sec), 19796.0 ms avg latency, 19796.0 ms max latency.
36 records sent, 7.0 records/sec (0.69 MB/sec), 7998.6 ms avg latency, 9830.0 ms max latency.
78 records sent, 15.3 records/sec (1.49 MB/sec), 10089.1 ms avg latency, 11338.0 ms max latency.
150 records sent, 28.4 records/sec (2.77 MB/sec), 11770.6 ms avg latency, 12975.0 ms max latency.
115 records sent, 23.0 records/sec (2.24 MB/sec), 13928.5 ms avg latency, 15744.0 ms max latency.
130 records sent, 25.9 records/sec (2.53 MB/sec), 13270.5 ms avg latency, 16059.0 ms max latency.
120 records sent, 23.4 records/sec (2.29 MB/sec), 13444.3 ms avg latency, 14489.0 ms max latency.
263 records sent, 52.0 records/sec (5.08 MB/sec), 10846.2 ms avg latency, 14073.0 ms max latency.
345 records sent, 68.8 records/sec (6.72 MB/sec), 4599.7 ms avg latency, 8051.0 ms max latency.
328 records sent, 65.4 records/sec (6.39 MB/sec), 960.9 ms avg latency, 2762.0 ms max latency.
263 records sent, 52.6 records/sec (5.14 MB/sec), 127.2 ms avg latency, 386.0 ms max latency.
254 records sent, 50.6 records/sec (4.94 MB/sec), 112.6 ms avg latency, 338.0 ms max latency.
250 records sent, 49.9 records/sec (4.87 MB/sec), 89.2 ms avg latency, 271.0 ms max latency.
263 records sent, 52.5 records/sec (5.13 MB/sec), 72.2 ms avg latency, 217.0 ms max latency.
289 records sent, 57.4 records/sec (5.61 MB/sec), 108.1 ms avg latency, 442.0 ms max latency.
306 records sent, 61.2 records/sec (5.97 MB/sec), 78.3 ms avg latency, 251.0 ms max latency.
290 records sent, 57.8 records/sec (5.65 MB/sec), 74.5 ms avg latency, 315.0 ms max latency.
277 records sent, 55.1 records/sec (5.38 MB/sec), 76.6 ms avg latency, 301.0 ms max latency.
290 records sent, 57.6 records/sec (5.62 MB/sec), 81.4 ms avg latency, 332.0 ms max latency.
296 records sent, 58.8 records/sec (5.74 MB/sec), 71.9 ms avg latency, 415.0 ms max latency.
316 records sent, 63.1 records/sec (6.16 MB/sec), 84.2 ms avg latency, 281.0 ms max latency.
301 records sent, 59.9 records/sec (5.85 MB/sec), 66.1 ms avg latency, 252.0 ms max latency.
288 records sent, 57.4 records/sec (5.61 MB/sec), 240.0 ms avg latency, 970.0 ms max latency.
331 records sent, 64.8 records/sec (6.33 MB/sec), 223.6 ms avg latency, 1133.0 ms max latency.
296 records sent, 59.1 records/sec (5.77 MB/sec), 73.2 ms avg latency, 392.0 ms max latency.
324 records sent, 64.2 records/sec (6.27 MB/sec), 61.4 ms avg latency, 198.0 ms max latency.
305 records sent, 60.8 records/sec (5.94 MB/sec), 65.4 ms avg latency, 211.0 ms max latency.
290 records sent, 58.0 records/sec (5.66 MB/sec), 59.1 ms avg latency, 215.0 ms max latency.
301 records sent, 59.9 records/sec (5.85 MB/sec), 55.7 ms avg latency, 207.0 ms max latency.
307 records sent, 61.0 records/sec (5.95 MB/sec), 57.5 ms avg latency, 215.0 ms max latency.
284 records sent, 56.1 records/sec (5.48 MB/sec), 61.6 ms avg latency, 211.0 ms max latency.
338 records sent, 67.0 records/sec (6.54 MB/sec), 79.2 ms avg latency, 275.0 ms max latency.
8333 records sent, 46.260520 records/sec (4.52 MB/sec), 1579.45 ms avg latency, 19796.00 ms max latency, 77 ms 50th, 12477 ms 95th, 13972 ms 99th, 15261 ms 99.9th.
----- /var/lib/kafka-client/results/security-overhead-final-factorial-tls-b5-rf5-isr4-msg102400-tps10000-batch16384-acksall-prod12-complz4-trial1/producer-perf-8.log -----
producer_index=8
producer_count=12
producer_records=8333
producer_throughput=833
1 records sent, 0.0 records/sec (0.00 MB/sec), 19840.0 ms avg latency, 19840.0 ms max latency.
37 records sent, 7.1 records/sec (0.69 MB/sec), 7706.3 ms avg latency, 9552.0 ms max latency.
84 records sent, 15.3 records/sec (1.49 MB/sec), 10256.2 ms avg latency, 11894.0 ms max latency.
102 records sent, 19.8 records/sec (1.93 MB/sec), 13030.4 ms avg latency, 14941.0 ms max latency.
114 records sent, 22.5 records/sec (2.20 MB/sec), 14961.6 ms avg latency, 16700.0 ms max latency.
119 records sent, 23.8 records/sec (2.32 MB/sec), 16222.8 ms avg latency, 17570.0 ms max latency.
120 records sent, 24.0 records/sec (2.34 MB/sec), 14206.2 ms avg latency, 15754.0 ms max latency.
190 records sent, 37.7 records/sec (3.68 MB/sec), 12841.7 ms avg latency, 14714.0 ms max latency.
305 records sent, 59.6 records/sec (5.82 MB/sec), 7203.1 ms avg latency, 10914.0 ms max latency.
395 records sent, 77.9 records/sec (7.61 MB/sec), 2803.6 ms avg latency, 5031.0 ms max latency.
295 records sent, 58.7 records/sec (5.73 MB/sec), 214.7 ms avg latency, 942.0 ms max latency.
216 records sent, 42.9 records/sec (4.19 MB/sec), 87.1 ms avg latency, 257.0 ms max latency.
235 records sent, 46.8 records/sec (4.57 MB/sec), 88.9 ms avg latency, 256.0 ms max latency.
273 records sent, 53.9 records/sec (5.27 MB/sec), 92.4 ms avg latency, 255.0 ms max latency.
299 records sent, 59.6 records/sec (5.82 MB/sec), 91.1 ms avg latency, 542.0 ms max latency.
289 records sent, 57.3 records/sec (5.60 MB/sec), 59.3 ms avg latency, 171.0 ms max latency.
296 records sent, 58.7 records/sec (5.73 MB/sec), 67.8 ms avg latency, 216.0 ms max latency.
275 records sent, 54.9 records/sec (5.36 MB/sec), 63.3 ms avg latency, 301.0 ms max latency.
281 records sent, 56.1 records/sec (5.48 MB/sec), 58.3 ms avg latency, 233.0 ms max latency.
305 records sent, 60.9 records/sec (5.95 MB/sec), 77.8 ms avg latency, 249.0 ms max latency.
296 records sent, 58.3 records/sec (5.70 MB/sec), 59.7 ms avg latency, 163.0 ms max latency.
313 records sent, 62.6 records/sec (6.11 MB/sec), 72.5 ms avg latency, 269.0 ms max latency.
286 records sent, 57.1 records/sec (5.57 MB/sec), 244.4 ms avg latency, 1004.0 ms max latency.
356 records sent, 71.1 records/sec (6.95 MB/sec), 184.2 ms avg latency, 1016.0 ms max latency.
332 records sent, 66.3 records/sec (6.48 MB/sec), 100.5 ms avg latency, 367.0 ms max latency.
325 records sent, 64.9 records/sec (6.33 MB/sec), 94.8 ms avg latency, 320.0 ms max latency.
299 records sent, 59.5 records/sec (5.81 MB/sec), 78.5 ms avg latency, 279.0 ms max latency.
312 records sent, 62.0 records/sec (6.05 MB/sec), 65.8 ms avg latency, 229.0 ms max latency.
322 records sent, 64.4 records/sec (6.29 MB/sec), 50.8 ms avg latency, 205.0 ms max latency.
309 records sent, 61.7 records/sec (6.03 MB/sec), 72.0 ms avg latency, 258.0 ms max latency.
322 records sent, 63.2 records/sec (6.17 MB/sec), 58.8 ms avg latency, 200.0 ms max latency.
323 records sent, 64.5 records/sec (6.30 MB/sec), 59.4 ms avg latency, 238.0 ms max latency.
8333 records sent, 46.135022 records/sec (4.51 MB/sec), 1704.48 ms avg latency, 19840.00 ms max latency, 74 ms 50th, 13692 ms 95th, 16111 ms 99th, 17250 ms 99.9th.
----- /var/lib/kafka-client/results/security-overhead-final-factorial-tls-b5-rf5-isr4-msg102400-tps10000-batch16384-acksall-prod12-complz4-trial1/producer-perf-9.log -----
producer_index=9
producer_count=12
producer_records=8333
producer_throughput=833
1 records sent, 0.1 records/sec (0.00 MB/sec), 19493.0 ms avg latency, 19493.0 ms max latency.
35 records sent, 6.3 records/sec (0.62 MB/sec), 7661.9 ms avg latency, 9430.0 ms max latency.
78 records sent, 15.4 records/sec (1.50 MB/sec), 10238.4 ms avg latency, 11563.0 ms max latency.
144 records sent, 27.1 records/sec (2.65 MB/sec), 12015.0 ms avg latency, 13362.0 ms max latency.
120 records sent, 24.0 records/sec (2.34 MB/sec), 13825.7 ms avg latency, 15282.0 ms max latency.
132 records sent, 25.0 records/sec (2.45 MB/sec), 13334.5 ms avg latency, 15550.0 ms max latency.
173 records sent, 34.5 records/sec (3.37 MB/sec), 12820.2 ms avg latency, 13872.0 ms max latency.
293 records sent, 57.9 records/sec (5.65 MB/sec), 8106.4 ms avg latency, 11556.0 ms max latency.
316 records sent, 62.7 records/sec (6.12 MB/sec), 3556.4 ms avg latency, 5876.0 ms max latency.
316 records sent, 62.1 records/sec (6.07 MB/sec), 798.0 ms avg latency, 2448.0 ms max latency.
265 records sent, 52.7 records/sec (5.15 MB/sec), 118.2 ms avg latency, 390.0 ms max latency.
226 records sent, 44.9 records/sec (4.39 MB/sec), 81.0 ms avg latency, 314.0 ms max latency.
232 records sent, 46.1 records/sec (4.50 MB/sec), 90.0 ms avg latency, 273.0 ms max latency.
264 records sent, 52.5 records/sec (5.12 MB/sec), 108.4 ms avg latency, 340.0 ms max latency.
299 records sent, 59.7 records/sec (5.83 MB/sec), 81.3 ms avg latency, 260.0 ms max latency.
290 records sent, 57.9 records/sec (5.66 MB/sec), 63.9 ms avg latency, 203.0 ms max latency.
284 records sent, 56.1 records/sec (5.48 MB/sec), 62.9 ms avg latency, 213.0 ms max latency.
301 records sent, 60.0 records/sec (5.86 MB/sec), 75.0 ms avg latency, 220.0 ms max latency.
306 records sent, 61.0 records/sec (5.96 MB/sec), 63.9 ms avg latency, 325.0 ms max latency.
288 records sent, 57.4 records/sec (5.61 MB/sec), 61.6 ms avg latency, 292.0 ms max latency.
294 records sent, 58.7 records/sec (5.73 MB/sec), 58.1 ms avg latency, 185.0 ms max latency.
314 records sent, 62.6 records/sec (6.11 MB/sec), 72.8 ms avg latency, 270.0 ms max latency.
298 records sent, 59.6 records/sec (5.82 MB/sec), 181.9 ms avg latency, 884.0 ms max latency.
325 records sent, 64.6 records/sec (6.31 MB/sec), 211.8 ms avg latency, 891.0 ms max latency.
311 records sent, 61.1 records/sec (5.97 MB/sec), 75.8 ms avg latency, 271.0 ms max latency.
304 records sent, 60.4 records/sec (5.90 MB/sec), 83.2 ms avg latency, 393.0 ms max latency.
292 records sent, 57.8 records/sec (5.64 MB/sec), 69.7 ms avg latency, 223.0 ms max latency.
322 records sent, 63.9 records/sec (6.24 MB/sec), 76.5 ms avg latency, 240.0 ms max latency.
296 records sent, 57.6 records/sec (5.63 MB/sec), 58.1 ms avg latency, 194.0 ms max latency.
288 records sent, 57.1 records/sec (5.58 MB/sec), 69.2 ms avg latency, 271.0 ms max latency.
317 records sent, 63.1 records/sec (6.17 MB/sec), 66.5 ms avg latency, 258.0 ms max latency.
304 records sent, 60.6 records/sec (5.92 MB/sec), 58.5 ms avg latency, 241.0 ms max latency.
8333 records sent, 46.124808 records/sec (4.50 MB/sec), 1532.57 ms avg latency, 19493.00 ms max latency, 73 ms 50th, 12384 ms 95th, 13872 ms 99th, 15211 ms 99.9th.
----- /var/lib/kafka-client/results/security-overhead-final-factorial-tls-b5-rf5-isr4-msg102400-tps10000-batch16384-acksall-prod12-complz4-trial1/producer-perf-10.log -----
producer_index=10
producer_count=12
producer_records=8333
producer_throughput=833
1 records sent, 0.1 records/sec (0.01 MB/sec), 4871.0 ms avg latency, 4871.0 ms max latency.
33 records sent, 6.2 records/sec (0.60 MB/sec), 7967.1 ms avg latency, 18855.0 ms max latency.
90 records sent, 17.6 records/sec (1.72 MB/sec), 10421.7 ms avg latency, 11359.0 ms max latency.
124 records sent, 23.8 records/sec (2.33 MB/sec), 11863.8 ms avg latency, 12749.0 ms max latency.
162 records sent, 31.4 records/sec (3.07 MB/sec), 13058.5 ms avg latency, 14024.0 ms max latency.
258 records sent, 51.4 records/sec (5.01 MB/sec), 9484.3 ms avg latency, 12949.0 ms max latency.
294 records sent, 58.4 records/sec (5.70 MB/sec), 5303.8 ms avg latency, 7222.0 ms max latency.
297 records sent, 58.7 records/sec (5.73 MB/sec), 2943.8 ms avg latency, 4773.0 ms max latency.
270 records sent, 53.5 records/sec (5.22 MB/sec), 440.5 ms avg latency, 1728.0 ms max latency.
247 records sent, 48.5 records/sec (4.74 MB/sec), 150.6 ms avg latency, 464.0 ms max latency.
244 records sent, 48.5 records/sec (4.73 MB/sec), 84.4 ms avg latency, 274.0 ms max latency.
232 records sent, 45.7 records/sec (4.47 MB/sec), 86.8 ms avg latency, 308.0 ms max latency.
289 records sent, 57.7 records/sec (5.64 MB/sec), 118.8 ms avg latency, 358.0 ms max latency.
250 records sent, 49.8 records/sec (4.86 MB/sec), 115.2 ms avg latency, 350.0 ms max latency.
261 records sent, 51.8 records/sec (5.06 MB/sec), 93.4 ms avg latency, 295.0 ms max latency.
304 records sent, 60.8 records/sec (5.94 MB/sec), 62.0 ms avg latency, 207.0 ms max latency.
297 records sent, 59.3 records/sec (5.79 MB/sec), 70.0 ms avg latency, 314.0 ms max latency.
273 records sent, 54.4 records/sec (5.31 MB/sec), 63.1 ms avg latency, 206.0 ms max latency.
314 records sent, 62.4 records/sec (6.10 MB/sec), 74.4 ms avg latency, 290.0 ms max latency.
298 records sent, 59.3 records/sec (5.79 MB/sec), 69.1 ms avg latency, 254.0 ms max latency.
286 records sent, 56.7 records/sec (5.53 MB/sec), 57.9 ms avg latency, 195.0 ms max latency.
315 records sent, 63.0 records/sec (6.15 MB/sec), 68.7 ms avg latency, 392.0 ms max latency.
272 records sent, 54.2 records/sec (5.29 MB/sec), 79.6 ms avg latency, 392.0 ms max latency.
308 records sent, 60.7 records/sec (5.93 MB/sec), 244.9 ms avg latency, 832.0 ms max latency.
315 records sent, 62.8 records/sec (6.13 MB/sec), 73.6 ms avg latency, 311.0 ms max latency.
288 records sent, 57.5 records/sec (5.62 MB/sec), 57.9 ms avg latency, 237.0 ms max latency.
311 records sent, 61.9 records/sec (6.04 MB/sec), 77.2 ms avg latency, 334.0 ms max latency.
315 records sent, 63.0 records/sec (6.15 MB/sec), 94.8 ms avg latency, 337.0 ms max latency.
313 records sent, 62.0 records/sec (6.06 MB/sec), 71.7 ms avg latency, 303.0 ms max latency.
325 records sent, 65.0 records/sec (6.35 MB/sec), 57.3 ms avg latency, 286.0 ms max latency.
299 records sent, 59.7 records/sec (5.83 MB/sec), 65.2 ms avg latency, 214.0 ms max latency.
317 records sent, 63.2 records/sec (6.18 MB/sec), 71.5 ms avg latency, 303.0 ms max latency.
8333 records sent, 46.782280 records/sec (4.57 MB/sec), 1245.19 ms avg latency, 18855.00 ms max latency, 77 ms 50th, 10331 ms 95th, 13095 ms 99th, 13848 ms 99.9th.
----- /var/lib/kafka-client/results/security-overhead-final-factorial-tls-b5-rf5-isr4-msg102400-tps10000-batch16384-acksall-prod12-complz4-trial1/producer-perf-11.log -----
producer_index=11
producer_count=12
producer_records=8333
producer_throughput=833
1 records sent, 0.1 records/sec (0.01 MB/sec), 5495.0 ms avg latency, 5495.0 ms max latency.
35 records sent, 6.5 records/sec (0.63 MB/sec), 8569.9 ms avg latency, 19456.0 ms max latency.
90 records sent, 17.6 records/sec (1.72 MB/sec), 11050.9 ms avg latency, 12276.0 ms max latency.
156 records sent, 30.0 records/sec (2.93 MB/sec), 11708.0 ms avg latency, 12934.0 ms max latency.
132 records sent, 25.6 records/sec (2.50 MB/sec), 12912.1 ms avg latency, 14258.0 ms max latency.
132 records sent, 25.4 records/sec (2.48 MB/sec), 12425.5 ms avg latency, 13414.0 ms max latency.
191 records sent, 37.3 records/sec (3.64 MB/sec), 12129.0 ms avg latency, 13390.0 ms max latency.
276 records sent, 54.8 records/sec (5.36 MB/sec), 7891.3 ms avg latency, 10824.0 ms max latency.
374 records sent, 73.2 records/sec (7.15 MB/sec), 3544.2 ms avg latency, 5766.0 ms max latency.
309 records sent, 61.5 records/sec (6.00 MB/sec), 488.8 ms avg latency, 1927.0 ms max latency.
263 records sent, 52.4 records/sec (5.11 MB/sec), 118.0 ms avg latency, 335.0 ms max latency.
255 records sent, 51.0 records/sec (4.98 MB/sec), 88.6 ms avg latency, 352.0 ms max latency.
267 records sent, 52.1 records/sec (5.09 MB/sec), 120.4 ms avg latency, 469.0 ms max latency.
261 records sent, 51.7 records/sec (5.05 MB/sec), 93.8 ms avg latency, 294.0 ms max latency.
277 records sent, 55.1 records/sec (5.38 MB/sec), 90.8 ms avg latency, 299.0 ms max latency.
296 records sent, 58.6 records/sec (5.73 MB/sec), 92.9 ms avg latency, 360.0 ms max latency.
284 records sent, 56.7 records/sec (5.54 MB/sec), 68.2 ms avg latency, 214.0 ms max latency.
282 records sent, 56.4 records/sec (5.51 MB/sec), 65.0 ms avg latency, 202.0 ms max latency.
297 records sent, 57.4 records/sec (5.61 MB/sec), 89.4 ms avg latency, 308.0 ms max latency.
302 records sent, 60.1 records/sec (5.87 MB/sec), 71.2 ms avg latency, 282.0 ms max latency.
296 records sent, 59.2 records/sec (5.78 MB/sec), 71.1 ms avg latency, 257.0 ms max latency.
308 records sent, 61.5 records/sec (6.00 MB/sec), 76.0 ms avg latency, 326.0 ms max latency.
285 records sent, 57.0 records/sec (5.57 MB/sec), 110.9 ms avg latency, 881.0 ms max latency.
333 records sent, 66.2 records/sec (6.46 MB/sec), 302.2 ms avg latency, 1127.0 ms max latency.
296 records sent, 59.0 records/sec (5.77 MB/sec), 54.6 ms avg latency, 174.0 ms max latency.
299 records sent, 59.5 records/sec (5.81 MB/sec), 57.8 ms avg latency, 293.0 ms max latency.
299 records sent, 59.4 records/sec (5.80 MB/sec), 62.8 ms avg latency, 209.0 ms max latency.
308 records sent, 61.6 records/sec (6.01 MB/sec), 69.1 ms avg latency, 231.0 ms max latency.
301 records sent, 60.0 records/sec (5.86 MB/sec), 62.2 ms avg latency, 248.0 ms max latency.
307 records sent, 61.3 records/sec (5.99 MB/sec), 68.1 ms avg latency, 309.0 ms max latency.
314 records sent, 62.5 records/sec (6.10 MB/sec), 86.3 ms avg latency, 353.0 ms max latency.
336 records sent, 67.2 records/sec (6.56 MB/sec), 51.5 ms avg latency, 242.0 ms max latency.
8333 records sent, 46.517730 records/sec (4.54 MB/sec), 1564.07 ms avg latency, 19456.00 ms max latency, 78 ms 50th, 11993 ms 95th, 12996 ms 99th, 13785 ms 99.9th.
----- /var/lib/kafka-client/results/security-overhead-final-factorial-tls-b5-rf5-isr4-msg102400-tps10000-batch16384-acksall-prod12-complz4-trial1/producer-perf-12.log -----
producer_index=12
producer_count=12
producer_records=8333
producer_throughput=833
1 records sent, 0.1 records/sec (0.01 MB/sec), 17820.0 ms avg latency, 17820.0 ms max latency.
29 records sent, 5.2 records/sec (0.50 MB/sec), 7449.3 ms avg latency, 8967.0 ms max latency.
72 records sent, 14.1 records/sec (1.37 MB/sec), 10416.2 ms avg latency, 11798.0 ms max latency.
162 records sent, 31.4 records/sec (3.06 MB/sec), 11321.2 ms avg latency, 12321.0 ms max latency.
132 records sent, 25.8 records/sec (2.52 MB/sec), 12551.6 ms avg latency, 14184.0 ms max latency.
126 records sent, 24.2 records/sec (2.37 MB/sec), 12174.2 ms avg latency, 13076.0 ms max latency.
156 records sent, 30.8 records/sec (3.01 MB/sec), 12693.6 ms avg latency, 13351.0 ms max latency.
285 records sent, 55.9 records/sec (5.46 MB/sec), 8881.6 ms avg latency, 12439.0 ms max latency.
306 records sent, 60.4 records/sec (5.90 MB/sec), 4507.9 ms avg latency, 6641.0 ms max latency.
335 records sent, 65.9 records/sec (6.44 MB/sec), 1426.7 ms avg latency, 3408.0 ms max latency.
258 records sent, 51.3 records/sec (5.01 MB/sec), 133.5 ms avg latency, 373.0 ms max latency.
281 records sent, 56.0 records/sec (5.47 MB/sec), 107.0 ms avg latency, 407.0 ms max latency.
250 records sent, 49.4 records/sec (4.83 MB/sec), 102.1 ms avg latency, 287.0 ms max latency.
239 records sent, 47.7 records/sec (4.66 MB/sec), 95.5 ms avg latency, 398.0 ms max latency.
263 records sent, 52.6 records/sec (5.14 MB/sec), 100.9 ms avg latency, 367.0 ms max latency.
304 records sent, 60.6 records/sec (5.92 MB/sec), 82.8 ms avg latency, 263.0 ms max latency.
285 records sent, 57.0 records/sec (5.56 MB/sec), 72.9 ms avg latency, 258.0 ms max latency.
303 records sent, 60.4 records/sec (5.90 MB/sec), 94.5 ms avg latency, 276.0 ms max latency.
307 records sent, 60.5 records/sec (5.91 MB/sec), 106.2 ms avg latency, 433.0 ms max latency.
313 records sent, 61.2 records/sec (5.98 MB/sec), 68.4 ms avg latency, 204.0 ms max latency.
306 records sent, 61.0 records/sec (5.96 MB/sec), 66.8 ms avg latency, 199.0 ms max latency.
308 records sent, 61.2 records/sec (5.98 MB/sec), 77.1 ms avg latency, 224.0 ms max latency.
305 records sent, 60.9 records/sec (5.95 MB/sec), 99.2 ms avg latency, 536.0 ms max latency.
322 records sent, 64.0 records/sec (6.25 MB/sec), 306.9 ms avg latency, 1108.0 ms max latency.
299 records sent, 59.3 records/sec (5.79 MB/sec), 83.0 ms avg latency, 270.0 ms max latency.
299 records sent, 59.5 records/sec (5.81 MB/sec), 73.6 ms avg latency, 362.0 ms max latency.
290 records sent, 57.5 records/sec (5.61 MB/sec), 53.4 ms avg latency, 223.0 ms max latency.
329 records sent, 65.6 records/sec (6.41 MB/sec), 67.6 ms avg latency, 224.0 ms max latency.
309 records sent, 61.7 records/sec (6.02 MB/sec), 58.5 ms avg latency, 184.0 ms max latency.
326 records sent, 64.7 records/sec (6.32 MB/sec), 61.9 ms avg latency, 212.0 ms max latency.
314 records sent, 61.8 records/sec (6.03 MB/sec), 64.3 ms avg latency, 185.0 ms max latency.
335 records sent, 66.9 records/sec (6.54 MB/sec), 63.6 ms avg latency, 201.0 ms max latency.
8333 records sent, 46.567121 records/sec (4.55 MB/sec), 1559.45 ms avg latency, 17820.00 ms max latency, 84 ms 50th, 11803 ms 95th, 12854 ms 99th, 13669 ms 99.9th.
