run_id=security-overhead-final-factorial-mtls-b5-rf3-isr3-msg10240-tps10000-batch131072-acks1-prod6-complz4-trial1
producer_count=6
----- /var/lib/kafka-client/results/security-overhead-final-factorial-mtls-b5-rf3-isr3-msg10240-tps10000-batch131072-acks1-prod6-complz4-trial1/producer-perf-1.log -----
producer_index=1
producer_count=6
producer_records=16667
producer_throughput=1667
1 records sent, 0.1 records/sec (0.00 MB/sec), 7801.0 ms avg latency, 7801.0 ms max latency.
983 records sent, 192.0 records/sec (1.88 MB/sec), 3330.3 ms avg latency, 4741.0 ms max latency.
3185 records sent, 636.0 records/sec (6.21 MB/sec), 5219.0 ms avg latency, 6367.0 ms max latency.
8266 records sent, 1651.9 records/sec (16.13 MB/sec), 1453.7 ms avg latency, 4843.0 ms max latency.
16667 records sent, 617.982944 records/sec (6.03 MB/sec), 1924.78 ms avg latency, 7801.00 ms max latency, 1167 ms 50th, 5627 ms 95th, 6144 ms 99th, 6345 ms 99.9th.
----- /var/lib/kafka-client/results/security-overhead-final-factorial-mtls-b5-rf3-isr3-msg10240-tps10000-batch131072-acks1-prod6-complz4-trial1/producer-perf-2.log -----
producer_index=2
producer_count=6
producer_records=16667
producer_throughput=1667
1 records sent, 0.1 records/sec (0.00 MB/sec), 7648.0 ms avg latency, 7648.0 ms max latency.
838 records sent, 164.2 records/sec (1.60 MB/sec), 3484.2 ms avg latency, 4701.0 ms max latency.
2757 records sent, 542.6 records/sec (5.30 MB/sec), 5222.1 ms avg latency, 6225.0 ms max latency.
3153 records sent, 624.5 records/sec (6.10 MB/sec), 4684.4 ms avg latency, 5879.0 ms max latency.
4426 records sent, 885.0 records/sec (8.64 MB/sec), 4160.1 ms avg latency, 5229.0 ms max latency.
16667 records sent, 580.064734 records/sec (5.66 MB/sec), 3327.05 ms avg latency, 7648.00 ms max latency, 4194 ms 50th, 5515 ms 95th, 5872 ms 99th, 6184 ms 99.9th.
----- /var/lib/kafka-client/results/security-overhead-final-factorial-mtls-b5-rf3-isr3-msg10240-tps10000-batch131072-acks1-prod6-complz4-trial1/producer-perf-3.log -----
producer_index=3
producer_count=6
producer_records=16667
producer_throughput=1667
1 records sent, 0.1 records/sec (0.00 MB/sec), 7511.0 ms avg latency, 7511.0 ms max latency.
716 records sent, 141.1 records/sec (1.38 MB/sec), 3896.6 ms avg latency, 5043.0 ms max latency.
2807 records sent, 558.5 records/sec (5.45 MB/sec), 5650.5 ms avg latency, 6465.0 ms max latency.
3599 records sent, 718.5 records/sec (7.02 MB/sec), 4582.9 ms avg latency, 5758.0 ms max latency.
8685 records sent, 1737.0 records/sec (16.96 MB/sec), 1185.4 ms avg latency, 4210.0 ms max latency.
16667 records sent, 590.400283 records/sec (5.77 MB/sec), 2727.50 ms avg latency, 7511.00 ms max latency, 2908 ms 50th, 5945 ms 95th, 6330 ms 99th, 6443 ms 99.9th.
----- /var/lib/kafka-client/results/security-overhead-final-factorial-mtls-b5-rf3-isr3-msg10240-tps10000-batch131072-acks1-prod6-complz4-trial1/producer-perf-4.log -----
producer_index=4
producer_count=6
producer_records=16667
producer_throughput=1667
1 records sent, 0.1 records/sec (0.00 MB/sec), 7061.0 ms avg latency, 7061.0 ms max latency.
796 records sent, 158.9 records/sec (1.55 MB/sec), 3795.6 ms avg latency, 5466.0 ms max latency.
3203 records sent, 636.9 records/sec (6.22 MB/sec), 5075.0 ms avg latency, 6202.0 ms max latency.
6643 records sent, 1326.2 records/sec (12.95 MB/sec), 2605.1 ms avg latency, 5039.0 ms max latency.
16667 records sent, 629.418429 records/sec (6.15 MB/sec), 2286.52 ms avg latency, 7061.00 ms max latency, 1698 ms 50th, 5353 ms 95th, 5674 ms 99th, 6147 ms 99.9th.
----- /var/lib/kafka-client/results/security-overhead-final-factorial-mtls-b5-rf3-isr3-msg10240-tps10000-batch131072-acks1-prod6-complz4-trial1/producer-perf-5.log -----
producer_index=5
producer_count=6
producer_records=16666
producer_throughput=1666
1 records sent, 0.1 records/sec (0.00 MB/sec), 8022.0 ms avg latency, 8022.0 ms max latency.
1102 records sent, 216.4 records/sec (2.11 MB/sec), 3460.9 ms avg latency, 4516.0 ms max latency.
2902 records sent, 572.0 records/sec (5.59 MB/sec), 5027.1 ms avg latency, 6674.0 ms max latency.
3146 records sent, 623.7 records/sec (6.09 MB/sec), 4666.8 ms avg latency, 5390.0 ms max latency.
16666 records sent, 595.278066 records/sec (5.81 MB/sec), 2840.02 ms avg latency, 8022.00 ms max latency, 3533 ms 50th, 5331 ms 95th, 5836 ms 99th, 6570 ms 99.9th.
----- /var/lib/kafka-client/results/security-overhead-final-factorial-mtls-b5-rf3-isr3-msg10240-tps10000-batch131072-acks1-prod6-complz4-trial1/producer-perf-6.log -----
producer_index=6
producer_count=6
producer_records=16666
producer_throughput=1666
1 records sent, 0.1 records/sec (0.00 MB/sec), 8556.0 ms avg latency, 8556.0 ms max latency.
1525 records sent, 302.8 records/sec (2.96 MB/sec), 4619.9 ms avg latency, 5520.0 ms max latency.
7300 records sent, 1438.4 records/sec (14.05 MB/sec), 2555.5 ms avg latency, 5491.0 ms max latency.
6639 records sent, 1326.2 records/sec (12.95 MB/sec), 332.1 ms avg latency, 1567.0 ms max latency.
16666 records sent, 663.719634 records/sec (6.48 MB/sec), 1676.64 ms avg latency, 8556.00 ms max latency, 1391 ms 50th, 4879 ms 95th, 5261 ms 99th, 5491 ms 99.9th.
