run_id=security-overhead-final-factorial-plaintext-b3-rf3-isr3-msg10240-tps10000-batch131072-acksall-prod12-compnone-trial2
producer_count=12
----- /var/lib/kafka-client/results/security-overhead-final-factorial-plaintext-b3-rf3-isr3-msg10240-tps10000-batch131072-acksall-prod12-compnone-trial2/producer-perf-1.log -----
producer_index=1
producer_count=12
producer_records=8334
producer_throughput=834
1 records sent, 0.1 records/sec (0.00 MB/sec), 6839.0 ms avg latency, 6839.0 ms max latency.
2579 records sent, 515.8 records/sec (5.04 MB/sec), 266.1 ms avg latency, 1207.0 ms max latency.
3499 records sent, 699.4 records/sec (6.83 MB/sec), 143.2 ms avg latency, 432.0 ms max latency.
8334 records sent, 400.885083 records/sec (3.91 MB/sec), 169.37 ms avg latency, 6839.00 ms max latency, 135 ms 50th, 346 ms 95th, 888 ms 99th, 1097 ms 99.9th.
----- /var/lib/kafka-client/results/security-overhead-final-factorial-plaintext-b3-rf3-isr3-msg10240-tps10000-batch131072-acksall-prod12-compnone-trial2/producer-perf-2.log -----
producer_index=2
producer_count=12
producer_records=8334
producer_throughput=834
1 records sent, 0.1 records/sec (0.00 MB/sec), 7108.0 ms avg latency, 7108.0 ms max latency.
2641 records sent, 525.6 records/sec (5.13 MB/sec), 286.7 ms avg latency, 833.0 ms max latency.
3219 records sent, 640.9 records/sec (6.26 MB/sec), 156.7 ms avg latency, 470.0 ms max latency.
8334 records sent, 388.676429 records/sec (3.80 MB/sec), 180.74 ms avg latency, 7108.00 ms max latency, 143 ms 50th, 413 ms 95th, 658 ms 99th, 824 ms 99.9th.
----- /var/lib/kafka-client/results/security-overhead-final-factorial-plaintext-b3-rf3-isr3-msg10240-tps10000-batch131072-acksall-prod12-compnone-trial2/producer-perf-3.log -----
producer_index=3
producer_count=12
producer_records=8334
producer_throughput=834
1 records sent, 0.1 records/sec (0.00 MB/sec), 7033.0 ms avg latency, 7033.0 ms max latency.
2476 records sent, 491.4 records/sec (4.80 MB/sec), 267.9 ms avg latency, 1007.0 ms max latency.
3221 records sent, 642.3 records/sec (6.27 MB/sec), 156.9 ms avg latency, 396.0 ms max latency.
8334 records sent, 396.083836 records/sec (3.87 MB/sec), 175.99 ms avg latency, 7033.00 ms max latency, 151 ms 50th, 349 ms 95th, 745 ms 99th, 890 ms 99.9th.
----- /var/lib/kafka-client/results/security-overhead-final-factorial-plaintext-b3-rf3-isr3-msg10240-tps10000-batch131072-acksall-prod12-compnone-trial2/producer-perf-4.log -----
producer_index=4
producer_count=12
producer_records=8334
producer_throughput=834
1 records sent, 0.1 records/sec (0.00 MB/sec), 7013.0 ms avg latency, 7013.0 ms max latency.
2993 records sent, 591.2 records/sec (5.77 MB/sec), 297.7 ms avg latency, 919.0 ms max latency.
3406 records sent, 676.3 records/sec (6.60 MB/sec), 150.9 ms avg latency, 366.0 ms max latency.
8334 records sent, 402.103638 records/sec (3.93 MB/sec), 194.64 ms avg latency, 7013.00 ms max latency, 159 ms 50th, 431 ms 95th, 671 ms 99th, 897 ms 99.9th.
----- /var/lib/kafka-client/results/security-overhead-final-factorial-plaintext-b3-rf3-isr3-msg10240-tps10000-batch131072-acksall-prod12-compnone-trial2/producer-perf-5.log -----
producer_index=5
producer_count=12
producer_records=8333
producer_throughput=833
1 records sent, 0.1 records/sec (0.00 MB/sec), 7034.0 ms avg latency, 7034.0 ms max latency.
2790 records sent, 554.6 records/sec (5.42 MB/sec), 366.0 ms avg latency, 1268.0 ms max latency.
3314 records sent, 659.1 records/sec (6.44 MB/sec), 137.7 ms avg latency, 429.0 ms max latency.
8333 records sent, 398.250812 records/sec (3.89 MB/sec), 203.14 ms avg latency, 7034.00 ms max latency, 144 ms 50th, 489 ms 95th, 1040 ms 99th, 1267 ms 99.9th.
----- /var/lib/kafka-client/results/security-overhead-final-factorial-plaintext-b3-rf3-isr3-msg10240-tps10000-batch131072-acksall-prod12-compnone-trial2/producer-perf-6.log -----
producer_index=6
producer_count=12
producer_records=8333
producer_throughput=833
1 records sent, 0.1 records/sec (0.00 MB/sec), 7191.0 ms avg latency, 7191.0 ms max latency.
2706 records sent, 538.7 records/sec (5.26 MB/sec), 264.5 ms avg latency, 1047.0 ms max latency.
3208 records sent, 638.7 records/sec (6.24 MB/sec), 139.0 ms avg latency, 329.0 ms max latency.
8333 records sent, 394.854056 records/sec (3.86 MB/sec), 166.58 ms avg latency, 7191.00 ms max latency, 140 ms 50th, 344 ms 95th, 682 ms 99th, 959 ms 99.9th.
----- /var/lib/kafka-client/results/security-overhead-final-factorial-plaintext-b3-rf3-isr3-msg10240-tps10000-batch131072-acksall-prod12-compnone-trial2/producer-perf-7.log -----
producer_index=7
producer_count=12
producer_records=8333
producer_throughput=833
1 records sent, 0.1 records/sec (0.00 MB/sec), 7498.0 ms avg latency, 7498.0 ms max latency.
2956 records sent, 586.7 records/sec (5.73 MB/sec), 368.4 ms avg latency, 1366.0 ms max latency.
3350 records sent, 669.5 records/sec (6.54 MB/sec), 131.1 ms avg latency, 412.0 ms max latency.
8333 records sent, 393.084579 records/sec (3.84 MB/sec), 208.26 ms avg latency, 7498.00 ms max latency, 140 ms 50th, 504 ms 95th, 1147 ms 99th, 1336 ms 99.9th.
----- /var/lib/kafka-client/results/security-overhead-final-factorial-plaintext-b3-rf3-isr3-msg10240-tps10000-batch131072-acksall-prod12-compnone-trial2/producer-perf-8.log -----
producer_index=8
producer_count=12
producer_records=8333
producer_throughput=833
1 records sent, 0.1 records/sec (0.00 MB/sec), 7386.0 ms avg latency, 7386.0 ms max latency.
2943 records sent, 584.9 records/sec (5.71 MB/sec), 389.9 ms avg latency, 1316.0 ms max latency.
3218 records sent, 638.7 records/sec (6.24 MB/sec), 126.2 ms avg latency, 313.0 ms max latency.
8333 records sent, 389.866193 records/sec (3.81 MB/sec), 218.50 ms avg latency, 7386.00 ms max latency, 144 ms 50th, 651 ms 95th, 949 ms 99th, 1315 ms 99.9th.
----- /var/lib/kafka-client/results/security-overhead-final-factorial-plaintext-b3-rf3-isr3-msg10240-tps10000-batch131072-acksall-prod12-compnone-trial2/producer-perf-9.log -----
producer_index=9
producer_count=12
producer_records=8333
producer_throughput=833
1 records sent, 0.1 records/sec (0.00 MB/sec), 7079.0 ms avg latency, 7079.0 ms max latency.
2700 records sent, 538.3 records/sec (5.26 MB/sec), 464.7 ms avg latency, 1134.0 ms max latency.
3120 records sent, 622.3 records/sec (6.08 MB/sec), 146.7 ms avg latency, 300.0 ms max latency.
8333 records sent, 392.621560 records/sec (3.83 MB/sec), 236.00 ms avg latency, 7079.00 ms max latency, 157 ms 50th, 731 ms 95th, 1014 ms 99th, 1124 ms 99.9th.
----- /var/lib/kafka-client/results/security-overhead-final-factorial-plaintext-b3-rf3-isr3-msg10240-tps10000-batch131072-acksall-prod12-compnone-trial2/producer-perf-10.log -----
producer_index=10
producer_count=12
producer_records=8333
producer_throughput=833
1 records sent, 0.1 records/sec (0.00 MB/sec), 7315.0 ms avg latency, 7315.0 ms max latency.
2813 records sent, 560.1 records/sec (5.47 MB/sec), 350.7 ms avg latency, 1136.0 ms max latency.
3343 records sent, 666.7 records/sec (6.51 MB/sec), 141.1 ms avg latency, 324.0 ms max latency.
8333 records sent, 393.716041 records/sec (3.84 MB/sec), 202.62 ms avg latency, 7315.00 ms max latency, 152 ms 50th, 502 ms 95th, 660 ms 99th, 1082 ms 99.9th.
----- /var/lib/kafka-client/results/security-overhead-final-factorial-plaintext-b3-rf3-isr3-msg10240-tps10000-batch131072-acksall-prod12-compnone-trial2/producer-perf-11.log -----
producer_index=11
producer_count=12
producer_records=8333
producer_throughput=833
1 records sent, 0.1 records/sec (0.00 MB/sec), 7531.0 ms avg latency, 7531.0 ms max latency.
2659 records sent, 530.1 records/sec (5.18 MB/sec), 332.3 ms avg latency, 879.0 ms max latency.
3173 records sent, 629.9 records/sec (6.15 MB/sec), 156.6 ms avg latency, 465.0 ms max latency.
8333 records sent, 392.030486 records/sec (3.83 MB/sec), 202.54 ms avg latency, 7531.00 ms max latency, 165 ms 50th, 467 ms 95th, 753 ms 99th, 854 ms 99.9th.
----- /var/lib/kafka-client/results/security-overhead-final-factorial-plaintext-b3-rf3-isr3-msg10240-tps10000-batch131072-acksall-prod12-compnone-trial2/producer-perf-12.log -----
producer_index=12
producer_count=12
producer_records=8333
producer_throughput=833
1 records sent, 0.1 records/sec (0.00 MB/sec), 6960.0 ms avg latency, 6960.0 ms max latency.
2999 records sent, 599.8 records/sec (5.86 MB/sec), 297.3 ms avg latency, 892.0 ms max latency.
3472 records sent, 693.6 records/sec (6.77 MB/sec), 131.4 ms avg latency, 394.0 ms max latency.
8333 records sent, 405.459323 records/sec (3.96 MB/sec), 184.22 ms avg latency, 6960.00 ms max latency, 146 ms 50th, 453 ms 95th, 637 ms 99th, 801 ms 99.9th.
