run_id=plaintext-requested-full-factorial-b5-rf3-isr3-msg1024-tps1000-batch16384-acksall-prod6-complz4-trial3
producer_count=6
----- /var/lib/kafka-client/results/plaintext-requested-full-factorial-b5-rf3-isr3-msg1024-tps1000-batch16384-acksall-prod6-complz4-trial3/producer-perf-1.log -----
producer_index=1
producer_count=6
producer_records=16667
producer_throughput=167
836 records sent, 166.9 records/sec (0.16 MB/sec), 242.0 ms avg latency, 3486.0 ms max latency.
839 records sent, 167.7 records/sec (0.16 MB/sec), 8.4 ms avg latency, 36.0 ms max latency.
836 records sent, 166.9 records/sec (0.16 MB/sec), 7.5 ms avg latency, 22.0 ms max latency.
836 records sent, 167.2 records/sec (0.16 MB/sec), 7.5 ms avg latency, 13.0 ms max latency.
836 records sent, 167.1 records/sec (0.16 MB/sec), 7.4 ms avg latency, 16.0 ms max latency.
837 records sent, 167.0 records/sec (0.16 MB/sec), 7.3 ms avg latency, 18.0 ms max latency.
836 records sent, 167.0 records/sec (0.16 MB/sec), 6.8 ms avg latency, 16.0 ms max latency.
836 records sent, 167.2 records/sec (0.16 MB/sec), 6.5 ms avg latency, 22.0 ms max latency.
835 records sent, 167.0 records/sec (0.16 MB/sec), 6.7 ms avg latency, 10.0 ms max latency.
836 records sent, 167.1 records/sec (0.16 MB/sec), 6.6 ms avg latency, 11.0 ms max latency.
836 records sent, 167.0 records/sec (0.16 MB/sec), 6.6 ms avg latency, 16.0 ms max latency.
835 records sent, 167.0 records/sec (0.16 MB/sec), 6.6 ms avg latency, 11.0 ms max latency.
836 records sent, 167.2 records/sec (0.16 MB/sec), 6.3 ms avg latency, 9.0 ms max latency.
836 records sent, 167.1 records/sec (0.16 MB/sec), 6.4 ms avg latency, 15.0 ms max latency.
836 records sent, 167.0 records/sec (0.16 MB/sec), 6.4 ms avg latency, 10.0 ms max latency.
835 records sent, 167.0 records/sec (0.16 MB/sec), 6.3 ms avg latency, 11.0 ms max latency.
836 records sent, 167.0 records/sec (0.16 MB/sec), 6.4 ms avg latency, 8.0 ms max latency.
836 records sent, 167.1 records/sec (0.16 MB/sec), 6.4 ms avg latency, 8.0 ms max latency.
835 records sent, 167.0 records/sec (0.16 MB/sec), 6.4 ms avg latency, 26.0 ms max latency.
16667 records sent, 166.962184 records/sec (0.16 MB/sec), 18.59 ms avg latency, 3486.00 ms max latency, 7 ms 50th, 13 ms 95th, 401 ms 99th, 545 ms 99.9th.
----- /var/lib/kafka-client/results/plaintext-requested-full-factorial-b5-rf3-isr3-msg1024-tps1000-batch16384-acksall-prod6-complz4-trial3/producer-perf-2.log -----
producer_index=2
producer_count=6
producer_records=16667
producer_throughput=167
834 records sent, 166.7 records/sec (0.16 MB/sec), 344.8 ms avg latency, 3747.0 ms max latency.
839 records sent, 167.5 records/sec (0.16 MB/sec), 8.5 ms avg latency, 27.0 ms max latency.
836 records sent, 167.2 records/sec (0.16 MB/sec), 7.3 ms avg latency, 17.0 ms max latency.
835 records sent, 167.0 records/sec (0.16 MB/sec), 7.4 ms avg latency, 15.0 ms max latency.
836 records sent, 166.9 records/sec (0.16 MB/sec), 7.3 ms avg latency, 16.0 ms max latency.
836 records sent, 167.0 records/sec (0.16 MB/sec), 7.4 ms avg latency, 14.0 ms max latency.
836 records sent, 167.1 records/sec (0.16 MB/sec), 6.8 ms avg latency, 12.0 ms max latency.
836 records sent, 167.1 records/sec (0.16 MB/sec), 6.5 ms avg latency, 22.0 ms max latency.
836 records sent, 167.0 records/sec (0.16 MB/sec), 6.8 ms avg latency, 27.0 ms max latency.
836 records sent, 167.1 records/sec (0.16 MB/sec), 6.6 ms avg latency, 11.0 ms max latency.
836 records sent, 167.1 records/sec (0.16 MB/sec), 6.5 ms avg latency, 16.0 ms max latency.
835 records sent, 167.0 records/sec (0.16 MB/sec), 6.6 ms avg latency, 11.0 ms max latency.
835 records sent, 166.9 records/sec (0.16 MB/sec), 6.4 ms avg latency, 9.0 ms max latency.
836 records sent, 167.0 records/sec (0.16 MB/sec), 6.4 ms avg latency, 17.0 ms max latency.
836 records sent, 167.1 records/sec (0.16 MB/sec), 6.4 ms avg latency, 9.0 ms max latency.
836 records sent, 167.0 records/sec (0.16 MB/sec), 6.3 ms avg latency, 16.0 ms max latency.
836 records sent, 167.2 records/sec (0.16 MB/sec), 6.4 ms avg latency, 8.0 ms max latency.
835 records sent, 166.8 records/sec (0.16 MB/sec), 6.4 ms avg latency, 8.0 ms max latency.
836 records sent, 167.0 records/sec (0.16 MB/sec), 6.5 ms avg latency, 27.0 ms max latency.
16667 records sent, 166.952149 records/sec (0.16 MB/sec), 23.69 ms avg latency, 3747.00 ms max latency, 7 ms 50th, 14 ms 95th, 509 ms 99th, 598 ms 99.9th.
----- /var/lib/kafka-client/results/plaintext-requested-full-factorial-b5-rf3-isr3-msg1024-tps1000-batch16384-acksall-prod6-complz4-trial3/producer-perf-3.log -----
producer_index=3
producer_count=6
producer_records=16667
producer_throughput=167
835 records sent, 166.5 records/sec (0.16 MB/sec), 342.0 ms avg latency, 3664.0 ms max latency.
839 records sent, 167.7 records/sec (0.16 MB/sec), 8.7 ms avg latency, 29.0 ms max latency.
835 records sent, 166.9 records/sec (0.16 MB/sec), 7.3 ms avg latency, 14.0 ms max latency.
837 records sent, 167.2 records/sec (0.16 MB/sec), 7.5 ms avg latency, 12.0 ms max latency.
837 records sent, 167.2 records/sec (0.16 MB/sec), 7.3 ms avg latency, 26.0 ms max latency.
836 records sent, 167.0 records/sec (0.16 MB/sec), 7.2 ms avg latency, 13.0 ms max latency.
837 records sent, 167.3 records/sec (0.16 MB/sec), 6.8 ms avg latency, 14.0 ms max latency.
836 records sent, 167.0 records/sec (0.16 MB/sec), 6.6 ms avg latency, 30.0 ms max latency.
835 records sent, 167.0 records/sec (0.16 MB/sec), 6.8 ms avg latency, 21.0 ms max latency.
836 records sent, 167.2 records/sec (0.16 MB/sec), 6.6 ms avg latency, 17.0 ms max latency.
836 records sent, 167.0 records/sec (0.16 MB/sec), 6.6 ms avg latency, 17.0 ms max latency.
836 records sent, 167.1 records/sec (0.16 MB/sec), 6.6 ms avg latency, 14.0 ms max latency.
836 records sent, 167.2 records/sec (0.16 MB/sec), 6.3 ms avg latency, 8.0 ms max latency.
835 records sent, 166.9 records/sec (0.16 MB/sec), 6.3 ms avg latency, 13.0 ms max latency.
836 records sent, 167.1 records/sec (0.16 MB/sec), 6.4 ms avg latency, 8.0 ms max latency.
836 records sent, 167.0 records/sec (0.16 MB/sec), 6.3 ms avg latency, 16.0 ms max latency.
836 records sent, 167.2 records/sec (0.16 MB/sec), 6.4 ms avg latency, 8.0 ms max latency.
835 records sent, 166.9 records/sec (0.16 MB/sec), 6.4 ms avg latency, 8.0 ms max latency.
836 records sent, 167.2 records/sec (0.16 MB/sec), 6.4 ms avg latency, 17.0 ms max latency.
16667 records sent, 166.953821 records/sec (0.16 MB/sec), 23.56 ms avg latency, 3664.00 ms max latency, 7 ms 50th, 14 ms 95th, 512 ms 99th, 553 ms 99.9th.
----- /var/lib/kafka-client/results/plaintext-requested-full-factorial-b5-rf3-isr3-msg1024-tps1000-batch16384-acksall-prod6-complz4-trial3/producer-perf-4.log -----
producer_index=4
producer_count=6
producer_records=16667
producer_throughput=167
834 records sent, 166.8 records/sec (0.16 MB/sec), 270.3 ms avg latency, 3823.0 ms max latency.
838 records sent, 167.6 records/sec (0.16 MB/sec), 8.3 ms avg latency, 25.0 ms max latency.
836 records sent, 167.1 records/sec (0.16 MB/sec), 7.4 ms avg latency, 15.0 ms max latency.
836 records sent, 167.0 records/sec (0.16 MB/sec), 7.4 ms avg latency, 13.0 ms max latency.
836 records sent, 167.2 records/sec (0.16 MB/sec), 7.4 ms avg latency, 15.0 ms max latency.
836 records sent, 167.2 records/sec (0.16 MB/sec), 7.2 ms avg latency, 18.0 ms max latency.
837 records sent, 167.2 records/sec (0.16 MB/sec), 6.7 ms avg latency, 17.0 ms max latency.
836 records sent, 167.0 records/sec (0.16 MB/sec), 6.6 ms avg latency, 27.0 ms max latency.
836 records sent, 167.1 records/sec (0.16 MB/sec), 6.6 ms avg latency, 11.0 ms max latency.
835 records sent, 166.9 records/sec (0.16 MB/sec), 6.6 ms avg latency, 10.0 ms max latency.
836 records sent, 167.1 records/sec (0.16 MB/sec), 6.5 ms avg latency, 17.0 ms max latency.
836 records sent, 167.1 records/sec (0.16 MB/sec), 6.5 ms avg latency, 16.0 ms max latency.
836 records sent, 167.0 records/sec (0.16 MB/sec), 6.3 ms avg latency, 10.0 ms max latency.
835 records sent, 166.9 records/sec (0.16 MB/sec), 6.4 ms avg latency, 16.0 ms max latency.
836 records sent, 167.1 records/sec (0.16 MB/sec), 6.4 ms avg latency, 9.0 ms max latency.
836 records sent, 167.0 records/sec (0.16 MB/sec), 6.2 ms avg latency, 7.0 ms max latency.
836 records sent, 167.0 records/sec (0.16 MB/sec), 6.4 ms avg latency, 9.0 ms max latency.
836 records sent, 167.1 records/sec (0.16 MB/sec), 6.4 ms avg latency, 8.0 ms max latency.
836 records sent, 167.0 records/sec (0.16 MB/sec), 6.4 ms avg latency, 26.0 ms max latency.
16667 records sent, 166.960511 records/sec (0.16 MB/sec), 19.94 ms avg latency, 3823.00 ms max latency, 7 ms 50th, 13 ms 95th, 411 ms 99th, 512 ms 99.9th.
----- /var/lib/kafka-client/results/plaintext-requested-full-factorial-b5-rf3-isr3-msg1024-tps1000-batch16384-acksall-prod6-complz4-trial3/producer-perf-5.log -----
producer_index=5
producer_count=6
producer_records=16666
producer_throughput=166
831 records sent, 165.9 records/sec (0.16 MB/sec), 215.4 ms avg latency, 3403.0 ms max latency.
833 records sent, 166.4 records/sec (0.16 MB/sec), 8.8 ms avg latency, 27.0 ms max latency.
830 records sent, 166.0 records/sec (0.16 MB/sec), 7.7 ms avg latency, 13.0 ms max latency.
831 records sent, 166.1 records/sec (0.16 MB/sec), 7.9 ms avg latency, 19.0 ms max latency.
832 records sent, 166.1 records/sec (0.16 MB/sec), 7.9 ms avg latency, 13.0 ms max latency.
831 records sent, 166.1 records/sec (0.16 MB/sec), 7.6 ms avg latency, 14.0 ms max latency.
831 records sent, 166.1 records/sec (0.16 MB/sec), 6.8 ms avg latency, 11.0 ms max latency.
831 records sent, 166.1 records/sec (0.16 MB/sec), 6.6 ms avg latency, 24.0 ms max latency.
831 records sent, 166.0 records/sec (0.16 MB/sec), 6.8 ms avg latency, 11.0 ms max latency.
831 records sent, 166.0 records/sec (0.16 MB/sec), 6.6 ms avg latency, 15.0 ms max latency.
831 records sent, 166.1 records/sec (0.16 MB/sec), 6.6 ms avg latency, 11.0 ms max latency.
831 records sent, 166.1 records/sec (0.16 MB/sec), 6.6 ms avg latency, 14.0 ms max latency.
830 records sent, 166.0 records/sec (0.16 MB/sec), 6.4 ms avg latency, 8.0 ms max latency.
831 records sent, 166.1 records/sec (0.16 MB/sec), 6.4 ms avg latency, 14.0 ms max latency.
831 records sent, 166.0 records/sec (0.16 MB/sec), 6.4 ms avg latency, 9.0 ms max latency.
830 records sent, 165.9 records/sec (0.16 MB/sec), 6.3 ms avg latency, 8.0 ms max latency.
831 records sent, 166.1 records/sec (0.16 MB/sec), 6.4 ms avg latency, 8.0 ms max latency.
831 records sent, 166.0 records/sec (0.16 MB/sec), 6.4 ms avg latency, 10.0 ms max latency.
831 records sent, 166.0 records/sec (0.16 MB/sec), 6.4 ms avg latency, 8.0 ms max latency.
830 records sent, 166.0 records/sec (0.16 MB/sec), 6.4 ms avg latency, 15.0 ms max latency.
16666 records sent, 165.956345 records/sec (0.16 MB/sec), 17.30 ms avg latency, 3403.00 ms max latency, 7 ms 50th, 13 ms 95th, 344 ms 99th, 481 ms 99.9th.
----- /var/lib/kafka-client/results/plaintext-requested-full-factorial-b5-rf3-isr3-msg1024-tps1000-batch16384-acksall-prod6-complz4-trial3/producer-perf-6.log -----
producer_index=6
producer_count=6
producer_records=16666
producer_throughput=166
824 records sent, 164.5 records/sec (0.16 MB/sec), 136.6 ms avg latency, 2899.0 ms max latency.
834 records sent, 166.7 records/sec (0.16 MB/sec), 8.6 ms avg latency, 35.0 ms max latency.
830 records sent, 166.0 records/sec (0.16 MB/sec), 7.8 ms avg latency, 14.0 ms max latency.
832 records sent, 166.3 records/sec (0.16 MB/sec), 7.9 ms avg latency, 17.0 ms max latency.
830 records sent, 166.0 records/sec (0.16 MB/sec), 7.8 ms avg latency, 13.0 ms max latency.
831 records sent, 166.0 records/sec (0.16 MB/sec), 7.6 ms avg latency, 16.0 ms max latency.
831 records sent, 166.1 records/sec (0.16 MB/sec), 6.9 ms avg latency, 12.0 ms max latency.
830 records sent, 166.0 records/sec (0.16 MB/sec), 6.6 ms avg latency, 22.0 ms max latency.
831 records sent, 166.2 records/sec (0.16 MB/sec), 6.9 ms avg latency, 19.0 ms max latency.
830 records sent, 165.9 records/sec (0.16 MB/sec), 6.6 ms avg latency, 9.0 ms max latency.
832 records sent, 166.2 records/sec (0.16 MB/sec), 6.6 ms avg latency, 16.0 ms max latency.
830 records sent, 165.8 records/sec (0.16 MB/sec), 6.6 ms avg latency, 11.0 ms max latency.
831 records sent, 166.1 records/sec (0.16 MB/sec), 6.4 ms avg latency, 8.0 ms max latency.
831 records sent, 166.1 records/sec (0.16 MB/sec), 6.5 ms avg latency, 8.0 ms max latency.
831 records sent, 166.0 records/sec (0.16 MB/sec), 6.4 ms avg latency, 10.0 ms max latency.
830 records sent, 166.0 records/sec (0.16 MB/sec), 6.3 ms avg latency, 8.0 ms max latency.
831 records sent, 166.1 records/sec (0.16 MB/sec), 6.4 ms avg latency, 9.0 ms max latency.
831 records sent, 166.0 records/sec (0.16 MB/sec), 6.4 ms avg latency, 10.0 ms max latency.
831 records sent, 166.1 records/sec (0.16 MB/sec), 6.5 ms avg latency, 25.0 ms max latency.
830 records sent, 166.0 records/sec (0.16 MB/sec), 6.4 ms avg latency, 15.0 ms max latency.
16666 records sent, 165.900177 records/sec (0.16 MB/sec), 13.32 ms avg latency, 2899.00 ms max latency, 7 ms 50th, 12 ms 95th, 245 ms 99th, 292 ms 99.9th.
