run_id=security-overhead-final-factorial-mtls-b5-rf5-isr3-msg1024-tps10000-batch16384-acks1-prod12-compnone-trial2
producer_count=12
----- /var/lib/kafka-client/results/security-overhead-final-factorial-mtls-b5-rf5-isr3-msg1024-tps10000-batch16384-acks1-prod12-compnone-trial2/producer-perf-1.log -----
producer_index=1
producer_count=12
producer_records=8334
producer_throughput=834
1 records sent, 0.1 records/sec (0.00 MB/sec), 17511.0 ms avg latency, 17511.0 ms max latency.
3840 records sent, 758.6 records/sec (0.74 MB/sec), 6429.0 ms avg latency, 7788.0 ms max latency.
8334 records sent, 311.912871 records/sec (0.30 MB/sec), 7812.21 ms avg latency, 17511.00 ms max latency, 7823 ms 50th, 10042 ms 95th, 10146 ms 99th, 10173 ms 99.9th.
----- /var/lib/kafka-client/results/security-overhead-final-factorial-mtls-b5-rf5-isr3-msg1024-tps10000-batch16384-acks1-prod12-compnone-trial2/producer-perf-2.log -----
producer_index=2
producer_count=12
producer_records=8334
producer_throughput=834
1 records sent, 0.1 records/sec (0.00 MB/sec), 5795.0 ms avg latency, 5795.0 ms max latency.
3600 records sent, 718.7 records/sec (0.70 MB/sec), 6479.0 ms avg latency, 17946.0 ms max latency.
8334 records sent, 311.504822 records/sec (0.30 MB/sec), 8115.01 ms avg latency, 17946.00 ms max latency, 8184 ms 50th, 10954 ms 95th, 11019 ms 99th, 11047 ms 99.9th.
----- /var/lib/kafka-client/results/security-overhead-final-factorial-mtls-b5-rf5-isr3-msg1024-tps10000-batch16384-acks1-prod12-compnone-trial2/producer-perf-3.log -----
producer_index=3
producer_count=12
producer_records=8334
producer_throughput=834
1 records sent, 0.1 records/sec (0.00 MB/sec), 18031.0 ms avg latency, 18031.0 ms max latency.
3300 records sent, 652.3 records/sec (0.64 MB/sec), 7077.4 ms avg latency, 8791.0 ms max latency.
8334 records sent, 304.260524 records/sec (0.30 MB/sec), 8581.16 ms avg latency, 18031.00 ms max latency, 8564 ms 50th, 10593 ms 95th, 10725 ms 99th, 10810 ms 99.9th.
----- /var/lib/kafka-client/results/security-overhead-final-factorial-mtls-b5-rf5-isr3-msg1024-tps10000-batch16384-acks1-prod12-compnone-trial2/producer-perf-4.log -----
producer_index=4
producer_count=12
producer_records=8334
producer_throughput=834
1 records sent, 0.1 records/sec (0.00 MB/sec), 17717.0 ms avg latency, 17717.0 ms max latency.
3570 records sent, 708.1 records/sec (0.69 MB/sec), 6774.6 ms avg latency, 7904.0 ms max latency.
8334 records sent, 309.687488 records/sec (0.30 MB/sec), 8164.92 ms avg latency, 17717.00 ms max latency, 8014 ms 50th, 10714 ms 95th, 10773 ms 99th, 10783 ms 99.9th.
----- /var/lib/kafka-client/results/security-overhead-final-factorial-mtls-b5-rf5-isr3-msg1024-tps10000-batch16384-acks1-prod12-compnone-trial2/producer-perf-5.log -----
producer_index=5
producer_count=12
producer_records=8333
producer_throughput=833
1 records sent, 0.1 records/sec (0.00 MB/sec), 4571.0 ms avg latency, 4571.0 ms max latency.
3420 records sent, 675.5 records/sec (0.66 MB/sec), 6489.7 ms avg latency, 16904.0 ms max latency.
8333 records sent, 318.174876 records/sec (0.31 MB/sec), 8030.70 ms avg latency, 16904.00 ms max latency, 8269 ms 50th, 9939 ms 95th, 10227 ms 99th, 10374 ms 99.9th.
----- /var/lib/kafka-client/results/security-overhead-final-factorial-mtls-b5-rf5-isr3-msg1024-tps10000-batch16384-acks1-prod12-compnone-trial2/producer-perf-6.log -----
producer_index=6
producer_count=12
producer_records=8333
producer_throughput=833
1 records sent, 0.1 records/sec (0.00 MB/sec), 5849.0 ms avg latency, 5849.0 ms max latency.
3405 records sent, 674.7 records/sec (0.66 MB/sec), 6512.4 ms avg latency, 17053.0 ms max latency.
8333 records sent, 315.118741 records/sec (0.31 MB/sec), 8069.22 ms avg latency, 17053.00 ms max latency, 8158 ms 50th, 10935 ms 95th, 11259 ms 99th, 11274 ms 99.9th.
----- /var/lib/kafka-client/results/security-overhead-final-factorial-mtls-b5-rf5-isr3-msg1024-tps10000-batch16384-acks1-prod12-compnone-trial2/producer-perf-7.log -----
producer_index=7
producer_count=12
producer_records=8333
producer_throughput=833
1 records sent, 0.1 records/sec (0.00 MB/sec), 5844.0 ms avg latency, 5844.0 ms max latency.
3645 records sent, 724.8 records/sec (0.71 MB/sec), 6590.3 ms avg latency, 17530.0 ms max latency.
8333 records sent, 317.012859 records/sec (0.31 MB/sec), 7912.09 ms avg latency, 17530.00 ms max latency, 8087 ms 50th, 9918 ms 95th, 10267 ms 99th, 10413 ms 99.9th.
----- /var/lib/kafka-client/results/security-overhead-final-factorial-mtls-b5-rf5-isr3-msg1024-tps10000-batch16384-acks1-prod12-compnone-trial2/producer-perf-8.log -----
producer_index=8
producer_count=12
producer_records=8333
producer_throughput=833
1 records sent, 0.1 records/sec (0.00 MB/sec), 17847.0 ms avg latency, 17847.0 ms max latency.
3780 records sent, 751.3 records/sec (0.73 MB/sec), 5639.7 ms avg latency, 7122.0 ms max latency.
8333 records sent, 313.306012 records/sec (0.31 MB/sec), 6881.64 ms avg latency, 17847.00 ms max latency, 7015 ms 50th, 8780 ms 95th, 8895 ms 99th, 8925 ms 99.9th.
----- /var/lib/kafka-client/results/security-overhead-final-factorial-mtls-b5-rf5-isr3-msg1024-tps10000-batch16384-acks1-prod12-compnone-trial2/producer-perf-9.log -----
producer_index=9
producer_count=12
producer_records=8333
producer_throughput=833
1 records sent, 0.1 records/sec (0.00 MB/sec), 5708.0 ms avg latency, 5708.0 ms max latency.
3855 records sent, 764.6 records/sec (0.75 MB/sec), 6560.6 ms avg latency, 17819.0 ms max latency.
8333 records sent, 317.689668 records/sec (0.31 MB/sec), 7723.16 ms avg latency, 17819.00 ms max latency, 7784 ms 50th, 9882 ms 95th, 10237 ms 99th, 10303 ms 99.9th.
----- /var/lib/kafka-client/results/security-overhead-final-factorial-mtls-b5-rf5-isr3-msg1024-tps10000-batch16384-acks1-prod12-compnone-trial2/producer-perf-10.log -----
producer_index=10
producer_count=12
producer_records=8333
producer_throughput=833
1 records sent, 0.1 records/sec (0.00 MB/sec), 5229.0 ms avg latency, 5229.0 ms max latency.
3210 records sent, 636.7 records/sec (0.62 MB/sec), 6187.7 ms avg latency, 17487.0 ms max latency.
8333 records sent, 309.949786 records/sec (0.30 MB/sec), 7586.42 ms avg latency, 17487.00 ms max latency, 7527 ms 50th, 9397 ms 95th, 9857 ms 99th, 9922 ms 99.9th.
----- /var/lib/kafka-client/results/security-overhead-final-factorial-mtls-b5-rf5-isr3-msg1024-tps10000-batch16384-acks1-prod12-compnone-trial2/producer-perf-11.log -----
producer_index=11
producer_count=12
producer_records=8333
producer_throughput=833
1 records sent, 0.1 records/sec (0.00 MB/sec), 16956.0 ms avg latency, 16956.0 ms max latency.
3600 records sent, 709.6 records/sec (0.69 MB/sec), 6115.2 ms avg latency, 7208.0 ms max latency.
8333 records sent, 330.229056 records/sec (0.32 MB/sec), 7073.18 ms avg latency, 16956.00 ms max latency, 7208 ms 50th, 8393 ms 95th, 8955 ms 99th, 9041 ms 99.9th.
----- /var/lib/kafka-client/results/security-overhead-final-factorial-mtls-b5-rf5-isr3-msg1024-tps10000-batch16384-acks1-prod12-compnone-trial2/producer-perf-12.log -----
producer_index=12
producer_count=12
producer_records=8333
producer_throughput=833
1 records sent, 0.1 records/sec (0.00 MB/sec), 17419.0 ms avg latency, 17419.0 ms max latency.
3495 records sent, 692.1 records/sec (0.68 MB/sec), 6992.5 ms avg latency, 8432.0 ms max latency.
8333 records sent, 315.811415 records/sec (0.31 MB/sec), 8287.58 ms avg latency, 17419.00 ms max latency, 8473 ms 50th, 10087 ms 95th, 10426 ms 99th, 10444 ms 99.9th.
