run_id=security-overhead-final-factorial-plaintext-b5-rf3-isr3-msg102400-tps1000-batch131072-acksall-prod6-complz4-trial1
producer_count=6
----- /var/lib/kafka-client/results/security-overhead-final-factorial-plaintext-b5-rf3-isr3-msg102400-tps1000-batch131072-acksall-prod6-complz4-trial1/producer-perf-1.log -----
producer_index=1
producer_count=6
producer_records=16667
producer_throughput=167
39 records sent, 7.7 records/sec (0.75 MB/sec), 846.1 ms avg latency, 4180.0 ms max latency.
483 records sent, 96.6 records/sec (9.43 MB/sec), 164.2 ms avg latency, 1135.0 ms max latency.
505 records sent, 100.9 records/sec (9.85 MB/sec), 47.3 ms avg latency, 157.0 ms max latency.
608 records sent, 121.4 records/sec (11.85 MB/sec), 31.1 ms avg latency, 109.0 ms max latency.
687 records sent, 137.2 records/sec (13.39 MB/sec), 27.5 ms avg latency, 118.0 ms max latency.
594 records sent, 118.8 records/sec (11.60 MB/sec), 30.9 ms avg latency, 170.0 ms max latency.
629 records sent, 125.5 records/sec (12.25 MB/sec), 26.2 ms avg latency, 99.0 ms max latency.
679 records sent, 133.3 records/sec (13.02 MB/sec), 30.1 ms avg latency, 164.0 ms max latency.
646 records sent, 129.1 records/sec (12.61 MB/sec), 30.4 ms avg latency, 117.0 ms max latency.
584 records sent, 116.5 records/sec (11.38 MB/sec), 26.9 ms avg latency, 109.0 ms max latency.
593 records sent, 118.6 records/sec (11.58 MB/sec), 23.6 ms avg latency, 112.0 ms max latency.
589 records sent, 117.2 records/sec (11.45 MB/sec), 22.6 ms avg latency, 128.0 ms max latency.
700 records sent, 139.7 records/sec (13.64 MB/sec), 20.6 ms avg latency, 86.0 ms max latency.
613 records sent, 122.6 records/sec (11.97 MB/sec), 23.1 ms avg latency, 96.0 ms max latency.
611 records sent, 121.9 records/sec (11.91 MB/sec), 23.3 ms avg latency, 148.0 ms max latency.
662 records sent, 132.3 records/sec (12.92 MB/sec), 22.9 ms avg latency, 114.0 ms max latency.
601 records sent, 120.0 records/sec (11.72 MB/sec), 22.1 ms avg latency, 91.0 ms max latency.
496 records sent, 98.7 records/sec (9.64 MB/sec), 24.9 ms avg latency, 168.0 ms max latency.
336 records sent, 67.1 records/sec (6.55 MB/sec), 37.1 ms avg latency, 189.0 ms max latency.
346 records sent, 69.2 records/sec (6.76 MB/sec), 33.0 ms avg latency, 142.0 ms max latency.
401 records sent, 79.7 records/sec (7.78 MB/sec), 32.5 ms avg latency, 180.0 ms max latency.
427 records sent, 85.2 records/sec (8.32 MB/sec), 26.2 ms avg latency, 137.0 ms max latency.
404 records sent, 80.8 records/sec (7.89 MB/sec), 29.8 ms avg latency, 281.0 ms max latency.
521 records sent, 103.4 records/sec (10.10 MB/sec), 22.3 ms avg latency, 168.0 ms max latency.
697 records sent, 139.4 records/sec (13.61 MB/sec), 17.4 ms avg latency, 79.0 ms max latency.
797 records sent, 159.4 records/sec (15.56 MB/sec), 17.4 ms avg latency, 116.0 ms max latency.
857 records sent, 169.9 records/sec (16.60 MB/sec), 16.3 ms avg latency, 92.0 ms max latency.
881 records sent, 175.7 records/sec (17.16 MB/sec), 16.7 ms avg latency, 92.0 ms max latency.
16667 records sent, 115.092463 records/sec (11.24 MB/sec), 30.71 ms avg latency, 4180.00 ms max latency, 19 ms 50th, 76 ms 95th, 173 ms 99th, 828 ms 99.9th.
----- /var/lib/kafka-client/results/security-overhead-final-factorial-plaintext-b5-rf3-isr3-msg102400-tps1000-batch131072-acksall-prod6-complz4-trial1/producer-perf-2.log -----
producer_index=2
producer_count=6
producer_records=16667
producer_throughput=167
2 records sent, 0.4 records/sec (0.04 MB/sec), 2748.0 ms avg latency, 4819.0 ms max latency.
452 records sent, 90.1 records/sec (8.80 MB/sec), 340.0 ms avg latency, 1686.0 ms max latency.
571 records sent, 114.2 records/sec (11.15 MB/sec), 48.1 ms avg latency, 198.0 ms max latency.
676 records sent, 134.9 records/sec (13.17 MB/sec), 35.1 ms avg latency, 164.0 ms max latency.
776 records sent, 155.2 records/sec (15.15 MB/sec), 29.0 ms avg latency, 129.0 ms max latency.
616 records sent, 123.1 records/sec (12.02 MB/sec), 28.9 ms avg latency, 117.0 ms max latency.
594 records sent, 118.8 records/sec (11.60 MB/sec), 26.1 ms avg latency, 126.0 ms max latency.
607 records sent, 121.4 records/sec (11.85 MB/sec), 24.2 ms avg latency, 115.0 ms max latency.
594 records sent, 118.5 records/sec (11.57 MB/sec), 29.0 ms avg latency, 132.0 ms max latency.
606 records sent, 121.1 records/sec (11.83 MB/sec), 25.4 ms avg latency, 145.0 ms max latency.
586 records sent, 117.2 records/sec (11.45 MB/sec), 26.5 ms avg latency, 151.0 ms max latency.
574 records sent, 114.7 records/sec (11.20 MB/sec), 23.8 ms avg latency, 107.0 ms max latency.
613 records sent, 122.4 records/sec (11.95 MB/sec), 22.8 ms avg latency, 124.0 ms max latency.
673 records sent, 134.5 records/sec (13.13 MB/sec), 22.1 ms avg latency, 85.0 ms max latency.
618 records sent, 123.3 records/sec (12.04 MB/sec), 25.1 ms avg latency, 118.0 ms max latency.
642 records sent, 128.3 records/sec (12.53 MB/sec), 20.0 ms avg latency, 94.0 ms max latency.
624 records sent, 124.7 records/sec (12.18 MB/sec), 20.7 ms avg latency, 78.0 ms max latency.
531 records sent, 106.0 records/sec (10.35 MB/sec), 24.2 ms avg latency, 116.0 ms max latency.
328 records sent, 65.5 records/sec (6.39 MB/sec), 33.6 ms avg latency, 139.0 ms max latency.
353 records sent, 70.4 records/sec (6.87 MB/sec), 31.8 ms avg latency, 148.0 ms max latency.
384 records sent, 76.3 records/sec (7.45 MB/sec), 26.9 ms avg latency, 224.0 ms max latency.
436 records sent, 87.0 records/sec (8.50 MB/sec), 26.6 ms avg latency, 202.0 ms max latency.
359 records sent, 71.5 records/sec (6.98 MB/sec), 27.7 ms avg latency, 117.0 ms max latency.
504 records sent, 100.1 records/sec (9.77 MB/sec), 20.8 ms avg latency, 93.0 ms max latency.
645 records sent, 128.9 records/sec (12.59 MB/sec), 18.0 ms avg latency, 92.0 ms max latency.
751 records sent, 150.1 records/sec (14.66 MB/sec), 16.4 ms avg latency, 93.0 ms max latency.
733 records sent, 146.5 records/sec (14.31 MB/sec), 16.6 ms avg latency, 78.0 ms max latency.
770 records sent, 153.9 records/sec (15.03 MB/sec), 15.8 ms avg latency, 93.0 ms max latency.
16667 records sent, 114.834745 records/sec (11.21 MB/sec), 33.36 ms avg latency, 4819.00 ms max latency, 18 ms 50th, 79 ms 95th, 343 ms 99th, 1254 ms 99.9th.
----- /var/lib/kafka-client/results/security-overhead-final-factorial-plaintext-b5-rf3-isr3-msg102400-tps1000-batch131072-acksall-prod6-complz4-trial1/producer-perf-3.log -----
producer_index=3
producer_count=6
producer_records=16667
producer_throughput=167
91 records sent, 18.2 records/sec (1.77 MB/sec), 435.7 ms avg latency, 4184.0 ms max latency.
449 records sent, 89.6 records/sec (8.75 MB/sec), 125.6 ms avg latency, 691.0 ms max latency.
480 records sent, 96.0 records/sec (9.38 MB/sec), 52.5 ms avg latency, 172.0 ms max latency.
549 records sent, 109.6 records/sec (10.70 MB/sec), 26.7 ms avg latency, 103.0 ms max latency.
594 records sent, 118.5 records/sec (11.57 MB/sec), 22.2 ms avg latency, 123.0 ms max latency.
631 records sent, 125.7 records/sec (12.27 MB/sec), 28.5 ms avg latency, 135.0 ms max latency.
648 records sent, 129.5 records/sec (12.65 MB/sec), 23.7 ms avg latency, 90.0 ms max latency.
566 records sent, 112.6 records/sec (11.00 MB/sec), 28.1 ms avg latency, 114.0 ms max latency.
590 records sent, 118.0 records/sec (11.52 MB/sec), 21.4 ms avg latency, 98.0 ms max latency.
542 records sent, 108.2 records/sec (10.57 MB/sec), 22.4 ms avg latency, 96.0 ms max latency.
569 records sent, 113.7 records/sec (11.10 MB/sec), 23.9 ms avg latency, 95.0 ms max latency.
635 records sent, 126.8 records/sec (12.38 MB/sec), 22.1 ms avg latency, 124.0 ms max latency.
608 records sent, 121.6 records/sec (11.87 MB/sec), 25.7 ms avg latency, 110.0 ms max latency.
633 records sent, 126.4 records/sec (12.35 MB/sec), 21.1 ms avg latency, 90.0 ms max latency.
656 records sent, 130.7 records/sec (12.77 MB/sec), 21.8 ms avg latency, 102.0 ms max latency.
630 records sent, 125.9 records/sec (12.29 MB/sec), 21.2 ms avg latency, 120.0 ms max latency.
630 records sent, 125.3 records/sec (12.24 MB/sec), 26.2 ms avg latency, 136.0 ms max latency.
474 records sent, 94.5 records/sec (9.23 MB/sec), 23.1 ms avg latency, 123.0 ms max latency.
328 records sent, 65.2 records/sec (6.37 MB/sec), 35.7 ms avg latency, 133.0 ms max latency.
380 records sent, 75.7 records/sec (7.39 MB/sec), 42.5 ms avg latency, 225.0 ms max latency.
410 records sent, 82.0 records/sec (8.00 MB/sec), 28.0 ms avg latency, 172.0 ms max latency.
398 records sent, 79.3 records/sec (7.74 MB/sec), 25.4 ms avg latency, 112.0 ms max latency.
352 records sent, 70.2 records/sec (6.86 MB/sec), 28.2 ms avg latency, 164.0 ms max latency.
526 records sent, 105.2 records/sec (10.27 MB/sec), 23.4 ms avg latency, 263.0 ms max latency.
669 records sent, 133.6 records/sec (13.05 MB/sec), 18.2 ms avg latency, 112.0 ms max latency.
805 records sent, 161.0 records/sec (15.72 MB/sec), 15.5 ms avg latency, 60.0 ms max latency.
799 records sent, 159.8 records/sec (15.61 MB/sec), 15.8 ms avg latency, 66.0 ms max latency.
800 records sent, 159.9 records/sec (15.62 MB/sec), 14.7 ms avg latency, 72.0 ms max latency.
992 records sent, 198.2 records/sec (19.36 MB/sec), 13.4 ms avg latency, 88.0 ms max latency.
16667 records sent, 114.157534 records/sec (11.15 MB/sec), 28.39 ms avg latency, 4184.00 ms max latency, 18 ms 50th, 74 ms 95th, 177 ms 99th, 624 ms 99.9th.
----- /var/lib/kafka-client/results/security-overhead-final-factorial-plaintext-b5-rf3-isr3-msg102400-tps1000-batch131072-acksall-prod6-complz4-trial1/producer-perf-4.log -----
producer_index=4
producer_count=6
producer_records=16667
producer_throughput=167
47 records sent, 9.3 records/sec (0.90 MB/sec), 737.5 ms avg latency, 4068.0 ms max latency.
493 records sent, 98.1 records/sec (9.58 MB/sec), 167.2 ms avg latency, 1031.0 ms max latency.
566 records sent, 113.1 records/sec (11.04 MB/sec), 39.4 ms avg latency, 129.0 ms max latency.
685 records sent, 136.8 records/sec (13.36 MB/sec), 30.1 ms avg latency, 144.0 ms max latency.
640 records sent, 127.9 records/sec (12.49 MB/sec), 27.2 ms avg latency, 110.0 ms max latency.
649 records sent, 129.6 records/sec (12.65 MB/sec), 25.6 ms avg latency, 118.0 ms max latency.
600 records sent, 119.8 records/sec (11.70 MB/sec), 26.4 ms avg latency, 102.0 ms max latency.
652 records sent, 130.2 records/sec (12.71 MB/sec), 28.7 ms avg latency, 118.0 ms max latency.
566 records sent, 113.2 records/sec (11.05 MB/sec), 24.3 ms avg latency, 95.0 ms max latency.
529 records sent, 105.5 records/sec (10.31 MB/sec), 24.6 ms avg latency, 95.0 ms max latency.
637 records sent, 127.0 records/sec (12.40 MB/sec), 24.1 ms avg latency, 88.0 ms max latency.
662 records sent, 131.2 records/sec (12.82 MB/sec), 24.3 ms avg latency, 93.0 ms max latency.
633 records sent, 125.1 records/sec (12.22 MB/sec), 22.6 ms avg latency, 122.0 ms max latency.
631 records sent, 125.9 records/sec (12.30 MB/sec), 22.5 ms avg latency, 125.0 ms max latency.
645 records sent, 129.0 records/sec (12.60 MB/sec), 21.5 ms avg latency, 129.0 ms max latency.
595 records sent, 119.0 records/sec (11.62 MB/sec), 21.2 ms avg latency, 130.0 ms max latency.
611 records sent, 122.1 records/sec (11.92 MB/sec), 24.7 ms avg latency, 164.0 ms max latency.
522 records sent, 104.4 records/sec (10.19 MB/sec), 23.4 ms avg latency, 138.0 ms max latency.
326 records sent, 65.0 records/sec (6.35 MB/sec), 38.4 ms avg latency, 186.0 ms max latency.
371 records sent, 73.8 records/sec (7.21 MB/sec), 36.3 ms avg latency, 154.0 ms max latency.
418 records sent, 83.2 records/sec (8.13 MB/sec), 26.4 ms avg latency, 112.0 ms max latency.
409 records sent, 81.7 records/sec (7.98 MB/sec), 29.5 ms avg latency, 239.0 ms max latency.
367 records sent, 73.4 records/sec (7.17 MB/sec), 29.5 ms avg latency, 183.0 ms max latency.
514 records sent, 102.8 records/sec (10.04 MB/sec), 25.0 ms avg latency, 271.0 ms max latency.
767 records sent, 153.2 records/sec (14.96 MB/sec), 30.6 ms avg latency, 207.0 ms max latency.
862 records sent, 172.3 records/sec (16.83 MB/sec), 17.5 ms avg latency, 94.0 ms max latency.
805 records sent, 160.8 records/sec (15.70 MB/sec), 16.9 ms avg latency, 81.0 ms max latency.
751 records sent, 150.1 records/sec (14.66 MB/sec), 14.9 ms avg latency, 93.0 ms max latency.
16667 records sent, 115.283523 records/sec (11.26 MB/sec), 30.91 ms avg latency, 4068.00 ms max latency, 18 ms 50th, 78 ms 95th, 186 ms 99th, 817 ms 99.9th.
----- /var/lib/kafka-client/results/security-overhead-final-factorial-plaintext-b5-rf3-isr3-msg102400-tps1000-batch131072-acksall-prod6-complz4-trial1/producer-perf-5.log -----
producer_index=5
producer_count=6
producer_records=16666
producer_throughput=166
10 records sent, 2.0 records/sec (0.19 MB/sec), 973.8 ms avg latency, 4407.0 ms max latency.
451 records sent, 90.2 records/sec (8.81 MB/sec), 195.3 ms avg latency, 1073.0 ms max latency.
465 records sent, 93.0 records/sec (9.08 MB/sec), 54.6 ms avg latency, 189.0 ms max latency.
714 records sent, 142.7 records/sec (13.94 MB/sec), 31.1 ms avg latency, 162.0 ms max latency.
637 records sent, 127.3 records/sec (12.43 MB/sec), 27.2 ms avg latency, 113.0 ms max latency.
588 records sent, 117.5 records/sec (11.47 MB/sec), 26.6 ms avg latency, 153.0 ms max latency.
550 records sent, 110.0 records/sec (10.74 MB/sec), 28.3 ms avg latency, 143.0 ms max latency.
608 records sent, 121.2 records/sec (11.84 MB/sec), 32.8 ms avg latency, 158.0 ms max latency.
546 records sent, 108.9 records/sec (10.63 MB/sec), 25.1 ms avg latency, 128.0 ms max latency.
576 records sent, 115.1 records/sec (11.24 MB/sec), 24.1 ms avg latency, 97.0 ms max latency.
603 records sent, 119.9 records/sec (11.71 MB/sec), 26.7 ms avg latency, 144.0 ms max latency.
621 records sent, 124.2 records/sec (12.13 MB/sec), 26.4 ms avg latency, 121.0 ms max latency.
725 records sent, 144.4 records/sec (14.10 MB/sec), 25.2 ms avg latency, 107.0 ms max latency.
565 records sent, 113.0 records/sec (11.04 MB/sec), 22.7 ms avg latency, 86.0 ms max latency.
591 records sent, 118.2 records/sec (11.54 MB/sec), 22.2 ms avg latency, 96.0 ms max latency.
634 records sent, 126.0 records/sec (12.31 MB/sec), 22.9 ms avg latency, 111.0 ms max latency.
687 records sent, 137.4 records/sec (13.42 MB/sec), 25.1 ms avg latency, 127.0 ms max latency.
457 records sent, 91.3 records/sec (8.92 MB/sec), 24.6 ms avg latency, 188.0 ms max latency.
335 records sent, 66.9 records/sec (6.53 MB/sec), 32.1 ms avg latency, 167.0 ms max latency.
344 records sent, 68.8 records/sec (6.72 MB/sec), 33.5 ms avg latency, 168.0 ms max latency.
393 records sent, 77.9 records/sec (7.61 MB/sec), 25.7 ms avg latency, 112.0 ms max latency.
414 records sent, 81.4 records/sec (7.95 MB/sec), 30.1 ms avg latency, 172.0 ms max latency.
348 records sent, 69.6 records/sec (6.80 MB/sec), 34.8 ms avg latency, 236.0 ms max latency.
512 records sent, 102.2 records/sec (9.98 MB/sec), 24.7 ms avg latency, 134.0 ms max latency.
694 records sent, 138.5 records/sec (13.53 MB/sec), 18.4 ms avg latency, 120.0 ms max latency.
712 records sent, 141.6 records/sec (13.83 MB/sec), 17.3 ms avg latency, 117.0 ms max latency.
799 records sent, 159.7 records/sec (15.60 MB/sec), 16.4 ms avg latency, 90.0 ms max latency.
893 records sent, 178.6 records/sec (17.44 MB/sec), 15.3 ms avg latency, 87.0 ms max latency.
1041 records sent, 208.1 records/sec (20.32 MB/sec), 15.8 ms avg latency, 98.0 ms max latency.
16666 records sent, 113.975038 records/sec (11.13 MB/sec), 30.06 ms avg latency, 4407.00 ms max latency, 18 ms 50th, 81 ms 95th, 173 ms 99th, 681 ms 99.9th.
----- /var/lib/kafka-client/results/security-overhead-final-factorial-plaintext-b5-rf3-isr3-msg102400-tps1000-batch131072-acksall-prod6-complz4-trial1/producer-perf-6.log -----
producer_index=6
producer_count=6
producer_records=16666
producer_throughput=166
5 records sent, 1.0 records/sec (0.10 MB/sec), 1690.2 ms avg latency, 4872.0 ms max latency.
472 records sent, 94.0 records/sec (9.18 MB/sec), 339.5 ms avg latency, 1291.0 ms max latency.
489 records sent, 97.1 records/sec (9.48 MB/sec), 57.9 ms avg latency, 235.0 ms max latency.
728 records sent, 145.5 records/sec (14.21 MB/sec), 37.5 ms avg latency, 184.0 ms max latency.
660 records sent, 131.9 records/sec (12.89 MB/sec), 29.3 ms avg latency, 135.0 ms max latency.
563 records sent, 112.5 records/sec (10.99 MB/sec), 28.3 ms avg latency, 165.0 ms max latency.
415 records sent, 82.7 records/sec (8.07 MB/sec), 19.6 ms avg latency, 74.0 ms max latency.
614 records sent, 122.7 records/sec (11.98 MB/sec), 33.5 ms avg latency, 175.0 ms max latency.
683 records sent, 136.4 records/sec (13.32 MB/sec), 32.9 ms avg latency, 135.0 ms max latency.
674 records sent, 134.6 records/sec (13.15 MB/sec), 29.4 ms avg latency, 150.0 ms max latency.
604 records sent, 120.5 records/sec (11.77 MB/sec), 28.3 ms avg latency, 115.0 ms max latency.
593 records sent, 118.6 records/sec (11.58 MB/sec), 23.6 ms avg latency, 114.0 ms max latency.
629 records sent, 125.4 records/sec (12.25 MB/sec), 24.7 ms avg latency, 127.0 ms max latency.
639 records sent, 127.6 records/sec (12.47 MB/sec), 21.5 ms avg latency, 98.0 ms max latency.
660 records sent, 131.2 records/sec (12.82 MB/sec), 19.0 ms avg latency, 89.0 ms max latency.
605 records sent, 120.9 records/sec (11.81 MB/sec), 23.5 ms avg latency, 106.0 ms max latency.
573 records sent, 114.6 records/sec (11.19 MB/sec), 23.6 ms avg latency, 171.0 ms max latency.
517 records sent, 102.8 records/sec (10.04 MB/sec), 34.1 ms avg latency, 116.0 ms max latency.
340 records sent, 67.0 records/sec (6.55 MB/sec), 32.5 ms avg latency, 121.0 ms max latency.
375 records sent, 74.6 records/sec (7.28 MB/sec), 37.9 ms avg latency, 179.0 ms max latency.
408 records sent, 81.4 records/sec (7.95 MB/sec), 25.5 ms avg latency, 87.0 ms max latency.
388 records sent, 77.6 records/sec (7.58 MB/sec), 26.1 ms avg latency, 194.0 ms max latency.
359 records sent, 71.8 records/sec (7.01 MB/sec), 31.6 ms avg latency, 223.0 ms max latency.
566 records sent, 113.2 records/sec (11.05 MB/sec), 23.7 ms avg latency, 188.0 ms max latency.
664 records sent, 132.7 records/sec (12.96 MB/sec), 18.5 ms avg latency, 103.0 ms max latency.
756 records sent, 151.2 records/sec (14.77 MB/sec), 14.8 ms avg latency, 92.0 ms max latency.
839 records sent, 167.8 records/sec (16.38 MB/sec), 14.5 ms avg latency, 77.0 ms max latency.
784 records sent, 156.8 records/sec (15.31 MB/sec), 15.0 ms avg latency, 75.0 ms max latency.
16666 records sent, 114.454067 records/sec (11.18 MB/sec), 34.90 ms avg latency, 4872.00 ms max latency, 18 ms 50th, 89 ms 95th, 346 ms 99th, 1065 ms 99.9th.
