run_id=security-overhead-final-factorial-plaintext-b5-rf5-isr3-msg10240-tps1000-batch16384-acks1-prod12-compnone-trial2
producer_count=12
----- /var/lib/kafka-client/results/security-overhead-final-factorial-plaintext-b5-rf5-isr3-msg10240-tps1000-batch16384-acks1-prod12-compnone-trial2/producer-perf-1.log -----
producer_index=1
producer_count=12
producer_records=8334
producer_throughput=84
1 records sent, 0.1 records/sec (0.00 MB/sec), 8204.0 ms avg latency, 8204.0 ms max latency.
364 records sent, 72.0 records/sec (0.70 MB/sec), 2545.9 ms avg latency, 4076.0 ms max latency.
640 records sent, 127.9 records/sec (1.25 MB/sec), 5755.9 ms avg latency, 7056.0 ms max latency.
958 records sent, 190.9 records/sec (1.86 MB/sec), 3137.3 ms avg latency, 6568.0 ms max latency.
421 records sent, 83.2 records/sec (0.81 MB/sec), 23.7 ms avg latency, 103.0 ms max latency.
432 records sent, 86.2 records/sec (0.84 MB/sec), 22.1 ms avg latency, 139.0 ms max latency.
420 records sent, 84.0 records/sec (0.82 MB/sec), 18.2 ms avg latency, 79.0 ms max latency.
423 records sent, 84.6 records/sec (0.83 MB/sec), 17.6 ms avg latency, 97.0 ms max latency.
422 records sent, 84.2 records/sec (0.82 MB/sec), 17.7 ms avg latency, 96.0 ms max latency.
422 records sent, 84.3 records/sec (0.82 MB/sec), 17.9 ms avg latency, 96.0 ms max latency.
421 records sent, 84.0 records/sec (0.82 MB/sec), 18.6 ms avg latency, 105.0 ms max latency.
411 records sent, 82.0 records/sec (0.80 MB/sec), 19.6 ms avg latency, 137.0 ms max latency.
435 records sent, 86.8 records/sec (0.85 MB/sec), 19.3 ms avg latency, 169.0 ms max latency.
415 records sent, 82.9 records/sec (0.81 MB/sec), 19.7 ms avg latency, 162.0 ms max latency.
426 records sent, 85.1 records/sec (0.83 MB/sec), 19.0 ms avg latency, 134.0 ms max latency.
421 records sent, 84.0 records/sec (0.82 MB/sec), 19.9 ms avg latency, 170.0 ms max latency.
422 records sent, 84.2 records/sec (0.82 MB/sec), 22.4 ms avg latency, 203.0 ms max latency.
422 records sent, 84.2 records/sec (0.82 MB/sec), 21.1 ms avg latency, 192.0 ms max latency.
421 records sent, 84.1 records/sec (0.82 MB/sec), 17.6 ms avg latency, 129.0 ms max latency.
8334 records sent, 83.735230 records/sec (0.82 MB/sec), 929.89 ms avg latency, 8204.00 ms max latency, 15 ms 50th, 5846 ms 95th, 6622 ms 99th, 6961 ms 99.9th.
----- /var/lib/kafka-client/results/security-overhead-final-factorial-plaintext-b5-rf5-isr3-msg10240-tps1000-batch16384-acks1-prod12-compnone-trial2/producer-perf-2.log -----
producer_index=2
producer_count=12
producer_records=8334
producer_throughput=84
1 records sent, 0.1 records/sec (0.00 MB/sec), 8769.0 ms avg latency, 8769.0 ms max latency.
284 records sent, 56.8 records/sec (0.55 MB/sec), 2910.6 ms avg latency, 4656.0 ms max latency.
688 records sent, 137.2 records/sec (1.34 MB/sec), 6099.4 ms avg latency, 7414.0 ms max latency.
1039 records sent, 207.6 records/sec (2.03 MB/sec), 3655.7 ms avg latency, 7653.0 ms max latency.
417 records sent, 82.5 records/sec (0.81 MB/sec), 26.2 ms avg latency, 150.0 ms max latency.
431 records sent, 86.0 records/sec (0.84 MB/sec), 19.5 ms avg latency, 110.0 ms max latency.
416 records sent, 83.2 records/sec (0.81 MB/sec), 22.2 ms avg latency, 142.0 ms max latency.
426 records sent, 85.2 records/sec (0.83 MB/sec), 19.1 ms avg latency, 108.0 ms max latency.
422 records sent, 84.3 records/sec (0.82 MB/sec), 16.1 ms avg latency, 74.0 ms max latency.
423 records sent, 84.5 records/sec (0.83 MB/sec), 17.8 ms avg latency, 105.0 ms max latency.
427 records sent, 85.2 records/sec (0.83 MB/sec), 18.6 ms avg latency, 93.0 ms max latency.
419 records sent, 83.7 records/sec (0.82 MB/sec), 20.6 ms avg latency, 134.0 ms max latency.
424 records sent, 84.8 records/sec (0.83 MB/sec), 17.1 ms avg latency, 125.0 ms max latency.
419 records sent, 83.6 records/sec (0.82 MB/sec), 21.9 ms avg latency, 207.0 ms max latency.
422 records sent, 84.3 records/sec (0.82 MB/sec), 20.1 ms avg latency, 163.0 ms max latency.
421 records sent, 84.1 records/sec (0.82 MB/sec), 18.8 ms avg latency, 129.0 ms max latency.
421 records sent, 84.1 records/sec (0.82 MB/sec), 19.8 ms avg latency, 147.0 ms max latency.
421 records sent, 84.1 records/sec (0.82 MB/sec), 19.6 ms avg latency, 183.0 ms max latency.
8334 records sent, 83.519567 records/sec (0.82 MB/sec), 1074.47 ms avg latency, 8769.00 ms max latency, 16 ms 50th, 6458 ms 95th, 7155 ms 99th, 7552 ms 99.9th.
----- /var/lib/kafka-client/results/security-overhead-final-factorial-plaintext-b5-rf5-isr3-msg10240-tps1000-batch16384-acks1-prod12-compnone-trial2/producer-perf-3.log -----
producer_index=3
producer_count=12
producer_records=8334
producer_throughput=84
1 records sent, 0.1 records/sec (0.00 MB/sec), 997.0 ms avg latency, 997.0 ms max latency.
309 records sent, 61.8 records/sec (0.60 MB/sec), 3059.4 ms avg latency, 9335.0 ms max latency.
645 records sent, 128.8 records/sec (1.26 MB/sec), 6055.3 ms avg latency, 7239.0 ms max latency.
1107 records sent, 221.4 records/sec (2.16 MB/sec), 4006.1 ms avg latency, 8203.0 ms max latency.
419 records sent, 83.8 records/sec (0.82 MB/sec), 22.5 ms avg latency, 103.0 ms max latency.
423 records sent, 84.5 records/sec (0.83 MB/sec), 17.5 ms avg latency, 96.0 ms max latency.
421 records sent, 84.1 records/sec (0.82 MB/sec), 20.6 ms avg latency, 120.0 ms max latency.
421 records sent, 83.8 records/sec (0.82 MB/sec), 18.6 ms avg latency, 130.0 ms max latency.
429 records sent, 85.5 records/sec (0.83 MB/sec), 17.8 ms avg latency, 114.0 ms max latency.
421 records sent, 83.9 records/sec (0.82 MB/sec), 17.7 ms avg latency, 98.0 ms max latency.
422 records sent, 84.3 records/sec (0.82 MB/sec), 17.5 ms avg latency, 91.0 ms max latency.
421 records sent, 84.0 records/sec (0.82 MB/sec), 21.7 ms avg latency, 154.0 ms max latency.
422 records sent, 84.1 records/sec (0.82 MB/sec), 16.9 ms avg latency, 103.0 ms max latency.
421 records sent, 84.1 records/sec (0.82 MB/sec), 19.7 ms avg latency, 153.0 ms max latency.
421 records sent, 84.1 records/sec (0.82 MB/sec), 18.9 ms avg latency, 152.0 ms max latency.
414 records sent, 82.1 records/sec (0.80 MB/sec), 19.0 ms avg latency, 151.0 ms max latency.
437 records sent, 87.2 records/sec (0.85 MB/sec), 20.9 ms avg latency, 168.0 ms max latency.
420 records sent, 83.9 records/sec (0.82 MB/sec), 17.2 ms avg latency, 199.0 ms max latency.
8334 records sent, 83.746169 records/sec (0.82 MB/sec), 1128.60 ms avg latency, 9335.00 ms max latency, 16 ms 50th, 6718 ms 95th, 7494 ms 99th, 7919 ms 99.9th.
----- /var/lib/kafka-client/results/security-overhead-final-factorial-plaintext-b5-rf5-isr3-msg10240-tps1000-batch16384-acks1-prod12-compnone-trial2/producer-perf-4.log -----
producer_index=4
producer_count=12
producer_records=8334
producer_throughput=84
1 records sent, 0.1 records/sec (0.00 MB/sec), 7125.0 ms avg latency, 7125.0 ms max latency.
308 records sent, 60.8 records/sec (0.59 MB/sec), 2477.6 ms avg latency, 4302.0 ms max latency.
599 records sent, 118.9 records/sec (1.16 MB/sec), 5908.6 ms avg latency, 6967.0 ms max latency.
976 records sent, 194.7 records/sec (1.90 MB/sec), 3164.7 ms avg latency, 6871.0 ms max latency.
422 records sent, 84.4 records/sec (0.82 MB/sec), 28.5 ms avg latency, 99.0 ms max latency.
421 records sent, 84.0 records/sec (0.82 MB/sec), 19.4 ms avg latency, 118.0 ms max latency.
427 records sent, 85.3 records/sec (0.83 MB/sec), 19.5 ms avg latency, 116.0 ms max latency.
416 records sent, 83.0 records/sec (0.81 MB/sec), 19.3 ms avg latency, 92.0 ms max latency.
427 records sent, 85.3 records/sec (0.83 MB/sec), 16.9 ms avg latency, 87.0 ms max latency.
421 records sent, 84.1 records/sec (0.82 MB/sec), 15.6 ms avg latency, 102.0 ms max latency.
420 records sent, 83.9 records/sec (0.82 MB/sec), 17.1 ms avg latency, 91.0 ms max latency.
421 records sent, 84.0 records/sec (0.82 MB/sec), 18.7 ms avg latency, 85.0 ms max latency.
421 records sent, 84.1 records/sec (0.82 MB/sec), 17.2 ms avg latency, 124.0 ms max latency.
421 records sent, 84.1 records/sec (0.82 MB/sec), 17.6 ms avg latency, 145.0 ms max latency.
421 records sent, 84.2 records/sec (0.82 MB/sec), 16.5 ms avg latency, 145.0 ms max latency.
420 records sent, 83.9 records/sec (0.82 MB/sec), 20.1 ms avg latency, 147.0 ms max latency.
421 records sent, 84.0 records/sec (0.82 MB/sec), 17.9 ms avg latency, 161.0 ms max latency.
420 records sent, 83.9 records/sec (0.82 MB/sec), 17.2 ms avg latency, 125.0 ms max latency.
421 records sent, 83.5 records/sec (0.82 MB/sec), 19.4 ms avg latency, 189.0 ms max latency.
8334 records sent, 83.712521 records/sec (0.82 MB/sec), 902.16 ms avg latency, 7125.00 ms max latency, 15 ms 50th, 6085 ms 95th, 6728 ms 99th, 6895 ms 99.9th.
----- /var/lib/kafka-client/results/security-overhead-final-factorial-plaintext-b5-rf5-isr3-msg10240-tps1000-batch16384-acks1-prod12-compnone-trial2/producer-perf-5.log -----
producer_index=5
producer_count=12
producer_records=8333
producer_throughput=83
1 records sent, 0.1 records/sec (0.00 MB/sec), 888.0 ms avg latency, 888.0 ms max latency.
375 records sent, 74.6 records/sec (0.73 MB/sec), 3240.2 ms avg latency, 9348.0 ms max latency.
639 records sent, 127.3 records/sec (1.24 MB/sec), 6474.0 ms avg latency, 7943.0 ms max latency.
1023 records sent, 204.4 records/sec (2.00 MB/sec), 3342.8 ms avg latency, 7521.0 ms max latency.
417 records sent, 83.2 records/sec (0.81 MB/sec), 24.7 ms avg latency, 96.0 ms max latency.
416 records sent, 82.8 records/sec (0.81 MB/sec), 17.8 ms avg latency, 94.0 ms max latency.
420 records sent, 83.9 records/sec (0.82 MB/sec), 25.0 ms avg latency, 215.0 ms max latency.
416 records sent, 83.0 records/sec (0.81 MB/sec), 20.0 ms avg latency, 98.0 ms max latency.
414 records sent, 82.8 records/sec (0.81 MB/sec), 17.4 ms avg latency, 118.0 ms max latency.
418 records sent, 83.5 records/sec (0.82 MB/sec), 18.7 ms avg latency, 114.0 ms max latency.
415 records sent, 82.7 records/sec (0.81 MB/sec), 17.0 ms avg latency, 81.0 ms max latency.
420 records sent, 83.8 records/sec (0.82 MB/sec), 21.1 ms avg latency, 156.0 ms max latency.
414 records sent, 82.3 records/sec (0.80 MB/sec), 18.3 ms avg latency, 139.0 ms max latency.
419 records sent, 83.8 records/sec (0.82 MB/sec), 17.4 ms avg latency, 102.0 ms max latency.
414 records sent, 82.3 records/sec (0.80 MB/sec), 19.9 ms avg latency, 139.0 ms max latency.
430 records sent, 85.9 records/sec (0.84 MB/sec), 18.4 ms avg latency, 163.0 ms max latency.
415 records sent, 83.0 records/sec (0.81 MB/sec), 21.0 ms avg latency, 187.0 ms max latency.
409 records sent, 81.2 records/sec (0.79 MB/sec), 18.9 ms avg latency, 167.0 ms max latency.
427 records sent, 85.3 records/sec (0.83 MB/sec), 16.9 ms avg latency, 168.0 ms max latency.
8333 records sent, 82.535186 records/sec (0.81 MB/sec), 1067.45 ms avg latency, 9348.00 ms max latency, 15 ms 50th, 6666 ms 95th, 7351 ms 99th, 7767 ms 99.9th.
----- /var/lib/kafka-client/results/security-overhead-final-factorial-plaintext-b5-rf5-isr3-msg10240-tps1000-batch16384-acks1-prod12-compnone-trial2/producer-perf-6.log -----
producer_index=6
producer_count=12
producer_records=8333
producer_throughput=83
1 records sent, 0.1 records/sec (0.00 MB/sec), 10354.0 ms avg latency, 10354.0 ms max latency.
279 records sent, 55.7 records/sec (0.54 MB/sec), 2799.2 ms avg latency, 4412.0 ms max latency.
632 records sent, 125.8 records/sec (1.23 MB/sec), 5788.4 ms avg latency, 7055.0 ms max latency.
1212 records sent, 241.7 records/sec (2.36 MB/sec), 4756.2 ms avg latency, 7832.0 ms max latency.
420 records sent, 83.9 records/sec (0.82 MB/sec), 23.4 ms avg latency, 141.0 ms max latency.
413 records sent, 82.5 records/sec (0.81 MB/sec), 25.5 ms avg latency, 249.0 ms max latency.
419 records sent, 83.6 records/sec (0.82 MB/sec), 18.7 ms avg latency, 94.0 ms max latency.
411 records sent, 82.1 records/sec (0.80 MB/sec), 15.9 ms avg latency, 80.0 ms max latency.
423 records sent, 84.4 records/sec (0.82 MB/sec), 16.7 ms avg latency, 81.0 ms max latency.
416 records sent, 83.1 records/sec (0.81 MB/sec), 17.5 ms avg latency, 83.0 ms max latency.
414 records sent, 82.7 records/sec (0.81 MB/sec), 17.6 ms avg latency, 80.0 ms max latency.
418 records sent, 83.3 records/sec (0.81 MB/sec), 21.0 ms avg latency, 149.0 ms max latency.
416 records sent, 83.0 records/sec (0.81 MB/sec), 15.6 ms avg latency, 88.0 ms max latency.
421 records sent, 84.1 records/sec (0.82 MB/sec), 21.1 ms avg latency, 175.0 ms max latency.
416 records sent, 83.1 records/sec (0.81 MB/sec), 17.5 ms avg latency, 152.0 ms max latency.
412 records sent, 81.8 records/sec (0.80 MB/sec), 16.8 ms avg latency, 117.0 ms max latency.
423 records sent, 84.5 records/sec (0.83 MB/sec), 17.0 ms avg latency, 108.0 ms max latency.
415 records sent, 82.9 records/sec (0.81 MB/sec), 17.1 ms avg latency, 148.0 ms max latency.
8333 records sent, 82.812422 records/sec (0.81 MB/sec), 1239.62 ms avg latency, 10354.00 ms max latency, 15 ms 50th, 6925 ms 95th, 7562 ms 99th, 7761 ms 99.9th.
----- /var/lib/kafka-client/results/security-overhead-final-factorial-plaintext-b5-rf5-isr3-msg10240-tps1000-batch16384-acks1-prod12-compnone-trial2/producer-perf-7.log -----
producer_index=7
producer_count=12
producer_records=8333
producer_throughput=83
1 records sent, 0.1 records/sec (0.00 MB/sec), 8836.0 ms avg latency, 8836.0 ms max latency.
280 records sent, 56.0 records/sec (0.55 MB/sec), 2877.0 ms avg latency, 4389.0 ms max latency.
763 records sent, 152.2 records/sec (1.49 MB/sec), 5803.9 ms avg latency, 6844.0 ms max latency.
949 records sent, 189.7 records/sec (1.85 MB/sec), 2990.7 ms avg latency, 6564.0 ms max latency.
420 records sent, 83.7 records/sec (0.82 MB/sec), 26.3 ms avg latency, 213.0 ms max latency.
419 records sent, 83.6 records/sec (0.82 MB/sec), 18.1 ms avg latency, 78.0 ms max latency.
416 records sent, 83.1 records/sec (0.81 MB/sec), 20.5 ms avg latency, 146.0 ms max latency.
415 records sent, 83.0 records/sec (0.81 MB/sec), 16.3 ms avg latency, 105.0 ms max latency.
420 records sent, 83.8 records/sec (0.82 MB/sec), 16.4 ms avg latency, 122.0 ms max latency.
416 records sent, 82.4 records/sec (0.80 MB/sec), 17.4 ms avg latency, 86.0 ms max latency.
421 records sent, 84.1 records/sec (0.82 MB/sec), 15.9 ms avg latency, 83.0 ms max latency.
417 records sent, 83.1 records/sec (0.81 MB/sec), 19.2 ms avg latency, 103.0 ms max latency.
416 records sent, 83.1 records/sec (0.81 MB/sec), 16.1 ms avg latency, 85.0 ms max latency.
415 records sent, 82.9 records/sec (0.81 MB/sec), 20.5 ms avg latency, 141.0 ms max latency.
416 records sent, 83.2 records/sec (0.81 MB/sec), 17.5 ms avg latency, 124.0 ms max latency.
416 records sent, 83.0 records/sec (0.81 MB/sec), 16.5 ms avg latency, 157.0 ms max latency.
416 records sent, 83.2 records/sec (0.81 MB/sec), 19.9 ms avg latency, 132.0 ms max latency.
415 records sent, 83.0 records/sec (0.81 MB/sec), 18.5 ms avg latency, 160.0 ms max latency.
414 records sent, 82.7 records/sec (0.81 MB/sec), 19.5 ms avg latency, 168.0 ms max latency.
8333 records sent, 82.660450 records/sec (0.81 MB/sec), 983.86 ms avg latency, 8836.00 ms max latency, 15 ms 50th, 6099 ms 95th, 6495 ms 99th, 6727 ms 99.9th.
----- /var/lib/kafka-client/results/security-overhead-final-factorial-plaintext-b5-rf5-isr3-msg10240-tps1000-batch16384-acks1-prod12-compnone-trial2/producer-perf-8.log -----
producer_index=8
producer_count=12
producer_records=8333
producer_throughput=83
1 records sent, 0.1 records/sec (0.00 MB/sec), 10194.0 ms avg latency, 10194.0 ms max latency.
310 records sent, 61.8 records/sec (0.60 MB/sec), 3218.4 ms avg latency, 4497.0 ms max latency.
667 records sent, 132.1 records/sec (1.29 MB/sec), 6067.1 ms avg latency, 7415.0 ms max latency.
1128 records sent, 224.2 records/sec (2.19 MB/sec), 4089.4 ms avg latency, 7769.0 ms max latency.
424 records sent, 84.6 records/sec (0.83 MB/sec), 26.5 ms avg latency, 150.0 ms max latency.
416 records sent, 83.0 records/sec (0.81 MB/sec), 21.1 ms avg latency, 190.0 ms max latency.
416 records sent, 83.2 records/sec (0.81 MB/sec), 18.3 ms avg latency, 123.0 ms max latency.
416 records sent, 83.2 records/sec (0.81 MB/sec), 15.9 ms avg latency, 125.0 ms max latency.
413 records sent, 82.6 records/sec (0.81 MB/sec), 18.6 ms avg latency, 119.0 ms max latency.
420 records sent, 83.7 records/sec (0.82 MB/sec), 15.1 ms avg latency, 111.0 ms max latency.
416 records sent, 83.1 records/sec (0.81 MB/sec), 18.6 ms avg latency, 123.0 ms max latency.
416 records sent, 83.2 records/sec (0.81 MB/sec), 17.2 ms avg latency, 112.0 ms max latency.
415 records sent, 83.0 records/sec (0.81 MB/sec), 16.0 ms avg latency, 74.0 ms max latency.
416 records sent, 83.1 records/sec (0.81 MB/sec), 18.2 ms avg latency, 125.0 ms max latency.
404 records sent, 80.6 records/sec (0.79 MB/sec), 18.6 ms avg latency, 138.0 ms max latency.
430 records sent, 85.7 records/sec (0.84 MB/sec), 21.4 ms avg latency, 159.0 ms max latency.
415 records sent, 83.0 records/sec (0.81 MB/sec), 19.9 ms avg latency, 150.0 ms max latency.
405 records sent, 81.0 records/sec (0.79 MB/sec), 19.9 ms avg latency, 201.0 ms max latency.
8333 records sent, 82.899750 records/sec (0.81 MB/sec), 1174.28 ms avg latency, 10194.00 ms max latency, 15 ms 50th, 6694 ms 95th, 7475 ms 99th, 7678 ms 99.9th.
----- /var/lib/kafka-client/results/security-overhead-final-factorial-plaintext-b5-rf5-isr3-msg10240-tps1000-batch16384-acks1-prod12-compnone-trial2/producer-perf-9.log -----
producer_index=9
producer_count=12
producer_records=8333
producer_throughput=83
1 records sent, 0.1 records/sec (0.00 MB/sec), 9940.0 ms avg latency, 9940.0 ms max latency.
275 records sent, 54.9 records/sec (0.54 MB/sec), 3184.7 ms avg latency, 4624.0 ms max latency.
746 records sent, 148.7 records/sec (1.45 MB/sec), 5734.6 ms avg latency, 6836.0 ms max latency.
1071 records sent, 213.6 records/sec (2.09 MB/sec), 3631.9 ms avg latency, 7095.0 ms max latency.
414 records sent, 82.3 records/sec (0.80 MB/sec), 21.8 ms avg latency, 100.0 ms max latency.
424 records sent, 84.6 records/sec (0.83 MB/sec), 18.0 ms avg latency, 98.0 ms max latency.
417 records sent, 83.4 records/sec (0.81 MB/sec), 19.9 ms avg latency, 135.0 ms max latency.
416 records sent, 83.1 records/sec (0.81 MB/sec), 17.8 ms avg latency, 94.0 ms max latency.
417 records sent, 83.2 records/sec (0.81 MB/sec), 17.3 ms avg latency, 94.0 ms max latency.
410 records sent, 81.7 records/sec (0.80 MB/sec), 16.6 ms avg latency, 98.0 ms max latency.
424 records sent, 84.7 records/sec (0.83 MB/sec), 16.7 ms avg latency, 95.0 ms max latency.
415 records sent, 82.9 records/sec (0.81 MB/sec), 20.1 ms avg latency, 136.0 ms max latency.
417 records sent, 83.0 records/sec (0.81 MB/sec), 14.9 ms avg latency, 85.0 ms max latency.
414 records sent, 82.6 records/sec (0.81 MB/sec), 18.8 ms avg latency, 130.0 ms max latency.
420 records sent, 83.8 records/sec (0.82 MB/sec), 18.3 ms avg latency, 112.0 ms max latency.
417 records sent, 83.3 records/sec (0.81 MB/sec), 16.8 ms avg latency, 116.0 ms max latency.
416 records sent, 83.1 records/sec (0.81 MB/sec), 20.9 ms avg latency, 150.0 ms max latency.
415 records sent, 83.0 records/sec (0.81 MB/sec), 18.5 ms avg latency, 144.0 ms max latency.
8333 records sent, 82.976520 records/sec (0.81 MB/sec), 1100.05 ms avg latency, 9940.00 ms max latency, 15 ms 50th, 6268 ms 95th, 6773 ms 99th, 7022 ms 99.9th.
----- /var/lib/kafka-client/results/security-overhead-final-factorial-plaintext-b5-rf5-isr3-msg10240-tps1000-batch16384-acks1-prod12-compnone-trial2/producer-perf-10.log -----
producer_index=10
producer_count=12
producer_records=8333
producer_throughput=83
1 records sent, 0.1 records/sec (0.00 MB/sec), 1188.0 ms avg latency, 1188.0 ms max latency.
308 records sent, 61.1 records/sec (0.60 MB/sec), 2854.7 ms avg latency, 9168.0 ms max latency.
640 records sent, 127.2 records/sec (1.24 MB/sec), 6241.1 ms avg latency, 7475.0 ms max latency.
1069 records sent, 213.7 records/sec (2.09 MB/sec), 3926.1 ms avg latency, 7765.0 ms max latency.
416 records sent, 83.0 records/sec (0.81 MB/sec), 24.2 ms avg latency, 130.0 ms max latency.
416 records sent, 83.2 records/sec (0.81 MB/sec), 17.6 ms avg latency, 161.0 ms max latency.
414 records sent, 82.8 records/sec (0.81 MB/sec), 17.0 ms avg latency, 103.0 ms max latency.
417 records sent, 83.2 records/sec (0.81 MB/sec), 16.5 ms avg latency, 103.0 ms max latency.
416 records sent, 83.1 records/sec (0.81 MB/sec), 17.3 ms avg latency, 108.0 ms max latency.
419 records sent, 83.4 records/sec (0.81 MB/sec), 16.7 ms avg latency, 85.0 ms max latency.
416 records sent, 83.2 records/sec (0.81 MB/sec), 17.2 ms avg latency, 98.0 ms max latency.
411 records sent, 80.7 records/sec (0.79 MB/sec), 17.8 ms avg latency, 114.0 ms max latency.
427 records sent, 85.4 records/sec (0.83 MB/sec), 19.7 ms avg latency, 133.0 ms max latency.
409 records sent, 81.8 records/sec (0.80 MB/sec), 17.5 ms avg latency, 140.0 ms max latency.
423 records sent, 84.5 records/sec (0.83 MB/sec), 18.2 ms avg latency, 143.0 ms max latency.
416 records sent, 83.2 records/sec (0.81 MB/sec), 16.3 ms avg latency, 108.0 ms max latency.
415 records sent, 83.0 records/sec (0.81 MB/sec), 19.4 ms avg latency, 155.0 ms max latency.
416 records sent, 83.2 records/sec (0.81 MB/sec), 18.0 ms avg latency, 164.0 ms max latency.
416 records sent, 83.0 records/sec (0.81 MB/sec), 15.4 ms avg latency, 121.0 ms max latency.
8333 records sent, 82.717888 records/sec (0.81 MB/sec), 1102.22 ms avg latency, 9168.00 ms max latency, 15 ms 50th, 6756 ms 95th, 7378 ms 99th, 7584 ms 99.9th.
----- /var/lib/kafka-client/results/security-overhead-final-factorial-plaintext-b5-rf5-isr3-msg10240-tps1000-batch16384-acks1-prod12-compnone-trial2/producer-perf-11.log -----
producer_index=11
producer_count=12
producer_records=8333
producer_throughput=83
1 records sent, 0.1 records/sec (0.00 MB/sec), 9936.0 ms avg latency, 9936.0 ms max latency.
281 records sent, 56.1 records/sec (0.55 MB/sec), 3184.8 ms avg latency, 4514.0 ms max latency.
541 records sent, 107.8 records/sec (1.05 MB/sec), 5895.7 ms avg latency, 7428.0 ms max latency.
1182 records sent, 235.1 records/sec (2.30 MB/sec), 5611.3 ms avg latency, 8480.0 ms max latency.
493 records sent, 98.4 records/sec (0.96 MB/sec), 117.7 ms avg latency, 1120.0 ms max latency.
417 records sent, 83.3 records/sec (0.81 MB/sec), 18.1 ms avg latency, 76.0 ms max latency.
416 records sent, 83.2 records/sec (0.81 MB/sec), 20.2 ms avg latency, 137.0 ms max latency.
419 records sent, 83.8 records/sec (0.82 MB/sec), 16.9 ms avg latency, 89.0 ms max latency.
415 records sent, 83.0 records/sec (0.81 MB/sec), 19.1 ms avg latency, 105.0 ms max latency.
415 records sent, 82.7 records/sec (0.81 MB/sec), 17.0 ms avg latency, 86.0 ms max latency.
420 records sent, 83.8 records/sec (0.82 MB/sec), 18.1 ms avg latency, 100.0 ms max latency.
415 records sent, 83.0 records/sec (0.81 MB/sec), 16.7 ms avg latency, 138.0 ms max latency.
416 records sent, 83.2 records/sec (0.81 MB/sec), 17.9 ms avg latency, 89.0 ms max latency.
415 records sent, 82.9 records/sec (0.81 MB/sec), 20.7 ms avg latency, 170.0 ms max latency.
416 records sent, 83.2 records/sec (0.81 MB/sec), 19.9 ms avg latency, 128.0 ms max latency.
415 records sent, 82.8 records/sec (0.81 MB/sec), 16.7 ms avg latency, 142.0 ms max latency.
416 records sent, 83.1 records/sec (0.81 MB/sec), 19.5 ms avg latency, 153.0 ms max latency.
416 records sent, 83.0 records/sec (0.81 MB/sec), 19.4 ms avg latency, 143.0 ms max latency.
416 records sent, 83.0 records/sec (0.81 MB/sec), 13.9 ms avg latency, 87.0 ms max latency.
8333 records sent, 82.941832 records/sec (0.81 MB/sec), 1306.95 ms avg latency, 9936.00 ms max latency, 15 ms 50th, 7419 ms 95th, 8132 ms 99th, 8413 ms 99.9th.
----- /var/lib/kafka-client/results/security-overhead-final-factorial-plaintext-b5-rf5-isr3-msg10240-tps1000-batch16384-acks1-prod12-compnone-trial2/producer-perf-12.log -----
producer_index=12
producer_count=12
producer_records=8333
producer_throughput=83
1 records sent, 0.1 records/sec (0.00 MB/sec), 10742.0 ms avg latency, 10742.0 ms max latency.
294 records sent, 58.4 records/sec (0.57 MB/sec), 2699.8 ms avg latency, 3761.0 ms max latency.
656 records sent, 129.4 records/sec (1.26 MB/sec), 5627.2 ms avg latency, 7201.0 ms max latency.
1207 records sent, 239.7 records/sec (2.34 MB/sec), 4562.8 ms avg latency, 8137.0 ms max latency.
421 records sent, 84.1 records/sec (0.82 MB/sec), 21.0 ms avg latency, 110.0 ms max latency.
416 records sent, 83.2 records/sec (0.81 MB/sec), 20.3 ms avg latency, 127.0 ms max latency.
416 records sent, 83.0 records/sec (0.81 MB/sec), 20.7 ms avg latency, 88.0 ms max latency.
417 records sent, 83.2 records/sec (0.81 MB/sec), 19.4 ms avg latency, 140.0 ms max latency.
418 records sent, 83.5 records/sec (0.82 MB/sec), 19.2 ms avg latency, 100.0 ms max latency.
415 records sent, 82.6 records/sec (0.81 MB/sec), 19.0 ms avg latency, 79.0 ms max latency.
421 records sent, 84.0 records/sec (0.82 MB/sec), 20.6 ms avg latency, 134.0 ms max latency.
416 records sent, 83.2 records/sec (0.81 MB/sec), 22.6 ms avg latency, 161.0 ms max latency.
416 records sent, 83.1 records/sec (0.81 MB/sec), 18.3 ms avg latency, 93.0 ms max latency.
415 records sent, 82.9 records/sec (0.81 MB/sec), 18.2 ms avg latency, 120.0 ms max latency.
415 records sent, 82.9 records/sec (0.81 MB/sec), 19.7 ms avg latency, 148.0 ms max latency.
416 records sent, 83.2 records/sec (0.81 MB/sec), 17.7 ms avg latency, 146.0 ms max latency.
416 records sent, 83.1 records/sec (0.81 MB/sec), 17.8 ms avg latency, 146.0 ms max latency.
401 records sent, 80.0 records/sec (0.78 MB/sec), 18.7 ms avg latency, 182.0 ms max latency.
8333 records sent, 82.955869 records/sec (0.81 MB/sec), 1214.79 ms avg latency, 10742.00 ms max latency, 16 ms 50th, 6922 ms 95th, 7672 ms 99th, 8036 ms 99.9th.
