run_id=security-overhead-final-factorial-tls-b5-rf3-isr3-msg10240-tps1000-batch16384-acksall-prod12-complz4-trial2
producer_count=12
----- /var/lib/kafka-client/results/security-overhead-final-factorial-tls-b5-rf3-isr3-msg10240-tps1000-batch16384-acksall-prod12-complz4-trial2/producer-perf-1.log -----
producer_index=1
producer_count=12
producer_records=8334
producer_throughput=84
1 records sent, 0.1 records/sec (0.00 MB/sec), 4875.0 ms avg latency, 4875.0 ms max latency.
89 records sent, 17.7 records/sec (0.17 MB/sec), 7482.8 ms avg latency, 18020.0 ms max latency.
168 records sent, 32.9 records/sec (0.32 MB/sec), 10888.0 ms avg latency, 12333.0 ms max latency.
263 records sent, 51.9 records/sec (0.51 MB/sec), 13841.9 ms avg latency, 15695.0 ms max latency.
478 records sent, 94.7 records/sec (0.92 MB/sec), 16828.8 ms avg latency, 18166.0 ms max latency.
921 records sent, 183.2 records/sec (1.79 MB/sec), 18380.4 ms avg latency, 19103.0 ms max latency.
936 records sent, 186.2 records/sec (1.82 MB/sec), 15996.9 ms avg latency, 19797.0 ms max latency.
1273 records sent, 253.9 records/sec (2.48 MB/sec), 8833.7 ms avg latency, 12171.0 ms max latency.
784 records sent, 156.6 records/sec (1.53 MB/sec), 1495.6 ms avg latency, 4497.0 ms max latency.
419 records sent, 83.6 records/sec (0.82 MB/sec), 26.6 ms avg latency, 113.0 ms max latency.
428 records sent, 85.5 records/sec (0.83 MB/sec), 35.0 ms avg latency, 147.0 ms max latency.
420 records sent, 84.0 records/sec (0.82 MB/sec), 28.0 ms avg latency, 160.0 ms max latency.
421 records sent, 84.1 records/sec (0.82 MB/sec), 26.4 ms avg latency, 152.0 ms max latency.
425 records sent, 84.9 records/sec (0.83 MB/sec), 25.8 ms avg latency, 148.0 ms max latency.
421 records sent, 84.2 records/sec (0.82 MB/sec), 25.1 ms avg latency, 126.0 ms max latency.
421 records sent, 83.6 records/sec (0.82 MB/sec), 20.1 ms avg latency, 122.0 ms max latency.
424 records sent, 84.6 records/sec (0.83 MB/sec), 20.3 ms avg latency, 126.0 ms max latency.
8334 records sent, 83.693185 records/sec (0.82 MB/sec), 7030.53 ms avg latency, 19797.00 ms max latency, 4042 ms 50th, 18812 ms 95th, 19239 ms 99th, 19600 ms 99.9th.
----- /var/lib/kafka-client/results/security-overhead-final-factorial-tls-b5-rf3-isr3-msg10240-tps1000-batch16384-acksall-prod12-complz4-trial2/producer-perf-2.log -----
producer_index=2
producer_count=12
producer_records=8334
producer_throughput=84
1 records sent, 0.1 records/sec (0.00 MB/sec), 19150.0 ms avg latency, 19150.0 ms max latency.
97 records sent, 19.2 records/sec (0.19 MB/sec), 7016.5 ms avg latency, 9364.0 ms max latency.
174 records sent, 34.7 records/sec (0.34 MB/sec), 10840.9 ms avg latency, 12764.0 ms max latency.
342 records sent, 68.3 records/sec (0.67 MB/sec), 13778.2 ms avg latency, 14848.0 ms max latency.
636 records sent, 126.6 records/sec (1.24 MB/sec), 15417.8 ms avg latency, 16617.0 ms max latency.
888 records sent, 175.3 records/sec (1.71 MB/sec), 17141.3 ms avg latency, 18089.0 ms max latency.
1050 records sent, 208.8 records/sec (2.04 MB/sec), 13467.9 ms avg latency, 18750.0 ms max latency.
1250 records sent, 248.8 records/sec (2.43 MB/sec), 6815.1 ms avg latency, 11129.0 ms max latency.
575 records sent, 114.7 records/sec (1.12 MB/sec), 373.4 ms avg latency, 2094.0 ms max latency.
418 records sent, 83.5 records/sec (0.82 MB/sec), 28.2 ms avg latency, 113.0 ms max latency.
423 records sent, 84.5 records/sec (0.83 MB/sec), 32.6 ms avg latency, 172.0 ms max latency.
420 records sent, 84.0 records/sec (0.82 MB/sec), 26.2 ms avg latency, 131.0 ms max latency.
422 records sent, 84.0 records/sec (0.82 MB/sec), 28.2 ms avg latency, 159.0 ms max latency.
422 records sent, 84.2 records/sec (0.82 MB/sec), 23.1 ms avg latency, 145.0 ms max latency.
420 records sent, 83.9 records/sec (0.82 MB/sec), 21.6 ms avg latency, 104.0 ms max latency.
420 records sent, 83.7 records/sec (0.82 MB/sec), 20.4 ms avg latency, 96.0 ms max latency.
8334 records sent, 83.580712 records/sec (0.82 MB/sec), 6633.42 ms avg latency, 19150.00 ms max latency, 4032 ms 50th, 17306 ms 95th, 17947 ms 99th, 18502 ms 99.9th.
----- /var/lib/kafka-client/results/security-overhead-final-factorial-tls-b5-rf3-isr3-msg10240-tps1000-batch16384-acksall-prod12-complz4-trial2/producer-perf-3.log -----
producer_index=3
producer_count=12
producer_records=8334
producer_throughput=84
1 records sent, 0.1 records/sec (0.00 MB/sec), 18084.0 ms avg latency, 18084.0 ms max latency.
102 records sent, 19.8 records/sec (0.19 MB/sec), 6964.4 ms avg latency, 9225.0 ms max latency.
186 records sent, 37.1 records/sec (0.36 MB/sec), 10429.4 ms avg latency, 12083.0 ms max latency.
336 records sent, 66.8 records/sec (0.65 MB/sec), 13354.5 ms avg latency, 15241.0 ms max latency.
582 records sent, 115.8 records/sec (1.13 MB/sec), 15581.6 ms avg latency, 16915.0 ms max latency.
840 records sent, 167.7 records/sec (1.64 MB/sec), 17642.4 ms avg latency, 18683.0 ms max latency.
1037 records sent, 206.4 records/sec (2.02 MB/sec), 14661.0 ms avg latency, 18755.0 ms max latency.
1061 records sent, 211.5 records/sec (2.07 MB/sec), 8005.9 ms avg latency, 11364.0 ms max latency.
779 records sent, 155.6 records/sec (1.52 MB/sec), 1390.5 ms avg latency, 4413.0 ms max latency.
419 records sent, 83.8 records/sec (0.82 MB/sec), 30.0 ms avg latency, 169.0 ms max latency.
420 records sent, 83.8 records/sec (0.82 MB/sec), 31.2 ms avg latency, 153.0 ms max latency.
423 records sent, 84.4 records/sec (0.82 MB/sec), 29.5 ms avg latency, 133.0 ms max latency.
423 records sent, 84.3 records/sec (0.82 MB/sec), 28.9 ms avg latency, 162.0 ms max latency.
421 records sent, 84.0 records/sec (0.82 MB/sec), 24.6 ms avg latency, 99.0 ms max latency.
421 records sent, 84.1 records/sec (0.82 MB/sec), 21.4 ms avg latency, 143.0 ms max latency.
421 records sent, 84.2 records/sec (0.82 MB/sec), 19.7 ms avg latency, 105.0 ms max latency.
421 records sent, 83.8 records/sec (0.82 MB/sec), 17.9 ms avg latency, 64.0 ms max latency.
8334 records sent, 83.802590 records/sec (0.82 MB/sec), 6708.76 ms avg latency, 18755.00 ms max latency, 4053 ms 50th, 17978 ms 95th, 18456 ms 99th, 18663 ms 99.9th.
----- /var/lib/kafka-client/results/security-overhead-final-factorial-tls-b5-rf3-isr3-msg10240-tps1000-batch16384-acksall-prod12-complz4-trial2/producer-perf-4.log -----
producer_index=4
producer_count=12
producer_records=8334
producer_throughput=84
1 records sent, 0.1 records/sec (0.00 MB/sec), 17714.0 ms avg latency, 17714.0 ms max latency.
91 records sent, 17.3 records/sec (0.17 MB/sec), 6974.9 ms avg latency, 9146.0 ms max latency.
186 records sent, 37.1 records/sec (0.36 MB/sec), 11046.8 ms avg latency, 12792.0 ms max latency.
417 records sent, 83.3 records/sec (0.81 MB/sec), 13516.8 ms avg latency, 14928.0 ms max latency.
638 records sent, 126.0 records/sec (1.23 MB/sec), 15556.3 ms avg latency, 16725.0 ms max latency.
900 records sent, 179.2 records/sec (1.75 MB/sec), 17257.0 ms avg latency, 18467.0 ms max latency.
918 records sent, 183.1 records/sec (1.79 MB/sec), 13506.2 ms avg latency, 16890.0 ms max latency.
1249 records sent, 249.7 records/sec (2.44 MB/sec), 6132.2 ms avg latency, 10982.0 ms max latency.
506 records sent, 101.2 records/sec (0.99 MB/sec), 160.9 ms avg latency, 1160.0 ms max latency.
421 records sent, 84.0 records/sec (0.82 MB/sec), 26.4 ms avg latency, 119.0 ms max latency.
415 records sent, 82.9 records/sec (0.81 MB/sec), 31.6 ms avg latency, 129.0 ms max latency.
428 records sent, 85.5 records/sec (0.83 MB/sec), 25.7 ms avg latency, 149.0 ms max latency.
421 records sent, 84.0 records/sec (0.82 MB/sec), 24.8 ms avg latency, 162.0 ms max latency.
419 records sent, 83.6 records/sec (0.82 MB/sec), 22.5 ms avg latency, 98.0 ms max latency.
424 records sent, 84.7 records/sec (0.83 MB/sec), 23.1 ms avg latency, 130.0 ms max latency.
421 records sent, 83.9 records/sec (0.82 MB/sec), 19.9 ms avg latency, 83.0 ms max latency.
419 records sent, 83.6 records/sec (0.82 MB/sec), 17.7 ms avg latency, 55.0 ms max latency.
8334 records sent, 83.567303 records/sec (0.82 MB/sec), 6482.00 ms avg latency, 18467.00 ms max latency, 3068 ms 50th, 17264 ms 95th, 17835 ms 99th, 18272 ms 99.9th.
----- /var/lib/kafka-client/results/security-overhead-final-factorial-tls-b5-rf3-isr3-msg10240-tps1000-batch16384-acksall-prod12-complz4-trial2/producer-perf-5.log -----
producer_index=5
producer_count=12
producer_records=8333
producer_throughput=83
1 records sent, 0.1 records/sec (0.00 MB/sec), 19701.0 ms avg latency, 19701.0 ms max latency.
98 records sent, 19.0 records/sec (0.19 MB/sec), 7935.2 ms avg latency, 10059.0 ms max latency.
204 records sent, 40.3 records/sec (0.39 MB/sec), 11532.4 ms avg latency, 13303.0 ms max latency.
341 records sent, 68.0 records/sec (0.66 MB/sec), 13930.0 ms avg latency, 15501.0 ms max latency.
524 records sent, 103.4 records/sec (1.01 MB/sec), 16092.9 ms avg latency, 17552.0 ms max latency.
749 records sent, 149.3 records/sec (1.46 MB/sec), 18473.8 ms avg latency, 19647.0 ms max latency.
1008 records sent, 199.8 records/sec (1.95 MB/sec), 16558.8 ms avg latency, 20089.0 ms max latency.
1200 records sent, 239.2 records/sec (2.34 MB/sec), 9899.4 ms avg latency, 13120.0 ms max latency.
893 records sent, 178.6 records/sec (1.74 MB/sec), 2338.9 ms avg latency, 5931.0 ms max latency.
418 records sent, 83.4 records/sec (0.81 MB/sec), 31.9 ms avg latency, 190.0 ms max latency.
416 records sent, 82.9 records/sec (0.81 MB/sec), 25.4 ms avg latency, 132.0 ms max latency.
416 records sent, 83.1 records/sec (0.81 MB/sec), 27.4 ms avg latency, 146.0 ms max latency.
416 records sent, 83.1 records/sec (0.81 MB/sec), 26.2 ms avg latency, 128.0 ms max latency.
416 records sent, 83.1 records/sec (0.81 MB/sec), 23.5 ms avg latency, 151.0 ms max latency.
418 records sent, 83.3 records/sec (0.81 MB/sec), 23.7 ms avg latency, 113.0 ms max latency.
416 records sent, 83.2 records/sec (0.81 MB/sec), 18.9 ms avg latency, 102.0 ms max latency.
8333 records sent, 82.721172 records/sec (0.81 MB/sec), 7309.50 ms avg latency, 20089.00 ms max latency, 5497 ms 50th, 19139 ms 95th, 19720 ms 99th, 20016 ms 99.9th.
----- /var/lib/kafka-client/results/security-overhead-final-factorial-tls-b5-rf3-isr3-msg10240-tps1000-batch16384-acksall-prod12-complz4-trial2/producer-perf-6.log -----
producer_index=6
producer_count=12
producer_records=8333
producer_throughput=83
1 records sent, 0.1 records/sec (0.00 MB/sec), 19039.0 ms avg latency, 19039.0 ms max latency.
97 records sent, 19.1 records/sec (0.19 MB/sec), 7288.9 ms avg latency, 9231.0 ms max latency.
198 records sent, 39.0 records/sec (0.38 MB/sec), 11015.6 ms avg latency, 12415.0 ms max latency.
430 records sent, 86.0 records/sec (0.84 MB/sec), 13437.5 ms avg latency, 14866.0 ms max latency.
496 records sent, 98.8 records/sec (0.97 MB/sec), 16074.2 ms avg latency, 17806.0 ms max latency.
892 records sent, 178.0 records/sec (1.74 MB/sec), 18315.6 ms avg latency, 19261.0 ms max latency.
915 records sent, 182.6 records/sec (1.78 MB/sec), 15256.5 ms avg latency, 19459.0 ms max latency.
1150 records sent, 229.7 records/sec (2.24 MB/sec), 8634.2 ms avg latency, 12539.0 ms max latency.
757 records sent, 150.9 records/sec (1.47 MB/sec), 1425.9 ms avg latency, 4311.0 ms max latency.
416 records sent, 82.7 records/sec (0.81 MB/sec), 29.9 ms avg latency, 116.0 ms max latency.
417 records sent, 83.3 records/sec (0.81 MB/sec), 27.6 ms avg latency, 103.0 ms max latency.
416 records sent, 83.1 records/sec (0.81 MB/sec), 27.0 ms avg latency, 158.0 ms max latency.
415 records sent, 82.8 records/sec (0.81 MB/sec), 24.9 ms avg latency, 127.0 ms max latency.
418 records sent, 83.1 records/sec (0.81 MB/sec), 23.5 ms avg latency, 141.0 ms max latency.
417 records sent, 83.3 records/sec (0.81 MB/sec), 21.9 ms avg latency, 116.0 ms max latency.
417 records sent, 83.4 records/sec (0.81 MB/sec), 19.8 ms avg latency, 88.0 ms max latency.
416 records sent, 82.9 records/sec (0.81 MB/sec), 18.4 ms avg latency, 71.0 ms max latency.
8333 records sent, 82.662910 records/sec (0.81 MB/sec), 6965.76 ms avg latency, 19459.00 ms max latency, 4261 ms 50th, 18542 ms 95th, 18920 ms 99th, 19172 ms 99.9th.
----- /var/lib/kafka-client/results/security-overhead-final-factorial-tls-b5-rf3-isr3-msg10240-tps1000-batch16384-acksall-prod12-complz4-trial2/producer-perf-7.log -----
producer_index=7
producer_count=12
producer_records=8333
producer_throughput=83
1 records sent, 0.1 records/sec (0.00 MB/sec), 4559.0 ms avg latency, 4559.0 ms max latency.
91 records sent, 17.8 records/sec (0.17 MB/sec), 7097.9 ms avg latency, 17518.0 ms max latency.
174 records sent, 34.6 records/sec (0.34 MB/sec), 11024.4 ms avg latency, 12606.0 ms max latency.
454 records sent, 90.6 records/sec (0.89 MB/sec), 13073.2 ms avg latency, 14537.0 ms max latency.
560 records sent, 111.4 records/sec (1.09 MB/sec), 15307.6 ms avg latency, 16383.0 ms max latency.
878 records sent, 175.3 records/sec (1.71 MB/sec), 17076.9 ms avg latency, 18141.0 ms max latency.
930 records sent, 185.1 records/sec (1.81 MB/sec), 13814.8 ms avg latency, 17248.0 ms max latency.
1156 records sent, 230.4 records/sec (2.25 MB/sec), 6455.1 ms avg latency, 10895.0 ms max latency.
572 records sent, 113.6 records/sec (1.11 MB/sec), 413.7 ms avg latency, 1972.0 ms max latency.
418 records sent, 83.4 records/sec (0.81 MB/sec), 30.4 ms avg latency, 173.0 ms max latency.
414 records sent, 82.4 records/sec (0.81 MB/sec), 31.3 ms avg latency, 119.0 ms max latency.
423 records sent, 84.3 records/sec (0.82 MB/sec), 24.8 ms avg latency, 143.0 ms max latency.
416 records sent, 83.2 records/sec (0.81 MB/sec), 26.8 ms avg latency, 227.0 ms max latency.
415 records sent, 83.0 records/sec (0.81 MB/sec), 26.3 ms avg latency, 148.0 ms max latency.
418 records sent, 83.2 records/sec (0.81 MB/sec), 22.3 ms avg latency, 122.0 ms max latency.
416 records sent, 83.1 records/sec (0.81 MB/sec), 18.3 ms avg latency, 76.0 ms max latency.
417 records sent, 83.0 records/sec (0.81 MB/sec), 18.0 ms avg latency, 58.0 ms max latency.
8333 records sent, 82.866775 records/sec (0.81 MB/sec), 6324.50 ms avg latency, 18141.00 ms max latency, 2445 ms 50th, 17133 ms 95th, 17646 ms 99th, 17987 ms 99.9th.
----- /var/lib/kafka-client/results/security-overhead-final-factorial-tls-b5-rf3-isr3-msg10240-tps1000-batch16384-acksall-prod12-complz4-trial2/producer-perf-8.log -----
producer_index=8
producer_count=12
producer_records=8333
producer_throughput=83
1 records sent, 0.1 records/sec (0.00 MB/sec), 19571.0 ms avg latency, 19571.0 ms max latency.
89 records sent, 17.6 records/sec (0.17 MB/sec), 7327.4 ms avg latency, 9228.0 ms max latency.
228 records sent, 45.6 records/sec (0.45 MB/sec), 10669.9 ms avg latency, 12556.0 ms max latency.
407 records sent, 81.2 records/sec (0.79 MB/sec), 13144.5 ms avg latency, 14568.0 ms max latency.
665 records sent, 132.0 records/sec (1.29 MB/sec), 15264.9 ms avg latency, 16794.0 ms max latency.
900 records sent, 180.0 records/sec (1.76 MB/sec), 17232.9 ms avg latency, 18120.0 ms max latency.
1110 records sent, 218.3 records/sec (2.13 MB/sec), 12393.7 ms avg latency, 16602.0 ms max latency.
1137 records sent, 226.3 records/sec (2.21 MB/sec), 4638.5 ms avg latency, 9150.0 ms max latency.
448 records sent, 89.4 records/sec (0.87 MB/sec), 49.5 ms avg latency, 532.0 ms max latency.
415 records sent, 82.9 records/sec (0.81 MB/sec), 31.8 ms avg latency, 141.0 ms max latency.
416 records sent, 82.7 records/sec (0.81 MB/sec), 31.7 ms avg latency, 168.0 ms max latency.
421 records sent, 84.1 records/sec (0.82 MB/sec), 25.6 ms avg latency, 156.0 ms max latency.
416 records sent, 83.1 records/sec (0.81 MB/sec), 26.6 ms avg latency, 145.0 ms max latency.
415 records sent, 82.7 records/sec (0.81 MB/sec), 29.8 ms avg latency, 167.0 ms max latency.
420 records sent, 83.9 records/sec (0.82 MB/sec), 23.4 ms avg latency, 144.0 ms max latency.
416 records sent, 83.1 records/sec (0.81 MB/sec), 21.2 ms avg latency, 97.0 ms max latency.
416 records sent, 82.6 records/sec (0.81 MB/sec), 18.1 ms avg latency, 69.0 ms max latency.
8333 records sent, 82.856063 records/sec (0.81 MB/sec), 6390.87 ms avg latency, 19571.00 ms max latency, 3101 ms 50th, 17329 ms 95th, 17716 ms 99th, 17995 ms 99.9th.
----- /var/lib/kafka-client/results/security-overhead-final-factorial-tls-b5-rf3-isr3-msg10240-tps1000-batch16384-acksall-prod12-complz4-trial2/producer-perf-9.log -----
producer_index=9
producer_count=12
producer_records=8333
producer_throughput=83
1 records sent, 0.1 records/sec (0.00 MB/sec), 4763.0 ms avg latency, 4763.0 ms max latency.
88 records sent, 17.5 records/sec (0.17 MB/sec), 7330.6 ms avg latency, 17633.0 ms max latency.
174 records sent, 34.5 records/sec (0.34 MB/sec), 11031.6 ms avg latency, 12787.0 ms max latency.
365 records sent, 73.0 records/sec (0.71 MB/sec), 13825.5 ms avg latency, 14877.0 ms max latency.
576 records sent, 115.0 records/sec (1.12 MB/sec), 15453.3 ms avg latency, 16823.0 ms max latency.
972 records sent, 193.5 records/sec (1.89 MB/sec), 16898.6 ms avg latency, 17609.0 ms max latency.
984 records sent, 196.8 records/sec (1.92 MB/sec), 12820.4 ms avg latency, 16662.0 ms max latency.
1101 records sent, 219.8 records/sec (2.15 MB/sec), 5541.5 ms avg latency, 9765.0 ms max latency.
525 records sent, 104.7 records/sec (1.02 MB/sec), 224.6 ms avg latency, 1543.0 ms max latency.
415 records sent, 83.0 records/sec (0.81 MB/sec), 28.2 ms avg latency, 113.0 ms max latency.
419 records sent, 83.5 records/sec (0.82 MB/sec), 31.7 ms avg latency, 108.0 ms max latency.
416 records sent, 83.1 records/sec (0.81 MB/sec), 22.1 ms avg latency, 103.0 ms max latency.
415 records sent, 82.9 records/sec (0.81 MB/sec), 24.8 ms avg latency, 119.0 ms max latency.
418 records sent, 83.5 records/sec (0.82 MB/sec), 26.1 ms avg latency, 127.0 ms max latency.
416 records sent, 83.0 records/sec (0.81 MB/sec), 22.9 ms avg latency, 144.0 ms max latency.
415 records sent, 83.0 records/sec (0.81 MB/sec), 21.1 ms avg latency, 105.0 ms max latency.
415 records sent, 82.9 records/sec (0.81 MB/sec), 19.2 ms avg latency, 67.0 ms max latency.
8333 records sent, 82.679314 records/sec (0.81 MB/sec), 6223.72 ms avg latency, 17633.00 ms max latency, 2068 ms 50th, 16960 ms 95th, 17225 ms 99th, 17468 ms 99.9th.
----- /var/lib/kafka-client/results/security-overhead-final-factorial-tls-b5-rf3-isr3-msg10240-tps1000-batch16384-acksall-prod12-complz4-trial2/producer-perf-10.log -----
producer_index=10
producer_count=12
producer_records=8333
producer_throughput=83
1 records sent, 0.1 records/sec (0.00 MB/sec), 18214.0 ms avg latency, 18214.0 ms max latency.
84 records sent, 16.5 records/sec (0.16 MB/sec), 7055.8 ms avg latency, 8970.0 ms max latency.
168 records sent, 33.5 records/sec (0.33 MB/sec), 10832.1 ms avg latency, 12198.0 ms max latency.
397 records sent, 79.3 records/sec (0.77 MB/sec), 13270.2 ms avg latency, 15000.0 ms max latency.
648 records sent, 129.2 records/sec (1.26 MB/sec), 15010.2 ms avg latency, 15858.0 ms max latency.
1043 records sent, 208.4 records/sec (2.04 MB/sec), 16345.0 ms avg latency, 17446.0 ms max latency.
1108 records sent, 221.1 records/sec (2.16 MB/sec), 11061.7 ms avg latency, 14597.0 ms max latency.
1006 records sent, 200.7 records/sec (1.96 MB/sec), 3081.8 ms avg latency, 7289.0 ms max latency.
417 records sent, 83.4 records/sec (0.81 MB/sec), 27.8 ms avg latency, 109.0 ms max latency.
417 records sent, 83.1 records/sec (0.81 MB/sec), 26.4 ms avg latency, 119.0 ms max latency.
416 records sent, 83.2 records/sec (0.81 MB/sec), 32.4 ms avg latency, 158.0 ms max latency.
417 records sent, 83.0 records/sec (0.81 MB/sec), 23.8 ms avg latency, 127.0 ms max latency.
418 records sent, 83.3 records/sec (0.81 MB/sec), 25.4 ms avg latency, 145.0 ms max latency.
415 records sent, 82.9 records/sec (0.81 MB/sec), 25.8 ms avg latency, 179.0 ms max latency.
417 records sent, 83.2 records/sec (0.81 MB/sec), 19.6 ms avg latency, 123.0 ms max latency.
416 records sent, 83.1 records/sec (0.81 MB/sec), 18.9 ms avg latency, 71.0 ms max latency.
417 records sent, 83.0 records/sec (0.81 MB/sec), 18.5 ms avg latency, 67.0 ms max latency.
8333 records sent, 82.974041 records/sec (0.81 MB/sec), 5990.98 ms avg latency, 18214.00 ms max latency, 1274 ms 50th, 16585 ms 95th, 16944 ms 99th, 17287 ms 99.9th.
----- /var/lib/kafka-client/results/security-overhead-final-factorial-tls-b5-rf3-isr3-msg10240-tps1000-batch16384-acksall-prod12-complz4-trial2/producer-perf-11.log -----
producer_index=11
producer_count=12
producer_records=8333
producer_throughput=83
1 records sent, 0.1 records/sec (0.00 MB/sec), 18234.0 ms avg latency, 18234.0 ms max latency.
95 records sent, 18.6 records/sec (0.18 MB/sec), 7480.5 ms avg latency, 9275.0 ms max latency.
186 records sent, 36.8 records/sec (0.36 MB/sec), 10961.7 ms avg latency, 12481.0 ms max latency.
369 records sent, 73.7 records/sec (0.72 MB/sec), 13591.7 ms avg latency, 14754.0 ms max latency.
531 records sent, 105.9 records/sec (1.03 MB/sec), 15768.7 ms avg latency, 16814.0 ms max latency.
912 records sent, 181.5 records/sec (1.77 MB/sec), 17321.1 ms avg latency, 18496.0 ms max latency.
981 records sent, 194.5 records/sec (1.90 MB/sec), 14237.0 ms avg latency, 18666.0 ms max latency.
1259 records sent, 250.7 records/sec (2.45 MB/sec), 6643.9 ms avg latency, 11492.0 ms max latency.
545 records sent, 108.7 records/sec (1.06 MB/sec), 307.6 ms avg latency, 1848.0 ms max latency.
414 records sent, 82.8 records/sec (0.81 MB/sec), 32.8 ms avg latency, 148.0 ms max latency.
408 records sent, 81.3 records/sec (0.79 MB/sec), 28.1 ms avg latency, 116.0 ms max latency.
425 records sent, 84.7 records/sec (0.83 MB/sec), 25.0 ms avg latency, 160.0 ms max latency.
418 records sent, 83.2 records/sec (0.81 MB/sec), 25.1 ms avg latency, 135.0 ms max latency.
415 records sent, 82.9 records/sec (0.81 MB/sec), 25.7 ms avg latency, 142.0 ms max latency.
420 records sent, 83.9 records/sec (0.82 MB/sec), 20.6 ms avg latency, 98.0 ms max latency.
417 records sent, 83.2 records/sec (0.81 MB/sec), 20.9 ms avg latency, 121.0 ms max latency.
413 records sent, 82.6 records/sec (0.81 MB/sec), 18.4 ms avg latency, 69.0 ms max latency.
8333 records sent, 82.911298 records/sec (0.81 MB/sec), 6544.55 ms avg latency, 18666.00 ms max latency, 3018 ms 50th, 17578 ms 95th, 18106 ms 99th, 18512 ms 99.9th.
----- /var/lib/kafka-client/results/security-overhead-final-factorial-tls-b5-rf3-isr3-msg10240-tps1000-batch16384-acksall-prod12-complz4-trial2/producer-perf-12.log -----
producer_index=12
producer_count=12
producer_records=8333
producer_throughput=83
1 records sent, 0.1 records/sec (0.00 MB/sec), 19328.0 ms avg latency, 19328.0 ms max latency.
96 records sent, 18.3 records/sec (0.18 MB/sec), 7571.3 ms avg latency, 9548.0 ms max latency.
199 records sent, 39.7 records/sec (0.39 MB/sec), 11069.0 ms avg latency, 12319.0 ms max latency.
379 records sent, 75.3 records/sec (0.74 MB/sec), 13693.9 ms avg latency, 15079.0 ms max latency.
652 records sent, 130.0 records/sec (1.27 MB/sec), 15842.8 ms avg latency, 16844.0 ms max latency.
882 records sent, 175.8 records/sec (1.72 MB/sec), 17437.9 ms avg latency, 18489.0 ms max latency.
1045 records sent, 208.9 records/sec (2.04 MB/sec), 12964.6 ms avg latency, 18456.0 ms max latency.
1229 records sent, 244.0 records/sec (2.38 MB/sec), 5858.3 ms avg latency, 10777.0 ms max latency.
493 records sent, 98.2 records/sec (0.96 MB/sec), 110.9 ms avg latency, 1023.0 ms max latency.
416 records sent, 83.0 records/sec (0.81 MB/sec), 33.6 ms avg latency, 129.0 ms max latency.
415 records sent, 82.7 records/sec (0.81 MB/sec), 33.4 ms avg latency, 141.0 ms max latency.
421 records sent, 84.0 records/sec (0.82 MB/sec), 25.3 ms avg latency, 139.0 ms max latency.
416 records sent, 83.1 records/sec (0.81 MB/sec), 28.1 ms avg latency, 150.0 ms max latency.
419 records sent, 83.5 records/sec (0.82 MB/sec), 23.5 ms avg latency, 122.0 ms max latency.
415 records sent, 82.9 records/sec (0.81 MB/sec), 22.4 ms avg latency, 121.0 ms max latency.
416 records sent, 83.2 records/sec (0.81 MB/sec), 20.4 ms avg latency, 88.0 ms max latency.
416 records sent, 83.2 records/sec (0.81 MB/sec), 18.3 ms avg latency, 79.0 ms max latency.
8333 records sent, 82.861007 records/sec (0.81 MB/sec), 6568.67 ms avg latency, 19328.00 ms max latency, 3385 ms 50th, 17565 ms 95th, 18094 ms 99th, 18389 ms 99.9th.
