run_id=security-overhead-final-factorial-tls-b5-rf5-isr4-msg10240-tps1000-batch16384-acks1-prod12-complz4-trial3
producer_count=12
----- /var/lib/kafka-client/results/security-overhead-final-factorial-tls-b5-rf5-isr4-msg10240-tps1000-batch16384-acks1-prod12-complz4-trial3/producer-perf-1.log -----
producer_index=1
producer_count=12
producer_records=8334
producer_throughput=84
[2026-04-25 03:54:02,174] WARN [Producer clientId=perf-producer-client] Bootstrap broker 10.20.1.91:9094 (id: -3 rack: null) disconnected (org.apache.kafka.clients.NetworkClient)
1 records sent, 0.0 records/sec (0.00 MB/sec), 20397.0 ms avg latency, 20397.0 ms max latency.
89 records sent, 17.5 records/sec (0.17 MB/sec), 7155.0 ms avg latency, 9199.0 ms max latency.
204 records sent, 40.5 records/sec (0.40 MB/sec), 10824.1 ms avg latency, 12358.0 ms max latency.
276 records sent, 55.1 records/sec (0.54 MB/sec), 13533.1 ms avg latency, 15678.0 ms max latency.
703 records sent, 140.3 records/sec (1.37 MB/sec), 15797.6 ms avg latency, 16921.0 ms max latency.
887 records sent, 176.8 records/sec (1.73 MB/sec), 17366.6 ms avg latency, 18370.0 ms max latency.
1097 records sent, 217.3 records/sec (2.12 MB/sec), 12854.8 ms avg latency, 18433.0 ms max latency.
1206 records sent, 241.2 records/sec (2.35 MB/sec), 7325.6 ms avg latency, 10644.0 ms max latency.
642 records sent, 128.4 records/sec (1.25 MB/sec), 711.4 ms avg latency, 2724.0 ms max latency.
423 records sent, 84.3 records/sec (0.82 MB/sec), 28.4 ms avg latency, 99.0 ms max latency.
423 records sent, 84.4 records/sec (0.82 MB/sec), 28.0 ms avg latency, 187.0 ms max latency.
421 records sent, 84.1 records/sec (0.82 MB/sec), 23.7 ms avg latency, 116.0 ms max latency.
420 records sent, 83.8 records/sec (0.82 MB/sec), 22.5 ms avg latency, 81.0 ms max latency.
423 records sent, 84.6 records/sec (0.83 MB/sec), 21.6 ms avg latency, 83.0 ms max latency.
419 records sent, 83.6 records/sec (0.82 MB/sec), 20.5 ms avg latency, 98.0 ms max latency.
423 records sent, 84.6 records/sec (0.83 MB/sec), 17.0 ms avg latency, 76.0 ms max latency.
8334 records sent, 83.716725 records/sec (0.82 MB/sec), 6788.57 ms avg latency, 20397.00 ms max latency, 5099 ms 50th, 17556 ms 95th, 18119 ms 99th, 18370 ms 99.9th.
----- /var/lib/kafka-client/results/security-overhead-final-factorial-tls-b5-rf5-isr4-msg10240-tps1000-batch16384-acks1-prod12-complz4-trial3/producer-perf-2.log -----
producer_index=2
producer_count=12
producer_records=8334
producer_throughput=84
1 records sent, 0.1 records/sec (0.00 MB/sec), 3920.0 ms avg latency, 3920.0 ms max latency.
83 records sent, 16.4 records/sec (0.16 MB/sec), 6520.0 ms avg latency, 17290.0 ms max latency.
174 records sent, 34.7 records/sec (0.34 MB/sec), 10594.3 ms avg latency, 12608.0 ms max latency.
276 records sent, 54.8 records/sec (0.53 MB/sec), 13581.0 ms avg latency, 15309.0 ms max latency.
668 records sent, 133.3 records/sec (1.30 MB/sec), 15540.8 ms avg latency, 16269.0 ms max latency.
952 records sent, 190.3 records/sec (1.86 MB/sec), 16976.1 ms avg latency, 17938.0 ms max latency.
1128 records sent, 224.4 records/sec (2.19 MB/sec), 12179.5 ms avg latency, 17176.0 ms max latency.
1140 records sent, 227.8 records/sec (2.22 MB/sec), 4122.5 ms avg latency, 8695.0 ms max latency.
426 records sent, 85.0 records/sec (0.83 MB/sec), 30.8 ms avg latency, 171.0 ms max latency.
419 records sent, 83.7 records/sec (0.82 MB/sec), 28.1 ms avg latency, 130.0 ms max latency.
421 records sent, 83.7 records/sec (0.82 MB/sec), 22.9 ms avg latency, 89.0 ms max latency.
424 records sent, 84.5 records/sec (0.83 MB/sec), 22.1 ms avg latency, 132.0 ms max latency.
422 records sent, 84.0 records/sec (0.82 MB/sec), 22.6 ms avg latency, 95.0 ms max latency.
422 records sent, 84.2 records/sec (0.82 MB/sec), 20.5 ms avg latency, 89.0 ms max latency.
421 records sent, 84.0 records/sec (0.82 MB/sec), 20.0 ms avg latency, 86.0 ms max latency.
423 records sent, 84.4 records/sec (0.82 MB/sec), 18.5 ms avg latency, 92.0 ms max latency.
418 records sent, 83.0 records/sec (0.81 MB/sec), 16.4 ms avg latency, 90.0 ms max latency.
8334 records sent, 83.689823 records/sec (0.82 MB/sec), 6144.08 ms avg latency, 17938.00 ms max latency, 1733 ms 50th, 17105 ms 95th, 17626 ms 99th, 17889 ms 99.9th.
----- /var/lib/kafka-client/results/security-overhead-final-factorial-tls-b5-rf5-isr4-msg10240-tps1000-batch16384-acks1-prod12-complz4-trial3/producer-perf-3.log -----
producer_index=3
producer_count=12
producer_records=8334
producer_throughput=84
1 records sent, 0.1 records/sec (0.00 MB/sec), 16429.0 ms avg latency, 16429.0 ms max latency.
108 records sent, 20.9 records/sec (0.20 MB/sec), 6895.7 ms avg latency, 8701.0 ms max latency.
204 records sent, 40.8 records/sec (0.40 MB/sec), 10565.0 ms avg latency, 12192.0 ms max latency.
252 records sent, 49.2 records/sec (0.48 MB/sec), 13544.3 ms avg latency, 15483.0 ms max latency.
288 records sent, 57.4 records/sec (0.56 MB/sec), 16948.7 ms avg latency, 18661.0 ms max latency.
726 records sent, 143.9 records/sec (1.41 MB/sec), 19744.6 ms avg latency, 20653.0 ms max latency.
1059 records sent, 211.8 records/sec (2.07 MB/sec), 18996.1 ms avg latency, 21670.0 ms max latency.
1224 records sent, 243.3 records/sec (2.38 MB/sec), 9860.0 ms avg latency, 14880.0 ms max latency.
928 records sent, 185.6 records/sec (1.81 MB/sec), 2521.5 ms avg latency, 6151.0 ms max latency.
421 records sent, 84.0 records/sec (0.82 MB/sec), 25.3 ms avg latency, 151.0 ms max latency.
422 records sent, 84.0 records/sec (0.82 MB/sec), 27.8 ms avg latency, 143.0 ms max latency.
421 records sent, 83.7 records/sec (0.82 MB/sec), 22.6 ms avg latency, 97.0 ms max latency.
425 records sent, 84.9 records/sec (0.83 MB/sec), 25.5 ms avg latency, 106.0 ms max latency.
420 records sent, 83.9 records/sec (0.82 MB/sec), 24.3 ms avg latency, 130.0 ms max latency.
427 records sent, 85.3 records/sec (0.83 MB/sec), 19.3 ms avg latency, 97.0 ms max latency.
420 records sent, 83.9 records/sec (0.82 MB/sec), 16.6 ms avg latency, 82.0 ms max latency.
426 records sent, 85.1 records/sec (0.83 MB/sec), 17.4 ms avg latency, 80.0 ms max latency.
8334 records sent, 83.561438 records/sec (0.82 MB/sec), 7217.35 ms avg latency, 21670.00 ms max latency, 3625 ms 50th, 20466 ms 95th, 20909 ms 99th, 21532 ms 99.9th.
----- /var/lib/kafka-client/results/security-overhead-final-factorial-tls-b5-rf5-isr4-msg10240-tps1000-batch16384-acks1-prod12-complz4-trial3/producer-perf-4.log -----
producer_index=4
producer_count=12
producer_records=8334
producer_throughput=84
1 records sent, 0.1 records/sec (0.00 MB/sec), 17872.0 ms avg latency, 17872.0 ms max latency.
92 records sent, 18.3 records/sec (0.18 MB/sec), 7216.7 ms avg latency, 9239.0 ms max latency.
162 records sent, 32.2 records/sec (0.31 MB/sec), 11153.3 ms avg latency, 12769.0 ms max latency.
252 records sent, 49.9 records/sec (0.49 MB/sec), 14008.6 ms avg latency, 16223.0 ms max latency.
601 records sent, 118.5 records/sec (1.16 MB/sec), 16152.1 ms avg latency, 17059.0 ms max latency.
1019 records sent, 203.4 records/sec (1.99 MB/sec), 17512.3 ms avg latency, 18362.0 ms max latency.
1144 records sent, 227.8 records/sec (2.22 MB/sec), 12384.2 ms avg latency, 18245.0 ms max latency.
1203 records sent, 236.3 records/sec (2.31 MB/sec), 5029.8 ms avg latency, 9536.0 ms max latency.
448 records sent, 89.3 records/sec (0.87 MB/sec), 36.0 ms avg latency, 520.0 ms max latency.
421 records sent, 84.1 records/sec (0.82 MB/sec), 24.1 ms avg latency, 95.0 ms max latency.
422 records sent, 84.3 records/sec (0.82 MB/sec), 27.6 ms avg latency, 140.0 ms max latency.
419 records sent, 83.7 records/sec (0.82 MB/sec), 22.3 ms avg latency, 149.0 ms max latency.
425 records sent, 84.9 records/sec (0.83 MB/sec), 23.6 ms avg latency, 124.0 ms max latency.
420 records sent, 83.8 records/sec (0.82 MB/sec), 19.2 ms avg latency, 68.0 ms max latency.
420 records sent, 83.0 records/sec (0.81 MB/sec), 17.8 ms avg latency, 70.0 ms max latency.
426 records sent, 85.0 records/sec (0.83 MB/sec), 17.3 ms avg latency, 101.0 ms max latency.
422 records sent, 84.1 records/sec (0.82 MB/sec), 15.4 ms avg latency, 70.0 ms max latency.
8334 records sent, 83.610899 records/sec (0.82 MB/sec), 6464.70 ms avg latency, 18362.00 ms max latency, 2776 ms 50th, 17667 ms 95th, 17926 ms 99th, 18162 ms 99.9th.
----- /var/lib/kafka-client/results/security-overhead-final-factorial-tls-b5-rf5-isr4-msg10240-tps1000-batch16384-acks1-prod12-complz4-trial3/producer-perf-5.log -----
producer_index=5
producer_count=12
producer_records=8333
producer_throughput=83
[2026-04-25 03:54:00,965] WARN [Producer clientId=perf-producer-client] Bootstrap broker 10.20.1.69:9094 (id: -1 rack: null) disconnected (org.apache.kafka.clients.NetworkClient)
1 records sent, 0.1 records/sec (0.00 MB/sec), 18816.0 ms avg latency, 18816.0 ms max latency.
94 records sent, 18.6 records/sec (0.18 MB/sec), 7352.5 ms avg latency, 9133.0 ms max latency.
180 records sent, 35.6 records/sec (0.35 MB/sec), 10775.2 ms avg latency, 12523.0 ms max latency.
372 records sent, 74.0 records/sec (0.72 MB/sec), 13464.7 ms avg latency, 14823.0 ms max latency.
626 records sent, 125.0 records/sec (1.22 MB/sec), 15743.8 ms avg latency, 16744.0 ms max latency.
946 records sent, 189.1 records/sec (1.85 MB/sec), 17518.6 ms avg latency, 18319.0 ms max latency.
1086 records sent, 217.1 records/sec (2.12 MB/sec), 12434.6 ms avg latency, 17649.0 ms max latency.
1157 records sent, 231.4 records/sec (2.26 MB/sec), 4817.6 ms avg latency, 9481.0 ms max latency.
449 records sent, 89.7 records/sec (0.88 MB/sec), 51.8 ms avg latency, 499.0 ms max latency.
415 records sent, 82.9 records/sec (0.81 MB/sec), 25.1 ms avg latency, 122.0 ms max latency.
416 records sent, 83.1 records/sec (0.81 MB/sec), 24.9 ms avg latency, 134.0 ms max latency.
417 records sent, 83.2 records/sec (0.81 MB/sec), 20.3 ms avg latency, 74.0 ms max latency.
417 records sent, 83.3 records/sec (0.81 MB/sec), 20.0 ms avg latency, 106.0 ms max latency.
414 records sent, 82.1 records/sec (0.80 MB/sec), 21.5 ms avg latency, 90.0 ms max latency.
422 records sent, 84.1 records/sec (0.82 MB/sec), 19.7 ms avg latency, 106.0 ms max latency.
414 records sent, 82.7 records/sec (0.81 MB/sec), 17.7 ms avg latency, 93.0 ms max latency.
421 records sent, 84.2 records/sec (0.82 MB/sec), 17.7 ms avg latency, 89.0 ms max latency.
8333 records sent, 82.806662 records/sec (0.81 MB/sec), 6391.27 ms avg latency, 18816.00 ms max latency, 2661 ms 50th, 17709 ms 95th, 18000 ms 99th, 18190 ms 99.9th.
----- /var/lib/kafka-client/results/security-overhead-final-factorial-tls-b5-rf5-isr4-msg10240-tps1000-batch16384-acks1-prod12-complz4-trial3/producer-perf-6.log -----
producer_index=6
producer_count=12
producer_records=8333
producer_throughput=83
[2026-04-25 03:54:00,481] WARN [Producer clientId=perf-producer-client] Bootstrap broker 10.20.1.118:9094 (id: -4 rack: null) disconnected (org.apache.kafka.clients.NetworkClient)
1 records sent, 0.1 records/sec (0.00 MB/sec), 18265.0 ms avg latency, 18265.0 ms max latency.
86 records sent, 17.0 records/sec (0.17 MB/sec), 6823.2 ms avg latency, 8808.0 ms max latency.
199 records sent, 39.8 records/sec (0.39 MB/sec), 10272.2 ms avg latency, 11359.0 ms max latency.
330 records sent, 65.5 records/sec (0.64 MB/sec), 12956.6 ms avg latency, 14294.0 ms max latency.
634 records sent, 126.5 records/sec (1.24 MB/sec), 15404.7 ms avg latency, 16383.0 ms max latency.
944 records sent, 188.8 records/sec (1.84 MB/sec), 17137.7 ms avg latency, 18656.0 ms max latency.
1240 records sent, 247.8 records/sec (2.42 MB/sec), 11559.5 ms avg latency, 19263.0 ms max latency.
1008 records sent, 200.8 records/sec (1.96 MB/sec), 3190.6 ms avg latency, 7364.0 ms max latency.
412 records sent, 82.0 records/sec (0.80 MB/sec), 25.9 ms avg latency, 149.0 ms max latency.
423 records sent, 84.3 records/sec (0.82 MB/sec), 25.1 ms avg latency, 105.0 ms max latency.
417 records sent, 83.3 records/sec (0.81 MB/sec), 24.6 ms avg latency, 156.0 ms max latency.
417 records sent, 83.3 records/sec (0.81 MB/sec), 20.7 ms avg latency, 106.0 ms max latency.
417 records sent, 83.0 records/sec (0.81 MB/sec), 20.7 ms avg latency, 79.0 ms max latency.
416 records sent, 83.2 records/sec (0.81 MB/sec), 19.9 ms avg latency, 96.0 ms max latency.
414 records sent, 82.2 records/sec (0.80 MB/sec), 18.8 ms avg latency, 72.0 ms max latency.
421 records sent, 84.1 records/sec (0.82 MB/sec), 16.8 ms avg latency, 79.0 ms max latency.
416 records sent, 82.8 records/sec (0.81 MB/sec), 16.1 ms avg latency, 110.0 ms max latency.
8333 records sent, 82.648153 records/sec (0.81 MB/sec), 6060.29 ms avg latency, 19263.00 ms max latency, 1295 ms 50th, 17218 ms 95th, 17916 ms 99th, 19104 ms 99.9th.
----- /var/lib/kafka-client/results/security-overhead-final-factorial-tls-b5-rf5-isr4-msg10240-tps1000-batch16384-acks1-prod12-complz4-trial3/producer-perf-7.log -----
producer_index=7
producer_count=12
producer_records=8333
producer_throughput=83
1 records sent, 0.1 records/sec (0.00 MB/sec), 4311.0 ms avg latency, 4311.0 ms max latency.
96 records sent, 18.8 records/sec (0.18 MB/sec), 6845.0 ms avg latency, 18053.0 ms max latency.
186 records sent, 36.7 records/sec (0.36 MB/sec), 10658.0 ms avg latency, 12396.0 ms max latency.
360 records sent, 69.9 records/sec (0.68 MB/sec), 13500.5 ms avg latency, 15113.0 ms max latency.
680 records sent, 135.6 records/sec (1.32 MB/sec), 15154.0 ms avg latency, 16325.0 ms max latency.
952 records sent, 189.7 records/sec (1.85 MB/sec), 16762.6 ms avg latency, 17808.0 ms max latency.
1019 records sent, 202.6 records/sec (1.98 MB/sec), 12113.6 ms avg latency, 16237.0 ms max latency.
1151 records sent, 229.7 records/sec (2.24 MB/sec), 4192.3 ms avg latency, 8936.0 ms max latency.
419 records sent, 83.2 records/sec (0.81 MB/sec), 24.4 ms avg latency, 142.0 ms max latency.
417 records sent, 83.3 records/sec (0.81 MB/sec), 24.8 ms avg latency, 125.0 ms max latency.
414 records sent, 82.8 records/sec (0.81 MB/sec), 21.8 ms avg latency, 90.0 ms max latency.
416 records sent, 82.9 records/sec (0.81 MB/sec), 22.3 ms avg latency, 109.0 ms max latency.
421 records sent, 84.1 records/sec (0.82 MB/sec), 21.5 ms avg latency, 103.0 ms max latency.
409 records sent, 81.5 records/sec (0.80 MB/sec), 21.8 ms avg latency, 130.0 ms max latency.
425 records sent, 84.9 records/sec (0.83 MB/sec), 20.1 ms avg latency, 82.0 ms max latency.
414 records sent, 82.5 records/sec (0.81 MB/sec), 17.6 ms avg latency, 91.0 ms max latency.
417 records sent, 83.2 records/sec (0.81 MB/sec), 19.0 ms avg latency, 101.0 ms max latency.
8333 records sent, 82.778694 records/sec (0.81 MB/sec), 6122.50 ms avg latency, 18053.00 ms max latency, 1814 ms 50th, 16817 ms 95th, 17356 ms 99th, 17695 ms 99.9th.
----- /var/lib/kafka-client/results/security-overhead-final-factorial-tls-b5-rf5-isr4-msg10240-tps1000-batch16384-acks1-prod12-complz4-trial3/producer-perf-8.log -----
producer_index=8
producer_count=12
producer_records=8333
producer_throughput=83
1 records sent, 0.1 records/sec (0.00 MB/sec), 17110.0 ms avg latency, 17110.0 ms max latency.
90 records sent, 17.7 records/sec (0.17 MB/sec), 6881.7 ms avg latency, 9003.0 ms max latency.
162 records sent, 31.9 records/sec (0.31 MB/sec), 10500.1 ms avg latency, 11992.0 ms max latency.
300 records sent, 59.5 records/sec (0.58 MB/sec), 13613.3 ms avg latency, 15048.0 ms max latency.
603 records sent, 120.3 records/sec (1.17 MB/sec), 15342.5 ms avg latency, 16210.0 ms max latency.
915 records sent, 182.4 records/sec (1.78 MB/sec), 16629.6 ms avg latency, 17449.0 ms max latency.
1044 records sent, 208.7 records/sec (2.04 MB/sec), 13420.3 ms avg latency, 17205.0 ms max latency.
1254 records sent, 250.7 records/sec (2.45 MB/sec), 5227.6 ms avg latency, 10214.0 ms max latency.
414 records sent, 82.8 records/sec (0.81 MB/sec), 30.4 ms avg latency, 186.0 ms max latency.
418 records sent, 83.6 records/sec (0.82 MB/sec), 26.1 ms avg latency, 131.0 ms max latency.
417 records sent, 83.2 records/sec (0.81 MB/sec), 22.5 ms avg latency, 88.0 ms max latency.
415 records sent, 82.8 records/sec (0.81 MB/sec), 20.6 ms avg latency, 110.0 ms max latency.
420 records sent, 83.7 records/sec (0.82 MB/sec), 21.2 ms avg latency, 119.0 ms max latency.
416 records sent, 83.1 records/sec (0.81 MB/sec), 21.4 ms avg latency, 112.0 ms max latency.
415 records sent, 82.7 records/sec (0.81 MB/sec), 18.4 ms avg latency, 61.0 ms max latency.
418 records sent, 83.5 records/sec (0.82 MB/sec), 17.2 ms avg latency, 89.0 ms max latency.
415 records sent, 82.9 records/sec (0.81 MB/sec), 15.8 ms avg latency, 97.0 ms max latency.
8333 records sent, 82.813245 records/sec (0.81 MB/sec), 6184.96 ms avg latency, 17449.00 ms max latency, 1753 ms 50th, 16870 ms 95th, 17064 ms 99th, 17316 ms 99.9th.
----- /var/lib/kafka-client/results/security-overhead-final-factorial-tls-b5-rf5-isr4-msg10240-tps1000-batch16384-acks1-prod12-complz4-trial3/producer-perf-9.log -----
producer_index=9
producer_count=12
producer_records=8333
producer_throughput=83
1 records sent, 0.1 records/sec (0.00 MB/sec), 4790.0 ms avg latency, 4790.0 ms max latency.
78 records sent, 15.5 records/sec (0.15 MB/sec), 7245.3 ms avg latency, 17796.0 ms max latency.
168 records sent, 33.3 records/sec (0.33 MB/sec), 10760.5 ms avg latency, 12457.0 ms max latency.
348 records sent, 68.9 records/sec (0.67 MB/sec), 13873.2 ms avg latency, 14959.0 ms max latency.
698 records sent, 139.1 records/sec (1.36 MB/sec), 15355.3 ms avg latency, 16546.0 ms max latency.
922 records sent, 183.9 records/sec (1.80 MB/sec), 16845.4 ms avg latency, 17660.0 ms max latency.
1230 records sent, 245.4 records/sec (2.40 MB/sec), 10909.0 ms avg latency, 16776.0 ms max latency.
963 records sent, 192.3 records/sec (1.88 MB/sec), 2921.0 ms avg latency, 6670.0 ms max latency.
415 records sent, 82.5 records/sec (0.81 MB/sec), 26.0 ms avg latency, 164.0 ms max latency.
418 records sent, 83.6 records/sec (0.82 MB/sec), 25.4 ms avg latency, 133.0 ms max latency.
416 records sent, 83.0 records/sec (0.81 MB/sec), 23.9 ms avg latency, 100.0 ms max latency.
416 records sent, 83.2 records/sec (0.81 MB/sec), 20.4 ms avg latency, 87.0 ms max latency.
416 records sent, 83.1 records/sec (0.81 MB/sec), 21.2 ms avg latency, 94.0 ms max latency.
415 records sent, 83.0 records/sec (0.81 MB/sec), 21.4 ms avg latency, 103.0 ms max latency.
416 records sent, 83.0 records/sec (0.81 MB/sec), 18.9 ms avg latency, 79.0 ms max latency.
415 records sent, 83.0 records/sec (0.81 MB/sec), 16.2 ms avg latency, 83.0 ms max latency.
415 records sent, 82.9 records/sec (0.81 MB/sec), 16.4 ms avg latency, 83.0 ms max latency.
8333 records sent, 82.775405 records/sec (0.81 MB/sec), 5972.36 ms avg latency, 17796.00 ms max latency, 912 ms 50th, 16894 ms 95th, 17367 ms 99th, 17611 ms 99.9th.
----- /var/lib/kafka-client/results/security-overhead-final-factorial-tls-b5-rf5-isr4-msg10240-tps1000-batch16384-acks1-prod12-complz4-trial3/producer-perf-10.log -----
producer_index=10
producer_count=12
producer_records=8333
producer_throughput=83
[2026-04-25 03:54:01,244] WARN [Producer clientId=perf-producer-client] Bootstrap broker 10.20.1.53:9094 (id: -5 rack: null) disconnected (org.apache.kafka.clients.NetworkClient)
1 records sent, 0.1 records/sec (0.00 MB/sec), 4771.0 ms avg latency, 4771.0 ms max latency.
83 records sent, 16.1 records/sec (0.16 MB/sec), 6825.2 ms avg latency, 19093.0 ms max latency.
150 records sent, 29.9 records/sec (0.29 MB/sec), 10650.9 ms avg latency, 12272.0 ms max latency.
384 records sent, 76.1 records/sec (0.74 MB/sec), 13099.4 ms avg latency, 14465.0 ms max latency.
525 records sent, 104.2 records/sec (1.02 MB/sec), 15083.0 ms avg latency, 16594.0 ms max latency.
611 records sent, 121.9 records/sec (1.19 MB/sec), 17818.7 ms avg latency, 19278.0 ms max latency.
1072 records sent, 210.8 records/sec (2.06 MB/sec), 17289.0 ms avg latency, 20014.0 ms max latency.
1366 records sent, 273.0 records/sec (2.67 MB/sec), 9535.8 ms avg latency, 13758.0 ms max latency.
758 records sent, 151.5 records/sec (1.48 MB/sec), 1424.5 ms avg latency, 4310.0 ms max latency.
418 records sent, 83.6 records/sec (0.82 MB/sec), 25.2 ms avg latency, 116.0 ms max latency.
415 records sent, 82.7 records/sec (0.81 MB/sec), 26.3 ms avg latency, 126.0 ms max latency.
418 records sent, 83.6 records/sec (0.82 MB/sec), 23.8 ms avg latency, 113.0 ms max latency.
422 records sent, 84.1 records/sec (0.82 MB/sec), 21.6 ms avg latency, 89.0 ms max latency.
415 records sent, 82.3 records/sec (0.80 MB/sec), 23.3 ms avg latency, 109.0 ms max latency.
419 records sent, 83.7 records/sec (0.82 MB/sec), 20.3 ms avg latency, 94.0 ms max latency.
415 records sent, 82.7 records/sec (0.81 MB/sec), 18.7 ms avg latency, 76.0 ms max latency.
418 records sent, 83.4 records/sec (0.81 MB/sec), 16.6 ms avg latency, 99.0 ms max latency.
8333 records sent, 82.812422 records/sec (0.81 MB/sec), 7046.49 ms avg latency, 20014.00 ms max latency, 4328 ms 50th, 18998 ms 95th, 19638 ms 99th, 19884 ms 99.9th.
----- /var/lib/kafka-client/results/security-overhead-final-factorial-tls-b5-rf5-isr4-msg10240-tps1000-batch16384-acks1-prod12-complz4-trial3/producer-perf-11.log -----
producer_index=11
producer_count=12
producer_records=8333
producer_throughput=83
1 records sent, 0.1 records/sec (0.00 MB/sec), 4448.0 ms avg latency, 4448.0 ms max latency.
102 records sent, 19.6 records/sec (0.19 MB/sec), 6755.0 ms avg latency, 17407.0 ms max latency.
168 records sent, 33.3 records/sec (0.33 MB/sec), 10169.0 ms avg latency, 11996.0 ms max latency.
479 records sent, 93.8 records/sec (0.92 MB/sec), 12530.8 ms avg latency, 13521.0 ms max latency.
658 records sent, 131.3 records/sec (1.28 MB/sec), 14558.0 ms avg latency, 15692.0 ms max latency.
987 records sent, 196.9 records/sec (1.92 MB/sec), 15854.8 ms avg latency, 17167.0 ms max latency.
1062 records sent, 212.4 records/sec (2.07 MB/sec), 10251.5 ms avg latency, 14419.0 ms max latency.
937 records sent, 187.4 records/sec (1.83 MB/sec), 2692.0 ms avg latency, 6425.0 ms max latency.
417 records sent, 83.1 records/sec (0.81 MB/sec), 26.1 ms avg latency, 131.0 ms max latency.
410 records sent, 82.0 records/sec (0.80 MB/sec), 25.8 ms avg latency, 110.0 ms max latency.
421 records sent, 84.1 records/sec (0.82 MB/sec), 24.7 ms avg latency, 150.0 ms max latency.
419 records sent, 83.6 records/sec (0.82 MB/sec), 22.3 ms avg latency, 124.0 ms max latency.
409 records sent, 81.7 records/sec (0.80 MB/sec), 23.4 ms avg latency, 120.0 ms max latency.
425 records sent, 84.9 records/sec (0.83 MB/sec), 21.6 ms avg latency, 109.0 ms max latency.
412 records sent, 82.3 records/sec (0.80 MB/sec), 18.8 ms avg latency, 68.0 ms max latency.
420 records sent, 84.0 records/sec (0.82 MB/sec), 16.4 ms avg latency, 106.0 ms max latency.
415 records sent, 83.0 records/sec (0.81 MB/sec), 14.9 ms avg latency, 62.0 ms max latency.
8333 records sent, 82.890679 records/sec (0.81 MB/sec), 5655.25 ms avg latency, 17407.00 ms max latency, 648 ms 50th, 16105 ms 95th, 16576 ms 99th, 17067 ms 99.9th.
----- /var/lib/kafka-client/results/security-overhead-final-factorial-tls-b5-rf5-isr4-msg10240-tps1000-batch16384-acks1-prod12-complz4-trial3/producer-perf-12.log -----
producer_index=12
producer_count=12
producer_records=8333
producer_throughput=83
1 records sent, 0.1 records/sec (0.00 MB/sec), 16885.0 ms avg latency, 16885.0 ms max latency.
90 records sent, 17.6 records/sec (0.17 MB/sec), 6923.1 ms avg latency, 9234.0 ms max latency.
198 records sent, 38.9 records/sec (0.38 MB/sec), 10801.2 ms avg latency, 12127.0 ms max latency.
281 records sent, 54.6 records/sec (0.53 MB/sec), 13836.3 ms avg latency, 15654.0 ms max latency.
622 records sent, 123.9 records/sec (1.21 MB/sec), 16248.5 ms avg latency, 17136.0 ms max latency.
926 records sent, 185.1 records/sec (1.81 MB/sec), 17382.6 ms avg latency, 18528.0 ms max latency.
1139 records sent, 227.2 records/sec (2.22 MB/sec), 12439.3 ms avg latency, 17220.0 ms max latency.
1108 records sent, 219.8 records/sec (2.15 MB/sec), 3901.7 ms avg latency, 8586.0 ms max latency.
421 records sent, 83.8 records/sec (0.82 MB/sec), 29.5 ms avg latency, 166.0 ms max latency.
413 records sent, 82.4 records/sec (0.80 MB/sec), 26.7 ms avg latency, 118.0 ms max latency.
419 records sent, 83.4 records/sec (0.81 MB/sec), 25.5 ms avg latency, 115.0 ms max latency.
418 records sent, 83.5 records/sec (0.82 MB/sec), 22.6 ms avg latency, 93.0 ms max latency.
415 records sent, 82.9 records/sec (0.81 MB/sec), 22.6 ms avg latency, 83.0 ms max latency.
417 records sent, 83.1 records/sec (0.81 MB/sec), 19.3 ms avg latency, 77.0 ms max latency.
416 records sent, 83.0 records/sec (0.81 MB/sec), 17.7 ms avg latency, 70.0 ms max latency.
417 records sent, 83.4 records/sec (0.81 MB/sec), 17.0 ms avg latency, 81.0 ms max latency.
411 records sent, 81.7 records/sec (0.80 MB/sec), 16.7 ms avg latency, 91.0 ms max latency.
8333 records sent, 82.858535 records/sec (0.81 MB/sec), 6173.96 ms avg latency, 18528.00 ms max latency, 960 ms 50th, 17431 ms 95th, 17905 ms 99th, 18300 ms 99.9th.
