producer_index=1
producer_count=6
producer_records=16667
producer_throughput=167
836 records sent, 166.8 records/sec (0.16 MB/sec), 111.2 ms avg latency, 3674.0 ms max latency.
838 records sent, 167.6 records/sec (0.16 MB/sec), 9.2 ms avg latency, 36.0 ms max latency.
836 records sent, 167.0 records/sec (0.16 MB/sec), 8.7 ms avg latency, 62.0 ms max latency.
835 records sent, 166.9 records/sec (0.16 MB/sec), 8.0 ms avg latency, 28.0 ms max latency.
835 records sent, 167.0 records/sec (0.16 MB/sec), 7.5 ms avg latency, 14.0 ms max latency.
837 records sent, 167.2 records/sec (0.16 MB/sec), 7.7 ms avg latency, 16.0 ms max latency.
835 records sent, 166.9 records/sec (0.16 MB/sec), 7.3 ms avg latency, 14.0 ms max latency.
836 records sent, 167.0 records/sec (0.16 MB/sec), 7.1 ms avg latency, 17.0 ms max latency.
836 records sent, 167.1 records/sec (0.16 MB/sec), 7.2 ms avg latency, 22.0 ms max latency.
836 records sent, 167.0 records/sec (0.16 MB/sec), 6.8 ms avg latency, 20.0 ms max latency.
835 records sent, 167.0 records/sec (0.16 MB/sec), 6.9 ms avg latency, 18.0 ms max latency.
835 records sent, 167.0 records/sec (0.16 MB/sec), 6.6 ms avg latency, 13.0 ms max latency.
835 records sent, 167.0 records/sec (0.16 MB/sec), 6.7 ms avg latency, 13.0 ms max latency.
836 records sent, 167.2 records/sec (0.16 MB/sec), 6.7 ms avg latency, 22.0 ms max latency.
835 records sent, 166.9 records/sec (0.16 MB/sec), 7.5 ms avg latency, 29.0 ms max latency.
836 records sent, 167.1 records/sec (0.16 MB/sec), 6.9 ms avg latency, 17.0 ms max latency.
836 records sent, 167.0 records/sec (0.16 MB/sec), 6.8 ms avg latency, 17.0 ms max latency.
836 records sent, 167.0 records/sec (0.16 MB/sec), 6.6 ms avg latency, 11.0 ms max latency.
836 records sent, 167.1 records/sec (0.16 MB/sec), 6.6 ms avg latency, 20.0 ms max latency.
16667 records sent, 166.895309 records/sec (0.16 MB/sec), 12.47 ms avg latency, 3674.00 ms max latency, 7 ms 50th, 16 ms 95th, 208 ms 99th, 283 ms 99.9th.
