run_id=security-overhead-final-factorial-tls-b5-rf5-isr4-msg102400-tps10000-batch131072-acks1-prod6-compnone-trial1
producer_count=6
----- /var/lib/kafka-client/results/security-overhead-final-factorial-tls-b5-rf5-isr4-msg102400-tps10000-batch131072-acks1-prod6-compnone-trial1/producer-perf-1.log -----
producer_index=1
producer_count=6
producer_records=16667
producer_throughput=1667
1 records sent, 0.1 records/sec (0.01 MB/sec), 8408.0 ms avg latency, 8408.0 ms max latency.
141 records sent, 27.9 records/sec (2.73 MB/sec), 4424.2 ms avg latency, 5805.0 ms max latency.
294 records sent, 57.9 records/sec (5.65 MB/sec), 5502.8 ms avg latency, 6873.0 ms max latency.
341 records sent, 67.5 records/sec (6.59 MB/sec), 4011.2 ms avg latency, 4727.0 ms max latency.
914 records sent, 181.9 records/sec (17.76 MB/sec), 1435.5 ms avg latency, 4180.0 ms max latency.
779 records sent, 155.6 records/sec (15.20 MB/sec), 327.1 ms avg latency, 985.0 ms max latency.
753 records sent, 150.3 records/sec (14.67 MB/sec), 84.6 ms avg latency, 410.0 ms max latency.
732 records sent, 146.1 records/sec (14.27 MB/sec), 54.0 ms avg latency, 356.0 ms max latency.
701 records sent, 140.2 records/sec (13.69 MB/sec), 33.4 ms avg latency, 160.0 ms max latency.
761 records sent, 151.6 records/sec (14.80 MB/sec), 52.0 ms avg latency, 317.0 ms max latency.
728 records sent, 145.0 records/sec (14.16 MB/sec), 29.2 ms avg latency, 123.0 ms max latency.
854 records sent, 170.8 records/sec (16.68 MB/sec), 44.5 ms avg latency, 245.0 ms max latency.
739 records sent, 147.4 records/sec (14.39 MB/sec), 28.4 ms avg latency, 105.0 ms max latency.
849 records sent, 169.4 records/sec (16.54 MB/sec), 29.6 ms avg latency, 160.0 ms max latency.
830 records sent, 166.0 records/sec (16.21 MB/sec), 25.1 ms avg latency, 111.0 ms max latency.
785 records sent, 157.0 records/sec (15.33 MB/sec), 31.4 ms avg latency, 208.0 ms max latency.
807 records sent, 159.9 records/sec (15.62 MB/sec), 73.3 ms avg latency, 611.0 ms max latency.
811 records sent, 162.1 records/sec (15.83 MB/sec), 35.3 ms avg latency, 618.0 ms max latency.
888 records sent, 176.5 records/sec (17.24 MB/sec), 66.9 ms avg latency, 410.0 ms max latency.
849 records sent, 169.8 records/sec (16.58 MB/sec), 23.4 ms avg latency, 148.0 ms max latency.
845 records sent, 169.0 records/sec (16.50 MB/sec), 18.2 ms avg latency, 97.0 ms max latency.
857 records sent, 171.4 records/sec (16.74 MB/sec), 33.5 ms avg latency, 307.0 ms max latency.
852 records sent, 169.7 records/sec (16.57 MB/sec), 24.7 ms avg latency, 170.0 ms max latency.
16667 records sent, 135.959474 records/sec (13.28 MB/sec), 344.74 ms avg latency, 8408.00 ms max latency, 27 ms 50th, 3194 ms 95th, 5533 ms 99th, 6624 ms 99.9th.
----- /var/lib/kafka-client/results/security-overhead-final-factorial-tls-b5-rf5-isr4-msg102400-tps10000-batch131072-acks1-prod6-compnone-trial1/producer-perf-2.log -----
producer_index=2
producer_count=6
producer_records=16667
producer_throughput=1667
1 records sent, 0.1 records/sec (0.01 MB/sec), 8780.0 ms avg latency, 8780.0 ms max latency.
197 records sent, 39.3 records/sec (3.83 MB/sec), 4769.8 ms avg latency, 5812.0 ms max latency.
539 records sent, 107.0 records/sec (10.45 MB/sec), 3130.9 ms avg latency, 7265.0 ms max latency.
844 records sent, 168.0 records/sec (16.41 MB/sec), 1561.6 ms avg latency, 2178.0 ms max latency.
843 records sent, 168.6 records/sec (16.46 MB/sec), 408.3 ms avg latency, 1395.0 ms max latency.
630 records sent, 125.6 records/sec (12.27 MB/sec), 45.2 ms avg latency, 136.0 ms max latency.
718 records sent, 143.3 records/sec (14.00 MB/sec), 37.7 ms avg latency, 155.0 ms max latency.
854 records sent, 170.6 records/sec (16.66 MB/sec), 117.6 ms avg latency, 415.0 ms max latency.
808 records sent, 161.6 records/sec (15.78 MB/sec), 35.8 ms avg latency, 210.0 ms max latency.
730 records sent, 145.8 records/sec (14.24 MB/sec), 28.7 ms avg latency, 106.0 ms max latency.
744 records sent, 148.5 records/sec (14.51 MB/sec), 33.1 ms avg latency, 153.0 ms max latency.
745 records sent, 148.9 records/sec (14.54 MB/sec), 23.6 ms avg latency, 138.0 ms max latency.
757 records sent, 151.4 records/sec (14.78 MB/sec), 23.5 ms avg latency, 93.0 ms max latency.
724 records sent, 144.7 records/sec (14.13 MB/sec), 22.1 ms avg latency, 107.0 ms max latency.
830 records sent, 165.4 records/sec (16.15 MB/sec), 37.5 ms avg latency, 246.0 ms max latency.
764 records sent, 152.7 records/sec (14.91 MB/sec), 22.6 ms avg latency, 116.0 ms max latency.
791 records sent, 158.2 records/sec (15.45 MB/sec), 75.1 ms avg latency, 788.0 ms max latency.
827 records sent, 165.4 records/sec (16.15 MB/sec), 20.2 ms avg latency, 167.0 ms max latency.
785 records sent, 156.8 records/sec (15.31 MB/sec), 24.7 ms avg latency, 140.0 ms max latency.
797 records sent, 158.2 records/sec (15.45 MB/sec), 20.7 ms avg latency, 101.0 ms max latency.
843 records sent, 168.1 records/sec (16.42 MB/sec), 22.7 ms avg latency, 131.0 ms max latency.
857 records sent, 171.3 records/sec (16.73 MB/sec), 19.0 ms avg latency, 98.0 ms max latency.
780 records sent, 155.9 records/sec (15.23 MB/sec), 17.2 ms avg latency, 129.0 ms max latency.
16667 records sent, 137.651655 records/sec (13.44 MB/sec), 287.61 ms avg latency, 8780.00 ms max latency, 24 ms 50th, 1874 ms 95th, 5131 ms 99th, 6606 ms 99.9th.
----- /var/lib/kafka-client/results/security-overhead-final-factorial-tls-b5-rf5-isr4-msg102400-tps10000-batch131072-acks1-prod6-compnone-trial1/producer-perf-3.log -----
producer_index=3
producer_count=6
producer_records=16667
producer_throughput=1667
1 records sent, 0.1 records/sec (0.01 MB/sec), 9338.0 ms avg latency, 9338.0 ms max latency.
239 records sent, 47.5 records/sec (4.64 MB/sec), 4717.3 ms avg latency, 5740.0 ms max latency.
323 records sent, 64.4 records/sec (6.29 MB/sec), 3927.6 ms avg latency, 6020.0 ms max latency.
532 records sent, 106.4 records/sec (10.39 MB/sec), 3085.0 ms avg latency, 4498.0 ms max latency.
870 records sent, 173.8 records/sec (16.97 MB/sec), 763.9 ms avg latency, 1521.0 ms max latency.
627 records sent, 125.2 records/sec (12.23 MB/sec), 43.6 ms avg latency, 134.0 ms max latency.
767 records sent, 153.3 records/sec (14.97 MB/sec), 85.7 ms avg latency, 376.0 ms max latency.
755 records sent, 150.7 records/sec (14.72 MB/sec), 75.5 ms avg latency, 339.0 ms max latency.
784 records sent, 156.6 records/sec (15.29 MB/sec), 44.4 ms avg latency, 151.0 ms max latency.
736 records sent, 147.0 records/sec (14.36 MB/sec), 39.6 ms avg latency, 238.0 ms max latency.
748 records sent, 149.3 records/sec (14.58 MB/sec), 42.0 ms avg latency, 164.0 ms max latency.
780 records sent, 155.8 records/sec (15.21 MB/sec), 35.5 ms avg latency, 163.0 ms max latency.
836 records sent, 167.1 records/sec (16.32 MB/sec), 31.6 ms avg latency, 130.0 ms max latency.
751 records sent, 149.7 records/sec (14.62 MB/sec), 21.2 ms avg latency, 97.0 ms max latency.
751 records sent, 149.4 records/sec (14.59 MB/sec), 25.0 ms avg latency, 205.0 ms max latency.
777 records sent, 155.2 records/sec (15.16 MB/sec), 23.8 ms avg latency, 158.0 ms max latency.
853 records sent, 170.3 records/sec (16.63 MB/sec), 80.2 ms avg latency, 846.0 ms max latency.
886 records sent, 177.1 records/sec (17.30 MB/sec), 46.4 ms avg latency, 292.0 ms max latency.
816 records sent, 163.2 records/sec (15.94 MB/sec), 38.5 ms avg latency, 212.0 ms max latency.
749 records sent, 149.7 records/sec (14.62 MB/sec), 17.9 ms avg latency, 90.0 ms max latency.
871 records sent, 172.6 records/sec (16.86 MB/sec), 29.0 ms avg latency, 164.0 ms max latency.
916 records sent, 182.6 records/sec (17.83 MB/sec), 35.0 ms avg latency, 214.0 ms max latency.
793 records sent, 158.6 records/sec (15.49 MB/sec), 17.6 ms avg latency, 91.0 ms max latency.
16667 records sent, 135.663994 records/sec (13.25 MB/sec), 318.29 ms avg latency, 9338.00 ms max latency, 26 ms 50th, 3145 ms 95th, 4776 ms 99th, 5655 ms 99.9th.
----- /var/lib/kafka-client/results/security-overhead-final-factorial-tls-b5-rf5-isr4-msg102400-tps10000-batch131072-acks1-prod6-compnone-trial1/producer-perf-4.log -----
producer_index=4
producer_count=6
producer_records=16667
producer_throughput=1667
1 records sent, 0.1 records/sec (0.01 MB/sec), 2951.0 ms avg latency, 2951.0 ms max latency.
158 records sent, 30.9 records/sec (3.01 MB/sec), 4700.4 ms avg latency, 9480.0 ms max latency.
294 records sent, 58.1 records/sec (5.68 MB/sec), 5678.6 ms avg latency, 7770.0 ms max latency.
305 records sent, 61.0 records/sec (5.96 MB/sec), 4234.6 ms avg latency, 4985.0 ms max latency.
705 records sent, 140.2 records/sec (13.69 MB/sec), 2277.6 ms avg latency, 4747.0 ms max latency.
826 records sent, 164.3 records/sec (16.05 MB/sec), 446.6 ms avg latency, 1326.0 ms max latency.
617 records sent, 122.8 records/sec (11.99 MB/sec), 47.7 ms avg latency, 178.0 ms max latency.
537 records sent, 107.1 records/sec (10.46 MB/sec), 52.7 ms avg latency, 231.0 ms max latency.
725 records sent, 144.7 records/sec (14.13 MB/sec), 40.4 ms avg latency, 177.0 ms max latency.
776 records sent, 153.7 records/sec (15.01 MB/sec), 34.1 ms avg latency, 97.0 ms max latency.
827 records sent, 162.6 records/sec (15.88 MB/sec), 46.2 ms avg latency, 267.0 ms max latency.
823 records sent, 164.4 records/sec (16.05 MB/sec), 38.5 ms avg latency, 192.0 ms max latency.
760 records sent, 151.8 records/sec (14.83 MB/sec), 28.9 ms avg latency, 149.0 ms max latency.
763 records sent, 152.2 records/sec (14.86 MB/sec), 21.3 ms avg latency, 90.0 ms max latency.
896 records sent, 178.5 records/sec (17.43 MB/sec), 103.9 ms avg latency, 575.0 ms max latency.
829 records sent, 165.8 records/sec (16.19 MB/sec), 57.5 ms avg latency, 498.0 ms max latency.
805 records sent, 161.0 records/sec (15.72 MB/sec), 82.5 ms avg latency, 698.0 ms max latency.
766 records sent, 153.0 records/sec (14.95 MB/sec), 16.3 ms avg latency, 71.0 ms max latency.
780 records sent, 155.9 records/sec (15.22 MB/sec), 17.1 ms avg latency, 79.0 ms max latency.
794 records sent, 158.8 records/sec (15.50 MB/sec), 21.9 ms avg latency, 120.0 ms max latency.
832 records sent, 166.4 records/sec (16.25 MB/sec), 22.8 ms avg latency, 181.0 ms max latency.
869 records sent, 173.5 records/sec (16.94 MB/sec), 30.8 ms avg latency, 158.0 ms max latency.
837 records sent, 167.3 records/sec (16.34 MB/sec), 24.2 ms avg latency, 211.0 ms max latency.
16667 records sent, 134.499149 records/sec (13.13 MB/sec), 374.26 ms avg latency, 9480.00 ms max latency, 23 ms 50th, 3758 ms 95th, 5683 ms 99th, 7091 ms 99.9th.
----- /var/lib/kafka-client/results/security-overhead-final-factorial-tls-b5-rf5-isr4-msg102400-tps10000-batch131072-acks1-prod6-compnone-trial1/producer-perf-5.log -----
producer_index=5
producer_count=6
producer_records=16666
producer_throughput=1666
1 records sent, 0.1 records/sec (0.01 MB/sec), 8694.0 ms avg latency, 8694.0 ms max latency.
202 records sent, 40.0 records/sec (3.91 MB/sec), 4461.1 ms avg latency, 5626.0 ms max latency.
324 records sent, 64.8 records/sec (6.33 MB/sec), 4346.8 ms avg latency, 6120.0 ms max latency.
341 records sent, 66.5 records/sec (6.49 MB/sec), 3823.4 ms avg latency, 4390.0 ms max latency.
830 records sent, 165.8 records/sec (16.19 MB/sec), 1714.1 ms avg latency, 4308.0 ms max latency.
832 records sent, 165.9 records/sec (16.20 MB/sec), 181.5 ms avg latency, 864.0 ms max latency.
682 records sent, 136.3 records/sec (13.31 MB/sec), 36.1 ms avg latency, 156.0 ms max latency.
706 records sent, 141.0 records/sec (13.77 MB/sec), 31.8 ms avg latency, 140.0 ms max latency.
773 records sent, 154.6 records/sec (15.09 MB/sec), 28.4 ms avg latency, 100.0 ms max latency.
742 records sent, 147.8 records/sec (14.44 MB/sec), 29.6 ms avg latency, 136.0 ms max latency.
778 records sent, 155.2 records/sec (15.16 MB/sec), 37.3 ms avg latency, 156.0 ms max latency.
772 records sent, 154.4 records/sec (15.08 MB/sec), 34.7 ms avg latency, 206.0 ms max latency.
814 records sent, 162.2 records/sec (15.84 MB/sec), 56.4 ms avg latency, 358.0 ms max latency.
810 records sent, 162.0 records/sec (15.82 MB/sec), 27.7 ms avg latency, 153.0 ms max latency.
763 records sent, 152.6 records/sec (14.90 MB/sec), 32.1 ms avg latency, 160.0 ms max latency.
763 records sent, 152.4 records/sec (14.88 MB/sec), 23.3 ms avg latency, 143.0 ms max latency.
813 records sent, 162.6 records/sec (15.88 MB/sec), 64.7 ms avg latency, 347.0 ms max latency.
788 records sent, 157.0 records/sec (15.34 MB/sec), 18.9 ms avg latency, 65.0 ms max latency.
754 records sent, 150.5 records/sec (14.69 MB/sec), 24.4 ms avg latency, 152.0 ms max latency.
831 records sent, 165.7 records/sec (16.19 MB/sec), 19.7 ms avg latency, 100.0 ms max latency.
817 records sent, 163.3 records/sec (15.94 MB/sec), 16.0 ms avg latency, 93.0 ms max latency.
751 records sent, 150.2 records/sec (14.67 MB/sec), 15.4 ms avg latency, 86.0 ms max latency.
806 records sent, 161.1 records/sec (15.73 MB/sec), 21.6 ms avg latency, 136.0 ms max latency.
16666 records sent, 134.916780 records/sec (13.18 MB/sec), 336.60 ms avg latency, 8694.00 ms max latency, 23 ms 50th, 3646 ms 95th, 4725 ms 99th, 5652 ms 99.9th.
----- /var/lib/kafka-client/results/security-overhead-final-factorial-tls-b5-rf5-isr4-msg102400-tps10000-batch131072-acks1-prod6-compnone-trial1/producer-perf-6.log -----
producer_index=6
producer_count=6
producer_records=16666
producer_throughput=1666
1 records sent, 0.1 records/sec (0.01 MB/sec), 2508.0 ms avg latency, 2508.0 ms max latency.
199 records sent, 39.7 records/sec (3.88 MB/sec), 4483.5 ms avg latency, 8861.0 ms max latency.
293 records sent, 58.3 records/sec (5.70 MB/sec), 4728.9 ms avg latency, 6651.0 ms max latency.
543 records sent, 108.3 records/sec (10.57 MB/sec), 3053.5 ms avg latency, 4869.0 ms max latency.
912 records sent, 181.9 records/sec (17.77 MB/sec), 1008.0 ms avg latency, 1649.0 ms max latency.
696 records sent, 139.2 records/sec (13.59 MB/sec), 65.4 ms avg latency, 443.0 ms max latency.
756 records sent, 151.0 records/sec (14.75 MB/sec), 42.8 ms avg latency, 275.0 ms max latency.
797 records sent, 159.2 records/sec (15.55 MB/sec), 100.2 ms avg latency, 399.0 ms max latency.
704 records sent, 139.6 records/sec (13.64 MB/sec), 32.8 ms avg latency, 181.0 ms max latency.
836 records sent, 167.0 records/sec (16.31 MB/sec), 46.6 ms avg latency, 320.0 ms max latency.
725 records sent, 145.0 records/sec (14.16 MB/sec), 30.0 ms avg latency, 144.0 ms max latency.
754 records sent, 150.7 records/sec (14.72 MB/sec), 30.6 ms avg latency, 161.0 ms max latency.
746 records sent, 148.6 records/sec (14.51 MB/sec), 27.0 ms avg latency, 105.0 ms max latency.
766 records sent, 153.0 records/sec (14.95 MB/sec), 20.1 ms avg latency, 102.0 ms max latency.
725 records sent, 144.8 records/sec (14.14 MB/sec), 20.1 ms avg latency, 97.0 ms max latency.
807 records sent, 161.3 records/sec (15.76 MB/sec), 24.8 ms avg latency, 119.0 ms max latency.
791 records sent, 158.2 records/sec (15.45 MB/sec), 75.4 ms avg latency, 652.0 ms max latency.
849 records sent, 169.7 records/sec (16.58 MB/sec), 18.1 ms avg latency, 98.0 ms max latency.
859 records sent, 171.7 records/sec (16.77 MB/sec), 25.7 ms avg latency, 163.0 ms max latency.
869 records sent, 173.7 records/sec (16.96 MB/sec), 25.9 ms avg latency, 169.0 ms max latency.
817 records sent, 163.0 records/sec (15.92 MB/sec), 20.7 ms avg latency, 80.0 ms max latency.
796 records sent, 158.9 records/sec (15.52 MB/sec), 17.0 ms avg latency, 84.0 ms max latency.
808 records sent, 160.9 records/sec (15.72 MB/sec), 16.8 ms avg latency, 109.0 ms max latency.
16666 records sent, 136.087862 records/sec (13.29 MB/sec), 322.09 ms avg latency, 8861.00 ms max latency, 22 ms 50th, 2468 ms 95th, 4904 ms 99th, 5987 ms 99.9th.
