run_id=security-overhead-final-factorial-plaintext-b5-rf5-isr3-msg10240-tps10000-batch131072-acks1-prod6-complz4-trial3
producer_count=6
----- /var/lib/kafka-client/results/security-overhead-final-factorial-plaintext-b5-rf5-isr3-msg10240-tps10000-batch131072-acks1-prod6-complz4-trial3/producer-perf-1.log -----
producer_index=1
producer_count=6
producer_records=16667
producer_throughput=1667
523 records sent, 104.6 records/sec (1.02 MB/sec), 284.2 ms avg latency, 4188.0 ms max latency.
4305 records sent, 856.5 records/sec (8.36 MB/sec), 126.9 ms avg latency, 652.0 ms max latency.
4130 records sent, 821.9 records/sec (8.03 MB/sec), 49.4 ms avg latency, 223.0 ms max latency.
5404 records sent, 1080.6 records/sec (10.55 MB/sec), 24.2 ms avg latency, 131.0 ms max latency.
16667 records sent, 744.694160 records/sec (7.27 MB/sec), 64.70 ms avg latency, 4188.00 ms max latency, 34 ms 50th, 218 ms 95th, 475 ms 99th, 623 ms 99.9th.
----- /var/lib/kafka-client/results/security-overhead-final-factorial-plaintext-b5-rf5-isr3-msg10240-tps10000-batch131072-acks1-prod6-complz4-trial3/producer-perf-2.log -----
producer_index=2
producer_count=6
producer_records=16667
producer_throughput=1667
1 records sent, 0.2 records/sec (0.00 MB/sec), 5075.0 ms avg latency, 5075.0 ms max latency.
3727 records sent, 743.0 records/sec (7.26 MB/sec), 92.8 ms avg latency, 549.0 ms max latency.
3987 records sent, 794.4 records/sec (7.76 MB/sec), 63.8 ms avg latency, 314.0 ms max latency.
5246 records sent, 1049.0 records/sec (10.24 MB/sec), 20.8 ms avg latency, 193.0 ms max latency.
16667 records sent, 719.894610 records/sec (7.03 MB/sec), 47.37 ms avg latency, 5075.00 ms max latency, 31 ms 50th, 139 ms 95th, 201 ms 99th, 426 ms 99.9th.
----- /var/lib/kafka-client/results/security-overhead-final-factorial-plaintext-b5-rf5-isr3-msg10240-tps10000-batch131072-acks1-prod6-complz4-trial3/producer-perf-3.log -----
producer_index=3
producer_count=6
producer_records=16667
producer_throughput=1667
382 records sent, 74.7 records/sec (0.73 MB/sec), 419.8 ms avg latency, 4383.0 ms max latency.
4678 records sent, 933.5 records/sec (9.12 MB/sec), 114.0 ms avg latency, 723.0 ms max latency.
4133 records sent, 824.0 records/sec (8.05 MB/sec), 48.2 ms avg latency, 202.0 ms max latency.
5326 records sent, 1063.7 records/sec (10.39 MB/sec), 21.2 ms avg latency, 93.0 ms max latency.
16667 records sent, 746.662485 records/sec (7.29 MB/sec), 63.12 ms avg latency, 4383.00 ms max latency, 33 ms 50th, 238 ms 95th, 517 ms 99th, 702 ms 99.9th.
----- /var/lib/kafka-client/results/security-overhead-final-factorial-plaintext-b5-rf5-isr3-msg10240-tps10000-batch131072-acks1-prod6-complz4-trial3/producer-perf-4.log -----
producer_index=4
producer_count=6
producer_records=16667
producer_throughput=1667
36 records sent, 7.1 records/sec (0.07 MB/sec), 480.6 ms avg latency, 4727.0 ms max latency.
3840 records sent, 767.5 records/sec (7.50 MB/sec), 153.9 ms avg latency, 742.0 ms max latency.
3964 records sent, 787.0 records/sec (7.69 MB/sec), 56.7 ms avg latency, 212.0 ms max latency.
5071 records sent, 1013.4 records/sec (9.90 MB/sec), 26.5 ms avg latency, 119.0 ms max latency.
16667 records sent, 719.304303 records/sec (7.02 MB/sec), 62.92 ms avg latency, 4727.00 ms max latency, 35 ms 50th, 204 ms 95th, 424 ms 99th, 705 ms 99.9th.
----- /var/lib/kafka-client/results/security-overhead-final-factorial-plaintext-b5-rf5-isr3-msg10240-tps10000-batch131072-acks1-prod6-complz4-trial3/producer-perf-5.log -----
producer_index=5
producer_count=6
producer_records=16666
producer_throughput=1666
405 records sent, 80.8 records/sec (0.79 MB/sec), 259.0 ms avg latency, 4326.0 ms max latency.
4421 records sent, 882.8 records/sec (8.62 MB/sec), 88.8 ms avg latency, 364.0 ms max latency.
4168 records sent, 828.1 records/sec (8.09 MB/sec), 76.5 ms avg latency, 411.0 ms max latency.
4989 records sent, 987.9 records/sec (9.65 MB/sec), 26.2 ms avg latency, 140.0 ms max latency.
16666 records sent, 737.825394 records/sec (7.21 MB/sec), 60.26 ms avg latency, 4326.00 ms max latency, 35 ms 50th, 188 ms 95th, 392 ms 99th, 518 ms 99.9th.
----- /var/lib/kafka-client/results/security-overhead-final-factorial-plaintext-b5-rf5-isr3-msg10240-tps10000-batch131072-acks1-prod6-complz4-trial3/producer-perf-6.log -----
producer_index=6
producer_count=6
producer_records=16666
producer_throughput=1666
68 records sent, 13.5 records/sec (0.13 MB/sec), 426.1 ms avg latency, 4532.0 ms max latency.
4338 records sent, 865.4 records/sec (8.45 MB/sec), 141.7 ms avg latency, 730.0 ms max latency.
3596 records sent, 717.5 records/sec (7.01 MB/sec), 58.6 ms avg latency, 262.0 ms max latency.
5627 records sent, 1123.6 records/sec (10.97 MB/sec), 21.7 ms avg latency, 94.0 ms max latency.
16666 records sent, 726.820759 records/sec (7.10 MB/sec), 61.86 ms avg latency, 4532.00 ms max latency, 28 ms 50th, 246 ms 95th, 538 ms 99th, 676 ms 99.9th.
