run_id=security-overhead-final-factorial-mtls-b5-rf3-isr3-msg10240-tps1000-batch131072-acks1-prod12-compnone-trial1
producer_count=12
----- /var/lib/kafka-client/results/security-overhead-final-factorial-mtls-b5-rf3-isr3-msg10240-tps1000-batch131072-acks1-prod12-compnone-trial1/producer-perf-1.log -----
producer_index=1
producer_count=12
producer_records=8334
producer_throughput=84
1 records sent, 0.1 records/sec (0.00 MB/sec), 17791.0 ms avg latency, 17791.0 ms max latency.
708 records sent, 137.5 records/sec (1.34 MB/sec), 7250.9 ms avg latency, 8737.0 ms max latency.
1296 records sent, 255.5 records/sec (2.50 MB/sec), 7943.7 ms avg latency, 11867.0 ms max latency.
779 records sent, 155.6 records/sec (1.52 MB/sec), 1374.3 ms avg latency, 7898.0 ms max latency.
423 records sent, 84.3 records/sec (0.82 MB/sec), 20.1 ms avg latency, 87.0 ms max latency.
419 records sent, 83.8 records/sec (0.82 MB/sec), 16.6 ms avg latency, 57.0 ms max latency.
424 records sent, 84.7 records/sec (0.83 MB/sec), 13.1 ms avg latency, 46.0 ms max latency.
423 records sent, 84.4 records/sec (0.82 MB/sec), 12.7 ms avg latency, 32.0 ms max latency.
421 records sent, 83.9 records/sec (0.82 MB/sec), 14.1 ms avg latency, 60.0 ms max latency.
421 records sent, 83.8 records/sec (0.82 MB/sec), 14.0 ms avg latency, 67.0 ms max latency.
423 records sent, 84.4 records/sec (0.82 MB/sec), 13.2 ms avg latency, 48.0 ms max latency.
422 records sent, 84.2 records/sec (0.82 MB/sec), 12.7 ms avg latency, 37.0 ms max latency.
420 records sent, 84.0 records/sec (0.82 MB/sec), 11.9 ms avg latency, 33.0 ms max latency.
421 records sent, 84.2 records/sec (0.82 MB/sec), 11.6 ms avg latency, 34.0 ms max latency.
420 records sent, 84.0 records/sec (0.82 MB/sec), 10.4 ms avg latency, 23.0 ms max latency.
420 records sent, 84.0 records/sec (0.82 MB/sec), 10.5 ms avg latency, 34.0 ms max latency.
420 records sent, 83.9 records/sec (0.82 MB/sec), 11.4 ms avg latency, 56.0 ms max latency.
8334 records sent, 83.757110 records/sec (0.82 MB/sec), 1990.69 ms avg latency, 17791.00 ms max latency, 15 ms 50th, 9451 ms 95th, 11090 ms 99th, 11867 ms 99.9th.
----- /var/lib/kafka-client/results/security-overhead-final-factorial-mtls-b5-rf3-isr3-msg10240-tps1000-batch131072-acks1-prod12-compnone-trial1/producer-perf-2.log -----
producer_index=2
producer_count=12
producer_records=8334
producer_throughput=84
1 records sent, 0.1 records/sec (0.00 MB/sec), 17578.0 ms avg latency, 17578.0 ms max latency.
660 records sent, 131.9 records/sec (1.29 MB/sec), 6511.7 ms avg latency, 8437.0 ms max latency.
1440 records sent, 283.0 records/sec (2.76 MB/sec), 7197.3 ms avg latency, 10546.0 ms max latency.
655 records sent, 130.8 records/sec (1.28 MB/sec), 831.4 ms avg latency, 5124.0 ms max latency.
423 records sent, 84.6 records/sec (0.83 MB/sec), 22.5 ms avg latency, 62.0 ms max latency.
420 records sent, 83.3 records/sec (0.81 MB/sec), 16.7 ms avg latency, 70.0 ms max latency.
426 records sent, 85.2 records/sec (0.83 MB/sec), 13.2 ms avg latency, 70.0 ms max latency.
420 records sent, 83.9 records/sec (0.82 MB/sec), 13.0 ms avg latency, 42.0 ms max latency.
421 records sent, 84.0 records/sec (0.82 MB/sec), 12.5 ms avg latency, 45.0 ms max latency.
421 records sent, 84.0 records/sec (0.82 MB/sec), 13.9 ms avg latency, 63.0 ms max latency.
421 records sent, 84.1 records/sec (0.82 MB/sec), 13.3 ms avg latency, 39.0 ms max latency.
421 records sent, 84.1 records/sec (0.82 MB/sec), 12.4 ms avg latency, 36.0 ms max latency.
419 records sent, 83.7 records/sec (0.82 MB/sec), 11.6 ms avg latency, 38.0 ms max latency.
422 records sent, 84.3 records/sec (0.82 MB/sec), 12.0 ms avg latency, 65.0 ms max latency.
420 records sent, 84.0 records/sec (0.82 MB/sec), 10.8 ms avg latency, 33.0 ms max latency.
421 records sent, 84.1 records/sec (0.82 MB/sec), 10.8 ms avg latency, 38.0 ms max latency.
420 records sent, 83.9 records/sec (0.82 MB/sec), 10.5 ms avg latency, 38.0 ms max latency.
8334 records sent, 83.780686 records/sec (0.82 MB/sec), 1835.63 ms avg latency, 17578.00 ms max latency, 15 ms 50th, 8414 ms 95th, 9542 ms 99th, 10467 ms 99.9th.
----- /var/lib/kafka-client/results/security-overhead-final-factorial-mtls-b5-rf3-isr3-msg10240-tps1000-batch131072-acks1-prod12-compnone-trial1/producer-perf-3.log -----
producer_index=3
producer_count=12
producer_records=8334
producer_throughput=84
1 records sent, 0.1 records/sec (0.00 MB/sec), 16490.0 ms avg latency, 16490.0 ms max latency.
504 records sent, 93.0 records/sec (0.91 MB/sec), 5380.6 ms avg latency, 7277.0 ms max latency.
1080 records sent, 211.3 records/sec (2.06 MB/sec), 6678.3 ms avg latency, 9405.0 ms max latency.
1112 records sent, 222.1 records/sec (2.17 MB/sec), 3759.7 ms avg latency, 10655.0 ms max latency.
423 records sent, 84.3 records/sec (0.82 MB/sec), 33.2 ms avg latency, 134.0 ms max latency.
422 records sent, 84.3 records/sec (0.82 MB/sec), 21.2 ms avg latency, 97.0 ms max latency.
421 records sent, 84.1 records/sec (0.82 MB/sec), 14.5 ms avg latency, 78.0 ms max latency.
420 records sent, 84.0 records/sec (0.82 MB/sec), 13.1 ms avg latency, 31.0 ms max latency.
422 records sent, 84.2 records/sec (0.82 MB/sec), 13.2 ms avg latency, 53.0 ms max latency.
421 records sent, 84.0 records/sec (0.82 MB/sec), 13.4 ms avg latency, 54.0 ms max latency.
421 records sent, 84.0 records/sec (0.82 MB/sec), 13.8 ms avg latency, 35.0 ms max latency.
421 records sent, 84.2 records/sec (0.82 MB/sec), 12.2 ms avg latency, 37.0 ms max latency.
422 records sent, 84.2 records/sec (0.82 MB/sec), 11.7 ms avg latency, 27.0 ms max latency.
421 records sent, 83.9 records/sec (0.82 MB/sec), 11.4 ms avg latency, 22.0 ms max latency.
420 records sent, 83.8 records/sec (0.82 MB/sec), 10.9 ms avg latency, 28.0 ms max latency.
422 records sent, 84.2 records/sec (0.82 MB/sec), 10.7 ms avg latency, 26.0 ms max latency.
420 records sent, 83.9 records/sec (0.82 MB/sec), 11.2 ms avg latency, 45.0 ms max latency.
8334 records sent, 83.741120 records/sec (0.82 MB/sec), 1704.31 ms avg latency, 16490.00 ms max latency, 16 ms 50th, 7697 ms 95th, 10074 ms 99th, 10654 ms 99.9th.
----- /var/lib/kafka-client/results/security-overhead-final-factorial-mtls-b5-rf3-isr3-msg10240-tps1000-batch131072-acks1-prod12-compnone-trial1/producer-perf-4.log -----
producer_index=4
producer_count=12
producer_records=8334
producer_throughput=84
1 records sent, 0.1 records/sec (0.00 MB/sec), 16948.0 ms avg latency, 16948.0 ms max latency.
528 records sent, 101.1 records/sec (0.99 MB/sec), 6384.8 ms avg latency, 7894.0 ms max latency.
1152 records sent, 218.4 records/sec (2.13 MB/sec), 8369.2 ms avg latency, 11325.0 ms max latency.
1053 records sent, 210.3 records/sec (2.05 MB/sec), 2913.9 ms avg latency, 11458.0 ms max latency.
427 records sent, 85.0 records/sec (0.83 MB/sec), 25.5 ms avg latency, 96.0 ms max latency.
421 records sent, 84.2 records/sec (0.82 MB/sec), 16.4 ms avg latency, 53.0 ms max latency.
422 records sent, 84.3 records/sec (0.82 MB/sec), 12.8 ms avg latency, 50.0 ms max latency.
420 records sent, 84.0 records/sec (0.82 MB/sec), 12.9 ms avg latency, 40.0 ms max latency.
421 records sent, 83.9 records/sec (0.82 MB/sec), 13.7 ms avg latency, 51.0 ms max latency.
421 records sent, 84.2 records/sec (0.82 MB/sec), 13.9 ms avg latency, 60.0 ms max latency.
420 records sent, 84.0 records/sec (0.82 MB/sec), 14.0 ms avg latency, 52.0 ms max latency.
420 records sent, 83.9 records/sec (0.82 MB/sec), 12.6 ms avg latency, 39.0 ms max latency.
421 records sent, 84.2 records/sec (0.82 MB/sec), 12.2 ms avg latency, 39.0 ms max latency.
421 records sent, 84.0 records/sec (0.82 MB/sec), 11.5 ms avg latency, 34.0 ms max latency.
420 records sent, 83.9 records/sec (0.82 MB/sec), 11.2 ms avg latency, 36.0 ms max latency.
419 records sent, 83.6 records/sec (0.82 MB/sec), 11.3 ms avg latency, 37.0 ms max latency.
423 records sent, 84.4 records/sec (0.82 MB/sec), 11.3 ms avg latency, 40.0 ms max latency.
8334 records sent, 83.718407 records/sec (0.82 MB/sec), 1940.81 ms avg latency, 16948.00 ms max latency, 15 ms 50th, 8933 ms 95th, 10832 ms 99th, 11409 ms 99.9th.
----- /var/lib/kafka-client/results/security-overhead-final-factorial-mtls-b5-rf3-isr3-msg10240-tps1000-batch131072-acks1-prod12-compnone-trial1/producer-perf-5.log -----
producer_index=5
producer_count=12
producer_records=8333
producer_throughput=83
1 records sent, 0.1 records/sec (0.00 MB/sec), 18073.0 ms avg latency, 18073.0 ms max latency.
768 records sent, 149.0 records/sec (1.46 MB/sec), 6446.5 ms avg latency, 8337.0 ms max latency.
1152 records sent, 229.0 records/sec (2.24 MB/sec), 7707.1 ms avg latency, 11874.0 ms max latency.
852 records sent, 169.3 records/sec (1.65 MB/sec), 2134.6 ms avg latency, 10013.0 ms max latency.
420 records sent, 83.9 records/sec (0.82 MB/sec), 29.0 ms avg latency, 107.0 ms max latency.
418 records sent, 83.5 records/sec (0.82 MB/sec), 19.2 ms avg latency, 104.0 ms max latency.
417 records sent, 83.3 records/sec (0.81 MB/sec), 13.2 ms avg latency, 36.0 ms max latency.
416 records sent, 83.0 records/sec (0.81 MB/sec), 12.2 ms avg latency, 32.0 ms max latency.
416 records sent, 83.1 records/sec (0.81 MB/sec), 12.6 ms avg latency, 44.0 ms max latency.
416 records sent, 83.1 records/sec (0.81 MB/sec), 12.9 ms avg latency, 42.0 ms max latency.
417 records sent, 83.2 records/sec (0.81 MB/sec), 13.6 ms avg latency, 53.0 ms max latency.
416 records sent, 82.8 records/sec (0.81 MB/sec), 12.0 ms avg latency, 33.0 ms max latency.
416 records sent, 83.2 records/sec (0.81 MB/sec), 12.2 ms avg latency, 24.0 ms max latency.
416 records sent, 83.1 records/sec (0.81 MB/sec), 11.5 ms avg latency, 25.0 ms max latency.
415 records sent, 82.8 records/sec (0.81 MB/sec), 10.8 ms avg latency, 32.0 ms max latency.
416 records sent, 83.1 records/sec (0.81 MB/sec), 11.0 ms avg latency, 50.0 ms max latency.
416 records sent, 83.1 records/sec (0.81 MB/sec), 10.9 ms avg latency, 46.0 ms max latency.
8333 records sent, 82.936879 records/sec (0.81 MB/sec), 1889.25 ms avg latency, 18073.00 ms max latency, 15 ms 50th, 8768 ms 95th, 10577 ms 99th, 11873 ms 99.9th.
----- /var/lib/kafka-client/results/security-overhead-final-factorial-mtls-b5-rf3-isr3-msg10240-tps1000-batch131072-acks1-prod12-compnone-trial1/producer-perf-6.log -----
producer_index=6
producer_count=12
producer_records=8333
producer_throughput=83
1 records sent, 0.1 records/sec (0.00 MB/sec), 17426.0 ms avg latency, 17426.0 ms max latency.
648 records sent, 126.8 records/sec (1.24 MB/sec), 6868.2 ms avg latency, 8205.0 ms max latency.
1368 records sent, 268.4 records/sec (2.62 MB/sec), 7458.3 ms avg latency, 10232.0 ms max latency.
697 records sent, 139.3 records/sec (1.36 MB/sec), 880.9 ms avg latency, 4448.0 ms max latency.
417 records sent, 83.3 records/sec (0.81 MB/sec), 29.8 ms avg latency, 122.0 ms max latency.
417 records sent, 83.2 records/sec (0.81 MB/sec), 19.7 ms avg latency, 83.0 ms max latency.
416 records sent, 83.1 records/sec (0.81 MB/sec), 13.1 ms avg latency, 63.0 ms max latency.
414 records sent, 82.4 records/sec (0.80 MB/sec), 13.1 ms avg latency, 54.0 ms max latency.
419 records sent, 83.7 records/sec (0.82 MB/sec), 13.5 ms avg latency, 52.0 ms max latency.
415 records sent, 83.0 records/sec (0.81 MB/sec), 13.5 ms avg latency, 54.0 ms max latency.
417 records sent, 83.0 records/sec (0.81 MB/sec), 14.2 ms avg latency, 60.0 ms max latency.
415 records sent, 83.0 records/sec (0.81 MB/sec), 11.9 ms avg latency, 28.0 ms max latency.
416 records sent, 83.2 records/sec (0.81 MB/sec), 11.9 ms avg latency, 28.0 ms max latency.
416 records sent, 83.1 records/sec (0.81 MB/sec), 11.2 ms avg latency, 46.0 ms max latency.
415 records sent, 83.0 records/sec (0.81 MB/sec), 10.9 ms avg latency, 24.0 ms max latency.
416 records sent, 83.0 records/sec (0.81 MB/sec), 11.5 ms avg latency, 51.0 ms max latency.
415 records sent, 83.0 records/sec (0.81 MB/sec), 11.5 ms avg latency, 50.0 ms max latency.
8333 records sent, 82.923674 records/sec (0.81 MB/sec), 1843.79 ms avg latency, 17426.00 ms max latency, 15 ms 50th, 8481 ms 95th, 9830 ms 99th, 10187 ms 99.9th.
----- /var/lib/kafka-client/results/security-overhead-final-factorial-mtls-b5-rf3-isr3-msg10240-tps1000-batch131072-acks1-prod12-compnone-trial1/producer-perf-7.log -----
producer_index=7
producer_count=12
producer_records=8333
producer_throughput=83
1 records sent, 0.1 records/sec (0.00 MB/sec), 17365.0 ms avg latency, 17365.0 ms max latency.
480 records sent, 94.9 records/sec (0.93 MB/sec), 6870.1 ms avg latency, 8132.0 ms max latency.
1080 records sent, 204.2 records/sec (1.99 MB/sec), 8457.5 ms avg latency, 11355.0 ms max latency.
1165 records sent, 232.0 records/sec (2.27 MB/sec), 4213.2 ms avg latency, 11953.0 ms max latency.
417 records sent, 83.2 records/sec (0.81 MB/sec), 34.8 ms avg latency, 131.0 ms max latency.
417 records sent, 83.2 records/sec (0.81 MB/sec), 24.4 ms avg latency, 83.0 ms max latency.
417 records sent, 83.2 records/sec (0.81 MB/sec), 13.7 ms avg latency, 58.0 ms max latency.
416 records sent, 83.2 records/sec (0.81 MB/sec), 13.0 ms avg latency, 33.0 ms max latency.
416 records sent, 83.1 records/sec (0.81 MB/sec), 13.0 ms avg latency, 39.0 ms max latency.
416 records sent, 83.1 records/sec (0.81 MB/sec), 12.9 ms avg latency, 39.0 ms max latency.
416 records sent, 83.2 records/sec (0.81 MB/sec), 14.2 ms avg latency, 96.0 ms max latency.
416 records sent, 83.0 records/sec (0.81 MB/sec), 12.9 ms avg latency, 40.0 ms max latency.
416 records sent, 83.1 records/sec (0.81 MB/sec), 12.0 ms avg latency, 31.0 ms max latency.
417 records sent, 83.3 records/sec (0.81 MB/sec), 11.6 ms avg latency, 42.0 ms max latency.
416 records sent, 83.0 records/sec (0.81 MB/sec), 10.8 ms avg latency, 25.0 ms max latency.
416 records sent, 83.1 records/sec (0.81 MB/sec), 10.8 ms avg latency, 33.0 ms max latency.
415 records sent, 83.0 records/sec (0.81 MB/sec), 10.6 ms avg latency, 50.0 ms max latency.
8333 records sent, 82.852768 records/sec (0.81 MB/sec), 2092.96 ms avg latency, 17365.00 ms max latency, 15 ms 50th, 9255 ms 95th, 11423 ms 99th, 11911 ms 99.9th.
----- /var/lib/kafka-client/results/security-overhead-final-factorial-mtls-b5-rf3-isr3-msg10240-tps1000-batch131072-acks1-prod12-compnone-trial1/producer-perf-8.log -----
producer_index=8
producer_count=12
producer_records=8333
producer_throughput=83
1 records sent, 0.1 records/sec (0.00 MB/sec), 5784.0 ms avg latency, 5784.0 ms max latency.
612 records sent, 119.2 records/sec (1.16 MB/sec), 7196.9 ms avg latency, 17911.0 ms max latency.
1152 records sent, 225.8 records/sec (2.21 MB/sec), 8523.5 ms avg latency, 11217.0 ms max latency.
936 records sent, 185.8 records/sec (1.81 MB/sec), 2189.7 ms avg latency, 8449.0 ms max latency.
421 records sent, 84.0 records/sec (0.82 MB/sec), 28.4 ms avg latency, 120.0 ms max latency.
417 records sent, 83.2 records/sec (0.81 MB/sec), 16.4 ms avg latency, 55.0 ms max latency.
416 records sent, 83.0 records/sec (0.81 MB/sec), 13.2 ms avg latency, 39.0 ms max latency.
416 records sent, 82.8 records/sec (0.81 MB/sec), 12.9 ms avg latency, 47.0 ms max latency.
417 records sent, 83.2 records/sec (0.81 MB/sec), 12.9 ms avg latency, 35.0 ms max latency.
416 records sent, 83.1 records/sec (0.81 MB/sec), 13.5 ms avg latency, 53.0 ms max latency.
416 records sent, 83.2 records/sec (0.81 MB/sec), 13.8 ms avg latency, 48.0 ms max latency.
415 records sent, 82.8 records/sec (0.81 MB/sec), 12.4 ms avg latency, 38.0 ms max latency.
418 records sent, 83.4 records/sec (0.81 MB/sec), 12.0 ms avg latency, 33.0 ms max latency.
416 records sent, 83.1 records/sec (0.81 MB/sec), 11.1 ms avg latency, 29.0 ms max latency.
416 records sent, 83.0 records/sec (0.81 MB/sec), 10.6 ms avg latency, 25.0 ms max latency.
416 records sent, 83.1 records/sec (0.81 MB/sec), 11.0 ms avg latency, 39.0 ms max latency.
415 records sent, 83.0 records/sec (0.81 MB/sec), 11.3 ms avg latency, 57.0 ms max latency.
8333 records sent, 82.912948 records/sec (0.81 MB/sec), 1962.80 ms avg latency, 17911.00 ms max latency, 15 ms 50th, 9210 ms 95th, 10151 ms 99th, 11217 ms 99.9th.
----- /var/lib/kafka-client/results/security-overhead-final-factorial-mtls-b5-rf3-isr3-msg10240-tps1000-batch131072-acks1-prod12-compnone-trial1/producer-perf-9.log -----
producer_index=9
producer_count=12
producer_records=8333
producer_throughput=83
1 records sent, 0.1 records/sec (0.00 MB/sec), 17978.0 ms avg latency, 17978.0 ms max latency.
708 records sent, 138.6 records/sec (1.35 MB/sec), 7145.2 ms avg latency, 8546.0 ms max latency.
1080 records sent, 209.5 records/sec (2.05 MB/sec), 8566.8 ms avg latency, 11928.0 ms max latency.
981 records sent, 195.3 records/sec (1.91 MB/sec), 2634.8 ms avg latency, 8290.0 ms max latency.
417 records sent, 83.3 records/sec (0.81 MB/sec), 28.8 ms avg latency, 121.0 ms max latency.
416 records sent, 83.2 records/sec (0.81 MB/sec), 19.2 ms avg latency, 83.0 ms max latency.
415 records sent, 83.0 records/sec (0.81 MB/sec), 12.7 ms avg latency, 32.0 ms max latency.
416 records sent, 83.1 records/sec (0.81 MB/sec), 12.8 ms avg latency, 35.0 ms max latency.
416 records sent, 83.0 records/sec (0.81 MB/sec), 12.8 ms avg latency, 35.0 ms max latency.
415 records sent, 83.0 records/sec (0.81 MB/sec), 12.6 ms avg latency, 28.0 ms max latency.
417 records sent, 83.2 records/sec (0.81 MB/sec), 13.6 ms avg latency, 60.0 ms max latency.
416 records sent, 83.1 records/sec (0.81 MB/sec), 11.6 ms avg latency, 24.0 ms max latency.
415 records sent, 83.0 records/sec (0.81 MB/sec), 11.4 ms avg latency, 22.0 ms max latency.
415 records sent, 82.9 records/sec (0.81 MB/sec), 10.8 ms avg latency, 30.0 ms max latency.
417 records sent, 83.3 records/sec (0.81 MB/sec), 10.4 ms avg latency, 45.0 ms max latency.
413 records sent, 82.5 records/sec (0.81 MB/sec), 10.4 ms avg latency, 58.0 ms max latency.
418 records sent, 83.4 records/sec (0.81 MB/sec), 10.5 ms avg latency, 39.0 ms max latency.
8333 records sent, 82.985610 records/sec (0.81 MB/sec), 2038.75 ms avg latency, 17978.00 ms max latency, 15 ms 50th, 8857 ms 95th, 10821 ms 99th, 11928 ms 99.9th.
----- /var/lib/kafka-client/results/security-overhead-final-factorial-mtls-b5-rf3-isr3-msg10240-tps1000-batch131072-acks1-prod12-compnone-trial1/producer-perf-10.log -----
producer_index=10
producer_count=12
producer_records=8333
producer_throughput=83
1 records sent, 0.1 records/sec (0.00 MB/sec), 17474.0 ms avg latency, 17474.0 ms max latency.
600 records sent, 116.1 records/sec (1.13 MB/sec), 6629.0 ms avg latency, 8388.0 ms max latency.
1701 records sent, 339.8 records/sec (3.32 MB/sec), 6526.0 ms avg latency, 10777.0 ms max latency.
412 records sent, 82.0 records/sec (0.80 MB/sec), 38.4 ms avg latency, 109.0 ms max latency.
421 records sent, 84.2 records/sec (0.82 MB/sec), 23.0 ms avg latency, 83.0 ms max latency.
416 records sent, 83.2 records/sec (0.81 MB/sec), 17.8 ms avg latency, 79.0 ms max latency.
416 records sent, 83.0 records/sec (0.81 MB/sec), 13.2 ms avg latency, 64.0 ms max latency.
417 records sent, 83.3 records/sec (0.81 MB/sec), 12.8 ms avg latency, 66.0 ms max latency.
416 records sent, 83.1 records/sec (0.81 MB/sec), 13.0 ms avg latency, 43.0 ms max latency.
415 records sent, 82.7 records/sec (0.81 MB/sec), 13.1 ms avg latency, 34.0 ms max latency.
418 records sent, 83.3 records/sec (0.81 MB/sec), 13.7 ms avg latency, 44.0 ms max latency.
416 records sent, 83.2 records/sec (0.81 MB/sec), 12.0 ms avg latency, 37.0 ms max latency.
416 records sent, 83.0 records/sec (0.81 MB/sec), 11.7 ms avg latency, 34.0 ms max latency.
416 records sent, 83.1 records/sec (0.81 MB/sec), 11.0 ms avg latency, 21.0 ms max latency.
415 records sent, 82.7 records/sec (0.81 MB/sec), 10.7 ms avg latency, 42.0 ms max latency.
415 records sent, 82.9 records/sec (0.81 MB/sec), 10.9 ms avg latency, 42.0 ms max latency.
418 records sent, 83.4 records/sec (0.81 MB/sec), 10.9 ms avg latency, 53.0 ms max latency.
8333 records sent, 82.880786 records/sec (0.81 MB/sec), 1822.38 ms avg latency, 17474.00 ms max latency, 15 ms 50th, 8848 ms 95th, 10307 ms 99th, 10704 ms 99.9th.
----- /var/lib/kafka-client/results/security-overhead-final-factorial-mtls-b5-rf3-isr3-msg10240-tps1000-batch131072-acks1-prod12-compnone-trial1/producer-perf-11.log -----
producer_index=11
producer_count=12
producer_records=8333
producer_throughput=83
1 records sent, 0.1 records/sec (0.00 MB/sec), 16709.0 ms avg latency, 16709.0 ms max latency.
588 records sent, 109.6 records/sec (1.07 MB/sec), 6826.7 ms avg latency, 8890.0 ms max latency.
1664 records sent, 332.3 records/sec (3.24 MB/sec), 6566.1 ms avg latency, 11487.0 ms max latency.
416 records sent, 83.1 records/sec (0.81 MB/sec), 31.0 ms avg latency, 102.0 ms max latency.
417 records sent, 83.4 records/sec (0.81 MB/sec), 19.6 ms avg latency, 73.0 ms max latency.
415 records sent, 83.0 records/sec (0.81 MB/sec), 16.9 ms avg latency, 74.0 ms max latency.
417 records sent, 83.1 records/sec (0.81 MB/sec), 12.5 ms avg latency, 36.0 ms max latency.
415 records sent, 83.0 records/sec (0.81 MB/sec), 12.8 ms avg latency, 37.0 ms max latency.
417 records sent, 83.2 records/sec (0.81 MB/sec), 13.3 ms avg latency, 40.0 ms max latency.
415 records sent, 82.9 records/sec (0.81 MB/sec), 13.3 ms avg latency, 39.0 ms max latency.
416 records sent, 82.7 records/sec (0.81 MB/sec), 12.8 ms avg latency, 34.0 ms max latency.
418 records sent, 83.5 records/sec (0.82 MB/sec), 12.3 ms avg latency, 37.0 ms max latency.
415 records sent, 83.0 records/sec (0.81 MB/sec), 12.0 ms avg latency, 31.0 ms max latency.
415 records sent, 82.9 records/sec (0.81 MB/sec), 11.6 ms avg latency, 31.0 ms max latency.
416 records sent, 83.0 records/sec (0.81 MB/sec), 10.8 ms avg latency, 35.0 ms max latency.
416 records sent, 83.0 records/sec (0.81 MB/sec), 10.9 ms avg latency, 35.0 ms max latency.
416 records sent, 83.2 records/sec (0.81 MB/sec), 11.0 ms avg latency, 59.0 ms max latency.
8333 records sent, 82.920373 records/sec (0.81 MB/sec), 1805.23 ms avg latency, 16709.00 ms max latency, 14 ms 50th, 9430 ms 95th, 10562 ms 99th, 11428 ms 99.9th.
----- /var/lib/kafka-client/results/security-overhead-final-factorial-mtls-b5-rf3-isr3-msg10240-tps1000-batch131072-acks1-prod12-compnone-trial1/producer-perf-12.log -----
producer_index=12
producer_count=12
producer_records=8333
producer_throughput=83
1 records sent, 0.1 records/sec (0.00 MB/sec), 5816.0 ms avg latency, 5816.0 ms max latency.
624 records sent, 122.1 records/sec (1.19 MB/sec), 5660.7 ms avg latency, 17339.0 ms max latency.
1296 records sent, 254.4 records/sec (2.48 MB/sec), 7104.7 ms avg latency, 9589.0 ms max latency.
785 records sent, 156.9 records/sec (1.53 MB/sec), 1464.0 ms avg latency, 8691.0 ms max latency.
419 records sent, 83.5 records/sec (0.82 MB/sec), 30.0 ms avg latency, 151.0 ms max latency.
418 records sent, 83.3 records/sec (0.81 MB/sec), 17.7 ms avg latency, 58.0 ms max latency.
416 records sent, 83.2 records/sec (0.81 MB/sec), 12.9 ms avg latency, 49.0 ms max latency.
414 records sent, 82.7 records/sec (0.81 MB/sec), 13.2 ms avg latency, 39.0 ms max latency.
417 records sent, 83.4 records/sec (0.81 MB/sec), 13.6 ms avg latency, 63.0 ms max latency.
416 records sent, 83.0 records/sec (0.81 MB/sec), 13.6 ms avg latency, 55.0 ms max latency.
416 records sent, 83.1 records/sec (0.81 MB/sec), 13.2 ms avg latency, 51.0 ms max latency.
416 records sent, 83.0 records/sec (0.81 MB/sec), 11.9 ms avg latency, 41.0 ms max latency.
417 records sent, 83.3 records/sec (0.81 MB/sec), 12.0 ms avg latency, 36.0 ms max latency.
416 records sent, 83.1 records/sec (0.81 MB/sec), 12.4 ms avg latency, 58.0 ms max latency.
415 records sent, 83.0 records/sec (0.81 MB/sec), 11.1 ms avg latency, 29.0 ms max latency.
416 records sent, 82.9 records/sec (0.81 MB/sec), 10.9 ms avg latency, 41.0 ms max latency.
415 records sent, 83.0 records/sec (0.81 MB/sec), 10.6 ms avg latency, 45.0 ms max latency.
8333 records sent, 82.950089 records/sec (0.81 MB/sec), 1676.87 ms avg latency, 17339.00 ms max latency, 15 ms 50th, 8077 ms 95th, 9082 ms 99th, 9557 ms 99.9th.
