run_id=security-overhead-final-factorial-plaintext-b5-rf5-isr4-msg102400-tps1000-batch16384-acks1-prod6-compnone-trial2
producer_count=6
----- /var/lib/kafka-client/results/security-overhead-final-factorial-plaintext-b5-rf5-isr4-msg102400-tps1000-batch16384-acks1-prod6-compnone-trial2/producer-perf-1.log -----
producer_index=1
producer_count=6
producer_records=16667
producer_throughput=167
16 records sent, 3.2 records/sec (0.31 MB/sec), 820.9 ms avg latency, 4497.0 ms max latency.
613 records sent, 121.9 records/sec (11.91 MB/sec), 385.6 ms avg latency, 1151.0 ms max latency.
649 records sent, 129.6 records/sec (12.66 MB/sec), 42.4 ms avg latency, 173.0 ms max latency.
812 records sent, 162.1 records/sec (15.83 MB/sec), 30.3 ms avg latency, 134.0 ms max latency.
725 records sent, 143.9 records/sec (14.06 MB/sec), 16.8 ms avg latency, 65.0 ms max latency.
737 records sent, 147.2 records/sec (14.37 MB/sec), 35.8 ms avg latency, 281.0 ms max latency.
680 records sent, 135.5 records/sec (13.23 MB/sec), 17.3 ms avg latency, 115.0 ms max latency.
686 records sent, 137.0 records/sec (13.37 MB/sec), 17.1 ms avg latency, 116.0 ms max latency.
838 records sent, 167.6 records/sec (16.36 MB/sec), 20.8 ms avg latency, 161.0 ms max latency.
854 records sent, 170.4 records/sec (16.64 MB/sec), 27.6 ms avg latency, 166.0 ms max latency.
796 records sent, 158.8 records/sec (15.51 MB/sec), 19.3 ms avg latency, 91.0 ms max latency.
726 records sent, 145.1 records/sec (14.17 MB/sec), 17.4 ms avg latency, 86.0 ms max latency.
692 records sent, 138.2 records/sec (13.49 MB/sec), 14.9 ms avg latency, 106.0 ms max latency.
721 records sent, 144.0 records/sec (14.07 MB/sec), 16.1 ms avg latency, 145.0 ms max latency.
705 records sent, 140.7 records/sec (13.74 MB/sec), 17.2 ms avg latency, 102.0 ms max latency.
707 records sent, 141.2 records/sec (13.79 MB/sec), 37.2 ms avg latency, 250.0 ms max latency.
918 records sent, 183.5 records/sec (17.92 MB/sec), 18.3 ms avg latency, 104.0 ms max latency.
1030 records sent, 205.9 records/sec (20.11 MB/sec), 31.2 ms avg latency, 218.0 ms max latency.
846 records sent, 168.2 records/sec (16.42 MB/sec), 21.5 ms avg latency, 127.0 ms max latency.
753 records sent, 150.4 records/sec (14.69 MB/sec), 13.5 ms avg latency, 68.0 ms max latency.
783 records sent, 156.4 records/sec (15.28 MB/sec), 13.9 ms avg latency, 59.0 ms max latency.
834 records sent, 166.7 records/sec (16.28 MB/sec), 14.8 ms avg latency, 88.0 ms max latency.
16667 records sent, 147.099838 records/sec (14.37 MB/sec), 35.98 ms avg latency, 4497.00 ms max latency, 14 ms 50th, 108 ms 95th, 594 ms 99th, 986 ms 99.9th.
----- /var/lib/kafka-client/results/security-overhead-final-factorial-plaintext-b5-rf5-isr4-msg102400-tps1000-batch16384-acks1-prod6-compnone-trial2/producer-perf-2.log -----
producer_index=2
producer_count=6
producer_records=16667
producer_throughput=167
10 records sent, 2.0 records/sec (0.19 MB/sec), 977.4 ms avg latency, 4718.0 ms max latency.
543 records sent, 108.4 records/sec (10.58 MB/sec), 315.7 ms avg latency, 993.0 ms max latency.
705 records sent, 140.5 records/sec (13.72 MB/sec), 73.5 ms avg latency, 311.0 ms max latency.
782 records sent, 156.2 records/sec (15.25 MB/sec), 22.2 ms avg latency, 96.0 ms max latency.
784 records sent, 156.5 records/sec (15.28 MB/sec), 21.5 ms avg latency, 90.0 ms max latency.
724 records sent, 144.5 records/sec (14.11 MB/sec), 20.5 ms avg latency, 85.0 ms max latency.
735 records sent, 146.9 records/sec (14.34 MB/sec), 25.9 ms avg latency, 134.0 ms max latency.
774 records sent, 154.4 records/sec (15.07 MB/sec), 22.5 ms avg latency, 135.0 ms max latency.
720 records sent, 143.3 records/sec (13.99 MB/sec), 17.4 ms avg latency, 96.0 ms max latency.
735 records sent, 146.8 records/sec (14.34 MB/sec), 16.1 ms avg latency, 61.0 ms max latency.
789 records sent, 157.5 records/sec (15.38 MB/sec), 17.7 ms avg latency, 94.0 ms max latency.
796 records sent, 157.6 records/sec (15.39 MB/sec), 19.6 ms avg latency, 153.0 ms max latency.
817 records sent, 163.2 records/sec (15.93 MB/sec), 18.7 ms avg latency, 135.0 ms max latency.
758 records sent, 151.3 records/sec (14.77 MB/sec), 17.0 ms avg latency, 103.0 ms max latency.
730 records sent, 145.8 records/sec (14.24 MB/sec), 18.2 ms avg latency, 179.0 ms max latency.
844 records sent, 168.4 records/sec (16.44 MB/sec), 46.2 ms avg latency, 267.0 ms max latency.
687 records sent, 137.1 records/sec (13.39 MB/sec), 14.3 ms avg latency, 67.0 ms max latency.
831 records sent, 166.2 records/sec (16.23 MB/sec), 12.7 ms avg latency, 72.0 ms max latency.
888 records sent, 176.1 records/sec (17.19 MB/sec), 15.3 ms avg latency, 84.0 ms max latency.
879 records sent, 174.8 records/sec (17.07 MB/sec), 13.2 ms avg latency, 50.0 ms max latency.
828 records sent, 165.5 records/sec (16.16 MB/sec), 16.2 ms avg latency, 81.0 ms max latency.
833 records sent, 166.1 records/sec (16.22 MB/sec), 12.8 ms avg latency, 97.0 ms max latency.
16667 records sent, 148.028741 records/sec (14.46 MB/sec), 31.98 ms avg latency, 4718.00 ms max latency, 14 ms 50th, 93 ms 95th, 520 ms 99th, 796 ms 99.9th.
----- /var/lib/kafka-client/results/security-overhead-final-factorial-plaintext-b5-rf5-isr4-msg102400-tps1000-batch16384-acks1-prod6-compnone-trial2/producer-perf-3.log -----
producer_index=3
producer_count=6
producer_records=16667
producer_throughput=167
23 records sent, 4.5 records/sec (0.44 MB/sec), 592.8 ms avg latency, 4548.0 ms max latency.
565 records sent, 112.9 records/sec (11.03 MB/sec), 369.8 ms avg latency, 906.0 ms max latency.
649 records sent, 129.6 records/sec (12.65 MB/sec), 49.2 ms avg latency, 169.0 ms max latency.
756 records sent, 150.8 records/sec (14.73 MB/sec), 25.2 ms avg latency, 112.0 ms max latency.
867 records sent, 172.9 records/sec (16.88 MB/sec), 23.5 ms avg latency, 155.0 ms max latency.
770 records sent, 153.8 records/sec (15.02 MB/sec), 19.8 ms avg latency, 88.0 ms max latency.
741 records sent, 147.8 records/sec (14.43 MB/sec), 28.8 ms avg latency, 256.0 ms max latency.
728 records sent, 145.6 records/sec (14.22 MB/sec), 18.1 ms avg latency, 87.0 ms max latency.
722 records sent, 144.2 records/sec (14.08 MB/sec), 17.5 ms avg latency, 79.0 ms max latency.
795 records sent, 159.0 records/sec (15.53 MB/sec), 22.3 ms avg latency, 125.0 ms max latency.
732 records sent, 146.3 records/sec (14.29 MB/sec), 17.0 ms avg latency, 86.0 ms max latency.
729 records sent, 145.6 records/sec (14.22 MB/sec), 17.5 ms avg latency, 84.0 ms max latency.
733 records sent, 146.6 records/sec (14.31 MB/sec), 15.3 ms avg latency, 68.0 ms max latency.
777 records sent, 155.2 records/sec (15.15 MB/sec), 17.9 ms avg latency, 78.0 ms max latency.
729 records sent, 145.8 records/sec (14.24 MB/sec), 17.2 ms avg latency, 143.0 ms max latency.
814 records sent, 162.6 records/sec (15.88 MB/sec), 44.0 ms avg latency, 278.0 ms max latency.
797 records sent, 159.2 records/sec (15.54 MB/sec), 13.3 ms avg latency, 73.0 ms max latency.
795 records sent, 158.8 records/sec (15.51 MB/sec), 14.8 ms avg latency, 79.0 ms max latency.
766 records sent, 153.1 records/sec (14.95 MB/sec), 15.5 ms avg latency, 79.0 ms max latency.
772 records sent, 154.4 records/sec (15.08 MB/sec), 15.5 ms avg latency, 80.0 ms max latency.
807 records sent, 160.8 records/sec (15.71 MB/sec), 17.5 ms avg latency, 91.0 ms max latency.
815 records sent, 162.8 records/sec (15.90 MB/sec), 13.8 ms avg latency, 84.0 ms max latency.
16667 records sent, 146.667488 records/sec (14.32 MB/sec), 33.32 ms avg latency, 4548.00 ms max latency, 14 ms 50th, 86 ms 95th, 550 ms 99th, 761 ms 99.9th.
----- /var/lib/kafka-client/results/security-overhead-final-factorial-plaintext-b5-rf5-isr4-msg102400-tps1000-batch16384-acks1-prod6-compnone-trial2/producer-perf-4.log -----
producer_index=4
producer_count=6
producer_records=16667
producer_throughput=167
80 records sent, 15.9 records/sec (1.56 MB/sec), 400.1 ms avg latency, 3876.0 ms max latency.
577 records sent, 115.1 records/sec (11.24 MB/sec), 214.1 ms avg latency, 713.0 ms max latency.
714 records sent, 142.5 records/sec (13.91 MB/sec), 50.6 ms avg latency, 352.0 ms max latency.
925 records sent, 184.6 records/sec (18.03 MB/sec), 29.0 ms avg latency, 133.0 ms max latency.
855 records sent, 170.1 records/sec (16.61 MB/sec), 28.0 ms avg latency, 172.0 ms max latency.
849 records sent, 169.4 records/sec (16.55 MB/sec), 53.4 ms avg latency, 248.0 ms max latency.
819 records sent, 163.8 records/sec (15.99 MB/sec), 24.5 ms avg latency, 140.0 ms max latency.
710 records sent, 141.8 records/sec (13.85 MB/sec), 19.9 ms avg latency, 84.0 ms max latency.
747 records sent, 148.6 records/sec (14.51 MB/sec), 27.3 ms avg latency, 171.0 ms max latency.
693 records sent, 138.2 records/sec (13.49 MB/sec), 15.2 ms avg latency, 78.0 ms max latency.
760 records sent, 151.7 records/sec (14.81 MB/sec), 19.2 ms avg latency, 92.0 ms max latency.
719 records sent, 143.4 records/sec (14.01 MB/sec), 16.7 ms avg latency, 69.0 ms max latency.
805 records sent, 160.8 records/sec (15.70 MB/sec), 16.7 ms avg latency, 86.0 ms max latency.
693 records sent, 138.5 records/sec (13.52 MB/sec), 17.5 ms avg latency, 110.0 ms max latency.
758 records sent, 150.9 records/sec (14.73 MB/sec), 16.7 ms avg latency, 107.0 ms max latency.
865 records sent, 172.8 records/sec (16.88 MB/sec), 56.0 ms avg latency, 293.0 ms max latency.
755 records sent, 150.8 records/sec (14.73 MB/sec), 14.5 ms avg latency, 78.0 ms max latency.
804 records sent, 160.5 records/sec (15.67 MB/sec), 13.4 ms avg latency, 76.0 ms max latency.
720 records sent, 143.6 records/sec (14.02 MB/sec), 13.7 ms avg latency, 85.0 ms max latency.
800 records sent, 159.9 records/sec (15.61 MB/sec), 13.7 ms avg latency, 86.0 ms max latency.
754 records sent, 150.8 records/sec (14.73 MB/sec), 15.1 ms avg latency, 77.0 ms max latency.
780 records sent, 156.0 records/sec (15.23 MB/sec), 14.7 ms avg latency, 103.0 ms max latency.
16667 records sent, 147.181674 records/sec (14.37 MB/sec), 32.25 ms avg latency, 3876.00 ms max latency, 14 ms 50th, 118 ms 95th, 367 ms 99th, 611 ms 99.9th.
----- /var/lib/kafka-client/results/security-overhead-final-factorial-plaintext-b5-rf5-isr4-msg102400-tps1000-batch16384-acks1-prod6-compnone-trial2/producer-perf-5.log -----
producer_index=5
producer_count=6
producer_records=16666
producer_throughput=166
2 records sent, 0.4 records/sec (0.04 MB/sec), 2718.5 ms avg latency, 4817.0 ms max latency.
537 records sent, 107.0 records/sec (10.45 MB/sec), 456.9 ms avg latency, 998.0 ms max latency.
694 records sent, 138.7 records/sec (13.54 MB/sec), 56.2 ms avg latency, 229.0 ms max latency.
817 records sent, 163.2 records/sec (15.93 MB/sec), 30.6 ms avg latency, 154.0 ms max latency.
904 records sent, 180.8 records/sec (17.65 MB/sec), 23.4 ms avg latency, 90.0 ms max latency.
744 records sent, 147.9 records/sec (14.45 MB/sec), 35.8 ms avg latency, 283.0 ms max latency.
769 records sent, 152.8 records/sec (14.92 MB/sec), 20.8 ms avg latency, 124.0 ms max latency.
918 records sent, 183.5 records/sec (17.92 MB/sec), 52.3 ms avg latency, 255.0 ms max latency.
816 records sent, 162.4 records/sec (15.86 MB/sec), 29.3 ms avg latency, 231.0 ms max latency.
748 records sent, 149.4 records/sec (14.59 MB/sec), 17.7 ms avg latency, 80.0 ms max latency.
708 records sent, 141.1 records/sec (13.78 MB/sec), 17.1 ms avg latency, 74.0 ms max latency.
798 records sent, 159.4 records/sec (15.56 MB/sec), 17.1 ms avg latency, 77.0 ms max latency.
756 records sent, 151.0 records/sec (14.74 MB/sec), 17.6 ms avg latency, 99.0 ms max latency.
882 records sent, 176.2 records/sec (17.21 MB/sec), 78.5 ms avg latency, 531.0 ms max latency.
778 records sent, 155.0 records/sec (15.13 MB/sec), 23.3 ms avg latency, 190.0 ms max latency.
765 records sent, 153.0 records/sec (14.94 MB/sec), 38.7 ms avg latency, 322.0 ms max latency.
832 records sent, 166.3 records/sec (16.24 MB/sec), 14.3 ms avg latency, 61.0 ms max latency.
863 records sent, 172.5 records/sec (16.84 MB/sec), 15.1 ms avg latency, 67.0 ms max latency.
756 records sent, 151.2 records/sec (14.76 MB/sec), 16.2 ms avg latency, 82.0 ms max latency.
780 records sent, 155.6 records/sec (15.19 MB/sec), 13.6 ms avg latency, 74.0 ms max latency.
881 records sent, 176.1 records/sec (17.20 MB/sec), 15.4 ms avg latency, 58.0 ms max latency.
841 records sent, 168.1 records/sec (16.42 MB/sec), 14.6 ms avg latency, 109.0 ms max latency.
16666 records sent, 149.995500 records/sec (14.65 MB/sec), 41.67 ms avg latency, 4817.00 ms max latency, 15 ms 50th, 149 ms 95th, 656 ms 99th, 874 ms 99.9th.
----- /var/lib/kafka-client/results/security-overhead-final-factorial-plaintext-b5-rf5-isr4-msg102400-tps1000-batch16384-acks1-prod6-compnone-trial2/producer-perf-6.log -----
producer_index=6
producer_count=6
producer_records=16666
producer_throughput=166
1 records sent, 0.2 records/sec (0.02 MB/sec), 4865.0 ms avg latency, 4865.0 ms max latency.
561 records sent, 112.1 records/sec (10.95 MB/sec), 560.7 ms avg latency, 1357.0 ms max latency.
599 records sent, 119.7 records/sec (11.69 MB/sec), 39.5 ms avg latency, 212.0 ms max latency.
747 records sent, 149.3 records/sec (14.58 MB/sec), 26.0 ms avg latency, 109.0 ms max latency.
829 records sent, 165.8 records/sec (16.19 MB/sec), 29.7 ms avg latency, 240.0 ms max latency.
750 records sent, 149.3 records/sec (14.58 MB/sec), 48.0 ms avg latency, 343.0 ms max latency.
772 records sent, 153.5 records/sec (14.99 MB/sec), 21.3 ms avg latency, 85.0 ms max latency.
728 records sent, 145.6 records/sec (14.22 MB/sec), 22.6 ms avg latency, 126.0 ms max latency.
753 records sent, 150.4 records/sec (14.69 MB/sec), 17.6 ms avg latency, 74.0 ms max latency.
798 records sent, 159.5 records/sec (15.57 MB/sec), 23.5 ms avg latency, 194.0 ms max latency.
743 records sent, 148.5 records/sec (14.50 MB/sec), 25.7 ms avg latency, 139.0 ms max latency.
783 records sent, 156.5 records/sec (15.28 MB/sec), 18.5 ms avg latency, 79.0 ms max latency.
743 records sent, 148.5 records/sec (14.50 MB/sec), 17.7 ms avg latency, 76.0 ms max latency.
809 records sent, 161.8 records/sec (15.80 MB/sec), 21.1 ms avg latency, 101.0 ms max latency.
842 records sent, 168.2 records/sec (16.42 MB/sec), 19.3 ms avg latency, 192.0 ms max latency.
777 records sent, 154.9 records/sec (15.13 MB/sec), 36.8 ms avg latency, 261.0 ms max latency.
784 records sent, 156.8 records/sec (15.31 MB/sec), 16.0 ms avg latency, 76.0 ms max latency.
817 records sent, 163.4 records/sec (15.95 MB/sec), 13.4 ms avg latency, 72.0 ms max latency.
752 records sent, 149.9 records/sec (14.64 MB/sec), 15.3 ms avg latency, 60.0 ms max latency.
824 records sent, 163.9 records/sec (16.00 MB/sec), 16.3 ms avg latency, 93.0 ms max latency.
829 records sent, 165.7 records/sec (16.18 MB/sec), 19.6 ms avg latency, 156.0 ms max latency.
736 records sent, 147.0 records/sec (14.36 MB/sec), 14.8 ms avg latency, 82.0 ms max latency.
16666 records sent, 147.550708 records/sec (14.41 MB/sec), 40.94 ms avg latency, 4865.00 ms max latency, 14 ms 50th, 97 ms 95th, 884 ms 99th, 1159 ms 99.9th.
