run_id=security-overhead-final-factorial-plaintext-b3-rf3-isr3-msg10240-tps1000-batch16384-acks1-prod12-compnone-trial3
producer_count=12
----- /var/lib/kafka-client/results/security-overhead-final-factorial-plaintext-b3-rf3-isr3-msg10240-tps1000-batch16384-acks1-prod12-compnone-trial3/producer-perf-1.log -----
producer_index=1
producer_count=12
producer_records=8334
producer_throughput=84
1 records sent, 0.1 records/sec (0.00 MB/sec), 1013.0 ms avg latency, 1013.0 ms max latency.
296 records sent, 58.7 records/sec (0.57 MB/sec), 3062.7 ms avg latency, 9471.0 ms max latency.
670 records sent, 133.9 records/sec (1.31 MB/sec), 6024.4 ms avg latency, 7462.0 ms max latency.
1026 records sent, 204.9 records/sec (2.00 MB/sec), 4817.0 ms avg latency, 8524.0 ms max latency.
505 records sent, 100.9 records/sec (0.99 MB/sec), 157.8 ms avg latency, 1202.0 ms max latency.
426 records sent, 85.0 records/sec (0.83 MB/sec), 21.7 ms avg latency, 118.0 ms max latency.
409 records sent, 81.4 records/sec (0.80 MB/sec), 22.3 ms avg latency, 171.0 ms max latency.
433 records sent, 86.6 records/sec (0.85 MB/sec), 28.8 ms avg latency, 207.0 ms max latency.
422 records sent, 84.4 records/sec (0.82 MB/sec), 25.2 ms avg latency, 174.0 ms max latency.
422 records sent, 84.2 records/sec (0.82 MB/sec), 21.6 ms avg latency, 131.0 ms max latency.
420 records sent, 84.0 records/sec (0.82 MB/sec), 18.5 ms avg latency, 128.0 ms max latency.
421 records sent, 84.1 records/sec (0.82 MB/sec), 17.4 ms avg latency, 90.0 ms max latency.
420 records sent, 83.6 records/sec (0.82 MB/sec), 17.8 ms avg latency, 95.0 ms max latency.
424 records sent, 84.7 records/sec (0.83 MB/sec), 18.1 ms avg latency, 107.0 ms max latency.
420 records sent, 84.0 records/sec (0.82 MB/sec), 24.3 ms avg latency, 155.0 ms max latency.
421 records sent, 84.1 records/sec (0.82 MB/sec), 15.7 ms avg latency, 104.0 ms max latency.
421 records sent, 84.0 records/sec (0.82 MB/sec), 15.0 ms avg latency, 83.0 ms max latency.
420 records sent, 84.0 records/sec (0.82 MB/sec), 13.6 ms avg latency, 75.0 ms max latency.
8334 records sent, 83.533798 records/sec (0.82 MB/sec), 1209.61 ms avg latency, 9471.00 ms max latency, 17 ms 50th, 6719 ms 95th, 7485 ms 99th, 8288 ms 99.9th.
----- /var/lib/kafka-client/results/security-overhead-final-factorial-plaintext-b3-rf3-isr3-msg10240-tps1000-batch16384-acks1-prod12-compnone-trial3/producer-perf-2.log -----
producer_index=2
producer_count=12
producer_records=8334
producer_throughput=84
1 records sent, 0.1 records/sec (0.00 MB/sec), 1150.0 ms avg latency, 1150.0 ms max latency.
326 records sent, 65.2 records/sec (0.64 MB/sec), 3024.3 ms avg latency, 9909.0 ms max latency.
656 records sent, 131.0 records/sec (1.28 MB/sec), 5761.6 ms avg latency, 7179.0 ms max latency.
1118 records sent, 223.5 records/sec (2.18 MB/sec), 4173.2 ms avg latency, 7644.0 ms max latency.
421 records sent, 84.0 records/sec (0.82 MB/sec), 26.0 ms avg latency, 122.0 ms max latency.
425 records sent, 84.8 records/sec (0.83 MB/sec), 22.6 ms avg latency, 117.0 ms max latency.
421 records sent, 84.1 records/sec (0.82 MB/sec), 23.8 ms avg latency, 140.0 ms max latency.
422 records sent, 84.3 records/sec (0.82 MB/sec), 23.7 ms avg latency, 246.0 ms max latency.
414 records sent, 82.1 records/sec (0.80 MB/sec), 24.0 ms avg latency, 165.0 ms max latency.
428 records sent, 85.5 records/sec (0.84 MB/sec), 20.1 ms avg latency, 141.0 ms max latency.
419 records sent, 83.3 records/sec (0.81 MB/sec), 18.6 ms avg latency, 144.0 ms max latency.
420 records sent, 83.1 records/sec (0.81 MB/sec), 16.6 ms avg latency, 112.0 ms max latency.
433 records sent, 86.6 records/sec (0.85 MB/sec), 19.9 ms avg latency, 165.0 ms max latency.
413 records sent, 81.9 records/sec (0.80 MB/sec), 18.8 ms avg latency, 125.0 ms max latency.
431 records sent, 86.1 records/sec (0.84 MB/sec), 21.6 ms avg latency, 141.0 ms max latency.
418 records sent, 83.5 records/sec (0.82 MB/sec), 18.6 ms avg latency, 158.0 ms max latency.
425 records sent, 85.0 records/sec (0.83 MB/sec), 13.8 ms avg latency, 122.0 ms max latency.
417 records sent, 83.3 records/sec (0.81 MB/sec), 15.0 ms avg latency, 65.0 ms max latency.
8334 records sent, 83.571493 records/sec (0.82 MB/sec), 1146.69 ms avg latency, 9909.00 ms max latency, 16 ms 50th, 6475 ms 95th, 7376 ms 99th, 7566 ms 99.9th.
----- /var/lib/kafka-client/results/security-overhead-final-factorial-plaintext-b3-rf3-isr3-msg10240-tps1000-batch16384-acks1-prod12-compnone-trial3/producer-perf-3.log -----
producer_index=3
producer_count=12
producer_records=8334
producer_throughput=84
1 records sent, 0.1 records/sec (0.00 MB/sec), 780.0 ms avg latency, 780.0 ms max latency.
332 records sent, 66.1 records/sec (0.65 MB/sec), 2903.0 ms avg latency, 8511.0 ms max latency.
678 records sent, 135.3 records/sec (1.32 MB/sec), 5803.6 ms avg latency, 6994.0 ms max latency.
972 records sent, 194.3 records/sec (1.90 MB/sec), 3278.2 ms avg latency, 6891.0 ms max latency.
427 records sent, 85.3 records/sec (0.83 MB/sec), 34.3 ms avg latency, 170.0 ms max latency.
416 records sent, 83.0 records/sec (0.81 MB/sec), 22.2 ms avg latency, 107.0 ms max latency.
428 records sent, 85.6 records/sec (0.84 MB/sec), 22.7 ms avg latency, 166.0 ms max latency.
421 records sent, 83.9 records/sec (0.82 MB/sec), 25.7 ms avg latency, 236.0 ms max latency.
420 records sent, 83.8 records/sec (0.82 MB/sec), 22.2 ms avg latency, 172.0 ms max latency.
414 records sent, 82.7 records/sec (0.81 MB/sec), 22.7 ms avg latency, 181.0 ms max latency.
426 records sent, 84.8 records/sec (0.83 MB/sec), 20.0 ms avg latency, 142.0 ms max latency.
428 records sent, 85.4 records/sec (0.83 MB/sec), 16.6 ms avg latency, 72.0 ms max latency.
416 records sent, 82.8 records/sec (0.81 MB/sec), 17.3 ms avg latency, 100.0 ms max latency.
427 records sent, 85.3 records/sec (0.83 MB/sec), 20.0 ms avg latency, 147.0 ms max latency.
419 records sent, 81.6 records/sec (0.80 MB/sec), 20.2 ms avg latency, 143.0 ms max latency.
433 records sent, 86.4 records/sec (0.84 MB/sec), 19.6 ms avg latency, 135.0 ms max latency.
417 records sent, 83.1 records/sec (0.81 MB/sec), 15.8 ms avg latency, 92.0 ms max latency.
424 records sent, 84.8 records/sec (0.83 MB/sec), 16.2 ms avg latency, 68.0 ms max latency.
421 records sent, 84.2 records/sec (0.82 MB/sec), 15.5 ms avg latency, 75.0 ms max latency.
8334 records sent, 83.647824 records/sec (0.82 MB/sec), 986.01 ms avg latency, 8511.00 ms max latency, 17 ms 50th, 5964 ms 95th, 6707 ms 99th, 6943 ms 99.9th.
----- /var/lib/kafka-client/results/security-overhead-final-factorial-plaintext-b3-rf3-isr3-msg10240-tps1000-batch16384-acks1-prod12-compnone-trial3/producer-perf-4.log -----
producer_index=4
producer_count=12
producer_records=8334
producer_throughput=84
1 records sent, 0.1 records/sec (0.00 MB/sec), 10393.0 ms avg latency, 10393.0 ms max latency.
412 records sent, 82.3 records/sec (0.80 MB/sec), 1643.2 ms avg latency, 3148.0 ms max latency.
774 records sent, 154.3 records/sec (1.51 MB/sec), 4514.8 ms avg latency, 5673.0 ms max latency.
949 records sent, 189.5 records/sec (1.85 MB/sec), 2828.7 ms avg latency, 6157.0 ms max latency.
437 records sent, 86.8 records/sec (0.85 MB/sec), 30.3 ms avg latency, 236.0 ms max latency.
427 records sent, 85.1 records/sec (0.83 MB/sec), 23.0 ms avg latency, 116.0 ms max latency.
422 records sent, 84.3 records/sec (0.82 MB/sec), 21.9 ms avg latency, 151.0 ms max latency.
421 records sent, 84.2 records/sec (0.82 MB/sec), 24.6 ms avg latency, 135.0 ms max latency.
419 records sent, 83.6 records/sec (0.82 MB/sec), 21.9 ms avg latency, 161.0 ms max latency.
414 records sent, 82.7 records/sec (0.81 MB/sec), 18.2 ms avg latency, 117.0 ms max latency.
431 records sent, 86.1 records/sec (0.84 MB/sec), 18.9 ms avg latency, 97.0 ms max latency.
426 records sent, 85.0 records/sec (0.83 MB/sec), 20.8 ms avg latency, 176.0 ms max latency.
413 records sent, 82.6 records/sec (0.81 MB/sec), 19.2 ms avg latency, 124.0 ms max latency.
428 records sent, 85.6 records/sec (0.84 MB/sec), 22.7 ms avg latency, 136.0 ms max latency.
417 records sent, 83.2 records/sec (0.81 MB/sec), 20.2 ms avg latency, 158.0 ms max latency.
426 records sent, 85.1 records/sec (0.83 MB/sec), 20.5 ms avg latency, 179.0 ms max latency.
421 records sent, 84.0 records/sec (0.82 MB/sec), 14.0 ms avg latency, 67.0 ms max latency.
419 records sent, 83.6 records/sec (0.82 MB/sec), 15.0 ms avg latency, 81.0 ms max latency.
8334 records sent, 83.672179 records/sec (0.82 MB/sec), 839.25 ms avg latency, 10393.00 ms max latency, 16 ms 50th, 5090 ms 95th, 5666 ms 99th, 5924 ms 99.9th.
----- /var/lib/kafka-client/results/security-overhead-final-factorial-plaintext-b3-rf3-isr3-msg10240-tps1000-batch16384-acks1-prod12-compnone-trial3/producer-perf-5.log -----
producer_index=5
producer_count=12
producer_records=8333
producer_throughput=83
1 records sent, 0.1 records/sec (0.00 MB/sec), 880.0 ms avg latency, 880.0 ms max latency.
354 records sent, 70.4 records/sec (0.69 MB/sec), 2407.3 ms avg latency, 9215.0 ms max latency.
623 records sent, 123.9 records/sec (1.21 MB/sec), 5888.7 ms avg latency, 7034.0 ms max latency.
1005 records sent, 200.2 records/sec (1.96 MB/sec), 4156.2 ms avg latency, 7338.0 ms max latency.
467 records sent, 92.6 records/sec (0.90 MB/sec), 79.5 ms avg latency, 709.0 ms max latency.
421 records sent, 83.9 records/sec (0.82 MB/sec), 22.9 ms avg latency, 106.0 ms max latency.
417 records sent, 83.4 records/sec (0.81 MB/sec), 22.4 ms avg latency, 117.0 ms max latency.
418 records sent, 83.6 records/sec (0.82 MB/sec), 28.4 ms avg latency, 202.0 ms max latency.
414 records sent, 81.4 records/sec (0.79 MB/sec), 28.3 ms avg latency, 246.0 ms max latency.
427 records sent, 85.3 records/sec (0.83 MB/sec), 24.2 ms avg latency, 165.0 ms max latency.
410 records sent, 81.3 records/sec (0.79 MB/sec), 17.9 ms avg latency, 117.0 ms max latency.
422 records sent, 84.2 records/sec (0.82 MB/sec), 20.4 ms avg latency, 142.0 ms max latency.
421 records sent, 83.9 records/sec (0.82 MB/sec), 19.0 ms avg latency, 136.0 ms max latency.
411 records sent, 81.9 records/sec (0.80 MB/sec), 16.9 ms avg latency, 79.0 ms max latency.
425 records sent, 84.9 records/sec (0.83 MB/sec), 24.6 ms avg latency, 205.0 ms max latency.
415 records sent, 83.0 records/sec (0.81 MB/sec), 15.6 ms avg latency, 101.0 ms max latency.
416 records sent, 83.2 records/sec (0.81 MB/sec), 15.1 ms avg latency, 92.0 ms max latency.
414 records sent, 82.8 records/sec (0.81 MB/sec), 16.4 ms avg latency, 87.0 ms max latency.
416 records sent, 83.2 records/sec (0.81 MB/sec), 15.2 ms avg latency, 92.0 ms max latency.
8333 records sent, 82.774583 records/sec (0.81 MB/sec), 1062.88 ms avg latency, 9215.00 ms max latency, 17 ms 50th, 6434 ms 95th, 7032 ms 99th, 7240 ms 99.9th.
----- /var/lib/kafka-client/results/security-overhead-final-factorial-plaintext-b3-rf3-isr3-msg10240-tps1000-batch16384-acks1-prod12-compnone-trial3/producer-perf-6.log -----
producer_index=6
producer_count=12
producer_records=8333
producer_throughput=83
1 records sent, 0.1 records/sec (0.00 MB/sec), 1267.0 ms avg latency, 1267.0 ms max latency.
356 records sent, 70.1 records/sec (0.69 MB/sec), 2956.2 ms avg latency, 10737.0 ms max latency.
770 records sent, 153.8 records/sec (1.50 MB/sec), 5766.1 ms avg latency, 6986.0 ms max latency.
1022 records sent, 204.2 records/sec (1.99 MB/sec), 3507.5 ms avg latency, 7104.0 ms max latency.
417 records sent, 83.2 records/sec (0.81 MB/sec), 35.4 ms avg latency, 146.0 ms max latency.
415 records sent, 82.9 records/sec (0.81 MB/sec), 18.4 ms avg latency, 81.0 ms max latency.
422 records sent, 84.4 records/sec (0.82 MB/sec), 22.3 ms avg latency, 154.0 ms max latency.
412 records sent, 82.4 records/sec (0.80 MB/sec), 29.0 ms avg latency, 198.0 ms max latency.
421 records sent, 84.0 records/sec (0.82 MB/sec), 25.2 ms avg latency, 179.0 ms max latency.
416 records sent, 83.0 records/sec (0.81 MB/sec), 19.8 ms avg latency, 137.0 ms max latency.
421 records sent, 84.0 records/sec (0.82 MB/sec), 18.0 ms avg latency, 103.0 ms max latency.
415 records sent, 82.9 records/sec (0.81 MB/sec), 17.5 ms avg latency, 115.0 ms max latency.
417 records sent, 83.2 records/sec (0.81 MB/sec), 15.3 ms avg latency, 85.0 ms max latency.
415 records sent, 83.0 records/sec (0.81 MB/sec), 20.9 ms avg latency, 139.0 ms max latency.
414 records sent, 82.1 records/sec (0.80 MB/sec), 18.9 ms avg latency, 142.0 ms max latency.
421 records sent, 84.0 records/sec (0.82 MB/sec), 17.4 ms avg latency, 85.0 ms max latency.
416 records sent, 83.2 records/sec (0.81 MB/sec), 14.0 ms avg latency, 69.0 ms max latency.
416 records sent, 83.1 records/sec (0.81 MB/sec), 14.3 ms avg latency, 75.0 ms max latency.
8333 records sent, 82.945960 records/sec (0.81 MB/sec), 1104.36 ms avg latency, 10737.00 ms max latency, 16 ms 50th, 6131 ms 95th, 6861 ms 99th, 7048 ms 99.9th.
----- /var/lib/kafka-client/results/security-overhead-final-factorial-plaintext-b3-rf3-isr3-msg10240-tps1000-batch16384-acks1-prod12-compnone-trial3/producer-perf-7.log -----
producer_index=7
producer_count=12
producer_records=8333
producer_throughput=83
1 records sent, 0.1 records/sec (0.00 MB/sec), 1045.0 ms avg latency, 1045.0 ms max latency.
362 records sent, 72.1 records/sec (0.70 MB/sec), 2991.2 ms avg latency, 9568.0 ms max latency.
676 records sent, 133.9 records/sec (1.31 MB/sec), 5519.0 ms avg latency, 7092.0 ms max latency.
1010 records sent, 199.4 records/sec (1.95 MB/sec), 3735.3 ms avg latency, 7243.0 ms max latency.
426 records sent, 85.2 records/sec (0.83 MB/sec), 32.7 ms avg latency, 151.0 ms max latency.
416 records sent, 83.1 records/sec (0.81 MB/sec), 21.2 ms avg latency, 112.0 ms max latency.
416 records sent, 83.1 records/sec (0.81 MB/sec), 20.4 ms avg latency, 150.0 ms max latency.
417 records sent, 83.2 records/sec (0.81 MB/sec), 22.5 ms avg latency, 132.0 ms max latency.
416 records sent, 83.1 records/sec (0.81 MB/sec), 23.8 ms avg latency, 175.0 ms max latency.
418 records sent, 83.3 records/sec (0.81 MB/sec), 20.7 ms avg latency, 117.0 ms max latency.
416 records sent, 83.0 records/sec (0.81 MB/sec), 17.7 ms avg latency, 103.0 ms max latency.
411 records sent, 81.4 records/sec (0.80 MB/sec), 18.3 ms avg latency, 87.0 ms max latency.
425 records sent, 84.9 records/sec (0.83 MB/sec), 20.9 ms avg latency, 145.0 ms max latency.
426 records sent, 85.1 records/sec (0.83 MB/sec), 19.4 ms avg latency, 157.0 ms max latency.
416 records sent, 82.1 records/sec (0.80 MB/sec), 20.9 ms avg latency, 164.0 ms max latency.
429 records sent, 85.6 records/sec (0.84 MB/sec), 19.3 ms avg latency, 192.0 ms max latency.
412 records sent, 82.2 records/sec (0.80 MB/sec), 13.8 ms avg latency, 74.0 ms max latency.
421 records sent, 84.1 records/sec (0.82 MB/sec), 15.4 ms avg latency, 72.0 ms max latency.
416 records sent, 83.0 records/sec (0.81 MB/sec), 15.4 ms avg latency, 94.0 ms max latency.
8333 records sent, 82.775405 records/sec (0.81 MB/sec), 1045.75 ms avg latency, 9568.00 ms max latency, 16 ms 50th, 5953 ms 95th, 6878 ms 99th, 7185 ms 99.9th.
----- /var/lib/kafka-client/results/security-overhead-final-factorial-plaintext-b3-rf3-isr3-msg10240-tps1000-batch16384-acks1-prod12-compnone-trial3/producer-perf-8.log -----
producer_index=8
producer_count=12
producer_records=8333
producer_throughput=83
1 records sent, 0.1 records/sec (0.00 MB/sec), 9050.0 ms avg latency, 9050.0 ms max latency.
340 records sent, 67.9 records/sec (0.66 MB/sec), 3313.3 ms avg latency, 5054.0 ms max latency.
684 records sent, 136.6 records/sec (1.33 MB/sec), 6171.4 ms avg latency, 7240.0 ms max latency.
973 records sent, 194.4 records/sec (1.90 MB/sec), 3468.3 ms avg latency, 6994.0 ms max latency.
427 records sent, 85.4 records/sec (0.83 MB/sec), 34.0 ms avg latency, 147.0 ms max latency.
413 records sent, 82.4 records/sec (0.80 MB/sec), 22.3 ms avg latency, 136.0 ms max latency.
422 records sent, 84.3 records/sec (0.82 MB/sec), 20.2 ms avg latency, 137.0 ms max latency.
416 records sent, 83.0 records/sec (0.81 MB/sec), 26.3 ms avg latency, 179.0 ms max latency.
416 records sent, 83.0 records/sec (0.81 MB/sec), 21.2 ms avg latency, 185.0 ms max latency.
412 records sent, 81.8 records/sec (0.80 MB/sec), 21.3 ms avg latency, 122.0 ms max latency.
426 records sent, 85.0 records/sec (0.83 MB/sec), 17.0 ms avg latency, 113.0 ms max latency.
416 records sent, 83.2 records/sec (0.81 MB/sec), 20.0 ms avg latency, 93.0 ms max latency.
412 records sent, 82.2 records/sec (0.80 MB/sec), 18.9 ms avg latency, 115.0 ms max latency.
419 records sent, 83.7 records/sec (0.82 MB/sec), 17.5 ms avg latency, 103.0 ms max latency.
416 records sent, 83.2 records/sec (0.81 MB/sec), 19.2 ms avg latency, 129.0 ms max latency.
417 records sent, 83.3 records/sec (0.81 MB/sec), 18.7 ms avg latency, 110.0 ms max latency.
416 records sent, 83.0 records/sec (0.81 MB/sec), 14.2 ms avg latency, 67.0 ms max latency.
414 records sent, 82.5 records/sec (0.81 MB/sec), 15.7 ms avg latency, 79.0 ms max latency.
421 records sent, 84.1 records/sec (0.82 MB/sec), 16.3 ms avg latency, 89.0 ms max latency.
8333 records sent, 82.874192 records/sec (0.81 MB/sec), 1063.07 ms avg latency, 9050.00 ms max latency, 16 ms 50th, 6148 ms 95th, 6927 ms 99th, 7158 ms 99.9th.
----- /var/lib/kafka-client/results/security-overhead-final-factorial-plaintext-b3-rf3-isr3-msg10240-tps1000-batch16384-acks1-prod12-compnone-trial3/producer-perf-9.log -----
producer_index=9
producer_count=12
producer_records=8333
producer_throughput=83
1 records sent, 0.1 records/sec (0.00 MB/sec), 7873.0 ms avg latency, 7873.0 ms max latency.
368 records sent, 73.3 records/sec (0.72 MB/sec), 2186.4 ms avg latency, 3908.0 ms max latency.
760 records sent, 151.3 records/sec (1.48 MB/sec), 5229.0 ms avg latency, 6186.0 ms max latency.
786 records sent, 156.1 records/sec (1.52 MB/sec), 1619.2 ms avg latency, 4647.0 ms max latency.
419 records sent, 83.8 records/sec (0.82 MB/sec), 41.7 ms avg latency, 179.0 ms max latency.
413 records sent, 82.4 records/sec (0.80 MB/sec), 20.5 ms avg latency, 164.0 ms max latency.
419 records sent, 83.7 records/sec (0.82 MB/sec), 21.7 ms avg latency, 181.0 ms max latency.
409 records sent, 80.1 records/sec (0.78 MB/sec), 22.1 ms avg latency, 159.0 ms max latency.
431 records sent, 86.2 records/sec (0.84 MB/sec), 29.4 ms avg latency, 235.0 ms max latency.
414 records sent, 82.5 records/sec (0.81 MB/sec), 22.0 ms avg latency, 149.0 ms max latency.
420 records sent, 83.9 records/sec (0.82 MB/sec), 22.4 ms avg latency, 136.0 ms max latency.
415 records sent, 82.9 records/sec (0.81 MB/sec), 18.1 ms avg latency, 103.0 ms max latency.
420 records sent, 83.8 records/sec (0.82 MB/sec), 17.4 ms avg latency, 105.0 ms max latency.
415 records sent, 82.8 records/sec (0.81 MB/sec), 17.3 ms avg latency, 99.0 ms max latency.
417 records sent, 83.2 records/sec (0.81 MB/sec), 18.9 ms avg latency, 111.0 ms max latency.
419 records sent, 83.7 records/sec (0.82 MB/sec), 19.5 ms avg latency, 127.0 ms max latency.
415 records sent, 83.0 records/sec (0.81 MB/sec), 16.5 ms avg latency, 88.0 ms max latency.
416 records sent, 83.1 records/sec (0.81 MB/sec), 15.4 ms avg latency, 99.0 ms max latency.
415 records sent, 82.8 records/sec (0.81 MB/sec), 14.9 ms avg latency, 79.0 ms max latency.
8333 records sent, 82.758963 records/sec (0.81 MB/sec), 743.33 ms avg latency, 7873.00 ms max latency, 16 ms 50th, 5195 ms 95th, 5980 ms 99th, 6152 ms 99.9th.
----- /var/lib/kafka-client/results/security-overhead-final-factorial-plaintext-b3-rf3-isr3-msg10240-tps1000-batch16384-acks1-prod12-compnone-trial3/producer-perf-10.log -----
producer_index=10
producer_count=12
producer_records=8333
producer_throughput=83
1 records sent, 0.1 records/sec (0.00 MB/sec), 902.0 ms avg latency, 902.0 ms max latency.
352 records sent, 69.9 records/sec (0.68 MB/sec), 2726.4 ms avg latency, 9230.0 ms max latency.
690 records sent, 138.0 records/sec (1.35 MB/sec), 5862.7 ms avg latency, 7205.0 ms max latency.
977 records sent, 194.4 records/sec (1.90 MB/sec), 3152.3 ms avg latency, 7222.0 ms max latency.
425 records sent, 84.7 records/sec (0.83 MB/sec), 30.6 ms avg latency, 146.0 ms max latency.
413 records sent, 82.4 records/sec (0.80 MB/sec), 20.7 ms avg latency, 95.0 ms max latency.
422 records sent, 84.3 records/sec (0.82 MB/sec), 21.8 ms avg latency, 151.0 ms max latency.
415 records sent, 83.0 records/sec (0.81 MB/sec), 32.3 ms avg latency, 229.0 ms max latency.
416 records sent, 83.1 records/sec (0.81 MB/sec), 22.7 ms avg latency, 171.0 ms max latency.
411 records sent, 82.2 records/sec (0.80 MB/sec), 22.2 ms avg latency, 158.0 ms max latency.
422 records sent, 84.1 records/sec (0.82 MB/sec), 17.6 ms avg latency, 92.0 ms max latency.
417 records sent, 83.3 records/sec (0.81 MB/sec), 17.8 ms avg latency, 104.0 ms max latency.
409 records sent, 81.3 records/sec (0.79 MB/sec), 17.2 ms avg latency, 100.0 ms max latency.
424 records sent, 84.7 records/sec (0.83 MB/sec), 20.6 ms avg latency, 193.0 ms max latency.
416 records sent, 83.0 records/sec (0.81 MB/sec), 20.5 ms avg latency, 138.0 ms max latency.
417 records sent, 83.3 records/sec (0.81 MB/sec), 20.8 ms avg latency, 146.0 ms max latency.
416 records sent, 83.2 records/sec (0.81 MB/sec), 14.3 ms avg latency, 62.0 ms max latency.
411 records sent, 82.1 records/sec (0.80 MB/sec), 15.2 ms avg latency, 78.0 ms max latency.
423 records sent, 84.5 records/sec (0.83 MB/sec), 16.4 ms avg latency, 96.0 ms max latency.
8333 records sent, 82.705573 records/sec (0.81 MB/sec), 985.94 ms avg latency, 9230.00 ms max latency, 16 ms 50th, 6019 ms 95th, 6744 ms 99th, 7100 ms 99.9th.
----- /var/lib/kafka-client/results/security-overhead-final-factorial-plaintext-b3-rf3-isr3-msg10240-tps1000-batch16384-acks1-prod12-compnone-trial3/producer-perf-11.log -----
producer_index=11
producer_count=12
producer_records=8333
producer_throughput=83
1 records sent, 0.1 records/sec (0.00 MB/sec), 8796.0 ms avg latency, 8796.0 ms max latency.
294 records sent, 58.7 records/sec (0.57 MB/sec), 2227.1 ms avg latency, 3760.0 ms max latency.
616 records sent, 122.4 records/sec (1.19 MB/sec), 5152.6 ms avg latency, 6499.0 ms max latency.
1066 records sent, 212.4 records/sec (2.07 MB/sec), 4253.1 ms avg latency, 7172.0 ms max latency.
437 records sent, 87.3 records/sec (0.85 MB/sec), 42.7 ms avg latency, 406.0 ms max latency.
417 records sent, 83.3 records/sec (0.81 MB/sec), 25.8 ms avg latency, 146.0 ms max latency.
415 records sent, 82.2 records/sec (0.80 MB/sec), 19.4 ms avg latency, 101.0 ms max latency.
422 records sent, 84.4 records/sec (0.82 MB/sec), 29.5 ms avg latency, 219.0 ms max latency.
416 records sent, 83.0 records/sec (0.81 MB/sec), 26.1 ms avg latency, 264.0 ms max latency.
416 records sent, 83.1 records/sec (0.81 MB/sec), 22.7 ms avg latency, 174.0 ms max latency.
413 records sent, 82.5 records/sec (0.81 MB/sec), 16.0 ms avg latency, 86.0 ms max latency.
421 records sent, 83.9 records/sec (0.82 MB/sec), 17.8 ms avg latency, 77.0 ms max latency.
415 records sent, 82.8 records/sec (0.81 MB/sec), 16.9 ms avg latency, 106.0 ms max latency.
419 records sent, 83.5 records/sec (0.82 MB/sec), 16.5 ms avg latency, 124.0 ms max latency.
415 records sent, 83.0 records/sec (0.81 MB/sec), 22.9 ms avg latency, 138.0 ms max latency.
416 records sent, 83.0 records/sec (0.81 MB/sec), 17.9 ms avg latency, 127.0 ms max latency.
416 records sent, 83.2 records/sec (0.81 MB/sec), 15.4 ms avg latency, 83.0 ms max latency.
415 records sent, 83.0 records/sec (0.81 MB/sec), 16.3 ms avg latency, 96.0 ms max latency.
416 records sent, 83.1 records/sec (0.81 MB/sec), 17.6 ms avg latency, 96.0 ms max latency.
8333 records sent, 82.798434 records/sec (0.81 MB/sec), 1021.06 ms avg latency, 8796.00 ms max latency, 17 ms 50th, 6115 ms 95th, 6820 ms 99th, 7061 ms 99.9th.
----- /var/lib/kafka-client/results/security-overhead-final-factorial-plaintext-b3-rf3-isr3-msg10240-tps1000-batch16384-acks1-prod12-compnone-trial3/producer-perf-12.log -----
producer_index=12
producer_count=12
producer_records=8333
producer_throughput=83
1 records sent, 0.1 records/sec (0.00 MB/sec), 11064.0 ms avg latency, 11064.0 ms max latency.
302 records sent, 59.3 records/sec (0.58 MB/sec), 2442.8 ms avg latency, 3884.0 ms max latency.
848 records sent, 169.6 records/sec (1.66 MB/sec), 5040.2 ms avg latency, 5870.0 ms max latency.
1039 records sent, 207.3 records/sec (2.02 MB/sec), 3414.2 ms avg latency, 6594.0 ms max latency.
417 records sent, 83.2 records/sec (0.81 MB/sec), 23.3 ms avg latency, 137.0 ms max latency.
418 records sent, 83.4 records/sec (0.81 MB/sec), 21.2 ms avg latency, 125.0 ms max latency.
416 records sent, 83.1 records/sec (0.81 MB/sec), 18.6 ms avg latency, 112.0 ms max latency.
420 records sent, 83.8 records/sec (0.82 MB/sec), 28.6 ms avg latency, 188.0 ms max latency.
415 records sent, 82.9 records/sec (0.81 MB/sec), 21.8 ms avg latency, 138.0 ms max latency.
416 records sent, 83.2 records/sec (0.81 MB/sec), 20.6 ms avg latency, 145.0 ms max latency.
417 records sent, 83.0 records/sec (0.81 MB/sec), 17.5 ms avg latency, 111.0 ms max latency.
416 records sent, 83.2 records/sec (0.81 MB/sec), 19.4 ms avg latency, 114.0 ms max latency.
415 records sent, 83.0 records/sec (0.81 MB/sec), 16.3 ms avg latency, 87.0 ms max latency.
416 records sent, 83.0 records/sec (0.81 MB/sec), 20.3 ms avg latency, 157.0 ms max latency.
415 records sent, 83.0 records/sec (0.81 MB/sec), 18.3 ms avg latency, 144.0 ms max latency.
416 records sent, 83.2 records/sec (0.81 MB/sec), 15.5 ms avg latency, 108.0 ms max latency.
415 records sent, 82.8 records/sec (0.81 MB/sec), 14.6 ms avg latency, 78.0 ms max latency.
416 records sent, 82.7 records/sec (0.81 MB/sec), 14.1 ms avg latency, 70.0 ms max latency.
8333 records sent, 82.985610 records/sec (0.81 MB/sec), 1042.56 ms avg latency, 11064.00 ms max latency, 16 ms 50th, 5495 ms 95th, 6285 ms 99th, 6539 ms 99.9th.
