run_id=security-overhead-final-factorial-plaintext-b5-rf5-isr3-msg10240-tps1000-batch131072-acks1-prod6-complz4-trial2
producer_count=6
----- /var/lib/kafka-client/results/security-overhead-final-factorial-plaintext-b5-rf5-isr3-msg10240-tps1000-batch131072-acks1-prod6-complz4-trial2/producer-perf-1.log -----
producer_index=1
producer_count=6
producer_records=16667
producer_throughput=167
781 records sent, 154.9 records/sec (1.51 MB/sec), 191.4 ms avg latency, 3857.0 ms max latency.
894 records sent, 178.7 records/sec (1.75 MB/sec), 34.5 ms avg latency, 204.0 ms max latency.
837 records sent, 167.2 records/sec (1.63 MB/sec), 10.1 ms avg latency, 59.0 ms max latency.
836 records sent, 167.2 records/sec (1.63 MB/sec), 10.1 ms avg latency, 61.0 ms max latency.
831 records sent, 166.0 records/sec (1.62 MB/sec), 9.9 ms avg latency, 48.0 ms max latency.
841 records sent, 168.1 records/sec (1.64 MB/sec), 9.9 ms avg latency, 39.0 ms max latency.
836 records sent, 167.1 records/sec (1.63 MB/sec), 10.3 ms avg latency, 44.0 ms max latency.
832 records sent, 165.3 records/sec (1.61 MB/sec), 9.6 ms avg latency, 56.0 ms max latency.
844 records sent, 168.8 records/sec (1.65 MB/sec), 9.8 ms avg latency, 49.0 ms max latency.
835 records sent, 167.0 records/sec (1.63 MB/sec), 9.5 ms avg latency, 53.0 ms max latency.
836 records sent, 167.1 records/sec (1.63 MB/sec), 7.3 ms avg latency, 31.0 ms max latency.
835 records sent, 166.8 records/sec (1.63 MB/sec), 10.1 ms avg latency, 83.0 ms max latency.
842 records sent, 168.3 records/sec (1.64 MB/sec), 9.0 ms avg latency, 115.0 ms max latency.
836 records sent, 167.2 records/sec (1.63 MB/sec), 6.7 ms avg latency, 19.0 ms max latency.
835 records sent, 166.9 records/sec (1.63 MB/sec), 6.3 ms avg latency, 12.0 ms max latency.
836 records sent, 167.0 records/sec (1.63 MB/sec), 6.5 ms avg latency, 37.0 ms max latency.
835 records sent, 167.0 records/sec (1.63 MB/sec), 6.4 ms avg latency, 53.0 ms max latency.
836 records sent, 167.1 records/sec (1.63 MB/sec), 6.1 ms avg latency, 15.0 ms max latency.
835 records sent, 167.0 records/sec (1.63 MB/sec), 6.4 ms avg latency, 42.0 ms max latency.
16667 records sent, 166.881940 records/sec (1.63 MB/sec), 18.32 ms avg latency, 3857.00 ms max latency, 7 ms 50th, 70 ms 95th, 238 ms 99th, 440 ms 99.9th.
----- /var/lib/kafka-client/results/security-overhead-final-factorial-plaintext-b5-rf5-isr3-msg10240-tps1000-batch131072-acks1-prod6-complz4-trial2/producer-perf-2.log -----
producer_index=2
producer_count=6
producer_records=16667
producer_throughput=167
182 records sent, 35.8 records/sec (0.35 MB/sec), 270.8 ms avg latency, 4461.0 ms max latency.
1515 records sent, 302.9 records/sec (2.96 MB/sec), 157.8 ms avg latency, 666.0 ms max latency.
838 records sent, 167.4 records/sec (1.63 MB/sec), 14.0 ms avg latency, 138.0 ms max latency.
836 records sent, 166.9 records/sec (1.63 MB/sec), 10.9 ms avg latency, 78.0 ms max latency.
841 records sent, 168.0 records/sec (1.64 MB/sec), 10.0 ms avg latency, 37.0 ms max latency.
836 records sent, 167.1 records/sec (1.63 MB/sec), 9.3 ms avg latency, 53.0 ms max latency.
836 records sent, 166.9 records/sec (1.63 MB/sec), 10.2 ms avg latency, 60.0 ms max latency.
838 records sent, 167.5 records/sec (1.64 MB/sec), 10.9 ms avg latency, 47.0 ms max latency.
836 records sent, 166.8 records/sec (1.63 MB/sec), 9.3 ms avg latency, 60.0 ms max latency.
841 records sent, 168.1 records/sec (1.64 MB/sec), 8.8 ms avg latency, 51.0 ms max latency.
835 records sent, 166.7 records/sec (1.63 MB/sec), 7.2 ms avg latency, 40.0 ms max latency.
837 records sent, 167.3 records/sec (1.63 MB/sec), 10.8 ms avg latency, 84.0 ms max latency.
836 records sent, 167.1 records/sec (1.63 MB/sec), 7.3 ms avg latency, 48.0 ms max latency.
837 records sent, 167.4 records/sec (1.63 MB/sec), 6.7 ms avg latency, 25.0 ms max latency.
836 records sent, 167.0 records/sec (1.63 MB/sec), 6.4 ms avg latency, 14.0 ms max latency.
835 records sent, 167.0 records/sec (1.63 MB/sec), 6.4 ms avg latency, 24.0 ms max latency.
836 records sent, 167.1 records/sec (1.63 MB/sec), 6.1 ms avg latency, 12.0 ms max latency.
836 records sent, 167.1 records/sec (1.63 MB/sec), 6.3 ms avg latency, 29.0 ms max latency.
836 records sent, 167.1 records/sec (1.63 MB/sec), 6.2 ms avg latency, 33.0 ms max latency.
16667 records sent, 166.903665 records/sec (1.63 MB/sec), 24.95 ms avg latency, 4461.00 ms max latency, 7 ms 50th, 154 ms 95th, 397 ms 99th, 621 ms 99.9th.
----- /var/lib/kafka-client/results/security-overhead-final-factorial-plaintext-b5-rf5-isr3-msg10240-tps1000-batch131072-acks1-prod6-complz4-trial2/producer-perf-3.log -----
producer_index=3
producer_count=6
producer_records=16667
producer_throughput=167
81 records sent, 15.9 records/sec (0.16 MB/sec), 385.9 ms avg latency, 4743.0 ms max latency.
1608 records sent, 321.5 records/sec (3.14 MB/sec), 192.3 ms avg latency, 641.0 ms max latency.
838 records sent, 167.3 records/sec (1.63 MB/sec), 10.7 ms avg latency, 64.0 ms max latency.
837 records sent, 167.1 records/sec (1.63 MB/sec), 10.9 ms avg latency, 85.0 ms max latency.
837 records sent, 167.3 records/sec (1.63 MB/sec), 10.3 ms avg latency, 46.0 ms max latency.
835 records sent, 166.8 records/sec (1.63 MB/sec), 9.9 ms avg latency, 45.0 ms max latency.
843 records sent, 168.4 records/sec (1.64 MB/sec), 10.1 ms avg latency, 74.0 ms max latency.
846 records sent, 168.9 records/sec (1.65 MB/sec), 10.5 ms avg latency, 62.0 ms max latency.
839 records sent, 167.8 records/sec (1.64 MB/sec), 9.4 ms avg latency, 60.0 ms max latency.
836 records sent, 167.2 records/sec (1.63 MB/sec), 8.3 ms avg latency, 36.0 ms max latency.
835 records sent, 167.0 records/sec (1.63 MB/sec), 7.3 ms avg latency, 32.0 ms max latency.
836 records sent, 167.0 records/sec (1.63 MB/sec), 10.2 ms avg latency, 68.0 ms max latency.
834 records sent, 166.4 records/sec (1.62 MB/sec), 7.3 ms avg latency, 25.0 ms max latency.
842 records sent, 168.4 records/sec (1.64 MB/sec), 6.6 ms avg latency, 35.0 ms max latency.
836 records sent, 167.0 records/sec (1.63 MB/sec), 6.3 ms avg latency, 24.0 ms max latency.
835 records sent, 167.0 records/sec (1.63 MB/sec), 6.4 ms avg latency, 35.0 ms max latency.
836 records sent, 167.0 records/sec (1.63 MB/sec), 6.5 ms avg latency, 56.0 ms max latency.
836 records sent, 167.1 records/sec (1.63 MB/sec), 6.2 ms avg latency, 18.0 ms max latency.
835 records sent, 167.0 records/sec (1.63 MB/sec), 6.4 ms avg latency, 37.0 ms max latency.
16667 records sent, 166.831827 records/sec (1.63 MB/sec), 27.90 ms avg latency, 4743.00 ms max latency, 7 ms 50th, 172 ms 95th, 464 ms 99th, 620 ms 99.9th.
----- /var/lib/kafka-client/results/security-overhead-final-factorial-plaintext-b5-rf5-isr3-msg10240-tps1000-batch131072-acks1-prod6-complz4-trial2/producer-perf-4.log -----
producer_index=4
producer_count=6
producer_records=16667
producer_throughput=167
113 records sent, 22.2 records/sec (0.22 MB/sec), 498.9 ms avg latency, 4556.0 ms max latency.
1575 records sent, 314.6 records/sec (3.07 MB/sec), 151.1 ms avg latency, 760.0 ms max latency.
835 records sent, 167.0 records/sec (1.63 MB/sec), 11.3 ms avg latency, 92.0 ms max latency.
837 records sent, 167.0 records/sec (1.63 MB/sec), 10.7 ms avg latency, 65.0 ms max latency.
838 records sent, 167.2 records/sec (1.63 MB/sec), 9.8 ms avg latency, 52.0 ms max latency.
835 records sent, 166.9 records/sec (1.63 MB/sec), 9.5 ms avg latency, 45.0 ms max latency.
837 records sent, 167.4 records/sec (1.63 MB/sec), 10.2 ms avg latency, 73.0 ms max latency.
835 records sent, 167.0 records/sec (1.63 MB/sec), 11.5 ms avg latency, 67.0 ms max latency.
837 records sent, 167.2 records/sec (1.63 MB/sec), 9.3 ms avg latency, 42.0 ms max latency.
837 records sent, 167.2 records/sec (1.63 MB/sec), 8.3 ms avg latency, 58.0 ms max latency.
833 records sent, 165.9 records/sec (1.62 MB/sec), 7.4 ms avg latency, 42.0 ms max latency.
842 records sent, 168.3 records/sec (1.64 MB/sec), 10.6 ms avg latency, 73.0 ms max latency.
837 records sent, 167.2 records/sec (1.63 MB/sec), 7.3 ms avg latency, 32.0 ms max latency.
836 records sent, 167.0 records/sec (1.63 MB/sec), 6.6 ms avg latency, 22.0 ms max latency.
835 records sent, 166.9 records/sec (1.63 MB/sec), 6.4 ms avg latency, 24.0 ms max latency.
836 records sent, 167.2 records/sec (1.63 MB/sec), 6.5 ms avg latency, 37.0 ms max latency.
836 records sent, 167.0 records/sec (1.63 MB/sec), 6.3 ms avg latency, 30.0 ms max latency.
836 records sent, 167.0 records/sec (1.63 MB/sec), 6.1 ms avg latency, 18.0 ms max latency.
836 records sent, 167.1 records/sec (1.63 MB/sec), 6.3 ms avg latency, 22.0 ms max latency.
16667 records sent, 166.910351 records/sec (1.63 MB/sec), 25.18 ms avg latency, 4556.00 ms max latency, 7 ms 50th, 95 ms 95th, 493 ms 99th, 728 ms 99.9th.
----- /var/lib/kafka-client/results/security-overhead-final-factorial-plaintext-b5-rf5-isr3-msg10240-tps1000-batch131072-acks1-prod6-complz4-trial2/producer-perf-5.log -----
producer_index=5
producer_count=6
producer_records=16666
producer_throughput=166
54 records sent, 10.8 records/sec (0.10 MB/sec), 559.6 ms avg latency, 4699.0 ms max latency.
1615 records sent, 322.3 records/sec (3.15 MB/sec), 136.5 ms avg latency, 463.0 ms max latency.
835 records sent, 167.0 records/sec (1.63 MB/sec), 12.6 ms avg latency, 113.0 ms max latency.
829 records sent, 165.7 records/sec (1.62 MB/sec), 10.9 ms avg latency, 56.0 ms max latency.
830 records sent, 165.8 records/sec (1.62 MB/sec), 10.5 ms avg latency, 49.0 ms max latency.
839 records sent, 167.5 records/sec (1.64 MB/sec), 10.1 ms avg latency, 47.0 ms max latency.
828 records sent, 164.6 records/sec (1.61 MB/sec), 10.9 ms avg latency, 64.0 ms max latency.
845 records sent, 169.0 records/sec (1.65 MB/sec), 11.0 ms avg latency, 87.0 ms max latency.
833 records sent, 166.5 records/sec (1.63 MB/sec), 9.7 ms avg latency, 60.0 ms max latency.
830 records sent, 166.0 records/sec (1.62 MB/sec), 8.9 ms avg latency, 55.0 ms max latency.
831 records sent, 165.9 records/sec (1.62 MB/sec), 8.1 ms avg latency, 37.0 ms max latency.
831 records sent, 166.2 records/sec (1.62 MB/sec), 11.2 ms avg latency, 82.0 ms max latency.
832 records sent, 166.4 records/sec (1.63 MB/sec), 7.4 ms avg latency, 28.0 ms max latency.
831 records sent, 166.0 records/sec (1.62 MB/sec), 6.5 ms avg latency, 17.0 ms max latency.
830 records sent, 165.9 records/sec (1.62 MB/sec), 6.3 ms avg latency, 21.0 ms max latency.
831 records sent, 166.1 records/sec (1.62 MB/sec), 6.2 ms avg latency, 16.0 ms max latency.
831 records sent, 166.1 records/sec (1.62 MB/sec), 6.3 ms avg latency, 29.0 ms max latency.
830 records sent, 165.9 records/sec (1.62 MB/sec), 6.4 ms avg latency, 48.0 ms max latency.
831 records sent, 166.2 records/sec (1.62 MB/sec), 6.2 ms avg latency, 30.0 ms max latency.
830 records sent, 165.9 records/sec (1.62 MB/sec), 6.2 ms avg latency, 22.0 ms max latency.
16666 records sent, 165.918345 records/sec (1.62 MB/sec), 22.82 ms avg latency, 4699.00 ms max latency, 7 ms 50th, 110 ms 95th, 392 ms 99th, 524 ms 99.9th.
----- /var/lib/kafka-client/results/security-overhead-final-factorial-plaintext-b5-rf5-isr3-msg10240-tps1000-batch131072-acks1-prod6-complz4-trial2/producer-perf-6.log -----
producer_index=6
producer_count=6
producer_records=16666
producer_throughput=166
823 records sent, 164.2 records/sec (1.60 MB/sec), 224.4 ms avg latency, 3656.0 ms max latency.
845 records sent, 168.9 records/sec (1.65 MB/sec), 22.3 ms avg latency, 126.0 ms max latency.
831 records sent, 166.1 records/sec (1.62 MB/sec), 11.7 ms avg latency, 81.0 ms max latency.
830 records sent, 165.8 records/sec (1.62 MB/sec), 11.0 ms avg latency, 73.0 ms max latency.
829 records sent, 165.4 records/sec (1.62 MB/sec), 10.8 ms avg latency, 53.0 ms max latency.
837 records sent, 167.4 records/sec (1.63 MB/sec), 10.2 ms avg latency, 54.0 ms max latency.
831 records sent, 166.1 records/sec (1.62 MB/sec), 10.7 ms avg latency, 81.0 ms max latency.
830 records sent, 165.9 records/sec (1.62 MB/sec), 9.7 ms avg latency, 39.0 ms max latency.
831 records sent, 166.2 records/sec (1.62 MB/sec), 10.0 ms avg latency, 59.0 ms max latency.
832 records sent, 166.2 records/sec (1.62 MB/sec), 8.8 ms avg latency, 60.0 ms max latency.
832 records sent, 166.2 records/sec (1.62 MB/sec), 7.6 ms avg latency, 30.0 ms max latency.
830 records sent, 166.0 records/sec (1.62 MB/sec), 10.5 ms avg latency, 82.0 ms max latency.
830 records sent, 166.0 records/sec (1.62 MB/sec), 7.3 ms avg latency, 29.0 ms max latency.
831 records sent, 166.1 records/sec (1.62 MB/sec), 6.4 ms avg latency, 15.0 ms max latency.
831 records sent, 166.0 records/sec (1.62 MB/sec), 6.3 ms avg latency, 20.0 ms max latency.
831 records sent, 166.2 records/sec (1.62 MB/sec), 6.3 ms avg latency, 20.0 ms max latency.
830 records sent, 165.9 records/sec (1.62 MB/sec), 6.2 ms avg latency, 15.0 ms max latency.
831 records sent, 166.1 records/sec (1.62 MB/sec), 6.2 ms avg latency, 24.0 ms max latency.
831 records sent, 166.1 records/sec (1.62 MB/sec), 6.2 ms avg latency, 25.0 ms max latency.
831 records sent, 166.1 records/sec (1.62 MB/sec), 6.3 ms avg latency, 31.0 ms max latency.
16666 records sent, 165.967914 records/sec (1.62 MB/sec), 19.81 ms avg latency, 3656.00 ms max latency, 7 ms 50th, 68 ms 95th, 360 ms 99th, 548 ms 99.9th.
