run_id=security-overhead-final-factorial-mtls-b3-rf3-isr3-msg102400-tps1000-batch131072-acks1-prod6-complz4-trial2
producer_count=6
----- /var/lib/kafka-client/results/security-overhead-final-factorial-mtls-b3-rf3-isr3-msg102400-tps1000-batch131072-acks1-prod6-complz4-trial2/producer-perf-1.log -----
producer_index=1
producer_count=6
producer_records=16667
producer_throughput=167
1 records sent, 0.1 records/sec (0.01 MB/sec), 2044.0 ms avg latency, 2044.0 ms max latency.
132 records sent, 25.7 records/sec (2.51 MB/sec), 4211.4 ms avg latency, 7664.0 ms max latency.
412 records sent, 81.7 records/sec (7.98 MB/sec), 3760.7 ms avg latency, 5426.0 ms max latency.
504 records sent, 100.5 records/sec (9.81 MB/sec), 3080.0 ms avg latency, 4306.0 ms max latency.
714 records sent, 142.7 records/sec (13.93 MB/sec), 469.9 ms avg latency, 1673.0 ms max latency.
600 records sent, 119.9 records/sec (11.71 MB/sec), 36.5 ms avg latency, 148.0 ms max latency.
595 records sent, 119.0 records/sec (11.62 MB/sec), 28.7 ms avg latency, 134.0 ms max latency.
638 records sent, 127.1 records/sec (12.41 MB/sec), 28.6 ms avg latency, 110.0 ms max latency.
667 records sent, 133.2 records/sec (13.01 MB/sec), 24.0 ms avg latency, 89.0 ms max latency.
695 records sent, 138.9 records/sec (13.56 MB/sec), 23.9 ms avg latency, 103.0 ms max latency.
694 records sent, 138.7 records/sec (13.54 MB/sec), 25.3 ms avg latency, 127.0 ms max latency.
674 records sent, 134.7 records/sec (13.15 MB/sec), 23.7 ms avg latency, 99.0 ms max latency.
654 records sent, 130.7 records/sec (12.77 MB/sec), 25.3 ms avg latency, 110.0 ms max latency.
688 records sent, 137.5 records/sec (13.43 MB/sec), 21.8 ms avg latency, 81.0 ms max latency.
688 records sent, 137.4 records/sec (13.42 MB/sec), 22.4 ms avg latency, 82.0 ms max latency.
685 records sent, 136.9 records/sec (13.37 MB/sec), 22.5 ms avg latency, 104.0 ms max latency.
680 records sent, 135.9 records/sec (13.27 MB/sec), 22.1 ms avg latency, 87.0 ms max latency.
718 records sent, 143.5 records/sec (14.02 MB/sec), 20.1 ms avg latency, 101.0 ms max latency.
671 records sent, 134.1 records/sec (13.10 MB/sec), 23.7 ms avg latency, 150.0 ms max latency.
746 records sent, 149.1 records/sec (14.56 MB/sec), 17.2 ms avg latency, 64.0 ms max latency.
828 records sent, 165.5 records/sec (16.17 MB/sec), 17.6 ms avg latency, 148.0 ms max latency.
731 records sent, 146.1 records/sec (14.27 MB/sec), 18.9 ms avg latency, 80.0 ms max latency.
796 records sent, 159.2 records/sec (15.55 MB/sec), 16.0 ms avg latency, 78.0 ms max latency.
771 records sent, 153.9 records/sec (15.03 MB/sec), 16.6 ms avg latency, 86.0 ms max latency.
752 records sent, 149.2 records/sec (14.57 MB/sec), 17.7 ms avg latency, 141.0 ms max latency.
16667 records sent, 124.909130 records/sec (12.20 MB/sec), 259.20 ms avg latency, 7664.00 ms max latency, 18 ms 50th, 2730 ms 95th, 4588 ms 99th, 5138 ms 99.9th.
----- /var/lib/kafka-client/results/security-overhead-final-factorial-mtls-b3-rf3-isr3-msg102400-tps1000-batch131072-acks1-prod6-complz4-trial2/producer-perf-2.log -----
producer_index=2
producer_count=6
producer_records=16667
producer_throughput=167
1 records sent, 0.1 records/sec (0.01 MB/sec), 2714.0 ms avg latency, 2714.0 ms max latency.
198 records sent, 39.2 records/sec (3.82 MB/sec), 4360.7 ms avg latency, 9879.0 ms max latency.
310 records sent, 61.6 records/sec (6.01 MB/sec), 5033.9 ms avg latency, 7326.0 ms max latency.
516 records sent, 102.8 records/sec (10.04 MB/sec), 3069.4 ms avg latency, 4557.0 ms max latency.
733 records sent, 146.1 records/sec (14.27 MB/sec), 450.0 ms avg latency, 1534.0 ms max latency.
605 records sent, 121.0 records/sec (11.81 MB/sec), 35.2 ms avg latency, 140.0 ms max latency.
613 records sent, 121.9 records/sec (11.90 MB/sec), 35.4 ms avg latency, 165.0 ms max latency.
649 records sent, 129.2 records/sec (12.61 MB/sec), 28.2 ms avg latency, 106.0 ms max latency.
648 records sent, 129.3 records/sec (12.63 MB/sec), 25.3 ms avg latency, 91.0 ms max latency.
643 records sent, 128.1 records/sec (12.51 MB/sec), 25.7 ms avg latency, 100.0 ms max latency.
686 records sent, 137.1 records/sec (13.39 MB/sec), 22.9 ms avg latency, 111.0 ms max latency.
676 records sent, 134.8 records/sec (13.16 MB/sec), 24.4 ms avg latency, 91.0 ms max latency.
689 records sent, 137.5 records/sec (13.42 MB/sec), 24.4 ms avg latency, 125.0 ms max latency.
663 records sent, 132.6 records/sec (12.95 MB/sec), 24.0 ms avg latency, 159.0 ms max latency.
698 records sent, 139.6 records/sec (13.63 MB/sec), 20.9 ms avg latency, 103.0 ms max latency.
689 records sent, 137.4 records/sec (13.42 MB/sec), 22.2 ms avg latency, 84.0 ms max latency.
737 records sent, 147.4 records/sec (14.39 MB/sec), 18.6 ms avg latency, 65.0 ms max latency.
706 records sent, 141.0 records/sec (13.77 MB/sec), 21.5 ms avg latency, 93.0 ms max latency.
715 records sent, 142.9 records/sec (13.96 MB/sec), 21.7 ms avg latency, 146.0 ms max latency.
776 records sent, 154.8 records/sec (15.12 MB/sec), 15.1 ms avg latency, 55.0 ms max latency.
779 records sent, 155.7 records/sec (15.21 MB/sec), 17.0 ms avg latency, 75.0 ms max latency.
738 records sent, 147.0 records/sec (14.35 MB/sec), 17.5 ms avg latency, 64.0 ms max latency.
851 records sent, 170.1 records/sec (16.61 MB/sec), 15.2 ms avg latency, 75.0 ms max latency.
745 records sent, 148.9 records/sec (14.54 MB/sec), 16.5 ms avg latency, 73.0 ms max latency.
840 records sent, 167.9 records/sec (16.39 MB/sec), 15.8 ms avg latency, 86.0 ms max latency.
16667 records sent, 124.501382 records/sec (12.16 MB/sec), 279.55 ms avg latency, 9879.00 ms max latency, 18 ms 50th, 2679 ms 95th, 5196 ms 99th, 6376 ms 99.9th.
----- /var/lib/kafka-client/results/security-overhead-final-factorial-mtls-b3-rf3-isr3-msg102400-tps1000-batch131072-acks1-prod6-complz4-trial2/producer-perf-3.log -----
producer_index=3
producer_count=6
producer_records=16667
producer_throughput=167
1 records sent, 0.1 records/sec (0.01 MB/sec), 8615.0 ms avg latency, 8615.0 ms max latency.
200 records sent, 39.8 records/sec (3.89 MB/sec), 4455.7 ms avg latency, 5373.0 ms max latency.
346 records sent, 68.2 records/sec (6.66 MB/sec), 3960.7 ms avg latency, 5310.0 ms max latency.
432 records sent, 86.0 records/sec (8.40 MB/sec), 3602.5 ms avg latency, 4665.0 ms max latency.
779 records sent, 155.3 records/sec (15.17 MB/sec), 610.0 ms avg latency, 2330.0 ms max latency.
641 records sent, 127.7 records/sec (12.47 MB/sec), 38.0 ms avg latency, 157.0 ms max latency.
572 records sent, 114.4 records/sec (11.17 MB/sec), 31.1 ms avg latency, 152.0 ms max latency.
630 records sent, 125.9 records/sec (12.29 MB/sec), 32.4 ms avg latency, 116.0 ms max latency.
676 records sent, 135.1 records/sec (13.19 MB/sec), 28.5 ms avg latency, 110.0 ms max latency.
684 records sent, 136.6 records/sec (13.34 MB/sec), 23.4 ms avg latency, 106.0 ms max latency.
682 records sent, 136.3 records/sec (13.31 MB/sec), 27.3 ms avg latency, 134.0 ms max latency.
661 records sent, 131.7 records/sec (12.86 MB/sec), 24.0 ms avg latency, 103.0 ms max latency.
644 records sent, 128.5 records/sec (12.55 MB/sec), 25.2 ms avg latency, 99.0 ms max latency.
654 records sent, 130.7 records/sec (12.76 MB/sec), 23.2 ms avg latency, 82.0 ms max latency.
671 records sent, 134.1 records/sec (13.09 MB/sec), 20.4 ms avg latency, 76.0 ms max latency.
683 records sent, 136.6 records/sec (13.34 MB/sec), 20.8 ms avg latency, 89.0 ms max latency.
650 records sent, 129.1 records/sec (12.61 MB/sec), 25.0 ms avg latency, 151.0 ms max latency.
749 records sent, 149.1 records/sec (14.56 MB/sec), 20.2 ms avg latency, 89.0 ms max latency.
673 records sent, 133.2 records/sec (13.01 MB/sec), 27.1 ms avg latency, 157.0 ms max latency.
776 records sent, 155.0 records/sec (15.13 MB/sec), 16.6 ms avg latency, 69.0 ms max latency.
776 records sent, 155.0 records/sec (15.14 MB/sec), 15.4 ms avg latency, 56.0 ms max latency.
746 records sent, 149.0 records/sec (14.55 MB/sec), 17.3 ms avg latency, 73.0 ms max latency.
812 records sent, 161.9 records/sec (15.81 MB/sec), 17.4 ms avg latency, 84.0 ms max latency.
716 records sent, 143.1 records/sec (13.98 MB/sec), 18.2 ms avg latency, 100.0 ms max latency.
799 records sent, 159.8 records/sec (15.61 MB/sec), 15.8 ms avg latency, 68.0 ms max latency.
16667 records sent, 124.482784 records/sec (12.16 MB/sec), 277.96 ms avg latency, 8615.00 ms max latency, 18 ms 50th, 3184 ms 95th, 4655 ms 99th, 5192 ms 99.9th.
----- /var/lib/kafka-client/results/security-overhead-final-factorial-mtls-b3-rf3-isr3-msg102400-tps1000-batch131072-acks1-prod6-complz4-trial2/producer-perf-4.log -----
producer_index=4
producer_count=6
producer_records=16667
producer_throughput=167
1 records sent, 0.1 records/sec (0.01 MB/sec), 2511.0 ms avg latency, 2511.0 ms max latency.
184 records sent, 36.4 records/sec (3.55 MB/sec), 3928.8 ms avg latency, 8320.0 ms max latency.
582 records sent, 116.2 records/sec (11.35 MB/sec), 2793.3 ms avg latency, 5573.0 ms max latency.
666 records sent, 132.7 records/sec (12.96 MB/sec), 453.3 ms avg latency, 1694.0 ms max latency.
577 records sent, 115.3 records/sec (11.26 MB/sec), 34.1 ms avg latency, 160.0 ms max latency.
599 records sent, 119.3 records/sec (11.65 MB/sec), 32.0 ms avg latency, 178.0 ms max latency.
630 records sent, 125.8 records/sec (12.29 MB/sec), 33.3 ms avg latency, 128.0 ms max latency.
649 records sent, 129.7 records/sec (12.67 MB/sec), 30.2 ms avg latency, 110.0 ms max latency.
672 records sent, 134.3 records/sec (13.11 MB/sec), 24.4 ms avg latency, 104.0 ms max latency.
676 records sent, 134.7 records/sec (13.16 MB/sec), 23.7 ms avg latency, 114.0 ms max latency.
711 records sent, 142.1 records/sec (13.87 MB/sec), 22.7 ms avg latency, 78.0 ms max latency.
632 records sent, 126.3 records/sec (12.33 MB/sec), 21.8 ms avg latency, 125.0 ms max latency.
689 records sent, 137.7 records/sec (13.45 MB/sec), 22.3 ms avg latency, 75.0 ms max latency.
663 records sent, 132.4 records/sec (12.93 MB/sec), 22.3 ms avg latency, 124.0 ms max latency.
680 records sent, 135.7 records/sec (13.25 MB/sec), 21.7 ms avg latency, 91.0 ms max latency.
687 records sent, 137.2 records/sec (13.40 MB/sec), 21.6 ms avg latency, 82.0 ms max latency.
700 records sent, 139.9 records/sec (13.67 MB/sec), 23.4 ms avg latency, 103.0 ms max latency.
698 records sent, 139.2 records/sec (13.59 MB/sec), 21.3 ms avg latency, 98.0 ms max latency.
685 records sent, 136.9 records/sec (13.37 MB/sec), 23.5 ms avg latency, 165.0 ms max latency.
746 records sent, 149.1 records/sec (14.56 MB/sec), 17.6 ms avg latency, 62.0 ms max latency.
786 records sent, 157.0 records/sec (15.34 MB/sec), 18.6 ms avg latency, 79.0 ms max latency.
701 records sent, 139.8 records/sec (13.65 MB/sec), 19.2 ms avg latency, 85.0 ms max latency.
857 records sent, 171.3 records/sec (16.73 MB/sec), 15.5 ms avg latency, 69.0 ms max latency.
763 records sent, 152.6 records/sec (14.90 MB/sec), 17.0 ms avg latency, 60.0 ms max latency.
803 records sent, 160.3 records/sec (15.65 MB/sec), 16.7 ms avg latency, 93.0 ms max latency.
16667 records sent, 125.913167 records/sec (12.30 MB/sec), 179.52 ms avg latency, 8320.00 ms max latency, 19 ms 50th, 1211 ms 95th, 4290 ms 99th, 4952 ms 99.9th.
----- /var/lib/kafka-client/results/security-overhead-final-factorial-mtls-b3-rf3-isr3-msg102400-tps1000-batch131072-acks1-prod6-complz4-trial2/producer-perf-5.log -----
producer_index=5
producer_count=6
producer_records=16666
producer_throughput=166
1 records sent, 0.1 records/sec (0.01 MB/sec), 8843.0 ms avg latency, 8843.0 ms max latency.
152 records sent, 30.0 records/sec (2.93 MB/sec), 3836.2 ms avg latency, 5272.0 ms max latency.
432 records sent, 86.0 records/sec (8.40 MB/sec), 4215.4 ms avg latency, 6590.0 ms max latency.
674 records sent, 134.7 records/sec (13.15 MB/sec), 885.5 ms avg latency, 2173.0 ms max latency.
586 records sent, 116.8 records/sec (11.40 MB/sec), 49.8 ms avg latency, 196.0 ms max latency.
595 records sent, 118.9 records/sec (11.61 MB/sec), 30.0 ms avg latency, 106.0 ms max latency.
643 records sent, 128.5 records/sec (12.55 MB/sec), 25.2 ms avg latency, 82.0 ms max latency.
637 records sent, 127.2 records/sec (12.42 MB/sec), 28.2 ms avg latency, 104.0 ms max latency.
642 records sent, 128.3 records/sec (12.53 MB/sec), 24.4 ms avg latency, 100.0 ms max latency.
661 records sent, 132.1 records/sec (12.90 MB/sec), 25.5 ms avg latency, 98.0 ms max latency.
660 records sent, 132.0 records/sec (12.89 MB/sec), 25.4 ms avg latency, 116.0 ms max latency.
632 records sent, 126.2 records/sec (12.33 MB/sec), 23.4 ms avg latency, 90.0 ms max latency.
686 records sent, 137.1 records/sec (13.39 MB/sec), 24.9 ms avg latency, 142.0 ms max latency.
635 records sent, 126.7 records/sec (12.37 MB/sec), 25.4 ms avg latency, 163.0 ms max latency.
682 records sent, 136.3 records/sec (13.31 MB/sec), 25.2 ms avg latency, 86.0 ms max latency.
657 records sent, 131.2 records/sec (12.82 MB/sec), 20.7 ms avg latency, 117.0 ms max latency.
721 records sent, 144.1 records/sec (14.08 MB/sec), 21.3 ms avg latency, 89.0 ms max latency.
694 records sent, 138.7 records/sec (13.54 MB/sec), 19.9 ms avg latency, 115.0 ms max latency.
657 records sent, 131.3 records/sec (12.82 MB/sec), 24.1 ms avg latency, 122.0 ms max latency.
760 records sent, 151.8 records/sec (14.83 MB/sec), 16.7 ms avg latency, 73.0 ms max latency.
773 records sent, 154.6 records/sec (15.09 MB/sec), 16.5 ms avg latency, 68.0 ms max latency.
751 records sent, 149.9 records/sec (14.64 MB/sec), 17.6 ms avg latency, 88.0 ms max latency.
838 records sent, 167.4 records/sec (16.34 MB/sec), 17.0 ms avg latency, 68.0 ms max latency.
756 records sent, 151.0 records/sec (14.75 MB/sec), 16.3 ms avg latency, 74.0 ms max latency.
799 records sent, 159.7 records/sec (15.59 MB/sec), 16.5 ms avg latency, 67.0 ms max latency.
16666 records sent, 124.499492 records/sec (12.16 MB/sec), 201.31 ms avg latency, 8843.00 ms max latency, 18 ms 50th, 1122 ms 95th, 5203 ms 99th, 6130 ms 99.9th.
----- /var/lib/kafka-client/results/security-overhead-final-factorial-mtls-b3-rf3-isr3-msg102400-tps1000-batch131072-acks1-prod6-complz4-trial2/producer-perf-6.log -----
producer_index=6
producer_count=6
producer_records=16666
producer_throughput=166
1 records sent, 0.1 records/sec (0.01 MB/sec), 8034.0 ms avg latency, 8034.0 ms max latency.
143 records sent, 28.0 records/sec (2.73 MB/sec), 3322.1 ms avg latency, 4481.0 ms max latency.
300 records sent, 59.1 records/sec (5.77 MB/sec), 4850.0 ms avg latency, 5869.0 ms max latency.
336 records sent, 66.9 records/sec (6.54 MB/sec), 3954.6 ms avg latency, 4311.0 ms max latency.
766 records sent, 153.2 records/sec (14.96 MB/sec), 1274.1 ms avg latency, 3897.0 ms max latency.
612 records sent, 122.0 records/sec (11.92 MB/sec), 46.4 ms avg latency, 261.0 ms max latency.
623 records sent, 123.0 records/sec (12.02 MB/sec), 37.0 ms avg latency, 132.0 ms max latency.
624 records sent, 124.6 records/sec (12.17 MB/sec), 45.5 ms avg latency, 270.0 ms max latency.
692 records sent, 138.3 records/sec (13.50 MB/sec), 27.0 ms avg latency, 100.0 ms max latency.
654 records sent, 129.5 records/sec (12.64 MB/sec), 30.2 ms avg latency, 178.0 ms max latency.
697 records sent, 139.4 records/sec (13.61 MB/sec), 25.1 ms avg latency, 141.0 ms max latency.
679 records sent, 135.8 records/sec (13.26 MB/sec), 27.8 ms avg latency, 117.0 ms max latency.
662 records sent, 132.2 records/sec (12.91 MB/sec), 25.1 ms avg latency, 109.0 ms max latency.
669 records sent, 132.3 records/sec (12.92 MB/sec), 24.8 ms avg latency, 112.0 ms max latency.
736 records sent, 147.1 records/sec (14.36 MB/sec), 25.6 ms avg latency, 120.0 ms max latency.
711 records sent, 142.1 records/sec (13.88 MB/sec), 19.5 ms avg latency, 79.0 ms max latency.
695 records sent, 138.9 records/sec (13.57 MB/sec), 22.7 ms avg latency, 89.0 ms max latency.
714 records sent, 142.5 records/sec (13.92 MB/sec), 19.8 ms avg latency, 76.0 ms max latency.
682 records sent, 136.2 records/sec (13.30 MB/sec), 23.8 ms avg latency, 133.0 ms max latency.
766 records sent, 153.1 records/sec (14.95 MB/sec), 19.2 ms avg latency, 104.0 ms max latency.
765 records sent, 152.8 records/sec (14.92 MB/sec), 17.8 ms avg latency, 71.0 ms max latency.
751 records sent, 150.1 records/sec (14.66 MB/sec), 18.0 ms avg latency, 74.0 ms max latency.
807 records sent, 161.3 records/sec (15.75 MB/sec), 16.4 ms avg latency, 94.0 ms max latency.
761 records sent, 151.9 records/sec (14.83 MB/sec), 16.7 ms avg latency, 71.0 ms max latency.
754 records sent, 150.6 records/sec (14.71 MB/sec), 17.0 ms avg latency, 71.0 ms max latency.
1063 records sent, 212.6 records/sec (20.76 MB/sec), 13.6 ms avg latency, 76.0 ms max latency.
16666 records sent, 124.515305 records/sec (12.16 MB/sec), 276.28 ms avg latency, 8034.00 ms max latency, 19 ms 50th, 2939 ms 95th, 4861 ms 99th, 5601 ms 99.9th.
