run_id=plaintext-requested-full-factorial-b5-rf3-isr3-msg1024-tps1000-batch65536-acksall-prod12-compnone-trial3
producer_count=12
----- /var/lib/kafka-client/results/plaintext-requested-full-factorial-b5-rf3-isr3-msg1024-tps1000-batch65536-acksall-prod12-compnone-trial3/producer-perf-1.log -----
producer_index=1
producer_count=12
producer_records=8334
producer_throughput=84
1 records sent, 0.1 records/sec (0.00 MB/sec), 7195.0 ms avg latency, 7195.0 ms max latency.
1032 records sent, 206.0 records/sec (0.20 MB/sec), 341.6 ms avg latency, 869.0 ms max latency.
423 records sent, 84.5 records/sec (0.08 MB/sec), 15.5 ms avg latency, 68.0 ms max latency.
421 records sent, 84.0 records/sec (0.08 MB/sec), 9.9 ms avg latency, 21.0 ms max latency.
419 records sent, 83.8 records/sec (0.08 MB/sec), 12.7 ms avg latency, 24.0 ms max latency.
420 records sent, 84.0 records/sec (0.08 MB/sec), 12.7 ms avg latency, 19.0 ms max latency.
421 records sent, 84.0 records/sec (0.08 MB/sec), 11.0 ms avg latency, 21.0 ms max latency.
421 records sent, 84.2 records/sec (0.08 MB/sec), 10.6 ms avg latency, 20.0 ms max latency.
421 records sent, 84.0 records/sec (0.08 MB/sec), 10.9 ms avg latency, 18.0 ms max latency.
420 records sent, 84.0 records/sec (0.08 MB/sec), 10.8 ms avg latency, 19.0 ms max latency.
422 records sent, 84.3 records/sec (0.08 MB/sec), 10.7 ms avg latency, 19.0 ms max latency.
420 records sent, 83.8 records/sec (0.08 MB/sec), 10.0 ms avg latency, 16.0 ms max latency.
422 records sent, 84.4 records/sec (0.08 MB/sec), 9.8 ms avg latency, 25.0 ms max latency.
421 records sent, 84.1 records/sec (0.08 MB/sec), 8.7 ms avg latency, 22.0 ms max latency.
420 records sent, 84.0 records/sec (0.08 MB/sec), 7.5 ms avg latency, 13.0 ms max latency.
420 records sent, 84.0 records/sec (0.08 MB/sec), 7.5 ms avg latency, 12.0 ms max latency.
421 records sent, 84.0 records/sec (0.08 MB/sec), 7.7 ms avg latency, 16.0 ms max latency.
422 records sent, 84.2 records/sec (0.08 MB/sec), 7.4 ms avg latency, 17.0 ms max latency.
421 records sent, 84.0 records/sec (0.08 MB/sec), 7.2 ms avg latency, 17.0 ms max latency.
8334 records sent, 83.947782 records/sec (0.08 MB/sec), 51.91 ms avg latency, 7195.00 ms max latency, 10 ms 50th, 505 ms 95th, 691 ms 99th, 868 ms 99.9th.
----- /var/lib/kafka-client/results/plaintext-requested-full-factorial-b5-rf3-isr3-msg1024-tps1000-batch65536-acksall-prod12-compnone-trial3/producer-perf-2.log -----
producer_index=2
producer_count=12
producer_records=8334
producer_throughput=84
1 records sent, 0.1 records/sec (0.00 MB/sec), 6858.0 ms avg latency, 6858.0 ms max latency.
1000 records sent, 199.8 records/sec (0.20 MB/sec), 308.4 ms avg latency, 817.0 ms max latency.
423 records sent, 84.4 records/sec (0.08 MB/sec), 17.7 ms avg latency, 88.0 ms max latency.
421 records sent, 84.0 records/sec (0.08 MB/sec), 9.9 ms avg latency, 21.0 ms max latency.
421 records sent, 84.0 records/sec (0.08 MB/sec), 12.3 ms avg latency, 24.0 ms max latency.
420 records sent, 84.0 records/sec (0.08 MB/sec), 12.8 ms avg latency, 31.0 ms max latency.
422 records sent, 84.2 records/sec (0.08 MB/sec), 11.2 ms avg latency, 19.0 ms max latency.
421 records sent, 84.1 records/sec (0.08 MB/sec), 10.7 ms avg latency, 27.0 ms max latency.
420 records sent, 83.9 records/sec (0.08 MB/sec), 10.4 ms avg latency, 17.0 ms max latency.
421 records sent, 84.2 records/sec (0.08 MB/sec), 10.7 ms avg latency, 28.0 ms max latency.
421 records sent, 84.1 records/sec (0.08 MB/sec), 11.1 ms avg latency, 29.0 ms max latency.
420 records sent, 83.9 records/sec (0.08 MB/sec), 10.5 ms avg latency, 23.0 ms max latency.
421 records sent, 84.0 records/sec (0.08 MB/sec), 9.5 ms avg latency, 20.0 ms max latency.
421 records sent, 84.1 records/sec (0.08 MB/sec), 8.8 ms avg latency, 22.0 ms max latency.
421 records sent, 84.0 records/sec (0.08 MB/sec), 7.5 ms avg latency, 13.0 ms max latency.
420 records sent, 84.0 records/sec (0.08 MB/sec), 7.5 ms avg latency, 10.0 ms max latency.
421 records sent, 84.0 records/sec (0.08 MB/sec), 7.5 ms avg latency, 16.0 ms max latency.
420 records sent, 84.0 records/sec (0.08 MB/sec), 7.6 ms avg latency, 12.0 ms max latency.
420 records sent, 84.0 records/sec (0.08 MB/sec), 7.1 ms avg latency, 16.0 ms max latency.
8334 records sent, 83.944400 records/sec (0.08 MB/sec), 46.70 ms avg latency, 6858.00 ms max latency, 10 ms 50th, 381 ms 95th, 680 ms 99th, 816 ms 99.9th.
----- /var/lib/kafka-client/results/plaintext-requested-full-factorial-b5-rf3-isr3-msg1024-tps1000-batch65536-acksall-prod12-compnone-trial3/producer-perf-3.log -----
producer_index=3
producer_count=12
producer_records=8334
producer_throughput=84
1 records sent, 0.1 records/sec (0.00 MB/sec), 7030.0 ms avg latency, 7030.0 ms max latency.
1021 records sent, 203.2 records/sec (0.20 MB/sec), 371.5 ms avg latency, 799.0 ms max latency.
422 records sent, 84.4 records/sec (0.08 MB/sec), 17.9 ms avg latency, 67.0 ms max latency.
421 records sent, 84.2 records/sec (0.08 MB/sec), 9.9 ms avg latency, 26.0 ms max latency.
420 records sent, 83.9 records/sec (0.08 MB/sec), 11.9 ms avg latency, 19.0 ms max latency.
420 records sent, 84.0 records/sec (0.08 MB/sec), 12.4 ms avg latency, 21.0 ms max latency.
421 records sent, 84.0 records/sec (0.08 MB/sec), 10.8 ms avg latency, 18.0 ms max latency.
421 records sent, 84.1 records/sec (0.08 MB/sec), 10.8 ms avg latency, 22.0 ms max latency.
421 records sent, 84.1 records/sec (0.08 MB/sec), 10.7 ms avg latency, 17.0 ms max latency.
420 records sent, 83.7 records/sec (0.08 MB/sec), 10.5 ms avg latency, 17.0 ms max latency.
422 records sent, 84.3 records/sec (0.08 MB/sec), 11.3 ms avg latency, 56.0 ms max latency.
421 records sent, 84.0 records/sec (0.08 MB/sec), 10.3 ms avg latency, 17.0 ms max latency.
420 records sent, 83.9 records/sec (0.08 MB/sec), 9.7 ms avg latency, 18.0 ms max latency.
421 records sent, 84.2 records/sec (0.08 MB/sec), 9.2 ms avg latency, 23.0 ms max latency.
420 records sent, 83.9 records/sec (0.08 MB/sec), 7.6 ms avg latency, 15.0 ms max latency.
421 records sent, 84.2 records/sec (0.08 MB/sec), 7.4 ms avg latency, 12.0 ms max latency.
421 records sent, 84.1 records/sec (0.08 MB/sec), 7.7 ms avg latency, 14.0 ms max latency.
420 records sent, 84.0 records/sec (0.08 MB/sec), 7.5 ms avg latency, 21.0 ms max latency.
420 records sent, 84.0 records/sec (0.08 MB/sec), 7.0 ms avg latency, 10.0 ms max latency.
8334 records sent, 83.929183 records/sec (0.08 MB/sec), 55.19 ms avg latency, 7030.00 ms max latency, 10 ms 50th, 550 ms 95th, 686 ms 99th, 747 ms 99.9th.
----- /var/lib/kafka-client/results/plaintext-requested-full-factorial-b5-rf3-isr3-msg1024-tps1000-batch65536-acksall-prod12-compnone-trial3/producer-perf-4.log -----
producer_index=4
producer_count=12
producer_records=8334
producer_throughput=84
1 records sent, 0.2 records/sec (0.00 MB/sec), 6558.0 ms avg latency, 6558.0 ms max latency.
982 records sent, 196.1 records/sec (0.19 MB/sec), 226.4 ms avg latency, 736.0 ms max latency.
422 records sent, 84.4 records/sec (0.08 MB/sec), 17.4 ms avg latency, 73.0 ms max latency.
421 records sent, 84.1 records/sec (0.08 MB/sec), 10.2 ms avg latency, 32.0 ms max latency.
421 records sent, 84.2 records/sec (0.08 MB/sec), 12.5 ms avg latency, 25.0 ms max latency.
420 records sent, 83.9 records/sec (0.08 MB/sec), 13.0 ms avg latency, 25.0 ms max latency.
421 records sent, 84.1 records/sec (0.08 MB/sec), 11.8 ms avg latency, 19.0 ms max latency.
423 records sent, 84.4 records/sec (0.08 MB/sec), 10.6 ms avg latency, 25.0 ms max latency.
420 records sent, 83.8 records/sec (0.08 MB/sec), 10.7 ms avg latency, 16.0 ms max latency.
421 records sent, 84.0 records/sec (0.08 MB/sec), 10.6 ms avg latency, 16.0 ms max latency.
421 records sent, 84.2 records/sec (0.08 MB/sec), 11.0 ms avg latency, 38.0 ms max latency.
420 records sent, 83.9 records/sec (0.08 MB/sec), 10.2 ms avg latency, 18.0 ms max latency.
421 records sent, 84.0 records/sec (0.08 MB/sec), 9.7 ms avg latency, 17.0 ms max latency.
421 records sent, 84.1 records/sec (0.08 MB/sec), 8.9 ms avg latency, 15.0 ms max latency.
420 records sent, 83.9 records/sec (0.08 MB/sec), 7.6 ms avg latency, 14.0 ms max latency.
421 records sent, 84.2 records/sec (0.08 MB/sec), 7.6 ms avg latency, 12.0 ms max latency.
420 records sent, 83.8 records/sec (0.08 MB/sec), 7.8 ms avg latency, 16.0 ms max latency.
422 records sent, 84.1 records/sec (0.08 MB/sec), 7.6 ms avg latency, 15.0 ms max latency.
421 records sent, 84.1 records/sec (0.08 MB/sec), 7.1 ms avg latency, 15.0 ms max latency.
8334 records sent, 83.946091 records/sec (0.08 MB/sec), 36.44 ms avg latency, 6558.00 ms max latency, 10 ms 50th, 204 ms 95th, 541 ms 99th, 644 ms 99.9th.
----- /var/lib/kafka-client/results/plaintext-requested-full-factorial-b5-rf3-isr3-msg1024-tps1000-batch65536-acksall-prod12-compnone-trial3/producer-perf-5.log -----
producer_index=5
producer_count=12
producer_records=8333
producer_throughput=83
1 records sent, 0.1 records/sec (0.00 MB/sec), 7170.0 ms avg latency, 7170.0 ms max latency.
1013 records sent, 202.6 records/sec (0.20 MB/sec), 389.7 ms avg latency, 847.0 ms max latency.
418 records sent, 83.4 records/sec (0.08 MB/sec), 16.3 ms avg latency, 77.0 ms max latency.
416 records sent, 83.1 records/sec (0.08 MB/sec), 10.0 ms avg latency, 33.0 ms max latency.
416 records sent, 83.0 records/sec (0.08 MB/sec), 12.2 ms avg latency, 22.0 ms max latency.
415 records sent, 82.9 records/sec (0.08 MB/sec), 12.7 ms avg latency, 29.0 ms max latency.
416 records sent, 83.1 records/sec (0.08 MB/sec), 11.1 ms avg latency, 19.0 ms max latency.
416 records sent, 83.0 records/sec (0.08 MB/sec), 10.4 ms avg latency, 27.0 ms max latency.
416 records sent, 83.1 records/sec (0.08 MB/sec), 10.6 ms avg latency, 17.0 ms max latency.
416 records sent, 82.9 records/sec (0.08 MB/sec), 11.2 ms avg latency, 43.0 ms max latency.
416 records sent, 83.1 records/sec (0.08 MB/sec), 10.8 ms avg latency, 17.0 ms max latency.
416 records sent, 83.1 records/sec (0.08 MB/sec), 10.5 ms avg latency, 19.0 ms max latency.
415 records sent, 83.0 records/sec (0.08 MB/sec), 9.7 ms avg latency, 20.0 ms max latency.
416 records sent, 83.2 records/sec (0.08 MB/sec), 8.9 ms avg latency, 19.0 ms max latency.
416 records sent, 83.0 records/sec (0.08 MB/sec), 7.5 ms avg latency, 13.0 ms max latency.
416 records sent, 83.0 records/sec (0.08 MB/sec), 7.7 ms avg latency, 12.0 ms max latency.
415 records sent, 83.0 records/sec (0.08 MB/sec), 7.9 ms avg latency, 13.0 ms max latency.
415 records sent, 83.0 records/sec (0.08 MB/sec), 7.4 ms avg latency, 13.0 ms max latency.
416 records sent, 83.1 records/sec (0.08 MB/sec), 7.1 ms avg latency, 13.0 ms max latency.
8333 records sent, 82.905524 records/sec (0.08 MB/sec), 57.05 ms avg latency, 7170.00 ms max latency, 10 ms 50th, 564 ms 95th, 722 ms 99th, 815 ms 99.9th.
----- /var/lib/kafka-client/results/plaintext-requested-full-factorial-b5-rf3-isr3-msg1024-tps1000-batch65536-acksall-prod12-compnone-trial3/producer-perf-6.log -----
producer_index=6
producer_count=12
producer_records=8333
producer_throughput=83
1 records sent, 0.1 records/sec (0.00 MB/sec), 6949.0 ms avg latency, 6949.0 ms max latency.
1003 records sent, 200.0 records/sec (0.20 MB/sec), 345.1 ms avg latency, 802.0 ms max latency.
417 records sent, 83.3 records/sec (0.08 MB/sec), 18.2 ms avg latency, 82.0 ms max latency.
417 records sent, 83.3 records/sec (0.08 MB/sec), 10.3 ms avg latency, 32.0 ms max latency.
415 records sent, 83.0 records/sec (0.08 MB/sec), 11.8 ms avg latency, 39.0 ms max latency.
416 records sent, 82.9 records/sec (0.08 MB/sec), 13.3 ms avg latency, 80.0 ms max latency.
416 records sent, 83.2 records/sec (0.08 MB/sec), 11.4 ms avg latency, 19.0 ms max latency.
416 records sent, 83.1 records/sec (0.08 MB/sec), 11.0 ms avg latency, 22.0 ms max latency.
415 records sent, 82.9 records/sec (0.08 MB/sec), 10.9 ms avg latency, 18.0 ms max latency.
416 records sent, 83.2 records/sec (0.08 MB/sec), 10.8 ms avg latency, 17.0 ms max latency.
416 records sent, 83.2 records/sec (0.08 MB/sec), 10.8 ms avg latency, 18.0 ms max latency.
416 records sent, 82.9 records/sec (0.08 MB/sec), 10.9 ms avg latency, 18.0 ms max latency.
417 records sent, 83.3 records/sec (0.08 MB/sec), 9.9 ms avg latency, 18.0 ms max latency.
415 records sent, 82.9 records/sec (0.08 MB/sec), 9.2 ms avg latency, 15.0 ms max latency.
416 records sent, 83.1 records/sec (0.08 MB/sec), 7.7 ms avg latency, 15.0 ms max latency.
415 records sent, 82.9 records/sec (0.08 MB/sec), 7.4 ms avg latency, 16.0 ms max latency.
415 records sent, 83.0 records/sec (0.08 MB/sec), 7.9 ms avg latency, 17.0 ms max latency.
416 records sent, 83.2 records/sec (0.08 MB/sec), 7.5 ms avg latency, 13.0 ms max latency.
415 records sent, 82.9 records/sec (0.08 MB/sec), 7.2 ms avg latency, 21.0 ms max latency.
8333 records sent, 82.869247 records/sec (0.08 MB/sec), 51.39 ms avg latency, 6949.00 ms max latency, 10 ms 50th, 443 ms 95th, 719 ms 99th, 777 ms 99.9th.
----- /var/lib/kafka-client/results/plaintext-requested-full-factorial-b5-rf3-isr3-msg1024-tps1000-batch65536-acksall-prod12-compnone-trial3/producer-perf-7.log -----
producer_index=7
producer_count=12
producer_records=8333
producer_throughput=83
1 records sent, 0.1 records/sec (0.00 MB/sec), 6632.0 ms avg latency, 6632.0 ms max latency.
978 records sent, 195.4 records/sec (0.19 MB/sec), 332.8 ms avg latency, 813.0 ms max latency.
418 records sent, 83.4 records/sec (0.08 MB/sec), 15.9 ms avg latency, 63.0 ms max latency.
417 records sent, 83.1 records/sec (0.08 MB/sec), 10.2 ms avg latency, 31.0 ms max latency.
415 records sent, 82.9 records/sec (0.08 MB/sec), 12.1 ms avg latency, 20.0 ms max latency.
416 records sent, 83.0 records/sec (0.08 MB/sec), 12.5 ms avg latency, 22.0 ms max latency.
416 records sent, 83.1 records/sec (0.08 MB/sec), 11.5 ms avg latency, 19.0 ms max latency.
416 records sent, 83.1 records/sec (0.08 MB/sec), 10.5 ms avg latency, 21.0 ms max latency.
416 records sent, 83.0 records/sec (0.08 MB/sec), 10.6 ms avg latency, 20.0 ms max latency.
416 records sent, 83.1 records/sec (0.08 MB/sec), 10.5 ms avg latency, 15.0 ms max latency.
416 records sent, 83.1 records/sec (0.08 MB/sec), 11.0 ms avg latency, 31.0 ms max latency.
416 records sent, 83.0 records/sec (0.08 MB/sec), 10.3 ms avg latency, 18.0 ms max latency.
417 records sent, 83.2 records/sec (0.08 MB/sec), 9.5 ms avg latency, 16.0 ms max latency.
416 records sent, 83.2 records/sec (0.08 MB/sec), 9.0 ms avg latency, 15.0 ms max latency.
415 records sent, 82.9 records/sec (0.08 MB/sec), 7.6 ms avg latency, 12.0 ms max latency.
416 records sent, 83.1 records/sec (0.08 MB/sec), 7.4 ms avg latency, 10.0 ms max latency.
416 records sent, 83.0 records/sec (0.08 MB/sec), 7.8 ms avg latency, 19.0 ms max latency.
416 records sent, 83.1 records/sec (0.08 MB/sec), 7.5 ms avg latency, 14.0 ms max latency.
415 records sent, 83.0 records/sec (0.08 MB/sec), 7.2 ms avg latency, 23.0 ms max latency.
8333 records sent, 82.933577 records/sec (0.08 MB/sec), 48.65 ms avg latency, 6632.00 ms max latency, 10 ms 50th, 381 ms 95th, 736 ms 99th, 812 ms 99.9th.
----- /var/lib/kafka-client/results/plaintext-requested-full-factorial-b5-rf3-isr3-msg1024-tps1000-batch65536-acksall-prod12-compnone-trial3/producer-perf-8.log -----
producer_index=8
producer_count=12
producer_records=8333
producer_throughput=83
1 records sent, 0.1 records/sec (0.00 MB/sec), 6572.0 ms avg latency, 6572.0 ms max latency.
973 records sent, 194.5 records/sec (0.19 MB/sec), 293.7 ms avg latency, 599.0 ms max latency.
418 records sent, 83.3 records/sec (0.08 MB/sec), 17.4 ms avg latency, 68.0 ms max latency.
416 records sent, 83.1 records/sec (0.08 MB/sec), 10.1 ms avg latency, 34.0 ms max latency.
415 records sent, 83.0 records/sec (0.08 MB/sec), 11.9 ms avg latency, 20.0 ms max latency.
416 records sent, 83.1 records/sec (0.08 MB/sec), 12.8 ms avg latency, 19.0 ms max latency.
416 records sent, 83.1 records/sec (0.08 MB/sec), 11.3 ms avg latency, 19.0 ms max latency.
416 records sent, 83.2 records/sec (0.08 MB/sec), 10.7 ms avg latency, 18.0 ms max latency.
416 records sent, 83.0 records/sec (0.08 MB/sec), 10.6 ms avg latency, 19.0 ms max latency.
416 records sent, 83.1 records/sec (0.08 MB/sec), 10.2 ms avg latency, 15.0 ms max latency.
417 records sent, 83.1 records/sec (0.08 MB/sec), 11.2 ms avg latency, 30.0 ms max latency.
416 records sent, 83.1 records/sec (0.08 MB/sec), 10.6 ms avg latency, 22.0 ms max latency.
415 records sent, 82.9 records/sec (0.08 MB/sec), 9.6 ms avg latency, 16.0 ms max latency.
416 records sent, 83.1 records/sec (0.08 MB/sec), 8.9 ms avg latency, 15.0 ms max latency.
416 records sent, 83.2 records/sec (0.08 MB/sec), 7.6 ms avg latency, 14.0 ms max latency.
415 records sent, 83.0 records/sec (0.08 MB/sec), 7.4 ms avg latency, 14.0 ms max latency.
416 records sent, 83.1 records/sec (0.08 MB/sec), 7.7 ms avg latency, 15.0 ms max latency.
416 records sent, 83.2 records/sec (0.08 MB/sec), 7.6 ms avg latency, 13.0 ms max latency.
415 records sent, 82.8 records/sec (0.08 MB/sec), 7.1 ms avg latency, 16.0 ms max latency.
8333 records sent, 82.870895 records/sec (0.08 MB/sec), 43.97 ms avg latency, 6572.00 ms max latency, 10 ms 50th, 420 ms 95th, 551 ms 99th, 598 ms 99.9th.
----- /var/lib/kafka-client/results/plaintext-requested-full-factorial-b5-rf3-isr3-msg1024-tps1000-batch65536-acksall-prod12-compnone-trial3/producer-perf-9.log -----
producer_index=9
producer_count=12
producer_records=8333
producer_throughput=83
1 records sent, 0.1 records/sec (0.00 MB/sec), 6897.0 ms avg latency, 6897.0 ms max latency.
995 records sent, 198.8 records/sec (0.19 MB/sec), 317.3 ms avg latency, 890.0 ms max latency.
418 records sent, 83.5 records/sec (0.08 MB/sec), 15.4 ms avg latency, 45.0 ms max latency.
416 records sent, 83.0 records/sec (0.08 MB/sec), 10.3 ms avg latency, 20.0 ms max latency.
415 records sent, 82.9 records/sec (0.08 MB/sec), 12.5 ms avg latency, 26.0 ms max latency.
415 records sent, 82.9 records/sec (0.08 MB/sec), 13.1 ms avg latency, 23.0 ms max latency.
417 records sent, 83.3 records/sec (0.08 MB/sec), 11.4 ms avg latency, 20.0 ms max latency.
415 records sent, 83.0 records/sec (0.08 MB/sec), 10.7 ms avg latency, 22.0 ms max latency.
416 records sent, 83.1 records/sec (0.08 MB/sec), 10.7 ms avg latency, 16.0 ms max latency.
416 records sent, 83.1 records/sec (0.08 MB/sec), 10.3 ms avg latency, 16.0 ms max latency.
416 records sent, 83.0 records/sec (0.08 MB/sec), 10.6 ms avg latency, 17.0 ms max latency.
415 records sent, 82.9 records/sec (0.08 MB/sec), 10.4 ms avg latency, 18.0 ms max latency.
416 records sent, 83.2 records/sec (0.08 MB/sec), 9.9 ms avg latency, 23.0 ms max latency.
416 records sent, 83.1 records/sec (0.08 MB/sec), 8.8 ms avg latency, 20.0 ms max latency.
415 records sent, 83.0 records/sec (0.08 MB/sec), 7.6 ms avg latency, 15.0 ms max latency.
415 records sent, 83.0 records/sec (0.08 MB/sec), 7.6 ms avg latency, 12.0 ms max latency.
416 records sent, 83.0 records/sec (0.08 MB/sec), 8.0 ms avg latency, 21.0 ms max latency.
416 records sent, 83.2 records/sec (0.08 MB/sec), 7.6 ms avg latency, 17.0 ms max latency.
415 records sent, 82.9 records/sec (0.08 MB/sec), 7.2 ms avg latency, 15.0 ms max latency.
8333 records sent, 82.969911 records/sec (0.08 MB/sec), 47.54 ms avg latency, 6897.00 ms max latency, 10 ms 50th, 412 ms 95th, 708 ms 99th, 889 ms 99.9th.
----- /var/lib/kafka-client/results/plaintext-requested-full-factorial-b5-rf3-isr3-msg1024-tps1000-batch65536-acksall-prod12-compnone-trial3/producer-perf-10.log -----
producer_index=10
producer_count=12
producer_records=8333
producer_throughput=83
1 records sent, 0.1 records/sec (0.00 MB/sec), 6714.0 ms avg latency, 6714.0 ms max latency.
982 records sent, 196.0 records/sec (0.19 MB/sec), 229.2 ms avg latency, 581.0 ms max latency.
418 records sent, 83.5 records/sec (0.08 MB/sec), 17.4 ms avg latency, 84.0 ms max latency.
415 records sent, 83.0 records/sec (0.08 MB/sec), 10.6 ms avg latency, 40.0 ms max latency.
417 records sent, 83.2 records/sec (0.08 MB/sec), 12.8 ms avg latency, 65.0 ms max latency.
416 records sent, 83.1 records/sec (0.08 MB/sec), 12.7 ms avg latency, 26.0 ms max latency.
416 records sent, 83.0 records/sec (0.08 MB/sec), 11.4 ms avg latency, 20.0 ms max latency.
415 records sent, 82.9 records/sec (0.08 MB/sec), 10.7 ms avg latency, 18.0 ms max latency.
416 records sent, 83.1 records/sec (0.08 MB/sec), 10.4 ms avg latency, 20.0 ms max latency.
416 records sent, 83.0 records/sec (0.08 MB/sec), 10.7 ms avg latency, 18.0 ms max latency.
416 records sent, 83.1 records/sec (0.08 MB/sec), 10.9 ms avg latency, 27.0 ms max latency.
416 records sent, 83.1 records/sec (0.08 MB/sec), 10.1 ms avg latency, 17.0 ms max latency.
415 records sent, 82.9 records/sec (0.08 MB/sec), 9.5 ms avg latency, 17.0 ms max latency.
416 records sent, 83.2 records/sec (0.08 MB/sec), 9.0 ms avg latency, 14.0 ms max latency.
415 records sent, 83.0 records/sec (0.08 MB/sec), 7.7 ms avg latency, 13.0 ms max latency.
415 records sent, 83.0 records/sec (0.08 MB/sec), 7.4 ms avg latency, 11.0 ms max latency.
416 records sent, 83.2 records/sec (0.08 MB/sec), 7.8 ms avg latency, 14.0 ms max latency.
415 records sent, 82.9 records/sec (0.08 MB/sec), 7.7 ms avg latency, 25.0 ms max latency.
416 records sent, 83.1 records/sec (0.08 MB/sec), 7.2 ms avg latency, 16.0 ms max latency.
8333 records sent, 82.909648 records/sec (0.08 MB/sec), 36.75 ms avg latency, 6714.00 ms max latency, 10 ms 50th, 264 ms 95th, 512 ms 99th, 580 ms 99.9th.
----- /var/lib/kafka-client/results/plaintext-requested-full-factorial-b5-rf3-isr3-msg1024-tps1000-batch65536-acksall-prod12-compnone-trial3/producer-perf-11.log -----
producer_index=11
producer_count=12
producer_records=8333
producer_throughput=83
1 records sent, 0.1 records/sec (0.00 MB/sec), 7023.0 ms avg latency, 7023.0 ms max latency.
1006 records sent, 201.1 records/sec (0.20 MB/sec), 287.9 ms avg latency, 809.0 ms max latency.
418 records sent, 83.5 records/sec (0.08 MB/sec), 16.3 ms avg latency, 75.0 ms max latency.
416 records sent, 83.0 records/sec (0.08 MB/sec), 10.3 ms avg latency, 24.0 ms max latency.
415 records sent, 82.9 records/sec (0.08 MB/sec), 12.5 ms avg latency, 25.0 ms max latency.
416 records sent, 83.1 records/sec (0.08 MB/sec), 12.6 ms avg latency, 22.0 ms max latency.
416 records sent, 83.2 records/sec (0.08 MB/sec), 11.5 ms avg latency, 18.0 ms max latency.
415 records sent, 83.0 records/sec (0.08 MB/sec), 10.8 ms avg latency, 19.0 ms max latency.
416 records sent, 83.2 records/sec (0.08 MB/sec), 11.0 ms avg latency, 20.0 ms max latency.
416 records sent, 83.1 records/sec (0.08 MB/sec), 11.1 ms avg latency, 38.0 ms max latency.
416 records sent, 83.1 records/sec (0.08 MB/sec), 10.5 ms avg latency, 17.0 ms max latency.
415 records sent, 83.0 records/sec (0.08 MB/sec), 10.2 ms avg latency, 17.0 ms max latency.
416 records sent, 83.2 records/sec (0.08 MB/sec), 9.4 ms avg latency, 16.0 ms max latency.
415 records sent, 82.8 records/sec (0.08 MB/sec), 9.0 ms avg latency, 19.0 ms max latency.
416 records sent, 83.1 records/sec (0.08 MB/sec), 7.6 ms avg latency, 15.0 ms max latency.
416 records sent, 83.1 records/sec (0.08 MB/sec), 7.6 ms avg latency, 14.0 ms max latency.
415 records sent, 83.0 records/sec (0.08 MB/sec), 7.8 ms avg latency, 12.0 ms max latency.
416 records sent, 83.0 records/sec (0.08 MB/sec), 7.6 ms avg latency, 12.0 ms max latency.
416 records sent, 83.2 records/sec (0.08 MB/sec), 7.3 ms avg latency, 19.0 ms max latency.
8333 records sent, 82.917073 records/sec (0.08 MB/sec), 44.47 ms avg latency, 7023.00 ms max latency, 10 ms 50th, 323 ms 95th, 643 ms 99th, 779 ms 99.9th.
----- /var/lib/kafka-client/results/plaintext-requested-full-factorial-b5-rf3-isr3-msg1024-tps1000-batch65536-acksall-prod12-compnone-trial3/producer-perf-12.log -----
producer_index=12
producer_count=12
producer_records=8333
producer_throughput=83
1 records sent, 0.1 records/sec (0.00 MB/sec), 6807.0 ms avg latency, 6807.0 ms max latency.
986 records sent, 196.2 records/sec (0.19 MB/sec), 384.7 ms avg latency, 857.0 ms max latency.
418 records sent, 83.5 records/sec (0.08 MB/sec), 16.1 ms avg latency, 59.0 ms max latency.
418 records sent, 83.4 records/sec (0.08 MB/sec), 10.2 ms avg latency, 32.0 ms max latency.
415 records sent, 82.9 records/sec (0.08 MB/sec), 12.4 ms avg latency, 32.0 ms max latency.
416 records sent, 83.2 records/sec (0.08 MB/sec), 13.0 ms avg latency, 22.0 ms max latency.
415 records sent, 83.0 records/sec (0.08 MB/sec), 11.2 ms avg latency, 17.0 ms max latency.
416 records sent, 83.2 records/sec (0.08 MB/sec), 10.6 ms avg latency, 30.0 ms max latency.
417 records sent, 83.2 records/sec (0.08 MB/sec), 10.5 ms avg latency, 17.0 ms max latency.
415 records sent, 82.8 records/sec (0.08 MB/sec), 10.3 ms avg latency, 18.0 ms max latency.
416 records sent, 83.1 records/sec (0.08 MB/sec), 11.2 ms avg latency, 30.0 ms max latency.
416 records sent, 83.1 records/sec (0.08 MB/sec), 10.1 ms avg latency, 17.0 ms max latency.
416 records sent, 83.1 records/sec (0.08 MB/sec), 9.7 ms avg latency, 16.0 ms max latency.
415 records sent, 82.9 records/sec (0.08 MB/sec), 8.8 ms avg latency, 14.0 ms max latency.
416 records sent, 83.1 records/sec (0.08 MB/sec), 7.4 ms avg latency, 11.0 ms max latency.
415 records sent, 83.0 records/sec (0.08 MB/sec), 7.4 ms avg latency, 13.0 ms max latency.
416 records sent, 83.1 records/sec (0.08 MB/sec), 7.8 ms avg latency, 16.0 ms max latency.
416 records sent, 83.1 records/sec (0.08 MB/sec), 7.6 ms avg latency, 13.0 ms max latency.
415 records sent, 82.9 records/sec (0.08 MB/sec), 7.1 ms avg latency, 23.0 ms max latency.
8333 records sent, 82.897276 records/sec (0.08 MB/sec), 55.15 ms avg latency, 6807.00 ms max latency, 10 ms 50th, 545 ms 95th, 759 ms 99th, 856 ms 99.9th.
