run_id=security-overhead-final-factorial-plaintext-b5-rf5-isr4-msg102400-tps10000-batch131072-acks1-prod6-compnone-trial3
producer_count=6
----- /var/lib/kafka-client/results/security-overhead-final-factorial-plaintext-b5-rf5-isr4-msg102400-tps10000-batch131072-acks1-prod6-compnone-trial3/producer-perf-1.log -----
producer_index=1
producer_count=6
producer_records=16667
producer_throughput=1667
9 records sent, 1.8 records/sec (0.17 MB/sec), 920.3 ms avg latency, 4602.0 ms max latency.
565 records sent, 112.6 records/sec (10.99 MB/sec), 326.5 ms avg latency, 820.0 ms max latency.
671 records sent, 134.1 records/sec (13.10 MB/sec), 53.9 ms avg latency, 287.0 ms max latency.
1109 records sent, 221.4 records/sec (21.63 MB/sec), 71.2 ms avg latency, 371.0 ms max latency.
591 records sent, 117.4 records/sec (11.46 MB/sec), 19.8 ms avg latency, 117.0 ms max latency.
674 records sent, 134.6 records/sec (13.15 MB/sec), 19.1 ms avg latency, 81.0 ms max latency.
723 records sent, 144.4 records/sec (14.10 MB/sec), 18.5 ms avg latency, 78.0 ms max latency.
718 records sent, 142.5 records/sec (13.92 MB/sec), 18.6 ms avg latency, 91.0 ms max latency.
727 records sent, 144.4 records/sec (14.10 MB/sec), 16.2 ms avg latency, 120.0 ms max latency.
745 records sent, 148.9 records/sec (14.54 MB/sec), 18.6 ms avg latency, 92.0 ms max latency.
670 records sent, 133.7 records/sec (13.05 MB/sec), 17.6 ms avg latency, 84.0 ms max latency.
750 records sent, 148.5 records/sec (14.50 MB/sec), 18.0 ms avg latency, 156.0 ms max latency.
949 records sent, 189.5 records/sec (18.51 MB/sec), 35.9 ms avg latency, 194.0 ms max latency.
783 records sent, 156.3 records/sec (15.27 MB/sec), 16.7 ms avg latency, 102.0 ms max latency.
768 records sent, 153.2 records/sec (14.96 MB/sec), 16.7 ms avg latency, 87.0 ms max latency.
785 records sent, 156.8 records/sec (15.32 MB/sec), 47.5 ms avg latency, 566.0 ms max latency.
783 records sent, 155.6 records/sec (15.20 MB/sec), 22.7 ms avg latency, 161.0 ms max latency.
762 records sent, 151.4 records/sec (14.78 MB/sec), 14.0 ms avg latency, 105.0 ms max latency.
781 records sent, 156.2 records/sec (15.25 MB/sec), 13.1 ms avg latency, 83.0 ms max latency.
763 records sent, 152.4 records/sec (14.88 MB/sec), 12.3 ms avg latency, 53.0 ms max latency.
867 records sent, 173.2 records/sec (16.91 MB/sec), 15.1 ms avg latency, 102.0 ms max latency.
766 records sent, 153.1 records/sec (14.95 MB/sec), 11.4 ms avg latency, 58.0 ms max latency.
16667 records sent, 146.841934 records/sec (14.34 MB/sec), 35.05 ms avg latency, 4602.00 ms max latency, 13 ms 50th, 123 ms 95th, 530 ms 99th, 745 ms 99.9th.
----- /var/lib/kafka-client/results/security-overhead-final-factorial-plaintext-b5-rf5-isr4-msg102400-tps10000-batch131072-acks1-prod6-compnone-trial3/producer-perf-2.log -----
producer_index=2
producer_count=6
producer_records=16667
producer_throughput=1667
41 records sent, 8.2 records/sec (0.80 MB/sec), 615.4 ms avg latency, 4117.0 ms max latency.
658 records sent, 131.2 records/sec (12.81 MB/sec), 161.8 ms avg latency, 1003.0 ms max latency.
659 records sent, 131.6 records/sec (12.86 MB/sec), 37.9 ms avg latency, 209.0 ms max latency.
893 records sent, 178.2 records/sec (17.41 MB/sec), 28.1 ms avg latency, 155.0 ms max latency.
673 records sent, 134.5 records/sec (13.13 MB/sec), 20.5 ms avg latency, 144.0 ms max latency.
712 records sent, 141.1 records/sec (13.78 MB/sec), 18.0 ms avg latency, 101.0 ms max latency.
811 records sent, 161.6 records/sec (15.78 MB/sec), 31.4 ms avg latency, 222.0 ms max latency.
685 records sent, 137.0 records/sec (13.38 MB/sec), 17.2 ms avg latency, 71.0 ms max latency.
729 records sent, 144.9 records/sec (14.15 MB/sec), 16.5 ms avg latency, 116.0 ms max latency.
768 records sent, 153.1 records/sec (14.95 MB/sec), 19.6 ms avg latency, 98.0 ms max latency.
800 records sent, 159.3 records/sec (15.56 MB/sec), 20.9 ms avg latency, 97.0 ms max latency.
760 records sent, 151.9 records/sec (14.83 MB/sec), 18.7 ms avg latency, 125.0 ms max latency.
791 records sent, 158.1 records/sec (15.44 MB/sec), 16.3 ms avg latency, 120.0 ms max latency.
793 records sent, 158.6 records/sec (15.49 MB/sec), 14.8 ms avg latency, 88.0 ms max latency.
743 records sent, 147.7 records/sec (14.43 MB/sec), 15.2 ms avg latency, 100.0 ms max latency.
745 records sent, 148.9 records/sec (14.54 MB/sec), 42.5 ms avg latency, 406.0 ms max latency.
833 records sent, 166.6 records/sec (16.27 MB/sec), 19.9 ms avg latency, 133.0 ms max latency.
740 records sent, 147.6 records/sec (14.41 MB/sec), 12.5 ms avg latency, 78.0 ms max latency.
801 records sent, 159.5 records/sec (15.58 MB/sec), 11.7 ms avg latency, 78.0 ms max latency.
916 records sent, 183.2 records/sec (17.89 MB/sec), 20.8 ms avg latency, 163.0 ms max latency.
879 records sent, 175.7 records/sec (17.16 MB/sec), 18.1 ms avg latency, 158.0 ms max latency.
798 records sent, 159.1 records/sec (15.54 MB/sec), 11.8 ms avg latency, 79.0 ms max latency.
16667 records sent, 147.864582 records/sec (14.44 MB/sec), 27.27 ms avg latency, 4117.00 ms max latency, 13 ms 50th, 86 ms 95th, 260 ms 99th, 713 ms 99.9th.
----- /var/lib/kafka-client/results/security-overhead-final-factorial-plaintext-b5-rf5-isr4-msg102400-tps10000-batch131072-acks1-prod6-compnone-trial3/producer-perf-3.log -----
producer_index=3
producer_count=6
producer_records=16667
producer_throughput=1667
57 records sent, 11.4 records/sec (1.11 MB/sec), 627.4 ms avg latency, 4101.0 ms max latency.
644 records sent, 128.5 records/sec (12.55 MB/sec), 363.7 ms avg latency, 873.0 ms max latency.
774 records sent, 154.5 records/sec (15.09 MB/sec), 35.9 ms avg latency, 125.0 ms max latency.
760 records sent, 151.9 records/sec (14.84 MB/sec), 17.9 ms avg latency, 99.0 ms max latency.
729 records sent, 145.3 records/sec (14.19 MB/sec), 26.3 ms avg latency, 166.0 ms max latency.
726 records sent, 144.9 records/sec (14.15 MB/sec), 19.1 ms avg latency, 107.0 ms max latency.
718 records sent, 142.5 records/sec (13.92 MB/sec), 24.3 ms avg latency, 155.0 ms max latency.
696 records sent, 139.1 records/sec (13.58 MB/sec), 16.9 ms avg latency, 109.0 ms max latency.
713 records sent, 142.4 records/sec (13.91 MB/sec), 17.8 ms avg latency, 123.0 ms max latency.
756 records sent, 151.2 records/sec (14.76 MB/sec), 19.3 ms avg latency, 136.0 ms max latency.
790 records sent, 158.0 records/sec (15.43 MB/sec), 31.6 ms avg latency, 189.0 ms max latency.
764 records sent, 152.6 records/sec (14.91 MB/sec), 18.3 ms avg latency, 126.0 ms max latency.
765 records sent, 152.4 records/sec (14.88 MB/sec), 18.8 ms avg latency, 155.0 ms max latency.
740 records sent, 148.0 records/sec (14.45 MB/sec), 15.6 ms avg latency, 103.0 ms max latency.
771 records sent, 153.9 records/sec (15.03 MB/sec), 13.8 ms avg latency, 100.0 ms max latency.
910 records sent, 182.0 records/sec (17.77 MB/sec), 48.7 ms avg latency, 613.0 ms max latency.
829 records sent, 165.8 records/sec (16.19 MB/sec), 12.9 ms avg latency, 103.0 ms max latency.
880 records sent, 175.8 records/sec (17.17 MB/sec), 27.1 ms avg latency, 233.0 ms max latency.
892 records sent, 177.2 records/sec (17.30 MB/sec), 33.3 ms avg latency, 339.0 ms max latency.
913 records sent, 182.6 records/sec (17.83 MB/sec), 19.4 ms avg latency, 120.0 ms max latency.
794 records sent, 158.7 records/sec (15.50 MB/sec), 11.4 ms avg latency, 48.0 ms max latency.
779 records sent, 155.7 records/sec (15.21 MB/sec), 13.8 ms avg latency, 98.0 ms max latency.
16667 records sent, 148.815157 records/sec (14.53 MB/sec), 37.51 ms avg latency, 4101.00 ms max latency, 13 ms 50th, 122 ms 95th, 576 ms 99th, 793 ms 99.9th.
----- /var/lib/kafka-client/results/security-overhead-final-factorial-plaintext-b5-rf5-isr4-msg102400-tps10000-batch131072-acks1-prod6-compnone-trial3/producer-perf-4.log -----
producer_index=4
producer_count=6
producer_records=16667
producer_throughput=1667
42 records sent, 8.3 records/sec (0.81 MB/sec), 839.2 ms avg latency, 4157.0 ms max latency.
676 records sent, 135.0 records/sec (13.18 MB/sec), 1038.3 ms avg latency, 1668.0 ms max latency.
717 records sent, 142.9 records/sec (13.95 MB/sec), 54.6 ms avg latency, 374.0 ms max latency.
911 records sent, 182.1 records/sec (17.78 MB/sec), 36.0 ms avg latency, 230.0 ms max latency.
773 records sent, 154.4 records/sec (15.07 MB/sec), 25.5 ms avg latency, 158.0 ms max latency.
707 records sent, 141.3 records/sec (13.80 MB/sec), 20.3 ms avg latency, 131.0 ms max latency.
731 records sent, 145.8 records/sec (14.24 MB/sec), 16.4 ms avg latency, 77.0 ms max latency.
753 records sent, 150.4 records/sec (14.69 MB/sec), 27.7 ms avg latency, 165.0 ms max latency.
710 records sent, 141.8 records/sec (13.85 MB/sec), 17.1 ms avg latency, 108.0 ms max latency.
684 records sent, 136.7 records/sec (13.35 MB/sec), 19.1 ms avg latency, 166.0 ms max latency.
680 records sent, 135.8 records/sec (13.26 MB/sec), 16.0 ms avg latency, 78.0 ms max latency.
721 records sent, 143.9 records/sec (14.06 MB/sec), 19.2 ms avg latency, 173.0 ms max latency.
781 records sent, 156.1 records/sec (15.24 MB/sec), 15.6 ms avg latency, 93.0 ms max latency.
772 records sent, 153.5 records/sec (14.99 MB/sec), 15.6 ms avg latency, 95.0 ms max latency.
824 records sent, 164.6 records/sec (16.07 MB/sec), 28.0 ms avg latency, 148.0 ms max latency.
771 records sent, 153.2 records/sec (14.96 MB/sec), 43.9 ms avg latency, 530.0 ms max latency.
866 records sent, 173.2 records/sec (16.91 MB/sec), 13.4 ms avg latency, 121.0 ms max latency.
775 records sent, 153.4 records/sec (14.98 MB/sec), 13.7 ms avg latency, 84.0 ms max latency.
964 records sent, 192.6 records/sec (18.81 MB/sec), 14.9 ms avg latency, 93.0 ms max latency.
882 records sent, 176.3 records/sec (17.22 MB/sec), 16.2 ms avg latency, 87.0 ms max latency.
855 records sent, 170.7 records/sec (16.67 MB/sec), 11.0 ms avg latency, 65.0 ms max latency.
870 records sent, 173.9 records/sec (16.99 MB/sec), 11.6 ms avg latency, 57.0 ms max latency.
16667 records sent, 149.463735 records/sec (14.60 MB/sec), 64.77 ms avg latency, 4157.00 ms max latency, 13 ms 50th, 174 ms 95th, 1285 ms 99th, 1521 ms 99.9th.
----- /var/lib/kafka-client/results/security-overhead-final-factorial-plaintext-b5-rf5-isr4-msg102400-tps10000-batch131072-acks1-prod6-compnone-trial3/producer-perf-5.log -----
producer_index=5
producer_count=6
producer_records=16666
producer_throughput=1666
14 records sent, 2.8 records/sec (0.27 MB/sec), 980.4 ms avg latency, 4488.0 ms max latency.
597 records sent, 119.1 records/sec (11.63 MB/sec), 386.8 ms avg latency, 1001.0 ms max latency.
664 records sent, 132.7 records/sec (12.96 MB/sec), 45.4 ms avg latency, 194.0 ms max latency.
832 records sent, 165.7 records/sec (16.18 MB/sec), 20.2 ms avg latency, 93.0 ms max latency.
756 records sent, 150.9 records/sec (14.74 MB/sec), 22.1 ms avg latency, 118.0 ms max latency.
855 records sent, 171.0 records/sec (16.70 MB/sec), 25.2 ms avg latency, 152.0 ms max latency.
764 records sent, 152.7 records/sec (14.91 MB/sec), 27.9 ms avg latency, 151.0 ms max latency.
832 records sent, 166.1 records/sec (16.22 MB/sec), 81.9 ms avg latency, 450.0 ms max latency.
794 records sent, 158.2 records/sec (15.45 MB/sec), 18.6 ms avg latency, 241.0 ms max latency.
796 records sent, 159.1 records/sec (15.53 MB/sec), 18.0 ms avg latency, 88.0 ms max latency.
770 records sent, 154.0 records/sec (15.04 MB/sec), 20.3 ms avg latency, 92.0 ms max latency.
717 records sent, 142.7 records/sec (13.94 MB/sec), 15.6 ms avg latency, 82.0 ms max latency.
750 records sent, 149.6 records/sec (14.61 MB/sec), 16.9 ms avg latency, 73.0 ms max latency.
789 records sent, 157.5 records/sec (15.38 MB/sec), 19.3 ms avg latency, 103.0 ms max latency.
881 records sent, 176.0 records/sec (17.18 MB/sec), 35.9 ms avg latency, 217.0 ms max latency.
730 records sent, 145.9 records/sec (14.25 MB/sec), 55.1 ms avg latency, 615.0 ms max latency.
730 records sent, 145.9 records/sec (14.25 MB/sec), 12.8 ms avg latency, 70.0 ms max latency.
906 records sent, 181.0 records/sec (17.67 MB/sec), 22.1 ms avg latency, 169.0 ms max latency.
927 records sent, 184.6 records/sec (18.03 MB/sec), 14.7 ms avg latency, 146.0 ms max latency.
907 records sent, 180.9 records/sec (17.67 MB/sec), 12.8 ms avg latency, 62.0 ms max latency.
841 records sent, 167.9 records/sec (16.40 MB/sec), 11.4 ms avg latency, 65.0 ms max latency.
16666 records sent, 150.857660 records/sec (14.73 MB/sec), 39.03 ms avg latency, 4488.00 ms max latency, 14 ms 50th, 126 ms 95th, 674 ms 99th, 908 ms 99.9th.
----- /var/lib/kafka-client/results/security-overhead-final-factorial-plaintext-b5-rf5-isr4-msg102400-tps10000-batch131072-acks1-prod6-compnone-trial3/producer-perf-6.log -----
producer_index=6
producer_count=6
producer_records=16666
producer_throughput=1666
26 records sent, 5.2 records/sec (0.50 MB/sec), 794.0 ms avg latency, 4472.0 ms max latency.
623 records sent, 124.5 records/sec (12.16 MB/sec), 715.8 ms avg latency, 1597.0 ms max latency.
774 records sent, 153.6 records/sec (15.00 MB/sec), 60.6 ms avg latency, 423.0 ms max latency.
796 records sent, 159.1 records/sec (15.54 MB/sec), 15.9 ms avg latency, 71.0 ms max latency.
718 records sent, 143.4 records/sec (14.01 MB/sec), 16.1 ms avg latency, 83.0 ms max latency.
741 records sent, 147.3 records/sec (14.39 MB/sec), 19.9 ms avg latency, 95.0 ms max latency.
704 records sent, 139.7 records/sec (13.64 MB/sec), 22.0 ms avg latency, 133.0 ms max latency.
688 records sent, 137.5 records/sec (13.43 MB/sec), 17.9 ms avg latency, 103.0 ms max latency.
741 records sent, 148.0 records/sec (14.45 MB/sec), 17.4 ms avg latency, 94.0 ms max latency.
698 records sent, 139.4 records/sec (13.61 MB/sec), 21.6 ms avg latency, 116.0 ms max latency.
933 records sent, 186.4 records/sec (18.20 MB/sec), 49.7 ms avg latency, 276.0 ms max latency.
773 records sent, 154.6 records/sec (15.10 MB/sec), 16.5 ms avg latency, 80.0 ms max latency.
794 records sent, 158.5 records/sec (15.48 MB/sec), 17.5 ms avg latency, 100.0 ms max latency.
798 records sent, 159.5 records/sec (15.58 MB/sec), 20.6 ms avg latency, 123.0 ms max latency.
783 records sent, 155.4 records/sec (15.17 MB/sec), 16.1 ms avg latency, 140.0 ms max latency.
867 records sent, 173.1 records/sec (16.90 MB/sec), 51.0 ms avg latency, 570.0 ms max latency.
747 records sent, 149.3 records/sec (14.58 MB/sec), 13.4 ms avg latency, 93.0 ms max latency.
724 records sent, 144.6 records/sec (14.12 MB/sec), 13.0 ms avg latency, 67.0 ms max latency.
790 records sent, 158.0 records/sec (15.43 MB/sec), 12.2 ms avg latency, 104.0 ms max latency.
779 records sent, 155.4 records/sec (15.18 MB/sec), 11.4 ms avg latency, 58.0 ms max latency.
939 records sent, 187.8 records/sec (18.34 MB/sec), 11.8 ms avg latency, 86.0 ms max latency.
893 records sent, 178.1 records/sec (17.39 MB/sec), 17.1 ms avg latency, 101.0 ms max latency.
16666 records sent, 149.020449 records/sec (14.55 MB/sec), 49.36 ms avg latency, 4472.00 ms max latency, 13 ms 50th, 133 ms 95th, 1079 ms 99th, 1344 ms 99.9th.
