run_id=security-overhead-final-factorial-tls-b5-rf3-isr3-msg10240-tps10000-batch131072-acksall-prod12-complz4-trial3
producer_count=12
----- /var/lib/kafka-client/results/security-overhead-final-factorial-tls-b5-rf3-isr3-msg10240-tps10000-batch131072-acksall-prod12-complz4-trial3/producer-perf-1.log -----
producer_index=1
producer_count=12
producer_records=8334
producer_throughput=834
1 records sent, 0.1 records/sec (0.00 MB/sec), 16333.0 ms avg latency, 16333.0 ms max latency.
321 records sent, 58.4 records/sec (0.57 MB/sec), 6269.1 ms avg latency, 8794.0 ms max latency.
939 records sent, 184.6 records/sec (1.80 MB/sec), 8799.5 ms avg latency, 11957.0 ms max latency.
1734 records sent, 343.4 records/sec (3.35 MB/sec), 10026.5 ms avg latency, 12430.0 ms max latency.
2984 records sent, 589.3 records/sec (5.75 MB/sec), 7456.7 ms avg latency, 11961.0 ms max latency.
8334 records sent, 206.768223 records/sec (2.02 MB/sec), 7039.96 ms avg latency, 16333.00 ms max latency, 6974 ms 50th, 10675 ms 95th, 11672 ms 99th, 12369 ms 99.9th.
----- /var/lib/kafka-client/results/security-overhead-final-factorial-tls-b5-rf3-isr3-msg10240-tps10000-batch131072-acksall-prod12-complz4-trial3/producer-perf-2.log -----
producer_index=2
producer_count=12
producer_records=8334
producer_throughput=834
1 records sent, 0.1 records/sec (0.00 MB/sec), 4627.0 ms avg latency, 4627.0 ms max latency.
336 records sent, 65.8 records/sec (0.64 MB/sec), 6652.8 ms avg latency, 17585.0 ms max latency.
941 records sent, 187.9 records/sec (1.83 MB/sec), 8824.2 ms avg latency, 10952.0 ms max latency.
1877 records sent, 363.9 records/sec (3.55 MB/sec), 10070.4 ms avg latency, 11914.0 ms max latency.
1708 records sent, 332.7 records/sec (3.25 MB/sec), 9546.1 ms avg latency, 12312.0 ms max latency.
8334 records sent, 198.745618 records/sec (1.94 MB/sec), 7787.67 ms avg latency, 17585.00 ms max latency, 8472 ms 50th, 10805 ms 95th, 11705 ms 99th, 12306 ms 99.9th.
----- /var/lib/kafka-client/results/security-overhead-final-factorial-tls-b5-rf3-isr3-msg10240-tps10000-batch131072-acksall-prod12-complz4-trial3/producer-perf-3.log -----
producer_index=3
producer_count=12
producer_records=8334
producer_throughput=834
1 records sent, 0.1 records/sec (0.00 MB/sec), 17162.0 ms avg latency, 17162.0 ms max latency.
353 records sent, 66.9 records/sec (0.65 MB/sec), 6148.8 ms avg latency, 7851.0 ms max latency.
998 records sent, 198.2 records/sec (1.94 MB/sec), 8214.8 ms avg latency, 9669.0 ms max latency.
1179 records sent, 234.1 records/sec (2.29 MB/sec), 10885.4 ms avg latency, 12339.0 ms max latency.
1437 records sent, 286.3 records/sec (2.80 MB/sec), 12124.5 ms avg latency, 14741.0 ms max latency.
2821 records sent, 560.7 records/sec (5.48 MB/sec), 8671.9 ms avg latency, 12181.0 ms max latency.
8334 records sent, 192.604576 records/sec (1.88 MB/sec), 8476.99 ms avg latency, 17162.00 ms max latency, 8936 ms 50th, 12491 ms 95th, 13282 ms 99th, 14740 ms 99.9th.
----- /var/lib/kafka-client/results/security-overhead-final-factorial-tls-b5-rf3-isr3-msg10240-tps10000-batch131072-acksall-prod12-complz4-trial3/producer-perf-4.log -----
producer_index=4
producer_count=12
producer_records=8334
producer_throughput=834
1 records sent, 0.1 records/sec (0.00 MB/sec), 2753.0 ms avg latency, 2753.0 ms max latency.
346 records sent, 66.5 records/sec (0.65 MB/sec), 6346.1 ms avg latency, 16961.0 ms max latency.
943 records sent, 180.4 records/sec (1.76 MB/sec), 8845.4 ms avg latency, 10584.0 ms max latency.
1451 records sent, 288.5 records/sec (2.82 MB/sec), 10968.1 ms avg latency, 12179.0 ms max latency.
1558 records sent, 308.6 records/sec (3.01 MB/sec), 10884.3 ms avg latency, 12360.0 ms max latency.
1911 records sent, 381.7 records/sec (3.73 MB/sec), 9072.9 ms avg latency, 11124.0 ms max latency.
8334 records sent, 188.300685 records/sec (1.84 MB/sec), 8852.14 ms avg latency, 16961.00 ms max latency, 9123 ms 50th, 11667 ms 95th, 12044 ms 99th, 12206 ms 99.9th.
----- /var/lib/kafka-client/results/security-overhead-final-factorial-tls-b5-rf3-isr3-msg10240-tps10000-batch131072-acksall-prod12-complz4-trial3/producer-perf-5.log -----
producer_index=5
producer_count=12
producer_records=8333
producer_throughput=833
1 records sent, 0.1 records/sec (0.00 MB/sec), 3319.0 ms avg latency, 3319.0 ms max latency.
239 records sent, 47.2 records/sec (0.46 MB/sec), 5306.8 ms avg latency, 16890.0 ms max latency.
798 records sent, 155.6 records/sec (1.52 MB/sec), 8559.3 ms avg latency, 10899.0 ms max latency.
1650 records sent, 326.9 records/sec (3.19 MB/sec), 10447.9 ms avg latency, 11660.0 ms max latency.
2486 records sent, 493.2 records/sec (4.82 MB/sec), 8579.1 ms avg latency, 11650.0 ms max latency.
8333 records sent, 199.860891 records/sec (1.95 MB/sec), 7321.15 ms avg latency, 16890.00 ms max latency, 6916 ms 50th, 11131 ms 95th, 11469 ms 99th, 11630 ms 99.9th.
----- /var/lib/kafka-client/results/security-overhead-final-factorial-tls-b5-rf3-isr3-msg10240-tps10000-batch131072-acksall-prod12-complz4-trial3/producer-perf-6.log -----
producer_index=6
producer_count=12
producer_records=8333
producer_throughput=833
1 records sent, 0.1 records/sec (0.00 MB/sec), 15986.0 ms avg latency, 15986.0 ms max latency.
192 records sent, 35.7 records/sec (0.35 MB/sec), 6365.3 ms avg latency, 7974.0 ms max latency.
686 records sent, 137.1 records/sec (1.34 MB/sec), 9597.6 ms avg latency, 11597.0 ms max latency.
1641 records sent, 314.8 records/sec (3.07 MB/sec), 11256.1 ms avg latency, 12375.0 ms max latency.
2277 records sent, 450.9 records/sec (4.40 MB/sec), 9214.7 ms avg latency, 12980.0 ms max latency.
8333 records sent, 198.788139 records/sec (1.94 MB/sec), 7659.64 ms avg latency, 15986.00 ms max latency, 7158 ms 50th, 11799 ms 95th, 12228 ms 99th, 12979 ms 99.9th.
----- /var/lib/kafka-client/results/security-overhead-final-factorial-tls-b5-rf3-isr3-msg10240-tps10000-batch131072-acksall-prod12-complz4-trial3/producer-perf-7.log -----
producer_index=7
producer_count=12
producer_records=8333
producer_throughput=833
1 records sent, 0.1 records/sec (0.00 MB/sec), 16597.0 ms avg latency, 16597.0 ms max latency.
264 records sent, 49.3 records/sec (0.48 MB/sec), 6722.3 ms avg latency, 8639.0 ms max latency.
817 records sent, 162.1 records/sec (1.58 MB/sec), 9132.3 ms avg latency, 10718.0 ms max latency.
2067 records sent, 401.2 records/sec (3.92 MB/sec), 9805.6 ms avg latency, 11121.0 ms max latency.
1578 records sent, 311.0 records/sec (3.04 MB/sec), 8517.3 ms avg latency, 11120.0 ms max latency.
1796 records sent, 353.5 records/sec (3.45 MB/sec), 9003.8 ms avg latency, 10188.0 ms max latency.
8333 records sent, 188.448405 records/sec (1.84 MB/sec), 8608.58 ms avg latency, 16597.00 ms max latency, 8862 ms 50th, 10522 ms 95th, 10973 ms 99th, 11120 ms 99.9th.
----- /var/lib/kafka-client/results/security-overhead-final-factorial-tls-b5-rf3-isr3-msg10240-tps10000-batch131072-acksall-prod12-complz4-trial3/producer-perf-8.log -----
producer_index=8
producer_count=12
producer_records=8333
producer_throughput=833
1 records sent, 0.1 records/sec (0.00 MB/sec), 15903.0 ms avg latency, 15903.0 ms max latency.
221 records sent, 41.9 records/sec (0.41 MB/sec), 5304.3 ms avg latency, 7463.0 ms max latency.
796 records sent, 148.4 records/sec (1.45 MB/sec), 8386.9 ms avg latency, 10594.0 ms max latency.
902 records sent, 166.0 records/sec (1.62 MB/sec), 10597.8 ms avg latency, 13158.0 ms max latency.
1015 records sent, 195.9 records/sec (1.91 MB/sec), 14518.8 ms avg latency, 16025.0 ms max latency.
2952 records sent, 589.7 records/sec (5.76 MB/sec), 11111.6 ms avg latency, 16631.0 ms max latency.
8333 records sent, 189.908612 records/sec (1.85 MB/sec), 8594.27 ms avg latency, 16631.00 ms max latency, 8845 ms 50th, 15556 ms 95th, 16256 ms 99th, 16603 ms 99.9th.
----- /var/lib/kafka-client/results/security-overhead-final-factorial-tls-b5-rf3-isr3-msg10240-tps10000-batch131072-acksall-prod12-complz4-trial3/producer-perf-9.log -----
producer_index=9
producer_count=12
producer_records=8333
producer_throughput=833
1 records sent, 0.1 records/sec (0.00 MB/sec), 2754.0 ms avg latency, 2754.0 ms max latency.
360 records sent, 65.8 records/sec (0.64 MB/sec), 7023.0 ms avg latency, 17951.0 ms max latency.
910 records sent, 173.7 records/sec (1.70 MB/sec), 9339.2 ms avg latency, 11105.0 ms max latency.
1112 records sent, 219.3 records/sec (2.14 MB/sec), 11865.1 ms avg latency, 13777.0 ms max latency.
1485 records sent, 288.6 records/sec (2.82 MB/sec), 12999.2 ms avg latency, 14520.0 ms max latency.
2260 records sent, 446.6 records/sec (4.36 MB/sec), 9577.7 ms avg latency, 12607.0 ms max latency.
8333 records sent, 188.218553 records/sec (1.84 MB/sec), 9068.41 ms avg latency, 17951.00 ms max latency, 9305 ms 50th, 13460 ms 95th, 14008 ms 99th, 14488 ms 99.9th.
----- /var/lib/kafka-client/results/security-overhead-final-factorial-tls-b5-rf3-isr3-msg10240-tps10000-batch131072-acksall-prod12-complz4-trial3/producer-perf-10.log -----
producer_index=10
producer_count=12
producer_records=8333
producer_throughput=833
1 records sent, 0.1 records/sec (0.00 MB/sec), 16881.0 ms avg latency, 16881.0 ms max latency.
297 records sent, 55.2 records/sec (0.54 MB/sec), 6551.3 ms avg latency, 8453.0 ms max latency.
974 records sent, 194.5 records/sec (1.90 MB/sec), 9242.2 ms avg latency, 11988.0 ms max latency.
1812 records sent, 355.2 records/sec (3.47 MB/sec), 10142.6 ms avg latency, 11504.0 ms max latency.
2674 records sent, 531.7 records/sec (5.19 MB/sec), 7851.3 ms avg latency, 11435.0 ms max latency.
8333 records sent, 202.429248 records/sec (1.98 MB/sec), 7275.89 ms avg latency, 16881.00 ms max latency, 7423 ms 50th, 10769 ms 95th, 11400 ms 99th, 11940 ms 99.9th.
----- /var/lib/kafka-client/results/security-overhead-final-factorial-tls-b5-rf3-isr3-msg10240-tps10000-batch131072-acksall-prod12-complz4-trial3/producer-perf-11.log -----
producer_index=11
producer_count=12
producer_records=8333
producer_throughput=833
1 records sent, 0.1 records/sec (0.00 MB/sec), 3213.0 ms avg latency, 3213.0 ms max latency.
182 records sent, 35.1 records/sec (0.34 MB/sec), 4912.5 ms avg latency, 16364.0 ms max latency.
921 records sent, 175.2 records/sec (1.71 MB/sec), 7980.8 ms avg latency, 9707.0 ms max latency.
787 records sent, 156.5 records/sec (1.53 MB/sec), 10509.1 ms avg latency, 12299.0 ms max latency.
1532 records sent, 297.0 records/sec (2.90 MB/sec), 12736.5 ms avg latency, 14436.0 ms max latency.
3896 records sent, 778.0 records/sec (7.60 MB/sec), 7443.7 ms avg latency, 15565.0 ms max latency.
8333 records sent, 194.614414 records/sec (1.90 MB/sec), 8051.49 ms avg latency, 16364.00 ms max latency, 8062 ms 50th, 13469 ms 95th, 14415 ms 99th, 15564 ms 99.9th.
----- /var/lib/kafka-client/results/security-overhead-final-factorial-tls-b5-rf3-isr3-msg10240-tps10000-batch131072-acksall-prod12-complz4-trial3/producer-perf-12.log -----
producer_index=12
producer_count=12
producer_records=8333
producer_throughput=833
1 records sent, 0.1 records/sec (0.00 MB/sec), 5203.0 ms avg latency, 5203.0 ms max latency.
360 records sent, 67.9 records/sec (0.66 MB/sec), 7229.1 ms avg latency, 17722.0 ms max latency.
1297 records sent, 251.5 records/sec (2.46 MB/sec), 8959.1 ms avg latency, 10433.0 ms max latency.
1856 records sent, 369.1 records/sec (3.60 MB/sec), 9388.8 ms avg latency, 11127.0 ms max latency.
2866 records sent, 572.4 records/sec (5.59 MB/sec), 7010.6 ms avg latency, 11386.0 ms max latency.
8333 records sent, 206.175619 records/sec (2.01 MB/sec), 7135.51 ms avg latency, 17722.00 ms max latency, 7378 ms 50th, 10002 ms 95th, 10669 ms 99th, 11386 ms 99.9th.
