run_id=security-overhead-final-factorial-mtls-b5-rf5-isr4-msg10240-tps1000-batch131072-acksall-prod6-complz4-trial3
producer_count=6
----- /var/lib/kafka-client/results/security-overhead-final-factorial-mtls-b5-rf5-isr4-msg10240-tps1000-batch131072-acksall-prod6-complz4-trial3/producer-perf-1.log -----
producer_index=1
producer_count=6
producer_records=16667
producer_throughput=167
1 records sent, 0.1 records/sec (0.00 MB/sec), 9498.0 ms avg latency, 9498.0 ms max latency.
1293 records sent, 258.0 records/sec (2.52 MB/sec), 3775.0 ms avg latency, 4981.0 ms max latency.
1968 records sent, 393.6 records/sec (3.84 MB/sec), 2676.9 ms avg latency, 5587.0 ms max latency.
843 records sent, 168.3 records/sec (1.64 MB/sec), 17.3 ms avg latency, 66.0 ms max latency.
838 records sent, 167.5 records/sec (1.64 MB/sec), 12.7 ms avg latency, 40.0 ms max latency.
835 records sent, 167.0 records/sec (1.63 MB/sec), 11.9 ms avg latency, 99.0 ms max latency.
837 records sent, 167.1 records/sec (1.63 MB/sec), 11.1 ms avg latency, 43.0 ms max latency.
837 records sent, 167.2 records/sec (1.63 MB/sec), 15.0 ms avg latency, 134.0 ms max latency.
837 records sent, 167.0 records/sec (1.63 MB/sec), 12.1 ms avg latency, 43.0 ms max latency.
831 records sent, 165.6 records/sec (1.62 MB/sec), 14.2 ms avg latency, 88.0 ms max latency.
843 records sent, 168.3 records/sec (1.64 MB/sec), 12.0 ms avg latency, 68.0 ms max latency.
837 records sent, 167.3 records/sec (1.63 MB/sec), 10.5 ms avg latency, 50.0 ms max latency.
837 records sent, 167.1 records/sec (1.63 MB/sec), 10.1 ms avg latency, 31.0 ms max latency.
835 records sent, 167.0 records/sec (1.63 MB/sec), 9.7 ms avg latency, 39.0 ms max latency.
836 records sent, 167.1 records/sec (1.63 MB/sec), 8.8 ms avg latency, 29.0 ms max latency.
834 records sent, 166.5 records/sec (1.63 MB/sec), 8.5 ms avg latency, 31.0 ms max latency.
840 records sent, 167.8 records/sec (1.64 MB/sec), 10.3 ms avg latency, 64.0 ms max latency.
835 records sent, 166.9 records/sec (1.63 MB/sec), 8.8 ms avg latency, 42.0 ms max latency.
836 records sent, 167.1 records/sec (1.63 MB/sec), 8.5 ms avg latency, 33.0 ms max latency.
16667 records sent, 166.828487 records/sec (1.63 MB/sec), 618.64 ms avg latency, 9498.00 ms max latency, 11 ms 50th, 4227 ms 95th, 5216 ms 99th, 5388 ms 99.9th.
----- /var/lib/kafka-client/results/security-overhead-final-factorial-mtls-b5-rf5-isr4-msg10240-tps1000-batch131072-acksall-prod6-complz4-trial3/producer-perf-2.log -----
producer_index=2
producer_count=6
producer_records=16667
producer_throughput=167
1 records sent, 0.1 records/sec (0.00 MB/sec), 10393.0 ms avg latency, 10393.0 ms max latency.
1941 records sent, 383.8 records/sec (3.75 MB/sec), 3953.0 ms avg latency, 4992.0 ms max latency.
1480 records sent, 295.9 records/sec (2.89 MB/sec), 1032.7 ms avg latency, 4212.0 ms max latency.
836 records sent, 166.9 records/sec (1.63 MB/sec), 14.8 ms avg latency, 80.0 ms max latency.
837 records sent, 167.3 records/sec (1.63 MB/sec), 12.3 ms avg latency, 42.0 ms max latency.
834 records sent, 166.5 records/sec (1.63 MB/sec), 12.3 ms avg latency, 214.0 ms max latency.
841 records sent, 167.9 records/sec (1.64 MB/sec), 11.6 ms avg latency, 34.0 ms max latency.
835 records sent, 166.8 records/sec (1.63 MB/sec), 13.7 ms avg latency, 89.0 ms max latency.
835 records sent, 165.9 records/sec (1.62 MB/sec), 11.8 ms avg latency, 48.0 ms max latency.
842 records sent, 168.0 records/sec (1.64 MB/sec), 14.2 ms avg latency, 73.0 ms max latency.
833 records sent, 166.6 records/sec (1.63 MB/sec), 12.2 ms avg latency, 75.0 ms max latency.
843 records sent, 168.5 records/sec (1.65 MB/sec), 10.9 ms avg latency, 60.0 ms max latency.
833 records sent, 166.5 records/sec (1.63 MB/sec), 9.8 ms avg latency, 31.0 ms max latency.
837 records sent, 167.1 records/sec (1.63 MB/sec), 10.0 ms avg latency, 54.0 ms max latency.
837 records sent, 167.4 records/sec (1.63 MB/sec), 8.7 ms avg latency, 30.0 ms max latency.
837 records sent, 167.4 records/sec (1.63 MB/sec), 9.1 ms avg latency, 50.0 ms max latency.
835 records sent, 166.9 records/sec (1.63 MB/sec), 10.9 ms avg latency, 82.0 ms max latency.
837 records sent, 167.2 records/sec (1.63 MB/sec), 8.3 ms avg latency, 21.0 ms max latency.
16667 records sent, 166.801773 records/sec (1.63 MB/sec), 561.58 ms avg latency, 10393.00 ms max latency, 11 ms 50th, 4224 ms 95th, 4595 ms 99th, 4930 ms 99.9th.
----- /var/lib/kafka-client/results/security-overhead-final-factorial-mtls-b5-rf5-isr4-msg10240-tps1000-batch131072-acksall-prod6-complz4-trial3/producer-perf-3.log -----
producer_index=3
producer_count=6
producer_records=16667
producer_throughput=167
1 records sent, 0.1 records/sec (0.00 MB/sec), 3113.0 ms avg latency, 3113.0 ms max latency.
1587 records sent, 314.5 records/sec (3.07 MB/sec), 4083.0 ms avg latency, 9949.0 ms max latency.
1698 records sent, 339.4 records/sec (3.31 MB/sec), 1562.1 ms avg latency, 4862.0 ms max latency.
837 records sent, 167.0 records/sec (1.63 MB/sec), 15.1 ms avg latency, 50.0 ms max latency.
836 records sent, 167.1 records/sec (1.63 MB/sec), 12.1 ms avg latency, 43.0 ms max latency.
836 records sent, 167.1 records/sec (1.63 MB/sec), 15.8 ms avg latency, 219.0 ms max latency.
836 records sent, 167.2 records/sec (1.63 MB/sec), 11.5 ms avg latency, 31.0 ms max latency.
834 records sent, 166.6 records/sec (1.63 MB/sec), 14.3 ms avg latency, 118.0 ms max latency.
838 records sent, 167.4 records/sec (1.63 MB/sec), 12.1 ms avg latency, 53.0 ms max latency.
834 records sent, 166.6 records/sec (1.63 MB/sec), 14.0 ms avg latency, 88.0 ms max latency.
838 records sent, 167.5 records/sec (1.64 MB/sec), 11.2 ms avg latency, 79.0 ms max latency.
836 records sent, 167.0 records/sec (1.63 MB/sec), 10.7 ms avg latency, 36.0 ms max latency.
836 records sent, 167.1 records/sec (1.63 MB/sec), 9.8 ms avg latency, 43.0 ms max latency.
836 records sent, 167.0 records/sec (1.63 MB/sec), 9.7 ms avg latency, 34.0 ms max latency.
837 records sent, 167.2 records/sec (1.63 MB/sec), 8.9 ms avg latency, 28.0 ms max latency.
836 records sent, 167.1 records/sec (1.63 MB/sec), 8.9 ms avg latency, 48.0 ms max latency.
834 records sent, 166.5 records/sec (1.63 MB/sec), 10.8 ms avg latency, 81.0 ms max latency.
838 records sent, 167.6 records/sec (1.64 MB/sec), 8.4 ms avg latency, 27.0 ms max latency.
835 records sent, 166.9 records/sec (1.63 MB/sec), 8.5 ms avg latency, 27.0 ms max latency.
16667 records sent, 166.908679 records/sec (1.63 MB/sec), 557.23 ms avg latency, 9949.00 ms max latency, 11 ms 50th, 4357 ms 95th, 4863 ms 99th, 5208 ms 99.9th.
----- /var/lib/kafka-client/results/security-overhead-final-factorial-mtls-b5-rf5-isr4-msg10240-tps1000-batch131072-acksall-prod6-complz4-trial3/producer-perf-4.log -----
producer_index=4
producer_count=6
producer_records=16667
producer_throughput=167
1 records sent, 0.1 records/sec (0.00 MB/sec), 9506.0 ms avg latency, 9506.0 ms max latency.
1291 records sent, 257.8 records/sec (2.52 MB/sec), 3670.1 ms avg latency, 4903.0 ms max latency.
1974 records sent, 394.8 records/sec (3.86 MB/sec), 2553.2 ms avg latency, 5529.0 ms max latency.
835 records sent, 166.8 records/sec (1.63 MB/sec), 16.9 ms avg latency, 93.0 ms max latency.
840 records sent, 167.7 records/sec (1.64 MB/sec), 12.2 ms avg latency, 40.0 ms max latency.
837 records sent, 167.1 records/sec (1.63 MB/sec), 15.1 ms avg latency, 212.0 ms max latency.
836 records sent, 167.0 records/sec (1.63 MB/sec), 11.2 ms avg latency, 37.0 ms max latency.
836 records sent, 167.2 records/sec (1.63 MB/sec), 14.1 ms avg latency, 109.0 ms max latency.
834 records sent, 166.7 records/sec (1.63 MB/sec), 12.2 ms avg latency, 55.0 ms max latency.
836 records sent, 167.2 records/sec (1.63 MB/sec), 14.3 ms avg latency, 88.0 ms max latency.
835 records sent, 167.0 records/sec (1.63 MB/sec), 11.9 ms avg latency, 62.0 ms max latency.
837 records sent, 167.3 records/sec (1.63 MB/sec), 10.7 ms avg latency, 37.0 ms max latency.
835 records sent, 167.0 records/sec (1.63 MB/sec), 9.6 ms avg latency, 26.0 ms max latency.
837 records sent, 167.2 records/sec (1.63 MB/sec), 9.6 ms avg latency, 39.0 ms max latency.
836 records sent, 167.0 records/sec (1.63 MB/sec), 8.9 ms avg latency, 29.0 ms max latency.
836 records sent, 166.9 records/sec (1.63 MB/sec), 8.6 ms avg latency, 31.0 ms max latency.
837 records sent, 167.2 records/sec (1.63 MB/sec), 11.4 ms avg latency, 82.0 ms max latency.
835 records sent, 167.0 records/sec (1.63 MB/sec), 8.8 ms avg latency, 36.0 ms max latency.
836 records sent, 167.0 records/sec (1.63 MB/sec), 8.9 ms avg latency, 29.0 ms max latency.
16667 records sent, 166.778406 records/sec (1.63 MB/sec), 596.50 ms avg latency, 9506.00 ms max latency, 11 ms 50th, 4203 ms 95th, 5155 ms 99th, 5465 ms 99.9th.
----- /var/lib/kafka-client/results/security-overhead-final-factorial-mtls-b5-rf5-isr4-msg10240-tps1000-batch131072-acksall-prod6-complz4-trial3/producer-perf-5.log -----
producer_index=5
producer_count=6
producer_records=16666
producer_throughput=166
1 records sent, 0.1 records/sec (0.00 MB/sec), 2123.0 ms avg latency, 2123.0 ms max latency.
1283 records sent, 254.4 records/sec (2.48 MB/sec), 4322.5 ms avg latency, 10020.0 ms max latency.
1976 records sent, 394.7 records/sec (3.85 MB/sec), 2160.2 ms avg latency, 5293.0 ms max latency.
834 records sent, 166.4 records/sec (1.63 MB/sec), 15.0 ms avg latency, 79.0 ms max latency.
831 records sent, 166.2 records/sec (1.62 MB/sec), 12.5 ms avg latency, 35.0 ms max latency.
832 records sent, 166.4 records/sec (1.63 MB/sec), 12.6 ms avg latency, 218.0 ms max latency.
831 records sent, 165.9 records/sec (1.62 MB/sec), 11.6 ms avg latency, 35.0 ms max latency.
837 records sent, 167.1 records/sec (1.63 MB/sec), 13.9 ms avg latency, 79.0 ms max latency.
831 records sent, 166.1 records/sec (1.62 MB/sec), 13.4 ms avg latency, 52.0 ms max latency.
830 records sent, 166.0 records/sec (1.62 MB/sec), 13.9 ms avg latency, 91.0 ms max latency.
830 records sent, 166.0 records/sec (1.62 MB/sec), 13.1 ms avg latency, 69.0 ms max latency.
832 records sent, 166.2 records/sec (1.62 MB/sec), 11.2 ms avg latency, 40.0 ms max latency.
831 records sent, 165.7 records/sec (1.62 MB/sec), 10.4 ms avg latency, 47.0 ms max latency.
834 records sent, 166.7 records/sec (1.63 MB/sec), 10.6 ms avg latency, 54.0 ms max latency.
831 records sent, 166.2 records/sec (1.62 MB/sec), 9.3 ms avg latency, 33.0 ms max latency.
830 records sent, 166.0 records/sec (1.62 MB/sec), 8.6 ms avg latency, 31.0 ms max latency.
831 records sent, 166.1 records/sec (1.62 MB/sec), 11.1 ms avg latency, 77.0 ms max latency.
831 records sent, 166.2 records/sec (1.62 MB/sec), 8.7 ms avg latency, 41.0 ms max latency.
830 records sent, 166.0 records/sec (1.62 MB/sec), 8.5 ms avg latency, 30.0 ms max latency.
16666 records sent, 165.938169 records/sec (1.62 MB/sec), 598.27 ms avg latency, 10020.00 ms max latency, 11 ms 50th, 4686 ms 95th, 5062 ms 99th, 5234 ms 99.9th.
----- /var/lib/kafka-client/results/security-overhead-final-factorial-mtls-b5-rf5-isr4-msg10240-tps1000-batch131072-acksall-prod6-complz4-trial3/producer-perf-6.log -----
producer_index=6
producer_count=6
producer_records=16666
producer_throughput=166
1 records sent, 0.1 records/sec (0.00 MB/sec), 10014.0 ms avg latency, 10014.0 ms max latency.
1320 records sent, 259.7 records/sec (2.54 MB/sec), 4536.9 ms avg latency, 5737.0 ms max latency.
2021 records sent, 404.0 records/sec (3.94 MB/sec), 2797.3 ms avg latency, 6397.0 ms max latency.
836 records sent, 167.1 records/sec (1.63 MB/sec), 14.7 ms avg latency, 56.0 ms max latency.
830 records sent, 165.9 records/sec (1.62 MB/sec), 12.8 ms avg latency, 46.0 ms max latency.
832 records sent, 166.2 records/sec (1.62 MB/sec), 12.3 ms avg latency, 91.0 ms max latency.
831 records sent, 166.1 records/sec (1.62 MB/sec), 11.8 ms avg latency, 82.0 ms max latency.
829 records sent, 165.8 records/sec (1.62 MB/sec), 13.1 ms avg latency, 63.0 ms max latency.
830 records sent, 166.0 records/sec (1.62 MB/sec), 12.5 ms avg latency, 43.0 ms max latency.
826 records sent, 164.9 records/sec (1.61 MB/sec), 14.7 ms avg latency, 83.0 ms max latency.
839 records sent, 167.5 records/sec (1.64 MB/sec), 12.3 ms avg latency, 73.0 ms max latency.
831 records sent, 166.2 records/sec (1.62 MB/sec), 10.9 ms avg latency, 33.0 ms max latency.
832 records sent, 166.1 records/sec (1.62 MB/sec), 9.9 ms avg latency, 29.0 ms max latency.
832 records sent, 166.2 records/sec (1.62 MB/sec), 9.9 ms avg latency, 42.0 ms max latency.
831 records sent, 166.1 records/sec (1.62 MB/sec), 9.1 ms avg latency, 25.0 ms max latency.
830 records sent, 165.9 records/sec (1.62 MB/sec), 8.8 ms avg latency, 33.0 ms max latency.
831 records sent, 166.2 records/sec (1.62 MB/sec), 10.9 ms avg latency, 79.0 ms max latency.
830 records sent, 165.9 records/sec (1.62 MB/sec), 8.6 ms avg latency, 38.0 ms max latency.
831 records sent, 166.2 records/sec (1.62 MB/sec), 8.4 ms avg latency, 25.0 ms max latency.
16666 records sent, 165.850649 records/sec (1.62 MB/sec), 708.18 ms avg latency, 10014.00 ms max latency, 11 ms 50th, 4974 ms 95th, 5919 ms 99th, 6335 ms 99.9th.
