run_id=security-overhead-final-factorial-tls-b5-rf5-isr3-msg1024-tps10000-batch131072-acksall-prod12-complz4-trial1
producer_count=12
----- /var/lib/kafka-client/results/security-overhead-final-factorial-tls-b5-rf5-isr3-msg1024-tps10000-batch131072-acksall-prod12-complz4-trial1/producer-perf-1.log -----
producer_index=1
producer_count=12
producer_records=8334
producer_throughput=834
1 records sent, 0.1 records/sec (0.00 MB/sec), 16534.0 ms avg latency, 16534.0 ms max latency.
5897 records sent, 1177.0 records/sec (1.15 MB/sec), 5037.5 ms avg latency, 6640.0 ms max latency.
8334 records sent, 362.064471 records/sec (0.35 MB/sec), 5219.84 ms avg latency, 16534.00 ms max latency, 5371 ms 50th, 6456 ms 95th, 6629 ms 99th, 6639 ms 99.9th.
----- /var/lib/kafka-client/results/security-overhead-final-factorial-tls-b5-rf5-isr3-msg1024-tps10000-batch131072-acksall-prod12-complz4-trial1/producer-perf-2.log -----
producer_index=2
producer_count=12
producer_records=8334
producer_throughput=834
1 records sent, 0.1 records/sec (0.00 MB/sec), 16567.0 ms avg latency, 16567.0 ms max latency.
5457 records sent, 1056.9 records/sec (1.03 MB/sec), 4346.9 ms avg latency, 6252.0 ms max latency.
8334 records sent, 359.565105 records/sec (0.35 MB/sec), 4595.07 ms avg latency, 16567.00 ms max latency, 4881 ms 50th, 5807 ms 95th, 6182 ms 99th, 6251 ms 99.9th.
----- /var/lib/kafka-client/results/security-overhead-final-factorial-tls-b5-rf5-isr3-msg1024-tps10000-batch131072-acksall-prod12-complz4-trial1/producer-perf-3.log -----
producer_index=3
producer_count=12
producer_records=8334
producer_throughput=834
1 records sent, 0.1 records/sec (0.00 MB/sec), 4393.0 ms avg latency, 4393.0 ms max latency.
5971 records sent, 1142.6 records/sec (1.12 MB/sec), 5819.4 ms avg latency, 17251.0 ms max latency.
8334 records sent, 362.080202 records/sec (0.35 MB/sec), 5951.40 ms avg latency, 17251.00 ms max latency, 5963 ms 50th, 7132 ms 95th, 7194 ms 99th, 7195 ms 99.9th.
----- /var/lib/kafka-client/results/security-overhead-final-factorial-tls-b5-rf5-isr3-msg1024-tps10000-batch131072-acksall-prod12-complz4-trial1/producer-perf-4.log -----
producer_index=4
producer_count=12
producer_records=8334
producer_throughput=834
1 records sent, 0.1 records/sec (0.00 MB/sec), 16619.0 ms avg latency, 16619.0 ms max latency.
4232 records sent, 804.1 records/sec (0.79 MB/sec), 4611.6 ms avg latency, 6890.0 ms max latency.
8334 records sent, 352.702188 records/sec (0.34 MB/sec), 5107.87 ms avg latency, 16619.00 ms max latency, 5304 ms 50th, 6543 ms 95th, 6934 ms 99th, 6935 ms 99.9th.
----- /var/lib/kafka-client/results/security-overhead-final-factorial-tls-b5-rf5-isr3-msg1024-tps10000-batch131072-acksall-prod12-complz4-trial1/producer-perf-5.log -----
producer_index=5
producer_count=12
producer_records=8333
producer_throughput=833
1 records sent, 0.1 records/sec (0.00 MB/sec), 15839.0 ms avg latency, 15839.0 ms max latency.
3900 records sent, 776.3 records/sec (0.76 MB/sec), 3784.1 ms avg latency, 6332.0 ms max latency.
8333 records sent, 361.126761 records/sec (0.35 MB/sec), 4346.46 ms avg latency, 15839.00 ms max latency, 4626 ms 50th, 6010 ms 95th, 6185 ms 99th, 6331 ms 99.9th.
----- /var/lib/kafka-client/results/security-overhead-final-factorial-tls-b5-rf5-isr3-msg1024-tps10000-batch131072-acksall-prod12-complz4-trial1/producer-perf-6.log -----
producer_index=6
producer_count=12
producer_records=8333
producer_throughput=833
1 records sent, 0.1 records/sec (0.00 MB/sec), 17220.0 ms avg latency, 17220.0 ms max latency.
5402 records sent, 1063.2 records/sec (1.04 MB/sec), 5193.0 ms avg latency, 6784.0 ms max latency.
8333 records sent, 351.989524 records/sec (0.34 MB/sec), 5454.16 ms avg latency, 17220.00 ms max latency, 5640 ms 50th, 6843 ms 95th, 7202 ms 99th, 7238 ms 99.9th.
----- /var/lib/kafka-client/results/security-overhead-final-factorial-tls-b5-rf5-isr3-msg1024-tps10000-batch131072-acksall-prod12-complz4-trial1/producer-perf-7.log -----
producer_index=7
producer_count=12
producer_records=8333
producer_throughput=833
1 records sent, 0.1 records/sec (0.00 MB/sec), 15772.0 ms avg latency, 15772.0 ms max latency.
3959 records sent, 779.5 records/sec (0.76 MB/sec), 3965.6 ms avg latency, 5842.0 ms max latency.
8333 records sent, 367.821673 records/sec (0.36 MB/sec), 4454.16 ms avg latency, 15772.00 ms max latency, 4709 ms 50th, 5808 ms 95th, 6269 ms 99th, 6270 ms 99.9th.
----- /var/lib/kafka-client/results/security-overhead-final-factorial-tls-b5-rf5-isr3-msg1024-tps10000-batch131072-acksall-prod12-complz4-trial1/producer-perf-8.log -----
producer_index=8
producer_count=12
producer_records=8333
producer_throughput=833
1 records sent, 0.1 records/sec (0.00 MB/sec), 5217.0 ms avg latency, 5217.0 ms max latency.
8333 records sent, 359.801382 records/sec (0.35 MB/sec), 5661.20 ms avg latency, 17968.00 ms max latency, 5933 ms 50th, 6857 ms 95th, 7533 ms 99th, 7634 ms 99.9th.
----- /var/lib/kafka-client/results/security-overhead-final-factorial-tls-b5-rf5-isr3-msg1024-tps10000-batch131072-acksall-prod12-complz4-trial1/producer-perf-9.log -----
producer_index=9
producer_count=12
producer_records=8333
producer_throughput=833
1 records sent, 0.1 records/sec (0.00 MB/sec), 16155.0 ms avg latency, 16155.0 ms max latency.
4201 records sent, 803.1 records/sec (0.78 MB/sec), 5353.1 ms avg latency, 7760.0 ms max latency.
8333 records sent, 353.857913 records/sec (0.35 MB/sec), 5810.25 ms avg latency, 16155.00 ms max latency, 6097 ms 50th, 7391 ms 95th, 7681 ms 99th, 7722 ms 99.9th.
----- /var/lib/kafka-client/results/security-overhead-final-factorial-tls-b5-rf5-isr3-msg1024-tps10000-batch131072-acksall-prod12-complz4-trial1/producer-perf-10.log -----
producer_index=10
producer_count=12
producer_records=8333
producer_throughput=833
1 records sent, 0.1 records/sec (0.00 MB/sec), 15288.0 ms avg latency, 15288.0 ms max latency.
3281 records sent, 655.3 records/sec (0.64 MB/sec), 4403.0 ms avg latency, 6188.0 ms max latency.
8333 records sent, 363.505496 records/sec (0.35 MB/sec), 4898.13 ms avg latency, 15288.00 ms max latency, 5027 ms 50th, 6069 ms 95th, 6447 ms 99th, 6489 ms 99.9th.
----- /var/lib/kafka-client/results/security-overhead-final-factorial-tls-b5-rf5-isr3-msg1024-tps10000-batch131072-acksall-prod12-complz4-trial1/producer-perf-11.log -----
producer_index=11
producer_count=12
producer_records=8333
producer_throughput=833
1 records sent, 0.1 records/sec (0.00 MB/sec), 16343.0 ms avg latency, 16343.0 ms max latency.
4197 records sent, 810.4 records/sec (0.79 MB/sec), 4285.0 ms avg latency, 6378.0 ms max latency.
8333 records sent, 354.912901 records/sec (0.35 MB/sec), 4745.68 ms avg latency, 16343.00 ms max latency, 4993 ms 50th, 5989 ms 95th, 6267 ms 99th, 6378 ms 99.9th.
----- /var/lib/kafka-client/results/security-overhead-final-factorial-tls-b5-rf5-isr3-msg1024-tps10000-batch131072-acksall-prod12-complz4-trial1/producer-perf-12.log -----
producer_index=12
producer_count=12
producer_records=8333
producer_throughput=833
1 records sent, 0.1 records/sec (0.00 MB/sec), 15155.0 ms avg latency, 15155.0 ms max latency.
1802 records sent, 351.5 records/sec (0.34 MB/sec), 4299.2 ms avg latency, 6080.0 ms max latency.
8333 records sent, 353.902998 records/sec (0.35 MB/sec), 4997.65 ms avg latency, 15155.00 ms max latency, 5051 ms 50th, 6344 ms 95th, 6765 ms 99th, 6827 ms 99.9th.
