run_id=security-overhead-final-factorial-tls-b5-rf3-isr3-msg102400-tps1000-batch131072-acksall-prod6-compnone-trial2
producer_count=6
----- /var/lib/kafka-client/results/security-overhead-final-factorial-tls-b5-rf3-isr3-msg102400-tps1000-batch131072-acksall-prod6-compnone-trial2/producer-perf-1.log -----
producer_index=1
producer_count=6
producer_records=16667
producer_throughput=167
1 records sent, 0.1 records/sec (0.01 MB/sec), 2267.0 ms avg latency, 2267.0 ms max latency.
207 records sent, 41.3 records/sec (4.03 MB/sec), 4369.7 ms avg latency, 8252.0 ms max latency.
502 records sent, 99.9 records/sec (9.76 MB/sec), 3317.7 ms avg latency, 5956.0 ms max latency.
866 records sent, 171.9 records/sec (16.79 MB/sec), 1329.4 ms avg latency, 2174.0 ms max latency.
809 records sent, 161.6 records/sec (15.78 MB/sec), 167.1 ms avg latency, 956.0 ms max latency.
719 records sent, 143.7 records/sec (14.03 MB/sec), 31.9 ms avg latency, 155.0 ms max latency.
739 records sent, 147.4 records/sec (14.39 MB/sec), 32.4 ms avg latency, 149.0 ms max latency.
729 records sent, 145.8 records/sec (14.24 MB/sec), 30.0 ms avg latency, 170.0 ms max latency.
822 records sent, 164.3 records/sec (16.05 MB/sec), 24.5 ms avg latency, 130.0 ms max latency.
841 records sent, 167.9 records/sec (16.40 MB/sec), 24.8 ms avg latency, 147.0 ms max latency.
846 records sent, 168.6 records/sec (16.46 MB/sec), 36.8 ms avg latency, 236.0 ms max latency.
799 records sent, 159.5 records/sec (15.57 MB/sec), 21.4 ms avg latency, 136.0 ms max latency.
798 records sent, 159.2 records/sec (15.55 MB/sec), 21.7 ms avg latency, 83.0 ms max latency.
884 records sent, 176.1 records/sec (17.20 MB/sec), 21.4 ms avg latency, 114.0 ms max latency.
874 records sent, 174.7 records/sec (17.06 MB/sec), 24.7 ms avg latency, 182.0 ms max latency.
805 records sent, 160.7 records/sec (15.70 MB/sec), 61.7 ms avg latency, 419.0 ms max latency.
834 records sent, 166.7 records/sec (16.28 MB/sec), 15.1 ms avg latency, 87.0 ms max latency.
819 records sent, 163.8 records/sec (15.99 MB/sec), 17.8 ms avg latency, 71.0 ms max latency.
858 records sent, 171.4 records/sec (16.74 MB/sec), 15.5 ms avg latency, 51.0 ms max latency.
862 records sent, 172.2 records/sec (16.81 MB/sec), 26.2 ms avg latency, 218.0 ms max latency.
848 records sent, 169.4 records/sec (16.55 MB/sec), 14.8 ms avg latency, 60.0 ms max latency.
935 records sent, 187.0 records/sec (18.26 MB/sec), 19.4 ms avg latency, 115.0 ms max latency.
16667 records sent, 145.122249 records/sec (14.17 MB/sec), 253.29 ms avg latency, 8252.00 ms max latency, 19 ms 50th, 1691 ms 95th, 4737 ms 99th, 5553 ms 99.9th.
----- /var/lib/kafka-client/results/security-overhead-final-factorial-tls-b5-rf3-isr3-msg102400-tps1000-batch131072-acksall-prod6-compnone-trial2/producer-perf-2.log -----
producer_index=2
producer_count=6
producer_records=16667
producer_throughput=167
1 records sent, 0.1 records/sec (0.01 MB/sec), 7416.0 ms avg latency, 7416.0 ms max latency.
146 records sent, 29.1 records/sec (2.84 MB/sec), 3893.4 ms avg latency, 5147.0 ms max latency.
472 records sent, 94.0 records/sec (9.18 MB/sec), 3643.4 ms avg latency, 6084.0 ms max latency.
848 records sent, 169.5 records/sec (16.55 MB/sec), 1449.0 ms avg latency, 2394.0 ms max latency.
830 records sent, 164.4 records/sec (16.05 MB/sec), 214.4 ms avg latency, 910.0 ms max latency.
699 records sent, 139.7 records/sec (13.64 MB/sec), 31.2 ms avg latency, 132.0 ms max latency.
765 records sent, 152.7 records/sec (14.91 MB/sec), 39.4 ms avg latency, 226.0 ms max latency.
858 records sent, 171.6 records/sec (16.76 MB/sec), 72.0 ms avg latency, 390.0 ms max latency.
818 records sent, 163.3 records/sec (15.95 MB/sec), 26.9 ms avg latency, 134.0 ms max latency.
795 records sent, 159.0 records/sec (15.52 MB/sec), 22.9 ms avg latency, 110.0 ms max latency.
798 records sent, 159.5 records/sec (15.58 MB/sec), 20.3 ms avg latency, 72.0 ms max latency.
784 records sent, 156.6 records/sec (15.29 MB/sec), 21.4 ms avg latency, 105.0 ms max latency.
812 records sent, 162.4 records/sec (15.86 MB/sec), 23.8 ms avg latency, 113.0 ms max latency.
823 records sent, 163.9 records/sec (16.01 MB/sec), 18.0 ms avg latency, 95.0 ms max latency.
839 records sent, 167.6 records/sec (16.37 MB/sec), 19.6 ms avg latency, 92.0 ms max latency.
860 records sent, 171.7 records/sec (16.77 MB/sec), 73.9 ms avg latency, 523.0 ms max latency.
881 records sent, 175.9 records/sec (17.18 MB/sec), 30.0 ms avg latency, 408.0 ms max latency.
952 records sent, 190.1 records/sec (18.56 MB/sec), 25.9 ms avg latency, 199.0 ms max latency.
982 records sent, 196.0 records/sec (19.14 MB/sec), 71.0 ms avg latency, 451.0 ms max latency.
818 records sent, 163.6 records/sec (15.98 MB/sec), 14.7 ms avg latency, 67.0 ms max latency.
885 records sent, 176.9 records/sec (17.27 MB/sec), 20.3 ms avg latency, 136.0 ms max latency.
899 records sent, 179.7 records/sec (17.55 MB/sec), 15.6 ms avg latency, 65.0 ms max latency.
16667 records sent, 146.646840 records/sec (14.32 MB/sec), 250.16 ms avg latency, 7416.00 ms max latency, 20 ms 50th, 1822 ms 95th, 4667 ms 99th, 5513 ms 99.9th.
----- /var/lib/kafka-client/results/security-overhead-final-factorial-tls-b5-rf3-isr3-msg102400-tps1000-batch131072-acksall-prod6-compnone-trial2/producer-perf-3.log -----
producer_index=3
producer_count=6
producer_records=16667
producer_throughput=167
1 records sent, 0.1 records/sec (0.01 MB/sec), 1649.0 ms avg latency, 1649.0 ms max latency.
154 records sent, 30.6 records/sec (2.99 MB/sec), 4263.8 ms avg latency, 7265.0 ms max latency.
503 records sent, 100.4 records/sec (9.81 MB/sec), 3701.4 ms avg latency, 6649.0 ms max latency.
890 records sent, 177.5 records/sec (17.34 MB/sec), 1193.4 ms avg latency, 2084.0 ms max latency.
779 records sent, 155.6 records/sec (15.19 MB/sec), 103.5 ms avg latency, 597.0 ms max latency.
682 records sent, 136.3 records/sec (13.31 MB/sec), 38.3 ms avg latency, 198.0 ms max latency.
696 records sent, 138.6 records/sec (13.54 MB/sec), 30.0 ms avg latency, 115.0 ms max latency.
792 records sent, 158.2 records/sec (15.45 MB/sec), 25.7 ms avg latency, 123.0 ms max latency.
767 records sent, 153.4 records/sec (14.98 MB/sec), 21.1 ms avg latency, 57.0 ms max latency.
813 records sent, 162.4 records/sec (15.86 MB/sec), 19.0 ms avg latency, 83.0 ms max latency.
789 records sent, 157.4 records/sec (15.37 MB/sec), 20.9 ms avg latency, 112.0 ms max latency.
804 records sent, 160.7 records/sec (15.69 MB/sec), 26.1 ms avg latency, 189.0 ms max latency.
796 records sent, 159.0 records/sec (15.53 MB/sec), 17.1 ms avg latency, 72.0 ms max latency.
817 records sent, 163.3 records/sec (15.95 MB/sec), 17.1 ms avg latency, 91.0 ms max latency.
853 records sent, 170.3 records/sec (16.63 MB/sec), 16.5 ms avg latency, 69.0 ms max latency.
798 records sent, 159.3 records/sec (15.56 MB/sec), 68.1 ms avg latency, 594.0 ms max latency.
852 records sent, 170.4 records/sec (16.64 MB/sec), 37.9 ms avg latency, 374.0 ms max latency.
823 records sent, 164.5 records/sec (16.07 MB/sec), 18.5 ms avg latency, 70.0 ms max latency.
848 records sent, 169.5 records/sec (16.56 MB/sec), 16.2 ms avg latency, 59.0 ms max latency.
829 records sent, 165.6 records/sec (16.17 MB/sec), 20.2 ms avg latency, 113.0 ms max latency.
858 records sent, 171.2 records/sec (16.72 MB/sec), 15.6 ms avg latency, 70.0 ms max latency.
935 records sent, 187.0 records/sec (18.26 MB/sec), 17.4 ms avg latency, 97.0 ms max latency.
16667 records sent, 144.752955 records/sec (14.14 MB/sec), 240.89 ms avg latency, 7265.00 ms max latency, 18 ms 50th, 1549 ms 95th, 4722 ms 99th, 6105 ms 99.9th.
----- /var/lib/kafka-client/results/security-overhead-final-factorial-tls-b5-rf3-isr3-msg102400-tps1000-batch131072-acksall-prod6-compnone-trial2/producer-perf-4.log -----
producer_index=4
producer_count=6
producer_records=16667
producer_throughput=167
1 records sent, 0.1 records/sec (0.01 MB/sec), 2129.0 ms avg latency, 2129.0 ms max latency.
207 records sent, 40.8 records/sec (3.98 MB/sec), 4034.5 ms avg latency, 8430.0 ms max latency.
305 records sent, 60.6 records/sec (5.91 MB/sec), 4431.2 ms avg latency, 5472.0 ms max latency.
478 records sent, 95.3 records/sec (9.30 MB/sec), 3528.6 ms avg latency, 5120.0 ms max latency.
901 records sent, 179.6 records/sec (17.53 MB/sec), 806.5 ms avg latency, 1760.0 ms max latency.
794 records sent, 158.7 records/sec (15.50 MB/sec), 49.0 ms avg latency, 259.0 ms max latency.
800 records sent, 159.7 records/sec (15.60 MB/sec), 56.4 ms avg latency, 379.0 ms max latency.
810 records sent, 161.9 records/sec (15.81 MB/sec), 64.6 ms avg latency, 352.0 ms max latency.
765 records sent, 152.8 records/sec (14.92 MB/sec), 21.0 ms avg latency, 93.0 ms max latency.
807 records sent, 161.1 records/sec (15.73 MB/sec), 18.8 ms avg latency, 80.0 ms max latency.
848 records sent, 169.5 records/sec (16.55 MB/sec), 29.2 ms avg latency, 218.0 ms max latency.
858 records sent, 171.1 records/sec (16.71 MB/sec), 20.9 ms avg latency, 98.0 ms max latency.
817 records sent, 163.3 records/sec (15.95 MB/sec), 19.0 ms avg latency, 93.0 ms max latency.
821 records sent, 163.8 records/sec (16.00 MB/sec), 20.6 ms avg latency, 103.0 ms max latency.
770 records sent, 153.7 records/sec (15.01 MB/sec), 18.0 ms avg latency, 103.0 ms max latency.
913 records sent, 182.2 records/sec (17.80 MB/sec), 88.5 ms avg latency, 577.0 ms max latency.
813 records sent, 162.5 records/sec (15.87 MB/sec), 20.4 ms avg latency, 141.0 ms max latency.
905 records sent, 180.6 records/sec (17.64 MB/sec), 22.1 ms avg latency, 86.0 ms max latency.
856 records sent, 171.2 records/sec (16.72 MB/sec), 17.8 ms avg latency, 71.0 ms max latency.
826 records sent, 165.0 records/sec (16.11 MB/sec), 16.0 ms avg latency, 96.0 ms max latency.
919 records sent, 183.5 records/sec (17.92 MB/sec), 19.4 ms avg latency, 101.0 ms max latency.
997 records sent, 199.3 records/sec (19.46 MB/sec), 20.8 ms avg latency, 120.0 ms max latency.
16667 records sent, 144.642408 records/sec (14.13 MB/sec), 302.92 ms avg latency, 8430.00 ms max latency, 19 ms 50th, 2886 ms 95th, 4680 ms 99th, 5217 ms 99.9th.
----- /var/lib/kafka-client/results/security-overhead-final-factorial-tls-b5-rf3-isr3-msg102400-tps1000-batch131072-acksall-prod6-compnone-trial2/producer-perf-5.log -----
producer_index=5
producer_count=6
producer_records=16666
producer_throughput=166
1 records sent, 0.1 records/sec (0.01 MB/sec), 7885.0 ms avg latency, 7885.0 ms max latency.
155 records sent, 30.3 records/sec (2.96 MB/sec), 4021.9 ms avg latency, 5533.0 ms max latency.
329 records sent, 64.9 records/sec (6.34 MB/sec), 4702.2 ms avg latency, 5867.0 ms max latency.
323 records sent, 63.9 records/sec (6.24 MB/sec), 4293.1 ms avg latency, 5054.0 ms max latency.
869 records sent, 173.3 records/sec (16.93 MB/sec), 1426.1 ms avg latency, 4317.0 ms max latency.
689 records sent, 137.6 records/sec (13.44 MB/sec), 34.3 ms avg latency, 219.0 ms max latency.
704 records sent, 140.7 records/sec (13.74 MB/sec), 40.3 ms avg latency, 179.0 ms max latency.
733 records sent, 146.2 records/sec (14.27 MB/sec), 29.2 ms avg latency, 172.0 ms max latency.
787 records sent, 157.4 records/sec (15.37 MB/sec), 30.1 ms avg latency, 255.0 ms max latency.
851 records sent, 169.9 records/sec (16.59 MB/sec), 32.3 ms avg latency, 241.0 ms max latency.
776 records sent, 154.9 records/sec (15.13 MB/sec), 22.6 ms avg latency, 138.0 ms max latency.
761 records sent, 152.2 records/sec (14.86 MB/sec), 21.8 ms avg latency, 152.0 ms max latency.
809 records sent, 161.8 records/sec (15.80 MB/sec), 18.7 ms avg latency, 85.0 ms max latency.
802 records sent, 160.1 records/sec (15.64 MB/sec), 18.9 ms avg latency, 93.0 ms max latency.
855 records sent, 170.9 records/sec (16.69 MB/sec), 28.3 ms avg latency, 172.0 ms max latency.
803 records sent, 160.5 records/sec (15.68 MB/sec), 79.6 ms avg latency, 601.0 ms max latency.
862 records sent, 172.4 records/sec (16.84 MB/sec), 21.5 ms avg latency, 139.0 ms max latency.
858 records sent, 171.4 records/sec (16.73 MB/sec), 17.8 ms avg latency, 82.0 ms max latency.
843 records sent, 168.6 records/sec (16.46 MB/sec), 19.1 ms avg latency, 90.0 ms max latency.
901 records sent, 180.2 records/sec (17.60 MB/sec), 28.8 ms avg latency, 180.0 ms max latency.
842 records sent, 168.3 records/sec (16.44 MB/sec), 18.3 ms avg latency, 84.0 ms max latency.
844 records sent, 168.5 records/sec (16.46 MB/sec), 14.2 ms avg latency, 59.0 ms max latency.
16666 records sent, 143.611750 records/sec (14.02 MB/sec), 311.78 ms avg latency, 7885.00 ms max latency, 18 ms 50th, 3471 ms 95th, 4899 ms 99th, 5691 ms 99.9th.
----- /var/lib/kafka-client/results/security-overhead-final-factorial-tls-b5-rf3-isr3-msg102400-tps1000-batch131072-acksall-prod6-compnone-trial2/producer-perf-6.log -----
producer_index=6
producer_count=6
producer_records=16666
producer_throughput=166
1 records sent, 0.1 records/sec (0.01 MB/sec), 7843.0 ms avg latency, 7843.0 ms max latency.
263 records sent, 52.0 records/sec (5.08 MB/sec), 4433.1 ms avg latency, 5418.0 ms max latency.
633 records sent, 126.5 records/sec (12.36 MB/sec), 2344.9 ms avg latency, 5375.0 ms max latency.
986 records sent, 197.2 records/sec (19.26 MB/sec), 1052.7 ms avg latency, 1890.0 ms max latency.
786 records sent, 156.9 records/sec (15.32 MB/sec), 73.3 ms avg latency, 501.0 ms max latency.
645 records sent, 128.8 records/sec (12.58 MB/sec), 30.7 ms avg latency, 201.0 ms max latency.
693 records sent, 138.5 records/sec (13.53 MB/sec), 30.0 ms avg latency, 129.0 ms max latency.
704 records sent, 140.8 records/sec (13.75 MB/sec), 23.9 ms avg latency, 118.0 ms max latency.
792 records sent, 158.2 records/sec (15.45 MB/sec), 28.9 ms avg latency, 171.0 ms max latency.
826 records sent, 164.9 records/sec (16.10 MB/sec), 22.2 ms avg latency, 111.0 ms max latency.
869 records sent, 173.7 records/sec (16.97 MB/sec), 20.3 ms avg latency, 109.0 ms max latency.
837 records sent, 167.4 records/sec (16.35 MB/sec), 18.6 ms avg latency, 88.0 ms max latency.
839 records sent, 167.8 records/sec (16.39 MB/sec), 17.5 ms avg latency, 79.0 ms max latency.
900 records sent, 179.9 records/sec (17.56 MB/sec), 21.9 ms avg latency, 159.0 ms max latency.
817 records sent, 163.1 records/sec (15.93 MB/sec), 17.7 ms avg latency, 84.0 ms max latency.
903 records sent, 178.3 records/sec (17.41 MB/sec), 75.1 ms avg latency, 597.0 ms max latency.
896 records sent, 178.6 records/sec (17.44 MB/sec), 19.1 ms avg latency, 94.0 ms max latency.
846 records sent, 169.1 records/sec (16.51 MB/sec), 23.3 ms avg latency, 145.0 ms max latency.
811 records sent, 162.2 records/sec (15.84 MB/sec), 15.3 ms avg latency, 58.0 ms max latency.
955 records sent, 190.9 records/sec (18.64 MB/sec), 26.1 ms avg latency, 164.0 ms max latency.
917 records sent, 183.3 records/sec (17.90 MB/sec), 19.4 ms avg latency, 98.0 ms max latency.
16666 records sent, 148.260831 records/sec (14.48 MB/sec), 246.33 ms avg latency, 7843.00 ms max latency, 19 ms 50th, 1709 ms 95th, 4479 ms 99th, 5093 ms 99.9th.
