run_id=security-overhead-final-factorial-tls-b5-rf5-isr4-msg102400-tps10000-batch131072-acks1-prod12-compnone-trial3
producer_count=12
----- /var/lib/kafka-client/results/security-overhead-final-factorial-tls-b5-rf5-isr4-msg102400-tps10000-batch131072-acks1-prod12-compnone-trial3/producer-perf-1.log -----
producer_index=1
producer_count=12
producer_records=8334
producer_throughput=834
1 records sent, 0.1 records/sec (0.01 MB/sec), 18099.0 ms avg latency, 18099.0 ms max latency.
70 records sent, 13.2 records/sec (1.28 MB/sec), 7015.0 ms avg latency, 8449.0 ms max latency.
96 records sent, 18.6 records/sec (1.82 MB/sec), 10049.3 ms avg latency, 12235.0 ms max latency.
168 records sent, 32.8 records/sec (3.20 MB/sec), 11471.8 ms avg latency, 13162.0 ms max latency.
137 records sent, 27.3 records/sec (2.67 MB/sec), 9047.3 ms avg latency, 10630.0 ms max latency.
144 records sent, 28.1 records/sec (2.75 MB/sec), 8997.9 ms avg latency, 10304.0 ms max latency.
192 records sent, 38.4 records/sec (3.75 MB/sec), 8608.1 ms avg latency, 10489.0 ms max latency.
416 records sent, 82.8 records/sec (8.08 MB/sec), 4089.2 ms avg latency, 7908.0 ms max latency.
444 records sent, 88.4 records/sec (8.63 MB/sec), 1815.4 ms avg latency, 2798.0 ms max latency.
407 records sent, 81.0 records/sec (7.91 MB/sec), 414.8 ms avg latency, 1325.0 ms max latency.
320 records sent, 63.8 records/sec (6.23 MB/sec), 106.2 ms avg latency, 358.0 ms max latency.
346 records sent, 69.2 records/sec (6.76 MB/sec), 72.9 ms avg latency, 296.0 ms max latency.
382 records sent, 76.2 records/sec (7.44 MB/sec), 50.4 ms avg latency, 141.0 ms max latency.
335 records sent, 66.9 records/sec (6.53 MB/sec), 82.8 ms avg latency, 330.0 ms max latency.
335 records sent, 66.6 records/sec (6.51 MB/sec), 73.3 ms avg latency, 254.0 ms max latency.
364 records sent, 72.7 records/sec (7.10 MB/sec), 94.2 ms avg latency, 400.0 ms max latency.
351 records sent, 69.9 records/sec (6.82 MB/sec), 46.1 ms avg latency, 158.0 ms max latency.
389 records sent, 77.4 records/sec (7.56 MB/sec), 60.7 ms avg latency, 289.0 ms max latency.
373 records sent, 74.2 records/sec (7.25 MB/sec), 79.9 ms avg latency, 321.0 ms max latency.
402 records sent, 80.2 records/sec (7.84 MB/sec), 90.1 ms avg latency, 296.0 ms max latency.
396 records sent, 78.6 records/sec (7.68 MB/sec), 61.5 ms avg latency, 180.0 ms max latency.
392 records sent, 78.3 records/sec (7.65 MB/sec), 71.1 ms avg latency, 258.0 ms max latency.
380 records sent, 75.8 records/sec (7.40 MB/sec), 76.7 ms avg latency, 336.0 ms max latency.
419 records sent, 83.6 records/sec (8.17 MB/sec), 76.8 ms avg latency, 278.0 ms max latency.
367 records sent, 73.2 records/sec (7.15 MB/sec), 52.7 ms avg latency, 147.0 ms max latency.
506 records sent, 101.0 records/sec (9.87 MB/sec), 43.5 ms avg latency, 194.0 ms max latency.
8334 records sent, 56.945289 records/sec (5.56 MB/sec), 1283.30 ms avg latency, 18099.00 ms max latency, 70 ms 50th, 9043 ms 95th, 11679 ms 99th, 12845 ms 99.9th.
----- /var/lib/kafka-client/results/security-overhead-final-factorial-tls-b5-rf5-isr4-msg102400-tps10000-batch131072-acks1-prod12-compnone-trial3/producer-perf-2.log -----
producer_index=2
producer_count=12
producer_records=8334
producer_throughput=834
[2026-04-25 14:24:31,910] WARN [Producer clientId=perf-producer-client] Bootstrap broker 10.20.1.53:9094 (id: -5 rack: null) disconnected (org.apache.kafka.clients.NetworkClient)
1 records sent, 0.1 records/sec (0.01 MB/sec), 18443.0 ms avg latency, 18443.0 ms max latency.
57 records sent, 10.7 records/sec (1.05 MB/sec), 6845.5 ms avg latency, 9065.0 ms max latency.
162 records sent, 31.8 records/sec (3.10 MB/sec), 9499.2 ms avg latency, 10369.0 ms max latency.
172 records sent, 34.2 records/sec (3.34 MB/sec), 8275.6 ms avg latency, 11717.0 ms max latency.
156 records sent, 30.0 records/sec (2.93 MB/sec), 7609.4 ms avg latency, 8746.0 ms max latency.
180 records sent, 34.9 records/sec (3.41 MB/sec), 8142.3 ms avg latency, 9194.0 ms max latency.
335 records sent, 66.6 records/sec (6.50 MB/sec), 5484.8 ms avg latency, 8800.0 ms max latency.
436 records sent, 86.0 records/sec (8.40 MB/sec), 2607.4 ms avg latency, 3477.0 ms max latency.
466 records sent, 92.7 records/sec (9.05 MB/sec), 705.5 ms avg latency, 1984.0 ms max latency.
339 records sent, 66.7 records/sec (6.52 MB/sec), 113.5 ms avg latency, 404.0 ms max latency.
372 records sent, 74.4 records/sec (7.26 MB/sec), 102.5 ms avg latency, 427.0 ms max latency.
341 records sent, 68.0 records/sec (6.64 MB/sec), 84.0 ms avg latency, 210.0 ms max latency.
343 records sent, 68.3 records/sec (6.67 MB/sec), 62.8 ms avg latency, 168.0 ms max latency.
336 records sent, 66.9 records/sec (6.54 MB/sec), 68.6 ms avg latency, 236.0 ms max latency.
354 records sent, 70.4 records/sec (6.88 MB/sec), 93.9 ms avg latency, 290.0 ms max latency.
362 records sent, 72.2 records/sec (7.05 MB/sec), 95.2 ms avg latency, 283.0 ms max latency.
346 records sent, 69.2 records/sec (6.76 MB/sec), 58.7 ms avg latency, 244.0 ms max latency.
352 records sent, 70.1 records/sec (6.84 MB/sec), 57.2 ms avg latency, 239.0 ms max latency.
368 records sent, 73.6 records/sec (7.19 MB/sec), 83.5 ms avg latency, 287.0 ms max latency.
361 records sent, 71.4 records/sec (6.97 MB/sec), 46.3 ms avg latency, 185.0 ms max latency.
375 records sent, 74.7 records/sec (7.30 MB/sec), 48.2 ms avg latency, 184.0 ms max latency.
430 records sent, 84.8 records/sec (8.29 MB/sec), 116.3 ms avg latency, 531.0 ms max latency.
374 records sent, 74.7 records/sec (7.29 MB/sec), 43.3 ms avg latency, 147.0 ms max latency.
369 records sent, 73.5 records/sec (7.18 MB/sec), 39.0 ms avg latency, 239.0 ms max latency.
428 records sent, 84.9 records/sec (8.29 MB/sec), 162.9 ms avg latency, 945.0 ms max latency.
8334 records sent, 57.416861 records/sec (5.61 MB/sec), 1183.57 ms avg latency, 18443.00 ms max latency, 76 ms 50th, 8015 ms 95th, 9907 ms 99th, 10644 ms 99.9th.
----- /var/lib/kafka-client/results/security-overhead-final-factorial-tls-b5-rf5-isr4-msg102400-tps10000-batch131072-acks1-prod12-compnone-trial3/producer-perf-3.log -----
producer_index=3
producer_count=12
producer_records=8334
producer_throughput=834
1 records sent, 0.1 records/sec (0.01 MB/sec), 5826.0 ms avg latency, 5826.0 ms max latency.
67 records sent, 13.0 records/sec (1.27 MB/sec), 8261.5 ms avg latency, 18695.0 ms max latency.
96 records sent, 19.0 records/sec (1.86 MB/sec), 11040.0 ms avg latency, 13379.0 ms max latency.
156 records sent, 30.9 records/sec (3.02 MB/sec), 12130.5 ms avg latency, 14367.0 ms max latency.
322 records sent, 64.4 records/sec (6.29 MB/sec), 6056.6 ms avg latency, 11130.0 ms max latency.
372 records sent, 74.1 records/sec (7.23 MB/sec), 3676.9 ms avg latency, 4267.0 ms max latency.
416 records sent, 82.9 records/sec (8.10 MB/sec), 2847.7 ms avg latency, 3514.0 ms max latency.
446 records sent, 88.8 records/sec (8.67 MB/sec), 2104.1 ms avg latency, 2758.0 ms max latency.
431 records sent, 86.0 records/sec (8.40 MB/sec), 843.8 ms avg latency, 2110.0 ms max latency.
338 records sent, 67.5 records/sec (6.60 MB/sec), 107.0 ms avg latency, 346.0 ms max latency.
320 records sent, 63.7 records/sec (6.22 MB/sec), 80.6 ms avg latency, 332.0 ms max latency.
330 records sent, 65.8 records/sec (6.43 MB/sec), 80.2 ms avg latency, 273.0 ms max latency.
374 records sent, 74.8 records/sec (7.30 MB/sec), 86.7 ms avg latency, 336.0 ms max latency.
374 records sent, 74.4 records/sec (7.26 MB/sec), 99.3 ms avg latency, 474.0 ms max latency.
359 records sent, 71.6 records/sec (6.99 MB/sec), 57.1 ms avg latency, 263.0 ms max latency.
363 records sent, 72.5 records/sec (7.08 MB/sec), 71.6 ms avg latency, 273.0 ms max latency.
370 records sent, 73.7 records/sec (7.20 MB/sec), 55.8 ms avg latency, 238.0 ms max latency.
379 records sent, 75.6 records/sec (7.38 MB/sec), 47.9 ms avg latency, 157.0 ms max latency.
371 records sent, 73.9 records/sec (7.22 MB/sec), 72.0 ms avg latency, 315.0 ms max latency.
394 records sent, 78.0 records/sec (7.62 MB/sec), 65.6 ms avg latency, 231.0 ms max latency.
387 records sent, 77.4 records/sec (7.56 MB/sec), 69.0 ms avg latency, 224.0 ms max latency.
389 records sent, 77.7 records/sec (7.59 MB/sec), 60.6 ms avg latency, 253.0 ms max latency.
366 records sent, 73.0 records/sec (7.12 MB/sec), 53.9 ms avg latency, 332.0 ms max latency.
385 records sent, 76.9 records/sec (7.51 MB/sec), 52.2 ms avg latency, 185.0 ms max latency.
366 records sent, 73.0 records/sec (7.12 MB/sec), 48.5 ms avg latency, 186.0 ms max latency.
8334 records sent, 58.494473 records/sec (5.71 MB/sec), 1166.99 ms avg latency, 18695.00 ms max latency, 75 ms 50th, 6779 ms 95th, 12443 ms 99th, 14051 ms 99.9th.
----- /var/lib/kafka-client/results/security-overhead-final-factorial-tls-b5-rf5-isr4-msg102400-tps10000-batch131072-acks1-prod12-compnone-trial3/producer-perf-4.log -----
producer_index=4
producer_count=12
producer_records=8334
producer_throughput=834
[2026-04-25 14:24:32,274] WARN [Producer clientId=perf-producer-client] Bootstrap broker 10.20.1.91:9094 (id: -3 rack: null) disconnected (org.apache.kafka.clients.NetworkClient)
1 records sent, 0.1 records/sec (0.01 MB/sec), 18597.0 ms avg latency, 18597.0 ms max latency.
59 records sent, 11.6 records/sec (1.13 MB/sec), 7164.3 ms avg latency, 8983.0 ms max latency.
156 records sent, 31.0 records/sec (3.03 MB/sec), 9513.8 ms avg latency, 10759.0 ms max latency.
270 records sent, 53.6 records/sec (5.23 MB/sec), 7065.9 ms avg latency, 11368.0 ms max latency.
304 records sent, 60.0 records/sec (5.86 MB/sec), 4095.0 ms avg latency, 5113.0 ms max latency.
390 records sent, 77.2 records/sec (7.54 MB/sec), 3674.4 ms avg latency, 4550.0 ms max latency.
454 records sent, 90.7 records/sec (8.86 MB/sec), 2235.9 ms avg latency, 3287.0 ms max latency.
432 records sent, 85.4 records/sec (8.34 MB/sec), 594.0 ms avg latency, 1911.0 ms max latency.
351 records sent, 70.2 records/sec (6.85 MB/sec), 79.9 ms avg latency, 234.0 ms max latency.
340 records sent, 67.4 records/sec (6.59 MB/sec), 70.4 ms avg latency, 228.0 ms max latency.
345 records sent, 68.4 records/sec (6.68 MB/sec), 54.9 ms avg latency, 252.0 ms max latency.
333 records sent, 66.3 records/sec (6.48 MB/sec), 63.4 ms avg latency, 237.0 ms max latency.
367 records sent, 73.2 records/sec (7.15 MB/sec), 73.5 ms avg latency, 292.0 ms max latency.
341 records sent, 68.2 records/sec (6.66 MB/sec), 75.8 ms avg latency, 242.0 ms max latency.
379 records sent, 75.6 records/sec (7.38 MB/sec), 210.9 ms avg latency, 810.0 ms max latency.
390 records sent, 77.7 records/sec (7.59 MB/sec), 89.6 ms avg latency, 380.0 ms max latency.
357 records sent, 71.3 records/sec (6.96 MB/sec), 54.7 ms avg latency, 183.0 ms max latency.
384 records sent, 76.5 records/sec (7.47 MB/sec), 62.2 ms avg latency, 218.0 ms max latency.
384 records sent, 76.8 records/sec (7.50 MB/sec), 102.4 ms avg latency, 326.0 ms max latency.
373 records sent, 74.4 records/sec (7.26 MB/sec), 63.6 ms avg latency, 275.0 ms max latency.
347 records sent, 69.0 records/sec (6.74 MB/sec), 54.7 ms avg latency, 137.0 ms max latency.
415 records sent, 82.3 records/sec (8.04 MB/sec), 78.4 ms avg latency, 357.0 ms max latency.
361 records sent, 72.1 records/sec (7.04 MB/sec), 68.1 ms avg latency, 323.0 ms max latency.
409 records sent, 81.4 records/sec (7.95 MB/sec), 60.5 ms avg latency, 277.0 ms max latency.
388 records sent, 77.4 records/sec (7.55 MB/sec), 50.9 ms avg latency, 200.0 ms max latency.
8334 records sent, 59.330661 records/sec (5.79 MB/sec), 992.30 ms avg latency, 18597.00 ms max latency, 76 ms 50th, 5257 ms 95th, 9892 ms 99th, 10782 ms 99.9th.
----- /var/lib/kafka-client/results/security-overhead-final-factorial-tls-b5-rf5-isr4-msg102400-tps10000-batch131072-acks1-prod12-compnone-trial3/producer-perf-5.log -----
producer_index=5
producer_count=12
producer_records=8333
producer_throughput=833
1 records sent, 0.1 records/sec (0.01 MB/sec), 5632.0 ms avg latency, 5632.0 ms max latency.
67 records sent, 12.8 records/sec (1.25 MB/sec), 8105.8 ms avg latency, 18457.0 ms max latency.
84 records sent, 16.7 records/sec (1.63 MB/sec), 10858.4 ms avg latency, 13567.0 ms max latency.
138 records sent, 26.7 records/sec (2.61 MB/sec), 13262.1 ms avg latency, 15316.0 ms max latency.
246 records sent, 48.6 records/sec (4.75 MB/sec), 8628.3 ms avg latency, 13593.0 ms max latency.
315 records sent, 61.1 records/sec (5.97 MB/sec), 4408.0 ms avg latency, 6243.0 ms max latency.
444 records sent, 88.6 records/sec (8.65 MB/sec), 3232.0 ms avg latency, 4249.0 ms max latency.
436 records sent, 86.9 records/sec (8.48 MB/sec), 2274.3 ms avg latency, 2836.0 ms max latency.
466 records sent, 93.1 records/sec (9.09 MB/sec), 1025.9 ms avg latency, 2081.0 ms max latency.
335 records sent, 66.9 records/sec (6.54 MB/sec), 90.7 ms avg latency, 391.0 ms max latency.
349 records sent, 69.4 records/sec (6.77 MB/sec), 85.2 ms avg latency, 266.0 ms max latency.
369 records sent, 73.2 records/sec (7.15 MB/sec), 55.0 ms avg latency, 183.0 ms max latency.
375 records sent, 75.0 records/sec (7.32 MB/sec), 62.9 ms avg latency, 155.0 ms max latency.
350 records sent, 69.5 records/sec (6.79 MB/sec), 79.5 ms avg latency, 366.0 ms max latency.
358 records sent, 71.4 records/sec (6.97 MB/sec), 65.0 ms avg latency, 241.0 ms max latency.
355 records sent, 70.1 records/sec (6.84 MB/sec), 69.2 ms avg latency, 239.0 ms max latency.
375 records sent, 75.0 records/sec (7.32 MB/sec), 86.5 ms avg latency, 420.0 ms max latency.
345 records sent, 68.8 records/sec (6.72 MB/sec), 68.6 ms avg latency, 250.0 ms max latency.
393 records sent, 78.5 records/sec (7.67 MB/sec), 95.2 ms avg latency, 353.0 ms max latency.
385 records sent, 76.7 records/sec (7.49 MB/sec), 48.6 ms avg latency, 259.0 ms max latency.
348 records sent, 69.2 records/sec (6.76 MB/sec), 54.1 ms avg latency, 202.0 ms max latency.
432 records sent, 85.9 records/sec (8.39 MB/sec), 163.3 ms avg latency, 545.0 ms max latency.
356 records sent, 71.0 records/sec (6.93 MB/sec), 50.2 ms avg latency, 153.0 ms max latency.
356 records sent, 71.1 records/sec (6.94 MB/sec), 40.8 ms avg latency, 141.0 ms max latency.
349 records sent, 69.6 records/sec (6.79 MB/sec), 47.7 ms avg latency, 157.0 ms max latency.
8333 records sent, 57.995323 records/sec (5.66 MB/sec), 1218.39 ms avg latency, 18457.00 ms max latency, 74 ms 50th, 7470 ms 95th, 13156 ms 99th, 14763 ms 99.9th.
----- /var/lib/kafka-client/results/security-overhead-final-factorial-tls-b5-rf5-isr4-msg102400-tps10000-batch131072-acks1-prod12-compnone-trial3/producer-perf-6.log -----
producer_index=6
producer_count=12
producer_records=8333
producer_throughput=833
1 records sent, 0.1 records/sec (0.01 MB/sec), 16154.0 ms avg latency, 16154.0 ms max latency.
41 records sent, 8.0 records/sec (0.78 MB/sec), 6874.2 ms avg latency, 8211.0 ms max latency.
90 records sent, 18.0 records/sec (1.76 MB/sec), 9491.9 ms avg latency, 11481.0 ms max latency.
174 records sent, 34.1 records/sec (3.33 MB/sec), 11546.3 ms avg latency, 12697.0 ms max latency.
270 records sent, 53.3 records/sec (5.21 MB/sec), 6451.2 ms avg latency, 10494.0 ms max latency.
339 records sent, 67.6 records/sec (6.60 MB/sec), 4096.8 ms avg latency, 5176.0 ms max latency.
373 records sent, 74.1 records/sec (7.24 MB/sec), 3464.6 ms avg latency, 4142.0 ms max latency.
402 records sent, 80.1 records/sec (7.82 MB/sec), 3165.1 ms avg latency, 3618.0 ms max latency.
431 records sent, 85.7 records/sec (8.37 MB/sec), 2707.9 ms avg latency, 3352.0 ms max latency.
478 records sent, 94.8 records/sec (9.26 MB/sec), 1398.2 ms avg latency, 2857.0 ms max latency.
352 records sent, 70.3 records/sec (6.86 MB/sec), 150.1 ms avg latency, 750.0 ms max latency.
341 records sent, 68.0 records/sec (6.64 MB/sec), 71.2 ms avg latency, 211.0 ms max latency.
347 records sent, 69.2 records/sec (6.76 MB/sec), 74.1 ms avg latency, 225.0 ms max latency.
373 records sent, 74.5 records/sec (7.27 MB/sec), 97.5 ms avg latency, 287.0 ms max latency.
361 records sent, 72.0 records/sec (7.03 MB/sec), 88.5 ms avg latency, 243.0 ms max latency.
374 records sent, 74.3 records/sec (7.26 MB/sec), 85.2 ms avg latency, 391.0 ms max latency.
342 records sent, 68.1 records/sec (6.65 MB/sec), 72.2 ms avg latency, 233.0 ms max latency.
390 records sent, 78.0 records/sec (7.62 MB/sec), 85.0 ms avg latency, 359.0 ms max latency.
429 records sent, 85.8 records/sec (8.38 MB/sec), 186.4 ms avg latency, 680.0 ms max latency.
366 records sent, 73.1 records/sec (7.14 MB/sec), 90.5 ms avg latency, 326.0 ms max latency.
387 records sent, 77.3 records/sec (7.55 MB/sec), 77.2 ms avg latency, 277.0 ms max latency.
374 records sent, 74.7 records/sec (7.29 MB/sec), 64.2 ms avg latency, 231.0 ms max latency.
358 records sent, 71.5 records/sec (6.98 MB/sec), 40.5 ms avg latency, 138.0 ms max latency.
374 records sent, 74.3 records/sec (7.25 MB/sec), 53.6 ms avg latency, 212.0 ms max latency.
354 records sent, 70.4 records/sec (6.88 MB/sec), 40.4 ms avg latency, 115.0 ms max latency.
8333 records sent, 59.235827 records/sec (5.78 MB/sec), 1342.61 ms avg latency, 16154.00 ms max latency, 101 ms 50th, 5993 ms 95th, 11875 ms 99th, 12532 ms 99.9th.
----- /var/lib/kafka-client/results/security-overhead-final-factorial-tls-b5-rf5-isr4-msg102400-tps10000-batch131072-acks1-prod12-compnone-trial3/producer-perf-7.log -----
producer_index=7
producer_count=12
producer_records=8333
producer_throughput=833
1 records sent, 0.1 records/sec (0.01 MB/sec), 5679.0 ms avg latency, 5679.0 ms max latency.
68 records sent, 13.1 records/sec (1.28 MB/sec), 8137.3 ms avg latency, 17823.0 ms max latency.
114 records sent, 22.7 records/sec (2.22 MB/sec), 11196.5 ms avg latency, 12996.0 ms max latency.
162 records sent, 31.5 records/sec (3.08 MB/sec), 11465.1 ms avg latency, 15292.0 ms max latency.
150 records sent, 29.0 records/sec (2.83 MB/sec), 8684.1 ms avg latency, 10072.0 ms max latency.
144 records sent, 28.2 records/sec (2.76 MB/sec), 8880.5 ms avg latency, 9709.0 ms max latency.
221 records sent, 43.5 records/sec (4.25 MB/sec), 8197.2 ms avg latency, 9796.0 ms max latency.
381 records sent, 75.7 records/sec (7.39 MB/sec), 3995.8 ms avg latency, 7206.0 ms max latency.
466 records sent, 92.3 records/sec (9.02 MB/sec), 2202.5 ms avg latency, 3344.0 ms max latency.
466 records sent, 92.6 records/sec (9.04 MB/sec), 902.7 ms avg latency, 1967.0 ms max latency.
337 records sent, 66.5 records/sec (6.50 MB/sec), 90.1 ms avg latency, 239.0 ms max latency.
372 records sent, 74.2 records/sec (7.24 MB/sec), 99.4 ms avg latency, 327.0 ms max latency.
168 records sent, 33.5 records/sec (3.27 MB/sec), 64.6 ms avg latency, 208.0 ms max latency.
379 records sent, 75.7 records/sec (7.39 MB/sec), 74.5 ms avg latency, 275.0 ms max latency.
335 records sent, 65.9 records/sec (6.43 MB/sec), 56.7 ms avg latency, 211.0 ms max latency.
345 records sent, 68.3 records/sec (6.67 MB/sec), 57.7 ms avg latency, 173.0 ms max latency.
355 records sent, 70.8 records/sec (6.92 MB/sec), 73.6 ms avg latency, 237.0 ms max latency.
364 records sent, 72.7 records/sec (7.10 MB/sec), 48.9 ms avg latency, 144.0 ms max latency.
355 records sent, 70.3 records/sec (6.87 MB/sec), 74.4 ms avg latency, 318.0 ms max latency.
411 records sent, 82.0 records/sec (8.01 MB/sec), 76.6 ms avg latency, 380.0 ms max latency.
394 records sent, 78.6 records/sec (7.67 MB/sec), 89.1 ms avg latency, 343.0 ms max latency.
374 records sent, 74.6 records/sec (7.28 MB/sec), 49.3 ms avg latency, 198.0 ms max latency.
383 records sent, 76.2 records/sec (7.45 MB/sec), 62.8 ms avg latency, 342.0 ms max latency.
374 records sent, 74.4 records/sec (7.27 MB/sec), 41.4 ms avg latency, 119.0 ms max latency.
358 records sent, 71.4 records/sec (6.98 MB/sec), 50.1 ms avg latency, 138.0 ms max latency.
514 records sent, 102.6 records/sec (10.02 MB/sec), 33.6 ms avg latency, 164.0 ms max latency.
8333 records sent, 56.753094 records/sec (5.54 MB/sec), 1372.38 ms avg latency, 17823.00 ms max latency, 66 ms 50th, 9046 ms 95th, 12160 ms 99th, 14332 ms 99.9th.
----- /var/lib/kafka-client/results/security-overhead-final-factorial-tls-b5-rf5-isr4-msg102400-tps10000-batch131072-acks1-prod12-compnone-trial3/producer-perf-8.log -----
producer_index=8
producer_count=12
producer_records=8333
producer_throughput=833
1 records sent, 0.1 records/sec (0.01 MB/sec), 6135.0 ms avg latency, 6135.0 ms max latency.
70 records sent, 13.6 records/sec (1.32 MB/sec), 8424.8 ms avg latency, 18199.0 ms max latency.
180 records sent, 35.4 records/sec (3.46 MB/sec), 10855.5 ms avg latency, 12285.0 ms max latency.
162 records sent, 32.4 records/sec (3.16 MB/sec), 7694.6 ms avg latency, 12387.0 ms max latency.
156 records sent, 30.8 records/sec (3.01 MB/sec), 7694.9 ms avg latency, 8946.0 ms max latency.
155 records sent, 30.6 records/sec (2.99 MB/sec), 8590.7 ms avg latency, 9525.0 ms max latency.
413 records sent, 82.0 records/sec (8.01 MB/sec), 4772.6 ms avg latency, 9142.0 ms max latency.
460 records sent, 91.7 records/sec (8.95 MB/sec), 1954.9 ms avg latency, 2782.0 ms max latency.
419 records sent, 83.2 records/sec (8.13 MB/sec), 424.9 ms avg latency, 1365.0 ms max latency.
333 records sent, 66.5 records/sec (6.49 MB/sec), 73.0 ms avg latency, 254.0 ms max latency.
322 records sent, 64.0 records/sec (6.25 MB/sec), 104.0 ms avg latency, 355.0 ms max latency.
348 records sent, 69.5 records/sec (6.79 MB/sec), 67.8 ms avg latency, 194.0 ms max latency.
379 records sent, 75.7 records/sec (7.39 MB/sec), 79.1 ms avg latency, 372.0 ms max latency.
421 records sent, 83.9 records/sec (8.19 MB/sec), 70.5 ms avg latency, 227.0 ms max latency.
359 records sent, 71.7 records/sec (7.00 MB/sec), 81.8 ms avg latency, 224.0 ms max latency.
347 records sent, 69.4 records/sec (6.78 MB/sec), 67.7 ms avg latency, 328.0 ms max latency.
372 records sent, 74.4 records/sec (7.27 MB/sec), 59.4 ms avg latency, 206.0 ms max latency.
391 records sent, 78.0 records/sec (7.62 MB/sec), 58.3 ms avg latency, 198.0 ms max latency.
398 records sent, 79.1 records/sec (7.73 MB/sec), 82.2 ms avg latency, 303.0 ms max latency.
379 records sent, 74.4 records/sec (7.26 MB/sec), 49.9 ms avg latency, 141.0 ms max latency.
410 records sent, 81.9 records/sec (8.00 MB/sec), 94.9 ms avg latency, 483.0 ms max latency.
374 records sent, 74.6 records/sec (7.29 MB/sec), 54.0 ms avg latency, 205.0 ms max latency.
404 records sent, 80.7 records/sec (7.88 MB/sec), 60.7 ms avg latency, 294.0 ms max latency.
424 records sent, 84.6 records/sec (8.26 MB/sec), 49.7 ms avg latency, 176.0 ms max latency.
358 records sent, 71.6 records/sec (6.99 MB/sec), 36.0 ms avg latency, 104.0 ms max latency.
8333 records sent, 58.098027 records/sec (5.67 MB/sec), 1175.32 ms avg latency, 18199.00 ms max latency, 68 ms 50th, 8351 ms 95th, 10975 ms 99th, 12141 ms 99.9th.
----- /var/lib/kafka-client/results/security-overhead-final-factorial-tls-b5-rf5-isr4-msg102400-tps10000-batch131072-acks1-prod12-compnone-trial3/producer-perf-9.log -----
producer_index=9
producer_count=12
producer_records=8333
producer_throughput=833
1 records sent, 0.1 records/sec (0.00 MB/sec), 5984.0 ms avg latency, 5984.0 ms max latency.
77 records sent, 14.3 records/sec (1.40 MB/sec), 8590.1 ms avg latency, 19636.0 ms max latency.
84 records sent, 16.7 records/sec (1.63 MB/sec), 11865.7 ms avg latency, 14083.0 ms max latency.
162 records sent, 32.3 records/sec (3.15 MB/sec), 12937.6 ms avg latency, 15525.0 ms max latency.
228 records sent, 45.4 records/sec (4.43 MB/sec), 8092.3 ms avg latency, 11685.0 ms max latency.
353 records sent, 69.5 records/sec (6.79 MB/sec), 4178.2 ms avg latency, 6456.0 ms max latency.
430 records sent, 84.9 records/sec (8.29 MB/sec), 3093.4 ms avg latency, 3937.0 ms max latency.
400 records sent, 79.0 records/sec (7.71 MB/sec), 2381.5 ms avg latency, 3024.0 ms max latency.
474 records sent, 93.7 records/sec (9.15 MB/sec), 1331.5 ms avg latency, 2353.0 ms max latency.
382 records sent, 76.3 records/sec (7.45 MB/sec), 206.6 ms avg latency, 852.0 ms max latency.
308 records sent, 60.9 records/sec (5.94 MB/sec), 126.5 ms avg latency, 429.0 ms max latency.
130 records sent, 26.0 records/sec (2.54 MB/sec), 58.4 ms avg latency, 177.0 ms max latency.
377 records sent, 75.0 records/sec (7.32 MB/sec), 94.7 ms avg latency, 304.0 ms max latency.
398 records sent, 79.0 records/sec (7.72 MB/sec), 112.9 ms avg latency, 515.0 ms max latency.
349 records sent, 69.3 records/sec (6.77 MB/sec), 62.1 ms avg latency, 217.0 ms max latency.
367 records sent, 73.3 records/sec (7.16 MB/sec), 86.1 ms avg latency, 211.0 ms max latency.
351 records sent, 70.2 records/sec (6.86 MB/sec), 69.1 ms avg latency, 291.0 ms max latency.
360 records sent, 72.0 records/sec (7.03 MB/sec), 55.0 ms avg latency, 191.0 ms max latency.
355 records sent, 70.6 records/sec (6.89 MB/sec), 67.9 ms avg latency, 308.0 ms max latency.
371 records sent, 74.2 records/sec (7.24 MB/sec), 54.9 ms avg latency, 223.0 ms max latency.
409 records sent, 81.7 records/sec (7.98 MB/sec), 60.3 ms avg latency, 241.0 ms max latency.
412 records sent, 81.7 records/sec (7.98 MB/sec), 72.3 ms avg latency, 308.0 ms max latency.
375 records sent, 74.6 records/sec (7.28 MB/sec), 64.6 ms avg latency, 252.0 ms max latency.
400 records sent, 79.8 records/sec (7.79 MB/sec), 40.8 ms avg latency, 125.0 ms max latency.
350 records sent, 69.8 records/sec (6.82 MB/sec), 40.1 ms avg latency, 168.0 ms max latency.
8333 records sent, 57.108199 records/sec (5.58 MB/sec), 1256.23 ms avg latency, 19636.00 ms max latency, 79 ms 50th, 7709 ms 95th, 13472 ms 99th, 14865 ms 99.9th.
----- /var/lib/kafka-client/results/security-overhead-final-factorial-tls-b5-rf5-isr4-msg102400-tps10000-batch131072-acks1-prod12-compnone-trial3/producer-perf-10.log -----
producer_index=10
producer_count=12
producer_records=8333
producer_throughput=833
1 records sent, 0.1 records/sec (0.01 MB/sec), 16804.0 ms avg latency, 16804.0 ms max latency.
39 records sent, 7.5 records/sec (0.74 MB/sec), 7047.9 ms avg latency, 8544.0 ms max latency.
96 records sent, 18.8 records/sec (1.84 MB/sec), 9995.7 ms avg latency, 11631.0 ms max latency.
174 records sent, 34.5 records/sec (3.37 MB/sec), 11463.8 ms avg latency, 13403.0 ms max latency.
156 records sent, 30.3 records/sec (2.96 MB/sec), 7958.9 ms avg latency, 11931.0 ms max latency.
150 records sent, 28.9 records/sec (2.82 MB/sec), 8339.1 ms avg latency, 9343.0 ms max latency.
155 records sent, 30.9 records/sec (3.01 MB/sec), 8682.5 ms avg latency, 10157.0 ms max latency.
192 records sent, 38.1 records/sec (3.72 MB/sec), 8274.0 ms avg latency, 10007.0 ms max latency.
417 records sent, 83.3 records/sec (8.14 MB/sec), 3989.7 ms avg latency, 7411.0 ms max latency.
466 records sent, 92.0 records/sec (8.98 MB/sec), 1654.7 ms avg latency, 3045.0 ms max latency.
369 records sent, 73.6 records/sec (7.18 MB/sec), 210.4 ms avg latency, 1216.0 ms max latency.
343 records sent, 68.2 records/sec (6.66 MB/sec), 70.4 ms avg latency, 245.0 ms max latency.
356 records sent, 70.9 records/sec (6.92 MB/sec), 80.1 ms avg latency, 255.0 ms max latency.
376 records sent, 75.2 records/sec (7.34 MB/sec), 98.5 ms avg latency, 383.0 ms max latency.
362 records sent, 72.1 records/sec (7.04 MB/sec), 96.8 ms avg latency, 296.0 ms max latency.
325 records sent, 65.0 records/sec (6.35 MB/sec), 74.0 ms avg latency, 258.0 ms max latency.
362 records sent, 72.1 records/sec (7.04 MB/sec), 73.7 ms avg latency, 235.0 ms max latency.
404 records sent, 80.4 records/sec (7.86 MB/sec), 78.5 ms avg latency, 273.0 ms max latency.
375 records sent, 74.6 records/sec (7.28 MB/sec), 77.3 ms avg latency, 446.0 ms max latency.
386 records sent, 76.8 records/sec (7.50 MB/sec), 63.3 ms avg latency, 278.0 ms max latency.
377 records sent, 75.4 records/sec (7.36 MB/sec), 58.6 ms avg latency, 213.0 ms max latency.
421 records sent, 83.9 records/sec (8.19 MB/sec), 131.4 ms avg latency, 620.0 ms max latency.
392 records sent, 77.9 records/sec (7.61 MB/sec), 90.3 ms avg latency, 413.0 ms max latency.
373 records sent, 74.6 records/sec (7.28 MB/sec), 61.4 ms avg latency, 269.0 ms max latency.
365 records sent, 73.0 records/sec (7.13 MB/sec), 47.9 ms avg latency, 147.0 ms max latency.
419 records sent, 83.6 records/sec (8.16 MB/sec), 57.5 ms avg latency, 216.0 ms max latency.
8333 records sent, 56.439432 records/sec (5.51 MB/sec), 1396.07 ms avg latency, 16804.00 ms max latency, 75 ms 50th, 8769 ms 95th, 11735 ms 99th, 13142 ms 99.9th.
----- /var/lib/kafka-client/results/security-overhead-final-factorial-tls-b5-rf5-isr4-msg102400-tps10000-batch131072-acks1-prod12-compnone-trial3/producer-perf-11.log -----
producer_index=11
producer_count=12
producer_records=8333
producer_throughput=833
1 records sent, 0.1 records/sec (0.01 MB/sec), 18177.0 ms avg latency, 18177.0 ms max latency.
59 records sent, 11.8 records/sec (1.15 MB/sec), 7695.0 ms avg latency, 9315.0 ms max latency.
96 records sent, 19.2 records/sec (1.87 MB/sec), 10512.3 ms avg latency, 13488.0 ms max latency.
162 records sent, 31.3 records/sec (3.06 MB/sec), 12267.9 ms avg latency, 14601.0 ms max latency.
138 records sent, 26.9 records/sec (2.63 MB/sec), 9421.7 ms avg latency, 11321.0 ms max latency.
138 records sent, 27.1 records/sec (2.64 MB/sec), 9358.1 ms avg latency, 10314.0 ms max latency.
196 records sent, 38.7 records/sec (3.78 MB/sec), 8894.7 ms avg latency, 10567.0 ms max latency.
372 records sent, 73.6 records/sec (7.19 MB/sec), 4430.7 ms avg latency, 7705.0 ms max latency.
435 records sent, 85.7 records/sec (8.37 MB/sec), 2644.5 ms avg latency, 3559.0 ms max latency.
492 records sent, 97.2 records/sec (9.49 MB/sec), 1117.1 ms avg latency, 2422.0 ms max latency.
353 records sent, 69.0 records/sec (6.73 MB/sec), 112.8 ms avg latency, 354.0 ms max latency.
380 records sent, 75.9 records/sec (7.42 MB/sec), 134.9 ms avg latency, 428.0 ms max latency.
136 records sent, 27.2 records/sec (2.65 MB/sec), 64.9 ms avg latency, 224.0 ms max latency.
285 records sent, 56.9 records/sec (5.56 MB/sec), 76.3 ms avg latency, 203.0 ms max latency.
379 records sent, 75.2 records/sec (7.34 MB/sec), 163.7 ms avg latency, 715.0 ms max latency.
382 records sent, 76.3 records/sec (7.45 MB/sec), 92.1 ms avg latency, 519.0 ms max latency.
341 records sent, 68.2 records/sec (6.66 MB/sec), 59.0 ms avg latency, 209.0 ms max latency.
361 records sent, 72.2 records/sec (7.05 MB/sec), 69.3 ms avg latency, 253.0 ms max latency.
363 records sent, 71.9 records/sec (7.02 MB/sec), 72.2 ms avg latency, 356.0 ms max latency.
357 records sent, 71.3 records/sec (6.97 MB/sec), 47.4 ms avg latency, 140.0 ms max latency.
363 records sent, 72.2 records/sec (7.05 MB/sec), 42.3 ms avg latency, 128.0 ms max latency.
378 records sent, 75.2 records/sec (7.34 MB/sec), 52.4 ms avg latency, 184.0 ms max latency.
365 records sent, 72.9 records/sec (7.12 MB/sec), 47.5 ms avg latency, 146.0 ms max latency.
394 records sent, 78.8 records/sec (7.69 MB/sec), 57.0 ms avg latency, 247.0 ms max latency.
356 records sent, 71.0 records/sec (6.94 MB/sec), 70.1 ms avg latency, 296.0 ms max latency.
544 records sent, 108.8 records/sec (10.63 MB/sec), 32.3 ms avg latency, 126.0 ms max latency.
8333 records sent, 56.684376 records/sec (5.54 MB/sec), 1393.58 ms avg latency, 18177.00 ms max latency, 74 ms 50th, 9443 ms 95th, 12604 ms 99th, 14000 ms 99.9th.
----- /var/lib/kafka-client/results/security-overhead-final-factorial-tls-b5-rf5-isr4-msg102400-tps10000-batch131072-acks1-prod12-compnone-trial3/producer-perf-12.log -----
producer_index=12
producer_count=12
producer_records=8333
producer_throughput=833
1 records sent, 0.1 records/sec (0.01 MB/sec), 18171.0 ms avg latency, 18171.0 ms max latency.
60 records sent, 11.5 records/sec (1.12 MB/sec), 7655.8 ms avg latency, 9468.0 ms max latency.
90 records sent, 17.5 records/sec (1.70 MB/sec), 10416.0 ms avg latency, 12233.0 ms max latency.
138 records sent, 27.4 records/sec (2.67 MB/sec), 12993.0 ms avg latency, 15316.0 ms max latency.
143 records sent, 27.8 records/sec (2.72 MB/sec), 10374.3 ms avg latency, 13269.0 ms max latency.
138 records sent, 27.6 records/sec (2.69 MB/sec), 9242.1 ms avg latency, 9919.0 ms max latency.
204 records sent, 39.9 records/sec (3.90 MB/sec), 8668.5 ms avg latency, 10352.0 ms max latency.
394 records sent, 78.3 records/sec (7.65 MB/sec), 4173.2 ms avg latency, 7533.0 ms max latency.
426 records sent, 84.6 records/sec (8.26 MB/sec), 2323.3 ms avg latency, 3371.0 ms max latency.
441 records sent, 87.3 records/sec (8.53 MB/sec), 696.6 ms avg latency, 1834.0 ms max latency.
324 records sent, 64.5 records/sec (6.30 MB/sec), 75.8 ms avg latency, 247.0 ms max latency.
351 records sent, 69.8 records/sec (6.81 MB/sec), 74.6 ms avg latency, 280.0 ms max latency.
368 records sent, 73.4 records/sec (7.17 MB/sec), 94.0 ms avg latency, 272.0 ms max latency.
350 records sent, 69.9 records/sec (6.82 MB/sec), 77.2 ms avg latency, 381.0 ms max latency.
411 records sent, 81.4 records/sec (7.95 MB/sec), 198.1 ms avg latency, 796.0 ms max latency.
381 records sent, 76.0 records/sec (7.43 MB/sec), 62.5 ms avg latency, 299.0 ms max latency.
368 records sent, 73.4 records/sec (7.17 MB/sec), 68.6 ms avg latency, 318.0 ms max latency.
362 records sent, 72.1 records/sec (7.04 MB/sec), 46.1 ms avg latency, 150.0 ms max latency.
365 records sent, 72.7 records/sec (7.09 MB/sec), 79.2 ms avg latency, 366.0 ms max latency.
362 records sent, 72.2 records/sec (7.05 MB/sec), 57.8 ms avg latency, 358.0 ms max latency.
363 records sent, 72.1 records/sec (7.04 MB/sec), 71.0 ms avg latency, 196.0 ms max latency.
369 records sent, 73.8 records/sec (7.21 MB/sec), 42.5 ms avg latency, 123.0 ms max latency.
376 records sent, 74.8 records/sec (7.31 MB/sec), 54.2 ms avg latency, 213.0 ms max latency.
367 records sent, 73.4 records/sec (7.17 MB/sec), 46.0 ms avg latency, 192.0 ms max latency.
370 records sent, 73.9 records/sec (7.22 MB/sec), 72.2 ms avg latency, 337.0 ms max latency.
513 records sent, 102.0 records/sec (9.96 MB/sec), 35.0 ms avg latency, 200.0 ms max latency.
8333 records sent, 56.771266 records/sec (5.54 MB/sec), 1335.27 ms avg latency, 18171.00 ms max latency, 67 ms 50th, 9439 ms 95th, 12702 ms 99th, 14454 ms 99.9th.
