run_id=security-overhead-final-factorial-tls-b5-rf5-isr3-msg102400-tps1000-batch16384-acksall-prod6-compnone-trial3
producer_count=6
----- /var/lib/kafka-client/results/security-overhead-final-factorial-tls-b5-rf5-isr3-msg102400-tps1000-batch16384-acksall-prod6-compnone-trial3/producer-perf-1.log -----
producer_index=1
producer_count=6
producer_records=16667
producer_throughput=167
1 records sent, 0.1 records/sec (0.01 MB/sec), 9673.0 ms avg latency, 9673.0 ms max latency.
156 records sent, 30.5 records/sec (2.97 MB/sec), 5136.3 ms avg latency, 6415.0 ms max latency.
432 records sent, 86.3 records/sec (8.42 MB/sec), 5267.5 ms avg latency, 7202.0 ms max latency.
636 records sent, 126.9 records/sec (12.39 MB/sec), 2837.9 ms avg latency, 3996.0 ms max latency.
869 records sent, 173.0 records/sec (16.90 MB/sec), 1355.9 ms avg latency, 2092.0 ms max latency.
693 records sent, 138.0 records/sec (13.48 MB/sec), 185.2 ms avg latency, 793.0 ms max latency.
664 records sent, 132.6 records/sec (12.95 MB/sec), 39.3 ms avg latency, 137.0 ms max latency.
682 records sent, 136.2 records/sec (13.30 MB/sec), 37.6 ms avg latency, 134.0 ms max latency.
798 records sent, 159.0 records/sec (15.53 MB/sec), 46.1 ms avg latency, 217.0 ms max latency.
736 records sent, 146.8 records/sec (14.33 MB/sec), 36.8 ms avg latency, 142.0 ms max latency.
760 records sent, 151.8 records/sec (14.83 MB/sec), 68.2 ms avg latency, 414.0 ms max latency.
762 records sent, 152.1 records/sec (14.86 MB/sec), 45.8 ms avg latency, 324.0 ms max latency.
730 records sent, 145.9 records/sec (14.25 MB/sec), 32.6 ms avg latency, 149.0 ms max latency.
777 records sent, 154.6 records/sec (15.10 MB/sec), 49.6 ms avg latency, 223.0 ms max latency.
726 records sent, 144.6 records/sec (14.12 MB/sec), 32.5 ms avg latency, 138.0 ms max latency.
761 records sent, 151.9 records/sec (14.84 MB/sec), 33.0 ms avg latency, 133.0 ms max latency.
685 records sent, 136.7 records/sec (13.35 MB/sec), 54.2 ms avg latency, 524.0 ms max latency.
751 records sent, 150.2 records/sec (14.67 MB/sec), 1246.6 ms avg latency, 2118.0 ms max latency.
781 records sent, 155.6 records/sec (15.20 MB/sec), 38.8 ms avg latency, 432.0 ms max latency.
788 records sent, 157.3 records/sec (15.36 MB/sec), 36.0 ms avg latency, 183.0 ms max latency.
786 records sent, 156.6 records/sec (15.30 MB/sec), 29.2 ms avg latency, 125.0 ms max latency.
757 records sent, 151.0 records/sec (14.74 MB/sec), 27.1 ms avg latency, 100.0 ms max latency.
822 records sent, 164.4 records/sec (16.05 MB/sec), 34.9 ms avg latency, 234.0 ms max latency.
797 records sent, 158.9 records/sec (15.52 MB/sec), 31.4 ms avg latency, 124.0 ms max latency.
16667 records sent, 130.803642 records/sec (12.77 MB/sec), 459.00 ms avg latency, 9673.00 ms max latency, 33 ms 50th, 3030 ms 95th, 6182 ms 99th, 6826 ms 99.9th.
----- /var/lib/kafka-client/results/security-overhead-final-factorial-tls-b5-rf5-isr3-msg102400-tps1000-batch16384-acksall-prod6-compnone-trial3/producer-perf-2.log -----
producer_index=2
producer_count=6
producer_records=16667
producer_throughput=167
1 records sent, 0.1 records/sec (0.01 MB/sec), 2159.0 ms avg latency, 2159.0 ms max latency.
111 records sent, 21.7 records/sec (2.12 MB/sec), 5085.3 ms avg latency, 9070.0 ms max latency.
328 records sent, 65.2 records/sec (6.37 MB/sec), 6549.4 ms avg latency, 8193.0 ms max latency.
608 records sent, 121.0 records/sec (11.82 MB/sec), 3351.2 ms avg latency, 5345.0 ms max latency.
805 records sent, 160.8 records/sec (15.70 MB/sec), 1662.8 ms avg latency, 2487.0 ms max latency.
762 records sent, 152.3 records/sec (14.87 MB/sec), 325.7 ms avg latency, 1060.0 ms max latency.
629 records sent, 125.5 records/sec (12.26 MB/sec), 42.7 ms avg latency, 211.0 ms max latency.
704 records sent, 140.7 records/sec (13.74 MB/sec), 44.7 ms avg latency, 240.0 ms max latency.
657 records sent, 131.1 records/sec (12.80 MB/sec), 45.6 ms avg latency, 267.0 ms max latency.
682 records sent, 136.3 records/sec (13.31 MB/sec), 33.2 ms avg latency, 101.0 ms max latency.
774 records sent, 154.5 records/sec (15.08 MB/sec), 44.8 ms avg latency, 232.0 ms max latency.
820 records sent, 163.8 records/sec (15.99 MB/sec), 53.7 ms avg latency, 372.0 ms max latency.
730 records sent, 145.9 records/sec (14.25 MB/sec), 37.7 ms avg latency, 203.0 ms max latency.
739 records sent, 147.8 records/sec (14.43 MB/sec), 31.1 ms avg latency, 113.0 ms max latency.
800 records sent, 160.0 records/sec (15.63 MB/sec), 62.0 ms avg latency, 257.0 ms max latency.
741 records sent, 148.1 records/sec (14.46 MB/sec), 27.8 ms avg latency, 104.0 ms max latency.
758 records sent, 151.3 records/sec (14.78 MB/sec), 38.7 ms avg latency, 179.0 ms max latency.
709 records sent, 141.8 records/sec (13.85 MB/sec), 801.0 ms avg latency, 1733.0 ms max latency.
719 records sent, 143.6 records/sec (14.02 MB/sec), 37.1 ms avg latency, 196.0 ms max latency.
728 records sent, 145.6 records/sec (14.22 MB/sec), 32.5 ms avg latency, 157.0 ms max latency.
804 records sent, 160.6 records/sec (15.68 MB/sec), 31.7 ms avg latency, 271.0 ms max latency.
796 records sent, 159.1 records/sec (15.54 MB/sec), 38.0 ms avg latency, 316.0 ms max latency.
817 records sent, 163.3 records/sec (15.95 MB/sec), 35.1 ms avg latency, 127.0 ms max latency.
753 records sent, 150.1 records/sec (14.65 MB/sec), 29.3 ms avg latency, 104.0 ms max latency.
16667 records sent, 130.357590 records/sec (12.73 MB/sec), 445.43 ms avg latency, 9070.00 ms max latency, 32 ms 50th, 2839 ms 95th, 6602 ms 99th, 7714 ms 99.9th.
----- /var/lib/kafka-client/results/security-overhead-final-factorial-tls-b5-rf5-isr3-msg102400-tps1000-batch16384-acksall-prod6-compnone-trial3/producer-perf-3.log -----
producer_index=3
producer_count=6
producer_records=16667
producer_throughput=167
1 records sent, 0.1 records/sec (0.01 MB/sec), 2564.0 ms avg latency, 2564.0 ms max latency.
198 records sent, 39.3 records/sec (3.84 MB/sec), 4484.7 ms avg latency, 10179.0 ms max latency.
432 records sent, 85.8 records/sec (8.38 MB/sec), 5051.8 ms avg latency, 6958.0 ms max latency.
614 records sent, 121.6 records/sec (11.87 MB/sec), 2871.7 ms avg latency, 3504.0 ms max latency.
820 records sent, 162.3 records/sec (15.85 MB/sec), 1724.8 ms avg latency, 2404.0 ms max latency.
747 records sent, 148.6 records/sec (14.51 MB/sec), 236.7 ms avg latency, 1084.0 ms max latency.
407 records sent, 81.1 records/sec (7.92 MB/sec), 34.0 ms avg latency, 131.0 ms max latency.
700 records sent, 140.0 records/sec (13.67 MB/sec), 36.4 ms avg latency, 168.0 ms max latency.
664 records sent, 132.5 records/sec (12.94 MB/sec), 44.3 ms avg latency, 207.0 ms max latency.
697 records sent, 139.1 records/sec (13.59 MB/sec), 40.0 ms avg latency, 274.0 ms max latency.
765 records sent, 152.9 records/sec (14.94 MB/sec), 36.4 ms avg latency, 261.0 ms max latency.
772 records sent, 153.9 records/sec (15.03 MB/sec), 41.1 ms avg latency, 273.0 ms max latency.
755 records sent, 151.0 records/sec (14.75 MB/sec), 38.5 ms avg latency, 185.0 ms max latency.
726 records sent, 145.2 records/sec (14.18 MB/sec), 33.0 ms avg latency, 122.0 ms max latency.
759 records sent, 151.7 records/sec (14.82 MB/sec), 39.6 ms avg latency, 196.0 ms max latency.
732 records sent, 146.3 records/sec (14.28 MB/sec), 27.9 ms avg latency, 103.0 ms max latency.
606 records sent, 121.1 records/sec (11.82 MB/sec), 141.1 ms avg latency, 1005.0 ms max latency.
859 records sent, 171.8 records/sec (16.77 MB/sec), 783.7 ms avg latency, 1771.0 ms max latency.
770 records sent, 154.0 records/sec (15.04 MB/sec), 34.5 ms avg latency, 164.0 ms max latency.
792 records sent, 157.8 records/sec (15.41 MB/sec), 42.1 ms avg latency, 169.0 ms max latency.
748 records sent, 149.5 records/sec (14.60 MB/sec), 25.6 ms avg latency, 93.0 ms max latency.
809 records sent, 161.4 records/sec (15.77 MB/sec), 28.0 ms avg latency, 121.0 ms max latency.
965 records sent, 192.1 records/sec (18.76 MB/sec), 51.1 ms avg latency, 269.0 ms max latency.
860 records sent, 170.1 records/sec (16.61 MB/sec), 35.2 ms avg latency, 160.0 ms max latency.
16667 records sent, 130.431040 records/sec (12.74 MB/sec), 458.28 ms avg latency, 10179.00 ms max latency, 32 ms 50th, 3043 ms 95th, 5706 ms 99th, 6724 ms 99.9th.
----- /var/lib/kafka-client/results/security-overhead-final-factorial-tls-b5-rf5-isr3-msg102400-tps1000-batch16384-acksall-prod6-compnone-trial3/producer-perf-4.log -----
producer_index=4
producer_count=6
producer_records=16667
producer_throughput=167
1 records sent, 0.1 records/sec (0.01 MB/sec), 9060.0 ms avg latency, 9060.0 ms max latency.
137 records sent, 27.1 records/sec (2.65 MB/sec), 4464.7 ms avg latency, 5914.0 ms max latency.
251 records sent, 50.1 records/sec (4.90 MB/sec), 6943.3 ms avg latency, 8424.0 ms max latency.
244 records sent, 48.2 records/sec (4.71 MB/sec), 6893.8 ms avg latency, 7681.0 ms max latency.
329 records sent, 65.4 records/sec (6.39 MB/sec), 6201.5 ms avg latency, 7091.0 ms max latency.
708 records sent, 141.5 records/sec (13.82 MB/sec), 2630.6 ms avg latency, 5183.0 ms max latency.
891 records sent, 177.7 records/sec (17.35 MB/sec), 457.0 ms avg latency, 1963.0 ms max latency.
662 records sent, 131.9 records/sec (12.88 MB/sec), 37.2 ms avg latency, 131.0 ms max latency.
670 records sent, 133.4 records/sec (13.03 MB/sec), 49.6 ms avg latency, 209.0 ms max latency.
800 records sent, 159.9 records/sec (15.62 MB/sec), 44.7 ms avg latency, 218.0 ms max latency.
704 records sent, 140.5 records/sec (13.72 MB/sec), 31.6 ms avg latency, 130.0 ms max latency.
768 records sent, 153.4 records/sec (14.99 MB/sec), 42.5 ms avg latency, 284.0 ms max latency.
775 records sent, 154.8 records/sec (15.12 MB/sec), 37.2 ms avg latency, 204.0 ms max latency.
745 records sent, 148.8 records/sec (14.53 MB/sec), 40.7 ms avg latency, 215.0 ms max latency.
890 records sent, 177.8 records/sec (17.36 MB/sec), 131.2 ms avg latency, 490.0 ms max latency.
756 records sent, 150.8 records/sec (14.72 MB/sec), 28.3 ms avg latency, 106.0 ms max latency.
692 records sent, 137.4 records/sec (13.42 MB/sec), 79.6 ms avg latency, 739.0 ms max latency.
852 records sent, 170.2 records/sec (16.62 MB/sec), 799.5 ms avg latency, 1796.0 ms max latency.
771 records sent, 153.9 records/sec (15.03 MB/sec), 34.6 ms avg latency, 126.0 ms max latency.
833 records sent, 166.6 records/sec (16.27 MB/sec), 42.8 ms avg latency, 206.0 ms max latency.
811 records sent, 161.3 records/sec (15.75 MB/sec), 25.7 ms avg latency, 97.0 ms max latency.
794 records sent, 158.5 records/sec (15.48 MB/sec), 26.0 ms avg latency, 100.0 ms max latency.
799 records sent, 159.4 records/sec (15.56 MB/sec), 31.5 ms avg latency, 199.0 ms max latency.
877 records sent, 175.4 records/sec (17.13 MB/sec), 29.6 ms avg latency, 144.0 ms max latency.
16667 records sent, 130.558754 records/sec (12.75 MB/sec), 577.39 ms avg latency, 9060.00 ms max latency, 31 ms 50th, 5211 ms 95th, 7106 ms 99th, 8000 ms 99.9th.
----- /var/lib/kafka-client/results/security-overhead-final-factorial-tls-b5-rf5-isr3-msg102400-tps1000-batch16384-acksall-prod6-compnone-trial3/producer-perf-5.log -----
producer_index=5
producer_count=6
producer_records=16666
producer_throughput=166
1 records sent, 0.1 records/sec (0.01 MB/sec), 8345.0 ms avg latency, 8345.0 ms max latency.
160 records sent, 31.8 records/sec (3.10 MB/sec), 4686.3 ms avg latency, 5735.0 ms max latency.
408 records sent, 80.8 records/sec (7.89 MB/sec), 5158.7 ms avg latency, 6857.0 ms max latency.
672 records sent, 134.3 records/sec (13.12 MB/sec), 2681.1 ms avg latency, 4047.0 ms max latency.
849 records sent, 169.6 records/sec (16.56 MB/sec), 824.8 ms avg latency, 2026.0 ms max latency.
663 records sent, 132.3 records/sec (12.92 MB/sec), 81.2 ms avg latency, 295.0 ms max latency.
755 records sent, 150.5 records/sec (14.70 MB/sec), 61.0 ms avg latency, 267.0 ms max latency.
708 records sent, 141.1 records/sec (13.78 MB/sec), 40.2 ms avg latency, 174.0 ms max latency.
747 records sent, 149.4 records/sec (14.59 MB/sec), 80.9 ms avg latency, 325.0 ms max latency.
739 records sent, 147.7 records/sec (14.43 MB/sec), 35.8 ms avg latency, 211.0 ms max latency.
713 records sent, 142.6 records/sec (13.93 MB/sec), 33.8 ms avg latency, 224.0 ms max latency.
709 records sent, 141.6 records/sec (13.83 MB/sec), 35.7 ms avg latency, 284.0 ms max latency.
753 records sent, 149.4 records/sec (14.59 MB/sec), 31.0 ms avg latency, 156.0 ms max latency.
743 records sent, 148.5 records/sec (14.50 MB/sec), 31.8 ms avg latency, 130.0 ms max latency.
725 records sent, 144.9 records/sec (14.15 MB/sec), 32.4 ms avg latency, 150.0 ms max latency.
770 records sent, 153.8 records/sec (15.02 MB/sec), 58.3 ms avg latency, 370.0 ms max latency.
737 records sent, 146.5 records/sec (14.31 MB/sec), 45.6 ms avg latency, 339.0 ms max latency.
731 records sent, 146.0 records/sec (14.26 MB/sec), 1033.5 ms avg latency, 1759.0 ms max latency.
865 records sent, 172.9 records/sec (16.89 MB/sec), 75.5 ms avg latency, 556.0 ms max latency.
740 records sent, 147.9 records/sec (14.44 MB/sec), 32.1 ms avg latency, 216.0 ms max latency.
798 records sent, 159.3 records/sec (15.56 MB/sec), 31.8 ms avg latency, 150.0 ms max latency.
765 records sent, 152.9 records/sec (14.93 MB/sec), 25.8 ms avg latency, 92.0 ms max latency.
899 records sent, 179.5 records/sec (17.53 MB/sec), 45.7 ms avg latency, 256.0 ms max latency.
727 records sent, 145.4 records/sec (14.20 MB/sec), 31.5 ms avg latency, 107.0 ms max latency.
16666 records sent, 132.303442 records/sec (12.92 MB/sec), 404.53 ms avg latency, 8345.00 ms max latency, 33 ms 50th, 2799 ms 95th, 5541 ms 99th, 6468 ms 99.9th.
----- /var/lib/kafka-client/results/security-overhead-final-factorial-tls-b5-rf5-isr3-msg102400-tps1000-batch16384-acksall-prod6-compnone-trial3/producer-perf-6.log -----
producer_index=6
producer_count=6
producer_records=16666
producer_throughput=166
1 records sent, 0.1 records/sec (0.01 MB/sec), 3117.0 ms avg latency, 3117.0 ms max latency.
175 records sent, 34.7 records/sec (3.39 MB/sec), 5361.6 ms avg latency, 9778.0 ms max latency.
301 records sent, 59.6 records/sec (5.82 MB/sec), 6596.0 ms avg latency, 9148.0 ms max latency.
570 records sent, 113.7 records/sec (11.11 MB/sec), 3599.1 ms avg latency, 5583.0 ms max latency.
827 records sent, 164.3 records/sec (16.04 MB/sec), 1761.4 ms avg latency, 2673.0 ms max latency.
827 records sent, 163.9 records/sec (16.01 MB/sec), 300.6 ms avg latency, 1232.0 ms max latency.
618 records sent, 123.3 records/sec (12.04 MB/sec), 62.5 ms avg latency, 255.0 ms max latency.
706 records sent, 141.0 records/sec (13.77 MB/sec), 41.6 ms avg latency, 179.0 ms max latency.
705 records sent, 140.5 records/sec (13.72 MB/sec), 51.9 ms avg latency, 245.0 ms max latency.
733 records sent, 146.2 records/sec (14.27 MB/sec), 34.3 ms avg latency, 121.0 ms max latency.
681 records sent, 136.1 records/sec (13.29 MB/sec), 29.7 ms avg latency, 100.0 ms max latency.
753 records sent, 150.5 records/sec (14.70 MB/sec), 55.9 ms avg latency, 325.0 ms max latency.
766 records sent, 152.9 records/sec (14.93 MB/sec), 31.8 ms avg latency, 161.0 ms max latency.
805 records sent, 160.8 records/sec (15.71 MB/sec), 39.0 ms avg latency, 157.0 ms max latency.
801 records sent, 160.2 records/sec (15.64 MB/sec), 57.2 ms avg latency, 270.0 ms max latency.
776 records sent, 155.0 records/sec (15.14 MB/sec), 37.4 ms avg latency, 164.0 ms max latency.
662 records sent, 132.2 records/sec (12.91 MB/sec), 93.0 ms avg latency, 820.0 ms max latency.
836 records sent, 166.9 records/sec (16.30 MB/sec), 1021.5 ms avg latency, 1913.0 ms max latency.
760 records sent, 151.9 records/sec (14.83 MB/sec), 28.0 ms avg latency, 141.0 ms max latency.
749 records sent, 149.7 records/sec (14.62 MB/sec), 33.6 ms avg latency, 153.0 ms max latency.
836 records sent, 166.7 records/sec (16.28 MB/sec), 34.2 ms avg latency, 155.0 ms max latency.
805 records sent, 159.9 records/sec (15.62 MB/sec), 28.8 ms avg latency, 187.0 ms max latency.
938 records sent, 186.9 records/sec (18.25 MB/sec), 45.2 ms avg latency, 187.0 ms max latency.
809 records sent, 161.5 records/sec (15.77 MB/sec), 35.2 ms avg latency, 160.0 ms max latency.
16666 records sent, 131.570222 records/sec (12.85 MB/sec), 485.86 ms avg latency, 9778.00 ms max latency, 33 ms 50th, 3114 ms 95th, 6503 ms 99th, 7822 ms 99.9th.
