run_id=security-overhead-final-factorial-plaintext-b5-rf5-isr3-msg102400-tps1000-batch131072-acksall-prod6-complz4-trial2
producer_count=6
----- /var/lib/kafka-client/results/security-overhead-final-factorial-plaintext-b5-rf5-isr3-msg102400-tps1000-batch131072-acksall-prod6-complz4-trial2/producer-perf-1.log -----
producer_index=1
producer_count=6
producer_records=16667
producer_throughput=167
1 records sent, 0.2 records/sec (0.02 MB/sec), 5019.0 ms avg latency, 5019.0 ms max latency.
397 records sent, 79.2 records/sec (7.73 MB/sec), 332.2 ms avg latency, 1060.0 ms max latency.
488 records sent, 97.6 records/sec (9.53 MB/sec), 66.5 ms avg latency, 294.0 ms max latency.
513 records sent, 102.6 records/sec (10.02 MB/sec), 43.3 ms avg latency, 158.0 ms max latency.
619 records sent, 123.8 records/sec (12.09 MB/sec), 26.5 ms avg latency, 86.0 ms max latency.
544 records sent, 108.8 records/sec (10.63 MB/sec), 34.8 ms avg latency, 119.0 ms max latency.
534 records sent, 106.8 records/sec (10.43 MB/sec), 33.8 ms avg latency, 134.0 ms max latency.
553 records sent, 110.4 records/sec (10.78 MB/sec), 31.1 ms avg latency, 118.0 ms max latency.
594 records sent, 116.6 records/sec (11.39 MB/sec), 35.9 ms avg latency, 164.0 ms max latency.
610 records sent, 122.0 records/sec (11.91 MB/sec), 31.9 ms avg latency, 152.0 ms max latency.
609 records sent, 121.2 records/sec (11.83 MB/sec), 31.6 ms avg latency, 147.0 ms max latency.
578 records sent, 115.3 records/sec (11.26 MB/sec), 33.6 ms avg latency, 174.0 ms max latency.
588 records sent, 117.5 records/sec (11.47 MB/sec), 34.3 ms avg latency, 148.0 ms max latency.
619 records sent, 123.7 records/sec (12.08 MB/sec), 27.1 ms avg latency, 107.0 ms max latency.
547 records sent, 109.3 records/sec (10.68 MB/sec), 26.6 ms avg latency, 113.0 ms max latency.
546 records sent, 109.2 records/sec (10.66 MB/sec), 24.9 ms avg latency, 114.0 ms max latency.
711 records sent, 142.1 records/sec (13.87 MB/sec), 50.2 ms avg latency, 215.0 ms max latency.
556 records sent, 110.5 records/sec (10.79 MB/sec), 26.1 ms avg latency, 101.0 ms max latency.
589 records sent, 117.4 records/sec (11.47 MB/sec), 27.5 ms avg latency, 159.0 ms max latency.
571 records sent, 114.2 records/sec (11.15 MB/sec), 136.1 ms avg latency, 550.0 ms max latency.
700 records sent, 139.8 records/sec (13.65 MB/sec), 22.4 ms avg latency, 90.0 ms max latency.
613 records sent, 122.3 records/sec (11.94 MB/sec), 23.2 ms avg latency, 137.0 ms max latency.
568 records sent, 112.5 records/sec (10.99 MB/sec), 22.2 ms avg latency, 88.0 ms max latency.
637 records sent, 127.2 records/sec (12.42 MB/sec), 20.4 ms avg latency, 102.0 ms max latency.
683 records sent, 136.3 records/sec (13.31 MB/sec), 20.8 ms avg latency, 93.0 ms max latency.
770 records sent, 154.0 records/sec (15.04 MB/sec), 21.9 ms avg latency, 153.0 ms max latency.
760 records sent, 151.4 records/sec (14.79 MB/sec), 25.9 ms avg latency, 120.0 ms max latency.
815 records sent, 162.8 records/sec (15.90 MB/sec), 24.7 ms avg latency, 117.0 ms max latency.
16667 records sent, 117.133199 records/sec (11.44 MB/sec), 40.97 ms avg latency, 5019.00 ms max latency, 22 ms 50th, 111 ms 95th, 443 ms 99th, 868 ms 99.9th.
----- /var/lib/kafka-client/results/security-overhead-final-factorial-plaintext-b5-rf5-isr3-msg102400-tps1000-batch131072-acksall-prod6-complz4-trial2/producer-perf-2.log -----
producer_index=2
producer_count=6
producer_records=16667
producer_throughput=167
96 records sent, 19.2 records/sec (1.87 MB/sec), 497.9 ms avg latency, 3854.0 ms max latency.
525 records sent, 104.7 records/sec (10.22 MB/sec), 207.3 ms avg latency, 709.0 ms max latency.
499 records sent, 99.6 records/sec (9.73 MB/sec), 51.5 ms avg latency, 216.0 ms max latency.
571 records sent, 114.1 records/sec (11.14 MB/sec), 30.1 ms avg latency, 107.0 ms max latency.
641 records sent, 127.3 records/sec (12.43 MB/sec), 28.4 ms avg latency, 114.0 ms max latency.
632 records sent, 126.1 records/sec (12.32 MB/sec), 33.5 ms avg latency, 105.0 ms max latency.
590 records sent, 117.6 records/sec (11.48 MB/sec), 36.4 ms avg latency, 118.0 ms max latency.
574 records sent, 114.4 records/sec (11.17 MB/sec), 29.0 ms avg latency, 113.0 ms max latency.
564 records sent, 112.5 records/sec (10.98 MB/sec), 29.4 ms avg latency, 111.0 ms max latency.
575 records sent, 114.8 records/sec (11.21 MB/sec), 30.3 ms avg latency, 124.0 ms max latency.
556 records sent, 111.1 records/sec (10.85 MB/sec), 31.9 ms avg latency, 170.0 ms max latency.
618 records sent, 123.2 records/sec (12.03 MB/sec), 50.5 ms avg latency, 287.0 ms max latency.
562 records sent, 112.2 records/sec (10.95 MB/sec), 28.0 ms avg latency, 124.0 ms max latency.
590 records sent, 117.9 records/sec (11.51 MB/sec), 26.0 ms avg latency, 85.0 ms max latency.
587 records sent, 117.2 records/sec (11.45 MB/sec), 28.7 ms avg latency, 99.0 ms max latency.
569 records sent, 113.7 records/sec (11.10 MB/sec), 24.3 ms avg latency, 131.0 ms max latency.
653 records sent, 130.5 records/sec (12.74 MB/sec), 28.2 ms avg latency, 107.0 ms max latency.
656 records sent, 130.6 records/sec (12.76 MB/sec), 29.7 ms avg latency, 199.0 ms max latency.
606 records sent, 120.9 records/sec (11.80 MB/sec), 25.5 ms avg latency, 89.0 ms max latency.
581 records sent, 116.1 records/sec (11.33 MB/sec), 147.9 ms avg latency, 670.0 ms max latency.
576 records sent, 115.1 records/sec (11.24 MB/sec), 23.9 ms avg latency, 92.0 ms max latency.
682 records sent, 135.4 records/sec (13.23 MB/sec), 22.1 ms avg latency, 137.0 ms max latency.
543 records sent, 108.6 records/sec (10.60 MB/sec), 23.1 ms avg latency, 107.0 ms max latency.
642 records sent, 128.1 records/sec (12.51 MB/sec), 20.6 ms avg latency, 121.0 ms max latency.
676 records sent, 135.1 records/sec (13.20 MB/sec), 21.7 ms avg latency, 97.0 ms max latency.
774 records sent, 154.2 records/sec (15.06 MB/sec), 20.2 ms avg latency, 91.0 ms max latency.
738 records sent, 147.5 records/sec (14.41 MB/sec), 22.5 ms avg latency, 115.0 ms max latency.
686 records sent, 136.7 records/sec (13.35 MB/sec), 20.2 ms avg latency, 81.0 ms max latency.
16667 records sent, 117.767179 records/sec (11.50 MB/sec), 40.69 ms avg latency, 3854.00 ms max latency, 23 ms 50th, 111 ms 95th, 404 ms 99th, 670 ms 99.9th.
----- /var/lib/kafka-client/results/security-overhead-final-factorial-plaintext-b5-rf5-isr3-msg102400-tps1000-batch131072-acksall-prod6-complz4-trial2/producer-perf-3.log -----
producer_index=3
producer_count=6
producer_records=16667
producer_throughput=167
3 records sent, 0.6 records/sec (0.06 MB/sec), 2053.3 ms avg latency, 4774.0 ms max latency.
481 records sent, 96.0 records/sec (9.38 MB/sec), 333.4 ms avg latency, 1611.0 ms max latency.
431 records sent, 86.1 records/sec (8.41 MB/sec), 56.3 ms avg latency, 134.0 ms max latency.
599 records sent, 119.6 records/sec (11.68 MB/sec), 33.2 ms avg latency, 199.0 ms max latency.
588 records sent, 117.2 records/sec (11.45 MB/sec), 25.1 ms avg latency, 112.0 ms max latency.
565 records sent, 112.9 records/sec (11.03 MB/sec), 29.0 ms avg latency, 116.0 ms max latency.
526 records sent, 105.1 records/sec (10.27 MB/sec), 33.4 ms avg latency, 138.0 ms max latency.
539 records sent, 107.8 records/sec (10.53 MB/sec), 32.7 ms avg latency, 210.0 ms max latency.
616 records sent, 122.4 records/sec (11.95 MB/sec), 29.4 ms avg latency, 141.0 ms max latency.
566 records sent, 113.0 records/sec (11.04 MB/sec), 29.8 ms avg latency, 143.0 ms max latency.
603 records sent, 120.6 records/sec (11.77 MB/sec), 34.9 ms avg latency, 209.0 ms max latency.
584 records sent, 116.1 records/sec (11.34 MB/sec), 27.3 ms avg latency, 123.0 ms max latency.
584 records sent, 116.6 records/sec (11.39 MB/sec), 32.1 ms avg latency, 183.0 ms max latency.
555 records sent, 110.9 records/sec (10.83 MB/sec), 27.7 ms avg latency, 114.0 ms max latency.
642 records sent, 128.2 records/sec (12.52 MB/sec), 39.5 ms avg latency, 198.0 ms max latency.
576 records sent, 114.8 records/sec (11.21 MB/sec), 31.4 ms avg latency, 178.0 ms max latency.
650 records sent, 129.6 records/sec (12.65 MB/sec), 30.2 ms avg latency, 126.0 ms max latency.
644 records sent, 128.3 records/sec (12.53 MB/sec), 27.1 ms avg latency, 104.0 ms max latency.
612 records sent, 122.4 records/sec (11.95 MB/sec), 28.0 ms avg latency, 136.0 ms max latency.
580 records sent, 115.8 records/sec (11.31 MB/sec), 124.0 ms avg latency, 625.0 ms max latency.
596 records sent, 118.8 records/sec (11.60 MB/sec), 28.0 ms avg latency, 133.0 ms max latency.
632 records sent, 126.0 records/sec (12.30 MB/sec), 21.8 ms avg latency, 110.0 ms max latency.
701 records sent, 140.0 records/sec (13.67 MB/sec), 23.1 ms avg latency, 77.0 ms max latency.
582 records sent, 116.3 records/sec (11.36 MB/sec), 21.4 ms avg latency, 82.0 ms max latency.
640 records sent, 127.9 records/sec (12.49 MB/sec), 18.8 ms avg latency, 110.0 ms max latency.
716 records sent, 143.2 records/sec (13.98 MB/sec), 21.3 ms avg latency, 108.0 ms max latency.
704 records sent, 140.6 records/sec (13.73 MB/sec), 23.3 ms avg latency, 124.0 ms max latency.
788 records sent, 157.5 records/sec (15.38 MB/sec), 19.3 ms avg latency, 78.0 ms max latency.
16667 records sent, 117.293117 records/sec (11.45 MB/sec), 40.54 ms avg latency, 4774.00 ms max latency, 22 ms 50th, 103 ms 95th, 429 ms 99th, 1119 ms 99.9th.
----- /var/lib/kafka-client/results/security-overhead-final-factorial-plaintext-b5-rf5-isr3-msg102400-tps1000-batch131072-acksall-prod6-complz4-trial2/producer-perf-4.log -----
producer_index=4
producer_count=6
producer_records=16667
producer_throughput=167
8 records sent, 1.6 records/sec (0.16 MB/sec), 1092.0 ms avg latency, 4410.0 ms max latency.
433 records sent, 86.2 records/sec (8.42 MB/sec), 294.8 ms avg latency, 1148.0 ms max latency.
450 records sent, 89.9 records/sec (8.78 MB/sec), 56.9 ms avg latency, 181.0 ms max latency.
514 records sent, 102.8 records/sec (10.04 MB/sec), 38.0 ms avg latency, 132.0 ms max latency.
668 records sent, 132.7 records/sec (12.96 MB/sec), 26.9 ms avg latency, 115.0 ms max latency.
574 records sent, 114.4 records/sec (11.18 MB/sec), 31.1 ms avg latency, 131.0 ms max latency.
537 records sent, 106.9 records/sec (10.44 MB/sec), 30.9 ms avg latency, 159.0 ms max latency.
583 records sent, 116.4 records/sec (11.37 MB/sec), 38.4 ms avg latency, 275.0 ms max latency.
565 records sent, 112.6 records/sec (11.00 MB/sec), 34.7 ms avg latency, 139.0 ms max latency.
539 records sent, 107.3 records/sec (10.48 MB/sec), 28.1 ms avg latency, 128.0 ms max latency.
638 records sent, 127.5 records/sec (12.46 MB/sec), 36.8 ms avg latency, 187.0 ms max latency.
546 records sent, 109.1 records/sec (10.65 MB/sec), 29.0 ms avg latency, 179.0 ms max latency.
568 records sent, 113.4 records/sec (11.07 MB/sec), 28.9 ms avg latency, 121.0 ms max latency.
591 records sent, 118.2 records/sec (11.54 MB/sec), 32.0 ms avg latency, 126.0 ms max latency.
614 records sent, 122.6 records/sec (11.97 MB/sec), 28.6 ms avg latency, 111.0 ms max latency.
616 records sent, 123.1 records/sec (12.02 MB/sec), 25.9 ms avg latency, 117.0 ms max latency.
544 records sent, 106.7 records/sec (10.42 MB/sec), 27.7 ms avg latency, 132.0 ms max latency.
631 records sent, 126.2 records/sec (12.32 MB/sec), 23.3 ms avg latency, 84.0 ms max latency.
703 records sent, 140.4 records/sec (13.71 MB/sec), 27.4 ms avg latency, 111.0 ms max latency.
634 records sent, 126.6 records/sec (12.37 MB/sec), 183.9 ms avg latency, 772.0 ms max latency.
569 records sent, 113.8 records/sec (11.11 MB/sec), 25.2 ms avg latency, 89.0 ms max latency.
628 records sent, 125.4 records/sec (12.25 MB/sec), 22.1 ms avg latency, 93.0 ms max latency.
576 records sent, 115.0 records/sec (11.23 MB/sec), 23.8 ms avg latency, 149.0 ms max latency.
587 records sent, 117.3 records/sec (11.46 MB/sec), 22.7 ms avg latency, 80.0 ms max latency.
654 records sent, 130.8 records/sec (12.77 MB/sec), 18.6 ms avg latency, 74.0 ms max latency.
730 records sent, 145.9 records/sec (14.24 MB/sec), 23.8 ms avg latency, 149.0 ms max latency.
701 records sent, 140.2 records/sec (13.69 MB/sec), 20.7 ms avg latency, 93.0 ms max latency.
793 records sent, 156.8 records/sec (15.32 MB/sec), 24.7 ms avg latency, 139.0 ms max latency.
16667 records sent, 116.951555 records/sec (11.42 MB/sec), 41.52 ms avg latency, 4410.00 ms max latency, 22 ms 50th, 100 ms 95th, 529 ms 99th, 859 ms 99.9th.
----- /var/lib/kafka-client/results/security-overhead-final-factorial-plaintext-b5-rf5-isr3-msg102400-tps1000-batch131072-acksall-prod6-complz4-trial2/producer-perf-5.log -----
producer_index=5
producer_count=6
producer_records=16666
producer_throughput=166
1 records sent, 0.2 records/sec (0.02 MB/sec), 5906.0 ms avg latency, 5906.0 ms max latency.
433 records sent, 86.6 records/sec (8.46 MB/sec), 195.7 ms avg latency, 1020.0 ms max latency.
613 records sent, 121.6 records/sec (11.87 MB/sec), 54.7 ms avg latency, 169.0 ms max latency.
690 records sent, 137.6 records/sec (13.44 MB/sec), 33.7 ms avg latency, 142.0 ms max latency.
616 records sent, 123.0 records/sec (12.01 MB/sec), 31.5 ms avg latency, 137.0 ms max latency.
534 records sent, 106.7 records/sec (10.42 MB/sec), 28.4 ms avg latency, 113.0 ms max latency.
588 records sent, 117.0 records/sec (11.42 MB/sec), 34.8 ms avg latency, 149.0 ms max latency.
516 records sent, 103.1 records/sec (10.06 MB/sec), 36.0 ms avg latency, 229.0 ms max latency.
582 records sent, 116.4 records/sec (11.37 MB/sec), 28.7 ms avg latency, 110.0 ms max latency.
613 records sent, 121.4 records/sec (11.85 MB/sec), 27.3 ms avg latency, 131.0 ms max latency.
559 records sent, 111.8 records/sec (10.92 MB/sec), 26.9 ms avg latency, 126.0 ms max latency.
528 records sent, 105.5 records/sec (10.30 MB/sec), 29.3 ms avg latency, 159.0 ms max latency.
584 records sent, 116.4 records/sec (11.37 MB/sec), 27.5 ms avg latency, 127.0 ms max latency.
592 records sent, 118.2 records/sec (11.54 MB/sec), 31.2 ms avg latency, 116.0 ms max latency.
530 records sent, 106.0 records/sec (10.35 MB/sec), 27.1 ms avg latency, 106.0 ms max latency.
580 records sent, 115.3 records/sec (11.26 MB/sec), 24.0 ms avg latency, 96.0 ms max latency.
538 records sent, 107.6 records/sec (10.50 MB/sec), 30.6 ms avg latency, 134.0 ms max latency.
611 records sent, 121.6 records/sec (11.88 MB/sec), 24.6 ms avg latency, 101.0 ms max latency.
621 records sent, 123.3 records/sec (12.04 MB/sec), 31.3 ms avg latency, 238.0 ms max latency.
548 records sent, 109.5 records/sec (10.70 MB/sec), 127.1 ms avg latency, 644.0 ms max latency.
631 records sent, 126.2 records/sec (12.32 MB/sec), 23.4 ms avg latency, 100.0 ms max latency.
723 records sent, 143.1 records/sec (13.97 MB/sec), 25.8 ms avg latency, 123.0 ms max latency.
613 records sent, 122.3 records/sec (11.94 MB/sec), 24.8 ms avg latency, 96.0 ms max latency.
678 records sent, 135.1 records/sec (13.19 MB/sec), 22.3 ms avg latency, 155.0 ms max latency.
699 records sent, 139.7 records/sec (13.65 MB/sec), 19.3 ms avg latency, 122.0 ms max latency.
716 records sent, 142.9 records/sec (13.95 MB/sec), 18.6 ms avg latency, 115.0 ms max latency.
701 records sent, 140.1 records/sec (13.68 MB/sec), 23.5 ms avg latency, 124.0 ms max latency.
841 records sent, 168.2 records/sec (16.42 MB/sec), 19.7 ms avg latency, 84.0 ms max latency.
16666 records sent, 117.055423 records/sec (11.43 MB/sec), 35.71 ms avg latency, 5906.00 ms max latency, 22 ms 50th, 95 ms 95th, 300 ms 99th, 782 ms 99.9th.
----- /var/lib/kafka-client/results/security-overhead-final-factorial-plaintext-b5-rf5-isr3-msg102400-tps1000-batch131072-acksall-prod6-complz4-trial2/producer-perf-6.log -----
producer_index=6
producer_count=6
producer_records=16666
producer_throughput=166
1 records sent, 0.2 records/sec (0.02 MB/sec), 5149.0 ms avg latency, 5149.0 ms max latency.
445 records sent, 88.3 records/sec (8.63 MB/sec), 370.3 ms avg latency, 1033.0 ms max latency.
468 records sent, 93.4 records/sec (9.12 MB/sec), 63.0 ms avg latency, 267.0 ms max latency.
559 records sent, 111.6 records/sec (10.89 MB/sec), 35.7 ms avg latency, 171.0 ms max latency.
651 records sent, 129.6 records/sec (12.66 MB/sec), 28.1 ms avg latency, 126.0 ms max latency.
556 records sent, 111.2 records/sec (10.86 MB/sec), 32.8 ms avg latency, 166.0 ms max latency.
509 records sent, 101.3 records/sec (9.89 MB/sec), 30.4 ms avg latency, 135.0 ms max latency.
575 records sent, 114.2 records/sec (11.15 MB/sec), 29.4 ms avg latency, 211.0 ms max latency.
547 records sent, 109.1 records/sec (10.66 MB/sec), 28.7 ms avg latency, 146.0 ms max latency.
575 records sent, 115.0 records/sec (11.23 MB/sec), 28.6 ms avg latency, 124.0 ms max latency.
598 records sent, 119.5 records/sec (11.67 MB/sec), 36.7 ms avg latency, 187.0 ms max latency.
611 records sent, 121.8 records/sec (11.90 MB/sec), 27.3 ms avg latency, 125.0 ms max latency.
608 records sent, 121.5 records/sec (11.86 MB/sec), 31.8 ms avg latency, 135.0 ms max latency.
622 records sent, 124.4 records/sec (12.15 MB/sec), 32.9 ms avg latency, 184.0 ms max latency.
660 records sent, 131.5 records/sec (12.84 MB/sec), 31.8 ms avg latency, 155.0 ms max latency.
677 records sent, 135.3 records/sec (13.21 MB/sec), 26.3 ms avg latency, 87.0 ms max latency.
586 records sent, 116.4 records/sec (11.37 MB/sec), 31.1 ms avg latency, 164.0 ms max latency.
593 records sent, 118.5 records/sec (11.57 MB/sec), 23.7 ms avg latency, 93.0 ms max latency.
688 records sent, 137.6 records/sec (13.44 MB/sec), 38.8 ms avg latency, 195.0 ms max latency.
600 records sent, 120.0 records/sec (11.72 MB/sec), 196.6 ms avg latency, 793.0 ms max latency.
604 records sent, 120.8 records/sec (11.80 MB/sec), 23.9 ms avg latency, 126.0 ms max latency.
623 records sent, 124.6 records/sec (12.16 MB/sec), 22.5 ms avg latency, 84.0 ms max latency.
678 records sent, 135.5 records/sec (13.23 MB/sec), 23.1 ms avg latency, 99.0 ms max latency.
682 records sent, 136.1 records/sec (13.29 MB/sec), 22.4 ms avg latency, 102.0 ms max latency.
682 records sent, 136.2 records/sec (13.30 MB/sec), 20.5 ms avg latency, 88.0 ms max latency.
697 records sent, 139.3 records/sec (13.60 MB/sec), 22.9 ms avg latency, 99.0 ms max latency.
719 records sent, 143.7 records/sec (14.03 MB/sec), 23.7 ms avg latency, 116.0 ms max latency.
781 records sent, 156.1 records/sec (15.24 MB/sec), 22.0 ms avg latency, 106.0 ms max latency.
16666 records sent, 117.905073 records/sec (11.51 MB/sec), 44.40 ms avg latency, 5149.00 ms max latency, 23 ms 50th, 110 ms 95th, 574 ms 99th, 878 ms 99.9th.
