run_id=security-overhead-final-factorial-mtls-b3-rf3-isr3-msg1024-tps10000-batch131072-acksall-prod12-complz4-trial2
producer_count=12
----- /var/lib/kafka-client/results/security-overhead-final-factorial-mtls-b3-rf3-isr3-msg1024-tps10000-batch131072-acksall-prod12-complz4-trial2/producer-perf-1.log -----
producer_index=1
producer_count=12
producer_records=8334
producer_throughput=834
1 records sent, 0.1 records/sec (0.00 MB/sec), 17318.0 ms avg latency, 17318.0 ms max latency.
3992 records sent, 777.1 records/sec (0.76 MB/sec), 3752.5 ms avg latency, 6314.0 ms max latency.
8334 records sent, 340.135499 records/sec (0.33 MB/sec), 4441.77 ms avg latency, 17318.00 ms max latency, 4609 ms 50th, 6291 ms 95th, 6758 ms 99th, 6759 ms 99.9th.
----- /var/lib/kafka-client/results/security-overhead-final-factorial-mtls-b3-rf3-isr3-msg1024-tps10000-batch131072-acksall-prod12-complz4-trial2/producer-perf-2.log -----
producer_index=2
producer_count=12
producer_records=8334
producer_throughput=834
1 records sent, 0.1 records/sec (0.00 MB/sec), 5349.0 ms avg latency, 5349.0 ms max latency.
8023 records sent, 1597.9 records/sec (1.56 MB/sec), 5621.3 ms avg latency, 18219.0 ms max latency.
8334 records sent, 362.095933 records/sec (0.35 MB/sec), 5620.16 ms avg latency, 18219.00 ms max latency, 5641 ms 50th, 7197 ms 95th, 7336 ms 99th, 7382 ms 99.9th.
----- /var/lib/kafka-client/results/security-overhead-final-factorial-mtls-b3-rf3-isr3-msg1024-tps10000-batch131072-acksall-prod12-complz4-trial2/producer-perf-3.log -----
producer_index=3
producer_count=12
producer_records=8334
producer_throughput=834
1 records sent, 0.1 records/sec (0.00 MB/sec), 16852.0 ms avg latency, 16852.0 ms max latency.
4743 records sent, 915.3 records/sec (0.89 MB/sec), 5076.1 ms avg latency, 7045.0 ms max latency.
8334 records sent, 350.816636 records/sec (0.34 MB/sec), 5565.17 ms avg latency, 16852.00 ms max latency, 5746 ms 50th, 7209 ms 95th, 7378 ms 99th, 7379 ms 99.9th.
----- /var/lib/kafka-client/results/security-overhead-final-factorial-mtls-b3-rf3-isr3-msg1024-tps10000-batch131072-acksall-prod12-complz4-trial2/producer-perf-4.log -----
producer_index=4
producer_count=12
producer_records=8334
producer_throughput=834
1 records sent, 0.1 records/sec (0.00 MB/sec), 4695.0 ms avg latency, 4695.0 ms max latency.
8334 records sent, 347.684606 records/sec (0.34 MB/sec), 5361.43 ms avg latency, 19317.00 ms max latency, 5332 ms 50th, 6399 ms 95th, 6749 ms 99th, 6883 ms 99.9th.
----- /var/lib/kafka-client/results/security-overhead-final-factorial-mtls-b3-rf3-isr3-msg1024-tps10000-batch131072-acksall-prod12-complz4-trial2/producer-perf-5.log -----
producer_index=5
producer_count=12
producer_records=8333
producer_throughput=833
1 records sent, 0.1 records/sec (0.00 MB/sec), 2446.0 ms avg latency, 2446.0 ms max latency.
8333 records sent, 342.203606 records/sec (0.33 MB/sec), 3870.11 ms avg latency, 19348.00 ms max latency, 3938 ms 50th, 5673 ms 95th, 5965 ms 99th, 6057 ms 99.9th.
----- /var/lib/kafka-client/results/security-overhead-final-factorial-mtls-b3-rf3-isr3-msg1024-tps10000-batch131072-acksall-prod12-complz4-trial2/producer-perf-6.log -----
producer_index=6
producer_count=12
producer_records=8333
producer_throughput=833
1 records sent, 0.1 records/sec (0.00 MB/sec), 17470.0 ms avg latency, 17470.0 ms max latency.
6571 records sent, 1312.4 records/sec (1.28 MB/sec), 4938.6 ms avg latency, 7252.0 ms max latency.
8333 records sent, 356.446231 records/sec (0.35 MB/sec), 5047.04 ms avg latency, 17470.00 ms max latency, 5169 ms 50th, 6587 ms 95th, 6987 ms 99th, 7079 ms 99.9th.
----- /var/lib/kafka-client/results/security-overhead-final-factorial-mtls-b3-rf3-isr3-msg1024-tps10000-batch131072-acksall-prod12-complz4-trial2/producer-perf-7.log -----
producer_index=7
producer_count=12
producer_records=8333
producer_throughput=833
1 records sent, 0.1 records/sec (0.00 MB/sec), 17767.0 ms avg latency, 17767.0 ms max latency.
6648 records sent, 1311.5 records/sec (1.28 MB/sec), 5128.9 ms avg latency, 6788.0 ms max latency.
8333 records sent, 349.685271 records/sec (0.34 MB/sec), 5251.00 ms avg latency, 17767.00 ms max latency, 5240 ms 50th, 6511 ms 95th, 6721 ms 99th, 6787 ms 99.9th.
----- /var/lib/kafka-client/results/security-overhead-final-factorial-mtls-b3-rf3-isr3-msg1024-tps10000-batch131072-acksall-prod12-complz4-trial2/producer-perf-8.log -----
producer_index=8
producer_count=12
producer_records=8333
producer_throughput=833
1 records sent, 0.1 records/sec (0.00 MB/sec), 3364.0 ms avg latency, 3364.0 ms max latency.
8333 records sent, 349.245599 records/sec (0.34 MB/sec), 4099.38 ms avg latency, 19827.00 ms max latency, 4108 ms 50th, 5279 ms 95th, 5681 ms 99th, 5722 ms 99.9th.
----- /var/lib/kafka-client/results/security-overhead-final-factorial-mtls-b3-rf3-isr3-msg1024-tps10000-batch131072-acksall-prod12-complz4-trial2/producer-perf-9.log -----
producer_index=9
producer_count=12
producer_records=8333
producer_throughput=833
1 records sent, 0.1 records/sec (0.00 MB/sec), 18179.0 ms avg latency, 18179.0 ms max latency.
5803 records sent, 1137.4 records/sec (1.11 MB/sec), 3902.3 ms avg latency, 5809.0 ms max latency.
8333 records sent, 349.406684 records/sec (0.34 MB/sec), 4273.59 ms avg latency, 18179.00 ms max latency, 4387 ms 50th, 5678 ms 95th, 5750 ms 99th, 5809 ms 99.9th.
----- /var/lib/kafka-client/results/security-overhead-final-factorial-mtls-b3-rf3-isr3-msg1024-tps10000-batch131072-acksall-prod12-complz4-trial2/producer-perf-10.log -----
producer_index=10
producer_count=12
producer_records=8333
producer_throughput=833
1 records sent, 0.1 records/sec (0.00 MB/sec), 17260.0 ms avg latency, 17260.0 ms max latency.
5857 records sent, 1163.5 records/sec (1.14 MB/sec), 4252.7 ms avg latency, 6279.0 ms max latency.
8333 records sent, 353.048341 records/sec (0.34 MB/sec), 4500.76 ms avg latency, 17260.00 ms max latency, 4629 ms 50th, 5807 ms 95th, 6355 ms 99th, 6386 ms 99.9th.
----- /var/lib/kafka-client/results/security-overhead-final-factorial-mtls-b3-rf3-isr3-msg1024-tps10000-batch131072-acksall-prod12-complz4-trial2/producer-perf-11.log -----
producer_index=11
producer_count=12
producer_records=8333
producer_throughput=833
1 records sent, 0.1 records/sec (0.00 MB/sec), 5215.0 ms avg latency, 5215.0 ms max latency.
6654 records sent, 1326.0 records/sec (1.29 MB/sec), 5300.0 ms avg latency, 18689.0 ms max latency.
8333 records sent, 351.455082 records/sec (0.34 MB/sec), 5357.70 ms avg latency, 18689.00 ms max latency, 5784 ms 50th, 7037 ms 95th, 7302 ms 99th, 7339 ms 99.9th.
----- /var/lib/kafka-client/results/security-overhead-final-factorial-mtls-b3-rf3-isr3-msg1024-tps10000-batch131072-acksall-prod12-complz4-trial2/producer-perf-12.log -----
producer_index=12
producer_count=12
producer_records=8333
producer_throughput=833
1 records sent, 0.1 records/sec (0.00 MB/sec), 3480.0 ms avg latency, 3480.0 ms max latency.
5424 records sent, 1058.1 records/sec (1.03 MB/sec), 4479.7 ms avg latency, 16858.0 ms max latency.
8333 records sent, 354.053365 records/sec (0.35 MB/sec), 4970.68 ms avg latency, 16858.00 ms max latency, 5448 ms 50th, 6658 ms 95th, 6819 ms 99th, 6855 ms 99.9th.
