run_id=security-overhead-final-factorial-mtls-b5-rf3-isr3-msg10240-tps1000-batch16384-acks1-prod6-compnone-trial3
producer_count=6
----- /var/lib/kafka-client/results/security-overhead-final-factorial-mtls-b5-rf3-isr3-msg10240-tps1000-batch16384-acks1-prod6-compnone-trial3/producer-perf-1.log -----
producer_index=1
producer_count=6
producer_records=16667
producer_throughput=167
1 records sent, 0.1 records/sec (0.00 MB/sec), 9338.0 ms avg latency, 9338.0 ms max latency.
875 records sent, 174.9 records/sec (1.71 MB/sec), 4843.9 ms avg latency, 6396.0 ms max latency.
2363 records sent, 472.6 records/sec (4.62 MB/sec), 4143.9 ms avg latency, 7014.0 ms max latency.
835 records sent, 166.9 records/sec (1.63 MB/sec), 9.9 ms avg latency, 61.0 ms max latency.
836 records sent, 167.1 records/sec (1.63 MB/sec), 8.8 ms avg latency, 36.0 ms max latency.
837 records sent, 167.2 records/sec (1.63 MB/sec), 8.5 ms avg latency, 29.0 ms max latency.
837 records sent, 167.1 records/sec (1.63 MB/sec), 7.7 ms avg latency, 31.0 ms max latency.
837 records sent, 167.3 records/sec (1.63 MB/sec), 7.4 ms avg latency, 27.0 ms max latency.
836 records sent, 167.2 records/sec (1.63 MB/sec), 6.8 ms avg latency, 23.0 ms max latency.
835 records sent, 166.9 records/sec (1.63 MB/sec), 6.3 ms avg latency, 24.0 ms max latency.
837 records sent, 167.4 records/sec (1.63 MB/sec), 6.3 ms avg latency, 17.0 ms max latency.
836 records sent, 167.1 records/sec (1.63 MB/sec), 6.3 ms avg latency, 55.0 ms max latency.
836 records sent, 166.9 records/sec (1.63 MB/sec), 6.1 ms avg latency, 40.0 ms max latency.
837 records sent, 167.2 records/sec (1.63 MB/sec), 5.8 ms avg latency, 14.0 ms max latency.
836 records sent, 167.1 records/sec (1.63 MB/sec), 5.9 ms avg latency, 23.0 ms max latency.
836 records sent, 167.0 records/sec (1.63 MB/sec), 5.7 ms avg latency, 13.0 ms max latency.
836 records sent, 167.2 records/sec (1.63 MB/sec), 5.7 ms avg latency, 8.0 ms max latency.
835 records sent, 166.9 records/sec (1.63 MB/sec), 5.8 ms avg latency, 18.0 ms max latency.
836 records sent, 167.1 records/sec (1.63 MB/sec), 5.9 ms avg latency, 23.0 ms max latency.
16667 records sent, 166.908679 records/sec (1.63 MB/sec), 847.85 ms avg latency, 9338.00 ms max latency, 6 ms 50th, 6114 ms 95th, 6749 ms 99th, 6963 ms 99.9th.
----- /var/lib/kafka-client/results/security-overhead-final-factorial-mtls-b5-rf3-isr3-msg10240-tps1000-batch16384-acks1-prod6-compnone-trial3/producer-perf-2.log -----
producer_index=2
producer_count=6
producer_records=16667
producer_throughput=167
1 records sent, 0.1 records/sec (0.00 MB/sec), 2879.0 ms avg latency, 2879.0 ms max latency.
606 records sent, 120.6 records/sec (1.18 MB/sec), 4553.3 ms avg latency, 9199.0 ms max latency.
2134 records sent, 426.6 records/sec (4.17 MB/sec), 6177.6 ms avg latency, 8622.0 ms max latency.
1318 records sent, 263.4 records/sec (2.57 MB/sec), 714.6 ms avg latency, 2961.0 ms max latency.
835 records sent, 167.0 records/sec (1.63 MB/sec), 9.1 ms avg latency, 37.0 ms max latency.
836 records sent, 166.6 records/sec (1.63 MB/sec), 8.6 ms avg latency, 43.0 ms max latency.
838 records sent, 167.6 records/sec (1.64 MB/sec), 8.0 ms avg latency, 39.0 ms max latency.
837 records sent, 167.2 records/sec (1.63 MB/sec), 7.3 ms avg latency, 22.0 ms max latency.
836 records sent, 167.0 records/sec (1.63 MB/sec), 7.0 ms avg latency, 24.0 ms max latency.
837 records sent, 167.3 records/sec (1.63 MB/sec), 6.4 ms avg latency, 32.0 ms max latency.
835 records sent, 166.9 records/sec (1.63 MB/sec), 6.4 ms avg latency, 38.0 ms max latency.
836 records sent, 167.1 records/sec (1.63 MB/sec), 6.3 ms avg latency, 51.0 ms max latency.
835 records sent, 167.0 records/sec (1.63 MB/sec), 6.2 ms avg latency, 66.0 ms max latency.
836 records sent, 167.1 records/sec (1.63 MB/sec), 5.8 ms avg latency, 22.0 ms max latency.
835 records sent, 167.0 records/sec (1.63 MB/sec), 5.7 ms avg latency, 17.0 ms max latency.
836 records sent, 167.0 records/sec (1.63 MB/sec), 5.8 ms avg latency, 26.0 ms max latency.
835 records sent, 167.0 records/sec (1.63 MB/sec), 5.8 ms avg latency, 21.0 ms max latency.
836 records sent, 167.1 records/sec (1.63 MB/sec), 5.8 ms avg latency, 24.0 ms max latency.
836 records sent, 167.1 records/sec (1.63 MB/sec), 5.9 ms avg latency, 21.0 ms max latency.
16667 records sent, 166.945460 records/sec (1.63 MB/sec), 1018.25 ms avg latency, 9199.00 ms max latency, 6 ms 50th, 6973 ms 95th, 7691 ms 99th, 8387 ms 99.9th.
----- /var/lib/kafka-client/results/security-overhead-final-factorial-mtls-b5-rf3-isr3-msg10240-tps1000-batch16384-acks1-prod6-compnone-trial3/producer-perf-3.log -----
producer_index=3
producer_count=6
producer_records=16667
producer_throughput=167
1 records sent, 0.1 records/sec (0.00 MB/sec), 3053.0 ms avg latency, 3053.0 ms max latency.
690 records sent, 137.6 records/sec (1.34 MB/sec), 4610.3 ms avg latency, 9250.0 ms max latency.
2487 records sent, 496.7 records/sec (4.85 MB/sec), 4934.7 ms avg latency, 7537.0 ms max latency.
892 records sent, 178.2 records/sec (1.74 MB/sec), 23.2 ms avg latency, 418.0 ms max latency.
836 records sent, 167.1 records/sec (1.63 MB/sec), 9.1 ms avg latency, 44.0 ms max latency.
836 records sent, 167.2 records/sec (1.63 MB/sec), 8.2 ms avg latency, 37.0 ms max latency.
835 records sent, 167.0 records/sec (1.63 MB/sec), 8.2 ms avg latency, 46.0 ms max latency.
836 records sent, 167.1 records/sec (1.63 MB/sec), 7.3 ms avg latency, 28.0 ms max latency.
836 records sent, 167.1 records/sec (1.63 MB/sec), 7.1 ms avg latency, 27.0 ms max latency.
837 records sent, 167.2 records/sec (1.63 MB/sec), 6.5 ms avg latency, 35.0 ms max latency.
836 records sent, 167.1 records/sec (1.63 MB/sec), 6.3 ms avg latency, 28.0 ms max latency.
835 records sent, 167.0 records/sec (1.63 MB/sec), 6.1 ms avg latency, 59.0 ms max latency.
836 records sent, 167.0 records/sec (1.63 MB/sec), 6.5 ms avg latency, 69.0 ms max latency.
836 records sent, 167.1 records/sec (1.63 MB/sec), 5.8 ms avg latency, 21.0 ms max latency.
836 records sent, 167.2 records/sec (1.63 MB/sec), 5.8 ms avg latency, 21.0 ms max latency.
835 records sent, 166.9 records/sec (1.63 MB/sec), 5.8 ms avg latency, 8.0 ms max latency.
835 records sent, 167.0 records/sec (1.63 MB/sec), 5.8 ms avg latency, 28.0 ms max latency.
836 records sent, 167.2 records/sec (1.63 MB/sec), 5.8 ms avg latency, 16.0 ms max latency.
836 records sent, 167.0 records/sec (1.63 MB/sec), 5.8 ms avg latency, 20.0 ms max latency.
16667 records sent, 166.923724 records/sec (1.63 MB/sec), 933.69 ms avg latency, 9250.00 ms max latency, 7 ms 50th, 6584 ms 95th, 7158 ms 99th, 7447 ms 99.9th.
----- /var/lib/kafka-client/results/security-overhead-final-factorial-mtls-b5-rf3-isr3-msg10240-tps1000-batch16384-acks1-prod6-compnone-trial3/producer-perf-4.log -----
producer_index=4
producer_count=6
producer_records=16667
producer_throughput=167
1 records sent, 0.1 records/sec (0.00 MB/sec), 8781.0 ms avg latency, 8781.0 ms max latency.
621 records sent, 124.1 records/sec (1.21 MB/sec), 4896.1 ms avg latency, 6771.0 ms max latency.
2234 records sent, 446.2 records/sec (4.36 MB/sec), 5689.4 ms avg latency, 7954.0 ms max latency.
1128 records sent, 225.1 records/sec (2.20 MB/sec), 309.5 ms avg latency, 1813.0 ms max latency.
836 records sent, 167.0 records/sec (1.63 MB/sec), 8.9 ms avg latency, 40.0 ms max latency.
837 records sent, 167.2 records/sec (1.63 MB/sec), 8.5 ms avg latency, 36.0 ms max latency.
835 records sent, 167.0 records/sec (1.63 MB/sec), 8.0 ms avg latency, 44.0 ms max latency.
836 records sent, 167.0 records/sec (1.63 MB/sec), 7.5 ms avg latency, 26.0 ms max latency.
837 records sent, 167.2 records/sec (1.63 MB/sec), 6.9 ms avg latency, 21.0 ms max latency.
836 records sent, 167.1 records/sec (1.63 MB/sec), 6.4 ms avg latency, 32.0 ms max latency.
836 records sent, 167.1 records/sec (1.63 MB/sec), 6.3 ms avg latency, 16.0 ms max latency.
836 records sent, 167.1 records/sec (1.63 MB/sec), 6.2 ms avg latency, 40.0 ms max latency.
835 records sent, 167.0 records/sec (1.63 MB/sec), 6.1 ms avg latency, 69.0 ms max latency.
835 records sent, 167.0 records/sec (1.63 MB/sec), 5.7 ms avg latency, 9.0 ms max latency.
836 records sent, 167.1 records/sec (1.63 MB/sec), 5.8 ms avg latency, 19.0 ms max latency.
836 records sent, 167.1 records/sec (1.63 MB/sec), 5.8 ms avg latency, 27.0 ms max latency.
836 records sent, 167.0 records/sec (1.63 MB/sec), 5.8 ms avg latency, 9.0 ms max latency.
835 records sent, 167.0 records/sec (1.63 MB/sec), 5.8 ms avg latency, 23.0 ms max latency.
836 records sent, 167.0 records/sec (1.63 MB/sec), 5.8 ms avg latency, 24.0 ms max latency.
16667 records sent, 166.876927 records/sec (1.63 MB/sec), 971.51 ms avg latency, 8781.00 ms max latency, 6 ms 50th, 6979 ms 95th, 7694 ms 99th, 7879 ms 99.9th.
----- /var/lib/kafka-client/results/security-overhead-final-factorial-mtls-b5-rf3-isr3-msg10240-tps1000-batch16384-acks1-prod6-compnone-trial3/producer-perf-5.log -----
producer_index=5
producer_count=6
producer_records=16666
producer_throughput=166
1 records sent, 0.1 records/sec (0.00 MB/sec), 2796.0 ms avg latency, 2796.0 ms max latency.
728 records sent, 145.3 records/sec (1.42 MB/sec), 5139.5 ms avg latency, 8374.0 ms max latency.
2201 records sent, 439.8 records/sec (4.29 MB/sec), 4796.1 ms avg latency, 8016.0 ms max latency.
966 records sent, 192.9 records/sec (1.88 MB/sec), 86.6 ms avg latency, 977.0 ms max latency.
830 records sent, 166.0 records/sec (1.62 MB/sec), 8.6 ms avg latency, 43.0 ms max latency.
832 records sent, 166.4 records/sec (1.63 MB/sec), 8.0 ms avg latency, 47.0 ms max latency.
830 records sent, 166.0 records/sec (1.62 MB/sec), 7.7 ms avg latency, 41.0 ms max latency.
831 records sent, 166.1 records/sec (1.62 MB/sec), 6.9 ms avg latency, 25.0 ms max latency.
831 records sent, 166.1 records/sec (1.62 MB/sec), 6.5 ms avg latency, 23.0 ms max latency.
832 records sent, 166.2 records/sec (1.62 MB/sec), 6.0 ms avg latency, 29.0 ms max latency.
831 records sent, 166.1 records/sec (1.62 MB/sec), 5.6 ms avg latency, 26.0 ms max latency.
830 records sent, 166.0 records/sec (1.62 MB/sec), 5.6 ms avg latency, 45.0 ms max latency.
831 records sent, 166.1 records/sec (1.62 MB/sec), 5.4 ms avg latency, 50.0 ms max latency.
832 records sent, 166.3 records/sec (1.62 MB/sec), 5.2 ms avg latency, 22.0 ms max latency.
830 records sent, 165.9 records/sec (1.62 MB/sec), 5.1 ms avg latency, 21.0 ms max latency.
831 records sent, 166.0 records/sec (1.62 MB/sec), 5.1 ms avg latency, 25.0 ms max latency.
830 records sent, 166.0 records/sec (1.62 MB/sec), 5.0 ms avg latency, 7.0 ms max latency.
831 records sent, 166.1 records/sec (1.62 MB/sec), 5.1 ms avg latency, 7.0 ms max latency.
830 records sent, 166.0 records/sec (1.62 MB/sec), 5.1 ms avg latency, 13.0 ms max latency.
16666 records sent, 165.918345 records/sec (1.62 MB/sec), 867.71 ms avg latency, 8374.00 ms max latency, 6 ms 50th, 6228 ms 95th, 7094 ms 99th, 7866 ms 99.9th.
----- /var/lib/kafka-client/results/security-overhead-final-factorial-mtls-b5-rf3-isr3-msg10240-tps1000-batch16384-acks1-prod6-compnone-trial3/producer-perf-6.log -----
producer_index=6
producer_count=6
producer_records=16666
producer_throughput=166
1 records sent, 0.1 records/sec (0.00 MB/sec), 2946.0 ms avg latency, 2946.0 ms max latency.
870 records sent, 173.6 records/sec (1.70 MB/sec), 4736.1 ms avg latency, 8639.0 ms max latency.
2234 records sent, 446.8 records/sec (4.36 MB/sec), 4059.5 ms avg latency, 7550.0 ms max latency.
831 records sent, 166.2 records/sec (1.62 MB/sec), 9.1 ms avg latency, 49.0 ms max latency.
831 records sent, 166.0 records/sec (1.62 MB/sec), 8.9 ms avg latency, 40.0 ms max latency.
831 records sent, 166.0 records/sec (1.62 MB/sec), 8.2 ms avg latency, 46.0 ms max latency.
831 records sent, 166.1 records/sec (1.62 MB/sec), 7.3 ms avg latency, 38.0 ms max latency.
830 records sent, 165.9 records/sec (1.62 MB/sec), 6.9 ms avg latency, 26.0 ms max latency.
831 records sent, 166.1 records/sec (1.62 MB/sec), 6.5 ms avg latency, 27.0 ms max latency.
831 records sent, 166.2 records/sec (1.62 MB/sec), 5.8 ms avg latency, 21.0 ms max latency.
831 records sent, 166.1 records/sec (1.62 MB/sec), 5.6 ms avg latency, 27.0 ms max latency.
831 records sent, 166.1 records/sec (1.62 MB/sec), 5.4 ms avg latency, 44.0 ms max latency.
831 records sent, 166.0 records/sec (1.62 MB/sec), 5.8 ms avg latency, 70.0 ms max latency.
831 records sent, 166.1 records/sec (1.62 MB/sec), 5.1 ms avg latency, 20.0 ms max latency.
830 records sent, 166.0 records/sec (1.62 MB/sec), 5.1 ms avg latency, 18.0 ms max latency.
831 records sent, 166.2 records/sec (1.62 MB/sec), 5.0 ms avg latency, 20.0 ms max latency.
830 records sent, 165.9 records/sec (1.62 MB/sec), 5.1 ms avg latency, 11.0 ms max latency.
831 records sent, 166.1 records/sec (1.62 MB/sec), 5.1 ms avg latency, 9.0 ms max latency.
830 records sent, 166.0 records/sec (1.62 MB/sec), 5.1 ms avg latency, 12.0 ms max latency.
16666 records sent, 165.964608 records/sec (1.62 MB/sec), 796.63 ms avg latency, 8639.00 ms max latency, 6 ms 50th, 5819 ms 95th, 6554 ms 99th, 7377 ms 99.9th.
