run_id=security-overhead-final-factorial-plaintext-b5-rf5-isr4-msg102400-tps1000-batch131072-acksall-prod6-compnone-trial1
producer_count=6
----- /var/lib/kafka-client/results/security-overhead-final-factorial-plaintext-b5-rf5-isr4-msg102400-tps1000-batch131072-acksall-prod6-compnone-trial1/producer-perf-1.log -----
producer_index=1
producer_count=6
producer_records=16667
producer_throughput=167
3 records sent, 0.6 records/sec (0.06 MB/sec), 2189.0 ms avg latency, 4882.0 ms max latency.
557 records sent, 110.9 records/sec (10.83 MB/sec), 700.5 ms avg latency, 1399.0 ms max latency.
766 records sent, 152.9 records/sec (14.93 MB/sec), 125.6 ms avg latency, 440.0 ms max latency.
858 records sent, 171.1 records/sec (16.71 MB/sec), 40.0 ms avg latency, 208.0 ms max latency.
771 records sent, 153.9 records/sec (15.03 MB/sec), 34.5 ms avg latency, 150.0 ms max latency.
784 records sent, 156.7 records/sec (15.31 MB/sec), 34.1 ms avg latency, 182.0 ms max latency.
749 records sent, 149.3 records/sec (14.58 MB/sec), 26.9 ms avg latency, 98.0 ms max latency.
744 records sent, 148.8 records/sec (14.53 MB/sec), 30.8 ms avg latency, 141.0 ms max latency.
706 records sent, 140.9 records/sec (13.76 MB/sec), 23.3 ms avg latency, 129.0 ms max latency.
877 records sent, 175.4 records/sec (17.13 MB/sec), 37.0 ms avg latency, 177.0 ms max latency.
744 records sent, 148.3 records/sec (14.48 MB/sec), 26.0 ms avg latency, 128.0 ms max latency.
745 records sent, 148.8 records/sec (14.53 MB/sec), 21.5 ms avg latency, 86.0 ms max latency.
732 records sent, 145.2 records/sec (14.18 MB/sec), 22.4 ms avg latency, 102.0 ms max latency.
814 records sent, 162.8 records/sec (15.90 MB/sec), 31.8 ms avg latency, 190.0 ms max latency.
731 records sent, 146.0 records/sec (14.25 MB/sec), 23.0 ms avg latency, 130.0 ms max latency.
771 records sent, 153.9 records/sec (15.03 MB/sec), 128.0 ms avg latency, 615.0 ms max latency.
778 records sent, 155.2 records/sec (15.15 MB/sec), 20.4 ms avg latency, 75.0 ms max latency.
717 records sent, 143.0 records/sec (13.96 MB/sec), 18.9 ms avg latency, 79.0 ms max latency.
762 records sent, 151.9 records/sec (14.84 MB/sec), 21.1 ms avg latency, 100.0 ms max latency.
814 records sent, 162.8 records/sec (15.90 MB/sec), 21.6 ms avg latency, 96.0 ms max latency.
876 records sent, 174.7 records/sec (17.07 MB/sec), 23.6 ms avg latency, 112.0 ms max latency.
869 records sent, 173.5 records/sec (16.95 MB/sec), 27.0 ms avg latency, 196.0 ms max latency.
16667 records sent, 146.586222 records/sec (14.32 MB/sec), 59.00 ms avg latency, 4882.00 ms max latency, 20 ms 50th, 208 ms 95th, 913 ms 99th, 1092 ms 99.9th.
----- /var/lib/kafka-client/results/security-overhead-final-factorial-plaintext-b5-rf5-isr4-msg102400-tps1000-batch131072-acksall-prod6-compnone-trial1/producer-perf-2.log -----
producer_index=2
producer_count=6
producer_records=16667
producer_throughput=167
3 records sent, 0.6 records/sec (0.06 MB/sec), 1927.0 ms avg latency, 4756.0 ms max latency.
514 records sent, 102.8 records/sec (10.04 MB/sec), 340.0 ms avg latency, 999.0 ms max latency.
589 records sent, 117.4 records/sec (11.46 MB/sec), 52.1 ms avg latency, 158.0 ms max latency.
714 records sent, 142.8 records/sec (13.94 MB/sec), 25.6 ms avg latency, 90.0 ms max latency.
773 records sent, 154.4 records/sec (15.08 MB/sec), 27.5 ms avg latency, 110.0 ms max latency.
888 records sent, 177.6 records/sec (17.34 MB/sec), 40.9 ms avg latency, 184.0 ms max latency.
814 records sent, 162.7 records/sec (15.89 MB/sec), 40.8 ms avg latency, 240.0 ms max latency.
703 records sent, 140.3 records/sec (13.70 MB/sec), 22.8 ms avg latency, 97.0 ms max latency.
729 records sent, 145.7 records/sec (14.23 MB/sec), 23.1 ms avg latency, 92.0 ms max latency.
681 records sent, 136.1 records/sec (13.29 MB/sec), 21.8 ms avg latency, 84.0 ms max latency.
745 records sent, 149.0 records/sec (14.55 MB/sec), 26.6 ms avg latency, 153.0 ms max latency.
763 records sent, 152.4 records/sec (14.89 MB/sec), 23.0 ms avg latency, 116.0 ms max latency.
850 records sent, 168.9 records/sec (16.49 MB/sec), 30.8 ms avg latency, 115.0 ms max latency.
842 records sent, 168.2 records/sec (16.43 MB/sec), 31.3 ms avg latency, 185.0 ms max latency.
836 records sent, 167.0 records/sec (16.31 MB/sec), 27.0 ms avg latency, 193.0 ms max latency.
735 records sent, 146.9 records/sec (14.35 MB/sec), 91.1 ms avg latency, 443.0 ms max latency.
759 records sent, 151.6 records/sec (14.81 MB/sec), 20.1 ms avg latency, 91.0 ms max latency.
732 records sent, 146.2 records/sec (14.27 MB/sec), 18.4 ms avg latency, 80.0 ms max latency.
753 records sent, 150.3 records/sec (14.68 MB/sec), 19.1 ms avg latency, 87.0 ms max latency.
833 records sent, 166.2 records/sec (16.23 MB/sec), 21.2 ms avg latency, 103.0 ms max latency.
800 records sent, 159.8 records/sec (15.61 MB/sec), 19.4 ms avg latency, 82.0 ms max latency.
773 records sent, 154.4 records/sec (15.08 MB/sec), 18.3 ms avg latency, 92.0 ms max latency.
16667 records sent, 145.480731 records/sec (14.21 MB/sec), 39.15 ms avg latency, 4756.00 ms max latency, 19 ms 50th, 109 ms 95th, 472 ms 99th, 878 ms 99.9th.
----- /var/lib/kafka-client/results/security-overhead-final-factorial-plaintext-b5-rf5-isr4-msg102400-tps1000-batch131072-acksall-prod6-compnone-trial1/producer-perf-3.log -----
producer_index=3
producer_count=6
producer_records=16667
producer_throughput=167
23 records sent, 4.5 records/sec (0.44 MB/sec), 941.1 ms avg latency, 4311.0 ms max latency.
647 records sent, 129.2 records/sec (12.62 MB/sec), 589.5 ms avg latency, 1188.0 ms max latency.
682 records sent, 136.3 records/sec (13.31 MB/sec), 76.2 ms avg latency, 313.0 ms max latency.
802 records sent, 160.1 records/sec (15.64 MB/sec), 29.7 ms avg latency, 195.0 ms max latency.
851 records sent, 170.1 records/sec (16.61 MB/sec), 29.8 ms avg latency, 144.0 ms max latency.
669 records sent, 133.1 records/sec (13.00 MB/sec), 25.0 ms avg latency, 109.0 ms max latency.
666 records sent, 132.8 records/sec (12.97 MB/sec), 23.6 ms avg latency, 98.0 ms max latency.
756 records sent, 151.2 records/sec (14.77 MB/sec), 29.0 ms avg latency, 106.0 ms max latency.
684 records sent, 135.0 records/sec (13.19 MB/sec), 22.1 ms avg latency, 103.0 ms max latency.
668 records sent, 133.4 records/sec (13.03 MB/sec), 21.5 ms avg latency, 121.0 ms max latency.
731 records sent, 145.9 records/sec (14.25 MB/sec), 27.2 ms avg latency, 147.0 ms max latency.
750 records sent, 150.0 records/sec (14.65 MB/sec), 20.0 ms avg latency, 85.0 ms max latency.
743 records sent, 148.2 records/sec (14.47 MB/sec), 22.3 ms avg latency, 114.0 ms max latency.
757 records sent, 151.3 records/sec (14.78 MB/sec), 21.2 ms avg latency, 103.0 ms max latency.
798 records sent, 159.2 records/sec (15.54 MB/sec), 23.7 ms avg latency, 210.0 ms max latency.
808 records sent, 160.9 records/sec (15.72 MB/sec), 185.7 ms avg latency, 864.0 ms max latency.
807 records sent, 161.1 records/sec (15.74 MB/sec), 24.1 ms avg latency, 118.0 ms max latency.
724 records sent, 144.6 records/sec (14.12 MB/sec), 18.3 ms avg latency, 91.0 ms max latency.
836 records sent, 167.1 records/sec (16.32 MB/sec), 22.4 ms avg latency, 97.0 ms max latency.
883 records sent, 176.4 records/sec (17.23 MB/sec), 22.0 ms avg latency, 133.0 ms max latency.
782 records sent, 155.3 records/sec (15.16 MB/sec), 18.2 ms avg latency, 88.0 ms max latency.
878 records sent, 174.1 records/sec (17.00 MB/sec), 20.3 ms avg latency, 109.0 ms max latency.
16667 records sent, 145.446454 records/sec (14.20 MB/sec), 56.40 ms avg latency, 4311.00 ms max latency, 19 ms 50th, 253 ms 95th, 836 ms 99th, 1058 ms 99.9th.
----- /var/lib/kafka-client/results/security-overhead-final-factorial-plaintext-b5-rf5-isr4-msg102400-tps1000-batch131072-acksall-prod6-compnone-trial1/producer-perf-4.log -----
producer_index=4
producer_count=6
producer_records=16667
producer_throughput=167
33 records sent, 6.5 records/sec (0.64 MB/sec), 736.7 ms avg latency, 4195.0 ms max latency.
616 records sent, 122.9 records/sec (12.00 MB/sec), 442.7 ms avg latency, 1020.0 ms max latency.
729 records sent, 145.7 records/sec (14.23 MB/sec), 76.4 ms avg latency, 368.0 ms max latency.
770 records sent, 154.0 records/sec (15.04 MB/sec), 30.3 ms avg latency, 170.0 ms max latency.
875 records sent, 174.1 records/sec (17.00 MB/sec), 36.1 ms avg latency, 151.0 ms max latency.
705 records sent, 140.8 records/sec (13.75 MB/sec), 27.0 ms avg latency, 118.0 ms max latency.
685 records sent, 136.9 records/sec (13.37 MB/sec), 23.7 ms avg latency, 100.0 ms max latency.
726 records sent, 145.1 records/sec (14.17 MB/sec), 28.5 ms avg latency, 165.0 ms max latency.
799 records sent, 159.7 records/sec (15.60 MB/sec), 25.9 ms avg latency, 127.0 ms max latency.
732 records sent, 146.3 records/sec (14.29 MB/sec), 21.7 ms avg latency, 80.0 ms max latency.
766 records sent, 153.0 records/sec (14.94 MB/sec), 31.7 ms avg latency, 174.0 ms max latency.
741 records sent, 148.1 records/sec (14.47 MB/sec), 21.9 ms avg latency, 129.0 ms max latency.
767 records sent, 152.8 records/sec (14.92 MB/sec), 27.4 ms avg latency, 145.0 ms max latency.
789 records sent, 157.4 records/sec (15.37 MB/sec), 29.2 ms avg latency, 155.0 ms max latency.
755 records sent, 150.9 records/sec (14.74 MB/sec), 20.4 ms avg latency, 88.0 ms max latency.
757 records sent, 151.3 records/sec (14.78 MB/sec), 106.6 ms avg latency, 571.0 ms max latency.
836 records sent, 166.9 records/sec (16.30 MB/sec), 24.0 ms avg latency, 105.0 ms max latency.
701 records sent, 139.9 records/sec (13.67 MB/sec), 16.3 ms avg latency, 77.0 ms max latency.
753 records sent, 150.0 records/sec (14.65 MB/sec), 20.3 ms avg latency, 129.0 ms max latency.
940 records sent, 188.0 records/sec (18.36 MB/sec), 19.8 ms avg latency, 116.0 ms max latency.
805 records sent, 160.6 records/sec (15.69 MB/sec), 18.8 ms avg latency, 96.0 ms max latency.
864 records sent, 172.5 records/sec (16.84 MB/sec), 22.2 ms avg latency, 182.0 ms max latency.
16667 records sent, 146.906649 records/sec (14.35 MB/sec), 47.34 ms avg latency, 4195.00 ms max latency, 19 ms 50th, 147 ms 95th, 676 ms 99th, 913 ms 99.9th.
----- /var/lib/kafka-client/results/security-overhead-final-factorial-plaintext-b5-rf5-isr4-msg102400-tps1000-batch131072-acksall-prod6-compnone-trial1/producer-perf-5.log -----
producer_index=5
producer_count=6
producer_records=16666
producer_throughput=166
6 records sent, 1.2 records/sec (0.12 MB/sec), 1533.3 ms avg latency, 4705.0 ms max latency.
561 records sent, 111.8 records/sec (10.91 MB/sec), 712.1 ms avg latency, 1306.0 ms max latency.
586 records sent, 117.0 records/sec (11.43 MB/sec), 53.6 ms avg latency, 242.0 ms max latency.
798 records sent, 159.4 records/sec (15.57 MB/sec), 29.4 ms avg latency, 126.0 ms max latency.
892 records sent, 177.7 records/sec (17.36 MB/sec), 56.6 ms avg latency, 314.0 ms max latency.
768 records sent, 153.3 records/sec (14.97 MB/sec), 26.8 ms avg latency, 137.0 ms max latency.
711 records sent, 141.9 records/sec (13.86 MB/sec), 23.6 ms avg latency, 84.0 ms max latency.
787 records sent, 157.4 records/sec (15.37 MB/sec), 36.4 ms avg latency, 186.0 ms max latency.
729 records sent, 145.1 records/sec (14.17 MB/sec), 24.1 ms avg latency, 111.0 ms max latency.
753 records sent, 149.4 records/sec (14.59 MB/sec), 30.5 ms avg latency, 171.0 ms max latency.
785 records sent, 157.0 records/sec (15.33 MB/sec), 32.4 ms avg latency, 195.0 ms max latency.
722 records sent, 144.2 records/sec (14.08 MB/sec), 20.7 ms avg latency, 96.0 ms max latency.
724 records sent, 144.5 records/sec (14.11 MB/sec), 24.1 ms avg latency, 129.0 ms max latency.
673 records sent, 134.4 records/sec (13.13 MB/sec), 18.7 ms avg latency, 88.0 ms max latency.
790 records sent, 156.8 records/sec (15.31 MB/sec), 20.6 ms avg latency, 132.0 ms max latency.
784 records sent, 156.3 records/sec (15.27 MB/sec), 95.2 ms avg latency, 554.0 ms max latency.
745 records sent, 148.4 records/sec (14.49 MB/sec), 20.6 ms avg latency, 134.0 ms max latency.
789 records sent, 157.6 records/sec (15.39 MB/sec), 18.5 ms avg latency, 77.0 ms max latency.
735 records sent, 146.9 records/sec (14.34 MB/sec), 19.0 ms avg latency, 66.0 ms max latency.
746 records sent, 148.7 records/sec (14.52 MB/sec), 18.4 ms avg latency, 115.0 ms max latency.
830 records sent, 165.8 records/sec (16.19 MB/sec), 21.3 ms avg latency, 135.0 ms max latency.
791 records sent, 158.1 records/sec (15.44 MB/sec), 17.6 ms avg latency, 94.0 ms max latency.
16666 records sent, 145.286851 records/sec (14.19 MB/sec), 53.13 ms avg latency, 4705.00 ms max latency, 18 ms 50th, 151 ms 95th, 923 ms 99th, 1175 ms 99.9th.
----- /var/lib/kafka-client/results/security-overhead-final-factorial-plaintext-b5-rf5-isr4-msg102400-tps1000-batch131072-acksall-prod6-compnone-trial1/producer-perf-6.log -----
producer_index=6
producer_count=6
producer_records=16666
producer_throughput=166
34 records sent, 6.8 records/sec (0.66 MB/sec), 769.5 ms avg latency, 4070.0 ms max latency.
632 records sent, 126.3 records/sec (12.34 MB/sec), 656.4 ms avg latency, 1407.0 ms max latency.
635 records sent, 126.3 records/sec (12.34 MB/sec), 58.8 ms avg latency, 243.0 ms max latency.
788 records sent, 157.5 records/sec (15.38 MB/sec), 25.5 ms avg latency, 110.0 ms max latency.
762 records sent, 152.2 records/sec (14.86 MB/sec), 34.4 ms avg latency, 156.0 ms max latency.
696 records sent, 139.2 records/sec (13.59 MB/sec), 26.9 ms avg latency, 115.0 ms max latency.
669 records sent, 133.5 records/sec (13.04 MB/sec), 25.2 ms avg latency, 89.0 ms max latency.
741 records sent, 148.2 records/sec (14.47 MB/sec), 26.5 ms avg latency, 139.0 ms max latency.
770 records sent, 153.7 records/sec (15.01 MB/sec), 24.6 ms avg latency, 89.0 ms max latency.
719 records sent, 143.1 records/sec (13.98 MB/sec), 24.1 ms avg latency, 84.0 ms max latency.
751 records sent, 149.8 records/sec (14.62 MB/sec), 29.5 ms avg latency, 171.0 ms max latency.
782 records sent, 155.1 records/sec (15.14 MB/sec), 25.4 ms avg latency, 137.0 ms max latency.
703 records sent, 140.4 records/sec (13.71 MB/sec), 23.3 ms avg latency, 140.0 ms max latency.
744 records sent, 148.7 records/sec (14.52 MB/sec), 20.6 ms avg latency, 105.0 ms max latency.
762 records sent, 151.9 records/sec (14.84 MB/sec), 19.6 ms avg latency, 92.0 ms max latency.
786 records sent, 156.9 records/sec (15.33 MB/sec), 92.4 ms avg latency, 472.0 ms max latency.
740 records sent, 148.0 records/sec (14.45 MB/sec), 20.7 ms avg latency, 93.0 ms max latency.
745 records sent, 148.9 records/sec (14.54 MB/sec), 16.5 ms avg latency, 62.0 ms max latency.
780 records sent, 155.8 records/sec (15.21 MB/sec), 20.0 ms avg latency, 121.0 ms max latency.
847 records sent, 169.2 records/sec (16.53 MB/sec), 19.3 ms avg latency, 126.0 ms max latency.
841 records sent, 168.2 records/sec (16.42 MB/sec), 26.3 ms avg latency, 122.0 ms max latency.
906 records sent, 181.1 records/sec (17.68 MB/sec), 21.0 ms avg latency, 118.0 ms max latency.
16666 records sent, 145.449150 records/sec (14.20 MB/sec), 53.55 ms avg latency, 4070.00 ms max latency, 19 ms 50th, 137 ms 95th, 929 ms 99th, 1244 ms 99.9th.
