run_id=security-overhead-final-factorial-mtls-b5-rf5-isr4-msg1024-tps10000-batch131072-acks1-prod6-compnone-trial3
producer_count=6
----- /var/lib/kafka-client/results/security-overhead-final-factorial-mtls-b5-rf5-isr4-msg1024-tps10000-batch131072-acks1-prod6-compnone-trial3/producer-perf-1.log -----
producer_index=1
producer_count=6
producer_records=16667
producer_throughput=1667
1 records sent, 0.1 records/sec (0.00 MB/sec), 8320.0 ms avg latency, 8320.0 ms max latency.
11340 records sent, 2223.5 records/sec (2.17 MB/sec), 3652.0 ms avg latency, 4819.0 ms max latency.
16667 records sent, 1147.232930 records/sec (1.12 MB/sec), 3920.28 ms avg latency, 8320.00 ms max latency, 4085 ms 50th, 4702 ms 95th, 4872 ms 99th, 5047 ms 99.9th.
----- /var/lib/kafka-client/results/security-overhead-final-factorial-mtls-b5-rf5-isr4-msg1024-tps10000-batch131072-acks1-prod6-compnone-trial3/producer-perf-2.log -----
producer_index=2
producer_count=6
producer_records=16667
producer_throughput=1667
1 records sent, 0.1 records/sec (0.00 MB/sec), 9394.0 ms avg latency, 9394.0 ms max latency.
15533 records sent, 3098.5 records/sec (3.03 MB/sec), 4136.7 ms avg latency, 5423.0 ms max latency.
16667 records sent, 1123.416015 records/sec (1.10 MB/sec), 4196.63 ms avg latency, 9394.00 ms max latency, 4258 ms 50th, 5100 ms 95th, 5374 ms 99th, 5437 ms 99.9th.
----- /var/lib/kafka-client/results/security-overhead-final-factorial-mtls-b5-rf5-isr4-msg1024-tps10000-batch131072-acks1-prod6-compnone-trial3/producer-perf-3.log -----
producer_index=3
producer_count=6
producer_records=16667
producer_throughput=1667
1 records sent, 0.1 records/sec (0.00 MB/sec), 8650.0 ms avg latency, 8650.0 ms max latency.
11592 records sent, 2268.0 records/sec (2.21 MB/sec), 4546.2 ms avg latency, 5786.0 ms max latency.
16667 records sent, 1117.915353 records/sec (1.09 MB/sec), 4831.43 ms avg latency, 8650.00 ms max latency, 4834 ms 50th, 5984 ms 95th, 6401 ms 99th, 6453 ms 99.9th.
----- /var/lib/kafka-client/results/security-overhead-final-factorial-mtls-b5-rf5-isr4-msg1024-tps10000-batch131072-acks1-prod6-compnone-trial3/producer-perf-4.log -----
producer_index=4
producer_count=6
producer_records=16667
producer_throughput=1667
1 records sent, 0.1 records/sec (0.00 MB/sec), 9568.0 ms avg latency, 9568.0 ms max latency.
16667 records sent, 1167.238602 records/sec (1.14 MB/sec), 4141.14 ms avg latency, 9568.00 ms max latency, 4126 ms 50th, 5250 ms 95th, 5318 ms 99th, 5417 ms 99.9th.
----- /var/lib/kafka-client/results/security-overhead-final-factorial-mtls-b5-rf5-isr4-msg1024-tps10000-batch131072-acks1-prod6-compnone-trial3/producer-perf-5.log -----
producer_index=5
producer_count=6
producer_records=16666
producer_throughput=1666
1 records sent, 0.1 records/sec (0.00 MB/sec), 2481.0 ms avg latency, 2481.0 ms max latency.
13104 records sent, 2580.5 records/sec (2.52 MB/sec), 4054.7 ms avg latency, 9315.0 ms max latency.
16666 records sent, 1120.252739 records/sec (1.09 MB/sec), 4243.96 ms avg latency, 9315.00 ms max latency, 4364 ms 50th, 5184 ms 95th, 5315 ms 99th, 5382 ms 99.9th.
----- /var/lib/kafka-client/results/security-overhead-final-factorial-mtls-b5-rf5-isr4-msg1024-tps10000-batch131072-acks1-prod6-compnone-trial3/producer-perf-6.log -----
producer_index=6
producer_count=6
producer_records=16666
producer_throughput=1666
1 records sent, 0.1 records/sec (0.00 MB/sec), 3003.0 ms avg latency, 3003.0 ms max latency.
15028 records sent, 2985.9 records/sec (2.92 MB/sec), 4372.3 ms avg latency, 9606.0 ms max latency.
16666 records sent, 1117.024129 records/sec (1.09 MB/sec), 4466.76 ms avg latency, 9606.00 ms max latency, 4509 ms 50th, 5492 ms 95th, 5703 ms 99th, 5705 ms 99.9th.
