run_id=security-overhead-final-factorial-plaintext-b5-rf5-isr4-msg102400-tps1000-batch131072-acksall-prod6-complz4-trial1
producer_count=6
----- /var/lib/kafka-client/results/security-overhead-final-factorial-plaintext-b5-rf5-isr4-msg102400-tps1000-batch131072-acksall-prod6-complz4-trial1/producer-perf-1.log -----
producer_index=1
producer_count=6
producer_records=16667
producer_throughput=167
12 records sent, 2.4 records/sec (0.23 MB/sec), 1010.0 ms avg latency, 4461.0 ms max latency.
425 records sent, 85.0 records/sec (8.30 MB/sec), 243.3 ms avg latency, 988.0 ms max latency.
522 records sent, 104.3 records/sec (10.19 MB/sec), 61.7 ms avg latency, 266.0 ms max latency.
577 records sent, 115.1 records/sec (11.24 MB/sec), 31.3 ms avg latency, 162.0 ms max latency.
741 records sent, 148.0 records/sec (14.45 MB/sec), 26.6 ms avg latency, 89.0 ms max latency.
551 records sent, 110.1 records/sec (10.76 MB/sec), 31.5 ms avg latency, 205.0 ms max latency.
506 records sent, 101.0 records/sec (9.87 MB/sec), 27.4 ms avg latency, 92.0 ms max latency.
605 records sent, 121.0 records/sec (11.81 MB/sec), 27.6 ms avg latency, 140.0 ms max latency.
566 records sent, 113.0 records/sec (11.04 MB/sec), 30.4 ms avg latency, 136.0 ms max latency.
626 records sent, 125.1 records/sec (12.22 MB/sec), 42.7 ms avg latency, 243.0 ms max latency.
613 records sent, 122.5 records/sec (11.96 MB/sec), 27.6 ms avg latency, 117.0 ms max latency.
583 records sent, 116.5 records/sec (11.37 MB/sec), 25.3 ms avg latency, 114.0 ms max latency.
596 records sent, 119.1 records/sec (11.63 MB/sec), 26.9 ms avg latency, 170.0 ms max latency.
618 records sent, 123.4 records/sec (12.05 MB/sec), 27.1 ms avg latency, 149.0 ms max latency.
593 records sent, 118.6 records/sec (11.58 MB/sec), 24.5 ms avg latency, 90.0 ms max latency.
706 records sent, 141.2 records/sec (13.79 MB/sec), 41.5 ms avg latency, 169.0 ms max latency.
584 records sent, 116.4 records/sec (11.36 MB/sec), 23.0 ms avg latency, 105.0 ms max latency.
608 records sent, 121.3 records/sec (11.84 MB/sec), 23.8 ms avg latency, 91.0 ms max latency.
568 records sent, 113.0 records/sec (11.04 MB/sec), 25.3 ms avg latency, 110.0 ms max latency.
633 records sent, 126.4 records/sec (12.35 MB/sec), 223.7 ms avg latency, 914.0 ms max latency.
585 records sent, 117.0 records/sec (11.42 MB/sec), 25.3 ms avg latency, 137.0 ms max latency.
626 records sent, 124.6 records/sec (12.17 MB/sec), 22.5 ms avg latency, 117.0 ms max latency.
652 records sent, 130.2 records/sec (12.71 MB/sec), 23.3 ms avg latency, 125.0 ms max latency.
619 records sent, 123.4 records/sec (12.05 MB/sec), 25.0 ms avg latency, 139.0 ms max latency.
689 records sent, 137.7 records/sec (13.44 MB/sec), 24.1 ms avg latency, 97.0 ms max latency.
704 records sent, 140.6 records/sec (13.73 MB/sec), 20.9 ms avg latency, 109.0 ms max latency.
696 records sent, 138.9 records/sec (13.57 MB/sec), 20.0 ms avg latency, 88.0 ms max latency.
757 records sent, 151.0 records/sec (14.74 MB/sec), 19.0 ms avg latency, 102.0 ms max latency.
16667 records sent, 117.882125 records/sec (11.51 MB/sec), 41.45 ms avg latency, 4461.00 ms max latency, 21 ms 50th, 114 ms 95th, 541 ms 99th, 841 ms 99.9th.
----- /var/lib/kafka-client/results/security-overhead-final-factorial-plaintext-b5-rf5-isr4-msg102400-tps1000-batch131072-acksall-prod6-complz4-trial1/producer-perf-2.log -----
producer_index=2
producer_count=6
producer_records=16667
producer_throughput=167
96 records sent, 19.0 records/sec (1.85 MB/sec), 375.6 ms avg latency, 3703.0 ms max latency.
426 records sent, 85.0 records/sec (8.30 MB/sec), 99.1 ms avg latency, 664.0 ms max latency.
512 records sent, 102.2 records/sec (9.98 MB/sec), 40.4 ms avg latency, 157.0 ms max latency.
631 records sent, 125.9 records/sec (12.30 MB/sec), 31.1 ms avg latency, 116.0 ms max latency.
651 records sent, 129.8 records/sec (12.67 MB/sec), 28.5 ms avg latency, 92.0 ms max latency.
591 records sent, 117.9 records/sec (11.51 MB/sec), 26.6 ms avg latency, 89.0 ms max latency.
662 records sent, 132.0 records/sec (12.89 MB/sec), 27.2 ms avg latency, 137.0 ms max latency.
635 records sent, 126.8 records/sec (12.39 MB/sec), 33.3 ms avg latency, 251.0 ms max latency.
556 records sent, 110.4 records/sec (10.79 MB/sec), 26.3 ms avg latency, 132.0 ms max latency.
540 records sent, 108.0 records/sec (10.54 MB/sec), 28.6 ms avg latency, 119.0 ms max latency.
719 records sent, 142.3 records/sec (13.90 MB/sec), 29.1 ms avg latency, 124.0 ms max latency.
557 records sent, 111.0 records/sec (10.84 MB/sec), 25.4 ms avg latency, 128.0 ms max latency.
567 records sent, 113.0 records/sec (11.04 MB/sec), 26.4 ms avg latency, 191.0 ms max latency.
591 records sent, 117.8 records/sec (11.50 MB/sec), 27.8 ms avg latency, 140.0 ms max latency.
604 records sent, 120.0 records/sec (11.71 MB/sec), 26.0 ms avg latency, 145.0 ms max latency.
565 records sent, 113.0 records/sec (11.04 MB/sec), 27.2 ms avg latency, 113.0 ms max latency.
558 records sent, 111.5 records/sec (10.89 MB/sec), 25.0 ms avg latency, 112.0 ms max latency.
571 records sent, 113.5 records/sec (11.08 MB/sec), 25.2 ms avg latency, 109.0 ms max latency.
604 records sent, 120.8 records/sec (11.79 MB/sec), 30.5 ms avg latency, 218.0 ms max latency.
652 records sent, 130.2 records/sec (12.71 MB/sec), 176.7 ms avg latency, 999.0 ms max latency.
645 records sent, 128.2 records/sec (12.52 MB/sec), 27.4 ms avg latency, 186.0 ms max latency.
661 records sent, 130.9 records/sec (12.78 MB/sec), 19.9 ms avg latency, 102.0 ms max latency.
631 records sent, 125.2 records/sec (12.23 MB/sec), 21.7 ms avg latency, 112.0 ms max latency.
631 records sent, 126.0 records/sec (12.30 MB/sec), 22.3 ms avg latency, 107.0 ms max latency.
627 records sent, 124.9 records/sec (12.20 MB/sec), 23.2 ms avg latency, 107.0 ms max latency.
768 records sent, 153.4 records/sec (14.98 MB/sec), 22.2 ms avg latency, 99.0 ms max latency.
683 records sent, 136.5 records/sec (13.33 MB/sec), 24.0 ms avg latency, 107.0 ms max latency.
16667 records sent, 118.785279 records/sec (11.60 MB/sec), 36.09 ms avg latency, 3703.00 ms max latency, 21 ms 50th, 89 ms 95th, 370 ms 99th, 775 ms 99.9th.
----- /var/lib/kafka-client/results/security-overhead-final-factorial-plaintext-b5-rf5-isr4-msg102400-tps1000-batch131072-acksall-prod6-complz4-trial1/producer-perf-3.log -----
producer_index=3
producer_count=6
producer_records=16667
producer_throughput=167
4 records sent, 0.8 records/sec (0.08 MB/sec), 1585.8 ms avg latency, 4510.0 ms max latency.
497 records sent, 99.2 records/sec (9.69 MB/sec), 246.3 ms avg latency, 969.0 ms max latency.
457 records sent, 91.4 records/sec (8.93 MB/sec), 56.6 ms avg latency, 160.0 ms max latency.
667 records sent, 133.1 records/sec (12.99 MB/sec), 28.2 ms avg latency, 126.0 ms max latency.
700 records sent, 139.3 records/sec (13.61 MB/sec), 26.7 ms avg latency, 145.0 ms max latency.
598 records sent, 119.6 records/sec (11.68 MB/sec), 27.1 ms avg latency, 90.0 ms max latency.
555 records sent, 110.9 records/sec (10.83 MB/sec), 34.8 ms avg latency, 178.0 ms max latency.
556 records sent, 111.0 records/sec (10.84 MB/sec), 31.7 ms avg latency, 118.0 ms max latency.
591 records sent, 117.8 records/sec (11.50 MB/sec), 30.8 ms avg latency, 153.0 ms max latency.
561 records sent, 112.0 records/sec (10.94 MB/sec), 30.2 ms avg latency, 104.0 ms max latency.
569 records sent, 113.7 records/sec (11.11 MB/sec), 27.4 ms avg latency, 131.0 ms max latency.
623 records sent, 124.6 records/sec (12.17 MB/sec), 29.6 ms avg latency, 120.0 ms max latency.
604 records sent, 120.7 records/sec (11.78 MB/sec), 26.4 ms avg latency, 126.0 ms max latency.
595 records sent, 119.0 records/sec (11.62 MB/sec), 28.4 ms avg latency, 168.0 ms max latency.
587 records sent, 117.3 records/sec (11.45 MB/sec), 27.3 ms avg latency, 132.0 ms max latency.
577 records sent, 115.2 records/sec (11.25 MB/sec), 23.5 ms avg latency, 89.0 ms max latency.
555 records sent, 110.5 records/sec (10.79 MB/sec), 23.3 ms avg latency, 73.0 ms max latency.
582 records sent, 116.4 records/sec (11.36 MB/sec), 23.7 ms avg latency, 102.0 ms max latency.
600 records sent, 119.9 records/sec (11.71 MB/sec), 32.6 ms avg latency, 340.0 ms max latency.
627 records sent, 125.3 records/sec (12.23 MB/sec), 178.9 ms avg latency, 908.0 ms max latency.
582 records sent, 116.4 records/sec (11.37 MB/sec), 26.0 ms avg latency, 124.0 ms max latency.
635 records sent, 126.9 records/sec (12.39 MB/sec), 23.0 ms avg latency, 159.0 ms max latency.
749 records sent, 149.5 records/sec (14.60 MB/sec), 34.0 ms avg latency, 231.0 ms max latency.
638 records sent, 127.3 records/sec (12.44 MB/sec), 19.3 ms avg latency, 86.0 ms max latency.
635 records sent, 126.7 records/sec (12.37 MB/sec), 22.6 ms avg latency, 133.0 ms max latency.
663 records sent, 132.3 records/sec (12.92 MB/sec), 19.1 ms avg latency, 114.0 ms max latency.
780 records sent, 155.9 records/sec (15.23 MB/sec), 22.3 ms avg latency, 127.0 ms max latency.
775 records sent, 154.9 records/sec (15.13 MB/sec), 19.1 ms avg latency, 106.0 ms max latency.
16667 records sent, 118.082566 records/sec (11.53 MB/sec), 39.81 ms avg latency, 4510.00 ms max latency, 21 ms 50th, 98 ms 95th, 484 ms 99th, 819 ms 99.9th.
----- /var/lib/kafka-client/results/security-overhead-final-factorial-plaintext-b5-rf5-isr4-msg102400-tps1000-batch131072-acksall-prod6-complz4-trial1/producer-perf-4.log -----
producer_index=4
producer_count=6
producer_records=16667
producer_throughput=167
4 records sent, 0.8 records/sec (0.08 MB/sec), 1662.8 ms avg latency, 4655.0 ms max latency.
449 records sent, 89.7 records/sec (8.76 MB/sec), 451.7 ms avg latency, 1267.0 ms max latency.
479 records sent, 94.3 records/sec (9.21 MB/sec), 55.9 ms avg latency, 218.0 ms max latency.
568 records sent, 113.1 records/sec (11.04 MB/sec), 30.3 ms avg latency, 159.0 ms max latency.
667 records sent, 133.3 records/sec (13.02 MB/sec), 27.3 ms avg latency, 83.0 ms max latency.
555 records sent, 110.5 records/sec (10.79 MB/sec), 27.8 ms avg latency, 108.0 ms max latency.
575 records sent, 114.6 records/sec (11.19 MB/sec), 32.9 ms avg latency, 171.0 ms max latency.
566 records sent, 113.1 records/sec (11.05 MB/sec), 29.5 ms avg latency, 118.0 ms max latency.
577 records sent, 115.0 records/sec (11.23 MB/sec), 28.4 ms avg latency, 100.0 ms max latency.
610 records sent, 122.0 records/sec (11.91 MB/sec), 35.2 ms avg latency, 139.0 ms max latency.
584 records sent, 116.6 records/sec (11.39 MB/sec), 28.3 ms avg latency, 119.0 ms max latency.
570 records sent, 112.6 records/sec (10.99 MB/sec), 27.2 ms avg latency, 133.0 ms max latency.
604 records sent, 120.2 records/sec (11.74 MB/sec), 27.1 ms avg latency, 155.0 ms max latency.
595 records sent, 118.8 records/sec (11.60 MB/sec), 26.5 ms avg latency, 208.0 ms max latency.
615 records sent, 122.8 records/sec (11.99 MB/sec), 25.0 ms avg latency, 144.0 ms max latency.
604 records sent, 119.4 records/sec (11.66 MB/sec), 24.7 ms avg latency, 94.0 ms max latency.
593 records sent, 118.5 records/sec (11.58 MB/sec), 25.3 ms avg latency, 125.0 ms max latency.
623 records sent, 124.3 records/sec (12.13 MB/sec), 25.3 ms avg latency, 132.0 ms max latency.
651 records sent, 130.1 records/sec (12.71 MB/sec), 75.3 ms avg latency, 771.0 ms max latency.
728 records sent, 145.1 records/sec (14.17 MB/sec), 232.5 ms avg latency, 1072.0 ms max latency.
579 records sent, 115.8 records/sec (11.31 MB/sec), 27.2 ms avg latency, 156.0 ms max latency.
615 records sent, 122.4 records/sec (11.95 MB/sec), 22.1 ms avg latency, 122.0 ms max latency.
658 records sent, 131.0 records/sec (12.79 MB/sec), 24.9 ms avg latency, 95.0 ms max latency.
698 records sent, 138.9 records/sec (13.56 MB/sec), 21.4 ms avg latency, 84.0 ms max latency.
659 records sent, 131.7 records/sec (12.86 MB/sec), 23.0 ms avg latency, 110.0 ms max latency.
721 records sent, 144.1 records/sec (14.07 MB/sec), 19.8 ms avg latency, 90.0 ms max latency.
725 records sent, 144.7 records/sec (14.13 MB/sec), 21.0 ms avg latency, 98.0 ms max latency.
16667 records sent, 118.266065 records/sec (11.55 MB/sec), 49.48 ms avg latency, 4655.00 ms max latency, 21 ms 50th, 112 ms 95th, 780 ms 99th, 1059 ms 99.9th.
----- /var/lib/kafka-client/results/security-overhead-final-factorial-plaintext-b5-rf5-isr4-msg102400-tps1000-batch131072-acksall-prod6-complz4-trial1/producer-perf-5.log -----
producer_index=5
producer_count=6
producer_records=16666
producer_throughput=166
2 records sent, 0.4 records/sec (0.04 MB/sec), 2818.0 ms avg latency, 4876.0 ms max latency.
384 records sent, 76.6 records/sec (7.48 MB/sec), 323.9 ms avg latency, 1362.0 ms max latency.
462 records sent, 91.7 records/sec (8.96 MB/sec), 49.6 ms avg latency, 164.0 ms max latency.
623 records sent, 124.5 records/sec (12.16 MB/sec), 33.1 ms avg latency, 107.0 ms max latency.
641 records sent, 127.4 records/sec (12.44 MB/sec), 33.6 ms avg latency, 188.0 ms max latency.
554 records sent, 110.7 records/sec (10.81 MB/sec), 25.8 ms avg latency, 111.0 ms max latency.
593 records sent, 118.2 records/sec (11.54 MB/sec), 27.1 ms avg latency, 104.0 ms max latency.
568 records sent, 113.5 records/sec (11.08 MB/sec), 34.7 ms avg latency, 125.0 ms max latency.
576 records sent, 115.1 records/sec (11.24 MB/sec), 28.8 ms avg latency, 167.0 ms max latency.
524 records sent, 104.7 records/sec (10.22 MB/sec), 28.0 ms avg latency, 132.0 ms max latency.
513 records sent, 102.3 records/sec (9.99 MB/sec), 24.9 ms avg latency, 114.0 ms max latency.
569 records sent, 113.7 records/sec (11.11 MB/sec), 34.1 ms avg latency, 138.0 ms max latency.
635 records sent, 125.4 records/sec (12.24 MB/sec), 23.4 ms avg latency, 143.0 ms max latency.
664 records sent, 132.8 records/sec (12.97 MB/sec), 36.0 ms avg latency, 195.0 ms max latency.
638 records sent, 127.4 records/sec (12.44 MB/sec), 25.6 ms avg latency, 129.0 ms max latency.
629 records sent, 125.6 records/sec (12.27 MB/sec), 26.6 ms avg latency, 113.0 ms max latency.
605 records sent, 120.8 records/sec (11.80 MB/sec), 29.5 ms avg latency, 148.0 ms max latency.
631 records sent, 125.5 records/sec (12.26 MB/sec), 23.3 ms avg latency, 102.0 ms max latency.
653 records sent, 130.3 records/sec (12.73 MB/sec), 27.9 ms avg latency, 203.0 ms max latency.
588 records sent, 117.4 records/sec (11.47 MB/sec), 141.8 ms avg latency, 768.0 ms max latency.
557 records sent, 111.4 records/sec (10.87 MB/sec), 26.6 ms avg latency, 120.0 ms max latency.
671 records sent, 134.2 records/sec (13.10 MB/sec), 22.5 ms avg latency, 104.0 ms max latency.
643 records sent, 128.5 records/sec (12.55 MB/sec), 21.4 ms avg latency, 76.0 ms max latency.
693 records sent, 138.6 records/sec (13.53 MB/sec), 25.2 ms avg latency, 200.0 ms max latency.
603 records sent, 120.0 records/sec (11.72 MB/sec), 21.5 ms avg latency, 103.0 ms max latency.
687 records sent, 137.4 records/sec (13.42 MB/sec), 19.4 ms avg latency, 120.0 ms max latency.
677 records sent, 135.0 records/sec (13.18 MB/sec), 20.0 ms avg latency, 96.0 ms max latency.
765 records sent, 152.9 records/sec (14.94 MB/sec), 18.5 ms avg latency, 88.0 ms max latency.
16666 records sent, 117.395133 records/sec (11.46 MB/sec), 38.05 ms avg latency, 4876.00 ms max latency, 21 ms 50th, 97 ms 95th, 436 ms 99th, 894 ms 99.9th.
----- /var/lib/kafka-client/results/security-overhead-final-factorial-plaintext-b5-rf5-isr4-msg102400-tps1000-batch131072-acksall-prod6-complz4-trial1/producer-perf-6.log -----
producer_index=6
producer_count=6
producer_records=16666
producer_throughput=166
4 records sent, 0.8 records/sec (0.08 MB/sec), 1485.8 ms avg latency, 4634.0 ms max latency.
461 records sent, 92.2 records/sec (9.00 MB/sec), 342.7 ms avg latency, 1105.0 ms max latency.
426 records sent, 85.0 records/sec (8.30 MB/sec), 48.8 ms avg latency, 170.0 ms max latency.
531 records sent, 106.1 records/sec (10.36 MB/sec), 28.5 ms avg latency, 104.0 ms max latency.
625 records sent, 124.9 records/sec (12.20 MB/sec), 30.4 ms avg latency, 145.0 ms max latency.
577 records sent, 115.2 records/sec (11.25 MB/sec), 28.4 ms avg latency, 126.0 ms max latency.
544 records sent, 108.6 records/sec (10.61 MB/sec), 29.9 ms avg latency, 135.0 ms max latency.
522 records sent, 104.3 records/sec (10.18 MB/sec), 27.1 ms avg latency, 105.0 ms max latency.
586 records sent, 117.1 records/sec (11.43 MB/sec), 29.5 ms avg latency, 142.0 ms max latency.
527 records sent, 104.4 records/sec (10.19 MB/sec), 24.8 ms avg latency, 125.0 ms max latency.
548 records sent, 109.5 records/sec (10.70 MB/sec), 28.6 ms avg latency, 129.0 ms max latency.
580 records sent, 116.0 records/sec (11.32 MB/sec), 28.8 ms avg latency, 128.0 ms max latency.
590 records sent, 117.5 records/sec (11.48 MB/sec), 25.9 ms avg latency, 126.0 ms max latency.
606 records sent, 121.0 records/sec (11.82 MB/sec), 27.8 ms avg latency, 161.0 ms max latency.
604 records sent, 119.4 records/sec (11.66 MB/sec), 27.1 ms avg latency, 158.0 ms max latency.
608 records sent, 120.8 records/sec (11.80 MB/sec), 26.1 ms avg latency, 109.0 ms max latency.
605 records sent, 121.0 records/sec (11.81 MB/sec), 25.8 ms avg latency, 105.0 ms max latency.
593 records sent, 118.3 records/sec (11.55 MB/sec), 22.6 ms avg latency, 119.0 ms max latency.
556 records sent, 110.3 records/sec (10.78 MB/sec), 28.1 ms avg latency, 179.0 ms max latency.
614 records sent, 122.8 records/sec (11.99 MB/sec), 183.6 ms avg latency, 927.0 ms max latency.
602 records sent, 120.4 records/sec (11.76 MB/sec), 28.8 ms avg latency, 133.0 ms max latency.
686 records sent, 137.1 records/sec (13.39 MB/sec), 22.4 ms avg latency, 107.0 ms max latency.
657 records sent, 131.3 records/sec (12.82 MB/sec), 24.6 ms avg latency, 116.0 ms max latency.
749 records sent, 149.8 records/sec (14.63 MB/sec), 21.9 ms avg latency, 79.0 ms max latency.
710 records sent, 141.7 records/sec (13.84 MB/sec), 21.7 ms avg latency, 87.0 ms max latency.
746 records sent, 149.0 records/sec (14.55 MB/sec), 18.1 ms avg latency, 93.0 ms max latency.
666 records sent, 132.7 records/sec (12.96 MB/sec), 19.1 ms avg latency, 85.0 ms max latency.
860 records sent, 172.0 records/sec (16.80 MB/sec), 19.8 ms avg latency, 108.0 ms max latency.
16666 records sent, 117.515160 records/sec (11.48 MB/sec), 40.67 ms avg latency, 4634.00 ms max latency, 21 ms 50th, 94 ms 95th, 556 ms 99th, 896 ms 99.9th.
