run_id=security-overhead-final-factorial-mtls-b5-rf5-isr3-msg10240-tps10000-batch16384-acksall-prod6-compnone-trial1
producer_count=6
----- /var/lib/kafka-client/results/security-overhead-final-factorial-mtls-b5-rf5-isr3-msg10240-tps10000-batch16384-acksall-prod6-compnone-trial1/producer-perf-1.log -----
producer_index=1
producer_count=6
producer_records=16667
producer_throughput=1667
1 records sent, 0.1 records/sec (0.00 MB/sec), 8439.0 ms avg latency, 8439.0 ms max latency.
729 records sent, 145.7 records/sec (1.42 MB/sec), 4976.5 ms avg latency, 6533.0 ms max latency.
1842 records sent, 368.0 records/sec (3.59 MB/sec), 7221.3 ms avg latency, 8594.0 ms max latency.
3054 records sent, 610.4 records/sec (5.96 MB/sec), 3911.0 ms avg latency, 5993.0 ms max latency.
3056 records sent, 609.9 records/sec (5.96 MB/sec), 3339.1 ms avg latency, 3731.0 ms max latency.
3237 records sent, 647.0 records/sec (6.32 MB/sec), 3231.0 ms avg latency, 3570.0 ms max latency.
3210 records sent, 641.7 records/sec (6.27 MB/sec), 3233.6 ms avg latency, 3418.0 ms max latency.
16667 records sent, 412.131253 records/sec (4.02 MB/sec), 3856.69 ms avg latency, 8594.00 ms max latency, 3296 ms 50th, 7414 ms 95th, 8195 ms 99th, 8453 ms 99.9th.
----- /var/lib/kafka-client/results/security-overhead-final-factorial-mtls-b5-rf5-isr3-msg10240-tps10000-batch16384-acksall-prod6-compnone-trial1/producer-perf-2.log -----
producer_index=2
producer_count=6
producer_records=16667
producer_throughput=1667
1 records sent, 0.1 records/sec (0.00 MB/sec), 9307.0 ms avg latency, 9307.0 ms max latency.
625 records sent, 124.8 records/sec (1.22 MB/sec), 4603.8 ms avg latency, 6596.0 ms max latency.
1339 records sent, 267.1 records/sec (2.61 MB/sec), 8016.1 ms avg latency, 9821.0 ms max latency.
1839 records sent, 367.8 records/sec (3.59 MB/sec), 7097.4 ms avg latency, 10126.0 ms max latency.
2093 records sent, 417.9 records/sec (4.08 MB/sec), 5176.3 ms avg latency, 5729.0 ms max latency.
2571 records sent, 513.1 records/sec (5.01 MB/sec), 4528.6 ms avg latency, 5090.0 ms max latency.
3219 records sent, 643.5 records/sec (6.28 MB/sec), 3506.7 ms avg latency, 3904.0 ms max latency.
16667 records sent, 397.524268 records/sec (3.88 MB/sec), 4041.40 ms avg latency, 10126.00 ms max latency, 3797 ms 50th, 8589 ms 95th, 9718 ms 99th, 10017 ms 99.9th.
----- /var/lib/kafka-client/results/security-overhead-final-factorial-mtls-b5-rf5-isr3-msg10240-tps10000-batch16384-acksall-prod6-compnone-trial1/producer-perf-3.log -----
producer_index=3
producer_count=6
producer_records=16667
producer_throughput=1667
1 records sent, 0.1 records/sec (0.00 MB/sec), 8363.0 ms avg latency, 8363.0 ms max latency.
502 records sent, 100.0 records/sec (0.98 MB/sec), 4759.4 ms avg latency, 6497.0 ms max latency.
1678 records sent, 335.3 records/sec (3.27 MB/sec), 7880.0 ms avg latency, 8936.0 ms max latency.
2634 records sent, 525.7 records/sec (5.13 MB/sec), 4549.5 ms avg latency, 8105.0 ms max latency.
3206 records sent, 641.2 records/sec (6.26 MB/sec), 3397.2 ms avg latency, 3959.0 ms max latency.
2962 records sent, 592.4 records/sec (5.79 MB/sec), 3414.9 ms avg latency, 3755.0 ms max latency.
3367 records sent, 673.1 records/sec (6.57 MB/sec), 3142.6 ms avg latency, 3566.0 ms max latency.
16667 records sent, 403.422569 records/sec (3.94 MB/sec), 3931.01 ms avg latency, 8936.00 ms max latency, 3422 ms 50th, 8074 ms 95th, 8676 ms 99th, 8879 ms 99.9th.
----- /var/lib/kafka-client/results/security-overhead-final-factorial-mtls-b5-rf5-isr3-msg10240-tps10000-batch16384-acksall-prod6-compnone-trial1/producer-perf-4.log -----
producer_index=4
producer_count=6
producer_records=16667
producer_throughput=1667
1 records sent, 0.1 records/sec (0.00 MB/sec), 8977.0 ms avg latency, 8977.0 ms max latency.
499 records sent, 99.3 records/sec (0.97 MB/sec), 5538.6 ms avg latency, 7414.0 ms max latency.
1678 records sent, 335.6 records/sec (3.28 MB/sec), 8823.3 ms avg latency, 10090.0 ms max latency.
2902 records sent, 580.3 records/sec (5.67 MB/sec), 4387.8 ms avg latency, 10283.0 ms max latency.
3132 records sent, 626.4 records/sec (6.12 MB/sec), 3269.4 ms avg latency, 3601.0 ms max latency.
3442 records sent, 687.4 records/sec (6.71 MB/sec), 3071.4 ms avg latency, 3533.0 ms max latency.
3627 records sent, 722.7 records/sec (7.06 MB/sec), 2906.9 ms avg latency, 3179.0 ms max latency.
16667 records sent, 408.474867 records/sec (3.99 MB/sec), 3915.76 ms avg latency, 10283.00 ms max latency, 3192 ms 50th, 8956 ms 95th, 9573 ms 99th, 10090 ms 99.9th.
----- /var/lib/kafka-client/results/security-overhead-final-factorial-mtls-b5-rf5-isr3-msg10240-tps10000-batch16384-acksall-prod6-compnone-trial1/producer-perf-5.log -----
producer_index=5
producer_count=6
producer_records=16666
producer_throughput=1666
1 records sent, 0.1 records/sec (0.00 MB/sec), 2869.0 ms avg latency, 2869.0 ms max latency.
614 records sent, 122.7 records/sec (1.20 MB/sec), 5287.1 ms avg latency, 8814.0 ms max latency.
1745 records sent, 347.9 records/sec (3.40 MB/sec), 7902.0 ms avg latency, 9329.0 ms max latency.
2920 records sent, 582.7 records/sec (5.69 MB/sec), 4219.0 ms avg latency, 6724.0 ms max latency.
3308 records sent, 659.6 records/sec (6.44 MB/sec), 3185.8 ms avg latency, 3476.0 ms max latency.
3231 records sent, 645.9 records/sec (6.31 MB/sec), 3143.0 ms avg latency, 3399.0 ms max latency.
3551 records sent, 709.8 records/sec (6.93 MB/sec), 3088.8 ms avg latency, 3419.0 ms max latency.
16666 records sent, 409.564534 records/sec (4.00 MB/sec), 3862.60 ms avg latency, 9329.00 ms max latency, 3218 ms 50th, 8061 ms 95th, 8866 ms 99th, 9200 ms 99.9th.
----- /var/lib/kafka-client/results/security-overhead-final-factorial-mtls-b5-rf5-isr3-msg10240-tps10000-batch16384-acksall-prod6-compnone-trial1/producer-perf-6.log -----
producer_index=6
producer_count=6
producer_records=16666
producer_throughput=1666
1 records sent, 0.1 records/sec (0.00 MB/sec), 3323.0 ms avg latency, 3323.0 ms max latency.
551 records sent, 110.1 records/sec (1.07 MB/sec), 5614.5 ms avg latency, 8889.0 ms max latency.
1671 records sent, 334.0 records/sec (3.26 MB/sec), 8258.8 ms avg latency, 9859.0 ms max latency.
2646 records sent, 528.6 records/sec (5.16 MB/sec), 4743.0 ms avg latency, 7810.0 ms max latency.
2864 records sent, 568.1 records/sec (5.55 MB/sec), 3703.6 ms avg latency, 4070.0 ms max latency.
3297 records sent, 657.2 records/sec (6.42 MB/sec), 3126.9 ms avg latency, 3653.0 ms max latency.
3356 records sent, 670.7 records/sec (6.55 MB/sec), 3116.0 ms avg latency, 3296.0 ms max latency.
16666 records sent, 401.783992 records/sec (3.92 MB/sec), 4037.10 ms avg latency, 9859.00 ms max latency, 3228 ms 50th, 8362 ms 95th, 9127 ms 99th, 9653 ms 99.9th.
