run_id=security-overhead-final-factorial-plaintext-b5-rf3-isr3-msg10240-tps1000-batch131072-acksall-prod6-compnone-trial2
producer_count=6
----- /var/lib/kafka-client/results/security-overhead-final-factorial-plaintext-b5-rf3-isr3-msg10240-tps1000-batch131072-acksall-prod6-compnone-trial2/producer-perf-1.log -----
producer_index=1
producer_count=6
producer_records=16667
producer_throughput=167
803 records sent, 160.4 records/sec (1.57 MB/sec), 362.3 ms avg latency, 3804.0 ms max latency.
871 records sent, 174.1 records/sec (1.70 MB/sec), 34.2 ms avg latency, 332.0 ms max latency.
838 records sent, 167.3 records/sec (1.63 MB/sec), 9.8 ms avg latency, 29.0 ms max latency.
839 records sent, 167.7 records/sec (1.64 MB/sec), 12.3 ms avg latency, 83.0 ms max latency.
832 records sent, 166.1 records/sec (1.62 MB/sec), 11.9 ms avg latency, 77.0 ms max latency.
841 records sent, 168.2 records/sec (1.64 MB/sec), 11.0 ms avg latency, 55.0 ms max latency.
832 records sent, 166.0 records/sec (1.62 MB/sec), 11.9 ms avg latency, 92.0 ms max latency.
842 records sent, 168.3 records/sec (1.64 MB/sec), 12.4 ms avg latency, 120.0 ms max latency.
831 records sent, 165.9 records/sec (1.62 MB/sec), 11.7 ms avg latency, 76.0 ms max latency.
846 records sent, 169.1 records/sec (1.65 MB/sec), 10.8 ms avg latency, 76.0 ms max latency.
836 records sent, 167.1 records/sec (1.63 MB/sec), 8.7 ms avg latency, 52.0 ms max latency.
835 records sent, 166.9 records/sec (1.63 MB/sec), 9.0 ms avg latency, 44.0 ms max latency.
836 records sent, 167.1 records/sec (1.63 MB/sec), 8.7 ms avg latency, 71.0 ms max latency.
836 records sent, 167.1 records/sec (1.63 MB/sec), 7.8 ms avg latency, 29.0 ms max latency.
836 records sent, 167.0 records/sec (1.63 MB/sec), 7.5 ms avg latency, 25.0 ms max latency.
836 records sent, 167.1 records/sec (1.63 MB/sec), 7.0 ms avg latency, 12.0 ms max latency.
835 records sent, 166.9 records/sec (1.63 MB/sec), 7.3 ms avg latency, 39.0 ms max latency.
837 records sent, 167.2 records/sec (1.63 MB/sec), 7.3 ms avg latency, 40.0 ms max latency.
835 records sent, 166.8 records/sec (1.63 MB/sec), 7.5 ms avg latency, 45.0 ms max latency.
16667 records sent, 166.940444 records/sec (1.63 MB/sec), 27.73 ms avg latency, 3804.00 ms max latency, 8 ms 50th, 111 ms 95th, 478 ms 99th, 649 ms 99.9th.
----- /var/lib/kafka-client/results/security-overhead-final-factorial-plaintext-b5-rf3-isr3-msg10240-tps1000-batch131072-acksall-prod6-compnone-trial2/producer-perf-2.log -----
producer_index=2
producer_count=6
producer_records=16667
producer_throughput=167
157 records sent, 31.3 records/sec (0.31 MB/sec), 450.8 ms avg latency, 4404.0 ms max latency.
1520 records sent, 303.6 records/sec (2.97 MB/sec), 217.2 ms avg latency, 850.0 ms max latency.
837 records sent, 167.2 records/sec (1.63 MB/sec), 10.1 ms avg latency, 39.0 ms max latency.
835 records sent, 167.0 records/sec (1.63 MB/sec), 11.7 ms avg latency, 80.0 ms max latency.
835 records sent, 166.9 records/sec (1.63 MB/sec), 12.0 ms avg latency, 62.0 ms max latency.
839 records sent, 167.5 records/sec (1.64 MB/sec), 10.8 ms avg latency, 47.0 ms max latency.
837 records sent, 167.2 records/sec (1.63 MB/sec), 13.2 ms avg latency, 80.0 ms max latency.
837 records sent, 167.1 records/sec (1.63 MB/sec), 10.6 ms avg latency, 64.0 ms max latency.
837 records sent, 167.4 records/sec (1.63 MB/sec), 12.0 ms avg latency, 96.0 ms max latency.
836 records sent, 167.1 records/sec (1.63 MB/sec), 10.5 ms avg latency, 66.0 ms max latency.
837 records sent, 167.3 records/sec (1.63 MB/sec), 8.9 ms avg latency, 57.0 ms max latency.
835 records sent, 167.0 records/sec (1.63 MB/sec), 9.4 ms avg latency, 60.0 ms max latency.
836 records sent, 167.2 records/sec (1.63 MB/sec), 9.3 ms avg latency, 86.0 ms max latency.
836 records sent, 167.1 records/sec (1.63 MB/sec), 7.7 ms avg latency, 25.0 ms max latency.
835 records sent, 167.0 records/sec (1.63 MB/sec), 7.5 ms avg latency, 24.0 ms max latency.
836 records sent, 167.1 records/sec (1.63 MB/sec), 7.0 ms avg latency, 21.0 ms max latency.
835 records sent, 166.9 records/sec (1.63 MB/sec), 7.3 ms avg latency, 37.0 ms max latency.
836 records sent, 167.0 records/sec (1.63 MB/sec), 7.1 ms avg latency, 28.0 ms max latency.
836 records sent, 167.1 records/sec (1.63 MB/sec), 7.3 ms avg latency, 39.0 ms max latency.
16667 records sent, 166.890295 records/sec (1.63 MB/sec), 32.53 ms avg latency, 4404.00 ms max latency, 8 ms 50th, 188 ms 95th, 609 ms 99th, 832 ms 99.9th.
----- /var/lib/kafka-client/results/security-overhead-final-factorial-plaintext-b5-rf3-isr3-msg10240-tps1000-batch131072-acksall-prod6-compnone-trial2/producer-perf-3.log -----
producer_index=3
producer_count=6
producer_records=16667
producer_throughput=167
569 records sent, 112.8 records/sec (1.10 MB/sec), 313.1 ms avg latency, 3851.0 ms max latency.
1106 records sent, 221.1 records/sec (2.16 MB/sec), 74.8 ms avg latency, 360.0 ms max latency.
837 records sent, 167.2 records/sec (1.63 MB/sec), 9.9 ms avg latency, 36.0 ms max latency.
831 records sent, 165.8 records/sec (1.62 MB/sec), 11.7 ms avg latency, 79.0 ms max latency.
842 records sent, 168.4 records/sec (1.64 MB/sec), 11.7 ms avg latency, 71.0 ms max latency.
828 records sent, 165.4 records/sec (1.62 MB/sec), 11.7 ms avg latency, 81.0 ms max latency.
846 records sent, 169.0 records/sec (1.65 MB/sec), 12.3 ms avg latency, 95.0 ms max latency.
834 records sent, 166.7 records/sec (1.63 MB/sec), 11.3 ms avg latency, 92.0 ms max latency.
842 records sent, 168.3 records/sec (1.64 MB/sec), 10.8 ms avg latency, 73.0 ms max latency.
836 records sent, 167.1 records/sec (1.63 MB/sec), 10.5 ms avg latency, 67.0 ms max latency.
841 records sent, 168.2 records/sec (1.64 MB/sec), 9.1 ms avg latency, 50.0 ms max latency.
838 records sent, 167.3 records/sec (1.63 MB/sec), 8.7 ms avg latency, 42.0 ms max latency.
836 records sent, 167.2 records/sec (1.63 MB/sec), 8.4 ms avg latency, 46.0 ms max latency.
836 records sent, 167.1 records/sec (1.63 MB/sec), 7.6 ms avg latency, 31.0 ms max latency.
836 records sent, 167.1 records/sec (1.63 MB/sec), 7.4 ms avg latency, 23.0 ms max latency.
835 records sent, 166.8 records/sec (1.63 MB/sec), 7.1 ms avg latency, 36.0 ms max latency.
837 records sent, 167.2 records/sec (1.63 MB/sec), 7.3 ms avg latency, 44.0 ms max latency.
835 records sent, 166.9 records/sec (1.63 MB/sec), 7.1 ms avg latency, 29.0 ms max latency.
836 records sent, 167.0 records/sec (1.63 MB/sec), 8.0 ms avg latency, 50.0 ms max latency.
16667 records sent, 166.825147 records/sec (1.63 MB/sec), 24.04 ms avg latency, 3851.00 ms max latency, 8 ms 50th, 128 ms 95th, 377 ms 99th, 503 ms 99.9th.
----- /var/lib/kafka-client/results/security-overhead-final-factorial-plaintext-b5-rf3-isr3-msg10240-tps1000-batch131072-acksall-prod6-compnone-trial2/producer-perf-4.log -----
producer_index=4
producer_count=6
producer_records=16667
producer_throughput=167
228 records sent, 45.6 records/sec (0.44 MB/sec), 233.1 ms avg latency, 4077.0 ms max latency.
1440 records sent, 287.9 records/sec (2.81 MB/sec), 141.5 ms avg latency, 516.0 ms max latency.
838 records sent, 167.3 records/sec (1.63 MB/sec), 10.7 ms avg latency, 41.0 ms max latency.
836 records sent, 167.1 records/sec (1.63 MB/sec), 11.6 ms avg latency, 80.0 ms max latency.
834 records sent, 166.7 records/sec (1.63 MB/sec), 11.5 ms avg latency, 61.0 ms max latency.
839 records sent, 167.7 records/sec (1.64 MB/sec), 11.5 ms avg latency, 60.0 ms max latency.
833 records sent, 166.6 records/sec (1.63 MB/sec), 12.0 ms avg latency, 63.0 ms max latency.
839 records sent, 167.6 records/sec (1.64 MB/sec), 10.7 ms avg latency, 61.0 ms max latency.
835 records sent, 167.0 records/sec (1.63 MB/sec), 11.4 ms avg latency, 55.0 ms max latency.
837 records sent, 167.2 records/sec (1.63 MB/sec), 11.1 ms avg latency, 91.0 ms max latency.
835 records sent, 166.9 records/sec (1.63 MB/sec), 8.9 ms avg latency, 52.0 ms max latency.
836 records sent, 167.1 records/sec (1.63 MB/sec), 9.1 ms avg latency, 64.0 ms max latency.
835 records sent, 167.0 records/sec (1.63 MB/sec), 8.4 ms avg latency, 68.0 ms max latency.
836 records sent, 167.1 records/sec (1.63 MB/sec), 7.6 ms avg latency, 24.0 ms max latency.
836 records sent, 167.0 records/sec (1.63 MB/sec), 7.4 ms avg latency, 24.0 ms max latency.
836 records sent, 167.0 records/sec (1.63 MB/sec), 7.0 ms avg latency, 23.0 ms max latency.
835 records sent, 167.0 records/sec (1.63 MB/sec), 7.3 ms avg latency, 37.0 ms max latency.
836 records sent, 167.2 records/sec (1.63 MB/sec), 7.2 ms avg latency, 41.0 ms max latency.
836 records sent, 167.1 records/sec (1.63 MB/sec), 7.6 ms avg latency, 41.0 ms max latency.
16667 records sent, 166.795096 records/sec (1.63 MB/sec), 23.83 ms avg latency, 4077.00 ms max latency, 8 ms 50th, 127 ms 95th, 346 ms 99th, 465 ms 99.9th.
----- /var/lib/kafka-client/results/security-overhead-final-factorial-plaintext-b5-rf3-isr3-msg10240-tps1000-batch131072-acksall-prod6-compnone-trial2/producer-perf-5.log -----
producer_index=5
producer_count=6
producer_records=16666
producer_throughput=166
85 records sent, 16.8 records/sec (0.16 MB/sec), 608.9 ms avg latency, 4652.0 ms max latency.
1587 records sent, 317.2 records/sec (3.10 MB/sec), 246.9 ms avg latency, 801.0 ms max latency.
831 records sent, 166.0 records/sec (1.62 MB/sec), 10.5 ms avg latency, 41.0 ms max latency.
830 records sent, 165.7 records/sec (1.62 MB/sec), 12.0 ms avg latency, 75.0 ms max latency.
832 records sent, 166.3 records/sec (1.62 MB/sec), 12.2 ms avg latency, 54.0 ms max latency.
833 records sent, 166.3 records/sec (1.62 MB/sec), 11.7 ms avg latency, 60.0 ms max latency.
823 records sent, 163.7 records/sec (1.60 MB/sec), 12.2 ms avg latency, 91.0 ms max latency.
852 records sent, 170.4 records/sec (1.66 MB/sec), 12.9 ms avg latency, 121.0 ms max latency.
832 records sent, 166.2 records/sec (1.62 MB/sec), 12.0 ms avg latency, 84.0 ms max latency.
832 records sent, 166.3 records/sec (1.62 MB/sec), 10.3 ms avg latency, 58.0 ms max latency.
829 records sent, 165.8 records/sec (1.62 MB/sec), 9.2 ms avg latency, 74.0 ms max latency.
832 records sent, 165.2 records/sec (1.61 MB/sec), 8.8 ms avg latency, 43.0 ms max latency.
836 records sent, 167.0 records/sec (1.63 MB/sec), 8.8 ms avg latency, 69.0 ms max latency.
831 records sent, 166.0 records/sec (1.62 MB/sec), 7.9 ms avg latency, 29.0 ms max latency.
831 records sent, 166.2 records/sec (1.62 MB/sec), 7.6 ms avg latency, 25.0 ms max latency.
831 records sent, 166.2 records/sec (1.62 MB/sec), 7.1 ms avg latency, 20.0 ms max latency.
829 records sent, 165.8 records/sec (1.62 MB/sec), 7.2 ms avg latency, 25.0 ms max latency.
832 records sent, 166.4 records/sec (1.62 MB/sec), 7.1 ms avg latency, 26.0 ms max latency.
831 records sent, 166.0 records/sec (1.62 MB/sec), 7.8 ms avg latency, 47.0 ms max latency.
830 records sent, 166.0 records/sec (1.62 MB/sec), 7.2 ms avg latency, 26.0 ms max latency.
16666 records sent, 165.891920 records/sec (1.62 MB/sec), 35.23 ms avg latency, 4652.00 ms max latency, 8 ms 50th, 277 ms 95th, 571 ms 99th, 773 ms 99.9th.
----- /var/lib/kafka-client/results/security-overhead-final-factorial-plaintext-b5-rf3-isr3-msg10240-tps1000-batch131072-acksall-prod6-compnone-trial2/producer-perf-6.log -----
producer_index=6
producer_count=6
producer_records=16666
producer_throughput=166
569 records sent, 113.8 records/sec (1.11 MB/sec), 245.0 ms avg latency, 3831.0 ms max latency.
1096 records sent, 219.2 records/sec (2.14 MB/sec), 80.1 ms avg latency, 388.0 ms max latency.
832 records sent, 166.0 records/sec (1.62 MB/sec), 10.5 ms avg latency, 42.0 ms max latency.
837 records sent, 167.3 records/sec (1.63 MB/sec), 13.1 ms avg latency, 107.0 ms max latency.
829 records sent, 165.8 records/sec (1.62 MB/sec), 11.6 ms avg latency, 59.0 ms max latency.
832 records sent, 166.1 records/sec (1.62 MB/sec), 12.0 ms avg latency, 99.0 ms max latency.
831 records sent, 166.1 records/sec (1.62 MB/sec), 11.5 ms avg latency, 86.0 ms max latency.
831 records sent, 166.1 records/sec (1.62 MB/sec), 11.1 ms avg latency, 85.0 ms max latency.
831 records sent, 166.1 records/sec (1.62 MB/sec), 11.4 ms avg latency, 89.0 ms max latency.
829 records sent, 165.8 records/sec (1.62 MB/sec), 11.0 ms avg latency, 73.0 ms max latency.
832 records sent, 166.3 records/sec (1.62 MB/sec), 8.3 ms avg latency, 52.0 ms max latency.
831 records sent, 166.0 records/sec (1.62 MB/sec), 9.7 ms avg latency, 61.0 ms max latency.
831 records sent, 166.0 records/sec (1.62 MB/sec), 8.8 ms avg latency, 71.0 ms max latency.
831 records sent, 166.0 records/sec (1.62 MB/sec), 7.8 ms avg latency, 29.0 ms max latency.
831 records sent, 166.0 records/sec (1.62 MB/sec), 7.5 ms avg latency, 22.0 ms max latency.
831 records sent, 166.2 records/sec (1.62 MB/sec), 7.1 ms avg latency, 23.0 ms max latency.
831 records sent, 166.0 records/sec (1.62 MB/sec), 7.3 ms avg latency, 39.0 ms max latency.
831 records sent, 166.1 records/sec (1.62 MB/sec), 7.2 ms avg latency, 33.0 ms max latency.
830 records sent, 166.0 records/sec (1.62 MB/sec), 7.8 ms avg latency, 48.0 ms max latency.
830 records sent, 165.9 records/sec (1.62 MB/sec), 7.2 ms avg latency, 27.0 ms max latency.
16666 records sent, 165.939821 records/sec (1.62 MB/sec), 22.16 ms avg latency, 3831.00 ms max latency, 8 ms 50th, 105 ms 95th, 315 ms 99th, 431 ms 99.9th.
