run_id=security-overhead-final-factorial-tls-b5-rf3-isr3-msg1024-tps10000-batch131072-acks1-prod12-compnone-trial3
producer_count=12
----- /var/lib/kafka-client/results/security-overhead-final-factorial-tls-b5-rf3-isr3-msg1024-tps10000-batch131072-acks1-prod12-compnone-trial3/producer-perf-1.log -----
producer_index=1
producer_count=12
producer_records=8334
producer_throughput=834
1 records sent, 0.1 records/sec (0.00 MB/sec), 16697.0 ms avg latency, 16697.0 ms max latency.
5796 records sent, 1128.9 records/sec (1.10 MB/sec), 5435.4 ms avg latency, 7319.0 ms max latency.
8334 records sent, 357.207149 records/sec (0.35 MB/sec), 5785.03 ms avg latency, 16697.00 ms max latency, 5887 ms 50th, 7319 ms 95th, 7521 ms 99th, 7521 ms 99.9th.
----- /var/lib/kafka-client/results/security-overhead-final-factorial-tls-b5-rf3-isr3-msg1024-tps10000-batch131072-acks1-prod12-compnone-trial3/producer-perf-2.log -----
producer_index=2
producer_count=12
producer_records=8334
producer_throughput=834
1 records sent, 0.1 records/sec (0.00 MB/sec), 17046.0 ms avg latency, 17046.0 ms max latency.
5670 records sent, 1117.5 records/sec (1.09 MB/sec), 5675.6 ms avg latency, 7412.0 ms max latency.
8334 records sent, 355.758559 records/sec (0.35 MB/sec), 6087.69 ms avg latency, 17046.00 ms max latency, 6319 ms 50th, 7507 ms 95th, 7822 ms 99th, 7866 ms 99.9th.
----- /var/lib/kafka-client/results/security-overhead-final-factorial-tls-b5-rf3-isr3-msg1024-tps10000-batch131072-acks1-prod12-compnone-trial3/producer-perf-3.log -----
producer_index=3
producer_count=12
producer_records=8334
producer_throughput=834
1 records sent, 0.1 records/sec (0.00 MB/sec), 16793.0 ms avg latency, 16793.0 ms max latency.
3528 records sent, 657.0 records/sec (0.64 MB/sec), 5922.8 ms avg latency, 7649.0 ms max latency.
8334 records sent, 336.577683 records/sec (0.33 MB/sec), 6837.08 ms avg latency, 16793.00 ms max latency, 7141 ms 50th, 8134 ms 95th, 8506 ms 99th, 8558 ms 99.9th.
----- /var/lib/kafka-client/results/security-overhead-final-factorial-tls-b5-rf3-isr3-msg1024-tps10000-batch131072-acks1-prod12-compnone-trial3/producer-perf-4.log -----
producer_index=4
producer_count=12
producer_records=8334
producer_throughput=834
1 records sent, 0.1 records/sec (0.00 MB/sec), 16199.0 ms avg latency, 16199.0 ms max latency.
3276 records sent, 647.4 records/sec (0.63 MB/sec), 4598.4 ms avg latency, 7124.0 ms max latency.
8334 records sent, 351.868271 records/sec (0.34 MB/sec), 5544.44 ms avg latency, 16199.00 ms max latency, 5909 ms 50th, 6964 ms 95th, 7545 ms 99th, 7572 ms 99.9th.
----- /var/lib/kafka-client/results/security-overhead-final-factorial-tls-b5-rf3-isr3-msg1024-tps10000-batch131072-acks1-prod12-compnone-trial3/producer-perf-5.log -----
producer_index=5
producer_count=12
producer_records=8333
producer_throughput=833
1 records sent, 0.1 records/sec (0.00 MB/sec), 17266.0 ms avg latency, 17266.0 ms max latency.
4788 records sent, 920.8 records/sec (0.90 MB/sec), 6116.7 ms avg latency, 7820.0 ms max latency.
8333 records sent, 344.296162 records/sec (0.34 MB/sec), 6639.71 ms avg latency, 17266.00 ms max latency, 7015 ms 50th, 7793 ms 95th, 7881 ms 99th, 7886 ms 99.9th.
----- /var/lib/kafka-client/results/security-overhead-final-factorial-tls-b5-rf3-isr3-msg1024-tps10000-batch131072-acks1-prod12-compnone-trial3/producer-perf-6.log -----
producer_index=6
producer_count=12
producer_records=8333
producer_throughput=833
1 records sent, 0.1 records/sec (0.00 MB/sec), 15446.0 ms avg latency, 15446.0 ms max latency.
2646 records sent, 507.3 records/sec (0.50 MB/sec), 4494.9 ms avg latency, 6670.0 ms max latency.
8333 records sent, 357.087761 records/sec (0.35 MB/sec), 5630.00 ms avg latency, 15446.00 ms max latency, 5866 ms 50th, 7284 ms 95th, 7677 ms 99th, 7678 ms 99.9th.
----- /var/lib/kafka-client/results/security-overhead-final-factorial-tls-b5-rf3-isr3-msg1024-tps10000-batch131072-acks1-prod12-compnone-trial3/producer-perf-7.log -----
producer_index=7
producer_count=12
producer_records=8333
producer_throughput=833
1 records sent, 0.1 records/sec (0.00 MB/sec), 16923.0 ms avg latency, 16923.0 ms max latency.
5166 records sent, 1010.6 records/sec (0.99 MB/sec), 5213.6 ms avg latency, 7032.0 ms max latency.
8333 records sent, 354.143646 records/sec (0.35 MB/sec), 5718.83 ms avg latency, 16923.00 ms max latency, 5848 ms 50th, 7128 ms 95th, 7161 ms 99th, 7162 ms 99.9th.
----- /var/lib/kafka-client/results/security-overhead-final-factorial-tls-b5-rf3-isr3-msg1024-tps10000-batch131072-acks1-prod12-compnone-trial3/producer-perf-8.log -----
producer_index=8
producer_count=12
producer_records=8333
producer_throughput=833
1 records sent, 0.1 records/sec (0.00 MB/sec), 15836.0 ms avg latency, 15836.0 ms max latency.
4032 records sent, 741.0 records/sec (0.72 MB/sec), 4678.4 ms avg latency, 6880.0 ms max latency.
8333 records sent, 355.336659 records/sec (0.35 MB/sec), 5640.32 ms avg latency, 15836.00 ms max latency, 6230 ms 50th, 7073 ms 95th, 7386 ms 99th, 7387 ms 99.9th.
----- /var/lib/kafka-client/results/security-overhead-final-factorial-tls-b5-rf3-isr3-msg1024-tps10000-batch131072-acks1-prod12-compnone-trial3/producer-perf-9.log -----
producer_index=9
producer_count=12
producer_records=8333
producer_throughput=833
[2026-04-23 13:54:23,073] WARN [Producer clientId=perf-producer-client] Bootstrap broker 10.20.1.53:9094 (id: -5 rack: null) disconnected (org.apache.kafka.clients.NetworkClient)
1 records sent, 0.1 records/sec (0.00 MB/sec), 17421.0 ms avg latency, 17421.0 ms max latency.
4931 records sent, 970.5 records/sec (0.95 MB/sec), 4369.7 ms avg latency, 6457.0 ms max latency.
8333 records sent, 347.758952 records/sec (0.34 MB/sec), 5119.83 ms avg latency, 17421.00 ms max latency, 5891 ms 50th, 6576 ms 95th, 6779 ms 99th, 6780 ms 99.9th.
----- /var/lib/kafka-client/results/security-overhead-final-factorial-tls-b5-rf3-isr3-msg1024-tps10000-batch131072-acks1-prod12-compnone-trial3/producer-perf-10.log -----
producer_index=10
producer_count=12
producer_records=8333
producer_throughput=833
[2026-04-23 13:54:23,235] WARN [Producer clientId=perf-producer-client] Bootstrap broker 10.20.1.69:9094 (id: -1 rack: null) disconnected (org.apache.kafka.clients.NetworkClient)
1 records sent, 0.1 records/sec (0.00 MB/sec), 17067.0 ms avg latency, 17067.0 ms max latency.
4301 records sent, 818.3 records/sec (0.80 MB/sec), 3906.1 ms avg latency, 6207.0 ms max latency.
8333 records sent, 349.465297 records/sec (0.34 MB/sec), 4720.93 ms avg latency, 17067.00 ms max latency, 5286 ms 50th, 6206 ms 95th, 6678 ms 99th, 6679 ms 99.9th.
----- /var/lib/kafka-client/results/security-overhead-final-factorial-tls-b5-rf3-isr3-msg1024-tps10000-batch131072-acks1-prod12-compnone-trial3/producer-perf-11.log -----
producer_index=11
producer_count=12
producer_records=8333
producer_throughput=833
[2026-04-23 13:54:22,736] WARN [Producer clientId=perf-producer-client] Bootstrap broker 10.20.1.53:9094 (id: -5 rack: null) disconnected (org.apache.kafka.clients.NetworkClient)
1 records sent, 0.1 records/sec (0.00 MB/sec), 15827.0 ms avg latency, 15827.0 ms max latency.
2646 records sent, 483.6 records/sec (0.47 MB/sec), 3540.9 ms avg latency, 6482.0 ms max latency.
8333 records sent, 349.773338 records/sec (0.34 MB/sec), 4782.05 ms avg latency, 15827.00 ms max latency, 5107 ms 50th, 6367 ms 95th, 6569 ms 99th, 6739 ms 99.9th.
----- /var/lib/kafka-client/results/security-overhead-final-factorial-tls-b5-rf3-isr3-msg1024-tps10000-batch131072-acks1-prod12-compnone-trial3/producer-perf-12.log -----
producer_index=12
producer_count=12
producer_records=8333
producer_throughput=833
1 records sent, 0.1 records/sec (0.00 MB/sec), 16082.0 ms avg latency, 16082.0 ms max latency.
2789 records sent, 539.5 records/sec (0.53 MB/sec), 4873.6 ms avg latency, 6815.0 ms max latency.
8333 records sent, 345.251906 records/sec (0.34 MB/sec), 6108.52 ms avg latency, 16082.00 ms max latency, 6446 ms 50th, 7618 ms 95th, 7748 ms 99th, 7748 ms 99.9th.
