run_id=security-overhead-final-factorial-mtls-b5-rf3-isr3-msg1024-tps10000-batch16384-acks1-prod12-complz4-trial3
producer_count=12
----- /var/lib/kafka-client/results/security-overhead-final-factorial-mtls-b5-rf3-isr3-msg1024-tps10000-batch16384-acks1-prod12-complz4-trial3/producer-perf-1.log -----
producer_index=1
producer_count=12
producer_records=8334
producer_throughput=834
1 records sent, 0.1 records/sec (0.00 MB/sec), 18107.0 ms avg latency, 18107.0 ms max latency.
3105 records sent, 613.6 records/sec (0.60 MB/sec), 6523.5 ms avg latency, 7427.0 ms max latency.
8334 records sent, 304.794646 records/sec (0.30 MB/sec), 7355.63 ms avg latency, 18107.00 ms max latency, 7386 ms 50th, 8453 ms 95th, 9042 ms 99th, 9234 ms 99.9th.
----- /var/lib/kafka-client/results/security-overhead-final-factorial-mtls-b5-rf3-isr3-msg1024-tps10000-batch16384-acks1-prod12-complz4-trial3/producer-perf-2.log -----
producer_index=2
producer_count=12
producer_records=8334
producer_throughput=834
1 records sent, 0.1 records/sec (0.00 MB/sec), 17521.0 ms avg latency, 17521.0 ms max latency.
3030 records sent, 605.5 records/sec (0.59 MB/sec), 6172.1 ms avg latency, 7037.0 ms max latency.
8334 records sent, 308.575237 records/sec (0.30 MB/sec), 6933.30 ms avg latency, 17521.00 ms max latency, 7029 ms 50th, 7842 ms 95th, 8050 ms 99th, 8155 ms 99.9th.
----- /var/lib/kafka-client/results/security-overhead-final-factorial-mtls-b5-rf3-isr3-msg1024-tps10000-batch16384-acks1-prod12-complz4-trial3/producer-perf-3.log -----
producer_index=3
producer_count=12
producer_records=8334
producer_throughput=834
1 records sent, 0.1 records/sec (0.00 MB/sec), 16853.0 ms avg latency, 16853.0 ms max latency.
2640 records sent, 524.6 records/sec (0.51 MB/sec), 6691.9 ms avg latency, 7478.0 ms max latency.
8334 records sent, 309.101699 records/sec (0.30 MB/sec), 7745.49 ms avg latency, 16853.00 ms max latency, 7929 ms 50th, 8849 ms 95th, 8917 ms 99th, 9040 ms 99.9th.
----- /var/lib/kafka-client/results/security-overhead-final-factorial-mtls-b5-rf3-isr3-msg1024-tps10000-batch16384-acks1-prod12-complz4-trial3/producer-perf-4.log -----
producer_index=4
producer_count=12
producer_records=8334
producer_throughput=834
1 records sent, 0.1 records/sec (0.00 MB/sec), 17704.0 ms avg latency, 17704.0 ms max latency.
3195 records sent, 626.6 records/sec (0.61 MB/sec), 6050.5 ms avg latency, 7606.0 ms max latency.
8334 records sent, 304.750064 records/sec (0.30 MB/sec), 7118.16 ms avg latency, 17704.00 ms max latency, 7109 ms 50th, 8568 ms 95th, 9124 ms 99th, 9461 ms 99.9th.
----- /var/lib/kafka-client/results/security-overhead-final-factorial-mtls-b5-rf3-isr3-msg1024-tps10000-batch16384-acks1-prod12-complz4-trial3/producer-perf-5.log -----
producer_index=5
producer_count=12
producer_records=8333
producer_throughput=833
1 records sent, 0.1 records/sec (0.00 MB/sec), 18423.0 ms avg latency, 18423.0 ms max latency.
3658 records sent, 724.5 records/sec (0.71 MB/sec), 5709.4 ms avg latency, 7273.0 ms max latency.
8333 records sent, 312.460160 records/sec (0.31 MB/sec), 6385.86 ms avg latency, 18423.00 ms max latency, 6462 ms 50th, 7302 ms 95th, 7406 ms 99th, 7454 ms 99.9th.
----- /var/lib/kafka-client/results/security-overhead-final-factorial-mtls-b5-rf3-isr3-msg1024-tps10000-batch16384-acks1-prod12-complz4-trial3/producer-perf-6.log -----
producer_index=6
producer_count=12
producer_records=8333
producer_throughput=833
1 records sent, 0.1 records/sec (0.00 MB/sec), 17816.0 ms avg latency, 17816.0 ms max latency.
2820 records sent, 561.6 records/sec (0.55 MB/sec), 7031.0 ms avg latency, 8077.0 ms max latency.
8333 records sent, 298.930980 records/sec (0.29 MB/sec), 8095.16 ms avg latency, 17816.00 ms max latency, 8243 ms 50th, 9331 ms 95th, 9858 ms 99th, 10052 ms 99.9th.
----- /var/lib/kafka-client/results/security-overhead-final-factorial-mtls-b5-rf3-isr3-msg1024-tps10000-batch16384-acks1-prod12-complz4-trial3/producer-perf-7.log -----
producer_index=7
producer_count=12
producer_records=8333
producer_throughput=833
1 records sent, 0.1 records/sec (0.00 MB/sec), 5405.0 ms avg latency, 5405.0 ms max latency.
3115 records sent, 622.8 records/sec (0.61 MB/sec), 6093.7 ms avg latency, 17410.0 ms max latency.
8333 records sent, 309.190754 records/sec (0.30 MB/sec), 6645.49 ms avg latency, 17410.00 ms max latency, 6767 ms 50th, 7449 ms 95th, 7581 ms 99th, 7709 ms 99.9th.
----- /var/lib/kafka-client/results/security-overhead-final-factorial-mtls-b5-rf3-isr3-msg1024-tps10000-batch16384-acks1-prod12-complz4-trial3/producer-perf-8.log -----
producer_index=8
producer_count=12
producer_records=8333
producer_throughput=833
1 records sent, 0.1 records/sec (0.00 MB/sec), 6061.0 ms avg latency, 6061.0 ms max latency.
3345 records sent, 663.8 records/sec (0.65 MB/sec), 6253.6 ms avg latency, 17607.0 ms max latency.
8333 records sent, 311.223156 records/sec (0.30 MB/sec), 6903.75 ms avg latency, 17607.00 ms max latency, 7094 ms 50th, 7777 ms 95th, 7878 ms 99th, 7936 ms 99.9th.
----- /var/lib/kafka-client/results/security-overhead-final-factorial-mtls-b5-rf3-isr3-msg1024-tps10000-batch16384-acks1-prod12-complz4-trial3/producer-perf-9.log -----
producer_index=9
producer_count=12
producer_records=8333
producer_throughput=833
1 records sent, 0.1 records/sec (0.00 MB/sec), 18534.0 ms avg latency, 18534.0 ms max latency.
3330 records sent, 664.5 records/sec (0.65 MB/sec), 6538.1 ms avg latency, 8119.0 ms max latency.
8333 records sent, 304.457435 records/sec (0.30 MB/sec), 6897.98 ms avg latency, 18534.00 ms max latency, 7074 ms 50th, 7821 ms 95th, 7994 ms 99th, 8080 ms 99.9th.
----- /var/lib/kafka-client/results/security-overhead-final-factorial-mtls-b5-rf3-isr3-msg1024-tps10000-batch16384-acks1-prod12-complz4-trial3/producer-perf-10.log -----
producer_index=10
producer_count=12
producer_records=8333
producer_throughput=833
1 records sent, 0.1 records/sec (0.00 MB/sec), 17730.0 ms avg latency, 17730.0 ms max latency.
3000 records sent, 599.5 records/sec (0.59 MB/sec), 6065.1 ms avg latency, 7338.0 ms max latency.
8333 records sent, 306.969719 records/sec (0.30 MB/sec), 6920.59 ms avg latency, 17730.00 ms max latency, 7104 ms 50th, 7939 ms 95th, 8076 ms 99th, 8146 ms 99.9th.
----- /var/lib/kafka-client/results/security-overhead-final-factorial-mtls-b5-rf3-isr3-msg1024-tps10000-batch16384-acks1-prod12-complz4-trial3/producer-perf-11.log -----
producer_index=11
producer_count=12
producer_records=8333
producer_throughput=833
1 records sent, 0.1 records/sec (0.00 MB/sec), 17958.0 ms avg latency, 17958.0 ms max latency.
3045 records sent, 605.6 records/sec (0.59 MB/sec), 7264.4 ms avg latency, 8449.0 ms max latency.
8333 records sent, 308.995847 records/sec (0.30 MB/sec), 7947.98 ms avg latency, 17958.00 ms max latency, 8025 ms 50th, 8874 ms 95th, 9456 ms 99th, 9598 ms 99.9th.
----- /var/lib/kafka-client/results/security-overhead-final-factorial-mtls-b5-rf3-isr3-msg1024-tps10000-batch16384-acks1-prod12-complz4-trial3/producer-perf-12.log -----
producer_index=12
producer_count=12
producer_records=8333
producer_throughput=833
1 records sent, 0.1 records/sec (0.00 MB/sec), 17387.0 ms avg latency, 17387.0 ms max latency.
2625 records sent, 516.4 records/sec (0.50 MB/sec), 6647.3 ms avg latency, 7866.0 ms max latency.
8333 records sent, 310.979251 records/sec (0.30 MB/sec), 7322.14 ms avg latency, 17387.00 ms max latency, 7497 ms 50th, 7999 ms 95th, 8298 ms 99th, 8448 ms 99.9th.
