run_id=security-overhead-final-factorial-plaintext-b5-rf3-isr3-msg1024-tps1000-batch16384-acksall-prod12-complz4-trial1
producer_count=12
----- /var/lib/kafka-client/results/security-overhead-final-factorial-plaintext-b5-rf3-isr3-msg1024-tps1000-batch16384-acksall-prod12-complz4-trial1/producer-perf-1.log -----
producer_index=1
producer_count=12
producer_records=8334
producer_throughput=84
1 records sent, 0.1 records/sec (0.00 MB/sec), 7825.0 ms avg latency, 7825.0 ms max latency.
1087 records sent, 215.7 records/sec (0.21 MB/sec), 785.0 ms avg latency, 1540.0 ms max latency.
433 records sent, 86.4 records/sec (0.08 MB/sec), 36.9 ms avg latency, 163.0 ms max latency.
422 records sent, 84.1 records/sec (0.08 MB/sec), 19.1 ms avg latency, 86.0 ms max latency.
421 records sent, 83.9 records/sec (0.08 MB/sec), 14.0 ms avg latency, 53.0 ms max latency.
422 records sent, 84.3 records/sec (0.08 MB/sec), 15.5 ms avg latency, 67.0 ms max latency.
421 records sent, 84.2 records/sec (0.08 MB/sec), 18.4 ms avg latency, 109.0 ms max latency.
420 records sent, 83.7 records/sec (0.08 MB/sec), 17.1 ms avg latency, 118.0 ms max latency.
423 records sent, 84.3 records/sec (0.08 MB/sec), 16.7 ms avg latency, 83.0 ms max latency.
420 records sent, 83.9 records/sec (0.08 MB/sec), 15.9 ms avg latency, 123.0 ms max latency.
421 records sent, 83.8 records/sec (0.08 MB/sec), 16.7 ms avg latency, 78.0 ms max latency.
422 records sent, 84.1 records/sec (0.08 MB/sec), 16.7 ms avg latency, 101.0 ms max latency.
423 records sent, 84.4 records/sec (0.08 MB/sec), 14.3 ms avg latency, 60.0 ms max latency.
420 records sent, 83.9 records/sec (0.08 MB/sec), 14.4 ms avg latency, 61.0 ms max latency.
421 records sent, 84.2 records/sec (0.08 MB/sec), 13.8 ms avg latency, 66.0 ms max latency.
420 records sent, 83.5 records/sec (0.08 MB/sec), 15.2 ms avg latency, 108.0 ms max latency.
432 records sent, 86.3 records/sec (0.08 MB/sec), 16.0 ms avg latency, 151.0 ms max latency.
421 records sent, 84.1 records/sec (0.08 MB/sec), 12.5 ms avg latency, 69.0 ms max latency.
414 records sent, 82.8 records/sec (0.08 MB/sec), 13.3 ms avg latency, 86.0 ms max latency.
8334 records sent, 83.853181 records/sec (0.08 MB/sec), 117.96 ms avg latency, 7825.00 ms max latency, 13 ms 50th, 1099 ms 95th, 1362 ms 99th, 1539 ms 99.9th.
----- /var/lib/kafka-client/results/security-overhead-final-factorial-plaintext-b5-rf3-isr3-msg1024-tps1000-batch16384-acksall-prod12-complz4-trial1/producer-perf-2.log -----
producer_index=2
producer_count=12
producer_records=8334
producer_throughput=84
1 records sent, 0.1 records/sec (0.00 MB/sec), 9172.0 ms avg latency, 9172.0 ms max latency.
1205 records sent, 238.1 records/sec (0.23 MB/sec), 717.6 ms avg latency, 1585.0 ms max latency.
424 records sent, 84.7 records/sec (0.08 MB/sec), 30.4 ms avg latency, 97.0 ms max latency.
425 records sent, 84.9 records/sec (0.08 MB/sec), 18.4 ms avg latency, 101.0 ms max latency.
421 records sent, 84.0 records/sec (0.08 MB/sec), 14.4 ms avg latency, 65.0 ms max latency.
421 records sent, 84.0 records/sec (0.08 MB/sec), 17.7 ms avg latency, 86.0 ms max latency.
423 records sent, 84.5 records/sec (0.08 MB/sec), 17.3 ms avg latency, 70.0 ms max latency.
417 records sent, 83.1 records/sec (0.08 MB/sec), 16.8 ms avg latency, 75.0 ms max latency.
427 records sent, 85.2 records/sec (0.08 MB/sec), 17.3 ms avg latency, 79.0 ms max latency.
420 records sent, 83.9 records/sec (0.08 MB/sec), 16.4 ms avg latency, 88.0 ms max latency.
421 records sent, 83.9 records/sec (0.08 MB/sec), 15.5 ms avg latency, 99.0 ms max latency.
418 records sent, 83.0 records/sec (0.08 MB/sec), 13.5 ms avg latency, 64.0 ms max latency.
430 records sent, 85.9 records/sec (0.08 MB/sec), 13.5 ms avg latency, 93.0 ms max latency.
421 records sent, 84.1 records/sec (0.08 MB/sec), 14.3 ms avg latency, 89.0 ms max latency.
420 records sent, 84.0 records/sec (0.08 MB/sec), 14.8 ms avg latency, 91.0 ms max latency.
421 records sent, 84.1 records/sec (0.08 MB/sec), 15.2 ms avg latency, 79.0 ms max latency.
421 records sent, 84.1 records/sec (0.08 MB/sec), 13.4 ms avg latency, 70.0 ms max latency.
421 records sent, 84.1 records/sec (0.08 MB/sec), 12.3 ms avg latency, 72.0 ms max latency.
8334 records sent, 83.862463 records/sec (0.08 MB/sec), 118.65 ms avg latency, 9172.00 ms max latency, 13 ms 50th, 967 ms 95th, 1432 ms 99th, 1584 ms 99.9th.
----- /var/lib/kafka-client/results/security-overhead-final-factorial-plaintext-b5-rf3-isr3-msg1024-tps1000-batch16384-acksall-prod12-complz4-trial1/producer-perf-3.log -----
producer_index=3
producer_count=12
producer_records=8334
producer_throughput=84
1 records sent, 0.1 records/sec (0.00 MB/sec), 9656.0 ms avg latency, 9656.0 ms max latency.
1236 records sent, 246.8 records/sec (0.24 MB/sec), 974.8 ms avg latency, 1956.0 ms max latency.
422 records sent, 84.3 records/sec (0.08 MB/sec), 29.3 ms avg latency, 105.0 ms max latency.
423 records sent, 84.3 records/sec (0.08 MB/sec), 17.9 ms avg latency, 69.0 ms max latency.
421 records sent, 84.2 records/sec (0.08 MB/sec), 14.6 ms avg latency, 56.0 ms max latency.
421 records sent, 83.9 records/sec (0.08 MB/sec), 17.0 ms avg latency, 58.0 ms max latency.
421 records sent, 83.9 records/sec (0.08 MB/sec), 16.4 ms avg latency, 69.0 ms max latency.
421 records sent, 84.1 records/sec (0.08 MB/sec), 16.6 ms avg latency, 102.0 ms max latency.
421 records sent, 83.9 records/sec (0.08 MB/sec), 17.9 ms avg latency, 121.0 ms max latency.
424 records sent, 84.8 records/sec (0.08 MB/sec), 17.1 ms avg latency, 99.0 ms max latency.
422 records sent, 84.2 records/sec (0.08 MB/sec), 15.9 ms avg latency, 100.0 ms max latency.
421 records sent, 84.0 records/sec (0.08 MB/sec), 15.4 ms avg latency, 85.0 ms max latency.
420 records sent, 83.9 records/sec (0.08 MB/sec), 13.3 ms avg latency, 42.0 ms max latency.
421 records sent, 84.0 records/sec (0.08 MB/sec), 13.9 ms avg latency, 66.0 ms max latency.
422 records sent, 84.3 records/sec (0.08 MB/sec), 13.2 ms avg latency, 82.0 ms max latency.
421 records sent, 84.2 records/sec (0.08 MB/sec), 15.7 ms avg latency, 76.0 ms max latency.
421 records sent, 84.2 records/sec (0.08 MB/sec), 13.3 ms avg latency, 149.0 ms max latency.
415 records sent, 82.3 records/sec (0.08 MB/sec), 12.2 ms avg latency, 96.0 ms max latency.
8334 records sent, 83.892854 records/sec (0.08 MB/sec), 159.47 ms avg latency, 9656.00 ms max latency, 13 ms 50th, 1453 ms 95th, 1785 ms 99th, 1912 ms 99.9th.
----- /var/lib/kafka-client/results/security-overhead-final-factorial-plaintext-b5-rf3-isr3-msg1024-tps1000-batch16384-acksall-prod12-complz4-trial1/producer-perf-4.log -----
producer_index=4
producer_count=12
producer_records=8334
producer_throughput=84
1 records sent, 0.1 records/sec (0.00 MB/sec), 8838.0 ms avg latency, 8838.0 ms max latency.
1170 records sent, 233.1 records/sec (0.23 MB/sec), 683.3 ms avg latency, 1708.0 ms max latency.
421 records sent, 84.2 records/sec (0.08 MB/sec), 30.9 ms avg latency, 89.0 ms max latency.
423 records sent, 84.3 records/sec (0.08 MB/sec), 17.9 ms avg latency, 109.0 ms max latency.
422 records sent, 84.4 records/sec (0.08 MB/sec), 14.0 ms avg latency, 74.0 ms max latency.
419 records sent, 83.6 records/sec (0.08 MB/sec), 16.5 ms avg latency, 53.0 ms max latency.
422 records sent, 83.9 records/sec (0.08 MB/sec), 17.8 ms avg latency, 89.0 ms max latency.
422 records sent, 84.3 records/sec (0.08 MB/sec), 17.0 ms avg latency, 87.0 ms max latency.
422 records sent, 84.4 records/sec (0.08 MB/sec), 16.3 ms avg latency, 98.0 ms max latency.
422 records sent, 84.2 records/sec (0.08 MB/sec), 17.8 ms avg latency, 108.0 ms max latency.
421 records sent, 84.0 records/sec (0.08 MB/sec), 15.4 ms avg latency, 85.0 ms max latency.
418 records sent, 83.1 records/sec (0.08 MB/sec), 14.0 ms avg latency, 76.0 ms max latency.
427 records sent, 85.3 records/sec (0.08 MB/sec), 13.7 ms avg latency, 74.0 ms max latency.
422 records sent, 84.3 records/sec (0.08 MB/sec), 13.9 ms avg latency, 56.0 ms max latency.
421 records sent, 84.0 records/sec (0.08 MB/sec), 15.5 ms avg latency, 109.0 ms max latency.
420 records sent, 83.8 records/sec (0.08 MB/sec), 15.9 ms avg latency, 67.0 ms max latency.
421 records sent, 84.0 records/sec (0.08 MB/sec), 13.3 ms avg latency, 80.0 ms max latency.
421 records sent, 84.1 records/sec (0.08 MB/sec), 13.0 ms avg latency, 88.0 ms max latency.
8334 records sent, 83.974004 records/sec (0.08 MB/sec), 110.97 ms avg latency, 8838.00 ms max latency, 13 ms 50th, 964 ms 95th, 1258 ms 99th, 1666 ms 99.9th.
----- /var/lib/kafka-client/results/security-overhead-final-factorial-plaintext-b5-rf3-isr3-msg1024-tps1000-batch16384-acksall-prod12-complz4-trial1/producer-perf-5.log -----
producer_index=5
producer_count=12
producer_records=8333
producer_throughput=83
1 records sent, 0.1 records/sec (0.00 MB/sec), 9118.0 ms avg latency, 9118.0 ms max latency.
1178 records sent, 235.4 records/sec (0.23 MB/sec), 1029.4 ms avg latency, 1959.0 ms max latency.
418 records sent, 83.4 records/sec (0.08 MB/sec), 29.6 ms avg latency, 102.0 ms max latency.
419 records sent, 83.6 records/sec (0.08 MB/sec), 17.1 ms avg latency, 90.0 ms max latency.
416 records sent, 83.2 records/sec (0.08 MB/sec), 14.3 ms avg latency, 61.0 ms max latency.
416 records sent, 82.9 records/sec (0.08 MB/sec), 16.7 ms avg latency, 55.0 ms max latency.
418 records sent, 83.3 records/sec (0.08 MB/sec), 18.5 ms avg latency, 95.0 ms max latency.
418 records sent, 83.5 records/sec (0.08 MB/sec), 16.8 ms avg latency, 82.0 ms max latency.
419 records sent, 83.7 records/sec (0.08 MB/sec), 15.8 ms avg latency, 97.0 ms max latency.
416 records sent, 83.1 records/sec (0.08 MB/sec), 14.8 ms avg latency, 61.0 ms max latency.
416 records sent, 83.0 records/sec (0.08 MB/sec), 16.3 ms avg latency, 97.0 ms max latency.
412 records sent, 82.2 records/sec (0.08 MB/sec), 15.3 ms avg latency, 64.0 ms max latency.
422 records sent, 84.2 records/sec (0.08 MB/sec), 13.4 ms avg latency, 62.0 ms max latency.
416 records sent, 82.9 records/sec (0.08 MB/sec), 13.8 ms avg latency, 77.0 ms max latency.
416 records sent, 83.0 records/sec (0.08 MB/sec), 15.5 ms avg latency, 111.0 ms max latency.
415 records sent, 83.0 records/sec (0.08 MB/sec), 17.2 ms avg latency, 160.0 ms max latency.
416 records sent, 83.1 records/sec (0.08 MB/sec), 13.5 ms avg latency, 79.0 ms max latency.
416 records sent, 83.1 records/sec (0.08 MB/sec), 13.0 ms avg latency, 70.0 ms max latency.
416 records sent, 83.1 records/sec (0.08 MB/sec), 13.2 ms avg latency, 106.0 ms max latency.
8333 records sent, 82.789385 records/sec (0.08 MB/sec), 160.42 ms avg latency, 9118.00 ms max latency, 13 ms 50th, 1660 ms 95th, 1844 ms 99th, 1903 ms 99.9th.
----- /var/lib/kafka-client/results/security-overhead-final-factorial-plaintext-b5-rf3-isr3-msg1024-tps1000-batch16384-acksall-prod12-complz4-trial1/producer-perf-6.log -----
producer_index=6
producer_count=12
producer_records=8333
producer_throughput=83
1 records sent, 0.1 records/sec (0.00 MB/sec), 8884.0 ms avg latency, 8884.0 ms max latency.
1163 records sent, 232.0 records/sec (0.23 MB/sec), 1007.3 ms avg latency, 1998.0 ms max latency.
415 records sent, 83.0 records/sec (0.08 MB/sec), 32.2 ms avg latency, 127.0 ms max latency.
419 records sent, 83.2 records/sec (0.08 MB/sec), 19.8 ms avg latency, 117.0 ms max latency.
420 records sent, 83.8 records/sec (0.08 MB/sec), 14.4 ms avg latency, 53.0 ms max latency.
417 records sent, 83.2 records/sec (0.08 MB/sec), 15.7 ms avg latency, 60.0 ms max latency.
414 records sent, 82.7 records/sec (0.08 MB/sec), 16.8 ms avg latency, 73.0 ms max latency.
423 records sent, 84.4 records/sec (0.08 MB/sec), 17.4 ms avg latency, 95.0 ms max latency.
417 records sent, 83.3 records/sec (0.08 MB/sec), 18.0 ms avg latency, 134.0 ms max latency.
416 records sent, 82.9 records/sec (0.08 MB/sec), 15.8 ms avg latency, 92.0 ms max latency.
411 records sent, 81.8 records/sec (0.08 MB/sec), 15.9 ms avg latency, 99.0 ms max latency.
424 records sent, 84.6 records/sec (0.08 MB/sec), 15.3 ms avg latency, 100.0 ms max latency.
415 records sent, 82.9 records/sec (0.08 MB/sec), 14.1 ms avg latency, 67.0 ms max latency.
415 records sent, 82.8 records/sec (0.08 MB/sec), 13.5 ms avg latency, 74.0 ms max latency.
416 records sent, 83.2 records/sec (0.08 MB/sec), 15.9 ms avg latency, 124.0 ms max latency.
417 records sent, 83.1 records/sec (0.08 MB/sec), 15.2 ms avg latency, 87.0 ms max latency.
412 records sent, 81.7 records/sec (0.08 MB/sec), 13.9 ms avg latency, 84.0 ms max latency.
423 records sent, 84.4 records/sec (0.08 MB/sec), 13.8 ms avg latency, 85.0 ms max latency.
416 records sent, 83.1 records/sec (0.08 MB/sec), 13.0 ms avg latency, 115.0 ms max latency.
8333 records sent, 82.957521 records/sec (0.08 MB/sec), 155.78 ms avg latency, 8884.00 ms max latency, 13 ms 50th, 1496 ms 95th, 1874 ms 99th, 1989 ms 99.9th.
----- /var/lib/kafka-client/results/security-overhead-final-factorial-plaintext-b5-rf3-isr3-msg1024-tps1000-batch16384-acksall-prod12-complz4-trial1/producer-perf-7.log -----
producer_index=7
producer_count=12
producer_records=8333
producer_throughput=83
1 records sent, 0.1 records/sec (0.00 MB/sec), 10087.0 ms avg latency, 10087.0 ms max latency.
1259 records sent, 251.3 records/sec (0.25 MB/sec), 696.4 ms avg latency, 1481.0 ms max latency.
422 records sent, 84.4 records/sec (0.08 MB/sec), 29.5 ms avg latency, 118.0 ms max latency.
416 records sent, 82.9 records/sec (0.08 MB/sec), 16.4 ms avg latency, 77.0 ms max latency.
417 records sent, 83.1 records/sec (0.08 MB/sec), 13.3 ms avg latency, 58.0 ms max latency.
417 records sent, 83.2 records/sec (0.08 MB/sec), 16.9 ms avg latency, 80.0 ms max latency.
417 records sent, 83.2 records/sec (0.08 MB/sec), 17.9 ms avg latency, 118.0 ms max latency.
416 records sent, 83.1 records/sec (0.08 MB/sec), 16.4 ms avg latency, 94.0 ms max latency.
417 records sent, 83.1 records/sec (0.08 MB/sec), 17.6 ms avg latency, 106.0 ms max latency.
416 records sent, 83.0 records/sec (0.08 MB/sec), 16.1 ms avg latency, 100.0 ms max latency.
415 records sent, 82.8 records/sec (0.08 MB/sec), 16.4 ms avg latency, 98.0 ms max latency.
417 records sent, 83.2 records/sec (0.08 MB/sec), 15.3 ms avg latency, 78.0 ms max latency.
415 records sent, 83.0 records/sec (0.08 MB/sec), 13.2 ms avg latency, 37.0 ms max latency.
412 records sent, 82.2 records/sec (0.08 MB/sec), 14.1 ms avg latency, 81.0 ms max latency.
422 records sent, 84.1 records/sec (0.08 MB/sec), 13.5 ms avg latency, 72.0 ms max latency.
416 records sent, 83.1 records/sec (0.08 MB/sec), 13.8 ms avg latency, 62.0 ms max latency.
416 records sent, 83.0 records/sec (0.08 MB/sec), 14.0 ms avg latency, 78.0 ms max latency.
416 records sent, 83.2 records/sec (0.08 MB/sec), 12.3 ms avg latency, 84.0 ms max latency.
8333 records sent, 82.964954 records/sec (0.08 MB/sec), 119.88 ms avg latency, 10087.00 ms max latency, 13 ms 50th, 919 ms 95th, 1366 ms 99th, 1457 ms 99.9th.
----- /var/lib/kafka-client/results/security-overhead-final-factorial-plaintext-b5-rf3-isr3-msg1024-tps1000-batch16384-acksall-prod12-complz4-trial1/producer-perf-8.log -----
producer_index=8
producer_count=12
producer_records=8333
producer_throughput=83
1 records sent, 0.1 records/sec (0.00 MB/sec), 8542.0 ms avg latency, 8542.0 ms max latency.
1140 records sent, 226.0 records/sec (0.22 MB/sec), 847.7 ms avg latency, 1718.0 ms max latency.
420 records sent, 83.7 records/sec (0.08 MB/sec), 29.6 ms avg latency, 113.0 ms max latency.
416 records sent, 83.2 records/sec (0.08 MB/sec), 18.8 ms avg latency, 86.0 ms max latency.
416 records sent, 83.2 records/sec (0.08 MB/sec), 14.6 ms avg latency, 97.0 ms max latency.
417 records sent, 83.2 records/sec (0.08 MB/sec), 17.6 ms avg latency, 67.0 ms max latency.
416 records sent, 83.0 records/sec (0.08 MB/sec), 18.8 ms avg latency, 96.0 ms max latency.
413 records sent, 82.4 records/sec (0.08 MB/sec), 16.5 ms avg latency, 74.0 ms max latency.
421 records sent, 84.1 records/sec (0.08 MB/sec), 16.7 ms avg latency, 136.0 ms max latency.
416 records sent, 83.2 records/sec (0.08 MB/sec), 17.4 ms avg latency, 95.0 ms max latency.
416 records sent, 83.2 records/sec (0.08 MB/sec), 15.7 ms avg latency, 80.0 ms max latency.
412 records sent, 81.9 records/sec (0.08 MB/sec), 15.2 ms avg latency, 96.0 ms max latency.
424 records sent, 84.8 records/sec (0.08 MB/sec), 14.1 ms avg latency, 94.0 ms max latency.
417 records sent, 83.2 records/sec (0.08 MB/sec), 14.0 ms avg latency, 75.0 ms max latency.
416 records sent, 83.0 records/sec (0.08 MB/sec), 13.9 ms avg latency, 97.0 ms max latency.
415 records sent, 83.0 records/sec (0.08 MB/sec), 15.2 ms avg latency, 91.0 ms max latency.
416 records sent, 83.2 records/sec (0.08 MB/sec), 13.3 ms avg latency, 80.0 ms max latency.
416 records sent, 83.1 records/sec (0.08 MB/sec), 12.9 ms avg latency, 90.0 ms max latency.
416 records sent, 83.1 records/sec (0.08 MB/sec), 12.5 ms avg latency, 77.0 ms max latency.
8333 records sent, 82.909648 records/sec (0.08 MB/sec), 130.96 ms avg latency, 8542.00 ms max latency, 13 ms 50th, 1198 ms 95th, 1620 ms 99th, 1717 ms 99.9th.
----- /var/lib/kafka-client/results/security-overhead-final-factorial-plaintext-b5-rf3-isr3-msg1024-tps1000-batch16384-acksall-prod12-complz4-trial1/producer-perf-9.log -----
producer_index=9
producer_count=12
producer_records=8333
producer_throughput=83
1 records sent, 0.1 records/sec (0.00 MB/sec), 9089.0 ms avg latency, 9089.0 ms max latency.
1178 records sent, 234.5 records/sec (0.23 MB/sec), 850.0 ms avg latency, 1526.0 ms max latency.
414 records sent, 82.8 records/sec (0.08 MB/sec), 34.4 ms avg latency, 104.0 ms max latency.
419 records sent, 83.5 records/sec (0.08 MB/sec), 18.3 ms avg latency, 54.0 ms max latency.
412 records sent, 82.3 records/sec (0.08 MB/sec), 15.3 ms avg latency, 85.0 ms max latency.
420 records sent, 83.8 records/sec (0.08 MB/sec), 16.2 ms avg latency, 56.0 ms max latency.
415 records sent, 83.0 records/sec (0.08 MB/sec), 18.5 ms avg latency, 103.0 ms max latency.
415 records sent, 82.4 records/sec (0.08 MB/sec), 17.0 ms avg latency, 79.0 ms max latency.
419 records sent, 83.8 records/sec (0.08 MB/sec), 17.0 ms avg latency, 126.0 ms max latency.
416 records sent, 83.0 records/sec (0.08 MB/sec), 15.8 ms avg latency, 90.0 ms max latency.
416 records sent, 83.1 records/sec (0.08 MB/sec), 16.8 ms avg latency, 84.0 ms max latency.
415 records sent, 83.0 records/sec (0.08 MB/sec), 14.5 ms avg latency, 68.0 ms max latency.
418 records sent, 83.2 records/sec (0.08 MB/sec), 13.2 ms avg latency, 57.0 ms max latency.
416 records sent, 83.2 records/sec (0.08 MB/sec), 12.9 ms avg latency, 41.0 ms max latency.
415 records sent, 83.0 records/sec (0.08 MB/sec), 14.1 ms avg latency, 92.0 ms max latency.
412 records sent, 82.4 records/sec (0.08 MB/sec), 15.1 ms avg latency, 68.0 ms max latency.
421 records sent, 84.1 records/sec (0.08 MB/sec), 14.2 ms avg latency, 79.0 ms max latency.
415 records sent, 83.0 records/sec (0.08 MB/sec), 13.1 ms avg latency, 90.0 ms max latency.
416 records sent, 83.0 records/sec (0.08 MB/sec), 12.6 ms avg latency, 85.0 ms max latency.
8333 records sent, 82.814891 records/sec (0.08 MB/sec), 135.26 ms avg latency, 9089.00 ms max latency, 13 ms 50th, 1198 ms 95th, 1393 ms 99th, 1521 ms 99.9th.
----- /var/lib/kafka-client/results/security-overhead-final-factorial-plaintext-b5-rf3-isr3-msg1024-tps1000-batch16384-acksall-prod12-complz4-trial1/producer-perf-10.log -----
producer_index=10
producer_count=12
producer_records=8333
producer_throughput=83
1 records sent, 0.1 records/sec (0.00 MB/sec), 9321.0 ms avg latency, 9321.0 ms max latency.
1206 records sent, 241.2 records/sec (0.24 MB/sec), 768.1 ms avg latency, 1573.0 ms max latency.
416 records sent, 83.0 records/sec (0.08 MB/sec), 32.6 ms avg latency, 134.0 ms max latency.
419 records sent, 83.5 records/sec (0.08 MB/sec), 16.2 ms avg latency, 49.0 ms max latency.
416 records sent, 83.1 records/sec (0.08 MB/sec), 14.3 ms avg latency, 54.0 ms max latency.
415 records sent, 83.0 records/sec (0.08 MB/sec), 17.4 ms avg latency, 64.0 ms max latency.
416 records sent, 83.2 records/sec (0.08 MB/sec), 17.0 ms avg latency, 106.0 ms max latency.
418 records sent, 83.3 records/sec (0.08 MB/sec), 16.0 ms avg latency, 80.0 ms max latency.
416 records sent, 83.2 records/sec (0.08 MB/sec), 16.2 ms avg latency, 131.0 ms max latency.
416 records sent, 83.2 records/sec (0.08 MB/sec), 16.6 ms avg latency, 108.0 ms max latency.
409 records sent, 81.3 records/sec (0.08 MB/sec), 15.7 ms avg latency, 88.0 ms max latency.
422 records sent, 84.2 records/sec (0.08 MB/sec), 15.5 ms avg latency, 87.0 ms max latency.
418 records sent, 83.6 records/sec (0.08 MB/sec), 13.4 ms avg latency, 45.0 ms max latency.
415 records sent, 82.8 records/sec (0.08 MB/sec), 13.5 ms avg latency, 57.0 ms max latency.
415 records sent, 83.0 records/sec (0.08 MB/sec), 18.6 ms avg latency, 146.0 ms max latency.
416 records sent, 83.1 records/sec (0.08 MB/sec), 15.6 ms avg latency, 118.0 ms max latency.
414 records sent, 81.9 records/sec (0.08 MB/sec), 13.2 ms avg latency, 72.0 ms max latency.
425 records sent, 84.9 records/sec (0.08 MB/sec), 15.3 ms avg latency, 106.0 ms max latency.
417 records sent, 83.3 records/sec (0.08 MB/sec), 12.5 ms avg latency, 100.0 ms max latency.
8333 records sent, 82.980651 records/sec (0.08 MB/sec), 126.31 ms avg latency, 9321.00 ms max latency, 13 ms 50th, 1039 ms 95th, 1428 ms 99th, 1572 ms 99.9th.
----- /var/lib/kafka-client/results/security-overhead-final-factorial-plaintext-b5-rf3-isr3-msg1024-tps1000-batch16384-acksall-prod12-complz4-trial1/producer-perf-11.log -----
producer_index=11
producer_count=12
producer_records=8333
producer_throughput=83
1 records sent, 0.1 records/sec (0.00 MB/sec), 1244.0 ms avg latency, 1244.0 ms max latency.
1116 records sent, 221.4 records/sec (0.22 MB/sec), 937.0 ms avg latency, 8434.0 ms max latency.
420 records sent, 83.9 records/sec (0.08 MB/sec), 32.7 ms avg latency, 135.0 ms max latency.
418 records sent, 83.5 records/sec (0.08 MB/sec), 19.2 ms avg latency, 76.0 ms max latency.
417 records sent, 83.2 records/sec (0.08 MB/sec), 14.3 ms avg latency, 68.0 ms max latency.
416 records sent, 82.8 records/sec (0.08 MB/sec), 15.8 ms avg latency, 45.0 ms max latency.
417 records sent, 83.3 records/sec (0.08 MB/sec), 18.7 ms avg latency, 105.0 ms max latency.
416 records sent, 83.0 records/sec (0.08 MB/sec), 16.0 ms avg latency, 106.0 ms max latency.
417 records sent, 83.2 records/sec (0.08 MB/sec), 17.7 ms avg latency, 107.0 ms max latency.
416 records sent, 83.1 records/sec (0.08 MB/sec), 16.3 ms avg latency, 115.0 ms max latency.
415 records sent, 82.9 records/sec (0.08 MB/sec), 16.2 ms avg latency, 89.0 ms max latency.
416 records sent, 83.1 records/sec (0.08 MB/sec), 15.2 ms avg latency, 78.0 ms max latency.
416 records sent, 83.1 records/sec (0.08 MB/sec), 14.9 ms avg latency, 68.0 ms max latency.
413 records sent, 82.6 records/sec (0.08 MB/sec), 13.6 ms avg latency, 72.0 ms max latency.
420 records sent, 84.0 records/sec (0.08 MB/sec), 14.8 ms avg latency, 79.0 ms max latency.
416 records sent, 83.1 records/sec (0.08 MB/sec), 14.7 ms avg latency, 94.0 ms max latency.
415 records sent, 83.0 records/sec (0.08 MB/sec), 14.8 ms avg latency, 94.0 ms max latency.
415 records sent, 82.9 records/sec (0.08 MB/sec), 13.6 ms avg latency, 70.0 ms max latency.
417 records sent, 83.2 records/sec (0.08 MB/sec), 12.4 ms avg latency, 79.0 ms max latency.
8333 records sent, 82.980651 records/sec (0.08 MB/sec), 139.89 ms avg latency, 8434.00 ms max latency, 13 ms 50th, 1320 ms 95th, 1535 ms 99th, 1678 ms 99.9th.
----- /var/lib/kafka-client/results/security-overhead-final-factorial-plaintext-b5-rf3-isr3-msg1024-tps1000-batch16384-acksall-prod12-complz4-trial1/producer-perf-12.log -----
producer_index=12
producer_count=12
producer_records=8333
producer_throughput=83
1 records sent, 0.1 records/sec (0.00 MB/sec), 9049.0 ms avg latency, 9049.0 ms max latency.
1168 records sent, 233.5 records/sec (0.23 MB/sec), 880.9 ms avg latency, 1750.0 ms max latency.
419 records sent, 83.8 records/sec (0.08 MB/sec), 32.0 ms avg latency, 128.0 ms max latency.
418 records sent, 83.2 records/sec (0.08 MB/sec), 17.7 ms avg latency, 83.0 ms max latency.
415 records sent, 83.0 records/sec (0.08 MB/sec), 14.6 ms avg latency, 59.0 ms max latency.
416 records sent, 83.2 records/sec (0.08 MB/sec), 17.2 ms avg latency, 62.0 ms max latency.
418 records sent, 83.5 records/sec (0.08 MB/sec), 16.6 ms avg latency, 74.0 ms max latency.
411 records sent, 82.2 records/sec (0.08 MB/sec), 16.7 ms avg latency, 78.0 ms max latency.
422 records sent, 84.2 records/sec (0.08 MB/sec), 17.1 ms avg latency, 80.0 ms max latency.
416 records sent, 83.1 records/sec (0.08 MB/sec), 17.0 ms avg latency, 106.0 ms max latency.
415 records sent, 82.9 records/sec (0.08 MB/sec), 14.2 ms avg latency, 62.0 ms max latency.
412 records sent, 82.1 records/sec (0.08 MB/sec), 15.3 ms avg latency, 81.0 ms max latency.
422 records sent, 84.3 records/sec (0.08 MB/sec), 14.0 ms avg latency, 71.0 ms max latency.
416 records sent, 83.0 records/sec (0.08 MB/sec), 13.7 ms avg latency, 56.0 ms max latency.
416 records sent, 83.1 records/sec (0.08 MB/sec), 13.1 ms avg latency, 57.0 ms max latency.
416 records sent, 83.1 records/sec (0.08 MB/sec), 15.0 ms avg latency, 84.0 ms max latency.
415 records sent, 83.0 records/sec (0.08 MB/sec), 12.9 ms avg latency, 63.0 ms max latency.
416 records sent, 83.1 records/sec (0.08 MB/sec), 13.4 ms avg latency, 79.0 ms max latency.
415 records sent, 82.8 records/sec (0.08 MB/sec), 13.2 ms avg latency, 96.0 ms max latency.
8333 records sent, 82.914598 records/sec (0.08 MB/sec), 138.34 ms avg latency, 9049.00 ms max latency, 13 ms 50th, 1206 ms 95th, 1586 ms 99th, 1750 ms 99.9th.
