run_id=security-overhead-final-factorial-tls-b3-rf3-isr3-msg102400-tps10000-batch131072-acks1-prod6-compnone-trial3
producer_count=6
----- /var/lib/kafka-client/results/security-overhead-final-factorial-tls-b3-rf3-isr3-msg102400-tps10000-batch131072-acks1-prod6-compnone-trial3/producer-perf-1.log -----
producer_index=1
producer_count=6
producer_records=16667
producer_throughput=1667
1 records sent, 0.1 records/sec (0.01 MB/sec), 1824.0 ms avg latency, 1824.0 ms max latency.
166 records sent, 33.1 records/sec (3.24 MB/sec), 4122.9 ms avg latency, 7578.0 ms max latency.
348 records sent, 69.0 records/sec (6.73 MB/sec), 4464.4 ms avg latency, 6194.0 ms max latency.
430 records sent, 85.7 records/sec (8.37 MB/sec), 3663.4 ms avg latency, 4610.0 ms max latency.
948 records sent, 189.2 records/sec (18.48 MB/sec), 1286.7 ms avg latency, 2616.0 ms max latency.
730 records sent, 145.7 records/sec (14.23 MB/sec), 43.4 ms avg latency, 184.0 ms max latency.
749 records sent, 149.5 records/sec (14.60 MB/sec), 48.0 ms avg latency, 126.0 ms max latency.
778 records sent, 155.4 records/sec (15.17 MB/sec), 33.0 ms avg latency, 126.0 ms max latency.
873 records sent, 174.6 records/sec (17.05 MB/sec), 42.4 ms avg latency, 237.0 ms max latency.
877 records sent, 175.2 records/sec (17.10 MB/sec), 45.2 ms avg latency, 273.0 ms max latency.
865 records sent, 173.0 records/sec (16.89 MB/sec), 32.6 ms avg latency, 107.0 ms max latency.
846 records sent, 168.0 records/sec (16.40 MB/sec), 32.8 ms avg latency, 152.0 ms max latency.
833 records sent, 166.0 records/sec (16.21 MB/sec), 21.4 ms avg latency, 99.0 ms max latency.
877 records sent, 174.9 records/sec (17.08 MB/sec), 23.5 ms avg latency, 121.0 ms max latency.
844 records sent, 168.8 records/sec (16.48 MB/sec), 20.7 ms avg latency, 70.0 ms max latency.
829 records sent, 165.7 records/sec (16.18 MB/sec), 85.6 ms avg latency, 769.0 ms max latency.
823 records sent, 164.6 records/sec (16.07 MB/sec), 19.1 ms avg latency, 83.0 ms max latency.
805 records sent, 160.9 records/sec (15.71 MB/sec), 17.7 ms avg latency, 52.0 ms max latency.
873 records sent, 174.5 records/sec (17.04 MB/sec), 18.6 ms avg latency, 96.0 ms max latency.
862 records sent, 172.3 records/sec (16.82 MB/sec), 16.0 ms avg latency, 70.0 ms max latency.
919 records sent, 183.6 records/sec (17.93 MB/sec), 16.6 ms avg latency, 68.0 ms max latency.
1098 records sent, 219.4 records/sec (21.42 MB/sec), 14.0 ms avg latency, 83.0 ms max latency.
16667 records sent, 146.315984 records/sec (14.29 MB/sec), 328.82 ms avg latency, 7578.00 ms max latency, 23 ms 50th, 3042 ms 95th, 4763 ms 99th, 5860 ms 99.9th.
----- /var/lib/kafka-client/results/security-overhead-final-factorial-tls-b3-rf3-isr3-msg102400-tps10000-batch131072-acks1-prod6-compnone-trial3/producer-perf-2.log -----
producer_index=2
producer_count=6
producer_records=16667
producer_throughput=1667
1 records sent, 0.1 records/sec (0.01 MB/sec), 8032.0 ms avg latency, 8032.0 ms max latency.
170 records sent, 33.1 records/sec (3.23 MB/sec), 3945.5 ms avg latency, 5899.0 ms max latency.
316 records sent, 63.0 records/sec (6.16 MB/sec), 5056.2 ms avg latency, 7068.0 ms max latency.
468 records sent, 92.9 records/sec (9.08 MB/sec), 3483.8 ms avg latency, 4640.0 ms max latency.
872 records sent, 174.0 records/sec (16.99 MB/sec), 1243.1 ms avg latency, 1999.0 ms max latency.
865 records sent, 172.7 records/sec (16.86 MB/sec), 263.7 ms avg latency, 811.0 ms max latency.
748 records sent, 149.3 records/sec (14.58 MB/sec), 40.3 ms avg latency, 125.0 ms max latency.
767 records sent, 153.0 records/sec (14.94 MB/sec), 32.0 ms avg latency, 111.0 ms max latency.
874 records sent, 174.8 records/sec (17.07 MB/sec), 41.8 ms avg latency, 178.0 ms max latency.
897 records sent, 179.3 records/sec (17.51 MB/sec), 33.0 ms avg latency, 134.0 ms max latency.
817 records sent, 162.7 records/sec (15.89 MB/sec), 24.6 ms avg latency, 89.0 ms max latency.
861 records sent, 171.9 records/sec (16.79 MB/sec), 24.9 ms avg latency, 147.0 ms max latency.
889 records sent, 177.2 records/sec (17.30 MB/sec), 25.7 ms avg latency, 159.0 ms max latency.
835 records sent, 166.8 records/sec (16.29 MB/sec), 22.4 ms avg latency, 99.0 ms max latency.
858 records sent, 170.9 records/sec (16.69 MB/sec), 26.3 ms avg latency, 220.0 ms max latency.
879 records sent, 175.7 records/sec (17.16 MB/sec), 87.2 ms avg latency, 760.0 ms max latency.
844 records sent, 168.5 records/sec (16.46 MB/sec), 17.2 ms avg latency, 64.0 ms max latency.
883 records sent, 176.5 records/sec (17.24 MB/sec), 24.5 ms avg latency, 158.0 ms max latency.
891 records sent, 177.6 records/sec (17.35 MB/sec), 21.1 ms avg latency, 109.0 ms max latency.
861 records sent, 172.2 records/sec (16.82 MB/sec), 16.9 ms avg latency, 95.0 ms max latency.
880 records sent, 175.6 records/sec (17.15 MB/sec), 12.8 ms avg latency, 57.0 ms max latency.
16667 records sent, 146.717841 records/sec (14.33 MB/sec), 337.53 ms avg latency, 8032.00 ms max latency, 22 ms 50th, 2717 ms 95th, 5089 ms 99th, 6355 ms 99.9th.
----- /var/lib/kafka-client/results/security-overhead-final-factorial-tls-b3-rf3-isr3-msg102400-tps10000-batch131072-acks1-prod6-compnone-trial3/producer-perf-3.log -----
producer_index=3
producer_count=6
producer_records=16667
producer_throughput=1667
1 records sent, 0.1 records/sec (0.01 MB/sec), 7680.0 ms avg latency, 7680.0 ms max latency.
156 records sent, 31.2 records/sec (3.04 MB/sec), 4181.5 ms avg latency, 5780.0 ms max latency.
442 records sent, 87.9 records/sec (8.59 MB/sec), 4217.4 ms avg latency, 6938.0 ms max latency.
784 records sent, 154.5 records/sec (15.08 MB/sec), 1666.2 ms avg latency, 2482.0 ms max latency.
969 records sent, 193.4 records/sec (18.88 MB/sec), 774.6 ms avg latency, 1561.0 ms max latency.
770 records sent, 153.6 records/sec (15.00 MB/sec), 42.3 ms avg latency, 194.0 ms max latency.
765 records sent, 153.0 records/sec (14.94 MB/sec), 31.4 ms avg latency, 110.0 ms max latency.
793 records sent, 158.5 records/sec (15.48 MB/sec), 39.5 ms avg latency, 110.0 ms max latency.
868 records sent, 173.2 records/sec (16.91 MB/sec), 32.9 ms avg latency, 173.0 ms max latency.
878 records sent, 175.4 records/sec (17.13 MB/sec), 42.0 ms avg latency, 239.0 ms max latency.
828 records sent, 165.2 records/sec (16.14 MB/sec), 22.1 ms avg latency, 84.0 ms max latency.
813 records sent, 162.3 records/sec (15.85 MB/sec), 25.2 ms avg latency, 118.0 ms max latency.
831 records sent, 166.2 records/sec (16.23 MB/sec), 19.5 ms avg latency, 102.0 ms max latency.
809 records sent, 161.7 records/sec (15.79 MB/sec), 18.8 ms avg latency, 65.0 ms max latency.
851 records sent, 169.9 records/sec (16.59 MB/sec), 17.1 ms avg latency, 73.0 ms max latency.
861 records sent, 172.1 records/sec (16.81 MB/sec), 95.3 ms avg latency, 703.0 ms max latency.
891 records sent, 178.0 records/sec (17.38 MB/sec), 19.6 ms avg latency, 108.0 ms max latency.
841 records sent, 168.2 records/sec (16.43 MB/sec), 15.9 ms avg latency, 84.0 ms max latency.
900 records sent, 180.0 records/sec (17.58 MB/sec), 15.8 ms avg latency, 70.0 ms max latency.
876 records sent, 175.1 records/sec (17.10 MB/sec), 13.0 ms avg latency, 42.0 ms max latency.
954 records sent, 190.8 records/sec (18.63 MB/sec), 13.8 ms avg latency, 64.0 ms max latency.
16667 records sent, 148.389854 records/sec (14.49 MB/sec), 298.93 ms avg latency, 7680.00 ms max latency, 21 ms 50th, 1722 ms 95th, 4975 ms 99th, 6323 ms 99.9th.
----- /var/lib/kafka-client/results/security-overhead-final-factorial-tls-b3-rf3-isr3-msg102400-tps10000-batch131072-acks1-prod6-compnone-trial3/producer-perf-4.log -----
producer_index=4
producer_count=6
producer_records=16667
producer_throughput=1667
1 records sent, 0.1 records/sec (0.01 MB/sec), 2015.0 ms avg latency, 2015.0 ms max latency.
274 records sent, 54.6 records/sec (5.34 MB/sec), 3849.5 ms avg latency, 8441.0 ms max latency.
706 records sent, 141.1 records/sec (13.78 MB/sec), 2128.6 ms avg latency, 4929.0 ms max latency.
952 records sent, 189.9 records/sec (18.54 MB/sec), 950.2 ms avg latency, 1653.0 ms max latency.
747 records sent, 149.4 records/sec (14.59 MB/sec), 46.5 ms avg latency, 145.0 ms max latency.
750 records sent, 149.6 records/sec (14.61 MB/sec), 42.4 ms avg latency, 198.0 ms max latency.
745 records sent, 148.7 records/sec (14.52 MB/sec), 39.3 ms avg latency, 122.0 ms max latency.
813 records sent, 162.3 records/sec (15.85 MB/sec), 44.9 ms avg latency, 194.0 ms max latency.
874 records sent, 174.8 records/sec (17.07 MB/sec), 32.6 ms avg latency, 159.0 ms max latency.
845 records sent, 168.8 records/sec (16.48 MB/sec), 22.8 ms avg latency, 123.0 ms max latency.
809 records sent, 161.4 records/sec (15.76 MB/sec), 20.9 ms avg latency, 71.0 ms max latency.
821 records sent, 163.8 records/sec (16.00 MB/sec), 18.2 ms avg latency, 85.0 ms max latency.
855 records sent, 170.6 records/sec (16.66 MB/sec), 20.2 ms avg latency, 115.0 ms max latency.
829 records sent, 165.7 records/sec (16.18 MB/sec), 17.1 ms avg latency, 66.0 ms max latency.
836 records sent, 166.9 records/sec (16.30 MB/sec), 24.4 ms avg latency, 247.0 ms max latency.
859 records sent, 171.6 records/sec (16.75 MB/sec), 70.4 ms avg latency, 522.0 ms max latency.
855 records sent, 170.8 records/sec (16.68 MB/sec), 15.0 ms avg latency, 61.0 ms max latency.
864 records sent, 172.6 records/sec (16.85 MB/sec), 18.4 ms avg latency, 105.0 ms max latency.
855 records sent, 171.0 records/sec (16.70 MB/sec), 20.0 ms avg latency, 105.0 ms max latency.
842 records sent, 168.1 records/sec (16.42 MB/sec), 15.2 ms avg latency, 42.0 ms max latency.
901 records sent, 179.9 records/sec (17.57 MB/sec), 14.4 ms avg latency, 70.0 ms max latency.
16667 records sent, 148.340988 records/sec (14.49 MB/sec), 232.10 ms avg latency, 8441.00 ms max latency, 21 ms 50th, 1733 ms 95th, 3999 ms 99th, 4700 ms 99.9th.
----- /var/lib/kafka-client/results/security-overhead-final-factorial-tls-b3-rf3-isr3-msg102400-tps10000-batch131072-acks1-prod6-compnone-trial3/producer-perf-5.log -----
producer_index=5
producer_count=6
producer_records=16666
producer_throughput=1666
1 records sent, 0.1 records/sec (0.01 MB/sec), 8212.0 ms avg latency, 8212.0 ms max latency.
170 records sent, 33.4 records/sec (3.27 MB/sec), 3797.9 ms avg latency, 5669.0 ms max latency.
534 records sent, 106.0 records/sec (10.36 MB/sec), 3524.1 ms avg latency, 6359.0 ms max latency.
754 records sent, 150.8 records/sec (14.73 MB/sec), 1696.6 ms avg latency, 2032.0 ms max latency.
932 records sent, 186.1 records/sec (18.18 MB/sec), 585.4 ms avg latency, 1589.0 ms max latency.
775 records sent, 154.5 records/sec (15.09 MB/sec), 44.3 ms avg latency, 207.0 ms max latency.
778 records sent, 155.6 records/sec (15.20 MB/sec), 45.2 ms avg latency, 175.0 ms max latency.
830 records sent, 165.8 records/sec (16.19 MB/sec), 49.5 ms avg latency, 258.0 ms max latency.
835 records sent, 166.9 records/sec (16.30 MB/sec), 29.9 ms avg latency, 95.0 ms max latency.
850 records sent, 169.8 records/sec (16.58 MB/sec), 30.3 ms avg latency, 168.0 ms max latency.
863 records sent, 172.2 records/sec (16.82 MB/sec), 25.9 ms avg latency, 92.0 ms max latency.
809 records sent, 161.7 records/sec (15.79 MB/sec), 19.7 ms avg latency, 84.0 ms max latency.
875 records sent, 174.7 records/sec (17.06 MB/sec), 24.7 ms avg latency, 128.0 ms max latency.
877 records sent, 175.0 records/sec (17.09 MB/sec), 19.9 ms avg latency, 83.0 ms max latency.
873 records sent, 174.4 records/sec (17.03 MB/sec), 25.1 ms avg latency, 222.0 ms max latency.
857 records sent, 171.3 records/sec (16.73 MB/sec), 87.3 ms avg latency, 810.0 ms max latency.
829 records sent, 165.5 records/sec (16.16 MB/sec), 15.3 ms avg latency, 55.0 ms max latency.
861 records sent, 172.1 records/sec (16.81 MB/sec), 19.4 ms avg latency, 129.0 ms max latency.
883 records sent, 176.5 records/sec (17.24 MB/sec), 16.4 ms avg latency, 73.0 ms max latency.
893 records sent, 178.5 records/sec (17.43 MB/sec), 16.3 ms avg latency, 72.0 ms max latency.
903 records sent, 180.6 records/sec (17.64 MB/sec), 13.2 ms avg latency, 49.0 ms max latency.
16666 records sent, 148.183055 records/sec (14.47 MB/sec), 286.48 ms avg latency, 8212.00 ms max latency, 22 ms 50th, 1817 ms 95th, 4879 ms 99th, 6021 ms 99.9th.
----- /var/lib/kafka-client/results/security-overhead-final-factorial-tls-b3-rf3-isr3-msg102400-tps10000-batch131072-acks1-prod6-compnone-trial3/producer-perf-6.log -----
producer_index=6
producer_count=6
producer_records=16666
producer_throughput=1666
1 records sent, 0.1 records/sec (0.01 MB/sec), 1722.0 ms avg latency, 1722.0 ms max latency.
238 records sent, 47.4 records/sec (4.63 MB/sec), 4160.2 ms avg latency, 8221.0 ms max latency.
334 records sent, 66.0 records/sec (6.44 MB/sec), 3593.0 ms avg latency, 5259.0 ms max latency.
534 records sent, 106.7 records/sec (10.42 MB/sec), 3028.1 ms avg latency, 4775.0 ms max latency.
951 records sent, 190.2 records/sec (18.57 MB/sec), 1052.3 ms avg latency, 1893.0 ms max latency.
780 records sent, 155.7 records/sec (15.21 MB/sec), 49.9 ms avg latency, 326.0 ms max latency.
770 records sent, 153.8 records/sec (15.02 MB/sec), 41.0 ms avg latency, 177.0 ms max latency.
803 records sent, 160.3 records/sec (15.66 MB/sec), 35.8 ms avg latency, 145.0 ms max latency.
818 records sent, 163.4 records/sec (15.96 MB/sec), 28.9 ms avg latency, 175.0 ms max latency.
890 records sent, 178.0 records/sec (17.38 MB/sec), 34.7 ms avg latency, 154.0 ms max latency.
865 records sent, 172.7 records/sec (16.86 MB/sec), 24.5 ms avg latency, 84.0 ms max latency.
814 records sent, 162.1 records/sec (15.83 MB/sec), 20.8 ms avg latency, 99.0 ms max latency.
845 records sent, 169.0 records/sec (16.50 MB/sec), 20.4 ms avg latency, 101.0 ms max latency.
826 records sent, 165.0 records/sec (16.11 MB/sec), 16.7 ms avg latency, 74.0 ms max latency.
837 records sent, 167.1 records/sec (16.32 MB/sec), 18.6 ms avg latency, 147.0 ms max latency.
884 records sent, 176.4 records/sec (17.23 MB/sec), 83.0 ms avg latency, 523.0 ms max latency.
822 records sent, 164.1 records/sec (16.03 MB/sec), 19.0 ms avg latency, 86.0 ms max latency.
833 records sent, 166.6 records/sec (16.27 MB/sec), 18.0 ms avg latency, 110.0 ms max latency.
870 records sent, 173.7 records/sec (16.96 MB/sec), 16.2 ms avg latency, 68.0 ms max latency.
864 records sent, 172.7 records/sec (16.86 MB/sec), 14.0 ms avg latency, 50.0 ms max latency.
924 records sent, 184.7 records/sec (18.03 MB/sec), 13.5 ms avg latency, 61.0 ms max latency.
1138 records sent, 227.5 records/sec (22.22 MB/sec), 15.4 ms avg latency, 90.0 ms max latency.
16666 records sent, 146.350887 records/sec (14.29 MB/sec), 312.52 ms avg latency, 8221.00 ms max latency, 21 ms 50th, 2832 ms 95th, 4449 ms 99th, 4923 ms 99.9th.
