run_id=security-overhead-final-factorial-plaintext-b5-rf3-isr3-msg1024-tps10000-batch131072-acks1-prod6-complz4-trial3
producer_count=6
----- /var/lib/kafka-client/results/security-overhead-final-factorial-plaintext-b5-rf3-isr3-msg1024-tps10000-batch131072-acks1-prod6-complz4-trial3/producer-perf-1.log -----
producer_index=1
producer_count=6
producer_records=16667
producer_throughput=1667
1 records sent, 0.2 records/sec (0.00 MB/sec), 5240.0 ms avg latency, 5240.0 ms max latency.
16667 records sent, 1657.583292 records/sec (1.62 MB/sec), 114.42 ms avg latency, 5240.00 ms max latency, 100 ms 50th, 278 ms 95th, 412 ms 99th, 505 ms 99.9th.
----- /var/lib/kafka-client/results/security-overhead-final-factorial-plaintext-b5-rf3-isr3-msg1024-tps10000-batch131072-acks1-prod6-complz4-trial3/producer-perf-2.log -----
producer_index=2
producer_count=6
producer_records=16667
producer_throughput=1667
5020 records sent, 1000.2 records/sec (0.98 MB/sec), 255.1 ms avg latency, 3775.0 ms max latency.
16667 records sent, 1642.716341 records/sec (1.60 MB/sec), 130.08 ms avg latency, 3775.00 ms max latency, 115 ms 50th, 324 ms 95th, 473 ms 99th, 505 ms 99.9th.
----- /var/lib/kafka-client/results/security-overhead-final-factorial-plaintext-b5-rf3-isr3-msg1024-tps10000-batch131072-acks1-prod6-complz4-trial3/producer-perf-3.log -----
producer_index=3
producer_count=6
producer_records=16667
producer_throughput=1667
3827 records sent, 764.2 records/sec (0.75 MB/sec), 165.7 ms avg latency, 3688.0 ms max latency.
16667 records sent, 1625.731565 records/sec (1.59 MB/sec), 118.98 ms avg latency, 3688.00 ms max latency, 102 ms 50th, 297 ms 95th, 414 ms 99th, 489 ms 99.9th.
----- /var/lib/kafka-client/results/security-overhead-final-factorial-plaintext-b5-rf3-isr3-msg1024-tps10000-batch131072-acks1-prod6-complz4-trial3/producer-perf-4.log -----
producer_index=4
producer_count=6
producer_records=16667
producer_throughput=1667
3395 records sent, 673.9 records/sec (0.66 MB/sec), 176.6 ms avg latency, 3414.0 ms max latency.
16667 records sent, 1661.714855 records/sec (1.62 MB/sec), 124.97 ms avg latency, 3414.00 ms max latency, 82 ms 50th, 379 ms 95th, 578 ms 99th, 625 ms 99.9th.
----- /var/lib/kafka-client/results/security-overhead-final-factorial-plaintext-b5-rf3-isr3-msg1024-tps10000-batch131072-acks1-prod6-complz4-trial3/producer-perf-5.log -----
producer_index=5
producer_count=6
producer_records=16666
producer_throughput=1666
340 records sent, 66.1 records/sec (0.06 MB/sec), 271.8 ms avg latency, 4767.0 ms max latency.
16666 records sent, 1637.292465 records/sec (1.60 MB/sec), 135.28 ms avg latency, 4767.00 ms max latency, 120 ms 50th, 293 ms 95th, 449 ms 99th, 485 ms 99.9th.
----- /var/lib/kafka-client/results/security-overhead-final-factorial-plaintext-b5-rf3-isr3-msg1024-tps10000-batch131072-acks1-prod6-complz4-trial3/producer-perf-6.log -----
producer_index=6
producer_count=6
producer_records=16666
producer_throughput=1666
1078 records sent, 215.4 records/sec (0.21 MB/sec), 188.4 ms avg latency, 4338.0 ms max latency.
15566 records sent, 3111.3 records/sec (3.04 MB/sec), 100.6 ms avg latency, 452.0 ms max latency.
16666 records sent, 1622.468847 records/sec (1.58 MB/sec), 106.17 ms avg latency, 4338.00 ms max latency, 84 ms 50th, 287 ms 95th, 408 ms 99th, 431 ms 99.9th.
