run_id=security-overhead-final-factorial-plaintext-b5-rf3-isr3-msg1024-tps1000-batch16384-acksall-prod6-compnone-trial1
producer_count=6
----- /var/lib/kafka-client/results/security-overhead-final-factorial-plaintext-b5-rf3-isr3-msg1024-tps1000-batch16384-acksall-prod6-compnone-trial1/producer-perf-1.log -----
producer_index=1
producer_count=6
producer_records=16667
producer_throughput=167
706 records sent, 140.7 records/sec (0.14 MB/sec), 405.9 ms avg latency, 4553.0 ms max latency.
972 records sent, 194.2 records/sec (0.19 MB/sec), 81.3 ms avg latency, 612.0 ms max latency.
835 records sent, 166.9 records/sec (0.16 MB/sec), 9.7 ms avg latency, 71.0 ms max latency.
836 records sent, 167.2 records/sec (0.16 MB/sec), 9.9 ms avg latency, 45.0 ms max latency.
836 records sent, 167.2 records/sec (0.16 MB/sec), 10.1 ms avg latency, 66.0 ms max latency.
836 records sent, 167.0 records/sec (0.16 MB/sec), 10.0 ms avg latency, 78.0 ms max latency.
836 records sent, 167.1 records/sec (0.16 MB/sec), 10.1 ms avg latency, 51.0 ms max latency.
836 records sent, 167.0 records/sec (0.16 MB/sec), 9.3 ms avg latency, 54.0 ms max latency.
835 records sent, 167.0 records/sec (0.16 MB/sec), 8.1 ms avg latency, 41.0 ms max latency.
837 records sent, 167.4 records/sec (0.16 MB/sec), 7.2 ms avg latency, 25.0 ms max latency.
837 records sent, 167.3 records/sec (0.16 MB/sec), 8.3 ms avg latency, 32.0 ms max latency.
836 records sent, 167.1 records/sec (0.16 MB/sec), 7.6 ms avg latency, 35.0 ms max latency.
836 records sent, 167.1 records/sec (0.16 MB/sec), 7.6 ms avg latency, 34.0 ms max latency.
835 records sent, 166.9 records/sec (0.16 MB/sec), 7.1 ms avg latency, 13.0 ms max latency.
835 records sent, 167.0 records/sec (0.16 MB/sec), 7.5 ms avg latency, 46.0 ms max latency.
836 records sent, 167.1 records/sec (0.16 MB/sec), 6.9 ms avg latency, 22.0 ms max latency.
835 records sent, 167.0 records/sec (0.16 MB/sec), 7.0 ms avg latency, 26.0 ms max latency.
836 records sent, 167.1 records/sec (0.16 MB/sec), 6.9 ms avg latency, 25.0 ms max latency.
835 records sent, 167.0 records/sec (0.16 MB/sec), 7.0 ms avg latency, 22.0 ms max latency.
16667 records sent, 166.870244 records/sec (0.16 MB/sec), 29.29 ms avg latency, 4553.00 ms max latency, 7 ms 50th, 115 ms 95th, 553 ms 99th, 625 ms 99.9th.
----- /var/lib/kafka-client/results/security-overhead-final-factorial-plaintext-b5-rf3-isr3-msg1024-tps1000-batch16384-acksall-prod6-compnone-trial1/producer-perf-2.log -----
producer_index=2
producer_count=6
producer_records=16667
producer_throughput=167
584 records sent, 116.4 records/sec (0.11 MB/sec), 434.0 ms avg latency, 4600.0 ms max latency.
1098 records sent, 219.6 records/sec (0.21 MB/sec), 133.6 ms avg latency, 691.0 ms max latency.
836 records sent, 167.0 records/sec (0.16 MB/sec), 9.5 ms avg latency, 57.0 ms max latency.
837 records sent, 167.2 records/sec (0.16 MB/sec), 10.1 ms avg latency, 58.0 ms max latency.
836 records sent, 167.0 records/sec (0.16 MB/sec), 9.6 ms avg latency, 31.0 ms max latency.
833 records sent, 166.6 records/sec (0.16 MB/sec), 9.7 ms avg latency, 43.0 ms max latency.
839 records sent, 167.8 records/sec (0.16 MB/sec), 10.3 ms avg latency, 63.0 ms max latency.
831 records sent, 166.0 records/sec (0.16 MB/sec), 8.9 ms avg latency, 43.0 ms max latency.
842 records sent, 168.3 records/sec (0.16 MB/sec), 7.9 ms avg latency, 52.0 ms max latency.
836 records sent, 167.1 records/sec (0.16 MB/sec), 7.3 ms avg latency, 27.0 ms max latency.
836 records sent, 167.2 records/sec (0.16 MB/sec), 8.4 ms avg latency, 42.0 ms max latency.
835 records sent, 167.0 records/sec (0.16 MB/sec), 7.7 ms avg latency, 29.0 ms max latency.
836 records sent, 167.1 records/sec (0.16 MB/sec), 7.5 ms avg latency, 37.0 ms max latency.
836 records sent, 167.1 records/sec (0.16 MB/sec), 7.1 ms avg latency, 24.0 ms max latency.
835 records sent, 166.9 records/sec (0.16 MB/sec), 7.4 ms avg latency, 34.0 ms max latency.
836 records sent, 167.1 records/sec (0.16 MB/sec), 7.0 ms avg latency, 25.0 ms max latency.
835 records sent, 166.9 records/sec (0.16 MB/sec), 7.0 ms avg latency, 26.0 ms max latency.
836 records sent, 167.0 records/sec (0.16 MB/sec), 6.8 ms avg latency, 13.0 ms max latency.
836 records sent, 167.0 records/sec (0.16 MB/sec), 7.0 ms avg latency, 24.0 ms max latency.
16667 records sent, 166.905337 records/sec (0.16 MB/sec), 31.31 ms avg latency, 4600.00 ms max latency, 7 ms 50th, 112 ms 95th, 608 ms 99th, 684 ms 99.9th.
----- /var/lib/kafka-client/results/security-overhead-final-factorial-plaintext-b5-rf3-isr3-msg1024-tps1000-batch16384-acksall-prod6-compnone-trial1/producer-perf-3.log -----
producer_index=3
producer_count=6
producer_records=16667
producer_throughput=167
824 records sent, 164.3 records/sec (0.16 MB/sec), 220.2 ms avg latency, 4082.0 ms max latency.
846 records sent, 169.2 records/sec (0.17 MB/sec), 17.8 ms avg latency, 97.0 ms max latency.
836 records sent, 166.9 records/sec (0.16 MB/sec), 9.3 ms avg latency, 67.0 ms max latency.
836 records sent, 167.1 records/sec (0.16 MB/sec), 11.0 ms avg latency, 57.0 ms max latency.
837 records sent, 167.2 records/sec (0.16 MB/sec), 9.9 ms avg latency, 53.0 ms max latency.
837 records sent, 167.1 records/sec (0.16 MB/sec), 10.2 ms avg latency, 58.0 ms max latency.
835 records sent, 166.6 records/sec (0.16 MB/sec), 9.2 ms avg latency, 48.0 ms max latency.
840 records sent, 168.0 records/sec (0.16 MB/sec), 10.8 ms avg latency, 74.0 ms max latency.
835 records sent, 167.0 records/sec (0.16 MB/sec), 8.1 ms avg latency, 44.0 ms max latency.
836 records sent, 167.1 records/sec (0.16 MB/sec), 7.2 ms avg latency, 15.0 ms max latency.
835 records sent, 166.9 records/sec (0.16 MB/sec), 8.1 ms avg latency, 25.0 ms max latency.
837 records sent, 167.2 records/sec (0.16 MB/sec), 7.8 ms avg latency, 30.0 ms max latency.
835 records sent, 167.0 records/sec (0.16 MB/sec), 7.6 ms avg latency, 59.0 ms max latency.
836 records sent, 167.2 records/sec (0.16 MB/sec), 7.2 ms avg latency, 24.0 ms max latency.
836 records sent, 167.1 records/sec (0.16 MB/sec), 7.4 ms avg latency, 34.0 ms max latency.
836 records sent, 167.1 records/sec (0.16 MB/sec), 6.9 ms avg latency, 26.0 ms max latency.
835 records sent, 166.9 records/sec (0.16 MB/sec), 6.9 ms avg latency, 25.0 ms max latency.
837 records sent, 167.1 records/sec (0.16 MB/sec), 6.9 ms avg latency, 13.0 ms max latency.
836 records sent, 167.1 records/sec (0.16 MB/sec), 7.1 ms avg latency, 25.0 ms max latency.
16667 records sent, 166.803443 records/sec (0.16 MB/sec), 19.22 ms avg latency, 4082.00 ms max latency, 7 ms 50th, 51 ms 95th, 307 ms 99th, 367 ms 99.9th.
----- /var/lib/kafka-client/results/security-overhead-final-factorial-plaintext-b5-rf3-isr3-msg1024-tps1000-batch16384-acksall-prod6-compnone-trial1/producer-perf-4.log -----
producer_index=4
producer_count=6
producer_records=16667
producer_throughput=167
823 records sent, 163.9 records/sec (0.16 MB/sec), 556.8 ms avg latency, 4214.0 ms max latency.
857 records sent, 171.1 records/sec (0.17 MB/sec), 18.4 ms avg latency, 141.0 ms max latency.
834 records sent, 166.8 records/sec (0.16 MB/sec), 8.8 ms avg latency, 27.0 ms max latency.
837 records sent, 167.4 records/sec (0.16 MB/sec), 10.8 ms avg latency, 45.0 ms max latency.
835 records sent, 166.8 records/sec (0.16 MB/sec), 9.5 ms avg latency, 59.0 ms max latency.
839 records sent, 167.6 records/sec (0.16 MB/sec), 9.9 ms avg latency, 55.0 ms max latency.
833 records sent, 166.4 records/sec (0.16 MB/sec), 9.7 ms avg latency, 62.0 ms max latency.
847 records sent, 169.2 records/sec (0.17 MB/sec), 10.2 ms avg latency, 91.0 ms max latency.
836 records sent, 167.0 records/sec (0.16 MB/sec), 8.4 ms avg latency, 56.0 ms max latency.
837 records sent, 167.2 records/sec (0.16 MB/sec), 7.2 ms avg latency, 23.0 ms max latency.
836 records sent, 167.1 records/sec (0.16 MB/sec), 8.1 ms avg latency, 42.0 ms max latency.
835 records sent, 167.0 records/sec (0.16 MB/sec), 8.0 ms avg latency, 35.0 ms max latency.
836 records sent, 167.1 records/sec (0.16 MB/sec), 7.4 ms avg latency, 30.0 ms max latency.
836 records sent, 167.1 records/sec (0.16 MB/sec), 7.1 ms avg latency, 23.0 ms max latency.
835 records sent, 167.0 records/sec (0.16 MB/sec), 7.5 ms avg latency, 34.0 ms max latency.
835 records sent, 167.0 records/sec (0.16 MB/sec), 6.9 ms avg latency, 23.0 ms max latency.
836 records sent, 167.1 records/sec (0.16 MB/sec), 7.0 ms avg latency, 26.0 ms max latency.
836 records sent, 167.1 records/sec (0.16 MB/sec), 6.9 ms avg latency, 15.0 ms max latency.
835 records sent, 166.9 records/sec (0.16 MB/sec), 7.1 ms avg latency, 26.0 ms max latency.
16667 records sent, 166.856880 records/sec (0.16 MB/sec), 35.81 ms avg latency, 4214.00 ms max latency, 7 ms 50th, 72 ms 95th, 686 ms 99th, 739 ms 99.9th.
----- /var/lib/kafka-client/results/security-overhead-final-factorial-plaintext-b5-rf3-isr3-msg1024-tps1000-batch16384-acksall-prod6-compnone-trial1/producer-perf-5.log -----
producer_index=5
producer_count=6
producer_records=16666
producer_throughput=166
824 records sent, 164.7 records/sec (0.16 MB/sec), 439.9 ms avg latency, 4159.0 ms max latency.
837 records sent, 167.0 records/sec (0.16 MB/sec), 17.2 ms avg latency, 53.0 ms max latency.
834 records sent, 166.8 records/sec (0.16 MB/sec), 9.3 ms avg latency, 31.0 ms max latency.
831 records sent, 166.1 records/sec (0.16 MB/sec), 10.8 ms avg latency, 52.0 ms max latency.
831 records sent, 166.0 records/sec (0.16 MB/sec), 9.5 ms avg latency, 36.0 ms max latency.
831 records sent, 165.8 records/sec (0.16 MB/sec), 11.1 ms avg latency, 52.0 ms max latency.
833 records sent, 166.4 records/sec (0.16 MB/sec), 10.1 ms avg latency, 63.0 ms max latency.
831 records sent, 166.0 records/sec (0.16 MB/sec), 10.4 ms avg latency, 55.0 ms max latency.
831 records sent, 166.2 records/sec (0.16 MB/sec), 8.6 ms avg latency, 59.0 ms max latency.
830 records sent, 165.9 records/sec (0.16 MB/sec), 7.2 ms avg latency, 25.0 ms max latency.
831 records sent, 166.1 records/sec (0.16 MB/sec), 8.7 ms avg latency, 30.0 ms max latency.
832 records sent, 166.2 records/sec (0.16 MB/sec), 7.9 ms avg latency, 35.0 ms max latency.
830 records sent, 166.0 records/sec (0.16 MB/sec), 7.7 ms avg latency, 26.0 ms max latency.
832 records sent, 166.3 records/sec (0.16 MB/sec), 7.2 ms avg latency, 20.0 ms max latency.
831 records sent, 166.2 records/sec (0.16 MB/sec), 7.7 ms avg latency, 30.0 ms max latency.
831 records sent, 166.0 records/sec (0.16 MB/sec), 6.9 ms avg latency, 17.0 ms max latency.
831 records sent, 166.1 records/sec (0.16 MB/sec), 7.0 ms avg latency, 21.0 ms max latency.
831 records sent, 166.0 records/sec (0.16 MB/sec), 7.0 ms avg latency, 27.0 ms max latency.
831 records sent, 166.0 records/sec (0.16 MB/sec), 7.1 ms avg latency, 25.0 ms max latency.
831 records sent, 166.1 records/sec (0.16 MB/sec), 6.9 ms avg latency, 16.0 ms max latency.
16666 records sent, 165.918345 records/sec (0.16 MB/sec), 30.16 ms avg latency, 4159.00 ms max latency, 7 ms 50th, 51 ms 95th, 528 ms 99th, 649 ms 99.9th.
----- /var/lib/kafka-client/results/security-overhead-final-factorial-plaintext-b5-rf3-isr3-msg1024-tps1000-batch16384-acksall-prod6-compnone-trial1/producer-perf-6.log -----
producer_index=6
producer_count=6
producer_records=16666
producer_throughput=166
823 records sent, 164.3 records/sec (0.16 MB/sec), 420.4 ms avg latency, 3694.0 ms max latency.
843 records sent, 168.4 records/sec (0.16 MB/sec), 17.1 ms avg latency, 89.0 ms max latency.
832 records sent, 166.2 records/sec (0.16 MB/sec), 9.8 ms avg latency, 46.0 ms max latency.
832 records sent, 166.1 records/sec (0.16 MB/sec), 10.6 ms avg latency, 46.0 ms max latency.
830 records sent, 166.0 records/sec (0.16 MB/sec), 10.2 ms avg latency, 58.0 ms max latency.
831 records sent, 166.0 records/sec (0.16 MB/sec), 10.0 ms avg latency, 46.0 ms max latency.
831 records sent, 166.1 records/sec (0.16 MB/sec), 10.7 ms avg latency, 73.0 ms max latency.
832 records sent, 166.3 records/sec (0.16 MB/sec), 9.8 ms avg latency, 47.0 ms max latency.
832 records sent, 166.3 records/sec (0.16 MB/sec), 8.3 ms avg latency, 61.0 ms max latency.
830 records sent, 165.9 records/sec (0.16 MB/sec), 7.3 ms avg latency, 27.0 ms max latency.
832 records sent, 166.3 records/sec (0.16 MB/sec), 8.4 ms avg latency, 34.0 ms max latency.
830 records sent, 166.0 records/sec (0.16 MB/sec), 7.8 ms avg latency, 30.0 ms max latency.
831 records sent, 166.1 records/sec (0.16 MB/sec), 7.6 ms avg latency, 20.0 ms max latency.
831 records sent, 166.1 records/sec (0.16 MB/sec), 7.2 ms avg latency, 22.0 ms max latency.
831 records sent, 166.0 records/sec (0.16 MB/sec), 7.5 ms avg latency, 36.0 ms max latency.
831 records sent, 166.1 records/sec (0.16 MB/sec), 7.0 ms avg latency, 21.0 ms max latency.
831 records sent, 166.0 records/sec (0.16 MB/sec), 7.0 ms avg latency, 24.0 ms max latency.
831 records sent, 166.0 records/sec (0.16 MB/sec), 7.0 ms avg latency, 24.0 ms max latency.
831 records sent, 166.0 records/sec (0.16 MB/sec), 7.1 ms avg latency, 25.0 ms max latency.
831 records sent, 166.1 records/sec (0.16 MB/sec), 7.0 ms avg latency, 21.0 ms max latency.
16666 records sent, 165.934865 records/sec (0.16 MB/sec), 29.14 ms avg latency, 3694.00 ms max latency, 7 ms 50th, 44 ms 95th, 580 ms 99th, 697 ms 99.9th.
