run_id=security-overhead-final-factorial-tls-b5-rf5-isr3-msg102400-tps10000-batch16384-acksall-prod12-compnone-trial1
producer_count=12
----- /var/lib/kafka-client/results/security-overhead-final-factorial-tls-b5-rf5-isr3-msg102400-tps10000-batch16384-acksall-prod12-compnone-trial1/producer-perf-1.log -----
producer_index=1
producer_count=12
producer_records=8334
producer_throughput=834
1 records sent, 0.1 records/sec (0.01 MB/sec), 18786.0 ms avg latency, 18786.0 ms max latency.
58 records sent, 11.4 records/sec (1.11 MB/sec), 7605.0 ms avg latency, 9200.0 ms max latency.
127 records sent, 25.4 records/sec (2.48 MB/sec), 10838.0 ms avg latency, 12202.0 ms max latency.
143 records sent, 28.2 records/sec (2.75 MB/sec), 12336.7 ms avg latency, 14007.0 ms max latency.
126 records sent, 24.2 records/sec (2.36 MB/sec), 12387.5 ms avg latency, 14884.0 ms max latency.
132 records sent, 25.7 records/sec (2.51 MB/sec), 12379.9 ms avg latency, 13538.0 ms max latency.
192 records sent, 38.0 records/sec (3.71 MB/sec), 12291.5 ms avg latency, 13622.0 ms max latency.
328 records sent, 65.4 records/sec (6.39 MB/sec), 6989.7 ms avg latency, 10829.0 ms max latency.
371 records sent, 73.5 records/sec (7.17 MB/sec), 4158.2 ms avg latency, 5174.0 ms max latency.
418 records sent, 83.3 records/sec (8.13 MB/sec), 2298.9 ms avg latency, 3808.0 ms max latency.
367 records sent, 72.5 records/sec (7.08 MB/sec), 576.7 ms avg latency, 1591.0 ms max latency.
298 records sent, 59.5 records/sec (5.81 MB/sec), 79.2 ms avg latency, 194.0 ms max latency.
347 records sent, 69.0 records/sec (6.74 MB/sec), 70.6 ms avg latency, 205.0 ms max latency.
357 records sent, 71.0 records/sec (6.94 MB/sec), 62.3 ms avg latency, 214.0 ms max latency.
359 records sent, 71.3 records/sec (6.96 MB/sec), 107.7 ms avg latency, 456.0 ms max latency.
363 records sent, 72.5 records/sec (7.08 MB/sec), 61.0 ms avg latency, 198.0 ms max latency.
361 records sent, 71.6 records/sec (6.99 MB/sec), 82.8 ms avg latency, 359.0 ms max latency.
377 records sent, 75.4 records/sec (7.36 MB/sec), 61.8 ms avg latency, 191.0 ms max latency.
325 records sent, 64.9 records/sec (6.34 MB/sec), 73.9 ms avg latency, 453.0 ms max latency.
406 records sent, 81.0 records/sec (7.91 MB/sec), 487.9 ms avg latency, 1393.0 ms max latency.
390 records sent, 77.5 records/sec (7.57 MB/sec), 57.5 ms avg latency, 162.0 ms max latency.
369 records sent, 73.8 records/sec (7.21 MB/sec), 47.5 ms avg latency, 133.0 ms max latency.
384 records sent, 76.5 records/sec (7.47 MB/sec), 62.1 ms avg latency, 175.0 ms max latency.
370 records sent, 74.0 records/sec (7.22 MB/sec), 66.9 ms avg latency, 298.0 ms max latency.
378 records sent, 75.4 records/sec (7.36 MB/sec), 56.5 ms avg latency, 295.0 ms max latency.
368 records sent, 73.2 records/sec (7.15 MB/sec), 54.6 ms avg latency, 228.0 ms max latency.
614 records sent, 122.7 records/sec (11.98 MB/sec), 39.5 ms avg latency, 174.0 ms max latency.
8334 records sent, 55.313303 records/sec (5.40 MB/sec), 1766.76 ms avg latency, 18786.00 ms max latency, 72 ms 50th, 11962 ms 95th, 13109 ms 99th, 13920 ms 99.9th.
----- /var/lib/kafka-client/results/security-overhead-final-factorial-tls-b5-rf5-isr3-msg102400-tps10000-batch16384-acksall-prod12-compnone-trial1/producer-perf-2.log -----
producer_index=2
producer_count=12
producer_records=8334
producer_throughput=834
1 records sent, 0.1 records/sec (0.01 MB/sec), 4764.0 ms avg latency, 4764.0 ms max latency.
42 records sent, 7.8 records/sec (0.76 MB/sec), 8088.0 ms avg latency, 17898.0 ms max latency.
102 records sent, 20.2 records/sec (1.97 MB/sec), 11674.1 ms avg latency, 13672.0 ms max latency.
150 records sent, 29.6 records/sec (2.89 MB/sec), 13363.2 ms avg latency, 14778.0 ms max latency.
131 records sent, 26.1 records/sec (2.55 MB/sec), 13390.3 ms avg latency, 17145.0 ms max latency.
132 records sent, 25.6 records/sec (2.50 MB/sec), 12214.6 ms avg latency, 13331.0 ms max latency.
132 records sent, 25.9 records/sec (2.53 MB/sec), 12778.7 ms avg latency, 13446.0 ms max latency.
280 records sent, 54.0 records/sec (5.27 MB/sec), 10174.1 ms avg latency, 13656.0 ms max latency.
424 records sent, 84.1 records/sec (8.21 MB/sec), 4368.9 ms avg latency, 7423.0 ms max latency.
396 records sent, 78.8 records/sec (7.69 MB/sec), 3056.7 ms avg latency, 3550.0 ms max latency.
411 records sent, 81.9 records/sec (8.00 MB/sec), 1542.4 ms avg latency, 2692.0 ms max latency.
369 records sent, 73.5 records/sec (7.18 MB/sec), 229.8 ms avg latency, 1096.0 ms max latency.
319 records sent, 63.3 records/sec (6.18 MB/sec), 83.0 ms avg latency, 274.0 ms max latency.
211 records sent, 41.9 records/sec (4.09 MB/sec), 68.9 ms avg latency, 205.0 ms max latency.
356 records sent, 70.9 records/sec (6.92 MB/sec), 61.3 ms avg latency, 156.0 ms max latency.
340 records sent, 67.7 records/sec (6.61 MB/sec), 67.2 ms avg latency, 241.0 ms max latency.
345 records sent, 68.8 records/sec (6.71 MB/sec), 66.1 ms avg latency, 290.0 ms max latency.
375 records sent, 74.8 records/sec (7.31 MB/sec), 66.3 ms avg latency, 246.0 ms max latency.
380 records sent, 75.5 records/sec (7.38 MB/sec), 68.0 ms avg latency, 276.0 ms max latency.
371 records sent, 73.7 records/sec (7.20 MB/sec), 426.5 ms avg latency, 1251.0 ms max latency.
363 records sent, 72.1 records/sec (7.04 MB/sec), 50.4 ms avg latency, 173.0 ms max latency.
392 records sent, 78.0 records/sec (7.62 MB/sec), 58.1 ms avg latency, 228.0 ms max latency.
376 records sent, 74.4 records/sec (7.27 MB/sec), 64.1 ms avg latency, 290.0 ms max latency.
396 records sent, 79.2 records/sec (7.73 MB/sec), 64.5 ms avg latency, 286.0 ms max latency.
373 records sent, 74.1 records/sec (7.24 MB/sec), 55.2 ms avg latency, 246.0 ms max latency.
365 records sent, 73.0 records/sec (7.13 MB/sec), 41.3 ms avg latency, 108.0 ms max latency.
413 records sent, 82.6 records/sec (8.06 MB/sec), 53.8 ms avg latency, 266.0 ms max latency.
8334 records sent, 54.840132 records/sec (5.36 MB/sec), 1884.08 ms avg latency, 17898.00 ms max latency, 71 ms 50th, 12591 ms 95th, 13911 ms 99th, 16050 ms 99.9th.
----- /var/lib/kafka-client/results/security-overhead-final-factorial-tls-b5-rf5-isr3-msg102400-tps10000-batch16384-acksall-prod12-compnone-trial1/producer-perf-3.log -----
producer_index=3
producer_count=12
producer_records=8334
producer_throughput=834
1 records sent, 0.1 records/sec (0.01 MB/sec), 18447.0 ms avg latency, 18447.0 ms max latency.
53 records sent, 10.2 records/sec (1.00 MB/sec), 7468.4 ms avg latency, 8988.0 ms max latency.
132 records sent, 25.6 records/sec (2.50 MB/sec), 10736.2 ms avg latency, 11613.0 ms max latency.
150 records sent, 29.6 records/sec (2.89 MB/sec), 12264.8 ms avg latency, 14017.0 ms max latency.
226 records sent, 45.0 records/sec (4.40 MB/sec), 10142.3 ms avg latency, 14408.0 ms max latency.
258 records sent, 48.5 records/sec (4.74 MB/sec), 7147.2 ms avg latency, 8520.0 ms max latency.
312 records sent, 61.4 records/sec (5.99 MB/sec), 6106.1 ms avg latency, 6914.0 ms max latency.
386 records sent, 75.8 records/sec (7.40 MB/sec), 4579.5 ms avg latency, 5582.0 ms max latency.
484 records sent, 95.6 records/sec (9.34 MB/sec), 2583.5 ms avg latency, 4242.0 ms max latency.
366 records sent, 73.0 records/sec (7.13 MB/sec), 236.8 ms avg latency, 1117.0 ms max latency.
354 records sent, 70.6 records/sec (6.90 MB/sec), 199.1 ms avg latency, 758.0 ms max latency.
327 records sent, 65.4 records/sec (6.39 MB/sec), 67.8 ms avg latency, 216.0 ms max latency.
327 records sent, 65.1 records/sec (6.35 MB/sec), 53.6 ms avg latency, 184.0 ms max latency.
382 records sent, 76.3 records/sec (7.45 MB/sec), 75.1 ms avg latency, 272.0 ms max latency.
365 records sent, 72.8 records/sec (7.10 MB/sec), 98.1 ms avg latency, 395.0 ms max latency.
353 records sent, 70.6 records/sec (6.89 MB/sec), 56.3 ms avg latency, 149.0 ms max latency.
367 records sent, 73.0 records/sec (7.13 MB/sec), 65.0 ms avg latency, 191.0 ms max latency.
386 records sent, 76.8 records/sec (7.50 MB/sec), 63.1 ms avg latency, 211.0 ms max latency.
362 records sent, 71.1 records/sec (6.94 MB/sec), 93.4 ms avg latency, 420.0 ms max latency.
387 records sent, 77.0 records/sec (7.52 MB/sec), 529.3 ms avg latency, 1520.0 ms max latency.
382 records sent, 76.2 records/sec (7.44 MB/sec), 78.3 ms avg latency, 248.0 ms max latency.
396 records sent, 78.9 records/sec (7.71 MB/sec), 56.4 ms avg latency, 210.0 ms max latency.
386 records sent, 77.2 records/sec (7.53 MB/sec), 57.2 ms avg latency, 219.0 ms max latency.
340 records sent, 67.5 records/sec (6.59 MB/sec), 45.0 ms avg latency, 145.0 ms max latency.
361 records sent, 71.9 records/sec (7.02 MB/sec), 47.9 ms avg latency, 138.0 ms max latency.
358 records sent, 71.2 records/sec (6.96 MB/sec), 41.8 ms avg latency, 133.0 ms max latency.
8334 records sent, 56.554607 records/sec (5.52 MB/sec), 1611.05 ms avg latency, 18447.00 ms max latency, 75 ms 50th, 9232 ms 95th, 12513 ms 99th, 13837 ms 99.9th.
----- /var/lib/kafka-client/results/security-overhead-final-factorial-tls-b5-rf5-isr3-msg102400-tps10000-batch16384-acksall-prod12-compnone-trial1/producer-perf-4.log -----
producer_index=4
producer_count=12
producer_records=8334
producer_throughput=834
1 records sent, 0.1 records/sec (0.01 MB/sec), 4590.0 ms avg latency, 4590.0 ms max latency.
51 records sent, 9.7 records/sec (0.94 MB/sec), 7713.8 ms avg latency, 19109.0 ms max latency.
114 records sent, 22.3 records/sec (2.18 MB/sec), 10139.8 ms avg latency, 12347.0 ms max latency.
186 records sent, 36.4 records/sec (3.55 MB/sec), 12085.6 ms avg latency, 13259.0 ms max latency.
257 records sent, 51.1 records/sec (4.99 MB/sec), 8709.4 ms avg latency, 13241.0 ms max latency.
277 records sent, 55.2 records/sec (5.39 MB/sec), 6317.4 ms avg latency, 7071.0 ms max latency.
391 records sent, 78.0 records/sec (7.62 MB/sec), 4700.2 ms avg latency, 6353.0 ms max latency.
390 records sent, 77.8 records/sec (7.60 MB/sec), 3189.0 ms avg latency, 4138.0 ms max latency.
437 records sent, 87.0 records/sec (8.50 MB/sec), 1264.5 ms avg latency, 2536.0 ms max latency.
339 records sent, 67.4 records/sec (6.58 MB/sec), 113.1 ms avg latency, 692.0 ms max latency.
310 records sent, 62.0 records/sec (6.05 MB/sec), 75.1 ms avg latency, 314.0 ms max latency.
304 records sent, 59.8 records/sec (5.84 MB/sec), 66.0 ms avg latency, 264.0 ms max latency.
328 records sent, 65.5 records/sec (6.40 MB/sec), 55.7 ms avg latency, 172.0 ms max latency.
323 records sent, 64.5 records/sec (6.30 MB/sec), 58.9 ms avg latency, 221.0 ms max latency.
378 records sent, 75.4 records/sec (7.37 MB/sec), 106.3 ms avg latency, 558.0 ms max latency.
382 records sent, 76.1 records/sec (7.44 MB/sec), 75.7 ms avg latency, 442.0 ms max latency.
340 records sent, 67.9 records/sec (6.63 MB/sec), 63.2 ms avg latency, 239.0 ms max latency.
403 records sent, 80.2 records/sec (7.84 MB/sec), 84.3 ms avg latency, 353.0 ms max latency.
390 records sent, 77.3 records/sec (7.55 MB/sec), 63.7 ms avg latency, 285.0 ms max latency.
374 records sent, 74.8 records/sec (7.30 MB/sec), 427.0 ms avg latency, 1301.0 ms max latency.
372 records sent, 74.1 records/sec (7.24 MB/sec), 51.2 ms avg latency, 246.0 ms max latency.
374 records sent, 74.8 records/sec (7.30 MB/sec), 57.0 ms avg latency, 218.0 ms max latency.
410 records sent, 81.8 records/sec (7.99 MB/sec), 56.3 ms avg latency, 191.0 ms max latency.
380 records sent, 75.7 records/sec (7.40 MB/sec), 49.2 ms avg latency, 208.0 ms max latency.
375 records sent, 74.7 records/sec (7.30 MB/sec), 43.2 ms avg latency, 146.0 ms max latency.
367 records sent, 73.3 records/sec (7.16 MB/sec), 59.3 ms avg latency, 289.0 ms max latency.
8334 records sent, 57.068902 records/sec (5.57 MB/sec), 1437.17 ms avg latency, 19109.00 ms max latency, 71 ms 50th, 8590 ms 95th, 12258 ms 99th, 13019 ms 99.9th.
----- /var/lib/kafka-client/results/security-overhead-final-factorial-tls-b5-rf5-isr3-msg102400-tps10000-batch16384-acksall-prod12-compnone-trial1/producer-perf-5.log -----
producer_index=5
producer_count=12
producer_records=8333
producer_throughput=833
1 records sent, 0.1 records/sec (0.01 MB/sec), 17112.0 ms avg latency, 17112.0 ms max latency.
41 records sent, 7.9 records/sec (0.77 MB/sec), 7559.1 ms avg latency, 8912.0 ms max latency.
102 records sent, 20.1 records/sec (1.97 MB/sec), 10753.0 ms avg latency, 12196.0 ms max latency.
162 records sent, 31.1 records/sec (3.03 MB/sec), 12722.1 ms avg latency, 14896.0 ms max latency.
138 records sent, 26.5 records/sec (2.59 MB/sec), 12739.7 ms avg latency, 15914.0 ms max latency.
144 records sent, 27.8 records/sec (2.71 MB/sec), 11670.3 ms avg latency, 12481.0 ms max latency.
209 records sent, 40.9 records/sec (3.99 MB/sec), 11137.7 ms avg latency, 12729.0 ms max latency.
346 records sent, 67.3 records/sec (6.57 MB/sec), 6445.4 ms avg latency, 10117.0 ms max latency.
436 records sent, 86.9 records/sec (8.48 MB/sec), 3415.9 ms avg latency, 4994.0 ms max latency.
412 records sent, 81.4 records/sec (7.95 MB/sec), 1302.6 ms avg latency, 2423.0 ms max latency.
329 records sent, 65.5 records/sec (6.40 MB/sec), 107.4 ms avg latency, 472.0 ms max latency.
348 records sent, 69.5 records/sec (6.79 MB/sec), 89.2 ms avg latency, 281.0 ms max latency.
364 records sent, 72.8 records/sec (7.11 MB/sec), 63.2 ms avg latency, 221.0 ms max latency.
347 records sent, 69.0 records/sec (6.74 MB/sec), 79.1 ms avg latency, 343.0 ms max latency.
358 records sent, 71.1 records/sec (6.94 MB/sec), 91.0 ms avg latency, 412.0 ms max latency.
345 records sent, 69.0 records/sec (6.74 MB/sec), 61.6 ms avg latency, 179.0 ms max latency.
382 records sent, 75.8 records/sec (7.40 MB/sec), 119.5 ms avg latency, 622.0 ms max latency.
369 records sent, 73.7 records/sec (7.20 MB/sec), 65.6 ms avg latency, 191.0 ms max latency.
356 records sent, 71.0 records/sec (6.94 MB/sec), 50.7 ms avg latency, 138.0 ms max latency.
375 records sent, 74.9 records/sec (7.31 MB/sec), 561.6 ms avg latency, 1490.0 ms max latency.
361 records sent, 71.8 records/sec (7.01 MB/sec), 51.3 ms avg latency, 173.0 ms max latency.
352 records sent, 70.1 records/sec (6.85 MB/sec), 45.1 ms avg latency, 159.0 ms max latency.
384 records sent, 75.8 records/sec (7.40 MB/sec), 47.1 ms avg latency, 213.0 ms max latency.
378 records sent, 75.2 records/sec (7.35 MB/sec), 53.2 ms avg latency, 271.0 ms max latency.
374 records sent, 74.5 records/sec (7.27 MB/sec), 45.4 ms avg latency, 120.0 ms max latency.
346 records sent, 68.7 records/sec (6.71 MB/sec), 44.7 ms avg latency, 127.0 ms max latency.
472 records sent, 94.4 records/sec (9.22 MB/sec), 46.7 ms avg latency, 239.0 ms max latency.
8333 records sent, 55.480100 records/sec (5.42 MB/sec), 1692.78 ms avg latency, 17112.00 ms max latency, 68 ms 50th, 11692 ms 95th, 13140 ms 99th, 15328 ms 99.9th.
----- /var/lib/kafka-client/results/security-overhead-final-factorial-tls-b5-rf5-isr3-msg102400-tps10000-batch16384-acksall-prod12-compnone-trial1/producer-perf-6.log -----
producer_index=6
producer_count=12
producer_records=8333
producer_throughput=833
1 records sent, 0.1 records/sec (0.01 MB/sec), 18417.0 ms avg latency, 18417.0 ms max latency.
59 records sent, 10.7 records/sec (1.05 MB/sec), 7458.4 ms avg latency, 8970.0 ms max latency.
108 records sent, 21.3 records/sec (2.08 MB/sec), 10737.1 ms avg latency, 12165.0 ms max latency.
168 records sent, 33.5 records/sec (3.27 MB/sec), 12827.9 ms avg latency, 14661.0 ms max latency.
233 records sent, 46.3 records/sec (4.52 MB/sec), 9862.3 ms avg latency, 14154.0 ms max latency.
317 records sent, 63.1 records/sec (6.16 MB/sec), 6277.8 ms avg latency, 7987.0 ms max latency.
336 records sent, 66.6 records/sec (6.50 MB/sec), 4673.6 ms avg latency, 5539.0 ms max latency.
362 records sent, 72.4 records/sec (7.07 MB/sec), 4087.4 ms avg latency, 4816.0 ms max latency.
450 records sent, 89.1 records/sec (8.70 MB/sec), 2346.0 ms avg latency, 3551.0 ms max latency.
395 records sent, 78.5 records/sec (7.67 MB/sec), 568.3 ms avg latency, 1468.0 ms max latency.
324 records sent, 64.4 records/sec (6.29 MB/sec), 156.3 ms avg latency, 446.0 ms max latency.
332 records sent, 65.9 records/sec (6.43 MB/sec), 76.1 ms avg latency, 263.0 ms max latency.
350 records sent, 69.9 records/sec (6.82 MB/sec), 75.7 ms avg latency, 264.0 ms max latency.
322 records sent, 63.3 records/sec (6.18 MB/sec), 62.6 ms avg latency, 161.0 ms max latency.
331 records sent, 65.3 records/sec (6.38 MB/sec), 58.4 ms avg latency, 182.0 ms max latency.
345 records sent, 68.4 records/sec (6.68 MB/sec), 61.6 ms avg latency, 170.0 ms max latency.
346 records sent, 68.8 records/sec (6.72 MB/sec), 54.0 ms avg latency, 169.0 ms max latency.
391 records sent, 77.6 records/sec (7.58 MB/sec), 58.0 ms avg latency, 315.0 ms max latency.
347 records sent, 67.9 records/sec (6.63 MB/sec), 96.0 ms avg latency, 480.0 ms max latency.
396 records sent, 79.0 records/sec (7.71 MB/sec), 502.6 ms avg latency, 1420.0 ms max latency.
361 records sent, 72.1 records/sec (7.05 MB/sec), 51.1 ms avg latency, 170.0 ms max latency.
369 records sent, 73.5 records/sec (7.18 MB/sec), 64.3 ms avg latency, 220.0 ms max latency.
368 records sent, 73.3 records/sec (7.16 MB/sec), 72.2 ms avg latency, 251.0 ms max latency.
382 records sent, 76.1 records/sec (7.44 MB/sec), 43.7 ms avg latency, 156.0 ms max latency.
409 records sent, 81.7 records/sec (7.98 MB/sec), 60.2 ms avg latency, 282.0 ms max latency.
423 records sent, 84.5 records/sec (8.25 MB/sec), 62.9 ms avg latency, 194.0 ms max latency.
8333 records sent, 56.596982 records/sec (5.53 MB/sec), 1556.38 ms avg latency, 18417.00 ms max latency, 80 ms 50th, 8893 ms 95th, 13004 ms 99th, 14120 ms 99.9th.
----- /var/lib/kafka-client/results/security-overhead-final-factorial-tls-b5-rf5-isr3-msg102400-tps10000-batch16384-acksall-prod12-compnone-trial1/producer-perf-7.log -----
producer_index=7
producer_count=12
producer_records=8333
producer_throughput=833
1 records sent, 0.1 records/sec (0.01 MB/sec), 18776.0 ms avg latency, 18776.0 ms max latency.
57 records sent, 11.3 records/sec (1.11 MB/sec), 8025.3 ms avg latency, 9976.0 ms max latency.
108 records sent, 21.2 records/sec (2.07 MB/sec), 10711.4 ms avg latency, 12448.0 ms max latency.
150 records sent, 29.6 records/sec (2.89 MB/sec), 12836.5 ms avg latency, 14324.0 ms max latency.
251 records sent, 49.9 records/sec (4.87 MB/sec), 10243.2 ms avg latency, 14414.0 ms max latency.
281 records sent, 55.8 records/sec (5.45 MB/sec), 6415.1 ms avg latency, 8006.0 ms max latency.
341 records sent, 68.1 records/sec (6.65 MB/sec), 5128.9 ms avg latency, 6099.0 ms max latency.
393 records sent, 78.4 records/sec (7.66 MB/sec), 4139.0 ms avg latency, 5042.0 ms max latency.
414 records sent, 82.3 records/sec (8.04 MB/sec), 1978.0 ms avg latency, 3402.0 ms max latency.
396 records sent, 77.7 records/sec (7.59 MB/sec), 249.9 ms avg latency, 959.0 ms max latency.
335 records sent, 66.8 records/sec (6.52 MB/sec), 134.4 ms avg latency, 387.0 ms max latency.
323 records sent, 64.0 records/sec (6.25 MB/sec), 68.6 ms avg latency, 232.0 ms max latency.
346 records sent, 69.1 records/sec (6.75 MB/sec), 58.9 ms avg latency, 181.0 ms max latency.
371 records sent, 73.8 records/sec (7.21 MB/sec), 49.5 ms avg latency, 155.0 ms max latency.
345 records sent, 68.7 records/sec (6.71 MB/sec), 64.1 ms avg latency, 282.0 ms max latency.
347 records sent, 69.0 records/sec (6.74 MB/sec), 59.5 ms avg latency, 221.0 ms max latency.
370 records sent, 73.7 records/sec (7.19 MB/sec), 62.9 ms avg latency, 237.0 ms max latency.
349 records sent, 69.7 records/sec (6.81 MB/sec), 53.3 ms avg latency, 168.0 ms max latency.
378 records sent, 75.4 records/sec (7.36 MB/sec), 100.5 ms avg latency, 600.0 ms max latency.
415 records sent, 82.5 records/sec (8.06 MB/sec), 419.3 ms avg latency, 1253.0 ms max latency.
356 records sent, 71.1 records/sec (6.95 MB/sec), 42.5 ms avg latency, 129.0 ms max latency.
364 records sent, 71.2 records/sec (6.95 MB/sec), 48.8 ms avg latency, 145.0 ms max latency.
405 records sent, 80.7 records/sec (7.88 MB/sec), 75.7 ms avg latency, 388.0 ms max latency.
390 records sent, 78.0 records/sec (7.61 MB/sec), 51.8 ms avg latency, 243.0 ms max latency.
391 records sent, 78.1 records/sec (7.63 MB/sec), 54.9 ms avg latency, 309.0 ms max latency.
411 records sent, 82.1 records/sec (8.02 MB/sec), 69.9 ms avg latency, 220.0 ms max latency.
8333 records sent, 56.996874 records/sec (5.57 MB/sec), 1531.73 ms avg latency, 18776.00 ms max latency, 73 ms 50th, 8977 ms 95th, 13371 ms 99th, 14182 ms 99.9th.
----- /var/lib/kafka-client/results/security-overhead-final-factorial-tls-b5-rf5-isr3-msg102400-tps10000-batch16384-acksall-prod12-compnone-trial1/producer-perf-8.log -----
producer_index=8
producer_count=12
producer_records=8333
producer_throughput=833
1 records sent, 0.1 records/sec (0.01 MB/sec), 4902.0 ms avg latency, 4902.0 ms max latency.
39 records sent, 7.8 records/sec (0.76 MB/sec), 8325.3 ms avg latency, 18812.0 ms max latency.
126 records sent, 25.1 records/sec (2.45 MB/sec), 11155.1 ms avg latency, 12898.0 ms max latency.
162 records sent, 32.1 records/sec (3.13 MB/sec), 12575.7 ms avg latency, 14411.0 ms max latency.
138 records sent, 26.6 records/sec (2.59 MB/sec), 11210.7 ms avg latency, 14271.0 ms max latency.
135 records sent, 26.9 records/sec (2.62 MB/sec), 11721.1 ms avg latency, 12734.0 ms max latency.
164 records sent, 31.7 records/sec (3.09 MB/sec), 12180.1 ms avg latency, 12936.0 ms max latency.
322 records sent, 64.2 records/sec (6.27 MB/sec), 7907.1 ms avg latency, 11930.0 ms max latency.
371 records sent, 73.9 records/sec (7.21 MB/sec), 4343.7 ms avg latency, 5492.0 ms max latency.
417 records sent, 83.0 records/sec (8.10 MB/sec), 2706.7 ms avg latency, 3939.0 ms max latency.
429 records sent, 85.7 records/sec (8.37 MB/sec), 702.8 ms avg latency, 1897.0 ms max latency.
335 records sent, 66.7 records/sec (6.52 MB/sec), 107.3 ms avg latency, 327.0 ms max latency.
314 records sent, 62.2 records/sec (6.08 MB/sec), 68.7 ms avg latency, 157.0 ms max latency.
344 records sent, 68.6 records/sec (6.70 MB/sec), 73.7 ms avg latency, 260.0 ms max latency.
326 records sent, 64.8 records/sec (6.32 MB/sec), 80.2 ms avg latency, 249.0 ms max latency.
314 records sent, 62.3 records/sec (6.08 MB/sec), 62.7 ms avg latency, 179.0 ms max latency.
330 records sent, 65.4 records/sec (6.38 MB/sec), 62.5 ms avg latency, 240.0 ms max latency.
370 records sent, 73.7 records/sec (7.20 MB/sec), 68.2 ms avg latency, 233.0 ms max latency.
369 records sent, 73.7 records/sec (7.20 MB/sec), 84.8 ms avg latency, 356.0 ms max latency.
352 records sent, 69.4 records/sec (6.78 MB/sec), 580.1 ms avg latency, 1330.0 ms max latency.
400 records sent, 79.6 records/sec (7.77 MB/sec), 83.7 ms avg latency, 671.0 ms max latency.
380 records sent, 75.2 records/sec (7.34 MB/sec), 51.5 ms avg latency, 183.0 ms max latency.
390 records sent, 77.2 records/sec (7.54 MB/sec), 59.7 ms avg latency, 192.0 ms max latency.
357 records sent, 70.8 records/sec (6.92 MB/sec), 47.1 ms avg latency, 224.0 ms max latency.
373 records sent, 74.4 records/sec (7.27 MB/sec), 39.9 ms avg latency, 108.0 ms max latency.
355 records sent, 71.0 records/sec (6.93 MB/sec), 41.8 ms avg latency, 114.0 ms max latency.
456 records sent, 91.1 records/sec (8.90 MB/sec), 47.5 ms avg latency, 169.0 ms max latency.
8333 records sent, 55.039994 records/sec (5.37 MB/sec), 1806.14 ms avg latency, 18812.00 ms max latency, 73 ms 50th, 11766 ms 95th, 12763 ms 99th, 14054 ms 99.9th.
----- /var/lib/kafka-client/results/security-overhead-final-factorial-tls-b5-rf5-isr3-msg102400-tps10000-batch16384-acksall-prod12-compnone-trial1/producer-perf-9.log -----
producer_index=9
producer_count=12
producer_records=8333
producer_throughput=833
1 records sent, 0.1 records/sec (0.01 MB/sec), 17371.0 ms avg latency, 17371.0 ms max latency.
48 records sent, 9.4 records/sec (0.92 MB/sec), 7687.4 ms avg latency, 9627.0 ms max latency.
84 records sent, 15.6 records/sec (1.52 MB/sec), 10922.3 ms avg latency, 13275.0 ms max latency.
144 records sent, 27.9 records/sec (2.73 MB/sec), 13939.9 ms avg latency, 16188.0 ms max latency.
180 records sent, 35.7 records/sec (3.48 MB/sec), 13837.2 ms avg latency, 16905.0 ms max latency.
251 records sent, 48.9 records/sec (4.77 MB/sec), 8462.7 ms avg latency, 11030.0 ms max latency.
322 records sent, 63.9 records/sec (6.24 MB/sec), 5828.9 ms avg latency, 6939.0 ms max latency.
366 records sent, 73.1 records/sec (7.14 MB/sec), 4680.8 ms avg latency, 5483.0 ms max latency.
436 records sent, 85.2 records/sec (8.32 MB/sec), 2855.4 ms avg latency, 4413.0 ms max latency.
420 records sent, 83.5 records/sec (8.16 MB/sec), 423.8 ms avg latency, 1772.0 ms max latency.
343 records sent, 68.6 records/sec (6.70 MB/sec), 108.1 ms avg latency, 284.0 ms max latency.
323 records sent, 64.2 records/sec (6.27 MB/sec), 69.4 ms avg latency, 278.0 ms max latency.
355 records sent, 69.9 records/sec (6.83 MB/sec), 72.7 ms avg latency, 273.0 ms max latency.
388 records sent, 77.4 records/sec (7.56 MB/sec), 59.4 ms avg latency, 160.0 ms max latency.
364 records sent, 72.7 records/sec (7.10 MB/sec), 64.1 ms avg latency, 214.0 ms max latency.
358 records sent, 71.4 records/sec (6.97 MB/sec), 63.8 ms avg latency, 177.0 ms max latency.
347 records sent, 69.2 records/sec (6.76 MB/sec), 54.1 ms avg latency, 141.0 ms max latency.
368 records sent, 73.2 records/sec (7.15 MB/sec), 51.6 ms avg latency, 261.0 ms max latency.
377 records sent, 74.4 records/sec (7.26 MB/sec), 69.8 ms avg latency, 344.0 ms max latency.
404 records sent, 80.2 records/sec (7.84 MB/sec), 408.5 ms avg latency, 1200.0 ms max latency.
358 records sent, 71.0 records/sec (6.94 MB/sec), 47.2 ms avg latency, 171.0 ms max latency.
380 records sent, 75.1 records/sec (7.33 MB/sec), 53.9 ms avg latency, 251.0 ms max latency.
355 records sent, 70.9 records/sec (6.92 MB/sec), 51.6 ms avg latency, 163.0 ms max latency.
388 records sent, 76.7 records/sec (7.49 MB/sec), 46.0 ms avg latency, 140.0 ms max latency.
390 records sent, 78.0 records/sec (7.61 MB/sec), 50.3 ms avg latency, 179.0 ms max latency.
393 records sent, 78.5 records/sec (7.67 MB/sec), 51.2 ms avg latency, 209.0 ms max latency.
8333 records sent, 56.585068 records/sec (5.53 MB/sec), 1613.37 ms avg latency, 17371.00 ms max latency, 67 ms 50th, 9931 ms 95th, 14858 ms 99th, 16380 ms 99.9th.
----- /var/lib/kafka-client/results/security-overhead-final-factorial-tls-b5-rf5-isr3-msg102400-tps10000-batch16384-acksall-prod12-compnone-trial1/producer-perf-10.log -----
producer_index=10
producer_count=12
producer_records=8333
producer_throughput=833
1 records sent, 0.1 records/sec (0.01 MB/sec), 5447.0 ms avg latency, 5447.0 ms max latency.
61 records sent, 11.8 records/sec (1.15 MB/sec), 7512.4 ms avg latency, 18809.0 ms max latency.
126 records sent, 24.7 records/sec (2.41 MB/sec), 10145.6 ms avg latency, 11288.0 ms max latency.
149 records sent, 29.8 records/sec (2.91 MB/sec), 12073.3 ms avg latency, 13612.0 ms max latency.
234 records sent, 45.4 records/sec (4.43 MB/sec), 10299.6 ms avg latency, 14493.0 ms max latency.
269 records sent, 53.6 records/sec (5.24 MB/sec), 6884.6 ms avg latency, 8637.0 ms max latency.
342 records sent, 68.4 records/sec (6.68 MB/sec), 5114.3 ms avg latency, 6372.0 ms max latency.
399 records sent, 78.9 records/sec (7.70 MB/sec), 3451.6 ms avg latency, 4588.0 ms max latency.
384 records sent, 76.5 records/sec (7.47 MB/sec), 1849.6 ms avg latency, 2898.0 ms max latency.
374 records sent, 74.1 records/sec (7.24 MB/sec), 288.8 ms avg latency, 1091.0 ms max latency.
314 records sent, 61.9 records/sec (6.05 MB/sec), 84.8 ms avg latency, 263.0 ms max latency.
332 records sent, 65.7 records/sec (6.42 MB/sec), 64.0 ms avg latency, 174.0 ms max latency.
310 records sent, 61.3 records/sec (5.99 MB/sec), 65.3 ms avg latency, 242.0 ms max latency.
350 records sent, 69.6 records/sec (6.80 MB/sec), 56.2 ms avg latency, 152.0 ms max latency.
366 records sent, 72.9 records/sec (7.11 MB/sec), 65.9 ms avg latency, 236.0 ms max latency.
382 records sent, 76.2 records/sec (7.44 MB/sec), 59.9 ms avg latency, 187.0 ms max latency.
374 records sent, 73.8 records/sec (7.21 MB/sec), 67.9 ms avg latency, 262.0 ms max latency.
352 records sent, 70.2 records/sec (6.86 MB/sec), 54.8 ms avg latency, 160.0 ms max latency.
335 records sent, 65.4 records/sec (6.38 MB/sec), 66.5 ms avg latency, 533.0 ms max latency.
412 records sent, 81.6 records/sec (7.96 MB/sec), 405.0 ms avg latency, 1200.0 ms max latency.
353 records sent, 70.3 records/sec (6.86 MB/sec), 46.7 ms avg latency, 138.0 ms max latency.
382 records sent, 75.4 records/sec (7.37 MB/sec), 45.9 ms avg latency, 147.0 ms max latency.
373 records sent, 74.5 records/sec (7.28 MB/sec), 53.5 ms avg latency, 157.0 ms max latency.
378 records sent, 75.3 records/sec (7.36 MB/sec), 47.7 ms avg latency, 161.0 ms max latency.
360 records sent, 71.8 records/sec (7.01 MB/sec), 48.9 ms avg latency, 184.0 ms max latency.
368 records sent, 73.4 records/sec (7.17 MB/sec), 41.3 ms avg latency, 137.0 ms max latency.
8333 records sent, 56.022051 records/sec (5.47 MB/sec), 1467.81 ms avg latency, 18809.00 ms max latency, 63 ms 50th, 9184 ms 95th, 12426 ms 99th, 14005 ms 99.9th.
----- /var/lib/kafka-client/results/security-overhead-final-factorial-tls-b5-rf5-isr3-msg102400-tps10000-batch16384-acksall-prod12-compnone-trial1/producer-perf-11.log -----
producer_index=11
producer_count=12
producer_records=8333
producer_throughput=833
1 records sent, 0.1 records/sec (0.01 MB/sec), 18596.0 ms avg latency, 18596.0 ms max latency.
59 records sent, 11.5 records/sec (1.12 MB/sec), 7490.9 ms avg latency, 8909.0 ms max latency.
99 records sent, 19.8 records/sec (1.93 MB/sec), 10837.6 ms avg latency, 12359.0 ms max latency.
135 records sent, 26.0 records/sec (2.54 MB/sec), 13102.8 ms avg latency, 14984.0 ms max latency.
185 records sent, 37.0 records/sec (3.61 MB/sec), 13206.8 ms avg latency, 16125.0 ms max latency.
294 records sent, 57.9 records/sec (5.66 MB/sec), 7455.6 ms avg latency, 10899.0 ms max latency.
329 records sent, 64.6 records/sec (6.31 MB/sec), 5143.0 ms avg latency, 6166.0 ms max latency.
334 records sent, 66.0 records/sec (6.45 MB/sec), 4230.5 ms avg latency, 4753.0 ms max latency.
426 records sent, 85.0 records/sec (8.31 MB/sec), 3025.6 ms avg latency, 4289.0 ms max latency.
419 records sent, 83.6 records/sec (8.16 MB/sec), 618.5 ms avg latency, 1886.0 ms max latency.
307 records sent, 60.9 records/sec (5.95 MB/sec), 70.1 ms avg latency, 215.0 ms max latency.
297 records sent, 59.2 records/sec (5.78 MB/sec), 72.6 ms avg latency, 217.0 ms max latency.
324 records sent, 64.2 records/sec (6.27 MB/sec), 54.1 ms avg latency, 191.0 ms max latency.
349 records sent, 69.2 records/sec (6.76 MB/sec), 76.2 ms avg latency, 470.0 ms max latency.
324 records sent, 64.8 records/sec (6.32 MB/sec), 58.5 ms avg latency, 189.0 ms max latency.
367 records sent, 73.1 records/sec (7.14 MB/sec), 70.6 ms avg latency, 260.0 ms max latency.
381 records sent, 76.0 records/sec (7.42 MB/sec), 71.1 ms avg latency, 258.0 ms max latency.
391 records sent, 77.9 records/sec (7.60 MB/sec), 72.1 ms avg latency, 264.0 ms max latency.
324 records sent, 64.6 records/sec (6.31 MB/sec), 95.7 ms avg latency, 708.0 ms max latency.
413 records sent, 82.3 records/sec (8.03 MB/sec), 336.9 ms avg latency, 1335.0 ms max latency.
401 records sent, 79.9 records/sec (7.81 MB/sec), 60.9 ms avg latency, 339.0 ms max latency.
369 records sent, 73.7 records/sec (7.20 MB/sec), 43.7 ms avg latency, 127.0 ms max latency.
370 records sent, 73.8 records/sec (7.21 MB/sec), 57.8 ms avg latency, 199.0 ms max latency.
378 records sent, 75.4 records/sec (7.36 MB/sec), 47.0 ms avg latency, 222.0 ms max latency.
389 records sent, 77.4 records/sec (7.56 MB/sec), 53.4 ms avg latency, 198.0 ms max latency.
383 records sent, 76.3 records/sec (7.45 MB/sec), 54.1 ms avg latency, 206.0 ms max latency.
8333 records sent, 56.213277 records/sec (5.49 MB/sec), 1569.70 ms avg latency, 18596.00 ms max latency, 66 ms 50th, 9831 ms 95th, 14184 ms 99th, 15817 ms 99.9th.
----- /var/lib/kafka-client/results/security-overhead-final-factorial-tls-b5-rf5-isr3-msg102400-tps10000-batch16384-acksall-prod12-compnone-trial1/producer-perf-12.log -----
producer_index=12
producer_count=12
producer_records=8333
producer_throughput=833
1 records sent, 0.1 records/sec (0.01 MB/sec), 19114.0 ms avg latency, 19114.0 ms max latency.
66 records sent, 13.0 records/sec (1.27 MB/sec), 7774.7 ms avg latency, 9657.0 ms max latency.
90 records sent, 17.6 records/sec (1.72 MB/sec), 10509.5 ms avg latency, 12227.0 ms max latency.
138 records sent, 27.4 records/sec (2.67 MB/sec), 13025.5 ms avg latency, 14865.0 ms max latency.
131 records sent, 26.0 records/sec (2.54 MB/sec), 14334.4 ms avg latency, 15848.0 ms max latency.
126 records sent, 24.7 records/sec (2.41 MB/sec), 13048.6 ms avg latency, 14144.0 ms max latency.
144 records sent, 28.8 records/sec (2.81 MB/sec), 12896.7 ms avg latency, 13776.0 ms max latency.
320 records sent, 64.0 records/sec (6.25 MB/sec), 8727.9 ms avg latency, 12902.0 ms max latency.
395 records sent, 78.6 records/sec (7.67 MB/sec), 4185.4 ms avg latency, 5439.0 ms max latency.
420 records sent, 83.4 records/sec (8.15 MB/sec), 2343.7 ms avg latency, 3414.0 ms max latency.
350 records sent, 70.0 records/sec (6.83 MB/sec), 258.1 ms avg latency, 1247.0 ms max latency.
338 records sent, 67.0 records/sec (6.55 MB/sec), 92.9 ms avg latency, 314.0 ms max latency.
337 records sent, 67.0 records/sec (6.54 MB/sec), 58.1 ms avg latency, 171.0 ms max latency.
321 records sent, 63.4 records/sec (6.20 MB/sec), 61.8 ms avg latency, 210.0 ms max latency.
307 records sent, 60.9 records/sec (5.95 MB/sec), 65.3 ms avg latency, 207.0 ms max latency.
370 records sent, 74.0 records/sec (7.23 MB/sec), 78.3 ms avg latency, 311.0 ms max latency.
345 records sent, 69.0 records/sec (6.73 MB/sec), 58.9 ms avg latency, 170.0 ms max latency.
368 records sent, 73.2 records/sec (7.15 MB/sec), 57.6 ms avg latency, 157.0 ms max latency.
351 records sent, 70.1 records/sec (6.85 MB/sec), 83.8 ms avg latency, 392.0 ms max latency.
386 records sent, 77.1 records/sec (7.53 MB/sec), 485.2 ms avg latency, 1323.0 ms max latency.
376 records sent, 74.9 records/sec (7.31 MB/sec), 60.7 ms avg latency, 202.0 ms max latency.
383 records sent, 76.2 records/sec (7.44 MB/sec), 57.6 ms avg latency, 188.0 ms max latency.
360 records sent, 71.8 records/sec (7.01 MB/sec), 55.8 ms avg latency, 182.0 ms max latency.
407 records sent, 81.3 records/sec (7.93 MB/sec), 78.2 ms avg latency, 306.0 ms max latency.
375 records sent, 74.9 records/sec (7.32 MB/sec), 44.5 ms avg latency, 153.0 ms max latency.
398 records sent, 79.6 records/sec (7.77 MB/sec), 74.6 ms avg latency, 263.0 ms max latency.
637 records sent, 127.2 records/sec (12.43 MB/sec), 36.0 ms avg latency, 172.0 ms max latency.
8333 records sent, 55.228955 records/sec (5.39 MB/sec), 1766.74 ms avg latency, 19114.00 ms max latency, 69 ms 50th, 12683 ms 95th, 14378 ms 99th, 15058 ms 99.9th.
