run_id=security-overhead-final-factorial-mtls-b5-rf5-isr4-msg102400-tps1000-batch131072-acksall-prod6-compnone-trial3
producer_count=6
----- /var/lib/kafka-client/results/security-overhead-final-factorial-mtls-b5-rf5-isr4-msg102400-tps1000-batch131072-acksall-prod6-compnone-trial3/producer-perf-1.log -----
producer_index=1
producer_count=6
producer_records=16667
producer_throughput=167
1 records sent, 0.1 records/sec (0.01 MB/sec), 9282.0 ms avg latency, 9282.0 ms max latency.
151 records sent, 29.6 records/sec (2.89 MB/sec), 4762.7 ms avg latency, 6272.0 ms max latency.
438 records sent, 86.0 records/sec (8.40 MB/sec), 4329.3 ms avg latency, 6900.0 ms max latency.
760 records sent, 151.1 records/sec (14.75 MB/sec), 1676.0 ms avg latency, 2366.0 ms max latency.
826 records sent, 164.9 records/sec (16.10 MB/sec), 688.5 ms avg latency, 1449.0 ms max latency.
667 records sent, 133.3 records/sec (13.02 MB/sec), 44.9 ms avg latency, 144.0 ms max latency.
749 records sent, 149.7 records/sec (14.61 MB/sec), 46.5 ms avg latency, 223.0 ms max latency.
695 records sent, 137.4 records/sec (13.42 MB/sec), 46.1 ms avg latency, 165.0 ms max latency.
775 records sent, 154.6 records/sec (15.10 MB/sec), 32.5 ms avg latency, 135.0 ms max latency.
769 records sent, 153.5 records/sec (14.99 MB/sec), 31.1 ms avg latency, 149.0 ms max latency.
833 records sent, 165.9 records/sec (16.20 MB/sec), 57.6 ms avg latency, 227.0 ms max latency.
768 records sent, 153.5 records/sec (14.99 MB/sec), 31.7 ms avg latency, 123.0 ms max latency.
816 records sent, 162.5 records/sec (15.87 MB/sec), 37.9 ms avg latency, 218.0 ms max latency.
750 records sent, 149.9 records/sec (14.63 MB/sec), 28.6 ms avg latency, 96.0 ms max latency.
882 records sent, 176.3 records/sec (17.21 MB/sec), 28.3 ms avg latency, 122.0 ms max latency.
883 records sent, 176.1 records/sec (17.20 MB/sec), 54.4 ms avg latency, 355.0 ms max latency.
766 records sent, 153.1 records/sec (14.95 MB/sec), 961.0 ms avg latency, 2238.0 ms max latency.
837 records sent, 167.3 records/sec (16.34 MB/sec), 35.0 ms avg latency, 133.0 ms max latency.
899 records sent, 179.5 records/sec (17.53 MB/sec), 42.4 ms avg latency, 278.0 ms max latency.
839 records sent, 167.6 records/sec (16.36 MB/sec), 24.8 ms avg latency, 141.0 ms max latency.
904 records sent, 180.6 records/sec (17.64 MB/sec), 29.6 ms avg latency, 173.0 ms max latency.
904 records sent, 180.4 records/sec (17.62 MB/sec), 34.8 ms avg latency, 229.0 ms max latency.
16667 records sent, 139.386489 records/sec (13.61 MB/sec), 342.95 ms avg latency, 9282.00 ms max latency, 31 ms 50th, 1953 ms 95th, 5472 ms 99th, 6465 ms 99.9th.
----- /var/lib/kafka-client/results/security-overhead-final-factorial-mtls-b5-rf5-isr4-msg102400-tps1000-batch131072-acksall-prod6-compnone-trial3/producer-perf-2.log -----
producer_index=2
producer_count=6
producer_records=16667
producer_throughput=167
1 records sent, 0.1 records/sec (0.01 MB/sec), 8931.0 ms avg latency, 8931.0 ms max latency.
177 records sent, 35.0 records/sec (3.41 MB/sec), 4648.3 ms avg latency, 6075.0 ms max latency.
312 records sent, 62.2 records/sec (6.08 MB/sec), 4913.6 ms avg latency, 6960.0 ms max latency.
381 records sent, 76.1 records/sec (7.43 MB/sec), 4076.6 ms avg latency, 5007.0 ms max latency.
935 records sent, 186.8 records/sec (18.24 MB/sec), 691.6 ms avg latency, 2832.0 ms max latency.
650 records sent, 129.9 records/sec (12.69 MB/sec), 37.4 ms avg latency, 133.0 ms max latency.
730 records sent, 145.9 records/sec (14.25 MB/sec), 37.2 ms avg latency, 122.0 ms max latency.
759 records sent, 151.7 records/sec (14.82 MB/sec), 45.9 ms avg latency, 167.0 ms max latency.
760 records sent, 152.0 records/sec (14.84 MB/sec), 35.8 ms avg latency, 140.0 ms max latency.
779 records sent, 155.8 records/sec (15.21 MB/sec), 31.3 ms avg latency, 101.0 ms max latency.
787 records sent, 156.7 records/sec (15.30 MB/sec), 57.3 ms avg latency, 261.0 ms max latency.
827 records sent, 165.3 records/sec (16.15 MB/sec), 39.8 ms avg latency, 154.0 ms max latency.
780 records sent, 155.8 records/sec (15.21 MB/sec), 33.7 ms avg latency, 142.0 ms max latency.
788 records sent, 157.4 records/sec (15.38 MB/sec), 30.4 ms avg latency, 140.0 ms max latency.
857 records sent, 171.1 records/sec (16.70 MB/sec), 43.9 ms avg latency, 211.0 ms max latency.
717 records sent, 143.2 records/sec (13.98 MB/sec), 71.3 ms avg latency, 541.0 ms max latency.
833 records sent, 166.4 records/sec (16.25 MB/sec), 888.6 ms avg latency, 2374.0 ms max latency.
861 records sent, 172.2 records/sec (16.82 MB/sec), 34.1 ms avg latency, 220.0 ms max latency.
866 records sent, 173.1 records/sec (16.91 MB/sec), 35.6 ms avg latency, 157.0 ms max latency.
869 records sent, 173.7 records/sec (16.97 MB/sec), 25.8 ms avg latency, 94.0 ms max latency.
828 records sent, 165.5 records/sec (16.17 MB/sec), 26.1 ms avg latency, 110.0 ms max latency.
906 records sent, 181.2 records/sec (17.70 MB/sec), 40.4 ms avg latency, 246.0 ms max latency.
894 records sent, 178.8 records/sec (17.46 MB/sec), 21.5 ms avg latency, 91.0 ms max latency.
16667 records sent, 138.640958 records/sec (13.54 MB/sec), 349.99 ms avg latency, 8931.00 ms max latency, 31 ms 50th, 3185 ms 95th, 5205 ms 99th, 6261 ms 99.9th.
----- /var/lib/kafka-client/results/security-overhead-final-factorial-mtls-b5-rf5-isr4-msg102400-tps1000-batch131072-acksall-prod6-compnone-trial3/producer-perf-3.log -----
producer_index=3
producer_count=6
producer_records=16667
producer_throughput=167
1 records sent, 0.1 records/sec (0.01 MB/sec), 8957.0 ms avg latency, 8957.0 ms max latency.
181 records sent, 36.0 records/sec (3.51 MB/sec), 4467.8 ms avg latency, 5409.0 ms max latency.
319 records sent, 62.4 records/sec (6.10 MB/sec), 4386.6 ms avg latency, 5801.0 ms max latency.
431 records sent, 86.1 records/sec (8.41 MB/sec), 3751.0 ms avg latency, 4977.0 ms max latency.
908 records sent, 180.3 records/sec (17.61 MB/sec), 966.0 ms avg latency, 2274.0 ms max latency.
698 records sent, 138.7 records/sec (13.55 MB/sec), 48.2 ms avg latency, 223.0 ms max latency.
751 records sent, 150.1 records/sec (14.66 MB/sec), 35.3 ms avg latency, 109.0 ms max latency.
776 records sent, 154.7 records/sec (15.10 MB/sec), 47.0 ms avg latency, 179.0 ms max latency.
762 records sent, 152.3 records/sec (14.87 MB/sec), 36.3 ms avg latency, 120.0 ms max latency.
843 records sent, 168.5 records/sec (16.45 MB/sec), 44.5 ms avg latency, 145.0 ms max latency.
795 records sent, 157.6 records/sec (15.39 MB/sec), 47.9 ms avg latency, 253.0 ms max latency.
828 records sent, 165.0 records/sec (16.12 MB/sec), 42.6 ms avg latency, 194.0 ms max latency.
775 records sent, 155.0 records/sec (15.14 MB/sec), 27.6 ms avg latency, 142.0 ms max latency.
801 records sent, 160.2 records/sec (15.64 MB/sec), 35.8 ms avg latency, 198.0 ms max latency.
867 records sent, 173.0 records/sec (16.89 MB/sec), 34.9 ms avg latency, 119.0 ms max latency.
739 records sent, 147.5 records/sec (14.40 MB/sec), 62.5 ms avg latency, 559.0 ms max latency.
798 records sent, 159.5 records/sec (15.58 MB/sec), 871.0 ms avg latency, 2271.0 ms max latency.
825 records sent, 164.7 records/sec (16.09 MB/sec), 27.3 ms avg latency, 182.0 ms max latency.
807 records sent, 161.1 records/sec (15.73 MB/sec), 31.0 ms avg latency, 154.0 ms max latency.
812 records sent, 162.2 records/sec (15.84 MB/sec), 23.8 ms avg latency, 89.0 ms max latency.
890 records sent, 177.8 records/sec (17.36 MB/sec), 33.4 ms avg latency, 147.0 ms max latency.
851 records sent, 169.6 records/sec (16.56 MB/sec), 39.0 ms avg latency, 238.0 ms max latency.
952 records sent, 190.2 records/sec (18.58 MB/sec), 25.3 ms avg latency, 122.0 ms max latency.
16667 records sent, 138.337165 records/sec (13.51 MB/sec), 355.63 ms avg latency, 8957.00 ms max latency, 31 ms 50th, 3159 ms 95th, 4770 ms 99th, 5415 ms 99.9th.
----- /var/lib/kafka-client/results/security-overhead-final-factorial-mtls-b5-rf5-isr4-msg102400-tps1000-batch131072-acksall-prod6-compnone-trial3/producer-perf-4.log -----
producer_index=4
producer_count=6
producer_records=16667
producer_throughput=167
1 records sent, 0.1 records/sec (0.01 MB/sec), 9408.0 ms avg latency, 9408.0 ms max latency.
216 records sent, 42.9 records/sec (4.19 MB/sec), 4618.0 ms avg latency, 5998.0 ms max latency.
504 records sent, 100.2 records/sec (9.79 MB/sec), 3383.4 ms avg latency, 6283.0 ms max latency.
846 records sent, 168.3 records/sec (16.44 MB/sec), 1320.1 ms avg latency, 2041.0 ms max latency.
839 records sent, 167.8 records/sec (16.39 MB/sec), 252.8 ms avg latency, 992.0 ms max latency.
673 records sent, 134.2 records/sec (13.10 MB/sec), 45.7 ms avg latency, 193.0 ms max latency.
793 records sent, 158.3 records/sec (15.46 MB/sec), 41.1 ms avg latency, 231.0 ms max latency.
807 records sent, 161.2 records/sec (15.74 MB/sec), 30.7 ms avg latency, 114.0 ms max latency.
817 records sent, 163.3 records/sec (15.95 MB/sec), 40.5 ms avg latency, 145.0 ms max latency.
814 records sent, 162.8 records/sec (15.90 MB/sec), 36.9 ms avg latency, 135.0 ms max latency.
796 records sent, 158.9 records/sec (15.52 MB/sec), 39.5 ms avg latency, 150.0 ms max latency.
828 records sent, 165.4 records/sec (16.16 MB/sec), 43.8 ms avg latency, 190.0 ms max latency.
806 records sent, 161.2 records/sec (15.74 MB/sec), 31.7 ms avg latency, 121.0 ms max latency.
770 records sent, 153.9 records/sec (15.03 MB/sec), 31.5 ms avg latency, 116.0 ms max latency.
848 records sent, 169.3 records/sec (16.53 MB/sec), 29.1 ms avg latency, 107.0 ms max latency.
638 records sent, 127.1 records/sec (12.41 MB/sec), 118.9 ms avg latency, 1158.0 ms max latency.
905 records sent, 180.8 records/sec (17.66 MB/sec), 815.2 ms avg latency, 2421.0 ms max latency.
837 records sent, 167.4 records/sec (16.34 MB/sec), 29.3 ms avg latency, 140.0 ms max latency.
852 records sent, 169.8 records/sec (16.58 MB/sec), 34.4 ms avg latency, 124.0 ms max latency.
864 records sent, 172.5 records/sec (16.84 MB/sec), 28.0 ms avg latency, 104.0 ms max latency.
976 records sent, 194.6 records/sec (19.01 MB/sec), 51.7 ms avg latency, 300.0 ms max latency.
858 records sent, 171.5 records/sec (16.75 MB/sec), 27.5 ms avg latency, 154.0 ms max latency.
16667 records sent, 141.934989 records/sec (13.86 MB/sec), 318.65 ms avg latency, 9408.00 ms max latency, 32 ms 50th, 2015 ms 95th, 4868 ms 99th, 5964 ms 99.9th.
----- /var/lib/kafka-client/results/security-overhead-final-factorial-mtls-b5-rf5-isr4-msg102400-tps1000-batch131072-acksall-prod6-compnone-trial3/producer-perf-5.log -----
producer_index=5
producer_count=6
producer_records=16666
producer_throughput=166
1 records sent, 0.1 records/sec (0.01 MB/sec), 9698.0 ms avg latency, 9698.0 ms max latency.
241 records sent, 47.6 records/sec (4.64 MB/sec), 4937.9 ms avg latency, 5845.0 ms max latency.
300 records sent, 59.8 records/sec (5.84 MB/sec), 4196.6 ms avg latency, 6228.0 ms max latency.
680 records sent, 135.3 records/sec (13.21 MB/sec), 2371.6 ms avg latency, 4518.0 ms max latency.
942 records sent, 188.4 records/sec (18.40 MB/sec), 586.1 ms avg latency, 1198.0 ms max latency.
718 records sent, 143.3 records/sec (13.99 MB/sec), 45.4 ms avg latency, 126.0 ms max latency.
530 records sent, 105.8 records/sec (10.33 MB/sec), 39.7 ms avg latency, 117.0 ms max latency.
737 records sent, 147.4 records/sec (14.39 MB/sec), 36.5 ms avg latency, 152.0 ms max latency.
804 records sent, 160.4 records/sec (15.67 MB/sec), 31.5 ms avg latency, 130.0 ms max latency.
852 records sent, 170.0 records/sec (16.60 MB/sec), 35.0 ms avg latency, 129.0 ms max latency.
782 records sent, 156.2 records/sec (15.25 MB/sec), 43.3 ms avg latency, 174.0 ms max latency.
798 records sent, 159.6 records/sec (15.59 MB/sec), 36.8 ms avg latency, 158.0 ms max latency.
805 records sent, 160.5 records/sec (15.67 MB/sec), 31.3 ms avg latency, 155.0 ms max latency.
801 records sent, 159.8 records/sec (15.61 MB/sec), 32.3 ms avg latency, 147.0 ms max latency.
832 records sent, 166.1 records/sec (16.22 MB/sec), 28.5 ms avg latency, 117.0 ms max latency.
689 records sent, 135.5 records/sec (13.23 MB/sec), 95.3 ms avg latency, 988.0 ms max latency.
932 records sent, 186.3 records/sec (18.20 MB/sec), 798.8 ms avg latency, 2358.0 ms max latency.
809 records sent, 161.7 records/sec (15.79 MB/sec), 31.0 ms avg latency, 178.0 ms max latency.
815 records sent, 162.8 records/sec (15.90 MB/sec), 35.7 ms avg latency, 172.0 ms max latency.
860 records sent, 171.5 records/sec (16.75 MB/sec), 24.9 ms avg latency, 84.0 ms max latency.
840 records sent, 167.6 records/sec (16.37 MB/sec), 35.5 ms avg latency, 277.0 ms max latency.
854 records sent, 170.8 records/sec (16.68 MB/sec), 29.0 ms avg latency, 148.0 ms max latency.
16666 records sent, 138.487490 records/sec (13.52 MB/sec), 351.95 ms avg latency, 9698.00 ms max latency, 31 ms 50th, 2422 ms 95th, 5062 ms 99th, 5752 ms 99.9th.
----- /var/lib/kafka-client/results/security-overhead-final-factorial-mtls-b5-rf5-isr4-msg102400-tps1000-batch131072-acksall-prod6-compnone-trial3/producer-perf-6.log -----
producer_index=6
producer_count=6
producer_records=16666
producer_throughput=166
1 records sent, 0.1 records/sec (0.01 MB/sec), 9848.0 ms avg latency, 9848.0 ms max latency.
224 records sent, 44.1 records/sec (4.30 MB/sec), 4712.9 ms avg latency, 6308.0 ms max latency.
471 records sent, 93.7 records/sec (9.15 MB/sec), 3614.0 ms avg latency, 6829.0 ms max latency.
878 records sent, 175.0 records/sec (17.09 MB/sec), 1239.1 ms avg latency, 2316.0 ms max latency.
735 records sent, 146.5 records/sec (14.31 MB/sec), 83.9 ms avg latency, 507.0 ms max latency.
709 records sent, 141.3 records/sec (13.80 MB/sec), 45.5 ms avg latency, 183.0 ms max latency.
714 records sent, 141.6 records/sec (13.83 MB/sec), 36.3 ms avg latency, 125.0 ms max latency.
795 records sent, 158.9 records/sec (15.51 MB/sec), 35.4 ms avg latency, 113.0 ms max latency.
859 records sent, 171.4 records/sec (16.74 MB/sec), 59.3 ms avg latency, 351.0 ms max latency.
781 records sent, 156.1 records/sec (15.24 MB/sec), 38.4 ms avg latency, 167.0 ms max latency.
788 records sent, 157.4 records/sec (15.38 MB/sec), 38.6 ms avg latency, 140.0 ms max latency.
770 records sent, 153.8 records/sec (15.02 MB/sec), 37.4 ms avg latency, 182.0 ms max latency.
813 records sent, 161.7 records/sec (15.79 MB/sec), 27.9 ms avg latency, 142.0 ms max latency.
808 records sent, 161.4 records/sec (15.76 MB/sec), 31.4 ms avg latency, 123.0 ms max latency.
839 records sent, 167.5 records/sec (16.36 MB/sec), 26.4 ms avg latency, 140.0 ms max latency.
647 records sent, 129.0 records/sec (12.59 MB/sec), 153.3 ms avg latency, 1518.0 ms max latency.
949 records sent, 189.5 records/sec (18.50 MB/sec), 774.9 ms avg latency, 2486.0 ms max latency.
789 records sent, 157.5 records/sec (15.38 MB/sec), 29.3 ms avg latency, 153.0 ms max latency.
909 records sent, 181.3 records/sec (17.71 MB/sec), 35.1 ms avg latency, 207.0 ms max latency.
844 records sent, 168.7 records/sec (16.47 MB/sec), 27.0 ms avg latency, 133.0 ms max latency.
823 records sent, 164.5 records/sec (16.07 MB/sec), 34.8 ms avg latency, 327.0 ms max latency.
825 records sent, 164.8 records/sec (16.09 MB/sec), 25.5 ms avg latency, 107.0 ms max latency.
16666 records sent, 139.643225 records/sec (13.64 MB/sec), 311.62 ms avg latency, 9848.00 ms max latency, 30 ms 50th, 2066 ms 95th, 5012 ms 99th, 6202 ms 99.9th.
