run_id=security-overhead-final-factorial-mtls-b5-rf5-isr4-msg10240-tps1000-batch16384-acks1-prod12-compnone-trial1
producer_count=12
----- /var/lib/kafka-client/results/security-overhead-final-factorial-mtls-b5-rf5-isr4-msg10240-tps1000-batch16384-acks1-prod12-compnone-trial1/producer-perf-1.log -----
producer_index=1
producer_count=12
producer_records=8334
producer_throughput=84
1 records sent, 0.1 records/sec (0.00 MB/sec), 19207.0 ms avg latency, 19207.0 ms max latency.
207 records sent, 41.1 records/sec (0.40 MB/sec), 8026.3 ms avg latency, 9461.0 ms max latency.
270 records sent, 53.9 records/sec (0.53 MB/sec), 11301.9 ms avg latency, 13925.0 ms max latency.
493 records sent, 98.2 records/sec (0.96 MB/sec), 15771.7 ms avg latency, 17420.0 ms max latency.
952 records sent, 190.4 records/sec (1.86 MB/sec), 17877.8 ms avg latency, 19675.0 ms max latency.
1264 records sent, 252.6 records/sec (2.47 MB/sec), 11921.9 ms avg latency, 16904.0 ms max latency.
985 records sent, 196.5 records/sec (1.92 MB/sec), 2715.4 ms avg latency, 6775.0 ms max latency.
424 records sent, 84.5 records/sec (0.82 MB/sec), 18.9 ms avg latency, 82.0 ms max latency.
422 records sent, 84.3 records/sec (0.82 MB/sec), 19.7 ms avg latency, 77.0 ms max latency.
420 records sent, 83.8 records/sec (0.82 MB/sec), 20.2 ms avg latency, 100.0 ms max latency.
422 records sent, 84.1 records/sec (0.82 MB/sec), 16.6 ms avg latency, 74.0 ms max latency.
422 records sent, 84.3 records/sec (0.82 MB/sec), 15.8 ms avg latency, 71.0 ms max latency.
421 records sent, 84.0 records/sec (0.82 MB/sec), 13.7 ms avg latency, 37.0 ms max latency.
423 records sent, 84.3 records/sec (0.82 MB/sec), 14.0 ms avg latency, 43.0 ms max latency.
421 records sent, 84.0 records/sec (0.82 MB/sec), 13.3 ms avg latency, 37.0 ms max latency.
422 records sent, 84.4 records/sec (0.82 MB/sec), 11.9 ms avg latency, 41.0 ms max latency.
8334 records sent, 83.663779 records/sec (0.82 MB/sec), 5679.98 ms avg latency, 19675.00 ms max latency, 34 ms 50th, 17975 ms 95th, 18714 ms 99th, 19496 ms 99.9th.
----- /var/lib/kafka-client/results/security-overhead-final-factorial-mtls-b5-rf5-isr4-msg10240-tps1000-batch16384-acks1-prod12-compnone-trial1/producer-perf-2.log -----
producer_index=2
producer_count=12
producer_records=8334
producer_throughput=84
1 records sent, 0.1 records/sec (0.00 MB/sec), 6326.0 ms avg latency, 6326.0 ms max latency.
185 records sent, 36.3 records/sec (0.35 MB/sec), 8588.0 ms avg latency, 18583.0 ms max latency.
276 records sent, 54.2 records/sec (0.53 MB/sec), 11700.5 ms avg latency, 14187.0 ms max latency.
401 records sent, 79.9 records/sec (0.78 MB/sec), 16064.3 ms avg latency, 18752.0 ms max latency.
718 records sent, 143.3 records/sec (1.40 MB/sec), 19126.5 ms avg latency, 21444.0 ms max latency.
838 records sent, 167.2 records/sec (1.63 MB/sec), 17755.0 ms avg latency, 20877.0 ms max latency.
1425 records sent, 284.6 records/sec (2.78 MB/sec), 9453.4 ms avg latency, 15457.0 ms max latency.
702 records sent, 140.3 records/sec (1.37 MB/sec), 912.8 ms avg latency, 3538.0 ms max latency.
420 records sent, 83.9 records/sec (0.82 MB/sec), 19.6 ms avg latency, 111.0 ms max latency.
418 records sent, 83.4 records/sec (0.81 MB/sec), 22.0 ms avg latency, 81.0 ms max latency.
424 records sent, 84.8 records/sec (0.83 MB/sec), 17.3 ms avg latency, 73.0 ms max latency.
423 records sent, 84.5 records/sec (0.82 MB/sec), 16.5 ms avg latency, 65.0 ms max latency.
420 records sent, 83.9 records/sec (0.82 MB/sec), 15.1 ms avg latency, 75.0 ms max latency.
421 records sent, 84.1 records/sec (0.82 MB/sec), 15.4 ms avg latency, 65.0 ms max latency.
421 records sent, 84.2 records/sec (0.82 MB/sec), 14.8 ms avg latency, 83.0 ms max latency.
415 records sent, 82.9 records/sec (0.81 MB/sec), 13.2 ms avg latency, 86.0 ms max latency.
426 records sent, 85.1 records/sec (0.83 MB/sec), 13.9 ms avg latency, 89.0 ms max latency.
8334 records sent, 83.635232 records/sec (0.82 MB/sec), 6485.68 ms avg latency, 21444.00 ms max latency, 454 ms 50th, 19411 ms 95th, 20284 ms 99th, 21227 ms 99.9th.
----- /var/lib/kafka-client/results/security-overhead-final-factorial-mtls-b5-rf5-isr4-msg10240-tps1000-batch16384-acks1-prod12-compnone-trial1/producer-perf-3.log -----
producer_index=3
producer_count=12
producer_records=8334
producer_throughput=84
1 records sent, 0.1 records/sec (0.00 MB/sec), 18745.0 ms avg latency, 18745.0 ms max latency.
172 records sent, 34.3 records/sec (0.34 MB/sec), 8616.8 ms avg latency, 10055.0 ms max latency.
354 records sent, 70.6 records/sec (0.69 MB/sec), 10760.7 ms avg latency, 12661.0 ms max latency.
656 records sent, 130.8 records/sec (1.28 MB/sec), 13626.2 ms avg latency, 15162.0 ms max latency.
1059 records sent, 210.9 records/sec (2.06 MB/sec), 14927.2 ms avg latency, 16614.0 ms max latency.
1332 records sent, 263.8 records/sec (2.58 MB/sec), 6906.9 ms avg latency, 12616.0 ms max latency.
550 records sent, 109.7 records/sec (1.07 MB/sec), 257.7 ms avg latency, 1719.0 ms max latency.
420 records sent, 84.0 records/sec (0.82 MB/sec), 19.0 ms avg latency, 98.0 ms max latency.
420 records sent, 83.9 records/sec (0.82 MB/sec), 17.5 ms avg latency, 70.0 ms max latency.
422 records sent, 84.2 records/sec (0.82 MB/sec), 17.8 ms avg latency, 67.0 ms max latency.
419 records sent, 83.8 records/sec (0.82 MB/sec), 15.3 ms avg latency, 88.0 ms max latency.
423 records sent, 84.5 records/sec (0.83 MB/sec), 15.1 ms avg latency, 57.0 ms max latency.
421 records sent, 83.8 records/sec (0.82 MB/sec), 14.3 ms avg latency, 50.0 ms max latency.
421 records sent, 84.1 records/sec (0.82 MB/sec), 13.9 ms avg latency, 52.0 ms max latency.
423 records sent, 84.2 records/sec (0.82 MB/sec), 13.7 ms avg latency, 67.0 ms max latency.
415 records sent, 82.9 records/sec (0.81 MB/sec), 12.7 ms avg latency, 58.0 ms max latency.
426 records sent, 85.1 records/sec (0.83 MB/sec), 13.7 ms avg latency, 82.0 ms max latency.
8334 records sent, 83.587419 records/sec (0.82 MB/sec), 4735.18 ms avg latency, 18745.00 ms max latency, 26 ms 50th, 15488 ms 95th, 16185 ms 99th, 16540 ms 99.9th.
----- /var/lib/kafka-client/results/security-overhead-final-factorial-mtls-b5-rf5-isr4-msg10240-tps1000-batch16384-acks1-prod12-compnone-trial1/producer-perf-4.log -----
producer_index=4
producer_count=12
producer_records=8334
producer_throughput=84
1 records sent, 0.1 records/sec (0.00 MB/sec), 6940.0 ms avg latency, 6940.0 ms max latency.
226 records sent, 44.8 records/sec (0.44 MB/sec), 8030.8 ms avg latency, 19540.0 ms max latency.
354 records sent, 70.4 records/sec (0.69 MB/sec), 11215.0 ms avg latency, 13339.0 ms max latency.
710 records sent, 141.6 records/sec (1.38 MB/sec), 14680.1 ms avg latency, 16083.0 ms max latency.
1017 records sent, 203.2 records/sec (1.98 MB/sec), 15356.5 ms avg latency, 17511.0 ms max latency.
1278 records sent, 252.6 records/sec (2.47 MB/sec), 7242.7 ms avg latency, 12518.0 ms max latency.
598 records sent, 119.5 records/sec (1.17 MB/sec), 462.1 ms avg latency, 2238.0 ms max latency.
423 records sent, 84.2 records/sec (0.82 MB/sec), 22.6 ms avg latency, 106.0 ms max latency.
425 records sent, 84.5 records/sec (0.83 MB/sec), 17.7 ms avg latency, 68.0 ms max latency.
421 records sent, 84.1 records/sec (0.82 MB/sec), 17.1 ms avg latency, 62.0 ms max latency.
421 records sent, 84.1 records/sec (0.82 MB/sec), 15.1 ms avg latency, 67.0 ms max latency.
422 records sent, 84.3 records/sec (0.82 MB/sec), 13.8 ms avg latency, 48.0 ms max latency.
420 records sent, 84.0 records/sec (0.82 MB/sec), 14.7 ms avg latency, 52.0 ms max latency.
424 records sent, 84.8 records/sec (0.83 MB/sec), 14.2 ms avg latency, 57.0 ms max latency.
421 records sent, 84.1 records/sec (0.82 MB/sec), 13.2 ms avg latency, 53.0 ms max latency.
421 records sent, 84.2 records/sec (0.82 MB/sec), 12.4 ms avg latency, 59.0 ms max latency.
8334 records sent, 83.652862 records/sec (0.82 MB/sec), 4971.04 ms avg latency, 19540.00 ms max latency, 28 ms 50th, 16140 ms 95th, 16997 ms 99th, 17318 ms 99.9th.
----- /var/lib/kafka-client/results/security-overhead-final-factorial-mtls-b5-rf5-isr4-msg10240-tps1000-batch16384-acks1-prod12-compnone-trial1/producer-perf-5.log -----
producer_index=5
producer_count=12
producer_records=8333
producer_throughput=83
1 records sent, 0.1 records/sec (0.00 MB/sec), 6451.0 ms avg latency, 6451.0 ms max latency.
204 records sent, 40.0 records/sec (0.39 MB/sec), 8394.7 ms avg latency, 19128.0 ms max latency.
324 records sent, 64.3 records/sec (0.63 MB/sec), 11266.0 ms avg latency, 13661.0 ms max latency.
733 records sent, 146.0 records/sec (1.43 MB/sec), 14981.9 ms avg latency, 16846.0 ms max latency.
1085 records sent, 216.1 records/sec (2.11 MB/sec), 14957.1 ms avg latency, 17636.0 ms max latency.
1218 records sent, 243.4 records/sec (2.38 MB/sec), 6552.8 ms avg latency, 11475.0 ms max latency.
545 records sent, 108.9 records/sec (1.06 MB/sec), 301.2 ms avg latency, 1839.0 ms max latency.
415 records sent, 83.0 records/sec (0.81 MB/sec), 18.8 ms avg latency, 113.0 ms max latency.
417 records sent, 82.6 records/sec (0.81 MB/sec), 18.2 ms avg latency, 55.0 ms max latency.
420 records sent, 83.7 records/sec (0.82 MB/sec), 18.2 ms avg latency, 77.0 ms max latency.
417 records sent, 83.4 records/sec (0.81 MB/sec), 15.7 ms avg latency, 48.0 ms max latency.
416 records sent, 83.1 records/sec (0.81 MB/sec), 15.4 ms avg latency, 88.0 ms max latency.
416 records sent, 83.0 records/sec (0.81 MB/sec), 13.4 ms avg latency, 35.0 ms max latency.
416 records sent, 83.2 records/sec (0.81 MB/sec), 14.8 ms avg latency, 49.0 ms max latency.
417 records sent, 83.1 records/sec (0.81 MB/sec), 12.9 ms avg latency, 42.0 ms max latency.
415 records sent, 83.0 records/sec (0.81 MB/sec), 13.8 ms avg latency, 60.0 ms max latency.
416 records sent, 83.1 records/sec (0.81 MB/sec), 12.7 ms avg latency, 51.0 ms max latency.
8333 records sent, 82.843707 records/sec (0.81 MB/sec), 4894.93 ms avg latency, 19128.00 ms max latency, 26 ms 50th, 16257 ms 95th, 16969 ms 99th, 17485 ms 99.9th.
----- /var/lib/kafka-client/results/security-overhead-final-factorial-mtls-b5-rf5-isr4-msg10240-tps1000-batch16384-acks1-prod12-compnone-trial1/producer-perf-6.log -----
producer_index=6
producer_count=12
producer_records=8333
producer_throughput=83
[2026-04-22 08:05:10,083] WARN [Producer clientId=perf-producer-client] Bootstrap broker 10.20.1.91:9094 (id: -3 rack: null) disconnected (org.apache.kafka.clients.NetworkClient)
1 records sent, 0.1 records/sec (0.00 MB/sec), 19007.0 ms avg latency, 19007.0 ms max latency.
192 records sent, 38.1 records/sec (0.37 MB/sec), 7770.5 ms avg latency, 9627.0 ms max latency.
329 records sent, 65.7 records/sec (0.64 MB/sec), 11239.9 ms avg latency, 13291.0 ms max latency.
680 records sent, 135.2 records/sec (1.32 MB/sec), 14505.0 ms avg latency, 15896.0 ms max latency.
1139 records sent, 227.2 records/sec (2.22 MB/sec), 14744.9 ms avg latency, 16847.0 ms max latency.
1337 records sent, 267.1 records/sec (2.61 MB/sec), 5633.5 ms avg latency, 11293.0 ms max latency.
414 records sent, 82.7 records/sec (0.81 MB/sec), 18.2 ms avg latency, 59.0 ms max latency.
417 records sent, 83.2 records/sec (0.81 MB/sec), 18.4 ms avg latency, 88.0 ms max latency.
418 records sent, 83.6 records/sec (0.82 MB/sec), 17.8 ms avg latency, 74.0 ms max latency.
417 records sent, 83.1 records/sec (0.81 MB/sec), 19.9 ms avg latency, 69.0 ms max latency.
416 records sent, 83.1 records/sec (0.81 MB/sec), 15.3 ms avg latency, 89.0 ms max latency.
416 records sent, 82.9 records/sec (0.81 MB/sec), 14.5 ms avg latency, 59.0 ms max latency.
416 records sent, 83.1 records/sec (0.81 MB/sec), 14.1 ms avg latency, 64.0 ms max latency.
415 records sent, 82.9 records/sec (0.81 MB/sec), 13.4 ms avg latency, 52.0 ms max latency.
416 records sent, 83.1 records/sec (0.81 MB/sec), 13.8 ms avg latency, 70.0 ms max latency.
414 records sent, 82.6 records/sec (0.81 MB/sec), 12.6 ms avg latency, 55.0 ms max latency.
418 records sent, 83.5 records/sec (0.82 MB/sec), 14.5 ms avg latency, 122.0 ms max latency.
8333 records sent, 82.875016 records/sec (0.81 MB/sec), 4736.76 ms avg latency, 19007.00 ms max latency, 25 ms 50th, 15854 ms 95th, 16466 ms 99th, 16766 ms 99.9th.
----- /var/lib/kafka-client/results/security-overhead-final-factorial-mtls-b5-rf5-isr4-msg10240-tps1000-batch16384-acks1-prod12-compnone-trial1/producer-perf-7.log -----
producer_index=7
producer_count=12
producer_records=8333
producer_throughput=83
[2026-04-22 08:05:10,527] WARN [Producer clientId=perf-producer-client] Bootstrap broker 10.20.1.53:9094 (id: -5 rack: null) disconnected (org.apache.kafka.clients.NetworkClient)
1 records sent, 0.0 records/sec (0.00 MB/sec), 6659.0 ms avg latency, 6659.0 ms max latency.
216 records sent, 43.2 records/sec (0.42 MB/sec), 8433.1 ms avg latency, 20591.0 ms max latency.
360 records sent, 70.9 records/sec (0.69 MB/sec), 11534.9 ms avg latency, 14035.0 ms max latency.
777 records sent, 155.4 records/sec (1.52 MB/sec), 15006.1 ms avg latency, 17792.0 ms max latency.
1154 records sent, 229.7 records/sec (2.24 MB/sec), 14586.3 ms avg latency, 18124.0 ms max latency.
1296 records sent, 259.2 records/sec (2.53 MB/sec), 5218.2 ms avg latency, 10750.0 ms max latency.
418 records sent, 83.4 records/sec (0.81 MB/sec), 17.8 ms avg latency, 111.0 ms max latency.
416 records sent, 83.1 records/sec (0.81 MB/sec), 19.3 ms avg latency, 80.0 ms max latency.
417 records sent, 83.1 records/sec (0.81 MB/sec), 16.0 ms avg latency, 70.0 ms max latency.
417 records sent, 83.4 records/sec (0.81 MB/sec), 17.1 ms avg latency, 102.0 ms max latency.
415 records sent, 83.0 records/sec (0.81 MB/sec), 14.9 ms avg latency, 52.0 ms max latency.
416 records sent, 83.1 records/sec (0.81 MB/sec), 14.7 ms avg latency, 77.0 ms max latency.
416 records sent, 83.1 records/sec (0.81 MB/sec), 13.4 ms avg latency, 54.0 ms max latency.
414 records sent, 82.5 records/sec (0.81 MB/sec), 13.5 ms avg latency, 48.0 ms max latency.
418 records sent, 83.6 records/sec (0.82 MB/sec), 13.7 ms avg latency, 43.0 ms max latency.
416 records sent, 83.1 records/sec (0.81 MB/sec), 13.6 ms avg latency, 79.0 ms max latency.
8333 records sent, 82.752388 records/sec (0.81 MB/sec), 4956.75 ms avg latency, 20591.00 ms max latency, 25 ms 50th, 16254 ms 95th, 17057 ms 99th, 18014 ms 99.9th.
----- /var/lib/kafka-client/results/security-overhead-final-factorial-mtls-b5-rf5-isr4-msg10240-tps1000-batch16384-acks1-prod12-compnone-trial1/producer-perf-8.log -----
producer_index=8
producer_count=12
producer_records=8333
producer_throughput=83
[2026-04-22 08:05:10,345] WARN [Producer clientId=perf-producer-client] Bootstrap broker 10.20.1.53:9094 (id: -5 rack: null) disconnected (org.apache.kafka.clients.NetworkClient)
1 records sent, 0.1 records/sec (0.00 MB/sec), 5220.0 ms avg latency, 5220.0 ms max latency.
200 records sent, 39.7 records/sec (0.39 MB/sec), 7168.1 ms avg latency, 18302.0 ms max latency.
293 records sent, 58.4 records/sec (0.57 MB/sec), 10001.5 ms avg latency, 12290.0 ms max latency.
669 records sent, 133.7 records/sec (1.31 MB/sec), 13449.6 ms avg latency, 14994.0 ms max latency.
1132 records sent, 225.3 records/sec (2.20 MB/sec), 14317.1 ms avg latency, 16433.0 ms max latency.
1248 records sent, 249.4 records/sec (2.44 MB/sec), 5928.3 ms avg latency, 11235.0 ms max latency.
486 records sent, 97.0 records/sec (0.95 MB/sec), 114.2 ms avg latency, 1032.0 ms max latency.
418 records sent, 83.5 records/sec (0.82 MB/sec), 20.1 ms avg latency, 85.0 ms max latency.
415 records sent, 82.9 records/sec (0.81 MB/sec), 17.9 ms avg latency, 81.0 ms max latency.
415 records sent, 83.0 records/sec (0.81 MB/sec), 16.5 ms avg latency, 82.0 ms max latency.
417 records sent, 83.2 records/sec (0.81 MB/sec), 16.4 ms avg latency, 86.0 ms max latency.
417 records sent, 83.3 records/sec (0.81 MB/sec), 15.0 ms avg latency, 57.0 ms max latency.
415 records sent, 82.7 records/sec (0.81 MB/sec), 14.7 ms avg latency, 59.0 ms max latency.
418 records sent, 83.5 records/sec (0.82 MB/sec), 14.2 ms avg latency, 61.0 ms max latency.
414 records sent, 82.4 records/sec (0.80 MB/sec), 14.4 ms avg latency, 46.0 ms max latency.
420 records sent, 83.9 records/sec (0.82 MB/sec), 13.4 ms avg latency, 85.0 ms max latency.
416 records sent, 83.1 records/sec (0.81 MB/sec), 12.9 ms avg latency, 64.0 ms max latency.
8333 records sent, 82.845355 records/sec (0.81 MB/sec), 4451.53 ms avg latency, 18302.00 ms max latency, 25 ms 50th, 15151 ms 95th, 15893 ms 99th, 16282 ms 99.9th.
----- /var/lib/kafka-client/results/security-overhead-final-factorial-mtls-b5-rf5-isr4-msg10240-tps1000-batch16384-acks1-prod12-compnone-trial1/producer-perf-9.log -----
producer_index=9
producer_count=12
producer_records=8333
producer_throughput=83
1 records sent, 0.1 records/sec (0.00 MB/sec), 7166.0 ms avg latency, 7166.0 ms max latency.
214 records sent, 42.6 records/sec (0.42 MB/sec), 8530.4 ms avg latency, 19392.0 ms max latency.
361 records sent, 71.6 records/sec (0.70 MB/sec), 11021.4 ms avg latency, 13273.0 ms max latency.
865 records sent, 172.3 records/sec (1.68 MB/sec), 13982.3 ms avg latency, 16004.0 ms max latency.
1217 records sent, 242.4 records/sec (2.37 MB/sec), 12355.9 ms avg latency, 16385.0 ms max latency.
1042 records sent, 208.2 records/sec (2.03 MB/sec), 3404.3 ms avg latency, 7676.0 ms max latency.
417 records sent, 83.2 records/sec (0.81 MB/sec), 18.4 ms avg latency, 81.0 ms max latency.
413 records sent, 82.3 records/sec (0.80 MB/sec), 19.7 ms avg latency, 94.0 ms max latency.
420 records sent, 83.7 records/sec (0.82 MB/sec), 18.3 ms avg latency, 85.0 ms max latency.
418 records sent, 83.5 records/sec (0.82 MB/sec), 15.0 ms avg latency, 63.0 ms max latency.
417 records sent, 83.1 records/sec (0.81 MB/sec), 16.4 ms avg latency, 88.0 ms max latency.
416 records sent, 83.2 records/sec (0.81 MB/sec), 14.5 ms avg latency, 52.0 ms max latency.
416 records sent, 83.1 records/sec (0.81 MB/sec), 15.4 ms avg latency, 74.0 ms max latency.
416 records sent, 81.9 records/sec (0.80 MB/sec), 14.0 ms avg latency, 52.0 ms max latency.
424 records sent, 84.8 records/sec (0.83 MB/sec), 14.0 ms avg latency, 119.0 ms max latency.
418 records sent, 83.3 records/sec (0.81 MB/sec), 13.9 ms avg latency, 73.0 ms max latency.
416 records sent, 83.1 records/sec (0.81 MB/sec), 12.6 ms avg latency, 76.0 ms max latency.
8333 records sent, 82.958347 records/sec (0.81 MB/sec), 4387.70 ms avg latency, 19392.00 ms max latency, 24 ms 50th, 14811 ms 95th, 15564 ms 99th, 16213 ms 99.9th.
----- /var/lib/kafka-client/results/security-overhead-final-factorial-mtls-b5-rf5-isr4-msg10240-tps1000-batch16384-acks1-prod12-compnone-trial1/producer-perf-10.log -----
producer_index=10
producer_count=12
producer_records=8333
producer_throughput=83
1 records sent, 0.1 records/sec (0.00 MB/sec), 18478.0 ms avg latency, 18478.0 ms max latency.
216 records sent, 42.9 records/sec (0.42 MB/sec), 8198.3 ms avg latency, 9664.0 ms max latency.
438 records sent, 86.6 records/sec (0.85 MB/sec), 11356.0 ms avg latency, 13513.0 ms max latency.
788 records sent, 157.4 records/sec (1.54 MB/sec), 14678.2 ms avg latency, 16341.0 ms max latency.
1178 records sent, 235.5 records/sec (2.30 MB/sec), 11988.7 ms avg latency, 18222.0 ms max latency.
1016 records sent, 203.0 records/sec (1.98 MB/sec), 3146.2 ms avg latency, 7390.0 ms max latency.
416 records sent, 82.8 records/sec (0.81 MB/sec), 18.2 ms avg latency, 77.0 ms max latency.
419 records sent, 83.6 records/sec (0.82 MB/sec), 19.9 ms avg latency, 115.0 ms max latency.
417 records sent, 83.2 records/sec (0.81 MB/sec), 16.6 ms avg latency, 69.0 ms max latency.
416 records sent, 83.0 records/sec (0.81 MB/sec), 17.7 ms avg latency, 78.0 ms max latency.
415 records sent, 83.0 records/sec (0.81 MB/sec), 15.3 ms avg latency, 59.0 ms max latency.
415 records sent, 82.4 records/sec (0.81 MB/sec), 14.4 ms avg latency, 53.0 ms max latency.
419 records sent, 83.7 records/sec (0.82 MB/sec), 14.9 ms avg latency, 63.0 ms max latency.
416 records sent, 83.0 records/sec (0.81 MB/sec), 14.1 ms avg latency, 45.0 ms max latency.
417 records sent, 83.2 records/sec (0.81 MB/sec), 13.1 ms avg latency, 49.0 ms max latency.
418 records sent, 83.4 records/sec (0.81 MB/sec), 13.4 ms avg latency, 75.0 ms max latency.
415 records sent, 82.9 records/sec (0.81 MB/sec), 12.6 ms avg latency, 76.0 ms max latency.
8333 records sent, 82.900575 records/sec (0.81 MB/sec), 4286.70 ms avg latency, 18478.00 ms max latency, 23 ms 50th, 15127 ms 95th, 16329 ms 99th, 18029 ms 99.9th.
----- /var/lib/kafka-client/results/security-overhead-final-factorial-mtls-b5-rf5-isr4-msg10240-tps1000-batch16384-acks1-prod12-compnone-trial1/producer-perf-11.log -----
producer_index=11
producer_count=12
producer_records=8333
producer_throughput=83
1 records sent, 0.1 records/sec (0.00 MB/sec), 6398.0 ms avg latency, 6398.0 ms max latency.
240 records sent, 47.3 records/sec (0.46 MB/sec), 7938.4 ms avg latency, 19423.0 ms max latency.
353 records sent, 70.0 records/sec (0.68 MB/sec), 11092.1 ms avg latency, 13486.0 ms max latency.
735 records sent, 146.4 records/sec (1.43 MB/sec), 14632.1 ms avg latency, 16765.0 ms max latency.
1120 records sent, 223.2 records/sec (2.18 MB/sec), 14141.7 ms avg latency, 17833.0 ms max latency.
1257 records sent, 251.3 records/sec (2.45 MB/sec), 5229.4 ms avg latency, 10259.0 ms max latency.
418 records sent, 83.6 records/sec (0.82 MB/sec), 19.0 ms avg latency, 60.0 ms max latency.
415 records sent, 82.9 records/sec (0.81 MB/sec), 19.9 ms avg latency, 88.0 ms max latency.
416 records sent, 83.1 records/sec (0.81 MB/sec), 18.9 ms avg latency, 81.0 ms max latency.
414 records sent, 82.7 records/sec (0.81 MB/sec), 18.2 ms avg latency, 93.0 ms max latency.
419 records sent, 83.8 records/sec (0.82 MB/sec), 15.0 ms avg latency, 54.0 ms max latency.
417 records sent, 83.2 records/sec (0.81 MB/sec), 14.2 ms avg latency, 52.0 ms max latency.
416 records sent, 82.8 records/sec (0.81 MB/sec), 13.8 ms avg latency, 45.0 ms max latency.
416 records sent, 83.2 records/sec (0.81 MB/sec), 14.4 ms avg latency, 56.0 ms max latency.
415 records sent, 83.0 records/sec (0.81 MB/sec), 13.3 ms avg latency, 56.0 ms max latency.
418 records sent, 83.4 records/sec (0.81 MB/sec), 14.2 ms avg latency, 79.0 ms max latency.
415 records sent, 83.0 records/sec (0.81 MB/sec), 11.9 ms avg latency, 54.0 ms max latency.
8333 records sent, 82.966606 records/sec (0.81 MB/sec), 4688.11 ms avg latency, 19423.00 ms max latency, 26 ms 50th, 15662 ms 95th, 16831 ms 99th, 17691 ms 99.9th.
----- /var/lib/kafka-client/results/security-overhead-final-factorial-mtls-b5-rf5-isr4-msg10240-tps1000-batch16384-acks1-prod12-compnone-trial1/producer-perf-12.log -----
producer_index=12
producer_count=12
producer_records=8333
producer_throughput=83
1 records sent, 0.1 records/sec (0.00 MB/sec), 19263.0 ms avg latency, 19263.0 ms max latency.
245 records sent, 47.9 records/sec (0.47 MB/sec), 7493.5 ms avg latency, 9084.0 ms max latency.
306 records sent, 59.6 records/sec (0.58 MB/sec), 10686.1 ms avg latency, 13728.0 ms max latency.
596 records sent, 118.6 records/sec (1.16 MB/sec), 15143.3 ms avg latency, 16923.0 ms max latency.
1159 records sent, 231.5 records/sec (2.26 MB/sec), 15523.9 ms avg latency, 17490.0 ms max latency.
1408 records sent, 280.7 records/sec (2.74 MB/sec), 6047.5 ms avg latency, 12114.0 ms max latency.
415 records sent, 83.0 records/sec (0.81 MB/sec), 17.6 ms avg latency, 71.0 ms max latency.
417 records sent, 83.3 records/sec (0.81 MB/sec), 17.8 ms avg latency, 67.0 ms max latency.
416 records sent, 82.9 records/sec (0.81 MB/sec), 18.3 ms avg latency, 59.0 ms max latency.
417 records sent, 83.3 records/sec (0.81 MB/sec), 17.8 ms avg latency, 73.0 ms max latency.
414 records sent, 82.8 records/sec (0.81 MB/sec), 14.9 ms avg latency, 52.0 ms max latency.
417 records sent, 82.8 records/sec (0.81 MB/sec), 15.2 ms avg latency, 55.0 ms max latency.
418 records sent, 83.3 records/sec (0.81 MB/sec), 13.8 ms avg latency, 89.0 ms max latency.
417 records sent, 83.3 records/sec (0.81 MB/sec), 14.5 ms avg latency, 85.0 ms max latency.
416 records sent, 83.1 records/sec (0.81 MB/sec), 13.7 ms avg latency, 78.0 ms max latency.
416 records sent, 83.2 records/sec (0.81 MB/sec), 13.5 ms avg latency, 70.0 ms max latency.
416 records sent, 83.1 records/sec (0.81 MB/sec), 12.7 ms avg latency, 61.0 ms max latency.
8333 records sent, 82.923674 records/sec (0.81 MB/sec), 4887.63 ms avg latency, 19263.00 ms max latency, 25 ms 50th, 16621 ms 95th, 17219 ms 99th, 17428 ms 99.9th.
