producer_index=2
producer_count=6
producer_records=16667
producer_throughput=167
835 records sent, 166.8 records/sec (0.16 MB/sec), 76.7 ms avg latency, 4152.0 ms max latency.
837 records sent, 167.3 records/sec (0.16 MB/sec), 17.1 ms avg latency, 141.0 ms max latency.
837 records sent, 167.0 records/sec (0.16 MB/sec), 9.1 ms avg latency, 54.0 ms max latency.
838 records sent, 167.3 records/sec (0.16 MB/sec), 9.5 ms avg latency, 40.0 ms max latency.
836 records sent, 167.1 records/sec (0.16 MB/sec), 9.7 ms avg latency, 63.0 ms max latency.
834 records sent, 166.8 records/sec (0.16 MB/sec), 9.8 ms avg latency, 74.0 ms max latency.
836 records sent, 167.0 records/sec (0.16 MB/sec), 8.4 ms avg latency, 32.0 ms max latency.
838 records sent, 167.1 records/sec (0.16 MB/sec), 9.0 ms avg latency, 50.0 ms max latency.
836 records sent, 167.1 records/sec (0.16 MB/sec), 7.9 ms avg latency, 34.0 ms max latency.
835 records sent, 166.9 records/sec (0.16 MB/sec), 7.2 ms avg latency, 56.0 ms max latency.
837 records sent, 167.2 records/sec (0.16 MB/sec), 7.2 ms avg latency, 36.0 ms max latency.
836 records sent, 167.1 records/sec (0.16 MB/sec), 6.4 ms avg latency, 16.0 ms max latency.
836 records sent, 167.1 records/sec (0.16 MB/sec), 6.7 ms avg latency, 22.0 ms max latency.
836 records sent, 167.2 records/sec (0.16 MB/sec), 6.3 ms avg latency, 15.0 ms max latency.
835 records sent, 167.0 records/sec (0.16 MB/sec), 6.2 ms avg latency, 16.0 ms max latency.
835 records sent, 167.0 records/sec (0.16 MB/sec), 6.0 ms avg latency, 11.0 ms max latency.
836 records sent, 167.0 records/sec (0.16 MB/sec), 6.1 ms avg latency, 17.0 ms max latency.
836 records sent, 167.2 records/sec (0.16 MB/sec), 6.1 ms avg latency, 12.0 ms max latency.
835 records sent, 166.9 records/sec (0.16 MB/sec), 6.0 ms avg latency, 12.0 ms max latency.
16667 records sent, 166.920381 records/sec (0.16 MB/sec), 11.39 ms avg latency, 4152.00 ms max latency, 6 ms 50th, 28 ms 95th, 146 ms 99th, 222 ms 99.9th.
