run_id=security-overhead-final-factorial-tls-b3-rf3-isr3-msg102400-tps1000-batch16384-acksall-prod6-complz4-trial3
producer_count=6
----- /var/lib/kafka-client/results/security-overhead-final-factorial-tls-b3-rf3-isr3-msg102400-tps1000-batch16384-acksall-prod6-complz4-trial3/producer-perf-1.log -----
producer_index=1
producer_count=6
producer_records=16667
producer_throughput=167
1 records sent, 0.1 records/sec (0.01 MB/sec), 8356.0 ms avg latency, 8356.0 ms max latency.
184 records sent, 36.4 records/sec (3.56 MB/sec), 4096.0 ms avg latency, 5132.0 ms max latency.
294 records sent, 58.8 records/sec (5.74 MB/sec), 5320.2 ms avg latency, 6176.0 ms max latency.
362 records sent, 72.4 records/sec (7.07 MB/sec), 5343.5 ms avg latency, 5936.0 ms max latency.
756 records sent, 151.0 records/sec (14.75 MB/sec), 1731.5 ms avg latency, 4646.0 ms max latency.
582 records sent, 116.3 records/sec (11.36 MB/sec), 37.5 ms avg latency, 118.0 ms max latency.
600 records sent, 120.0 records/sec (11.71 MB/sec), 36.8 ms avg latency, 150.0 ms max latency.
627 records sent, 125.1 records/sec (12.22 MB/sec), 40.7 ms avg latency, 164.0 ms max latency.
683 records sent, 136.4 records/sec (13.32 MB/sec), 33.1 ms avg latency, 111.0 ms max latency.
680 records sent, 135.9 records/sec (13.27 MB/sec), 31.9 ms avg latency, 137.0 ms max latency.
693 records sent, 137.8 records/sec (13.45 MB/sec), 26.7 ms avg latency, 90.0 ms max latency.
670 records sent, 133.1 records/sec (13.00 MB/sec), 26.3 ms avg latency, 113.0 ms max latency.
671 records sent, 133.2 records/sec (13.01 MB/sec), 25.7 ms avg latency, 101.0 ms max latency.
709 records sent, 141.5 records/sec (13.82 MB/sec), 22.7 ms avg latency, 77.0 ms max latency.
726 records sent, 145.1 records/sec (14.17 MB/sec), 23.6 ms avg latency, 125.0 ms max latency.
692 records sent, 137.7 records/sec (13.45 MB/sec), 24.8 ms avg latency, 90.0 ms max latency.
712 records sent, 141.1 records/sec (13.78 MB/sec), 25.1 ms avg latency, 107.0 ms max latency.
731 records sent, 145.7 records/sec (14.23 MB/sec), 21.6 ms avg latency, 113.0 ms max latency.
588 records sent, 116.7 records/sec (11.39 MB/sec), 1154.6 ms avg latency, 1971.0 ms max latency.
781 records sent, 156.1 records/sec (15.24 MB/sec), 150.5 ms avg latency, 1178.0 ms max latency.
695 records sent, 138.7 records/sec (13.54 MB/sec), 29.4 ms avg latency, 174.0 ms max latency.
784 records sent, 156.7 records/sec (15.30 MB/sec), 20.0 ms avg latency, 89.0 ms max latency.
811 records sent, 161.8 records/sec (15.80 MB/sec), 24.0 ms avg latency, 104.0 ms max latency.
730 records sent, 145.9 records/sec (14.24 MB/sec), 23.1 ms avg latency, 117.0 ms max latency.
786 records sent, 157.1 records/sec (15.34 MB/sec), 22.2 ms avg latency, 118.0 ms max latency.
800 records sent, 159.9 records/sec (15.61 MB/sec), 20.1 ms avg latency, 84.0 ms max latency.
16667 records sent, 122.970111 records/sec (12.01 MB/sec), 403.68 ms avg latency, 8356.00 ms max latency, 24 ms 50th, 3854 ms 95th, 5608 ms 99th, 5936 ms 99.9th.
----- /var/lib/kafka-client/results/security-overhead-final-factorial-tls-b3-rf3-isr3-msg102400-tps1000-batch16384-acksall-prod6-complz4-trial3/producer-perf-2.log -----
producer_index=2
producer_count=6
producer_records=16667
producer_throughput=167
1 records sent, 0.1 records/sec (0.01 MB/sec), 7868.0 ms avg latency, 7868.0 ms max latency.
136 records sent, 26.9 records/sec (2.63 MB/sec), 4032.6 ms avg latency, 5011.0 ms max latency.
300 records sent, 59.9 records/sec (5.85 MB/sec), 5485.6 ms avg latency, 6407.0 ms max latency.
334 records sent, 66.6 records/sec (6.51 MB/sec), 5551.6 ms avg latency, 6155.0 ms max latency.
751 records sent, 150.0 records/sec (14.64 MB/sec), 2100.8 ms avg latency, 5042.0 ms max latency.
565 records sent, 112.1 records/sec (10.94 MB/sec), 40.3 ms avg latency, 168.0 ms max latency.
602 records sent, 120.2 records/sec (11.74 MB/sec), 34.1 ms avg latency, 132.0 ms max latency.
657 records sent, 131.3 records/sec (12.82 MB/sec), 43.4 ms avg latency, 168.0 ms max latency.
661 records sent, 132.0 records/sec (12.89 MB/sec), 28.5 ms avg latency, 108.0 ms max latency.
649 records sent, 129.5 records/sec (12.64 MB/sec), 30.5 ms avg latency, 138.0 ms max latency.
695 records sent, 138.7 records/sec (13.55 MB/sec), 28.1 ms avg latency, 129.0 ms max latency.
680 records sent, 135.8 records/sec (13.26 MB/sec), 27.3 ms avg latency, 159.0 ms max latency.
669 records sent, 133.8 records/sec (13.07 MB/sec), 26.6 ms avg latency, 160.0 ms max latency.
705 records sent, 140.8 records/sec (13.75 MB/sec), 25.8 ms avg latency, 102.0 ms max latency.
678 records sent, 135.4 records/sec (13.23 MB/sec), 23.3 ms avg latency, 77.0 ms max latency.
703 records sent, 140.2 records/sec (13.69 MB/sec), 23.0 ms avg latency, 121.0 ms max latency.
710 records sent, 141.7 records/sec (13.84 MB/sec), 25.8 ms avg latency, 137.0 ms max latency.
733 records sent, 146.6 records/sec (14.31 MB/sec), 23.3 ms avg latency, 117.0 ms max latency.
531 records sent, 106.1 records/sec (10.36 MB/sec), 815.8 ms avg latency, 2136.0 ms max latency.
804 records sent, 160.6 records/sec (15.68 MB/sec), 341.3 ms avg latency, 1697.0 ms max latency.
688 records sent, 137.4 records/sec (13.42 MB/sec), 25.6 ms avg latency, 104.0 ms max latency.
715 records sent, 142.8 records/sec (13.95 MB/sec), 21.2 ms avg latency, 103.0 ms max latency.
851 records sent, 170.0 records/sec (16.60 MB/sec), 20.5 ms avg latency, 82.0 ms max latency.
721 records sent, 143.5 records/sec (14.01 MB/sec), 22.3 ms avg latency, 140.0 ms max latency.
796 records sent, 159.1 records/sec (15.54 MB/sec), 22.1 ms avg latency, 137.0 ms max latency.
829 records sent, 165.4 records/sec (16.15 MB/sec), 21.1 ms avg latency, 95.0 ms max latency.
16667 records sent, 122.703045 records/sec (11.98 MB/sec), 402.26 ms avg latency, 7868.00 ms max latency, 23 ms 50th, 3832 ms 95th, 5781 ms 99th, 6206 ms 99.9th.
----- /var/lib/kafka-client/results/security-overhead-final-factorial-tls-b3-rf3-isr3-msg102400-tps1000-batch16384-acksall-prod6-complz4-trial3/producer-perf-3.log -----
producer_index=3
producer_count=6
producer_records=16667
producer_throughput=167
1 records sent, 0.1 records/sec (0.01 MB/sec), 7485.0 ms avg latency, 7485.0 ms max latency.
124 records sent, 24.3 records/sec (2.38 MB/sec), 4029.0 ms avg latency, 5465.0 ms max latency.
442 records sent, 88.0 records/sec (8.59 MB/sec), 4701.4 ms avg latency, 6069.0 ms max latency.
598 records sent, 119.0 records/sec (11.62 MB/sec), 2549.2 ms avg latency, 3730.0 ms max latency.
641 records sent, 128.0 records/sec (12.50 MB/sec), 394.8 ms avg latency, 1574.0 ms max latency.
617 records sent, 123.2 records/sec (12.03 MB/sec), 37.8 ms avg latency, 123.0 ms max latency.
608 records sent, 121.6 records/sec (11.88 MB/sec), 39.4 ms avg latency, 132.0 ms max latency.
633 records sent, 126.6 records/sec (12.36 MB/sec), 37.1 ms avg latency, 133.0 ms max latency.
658 records sent, 131.2 records/sec (12.82 MB/sec), 32.9 ms avg latency, 149.0 ms max latency.
680 records sent, 135.8 records/sec (13.27 MB/sec), 33.5 ms avg latency, 158.0 ms max latency.
666 records sent, 133.0 records/sec (12.99 MB/sec), 30.2 ms avg latency, 121.0 ms max latency.
696 records sent, 139.2 records/sec (13.59 MB/sec), 25.6 ms avg latency, 88.0 ms max latency.
667 records sent, 133.3 records/sec (13.02 MB/sec), 25.5 ms avg latency, 89.0 ms max latency.
686 records sent, 137.1 records/sec (13.39 MB/sec), 25.7 ms avg latency, 107.0 ms max latency.
701 records sent, 139.8 records/sec (13.66 MB/sec), 26.3 ms avg latency, 124.0 ms max latency.
727 records sent, 144.6 records/sec (14.12 MB/sec), 24.4 ms avg latency, 88.0 ms max latency.
703 records sent, 140.2 records/sec (13.69 MB/sec), 26.0 ms avg latency, 88.0 ms max latency.
738 records sent, 146.9 records/sec (14.34 MB/sec), 23.9 ms avg latency, 107.0 ms max latency.
500 records sent, 99.7 records/sec (9.74 MB/sec), 745.2 ms avg latency, 2111.0 ms max latency.
878 records sent, 175.3 records/sec (17.12 MB/sec), 432.1 ms avg latency, 1843.0 ms max latency.
681 records sent, 135.8 records/sec (13.27 MB/sec), 26.2 ms avg latency, 151.0 ms max latency.
757 records sent, 151.2 records/sec (14.76 MB/sec), 23.3 ms avg latency, 118.0 ms max latency.
871 records sent, 173.9 records/sec (16.98 MB/sec), 21.3 ms avg latency, 88.0 ms max latency.
711 records sent, 140.8 records/sec (13.75 MB/sec), 21.5 ms avg latency, 118.0 ms max latency.
744 records sent, 148.7 records/sec (14.53 MB/sec), 23.9 ms avg latency, 158.0 ms max latency.
764 records sent, 152.8 records/sec (14.92 MB/sec), 19.0 ms avg latency, 79.0 ms max latency.
16667 records sent, 124.033488 records/sec (12.11 MB/sec), 328.88 ms avg latency, 7485.00 ms max latency, 25 ms 50th, 2712 ms 95th, 4932 ms 99th, 5638 ms 99.9th.
----- /var/lib/kafka-client/results/security-overhead-final-factorial-tls-b3-rf3-isr3-msg102400-tps1000-batch16384-acksall-prod6-complz4-trial3/producer-perf-4.log -----
producer_index=4
producer_count=6
producer_records=16667
producer_throughput=167
1 records sent, 0.1 records/sec (0.01 MB/sec), 2105.0 ms avg latency, 2105.0 ms max latency.
162 records sent, 32.0 records/sec (3.12 MB/sec), 3914.3 ms avg latency, 8398.0 ms max latency.
306 records sent, 60.1 records/sec (5.87 MB/sec), 5255.6 ms avg latency, 6315.0 ms max latency.
400 records sent, 79.5 records/sec (7.76 MB/sec), 5237.5 ms avg latency, 6341.0 ms max latency.
700 records sent, 139.9 records/sec (13.66 MB/sec), 1948.1 ms avg latency, 3890.0 ms max latency.
663 records sent, 131.5 records/sec (12.84 MB/sec), 132.8 ms avg latency, 817.0 ms max latency.
650 records sent, 129.0 records/sec (12.60 MB/sec), 44.4 ms avg latency, 189.0 ms max latency.
616 records sent, 122.7 records/sec (11.98 MB/sec), 47.4 ms avg latency, 193.0 ms max latency.
668 records sent, 133.0 records/sec (12.99 MB/sec), 29.5 ms avg latency, 106.0 ms max latency.
656 records sent, 131.1 records/sec (12.80 MB/sec), 30.4 ms avg latency, 181.0 ms max latency.
681 records sent, 134.6 records/sec (13.15 MB/sec), 28.2 ms avg latency, 98.0 ms max latency.
696 records sent, 139.2 records/sec (13.59 MB/sec), 26.4 ms avg latency, 149.0 ms max latency.
657 records sent, 131.4 records/sec (12.83 MB/sec), 29.0 ms avg latency, 122.0 ms max latency.
659 records sent, 131.4 records/sec (12.83 MB/sec), 27.3 ms avg latency, 100.0 ms max latency.
687 records sent, 136.8 records/sec (13.36 MB/sec), 24.0 ms avg latency, 111.0 ms max latency.
704 records sent, 140.4 records/sec (13.71 MB/sec), 22.2 ms avg latency, 116.0 ms max latency.
711 records sent, 142.0 records/sec (13.87 MB/sec), 23.2 ms avg latency, 91.0 ms max latency.
703 records sent, 140.2 records/sec (13.69 MB/sec), 20.1 ms avg latency, 74.0 ms max latency.
638 records sent, 127.4 records/sec (12.44 MB/sec), 896.1 ms avg latency, 1908.0 ms max latency.
729 records sent, 145.8 records/sec (14.24 MB/sec), 55.5 ms avg latency, 576.0 ms max latency.
707 records sent, 141.3 records/sec (13.80 MB/sec), 24.3 ms avg latency, 120.0 ms max latency.
815 records sent, 162.9 records/sec (15.91 MB/sec), 19.8 ms avg latency, 84.0 ms max latency.
897 records sent, 179.3 records/sec (17.51 MB/sec), 21.9 ms avg latency, 124.0 ms max latency.
722 records sent, 144.3 records/sec (14.10 MB/sec), 23.1 ms avg latency, 98.0 ms max latency.
817 records sent, 162.5 records/sec (15.87 MB/sec), 20.2 ms avg latency, 86.0 ms max latency.
823 records sent, 164.5 records/sec (16.06 MB/sec), 19.2 ms avg latency, 79.0 ms max latency.
16667 records sent, 123.334098 records/sec (12.04 MB/sec), 404.62 ms avg latency, 8398.00 ms max latency, 24 ms 50th, 3578 ms 95th, 5749 ms 99th, 6100 ms 99.9th.
----- /var/lib/kafka-client/results/security-overhead-final-factorial-tls-b3-rf3-isr3-msg102400-tps1000-batch16384-acksall-prod6-complz4-trial3/producer-perf-5.log -----
producer_index=5
producer_count=6
producer_records=16666
producer_throughput=166
1 records sent, 0.1 records/sec (0.01 MB/sec), 8165.0 ms avg latency, 8165.0 ms max latency.
126 records sent, 24.8 records/sec (2.42 MB/sec), 4164.9 ms avg latency, 5225.0 ms max latency.
246 records sent, 48.9 records/sec (4.77 MB/sec), 6529.6 ms avg latency, 7625.0 ms max latency.
280 records sent, 55.9 records/sec (5.45 MB/sec), 6159.1 ms avg latency, 7692.0 ms max latency.
730 records sent, 145.3 records/sec (14.19 MB/sec), 2820.5 ms avg latency, 6168.0 ms max latency.
616 records sent, 123.0 records/sec (12.01 MB/sec), 72.2 ms avg latency, 562.0 ms max latency.
613 records sent, 122.6 records/sec (11.97 MB/sec), 36.6 ms avg latency, 104.0 ms max latency.
633 records sent, 126.4 records/sec (12.35 MB/sec), 38.1 ms avg latency, 121.0 ms max latency.
702 records sent, 140.3 records/sec (13.70 MB/sec), 27.8 ms avg latency, 113.0 ms max latency.
722 records sent, 143.8 records/sec (14.04 MB/sec), 28.1 ms avg latency, 122.0 ms max latency.
656 records sent, 131.1 records/sec (12.80 MB/sec), 28.6 ms avg latency, 127.0 ms max latency.
689 records sent, 137.7 records/sec (13.45 MB/sec), 27.3 ms avg latency, 126.0 ms max latency.
649 records sent, 129.3 records/sec (12.63 MB/sec), 26.8 ms avg latency, 139.0 ms max latency.
668 records sent, 133.5 records/sec (13.03 MB/sec), 24.5 ms avg latency, 103.0 ms max latency.
697 records sent, 139.2 records/sec (13.59 MB/sec), 23.5 ms avg latency, 117.0 ms max latency.
701 records sent, 139.1 records/sec (13.59 MB/sec), 26.7 ms avg latency, 90.0 ms max latency.
734 records sent, 146.7 records/sec (14.33 MB/sec), 27.5 ms avg latency, 180.0 ms max latency.
744 records sent, 147.9 records/sec (14.44 MB/sec), 23.1 ms avg latency, 131.0 ms max latency.
530 records sent, 105.5 records/sec (10.30 MB/sec), 781.0 ms avg latency, 1967.0 ms max latency.
838 records sent, 166.1 records/sec (16.22 MB/sec), 279.1 ms avg latency, 1571.0 ms max latency.
691 records sent, 138.2 records/sec (13.49 MB/sec), 30.6 ms avg latency, 139.0 ms max latency.
714 records sent, 142.8 records/sec (13.94 MB/sec), 21.3 ms avg latency, 80.0 ms max latency.
821 records sent, 163.7 records/sec (15.99 MB/sec), 18.7 ms avg latency, 83.0 ms max latency.
695 records sent, 138.9 records/sec (13.57 MB/sec), 23.5 ms avg latency, 138.0 ms max latency.
795 records sent, 158.7 records/sec (15.50 MB/sec), 20.5 ms avg latency, 92.0 ms max latency.
807 records sent, 161.3 records/sec (15.75 MB/sec), 21.0 ms avg latency, 101.0 ms max latency.
16666 records sent, 122.240315 records/sec (11.94 MB/sec), 417.44 ms avg latency, 8165.00 ms max latency, 23 ms 50th, 3814 ms 95th, 6747 ms 99th, 7445 ms 99.9th.
----- /var/lib/kafka-client/results/security-overhead-final-factorial-tls-b3-rf3-isr3-msg102400-tps1000-batch16384-acksall-prod6-complz4-trial3/producer-perf-6.log -----
producer_index=6
producer_count=6
producer_records=16666
producer_throughput=166
1 records sent, 0.1 records/sec (0.01 MB/sec), 1886.0 ms avg latency, 1886.0 ms max latency.
126 records sent, 25.1 records/sec (2.45 MB/sec), 4132.6 ms avg latency, 8355.0 ms max latency.
346 records sent, 68.6 records/sec (6.70 MB/sec), 5892.2 ms avg latency, 7126.0 ms max latency.
622 records sent, 122.9 records/sec (12.00 MB/sec), 2409.5 ms avg latency, 4991.0 ms max latency.
571 records sent, 114.1 records/sec (11.14 MB/sec), 307.8 ms avg latency, 1290.0 ms max latency.
581 records sent, 115.9 records/sec (11.32 MB/sec), 34.2 ms avg latency, 128.0 ms max latency.
624 records sent, 124.7 records/sec (12.18 MB/sec), 31.6 ms avg latency, 110.0 ms max latency.
626 records sent, 124.8 records/sec (12.19 MB/sec), 39.9 ms avg latency, 126.0 ms max latency.
642 records sent, 128.0 records/sec (12.50 MB/sec), 32.1 ms avg latency, 146.0 ms max latency.
663 records sent, 131.9 records/sec (12.88 MB/sec), 27.4 ms avg latency, 122.0 ms max latency.
683 records sent, 136.3 records/sec (13.31 MB/sec), 34.3 ms avg latency, 162.0 ms max latency.
696 records sent, 139.1 records/sec (13.58 MB/sec), 27.7 ms avg latency, 110.0 ms max latency.
684 records sent, 136.1 records/sec (13.29 MB/sec), 27.0 ms avg latency, 126.0 ms max latency.
685 records sent, 136.9 records/sec (13.37 MB/sec), 25.3 ms avg latency, 118.0 ms max latency.
723 records sent, 143.9 records/sec (14.05 MB/sec), 22.8 ms avg latency, 97.0 ms max latency.
712 records sent, 141.8 records/sec (13.85 MB/sec), 24.9 ms avg latency, 124.0 ms max latency.
674 records sent, 134.7 records/sec (13.15 MB/sec), 23.5 ms avg latency, 90.0 ms max latency.
730 records sent, 146.0 records/sec (14.26 MB/sec), 25.4 ms avg latency, 101.0 ms max latency.
533 records sent, 106.5 records/sec (10.40 MB/sec), 785.9 ms avg latency, 1941.0 ms max latency.
844 records sent, 168.1 records/sec (16.42 MB/sec), 233.9 ms avg latency, 1370.0 ms max latency.
685 records sent, 136.6 records/sec (13.34 MB/sec), 24.5 ms avg latency, 93.0 ms max latency.
754 records sent, 150.8 records/sec (14.72 MB/sec), 19.3 ms avg latency, 116.0 ms max latency.
831 records sent, 165.8 records/sec (16.19 MB/sec), 20.6 ms avg latency, 94.0 ms max latency.
726 records sent, 144.4 records/sec (14.10 MB/sec), 24.6 ms avg latency, 153.0 ms max latency.
795 records sent, 159.0 records/sec (15.53 MB/sec), 20.9 ms avg latency, 99.0 ms max latency.
830 records sent, 165.7 records/sec (16.19 MB/sec), 20.6 ms avg latency, 91.0 ms max latency.
16666 records sent, 123.146267 records/sec (12.03 MB/sec), 312.47 ms avg latency, 8355.00 ms max latency, 23 ms 50th, 2170 ms 95th, 5915 ms 99th, 6775 ms 99.9th.
