run_id=security-overhead-final-factorial-mtls-b5-rf5-isr4-msg10240-tps1000-batch16384-acksall-prod6-compnone-trial3
producer_count=6
----- /var/lib/kafka-client/results/security-overhead-final-factorial-mtls-b5-rf5-isr4-msg10240-tps1000-batch16384-acksall-prod6-compnone-trial3/producer-perf-1.log -----
producer_index=1
producer_count=6
producer_records=16667
producer_throughput=167
1 records sent, 0.1 records/sec (0.00 MB/sec), 9976.0 ms avg latency, 9976.0 ms max latency.
511 records sent, 102.2 records/sec (1.00 MB/sec), 5429.3 ms avg latency, 6732.0 ms max latency.
1566 records sent, 312.7 records/sec (3.05 MB/sec), 8163.2 ms avg latency, 9171.0 ms max latency.
2104 records sent, 419.1 records/sec (4.09 MB/sec), 3516.3 ms avg latency, 7669.0 ms max latency.
841 records sent, 168.2 records/sec (1.64 MB/sec), 14.7 ms avg latency, 76.0 ms max latency.
837 records sent, 167.1 records/sec (1.63 MB/sec), 13.7 ms avg latency, 77.0 ms max latency.
837 records sent, 167.3 records/sec (1.63 MB/sec), 13.8 ms avg latency, 86.0 ms max latency.
835 records sent, 166.9 records/sec (1.63 MB/sec), 11.7 ms avg latency, 43.0 ms max latency.
836 records sent, 167.2 records/sec (1.63 MB/sec), 11.3 ms avg latency, 54.0 ms max latency.
836 records sent, 167.0 records/sec (1.63 MB/sec), 10.7 ms avg latency, 39.0 ms max latency.
835 records sent, 167.0 records/sec (1.63 MB/sec), 16.4 ms avg latency, 127.0 ms max latency.
836 records sent, 167.1 records/sec (1.63 MB/sec), 11.4 ms avg latency, 62.0 ms max latency.
835 records sent, 167.0 records/sec (1.63 MB/sec), 9.6 ms avg latency, 42.0 ms max latency.
836 records sent, 167.2 records/sec (1.63 MB/sec), 10.3 ms avg latency, 80.0 ms max latency.
835 records sent, 167.0 records/sec (1.63 MB/sec), 9.1 ms avg latency, 39.0 ms max latency.
835 records sent, 166.9 records/sec (1.63 MB/sec), 9.0 ms avg latency, 33.0 ms max latency.
836 records sent, 167.1 records/sec (1.63 MB/sec), 8.8 ms avg latency, 35.0 ms max latency.
836 records sent, 167.1 records/sec (1.63 MB/sec), 11.2 ms avg latency, 76.0 ms max latency.
16667 records sent, 166.927068 records/sec (1.63 MB/sec), 1386.47 ms avg latency, 9976.00 ms max latency, 11 ms 50th, 8152 ms 95th, 8971 ms 99th, 9131 ms 99.9th.
----- /var/lib/kafka-client/results/security-overhead-final-factorial-mtls-b5-rf5-isr4-msg10240-tps1000-batch16384-acksall-prod6-compnone-trial3/producer-perf-2.log -----
producer_index=2
producer_count=6
producer_records=16667
producer_throughput=167
1 records sent, 0.1 records/sec (0.00 MB/sec), 10234.0 ms avg latency, 10234.0 ms max latency.
675 records sent, 134.8 records/sec (1.32 MB/sec), 5264.7 ms avg latency, 6751.0 ms max latency.
1412 records sent, 282.2 records/sec (2.76 MB/sec), 7881.6 ms avg latency, 9613.0 ms max latency.
1998 records sent, 399.4 records/sec (3.90 MB/sec), 4379.5 ms avg latency, 7904.0 ms max latency.
980 records sent, 195.6 records/sec (1.91 MB/sec), 115.4 ms avg latency, 936.0 ms max latency.
836 records sent, 167.2 records/sec (1.63 MB/sec), 13.5 ms avg latency, 60.0 ms max latency.
835 records sent, 166.8 records/sec (1.63 MB/sec), 13.8 ms avg latency, 72.0 ms max latency.
836 records sent, 167.2 records/sec (1.63 MB/sec), 12.7 ms avg latency, 49.0 ms max latency.
836 records sent, 167.1 records/sec (1.63 MB/sec), 11.7 ms avg latency, 38.0 ms max latency.
835 records sent, 166.8 records/sec (1.63 MB/sec), 10.9 ms avg latency, 35.0 ms max latency.
840 records sent, 167.7 records/sec (1.64 MB/sec), 17.1 ms avg latency, 126.0 ms max latency.
836 records sent, 167.2 records/sec (1.63 MB/sec), 10.7 ms avg latency, 47.0 ms max latency.
835 records sent, 167.0 records/sec (1.63 MB/sec), 9.5 ms avg latency, 45.0 ms max latency.
834 records sent, 166.7 records/sec (1.63 MB/sec), 10.5 ms avg latency, 81.0 ms max latency.
840 records sent, 167.9 records/sec (1.64 MB/sec), 9.5 ms avg latency, 35.0 ms max latency.
837 records sent, 167.3 records/sec (1.63 MB/sec), 9.0 ms avg latency, 31.0 ms max latency.
835 records sent, 166.9 records/sec (1.63 MB/sec), 10.4 ms avg latency, 216.0 ms max latency.
836 records sent, 167.0 records/sec (1.63 MB/sec), 10.9 ms avg latency, 62.0 ms max latency.
16667 records sent, 166.753377 records/sec (1.63 MB/sec), 1421.25 ms avg latency, 10234.00 ms max latency, 11 ms 50th, 7857 ms 95th, 8703 ms 99th, 9404 ms 99.9th.
----- /var/lib/kafka-client/results/security-overhead-final-factorial-mtls-b5-rf5-isr4-msg10240-tps1000-batch16384-acksall-prod6-compnone-trial3/producer-perf-3.log -----
producer_index=3
producer_count=6
producer_records=16667
producer_throughput=167
1 records sent, 0.1 records/sec (0.00 MB/sec), 3317.0 ms avg latency, 3317.0 ms max latency.
451 records sent, 89.8 records/sec (0.88 MB/sec), 5337.1 ms avg latency, 9560.0 ms max latency.
1232 records sent, 245.8 records/sec (2.40 MB/sec), 8889.4 ms avg latency, 10166.0 ms max latency.
1827 records sent, 364.7 records/sec (3.56 MB/sec), 6625.5 ms avg latency, 9761.0 ms max latency.
1415 records sent, 283.0 records/sec (2.76 MB/sec), 1061.4 ms avg latency, 3527.0 ms max latency.
833 records sent, 166.4 records/sec (1.62 MB/sec), 13.3 ms avg latency, 59.0 ms max latency.
844 records sent, 168.6 records/sec (1.65 MB/sec), 13.2 ms avg latency, 84.0 ms max latency.
837 records sent, 167.2 records/sec (1.63 MB/sec), 12.0 ms avg latency, 56.0 ms max latency.
836 records sent, 167.2 records/sec (1.63 MB/sec), 11.0 ms avg latency, 37.0 ms max latency.
836 records sent, 167.1 records/sec (1.63 MB/sec), 10.6 ms avg latency, 36.0 ms max latency.
828 records sent, 165.5 records/sec (1.62 MB/sec), 15.5 ms avg latency, 129.0 ms max latency.
843 records sent, 168.6 records/sec (1.65 MB/sec), 12.0 ms avg latency, 101.0 ms max latency.
834 records sent, 166.6 records/sec (1.63 MB/sec), 9.6 ms avg latency, 45.0 ms max latency.
838 records sent, 167.6 records/sec (1.64 MB/sec), 10.4 ms avg latency, 83.0 ms max latency.
835 records sent, 166.9 records/sec (1.63 MB/sec), 9.2 ms avg latency, 37.0 ms max latency.
836 records sent, 166.9 records/sec (1.63 MB/sec), 8.9 ms avg latency, 29.0 ms max latency.
836 records sent, 167.2 records/sec (1.63 MB/sec), 9.1 ms avg latency, 112.0 ms max latency.
836 records sent, 167.1 records/sec (1.63 MB/sec), 11.4 ms avg latency, 94.0 ms max latency.
836 records sent, 167.0 records/sec (1.63 MB/sec), 8.9 ms avg latency, 40.0 ms max latency.
16667 records sent, 166.918709 records/sec (1.63 MB/sec), 1625.89 ms avg latency, 10166.00 ms max latency, 11 ms 50th, 8963 ms 95th, 9722 ms 99th, 9999 ms 99.9th.
----- /var/lib/kafka-client/results/security-overhead-final-factorial-mtls-b5-rf5-isr4-msg10240-tps1000-batch16384-acksall-prod6-compnone-trial3/producer-perf-4.log -----
producer_index=4
producer_count=6
producer_records=16667
producer_throughput=167
1 records sent, 0.1 records/sec (0.00 MB/sec), 9967.0 ms avg latency, 9967.0 ms max latency.
494 records sent, 98.6 records/sec (0.96 MB/sec), 5309.5 ms avg latency, 7340.0 ms max latency.
1336 records sent, 266.5 records/sec (2.60 MB/sec), 8678.6 ms avg latency, 9940.0 ms max latency.
2034 records sent, 403.6 records/sec (3.94 MB/sec), 5800.2 ms avg latency, 9163.0 ms max latency.
1158 records sent, 231.6 records/sec (2.26 MB/sec), 362.3 ms avg latency, 1975.0 ms max latency.
837 records sent, 167.1 records/sec (1.63 MB/sec), 13.4 ms avg latency, 61.0 ms max latency.
836 records sent, 167.2 records/sec (1.63 MB/sec), 12.7 ms avg latency, 58.0 ms max latency.
836 records sent, 167.1 records/sec (1.63 MB/sec), 12.0 ms avg latency, 48.0 ms max latency.
837 records sent, 167.3 records/sec (1.63 MB/sec), 11.7 ms avg latency, 42.0 ms max latency.
837 records sent, 167.3 records/sec (1.63 MB/sec), 11.0 ms avg latency, 36.0 ms max latency.
835 records sent, 166.9 records/sec (1.63 MB/sec), 15.5 ms avg latency, 117.0 ms max latency.
835 records sent, 166.9 records/sec (1.63 MB/sec), 10.7 ms avg latency, 63.0 ms max latency.
840 records sent, 167.8 records/sec (1.64 MB/sec), 9.9 ms avg latency, 45.0 ms max latency.
836 records sent, 167.2 records/sec (1.63 MB/sec), 10.1 ms avg latency, 84.0 ms max latency.
835 records sent, 166.9 records/sec (1.63 MB/sec), 9.0 ms avg latency, 41.0 ms max latency.
837 records sent, 167.2 records/sec (1.63 MB/sec), 9.2 ms avg latency, 38.0 ms max latency.
835 records sent, 167.0 records/sec (1.63 MB/sec), 9.6 ms avg latency, 216.0 ms max latency.
836 records sent, 167.0 records/sec (1.63 MB/sec), 11.5 ms avg latency, 93.0 ms max latency.
16667 records sent, 166.778406 records/sec (1.63 MB/sec), 1594.39 ms avg latency, 9967.00 ms max latency, 11 ms 50th, 8801 ms 95th, 9562 ms 99th, 9837 ms 99.9th.
----- /var/lib/kafka-client/results/security-overhead-final-factorial-mtls-b5-rf5-isr4-msg10240-tps1000-batch16384-acksall-prod6-compnone-trial3/producer-perf-5.log -----
producer_index=5
producer_count=6
producer_records=16666
producer_throughput=166
1 records sent, 0.1 records/sec (0.00 MB/sec), 9346.0 ms avg latency, 9346.0 ms max latency.
466 records sent, 93.1 records/sec (0.91 MB/sec), 5452.1 ms avg latency, 7181.0 ms max latency.
1668 records sent, 333.5 records/sec (3.26 MB/sec), 7915.6 ms avg latency, 9383.0 ms max latency.
1927 records sent, 385.4 records/sec (3.76 MB/sec), 2839.9 ms avg latency, 6786.0 ms max latency.
831 records sent, 166.0 records/sec (1.62 MB/sec), 13.8 ms avg latency, 55.0 ms max latency.
830 records sent, 166.0 records/sec (1.62 MB/sec), 12.2 ms avg latency, 45.0 ms max latency.
833 records sent, 166.5 records/sec (1.63 MB/sec), 12.6 ms avg latency, 82.0 ms max latency.
831 records sent, 166.1 records/sec (1.62 MB/sec), 11.6 ms avg latency, 54.0 ms max latency.
831 records sent, 166.1 records/sec (1.62 MB/sec), 11.1 ms avg latency, 45.0 ms max latency.
829 records sent, 165.6 records/sec (1.62 MB/sec), 10.0 ms avg latency, 35.0 ms max latency.
823 records sent, 164.6 records/sec (1.61 MB/sec), 13.0 ms avg latency, 120.0 ms max latency.
842 records sent, 168.3 records/sec (1.64 MB/sec), 13.2 ms avg latency, 122.0 ms max latency.
830 records sent, 165.9 records/sec (1.62 MB/sec), 8.7 ms avg latency, 30.0 ms max latency.
830 records sent, 165.7 records/sec (1.62 MB/sec), 10.3 ms avg latency, 83.0 ms max latency.
832 records sent, 166.3 records/sec (1.62 MB/sec), 8.7 ms avg latency, 42.0 ms max latency.
831 records sent, 166.2 records/sec (1.62 MB/sec), 8.5 ms avg latency, 23.0 ms max latency.
830 records sent, 165.8 records/sec (1.62 MB/sec), 9.0 ms avg latency, 153.0 ms max latency.
831 records sent, 166.0 records/sec (1.62 MB/sec), 10.7 ms avg latency, 81.0 ms max latency.
832 records sent, 166.2 records/sec (1.62 MB/sec), 8.1 ms avg latency, 28.0 ms max latency.
16666 records sent, 165.875409 records/sec (1.62 MB/sec), 1281.71 ms avg latency, 9383.00 ms max latency, 11 ms 50th, 7983 ms 95th, 8626 ms 99th, 9239 ms 99.9th.
----- /var/lib/kafka-client/results/security-overhead-final-factorial-mtls-b5-rf5-isr4-msg10240-tps1000-batch16384-acksall-prod6-compnone-trial3/producer-perf-6.log -----
producer_index=6
producer_count=6
producer_records=16666
producer_throughput=166
1 records sent, 0.1 records/sec (0.00 MB/sec), 2944.0 ms avg latency, 2944.0 ms max latency.
446 records sent, 89.2 records/sec (0.87 MB/sec), 4796.7 ms avg latency, 9976.0 ms max latency.
1358 records sent, 271.3 records/sec (2.65 MB/sec), 8308.0 ms avg latency, 9933.0 ms max latency.
2352 records sent, 470.2 records/sec (4.59 MB/sec), 4466.2 ms avg latency, 9873.0 ms max latency.
836 records sent, 166.8 records/sec (1.63 MB/sec), 14.0 ms avg latency, 71.0 ms max latency.
833 records sent, 166.6 records/sec (1.63 MB/sec), 13.2 ms avg latency, 57.0 ms max latency.
830 records sent, 165.9 records/sec (1.62 MB/sec), 12.8 ms avg latency, 50.0 ms max latency.
831 records sent, 166.2 records/sec (1.62 MB/sec), 11.2 ms avg latency, 42.0 ms max latency.
831 records sent, 165.9 records/sec (1.62 MB/sec), 11.0 ms avg latency, 38.0 ms max latency.
831 records sent, 166.1 records/sec (1.62 MB/sec), 10.5 ms avg latency, 38.0 ms max latency.
832 records sent, 166.2 records/sec (1.62 MB/sec), 15.4 ms avg latency, 106.0 ms max latency.
831 records sent, 166.2 records/sec (1.62 MB/sec), 11.1 ms avg latency, 63.0 ms max latency.
830 records sent, 166.0 records/sec (1.62 MB/sec), 9.5 ms avg latency, 45.0 ms max latency.
831 records sent, 166.1 records/sec (1.62 MB/sec), 10.3 ms avg latency, 86.0 ms max latency.
830 records sent, 166.0 records/sec (1.62 MB/sec), 8.7 ms avg latency, 41.0 ms max latency.
831 records sent, 166.1 records/sec (1.62 MB/sec), 8.3 ms avg latency, 27.0 ms max latency.
831 records sent, 165.9 records/sec (1.62 MB/sec), 8.8 ms avg latency, 166.0 ms max latency.
832 records sent, 166.2 records/sec (1.62 MB/sec), 10.6 ms avg latency, 81.0 ms max latency.
831 records sent, 166.1 records/sec (1.62 MB/sec), 8.1 ms avg latency, 30.0 ms max latency.
16666 records sent, 165.936517 records/sec (1.62 MB/sec), 1443.97 ms avg latency, 9976.00 ms max latency, 11 ms 50th, 8515 ms 95th, 9399 ms 99th, 9790 ms 99.9th.
