run_id=security-overhead-final-factorial-mtls-b5-rf5-isr3-msg1024-tps10000-batch131072-acks1-prod12-complz4-trial1
producer_count=12
----- /var/lib/kafka-client/results/security-overhead-final-factorial-mtls-b5-rf5-isr3-msg1024-tps10000-batch131072-acks1-prod12-complz4-trial1/producer-perf-1.log -----
producer_index=1
producer_count=12
producer_records=8334
producer_throughput=834
1 records sent, 0.1 records/sec (0.00 MB/sec), 16936.0 ms avg latency, 16936.0 ms max latency.
4155 records sent, 816.1 records/sec (0.80 MB/sec), 4723.7 ms avg latency, 6687.0 ms max latency.
8334 records sent, 349.404662 records/sec (0.34 MB/sec), 5107.12 ms avg latency, 16936.00 ms max latency, 5261 ms 50th, 6563 ms 95th, 6753 ms 99th, 6758 ms 99.9th.
----- /var/lib/kafka-client/results/security-overhead-final-factorial-mtls-b5-rf5-isr3-msg1024-tps10000-batch131072-acks1-prod12-complz4-trial1/producer-perf-2.log -----
producer_index=2
producer_count=12
producer_records=8334
producer_throughput=834
1 records sent, 0.1 records/sec (0.00 MB/sec), 17338.0 ms avg latency, 17338.0 ms max latency.
4439 records sent, 829.3 records/sec (0.81 MB/sec), 5518.0 ms avg latency, 7326.0 ms max latency.
8334 records sent, 338.959613 records/sec (0.33 MB/sec), 5828.91 ms avg latency, 17338.00 ms max latency, 5830 ms 50th, 6937 ms 95th, 7149 ms 99th, 7208 ms 99.9th.
----- /var/lib/kafka-client/results/security-overhead-final-factorial-mtls-b5-rf5-isr3-msg1024-tps10000-batch131072-acks1-prod12-complz4-trial1/producer-perf-3.log -----
producer_index=3
producer_count=12
producer_records=8334
producer_throughput=834
1 records sent, 0.1 records/sec (0.00 MB/sec), 18035.0 ms avg latency, 18035.0 ms max latency.
7734 records sent, 1534.5 records/sec (1.50 MB/sec), 5834.3 ms avg latency, 7166.0 ms max latency.
8334 records sent, 350.433101 records/sec (0.34 MB/sec), 5849.30 ms avg latency, 18035.00 ms max latency, 5868 ms 50th, 6664 ms 95th, 7030 ms 99th, 7123 ms 99.9th.
----- /var/lib/kafka-client/results/security-overhead-final-factorial-mtls-b5-rf5-isr3-msg1024-tps10000-batch131072-acks1-prod12-complz4-trial1/producer-perf-4.log -----
producer_index=4
producer_count=12
producer_records=8334
producer_throughput=834
1 records sent, 0.1 records/sec (0.00 MB/sec), 18283.0 ms avg latency, 18283.0 ms max latency.
6034 records sent, 1201.5 records/sec (1.17 MB/sec), 4644.2 ms avg latency, 6329.0 ms max latency.
8334 records sent, 343.174799 records/sec (0.34 MB/sec), 4848.99 ms avg latency, 18283.00 ms max latency, 4972 ms 50th, 6037 ms 95th, 6217 ms 99th, 6291 ms 99.9th.
----- /var/lib/kafka-client/results/security-overhead-final-factorial-mtls-b5-rf5-isr3-msg1024-tps10000-batch131072-acks1-prod12-complz4-trial1/producer-perf-5.log -----
producer_index=5
producer_count=12
producer_records=8333
producer_throughput=833
1 records sent, 0.1 records/sec (0.00 MB/sec), 3260.0 ms avg latency, 3260.0 ms max latency.
2210 records sent, 436.0 records/sec (0.43 MB/sec), 4674.7 ms avg latency, 15872.0 ms max latency.
8333 records sent, 346.890351 records/sec (0.34 MB/sec), 5655.96 ms avg latency, 15872.00 ms max latency, 5961 ms 50th, 6936 ms 95th, 7190 ms 99th, 7250 ms 99.9th.
----- /var/lib/kafka-client/results/security-overhead-final-factorial-mtls-b5-rf5-isr3-msg1024-tps10000-batch131072-acks1-prod12-complz4-trial1/producer-perf-6.log -----
producer_index=6
producer_count=12
producer_records=8333
producer_throughput=833
1 records sent, 0.1 records/sec (0.00 MB/sec), 17261.0 ms avg latency, 17261.0 ms max latency.
5030 records sent, 975.4 records/sec (0.95 MB/sec), 6071.1 ms avg latency, 8126.0 ms max latency.
8333 records sent, 347.266211 records/sec (0.34 MB/sec), 6361.04 ms avg latency, 17261.00 ms max latency, 6412 ms 50th, 7849 ms 95th, 8068 ms 99th, 8069 ms 99.9th.
----- /var/lib/kafka-client/results/security-overhead-final-factorial-mtls-b5-rf5-isr3-msg1024-tps10000-batch131072-acks1-prod12-complz4-trial1/producer-perf-7.log -----
producer_index=7
producer_count=12
producer_records=8333
producer_throughput=833
[2026-04-20 07:24:11,836] WARN [Producer clientId=perf-producer-client] Bootstrap broker 10.20.1.53:9094 (id: -5 rack: null) disconnected (org.apache.kafka.clients.NetworkClient)
1 records sent, 0.1 records/sec (0.00 MB/sec), 18621.0 ms avg latency, 18621.0 ms max latency.
8333 records sent, 348.792432 records/sec (0.34 MB/sec), 4690.97 ms avg latency, 18621.00 ms max latency, 4938 ms 50th, 5719 ms 95th, 6058 ms 99th, 6091 ms 99.9th.
----- /var/lib/kafka-client/results/security-overhead-final-factorial-mtls-b5-rf5-isr3-msg1024-tps10000-batch131072-acks1-prod12-complz4-trial1/producer-perf-8.log -----
producer_index=8
producer_count=12
producer_records=8333
producer_throughput=833
1 records sent, 0.1 records/sec (0.00 MB/sec), 17382.0 ms avg latency, 17382.0 ms max latency.
5520 records sent, 1098.9 records/sec (1.07 MB/sec), 5820.1 ms avg latency, 6957.0 ms max latency.
8333 records sent, 348.573580 records/sec (0.34 MB/sec), 5926.13 ms avg latency, 17382.00 ms max latency, 6027 ms 50th, 6645 ms 95th, 6956 ms 99th, 6969 ms 99.9th.
----- /var/lib/kafka-client/results/security-overhead-final-factorial-mtls-b5-rf5-isr3-msg1024-tps10000-batch131072-acks1-prod12-complz4-trial1/producer-perf-9.log -----
producer_index=9
producer_count=12
producer_records=8333
producer_throughput=833
[2026-04-20 07:24:11,247] WARN [Producer clientId=perf-producer-client] Bootstrap broker 10.20.1.69:9094 (id: -1 rack: null) disconnected (org.apache.kafka.clients.NetworkClient)
1 records sent, 0.1 records/sec (0.00 MB/sec), 18585.0 ms avg latency, 18585.0 ms max latency.
6844 records sent, 1354.2 records/sec (1.32 MB/sec), 5444.1 ms avg latency, 6760.0 ms max latency.
8333 records sent, 342.006977 records/sec (0.33 MB/sec), 5593.91 ms avg latency, 18585.00 ms max latency, 5684 ms 50th, 6442 ms 95th, 6680 ms 99th, 6759 ms 99.9th.
----- /var/lib/kafka-client/results/security-overhead-final-factorial-mtls-b5-rf5-isr3-msg1024-tps10000-batch131072-acks1-prod12-complz4-trial1/producer-perf-10.log -----
producer_index=10
producer_count=12
producer_records=8333
producer_throughput=833
1 records sent, 0.1 records/sec (0.00 MB/sec), 4608.0 ms avg latency, 4608.0 ms max latency.
6299 records sent, 1241.4 records/sec (1.21 MB/sec), 5492.8 ms avg latency, 18351.0 ms max latency.
8333 records sent, 345.008902 records/sec (0.34 MB/sec), 5639.30 ms avg latency, 18351.00 ms max latency, 5780 ms 50th, 6783 ms 95th, 7070 ms 99th, 7074 ms 99.9th.
----- /var/lib/kafka-client/results/security-overhead-final-factorial-mtls-b5-rf5-isr3-msg1024-tps10000-batch131072-acks1-prod12-complz4-trial1/producer-perf-11.log -----
producer_index=11
producer_count=12
producer_records=8333
producer_throughput=833
[2026-04-20 07:24:12,422] WARN [Producer clientId=perf-producer-client] Bootstrap broker 10.20.1.238:9094 (id: -2 rack: null) disconnected (org.apache.kafka.clients.NetworkClient)
1 records sent, 0.1 records/sec (0.00 MB/sec), 2561.0 ms avg latency, 2561.0 ms max latency.
7050 records sent, 1406.3 records/sec (1.37 MB/sec), 4146.9 ms avg latency, 18170.0 ms max latency.
8333 records sent, 354.746701 records/sec (0.35 MB/sec), 4264.23 ms avg latency, 18170.00 ms max latency, 4460 ms 50th, 5646 ms 95th, 5897 ms 99th, 5927 ms 99.9th.
----- /var/lib/kafka-client/results/security-overhead-final-factorial-mtls-b5-rf5-isr3-msg1024-tps10000-batch131072-acks1-prod12-complz4-trial1/producer-perf-12.log -----
producer_index=12
producer_count=12
producer_records=8333
producer_throughput=833
1 records sent, 0.1 records/sec (0.00 MB/sec), 15806.0 ms avg latency, 15806.0 ms max latency.
2043 records sent, 393.1 records/sec (0.38 MB/sec), 5345.8 ms avg latency, 6711.0 ms max latency.
8333 records sent, 345.294825 records/sec (0.34 MB/sec), 5649.71 ms avg latency, 15806.00 ms max latency, 5663 ms 50th, 6585 ms 95th, 6683 ms 99th, 6694 ms 99.9th.
