run_id=security-overhead-final-factorial-tls-b3-rf3-isr3-msg102400-tps1000-batch16384-acks1-prod6-compnone-trial2
producer_count=6
----- /var/lib/kafka-client/results/security-overhead-final-factorial-tls-b3-rf3-isr3-msg102400-tps1000-batch16384-acks1-prod6-compnone-trial2/producer-perf-1.log -----
producer_index=1
producer_count=6
producer_records=16667
producer_throughput=167
1 records sent, 0.1 records/sec (0.01 MB/sec), 1855.0 ms avg latency, 1855.0 ms max latency.
200 records sent, 39.9 records/sec (3.90 MB/sec), 3961.8 ms avg latency, 7658.0 ms max latency.
586 records sent, 116.5 records/sec (11.38 MB/sec), 3815.6 ms avg latency, 6034.0 ms max latency.
926 records sent, 184.6 records/sec (18.02 MB/sec), 1566.6 ms avg latency, 2474.0 ms max latency.
787 records sent, 157.3 records/sec (15.36 MB/sec), 78.3 ms avg latency, 575.0 ms max latency.
738 records sent, 147.3 records/sec (14.39 MB/sec), 18.6 ms avg latency, 62.0 ms max latency.
767 records sent, 153.2 records/sec (14.96 MB/sec), 26.8 ms avg latency, 136.0 ms max latency.
828 records sent, 165.6 records/sec (16.17 MB/sec), 22.3 ms avg latency, 91.0 ms max latency.
816 records sent, 163.1 records/sec (15.93 MB/sec), 19.1 ms avg latency, 80.0 ms max latency.
834 records sent, 166.5 records/sec (16.26 MB/sec), 16.4 ms avg latency, 66.0 ms max latency.
837 records sent, 167.0 records/sec (16.31 MB/sec), 17.9 ms avg latency, 124.0 ms max latency.
876 records sent, 175.2 records/sec (17.11 MB/sec), 15.4 ms avg latency, 64.0 ms max latency.
854 records sent, 170.5 records/sec (16.65 MB/sec), 17.5 ms avg latency, 92.0 ms max latency.
839 records sent, 167.6 records/sec (16.37 MB/sec), 18.8 ms avg latency, 166.0 ms max latency.
883 records sent, 176.6 records/sec (17.25 MB/sec), 14.6 ms avg latency, 116.0 ms max latency.
924 records sent, 184.8 records/sec (18.05 MB/sec), 80.5 ms avg latency, 550.0 ms max latency.
857 records sent, 171.2 records/sec (16.72 MB/sec), 14.6 ms avg latency, 74.0 ms max latency.
893 records sent, 178.4 records/sec (17.42 MB/sec), 13.7 ms avg latency, 59.0 ms max latency.
888 records sent, 177.5 records/sec (17.34 MB/sec), 14.2 ms avg latency, 86.0 ms max latency.
878 records sent, 175.5 records/sec (17.14 MB/sec), 15.4 ms avg latency, 80.0 ms max latency.
947 records sent, 189.4 records/sec (18.50 MB/sec), 13.7 ms avg latency, 50.0 ms max latency.
16667 records sent, 150.489382 records/sec (14.70 MB/sec), 290.49 ms avg latency, 7658.00 ms max latency, 16 ms 50th, 2284 ms 95th, 5019 ms 99th, 5725 ms 99.9th.
----- /var/lib/kafka-client/results/security-overhead-final-factorial-tls-b3-rf3-isr3-msg102400-tps1000-batch16384-acks1-prod6-compnone-trial2/producer-perf-2.log -----
producer_index=2
producer_count=6
producer_records=16667
producer_throughput=167
1 records sent, 0.1 records/sec (0.01 MB/sec), 7519.0 ms avg latency, 7519.0 ms max latency.
158 records sent, 30.8 records/sec (3.01 MB/sec), 4248.5 ms avg latency, 5623.0 ms max latency.
514 records sent, 101.9 records/sec (9.95 MB/sec), 4577.2 ms avg latency, 6901.0 ms max latency.
842 records sent, 167.9 records/sec (16.40 MB/sec), 1781.2 ms avg latency, 2606.0 ms max latency.
859 records sent, 171.4 records/sec (16.73 MB/sec), 226.5 ms avg latency, 1179.0 ms max latency.
722 records sent, 144.4 records/sec (14.10 MB/sec), 19.2 ms avg latency, 61.0 ms max latency.
779 records sent, 155.6 records/sec (15.20 MB/sec), 24.6 ms avg latency, 78.0 ms max latency.
873 records sent, 174.5 records/sec (17.04 MB/sec), 17.8 ms avg latency, 51.0 ms max latency.
860 records sent, 171.4 records/sec (16.74 MB/sec), 18.0 ms avg latency, 55.0 ms max latency.
829 records sent, 165.5 records/sec (16.16 MB/sec), 17.7 ms avg latency, 57.0 ms max latency.
838 records sent, 167.4 records/sec (16.35 MB/sec), 20.0 ms avg latency, 121.0 ms max latency.
862 records sent, 172.4 records/sec (16.84 MB/sec), 17.1 ms avg latency, 72.0 ms max latency.
848 records sent, 169.5 records/sec (16.55 MB/sec), 14.4 ms avg latency, 63.0 ms max latency.
852 records sent, 170.4 records/sec (16.64 MB/sec), 18.2 ms avg latency, 169.0 ms max latency.
868 records sent, 173.6 records/sec (16.95 MB/sec), 15.1 ms avg latency, 79.0 ms max latency.
867 records sent, 173.3 records/sec (16.92 MB/sec), 71.1 ms avg latency, 437.0 ms max latency.
833 records sent, 166.4 records/sec (16.25 MB/sec), 14.0 ms avg latency, 48.0 ms max latency.
885 records sent, 176.8 records/sec (17.26 MB/sec), 15.1 ms avg latency, 70.0 ms max latency.
886 records sent, 177.1 records/sec (17.29 MB/sec), 13.6 ms avg latency, 64.0 ms max latency.
899 records sent, 179.7 records/sec (17.54 MB/sec), 13.7 ms avg latency, 90.0 ms max latency.
915 records sent, 183.0 records/sec (17.87 MB/sec), 15.4 ms avg latency, 89.0 ms max latency.
16667 records sent, 149.701352 records/sec (14.62 MB/sec), 300.64 ms avg latency, 7519.00 ms max latency, 16 ms 50th, 2233 ms 95th, 5695 ms 99th, 6456 ms 99.9th.
----- /var/lib/kafka-client/results/security-overhead-final-factorial-tls-b3-rf3-isr3-msg102400-tps1000-batch16384-acks1-prod6-compnone-trial2/producer-perf-3.log -----
producer_index=3
producer_count=6
producer_records=16667
producer_throughput=167
1 records sent, 0.1 records/sec (0.01 MB/sec), 7701.0 ms avg latency, 7701.0 ms max latency.
212 records sent, 42.0 records/sec (4.10 MB/sec), 4161.8 ms avg latency, 5199.0 ms max latency.
658 records sent, 131.1 records/sec (12.81 MB/sec), 3248.0 ms avg latency, 5404.0 ms max latency.
932 records sent, 185.6 records/sec (18.12 MB/sec), 1496.7 ms avg latency, 2199.0 ms max latency.
804 records sent, 160.3 records/sec (15.65 MB/sec), 127.5 ms avg latency, 823.0 ms max latency.
759 records sent, 151.8 records/sec (14.82 MB/sec), 20.9 ms avg latency, 87.0 ms max latency.
735 records sent, 146.9 records/sec (14.34 MB/sec), 29.8 ms avg latency, 161.0 ms max latency.
833 records sent, 166.6 records/sec (16.27 MB/sec), 21.7 ms avg latency, 87.0 ms max latency.
825 records sent, 164.9 records/sec (16.10 MB/sec), 20.0 ms avg latency, 87.0 ms max latency.
855 records sent, 170.7 records/sec (16.67 MB/sec), 21.7 ms avg latency, 124.0 ms max latency.
842 records sent, 167.9 records/sec (16.39 MB/sec), 23.4 ms avg latency, 158.0 ms max latency.
832 records sent, 166.4 records/sec (16.25 MB/sec), 15.9 ms avg latency, 56.0 ms max latency.
841 records sent, 168.2 records/sec (16.43 MB/sec), 16.5 ms avg latency, 62.0 ms max latency.
883 records sent, 176.5 records/sec (17.24 MB/sec), 18.4 ms avg latency, 176.0 ms max latency.
861 records sent, 171.2 records/sec (16.72 MB/sec), 15.7 ms avg latency, 82.0 ms max latency.
899 records sent, 179.8 records/sec (17.56 MB/sec), 78.3 ms avg latency, 446.0 ms max latency.
884 records sent, 176.5 records/sec (17.24 MB/sec), 16.1 ms avg latency, 78.0 ms max latency.
869 records sent, 173.4 records/sec (16.94 MB/sec), 15.3 ms avg latency, 66.0 ms max latency.
909 records sent, 181.7 records/sec (17.74 MB/sec), 14.5 ms avg latency, 75.0 ms max latency.
877 records sent, 174.9 records/sec (17.08 MB/sec), 14.8 ms avg latency, 59.0 ms max latency.
922 records sent, 184.4 records/sec (18.00 MB/sec), 12.6 ms avg latency, 51.0 ms max latency.
16667 records sent, 150.713918 records/sec (14.72 MB/sec), 290.08 ms avg latency, 7701.00 ms max latency, 17 ms 50th, 2199 ms 95th, 4830 ms 99th, 5276 ms 99.9th.
----- /var/lib/kafka-client/results/security-overhead-final-factorial-tls-b3-rf3-isr3-msg102400-tps1000-batch16384-acks1-prod6-compnone-trial2/producer-perf-4.log -----
producer_index=4
producer_count=6
producer_records=16667
producer_throughput=167
1 records sent, 0.1 records/sec (0.01 MB/sec), 7601.0 ms avg latency, 7601.0 ms max latency.
210 records sent, 41.6 records/sec (4.06 MB/sec), 4154.4 ms avg latency, 5325.0 ms max latency.
312 records sent, 62.0 records/sec (6.06 MB/sec), 5191.7 ms avg latency, 6258.0 ms max latency.
564 records sent, 112.8 records/sec (11.01 MB/sec), 3947.3 ms avg latency, 5783.0 ms max latency.
940 records sent, 187.8 records/sec (18.34 MB/sec), 914.5 ms avg latency, 2049.0 ms max latency.
767 records sent, 153.4 records/sec (14.98 MB/sec), 24.2 ms avg latency, 90.0 ms max latency.
758 records sent, 151.5 records/sec (14.80 MB/sec), 23.8 ms avg latency, 111.0 ms max latency.
854 records sent, 170.8 records/sec (16.68 MB/sec), 23.5 ms avg latency, 111.0 ms max latency.
826 records sent, 164.9 records/sec (16.11 MB/sec), 21.2 ms avg latency, 86.0 ms max latency.
853 records sent, 170.5 records/sec (16.65 MB/sec), 18.4 ms avg latency, 74.0 ms max latency.
846 records sent, 168.9 records/sec (16.49 MB/sec), 18.7 ms avg latency, 147.0 ms max latency.
854 records sent, 170.4 records/sec (16.64 MB/sec), 16.1 ms avg latency, 66.0 ms max latency.
838 records sent, 167.6 records/sec (16.37 MB/sec), 15.3 ms avg latency, 70.0 ms max latency.
821 records sent, 163.1 records/sec (15.93 MB/sec), 18.6 ms avg latency, 185.0 ms max latency.
926 records sent, 184.4 records/sec (18.01 MB/sec), 21.0 ms avg latency, 209.0 ms max latency.
869 records sent, 173.8 records/sec (16.97 MB/sec), 64.4 ms avg latency, 414.0 ms max latency.
878 records sent, 175.4 records/sec (17.13 MB/sec), 15.0 ms avg latency, 68.0 ms max latency.
869 records sent, 173.7 records/sec (16.96 MB/sec), 14.4 ms avg latency, 49.0 ms max latency.
934 records sent, 186.6 records/sec (18.22 MB/sec), 14.7 ms avg latency, 74.0 ms max latency.
952 records sent, 190.0 records/sec (18.55 MB/sec), 16.3 ms avg latency, 88.0 ms max latency.
924 records sent, 184.2 records/sec (17.99 MB/sec), 12.8 ms avg latency, 44.0 ms max latency.
16667 records sent, 149.205497 records/sec (14.57 MB/sec), 353.10 ms avg latency, 7601.00 ms max latency, 16 ms 50th, 3423 ms 95th, 5386 ms 99th, 5857 ms 99.9th.
----- /var/lib/kafka-client/results/security-overhead-final-factorial-tls-b3-rf3-isr3-msg102400-tps1000-batch16384-acks1-prod6-compnone-trial2/producer-perf-5.log -----
producer_index=5
producer_count=6
producer_records=16666
producer_throughput=166
1 records sent, 0.1 records/sec (0.01 MB/sec), 7970.0 ms avg latency, 7970.0 ms max latency.
218 records sent, 43.0 records/sec (4.20 MB/sec), 4028.7 ms avg latency, 5294.0 ms max latency.
312 records sent, 61.8 records/sec (6.03 MB/sec), 5460.7 ms avg latency, 6467.0 ms max latency.
554 records sent, 110.2 records/sec (10.76 MB/sec), 3994.6 ms avg latency, 5797.0 ms max latency.
963 records sent, 192.1 records/sec (18.76 MB/sec), 845.2 ms avg latency, 1973.0 ms max latency.
695 records sent, 138.6 records/sec (13.54 MB/sec), 23.7 ms avg latency, 102.0 ms max latency.
736 records sent, 147.0 records/sec (14.36 MB/sec), 21.2 ms avg latency, 61.0 ms max latency.
817 records sent, 162.8 records/sec (15.90 MB/sec), 21.0 ms avg latency, 98.0 ms max latency.
838 records sent, 167.3 records/sec (16.33 MB/sec), 19.5 ms avg latency, 75.0 ms max latency.
807 records sent, 160.8 records/sec (15.70 MB/sec), 18.1 ms avg latency, 84.0 ms max latency.
857 records sent, 171.1 records/sec (16.71 MB/sec), 22.2 ms avg latency, 240.0 ms max latency.
840 records sent, 167.8 records/sec (16.39 MB/sec), 15.7 ms avg latency, 56.0 ms max latency.
834 records sent, 166.4 records/sec (16.25 MB/sec), 15.4 ms avg latency, 63.0 ms max latency.
874 records sent, 174.8 records/sec (17.07 MB/sec), 18.8 ms avg latency, 181.0 ms max latency.
900 records sent, 179.9 records/sec (17.57 MB/sec), 24.5 ms avg latency, 228.0 ms max latency.
879 records sent, 175.5 records/sec (17.14 MB/sec), 75.1 ms avg latency, 641.0 ms max latency.
807 records sent, 161.2 records/sec (15.74 MB/sec), 13.7 ms avg latency, 56.0 ms max latency.
901 records sent, 179.8 records/sec (17.56 MB/sec), 14.2 ms avg latency, 44.0 ms max latency.
928 records sent, 185.0 records/sec (18.07 MB/sec), 14.6 ms avg latency, 97.0 ms max latency.
873 records sent, 174.6 records/sec (17.05 MB/sec), 13.7 ms avg latency, 84.0 ms max latency.
916 records sent, 183.0 records/sec (17.87 MB/sec), 13.6 ms avg latency, 77.0 ms max latency.
16666 records sent, 148.692052 records/sec (14.52 MB/sec), 355.92 ms avg latency, 7970.00 ms max latency, 16 ms 50th, 3436 ms 95th, 5448 ms 99th, 6211 ms 99.9th.
----- /var/lib/kafka-client/results/security-overhead-final-factorial-tls-b3-rf3-isr3-msg102400-tps1000-batch16384-acks1-prod6-compnone-trial2/producer-perf-6.log -----
producer_index=6
producer_count=6
producer_records=16666
producer_throughput=166
1 records sent, 0.1 records/sec (0.01 MB/sec), 7744.0 ms avg latency, 7744.0 ms max latency.
156 records sent, 31.2 records/sec (3.04 MB/sec), 3970.8 ms avg latency, 5737.0 ms max latency.
282 records sent, 55.7 records/sec (5.44 MB/sec), 6722.7 ms avg latency, 8102.0 ms max latency.
324 records sent, 63.9 records/sec (6.24 MB/sec), 5530.9 ms avg latency, 6983.0 ms max latency.
770 records sent, 153.8 records/sec (15.02 MB/sec), 2730.5 ms avg latency, 5342.0 ms max latency.
839 records sent, 167.6 records/sec (16.37 MB/sec), 334.3 ms avg latency, 1366.0 ms max latency.
745 records sent, 148.8 records/sec (14.53 MB/sec), 23.1 ms avg latency, 89.0 ms max latency.
807 records sent, 160.9 records/sec (15.71 MB/sec), 21.9 ms avg latency, 126.0 ms max latency.
831 records sent, 165.6 records/sec (16.18 MB/sec), 18.1 ms avg latency, 92.0 ms max latency.
836 records sent, 167.0 records/sec (16.31 MB/sec), 17.3 ms avg latency, 68.0 ms max latency.
849 records sent, 169.6 records/sec (16.56 MB/sec), 17.4 ms avg latency, 144.0 ms max latency.
839 records sent, 167.2 records/sec (16.33 MB/sec), 14.3 ms avg latency, 62.0 ms max latency.
879 records sent, 175.7 records/sec (17.16 MB/sec), 15.9 ms avg latency, 85.0 ms max latency.
870 records sent, 174.0 records/sec (16.99 MB/sec), 16.4 ms avg latency, 141.0 ms max latency.
900 records sent, 179.6 records/sec (17.54 MB/sec), 18.0 ms avg latency, 132.0 ms max latency.
887 records sent, 176.9 records/sec (17.28 MB/sec), 64.8 ms avg latency, 466.0 ms max latency.
883 records sent, 176.3 records/sec (17.22 MB/sec), 14.1 ms avg latency, 55.0 ms max latency.
879 records sent, 175.6 records/sec (17.15 MB/sec), 13.8 ms avg latency, 54.0 ms max latency.
891 records sent, 178.1 records/sec (17.39 MB/sec), 13.7 ms avg latency, 90.0 ms max latency.
914 records sent, 182.5 records/sec (17.82 MB/sec), 13.8 ms avg latency, 78.0 ms max latency.
940 records sent, 187.6 records/sec (18.32 MB/sec), 14.4 ms avg latency, 61.0 ms max latency.
16666 records sent, 148.413985 records/sec (14.49 MB/sec), 418.21 ms avg latency, 8102.00 ms max latency, 15 ms 50th, 4080 ms 95th, 6713 ms 99th, 7466 ms 99.9th.
