run_id=security-overhead-final-factorial-mtls-b5-rf5-isr3-msg1024-tps10000-batch131072-acksall-prod12-complz4-trial2
producer_count=12
----- /var/lib/kafka-client/results/security-overhead-final-factorial-mtls-b5-rf5-isr3-msg1024-tps10000-batch131072-acksall-prod12-complz4-trial2/producer-perf-1.log -----
producer_index=1
producer_count=12
producer_records=8334
producer_throughput=834
1 records sent, 0.1 records/sec (0.00 MB/sec), 17729.0 ms avg latency, 17729.0 ms max latency.
3465 records sent, 678.7 records/sec (0.66 MB/sec), 5147.6 ms avg latency, 7302.0 ms max latency.
8334 records sent, 332.987054 records/sec (0.33 MB/sec), 5753.79 ms avg latency, 17729.00 ms max latency, 6137 ms 50th, 6996 ms 95th, 7229 ms 99th, 7301 ms 99.9th.
----- /var/lib/kafka-client/results/security-overhead-final-factorial-mtls-b5-rf5-isr3-msg1024-tps10000-batch131072-acksall-prod12-complz4-trial2/producer-perf-2.log -----
producer_index=2
producer_count=12
producer_records=8334
producer_throughput=834
1 records sent, 0.1 records/sec (0.00 MB/sec), 18066.0 ms avg latency, 18066.0 ms max latency.
3552 records sent, 701.3 records/sec (0.68 MB/sec), 5042.2 ms avg latency, 7001.0 ms max latency.
8334 records sent, 328.136074 records/sec (0.32 MB/sec), 5648.92 ms avg latency, 18066.00 ms max latency, 5952 ms 50th, 6978 ms 95th, 7234 ms 99th, 7291 ms 99.9th.
----- /var/lib/kafka-client/results/security-overhead-final-factorial-mtls-b5-rf5-isr3-msg1024-tps10000-batch131072-acksall-prod12-complz4-trial2/producer-perf-3.log -----
producer_index=3
producer_count=12
producer_records=8334
producer_throughput=834
1 records sent, 0.1 records/sec (0.00 MB/sec), 17337.0 ms avg latency, 17337.0 ms max latency.
3878 records sent, 742.1 records/sec (0.72 MB/sec), 5411.0 ms avg latency, 7672.0 ms max latency.
8334 records sent, 336.822536 records/sec (0.33 MB/sec), 5522.32 ms avg latency, 17337.00 ms max latency, 5699 ms 50th, 7364 ms 95th, 7582 ms 99th, 7672 ms 99.9th.
----- /var/lib/kafka-client/results/security-overhead-final-factorial-mtls-b5-rf5-isr3-msg1024-tps10000-batch131072-acksall-prod12-complz4-trial2/producer-perf-4.log -----
producer_index=4
producer_count=12
producer_records=8334
producer_throughput=834
1 records sent, 0.1 records/sec (0.00 MB/sec), 4243.0 ms avg latency, 4243.0 ms max latency.
4489 records sent, 892.3 records/sec (0.87 MB/sec), 5301.4 ms avg latency, 18290.0 ms max latency.
8334 records sent, 338.959613 records/sec (0.33 MB/sec), 5880.92 ms avg latency, 18290.00 ms max latency, 6445 ms 50th, 7191 ms 95th, 7369 ms 99th, 7369 ms 99.9th.
----- /var/lib/kafka-client/results/security-overhead-final-factorial-mtls-b5-rf5-isr3-msg1024-tps10000-batch131072-acksall-prod12-complz4-trial2/producer-perf-5.log -----
producer_index=5
producer_count=12
producer_records=8333
producer_throughput=833
1 records sent, 0.1 records/sec (0.00 MB/sec), 2264.0 ms avg latency, 2264.0 ms max latency.
8333 records sent, 340.664732 records/sec (0.33 MB/sec), 4644.95 ms avg latency, 19796.00 ms max latency, 4701 ms 50th, 6051 ms 95th, 6443 ms 99th, 6449 ms 99.9th.
----- /var/lib/kafka-client/results/security-overhead-final-factorial-mtls-b5-rf5-isr3-msg1024-tps10000-batch131072-acksall-prod12-complz4-trial2/producer-perf-6.log -----
producer_index=6
producer_count=12
producer_records=8333
producer_throughput=833
1 records sent, 0.1 records/sec (0.00 MB/sec), 18373.0 ms avg latency, 18373.0 ms max latency.
5442 records sent, 1067.3 records/sec (1.04 MB/sec), 4866.6 ms avg latency, 6716.0 ms max latency.
8333 records sent, 337.341106 records/sec (0.33 MB/sec), 5217.54 ms avg latency, 18373.00 ms max latency, 5500 ms 50th, 6547 ms 95th, 6847 ms 99th, 6878 ms 99.9th.
----- /var/lib/kafka-client/results/security-overhead-final-factorial-mtls-b5-rf5-isr3-msg1024-tps10000-batch131072-acksall-prod12-complz4-trial2/producer-perf-7.log -----
producer_index=7
producer_count=12
producer_records=8333
producer_throughput=833
1 records sent, 0.1 records/sec (0.00 MB/sec), 19009.0 ms avg latency, 19009.0 ms max latency.
6600 records sent, 1299.0 records/sec (1.27 MB/sec), 5526.5 ms avg latency, 7700.0 ms max latency.
8333 records sent, 336.564482 records/sec (0.33 MB/sec), 5634.85 ms avg latency, 19009.00 ms max latency, 5683 ms 50th, 7375 ms 95th, 7659 ms 99th, 7699 ms 99.9th.
----- /var/lib/kafka-client/results/security-overhead-final-factorial-mtls-b5-rf5-isr3-msg1024-tps10000-batch131072-acksall-prod12-complz4-trial2/producer-perf-8.log -----
producer_index=8
producer_count=12
producer_records=8333
producer_throughput=833
1 records sent, 0.1 records/sec (0.00 MB/sec), 19176.0 ms avg latency, 19176.0 ms max latency.
7132 records sent, 1397.9 records/sec (1.37 MB/sec), 5046.2 ms avg latency, 6766.0 ms max latency.
8333 records sent, 333.173404 records/sec (0.33 MB/sec), 5149.06 ms avg latency, 19176.00 ms max latency, 5123 ms 50th, 6552 ms 95th, 6768 ms 99th, 6769 ms 99.9th.
----- /var/lib/kafka-client/results/security-overhead-final-factorial-mtls-b5-rf5-isr3-msg1024-tps10000-batch131072-acksall-prod12-complz4-trial2/producer-perf-9.log -----
producer_index=9
producer_count=12
producer_records=8333
producer_throughput=833
1 records sent, 0.1 records/sec (0.00 MB/sec), 16540.0 ms avg latency, 16540.0 ms max latency.
1989 records sent, 375.0 records/sec (0.37 MB/sec), 4159.3 ms avg latency, 6922.0 ms max latency.
8333 records sent, 333.600224 records/sec (0.33 MB/sec), 5501.69 ms avg latency, 16540.00 ms max latency, 5950 ms 50th, 7074 ms 95th, 7198 ms 99th, 7245 ms 99.9th.
----- /var/lib/kafka-client/results/security-overhead-final-factorial-mtls-b5-rf5-isr3-msg1024-tps10000-batch131072-acksall-prod12-complz4-trial2/producer-perf-10.log -----
producer_index=10
producer_count=12
producer_records=8333
producer_throughput=833
1 records sent, 0.1 records/sec (0.00 MB/sec), 16944.0 ms avg latency, 16944.0 ms max latency.
2590 records sent, 504.7 records/sec (0.49 MB/sec), 5040.0 ms avg latency, 6265.0 ms max latency.
8333 records sent, 336.673266 records/sec (0.33 MB/sec), 5450.51 ms avg latency, 16944.00 ms max latency, 5730 ms 50th, 6686 ms 95th, 6804 ms 99th, 6820 ms 99.9th.
----- /var/lib/kafka-client/results/security-overhead-final-factorial-mtls-b5-rf5-isr3-msg1024-tps10000-batch131072-acksall-prod12-complz4-trial2/producer-perf-11.log -----
producer_index=11
producer_count=12
producer_records=8333
producer_throughput=833
1 records sent, 0.1 records/sec (0.00 MB/sec), 18142.0 ms avg latency, 18142.0 ms max latency.
3486 records sent, 678.3 records/sec (0.66 MB/sec), 5886.3 ms avg latency, 7767.0 ms max latency.
8333 records sent, 325.177554 records/sec (0.32 MB/sec), 6349.57 ms avg latency, 18142.00 ms max latency, 6473 ms 50th, 7717 ms 95th, 7784 ms 99th, 7815 ms 99.9th.
----- /var/lib/kafka-client/results/security-overhead-final-factorial-mtls-b5-rf5-isr3-msg1024-tps10000-batch131072-acksall-prod12-complz4-trial2/producer-perf-12.log -----
producer_index=12
producer_count=12
producer_records=8333
producer_throughput=833
1 records sent, 0.1 records/sec (0.00 MB/sec), 19598.0 ms avg latency, 19598.0 ms max latency.
6952 records sent, 1366.4 records/sec (1.33 MB/sec), 5878.7 ms avg latency, 7851.0 ms max latency.
8333 records sent, 328.821719 records/sec (0.32 MB/sec), 5946.37 ms avg latency, 19598.00 ms max latency, 6108 ms 50th, 7636 ms 95th, 7849 ms 99th, 7850 ms 99.9th.
