run_id=security-overhead-final-factorial-plaintext-b5-rf3-isr3-msg102400-tps1000-batch16384-acksall-prod6-complz4-trial3
producer_count=6
----- /var/lib/kafka-client/results/security-overhead-final-factorial-plaintext-b5-rf3-isr3-msg102400-tps1000-batch16384-acksall-prod6-complz4-trial3/producer-perf-1.log -----
producer_index=1
producer_count=6
producer_records=16667
producer_throughput=167
17 records sent, 3.4 records/sec (0.33 MB/sec), 835.8 ms avg latency, 4497.0 ms max latency.
435 records sent, 86.9 records/sec (8.49 MB/sec), 212.8 ms avg latency, 889.0 ms max latency.
526 records sent, 104.2 records/sec (10.18 MB/sec), 40.2 ms avg latency, 128.0 ms max latency.
596 records sent, 119.2 records/sec (11.64 MB/sec), 26.4 ms avg latency, 107.0 ms max latency.
762 records sent, 152.2 records/sec (14.86 MB/sec), 22.6 ms avg latency, 135.0 ms max latency.
672 records sent, 133.7 records/sec (13.06 MB/sec), 27.7 ms avg latency, 97.0 ms max latency.
627 records sent, 125.2 records/sec (12.23 MB/sec), 22.8 ms avg latency, 161.0 ms max latency.
563 records sent, 111.9 records/sec (10.92 MB/sec), 23.6 ms avg latency, 133.0 ms max latency.
591 records sent, 118.1 records/sec (11.54 MB/sec), 21.5 ms avg latency, 86.0 ms max latency.
574 records sent, 114.8 records/sec (11.21 MB/sec), 23.6 ms avg latency, 101.0 ms max latency.
593 records sent, 118.0 records/sec (11.52 MB/sec), 25.4 ms avg latency, 146.0 ms max latency.
583 records sent, 115.0 records/sec (11.23 MB/sec), 20.0 ms avg latency, 115.0 ms max latency.
610 records sent, 122.0 records/sec (11.91 MB/sec), 21.9 ms avg latency, 130.0 ms max latency.
646 records sent, 128.7 records/sec (12.57 MB/sec), 22.8 ms avg latency, 107.0 ms max latency.
651 records sent, 129.6 records/sec (12.66 MB/sec), 22.1 ms avg latency, 127.0 ms max latency.
663 records sent, 132.4 records/sec (12.93 MB/sec), 26.4 ms avg latency, 169.0 ms max latency.
670 records sent, 133.8 records/sec (13.06 MB/sec), 28.2 ms avg latency, 129.0 ms max latency.
649 records sent, 129.1 records/sec (12.61 MB/sec), 20.6 ms avg latency, 133.0 ms max latency.
694 records sent, 138.8 records/sec (13.55 MB/sec), 48.1 ms avg latency, 322.0 ms max latency.
591 records sent, 117.8 records/sec (11.50 MB/sec), 19.4 ms avg latency, 113.0 ms max latency.
605 records sent, 119.6 records/sec (11.68 MB/sec), 16.7 ms avg latency, 89.0 ms max latency.
696 records sent, 139.0 records/sec (13.57 MB/sec), 20.6 ms avg latency, 104.0 ms max latency.
674 records sent, 134.1 records/sec (13.10 MB/sec), 15.9 ms avg latency, 85.0 ms max latency.
793 records sent, 157.7 records/sec (15.40 MB/sec), 23.2 ms avg latency, 127.0 ms max latency.
742 records sent, 147.9 records/sec (14.45 MB/sec), 14.9 ms avg latency, 75.0 ms max latency.
815 records sent, 163.0 records/sec (15.92 MB/sec), 18.8 ms avg latency, 67.0 ms max latency.
16667 records sent, 124.499522 records/sec (12.16 MB/sec), 29.53 ms avg latency, 4497.00 ms max latency, 16 ms 50th, 79 ms 95th, 199 ms 99th, 807 ms 99.9th.
----- /var/lib/kafka-client/results/security-overhead-final-factorial-plaintext-b5-rf3-isr3-msg102400-tps1000-batch16384-acksall-prod6-complz4-trial3/producer-perf-2.log -----
producer_index=2
producer_count=6
producer_records=16667
producer_throughput=167
27 records sent, 5.4 records/sec (0.53 MB/sec), 876.7 ms avg latency, 4512.0 ms max latency.
434 records sent, 86.8 records/sec (8.47 MB/sec), 231.9 ms avg latency, 1082.0 ms max latency.
508 records sent, 101.3 records/sec (9.90 MB/sec), 44.0 ms avg latency, 155.0 ms max latency.
560 records sent, 111.1 records/sec (10.85 MB/sec), 31.2 ms avg latency, 108.0 ms max latency.
668 records sent, 133.5 records/sec (13.03 MB/sec), 23.1 ms avg latency, 89.0 ms max latency.
601 records sent, 119.5 records/sec (11.67 MB/sec), 22.1 ms avg latency, 119.0 ms max latency.
659 records sent, 130.3 records/sec (12.72 MB/sec), 27.6 ms avg latency, 112.0 ms max latency.
620 records sent, 124.0 records/sec (12.10 MB/sec), 21.7 ms avg latency, 104.0 ms max latency.
572 records sent, 114.2 records/sec (11.15 MB/sec), 22.7 ms avg latency, 130.0 ms max latency.
549 records sent, 109.6 records/sec (10.70 MB/sec), 23.7 ms avg latency, 135.0 ms max latency.
588 records sent, 117.1 records/sec (11.44 MB/sec), 22.7 ms avg latency, 111.0 ms max latency.
622 records sent, 124.3 records/sec (12.14 MB/sec), 20.2 ms avg latency, 101.0 ms max latency.
633 records sent, 126.5 records/sec (12.35 MB/sec), 19.6 ms avg latency, 105.0 ms max latency.
697 records sent, 139.0 records/sec (13.57 MB/sec), 26.0 ms avg latency, 171.0 ms max latency.
684 records sent, 136.7 records/sec (13.35 MB/sec), 20.8 ms avg latency, 142.0 ms max latency.
586 records sent, 117.1 records/sec (11.44 MB/sec), 23.3 ms avg latency, 109.0 ms max latency.
707 records sent, 141.3 records/sec (13.80 MB/sec), 48.4 ms avg latency, 292.0 ms max latency.
662 records sent, 132.3 records/sec (12.92 MB/sec), 22.3 ms avg latency, 137.0 ms max latency.
622 records sent, 124.4 records/sec (12.15 MB/sec), 51.0 ms avg latency, 342.0 ms max latency.
719 records sent, 143.7 records/sec (14.03 MB/sec), 17.5 ms avg latency, 101.0 ms max latency.
675 records sent, 134.7 records/sec (13.15 MB/sec), 17.5 ms avg latency, 101.0 ms max latency.
662 records sent, 132.2 records/sec (12.91 MB/sec), 17.5 ms avg latency, 78.0 ms max latency.
702 records sent, 140.2 records/sec (13.69 MB/sec), 15.6 ms avg latency, 86.0 ms max latency.
875 records sent, 174.5 records/sec (17.05 MB/sec), 24.9 ms avg latency, 122.0 ms max latency.
746 records sent, 148.3 records/sec (14.48 MB/sec), 15.4 ms avg latency, 77.0 ms max latency.
814 records sent, 161.0 records/sec (15.73 MB/sec), 12.6 ms avg latency, 73.0 ms max latency.
16667 records sent, 125.076921 records/sec (12.21 MB/sec), 30.83 ms avg latency, 4512.00 ms max latency, 16 ms 50th, 86 ms 95th, 258 ms 99th, 876 ms 99.9th.
----- /var/lib/kafka-client/results/security-overhead-final-factorial-plaintext-b5-rf3-isr3-msg102400-tps1000-batch16384-acksall-prod6-complz4-trial3/producer-perf-3.log -----
producer_index=3
producer_count=6
producer_records=16667
producer_throughput=167
1 records sent, 0.2 records/sec (0.02 MB/sec), 5011.0 ms avg latency, 5011.0 ms max latency.
405 records sent, 80.9 records/sec (7.90 MB/sec), 273.0 ms avg latency, 802.0 ms max latency.
472 records sent, 94.1 records/sec (9.19 MB/sec), 54.8 ms avg latency, 197.0 ms max latency.
623 records sent, 124.5 records/sec (12.16 MB/sec), 32.6 ms avg latency, 343.0 ms max latency.
638 records sent, 126.9 records/sec (12.39 MB/sec), 26.1 ms avg latency, 122.0 ms max latency.
713 records sent, 141.8 records/sec (13.85 MB/sec), 30.8 ms avg latency, 215.0 ms max latency.
619 records sent, 123.8 records/sec (12.09 MB/sec), 34.2 ms avg latency, 157.0 ms max latency.
590 records sent, 117.9 records/sec (11.51 MB/sec), 23.9 ms avg latency, 101.0 ms max latency.
559 records sent, 111.2 records/sec (10.86 MB/sec), 22.3 ms avg latency, 105.0 ms max latency.
608 records sent, 121.5 records/sec (11.86 MB/sec), 26.5 ms avg latency, 126.0 ms max latency.
619 records sent, 123.4 records/sec (12.05 MB/sec), 23.6 ms avg latency, 112.0 ms max latency.
550 records sent, 109.7 records/sec (10.71 MB/sec), 22.2 ms avg latency, 113.0 ms max latency.
589 records sent, 116.8 records/sec (11.41 MB/sec), 20.7 ms avg latency, 101.0 ms max latency.
633 records sent, 126.4 records/sec (12.35 MB/sec), 19.5 ms avg latency, 122.0 ms max latency.
583 records sent, 116.4 records/sec (11.37 MB/sec), 21.8 ms avg latency, 91.0 ms max latency.
570 records sent, 113.8 records/sec (11.12 MB/sec), 21.0 ms avg latency, 115.0 ms max latency.
628 records sent, 125.5 records/sec (12.25 MB/sec), 17.9 ms avg latency, 92.0 ms max latency.
625 records sent, 124.8 records/sec (12.19 MB/sec), 19.5 ms avg latency, 91.0 ms max latency.
609 records sent, 121.5 records/sec (11.87 MB/sec), 41.5 ms avg latency, 357.0 ms max latency.
633 records sent, 125.4 records/sec (12.25 MB/sec), 17.1 ms avg latency, 64.0 ms max latency.
671 records sent, 134.1 records/sec (13.10 MB/sec), 17.6 ms avg latency, 135.0 ms max latency.
627 records sent, 125.2 records/sec (12.22 MB/sec), 19.9 ms avg latency, 114.0 ms max latency.
772 records sent, 153.8 records/sec (15.02 MB/sec), 18.5 ms avg latency, 95.0 ms max latency.
650 records sent, 128.7 records/sec (12.57 MB/sec), 17.3 ms avg latency, 90.0 ms max latency.
749 records sent, 149.0 records/sec (14.55 MB/sec), 15.7 ms avg latency, 93.0 ms max latency.
759 records sent, 151.8 records/sec (14.82 MB/sec), 17.0 ms avg latency, 82.0 ms max latency.
16667 records sent, 123.339574 records/sec (12.04 MB/sec), 29.13 ms avg latency, 5011.00 ms max latency, 15 ms 50th, 77 ms 95th, 353 ms 99th, 657 ms 99.9th.
----- /var/lib/kafka-client/results/security-overhead-final-factorial-plaintext-b5-rf3-isr3-msg102400-tps1000-batch16384-acksall-prod6-complz4-trial3/producer-perf-4.log -----
producer_index=4
producer_count=6
producer_records=16667
producer_throughput=167
58 records sent, 11.4 records/sec (1.11 MB/sec), 421.7 ms avg latency, 4283.0 ms max latency.
430 records sent, 85.0 records/sec (8.31 MB/sec), 128.0 ms avg latency, 522.0 ms max latency.
474 records sent, 94.5 records/sec (9.23 MB/sec), 55.4 ms avg latency, 270.0 ms max latency.
575 records sent, 114.7 records/sec (11.20 MB/sec), 30.0 ms avg latency, 157.0 ms max latency.
705 records sent, 140.6 records/sec (13.73 MB/sec), 24.5 ms avg latency, 122.0 ms max latency.
712 records sent, 141.1 records/sec (13.78 MB/sec), 31.8 ms avg latency, 146.0 ms max latency.
573 records sent, 114.5 records/sec (11.18 MB/sec), 24.3 ms avg latency, 137.0 ms max latency.
611 records sent, 122.1 records/sec (11.92 MB/sec), 25.0 ms avg latency, 129.0 ms max latency.
618 records sent, 123.3 records/sec (12.04 MB/sec), 22.1 ms avg latency, 81.0 ms max latency.
658 records sent, 131.1 records/sec (12.80 MB/sec), 26.7 ms avg latency, 116.0 ms max latency.
607 records sent, 121.2 records/sec (11.84 MB/sec), 22.0 ms avg latency, 83.0 ms max latency.
628 records sent, 125.5 records/sec (12.26 MB/sec), 25.2 ms avg latency, 135.0 ms max latency.
709 records sent, 139.2 records/sec (13.60 MB/sec), 25.3 ms avg latency, 115.0 ms max latency.
641 records sent, 128.2 records/sec (12.52 MB/sec), 20.3 ms avg latency, 116.0 ms max latency.
657 records sent, 131.2 records/sec (12.82 MB/sec), 21.9 ms avg latency, 96.0 ms max latency.
671 records sent, 133.7 records/sec (13.06 MB/sec), 23.6 ms avg latency, 128.0 ms max latency.
622 records sent, 124.2 records/sec (12.13 MB/sec), 23.3 ms avg latency, 97.0 ms max latency.
657 records sent, 131.2 records/sec (12.81 MB/sec), 22.2 ms avg latency, 96.0 ms max latency.
637 records sent, 127.2 records/sec (12.42 MB/sec), 38.6 ms avg latency, 341.0 ms max latency.
647 records sent, 128.8 records/sec (12.57 MB/sec), 16.8 ms avg latency, 84.0 ms max latency.
645 records sent, 129.0 records/sec (12.60 MB/sec), 17.6 ms avg latency, 106.0 ms max latency.
620 records sent, 122.8 records/sec (11.99 MB/sec), 16.4 ms avg latency, 97.0 ms max latency.
729 records sent, 145.7 records/sec (14.23 MB/sec), 17.8 ms avg latency, 89.0 ms max latency.
674 records sent, 133.0 records/sec (12.99 MB/sec), 14.8 ms avg latency, 108.0 ms max latency.
735 records sent, 146.5 records/sec (14.31 MB/sec), 14.3 ms avg latency, 82.0 ms max latency.
768 records sent, 153.0 records/sec (14.94 MB/sec), 13.4 ms avg latency, 95.0 ms max latency.
16667 records sent, 124.537663 records/sec (12.16 MB/sec), 27.12 ms avg latency, 4283.00 ms max latency, 16 ms 50th, 77 ms 95th, 180 ms 99th, 484 ms 99.9th.
----- /var/lib/kafka-client/results/security-overhead-final-factorial-plaintext-b5-rf3-isr3-msg102400-tps1000-batch16384-acksall-prod6-complz4-trial3/producer-perf-5.log -----
producer_index=5
producer_count=6
producer_records=16666
producer_throughput=166
1 records sent, 0.2 records/sec (0.02 MB/sec), 460.0 ms avg latency, 460.0 ms max latency.
440 records sent, 87.0 records/sec (8.49 MB/sec), 289.7 ms avg latency, 5106.0 ms max latency.
446 records sent, 89.0 records/sec (8.69 MB/sec), 62.2 ms avg latency, 195.0 ms max latency.
758 records sent, 149.8 records/sec (14.63 MB/sec), 33.7 ms avg latency, 198.0 ms max latency.
674 records sent, 134.8 records/sec (13.16 MB/sec), 24.5 ms avg latency, 178.0 ms max latency.
578 records sent, 115.4 records/sec (11.27 MB/sec), 21.4 ms avg latency, 90.0 ms max latency.
301 records sent, 59.9 records/sec (5.85 MB/sec), 21.2 ms avg latency, 75.0 ms max latency.
604 records sent, 120.8 records/sec (11.79 MB/sec), 32.7 ms avg latency, 161.0 ms max latency.
595 records sent, 118.9 records/sec (11.61 MB/sec), 24.3 ms avg latency, 99.0 ms max latency.
617 records sent, 121.6 records/sec (11.87 MB/sec), 30.5 ms avg latency, 201.0 ms max latency.
653 records sent, 129.8 records/sec (12.68 MB/sec), 24.5 ms avg latency, 142.0 ms max latency.
596 records sent, 119.0 records/sec (11.62 MB/sec), 20.8 ms avg latency, 85.0 ms max latency.
643 records sent, 127.7 records/sec (12.47 MB/sec), 28.2 ms avg latency, 160.0 ms max latency.
691 records sent, 138.2 records/sec (13.50 MB/sec), 22.9 ms avg latency, 106.0 ms max latency.
603 records sent, 120.5 records/sec (11.77 MB/sec), 21.6 ms avg latency, 102.0 ms max latency.
737 records sent, 146.6 records/sec (14.32 MB/sec), 27.3 ms avg latency, 146.0 ms max latency.
599 records sent, 119.7 records/sec (11.69 MB/sec), 19.1 ms avg latency, 107.0 ms max latency.
661 records sent, 132.1 records/sec (12.90 MB/sec), 19.2 ms avg latency, 90.0 ms max latency.
628 records sent, 125.2 records/sec (12.23 MB/sec), 48.9 ms avg latency, 377.0 ms max latency.
705 records sent, 140.0 records/sec (13.67 MB/sec), 19.6 ms avg latency, 119.0 ms max latency.
701 records sent, 140.1 records/sec (13.69 MB/sec), 19.3 ms avg latency, 103.0 ms max latency.
672 records sent, 133.8 records/sec (13.06 MB/sec), 18.9 ms avg latency, 95.0 ms max latency.
734 records sent, 146.5 records/sec (14.31 MB/sec), 16.4 ms avg latency, 66.0 ms max latency.
735 records sent, 146.9 records/sec (14.34 MB/sec), 24.2 ms avg latency, 108.0 ms max latency.
726 records sent, 145.0 records/sec (14.16 MB/sec), 15.8 ms avg latency, 136.0 ms max latency.
876 records sent, 175.2 records/sec (17.11 MB/sec), 16.6 ms avg latency, 95.0 ms max latency.
16666 records sent, 123.817802 records/sec (12.09 MB/sec), 31.48 ms avg latency, 5106.00 ms max latency, 16 ms 50th, 88 ms 95th, 286 ms 99th, 858 ms 99.9th.
----- /var/lib/kafka-client/results/security-overhead-final-factorial-plaintext-b5-rf3-isr3-msg102400-tps1000-batch16384-acksall-prod6-complz4-trial3/producer-perf-6.log -----
producer_index=6
producer_count=6
producer_records=16666
producer_throughput=166
54 records sent, 10.6 records/sec (1.03 MB/sec), 609.4 ms avg latency, 4098.0 ms max latency.
435 records sent, 86.9 records/sec (8.49 MB/sec), 172.5 ms avg latency, 926.0 ms max latency.
484 records sent, 96.7 records/sec (9.44 MB/sec), 51.0 ms avg latency, 163.0 ms max latency.
638 records sent, 127.4 records/sec (12.44 MB/sec), 31.8 ms avg latency, 122.0 ms max latency.
605 records sent, 120.7 records/sec (11.79 MB/sec), 19.2 ms avg latency, 107.0 ms max latency.
649 records sent, 129.8 records/sec (12.68 MB/sec), 24.7 ms avg latency, 114.0 ms max latency.
558 records sent, 111.5 records/sec (10.89 MB/sec), 22.3 ms avg latency, 90.0 ms max latency.
557 records sent, 111.4 records/sec (10.87 MB/sec), 25.5 ms avg latency, 171.0 ms max latency.
595 records sent, 118.7 records/sec (11.59 MB/sec), 23.0 ms avg latency, 115.0 ms max latency.
583 records sent, 115.9 records/sec (11.32 MB/sec), 20.3 ms avg latency, 83.0 ms max latency.
566 records sent, 113.0 records/sec (11.04 MB/sec), 22.2 ms avg latency, 106.0 ms max latency.
603 records sent, 120.5 records/sec (11.77 MB/sec), 19.6 ms avg latency, 119.0 ms max latency.
608 records sent, 121.4 records/sec (11.85 MB/sec), 20.1 ms avg latency, 80.0 ms max latency.
594 records sent, 118.8 records/sec (11.60 MB/sec), 18.7 ms avg latency, 129.0 ms max latency.
649 records sent, 129.8 records/sec (12.68 MB/sec), 18.6 ms avg latency, 83.0 ms max latency.
626 records sent, 125.1 records/sec (12.22 MB/sec), 22.5 ms avg latency, 128.0 ms max latency.
567 records sent, 113.2 records/sec (11.05 MB/sec), 21.5 ms avg latency, 111.0 ms max latency.
576 records sent, 115.2 records/sec (11.25 MB/sec), 21.3 ms avg latency, 109.0 ms max latency.
705 records sent, 140.7 records/sec (13.74 MB/sec), 54.8 ms avg latency, 320.0 ms max latency.
690 records sent, 137.3 records/sec (13.40 MB/sec), 19.9 ms avg latency, 108.0 ms max latency.
702 records sent, 140.1 records/sec (13.69 MB/sec), 21.6 ms avg latency, 93.0 ms max latency.
695 records sent, 137.9 records/sec (13.47 MB/sec), 19.9 ms avg latency, 93.0 ms max latency.
683 records sent, 136.0 records/sec (13.28 MB/sec), 18.3 ms avg latency, 111.0 ms max latency.
735 records sent, 146.9 records/sec (14.34 MB/sec), 16.7 ms avg latency, 58.0 ms max latency.
741 records sent, 148.1 records/sec (14.46 MB/sec), 14.7 ms avg latency, 80.0 ms max latency.
705 records sent, 140.8 records/sec (13.75 MB/sec), 14.6 ms avg latency, 92.0 ms max latency.
16666 records sent, 123.143537 records/sec (12.03 MB/sec), 28.32 ms avg latency, 4098.00 ms max latency, 16 ms 50th, 78 ms 95th, 215 ms 99th, 693 ms 99.9th.
