run_id=security-overhead-final-factorial-plaintext-b5-rf3-isr3-msg10240-tps10000-batch16384-acksall-prod6-compnone-trial1
producer_count=6
----- /var/lib/kafka-client/results/security-overhead-final-factorial-plaintext-b5-rf3-isr3-msg10240-tps10000-batch16384-acksall-prod6-compnone-trial1/producer-perf-1.log -----
producer_index=1
producer_count=6
producer_records=16667
producer_throughput=1667
7 records sent, 1.4 records/sec (0.01 MB/sec), 1356.9 ms avg latency, 4847.0 ms max latency.
783 records sent, 156.4 records/sec (1.53 MB/sec), 2779.7 ms avg latency, 4105.0 ms max latency.
2573 records sent, 513.8 records/sec (5.02 MB/sec), 4826.0 ms avg latency, 5733.0 ms max latency.
3640 records sent, 724.2 records/sec (7.07 MB/sec), 3005.8 ms avg latency, 3611.0 ms max latency.
4139 records sent, 826.0 records/sec (8.07 MB/sec), 2373.9 ms avg latency, 2709.0 ms max latency.
4494 records sent, 898.6 records/sec (8.78 MB/sec), 2414.0 ms avg latency, 2776.0 ms max latency.
16667 records sent, 533.207499 records/sec (5.21 MB/sec), 2899.84 ms avg latency, 5733.00 ms max latency, 2537 ms 50th, 5212 ms 95th, 5576 ms 99th, 5692 ms 99.9th.
----- /var/lib/kafka-client/results/security-overhead-final-factorial-plaintext-b5-rf3-isr3-msg10240-tps10000-batch16384-acksall-prod6-compnone-trial1/producer-perf-2.log -----
producer_index=2
producer_count=6
producer_records=16667
producer_throughput=1667
9 records sent, 1.8 records/sec (0.02 MB/sec), 1118.6 ms avg latency, 4845.0 ms max latency.
765 records sent, 152.5 records/sec (1.49 MB/sec), 2850.4 ms avg latency, 4172.0 ms max latency.
2330 records sent, 464.0 records/sec (4.53 MB/sec), 4990.4 ms avg latency, 5765.0 ms max latency.
3529 records sent, 704.8 records/sec (6.88 MB/sec), 3237.6 ms avg latency, 4374.0 ms max latency.
4387 records sent, 874.1 records/sec (8.54 MB/sec), 2288.2 ms avg latency, 2704.0 ms max latency.
4129 records sent, 824.2 records/sec (8.05 MB/sec), 2534.0 ms avg latency, 2922.0 ms max latency.
16667 records sent, 527.403329 records/sec (5.15 MB/sec), 2952.59 ms avg latency, 5765.00 ms max latency, 2542 ms 50th, 5347 ms 95th, 5678 ms 99th, 5724 ms 99.9th.
----- /var/lib/kafka-client/results/security-overhead-final-factorial-plaintext-b5-rf3-isr3-msg10240-tps10000-batch16384-acksall-prod6-compnone-trial1/producer-perf-3.log -----
producer_index=3
producer_count=6
producer_records=16667
producer_throughput=1667
1 records sent, 0.2 records/sec (0.00 MB/sec), 5048.0 ms avg latency, 5048.0 ms max latency.
620 records sent, 124.0 records/sec (1.21 MB/sec), 2738.4 ms avg latency, 4102.0 ms max latency.
2095 records sent, 418.6 records/sec (4.09 MB/sec), 5193.4 ms avg latency, 6298.0 ms max latency.
3561 records sent, 711.5 records/sec (6.95 MB/sec), 3268.1 ms avg latency, 4993.0 ms max latency.
4108 records sent, 820.5 records/sec (8.01 MB/sec), 2548.6 ms avg latency, 3070.0 ms max latency.
4195 records sent, 838.2 records/sec (8.19 MB/sec), 2536.6 ms avg latency, 2798.0 ms max latency.
16667 records sent, 532.594107 records/sec (5.20 MB/sec), 2943.67 ms avg latency, 6298.00 ms max latency, 2631 ms 50th, 5479 ms 95th, 6023 ms 99th, 6271 ms 99.9th.
----- /var/lib/kafka-client/results/security-overhead-final-factorial-plaintext-b5-rf3-isr3-msg10240-tps10000-batch16384-acksall-prod6-compnone-trial1/producer-perf-4.log -----
producer_index=4
producer_count=6
producer_records=16667
producer_throughput=1667
99 records sent, 19.7 records/sec (0.19 MB/sec), 901.1 ms avg latency, 3736.0 ms max latency.
960 records sent, 191.7 records/sec (1.87 MB/sec), 3421.4 ms avg latency, 4658.0 ms max latency.
2484 records sent, 496.6 records/sec (4.85 MB/sec), 4900.8 ms avg latency, 5908.0 ms max latency.
3946 records sent, 787.3 records/sec (7.69 MB/sec), 2925.6 ms avg latency, 4037.0 ms max latency.
4116 records sent, 823.2 records/sec (8.04 MB/sec), 2515.9 ms avg latency, 2753.0 ms max latency.
4558 records sent, 909.6 records/sec (8.88 MB/sec), 2367.5 ms avg latency, 2697.0 ms max latency.
16667 records sent, 542.210222 records/sec (5.30 MB/sec), 2950.65 ms avg latency, 5908.00 ms max latency, 2583 ms 50th, 5206 ms 95th, 5680 ms 99th, 5820 ms 99.9th.
----- /var/lib/kafka-client/results/security-overhead-final-factorial-plaintext-b5-rf3-isr3-msg10240-tps10000-batch16384-acksall-prod6-compnone-trial1/producer-perf-5.log -----
producer_index=5
producer_count=6
producer_records=16666
producer_throughput=1666
108 records sent, 21.5 records/sec (0.21 MB/sec), 830.2 ms avg latency, 3875.0 ms max latency.
996 records sent, 199.1 records/sec (1.94 MB/sec), 3330.0 ms avg latency, 4490.0 ms max latency.
2491 records sent, 496.9 records/sec (4.85 MB/sec), 4917.9 ms avg latency, 5936.0 ms max latency.
3605 records sent, 720.1 records/sec (7.03 MB/sec), 3086.7 ms avg latency, 3999.0 ms max latency.
3985 records sent, 796.7 records/sec (7.78 MB/sec), 2650.5 ms avg latency, 2941.0 ms max latency.
4042 records sent, 806.6 records/sec (7.88 MB/sec), 2523.6 ms avg latency, 2812.0 ms max latency.
16666 records sent, 529.180161 records/sec (5.17 MB/sec), 3042.57 ms avg latency, 5936.00 ms max latency, 2689 ms 50th, 5221 ms 95th, 5721 ms 99th, 5885 ms 99.9th.
----- /var/lib/kafka-client/results/security-overhead-final-factorial-plaintext-b5-rf3-isr3-msg10240-tps10000-batch16384-acksall-prod6-compnone-trial1/producer-perf-6.log -----
producer_index=6
producer_count=6
producer_records=16666
producer_throughput=1666
77 records sent, 15.3 records/sec (0.15 MB/sec), 932.9 ms avg latency, 3981.0 ms max latency.
858 records sent, 171.2 records/sec (1.67 MB/sec), 3333.1 ms avg latency, 4651.0 ms max latency.
2562 records sent, 511.9 records/sec (5.00 MB/sec), 4946.8 ms avg latency, 6103.0 ms max latency.
3648 records sent, 727.1 records/sec (7.10 MB/sec), 3019.9 ms avg latency, 4023.0 ms max latency.
4191 records sent, 836.7 records/sec (8.17 MB/sec), 2597.2 ms avg latency, 3000.0 ms max latency.
4529 records sent, 904.5 records/sec (8.83 MB/sec), 2294.5 ms avg latency, 2678.0 ms max latency.
16666 records sent, 540.349512 records/sec (5.28 MB/sec), 2960.56 ms avg latency, 6103.00 ms max latency, 2728 ms 50th, 5332 ms 95th, 5868 ms 99th, 6016 ms 99.9th.
