run_id=security-overhead-final-factorial-tls-b5-rf3-isr3-msg1024-tps10000-batch131072-acksall-prod6-complz4-trial2
producer_count=6
----- /var/lib/kafka-client/results/security-overhead-final-factorial-tls-b5-rf3-isr3-msg1024-tps10000-batch131072-acksall-prod6-complz4-trial2/producer-perf-1.log -----
producer_index=1
producer_count=6
producer_records=16667
producer_throughput=1667
1 records sent, 0.1 records/sec (0.00 MB/sec), 8987.0 ms avg latency, 8987.0 ms max latency.
7055 records sent, 1398.1 records/sec (1.37 MB/sec), 3428.8 ms avg latency, 4580.0 ms max latency.
16667 records sent, 1031.884596 records/sec (1.01 MB/sec), 3975.79 ms avg latency, 8987.00 ms max latency, 4174 ms 50th, 4887 ms 95th, 5022 ms 99th, 5130 ms 99.9th.
----- /var/lib/kafka-client/results/security-overhead-final-factorial-tls-b5-rf3-isr3-msg1024-tps10000-batch131072-acksall-prod6-complz4-trial2/producer-perf-2.log -----
producer_index=2
producer_count=6
producer_records=16667
producer_throughput=1667
1 records sent, 0.1 records/sec (0.00 MB/sec), 9200.0 ms avg latency, 9200.0 ms max latency.
8664 records sent, 1710.2 records/sec (1.67 MB/sec), 3791.5 ms avg latency, 5419.0 ms max latency.
16667 records sent, 1037.279064 records/sec (1.01 MB/sec), 4211.63 ms avg latency, 9200.00 ms max latency, 4361 ms 50th, 5365 ms 95th, 5624 ms 99th, 5792 ms 99.9th.
----- /var/lib/kafka-client/results/security-overhead-final-factorial-tls-b5-rf3-isr3-msg1024-tps10000-batch131072-acksall-prod6-complz4-trial2/producer-perf-3.log -----
producer_index=3
producer_count=6
producer_records=16667
producer_throughput=1667
1 records sent, 0.1 records/sec (0.00 MB/sec), 9063.0 ms avg latency, 9063.0 ms max latency.
7766 records sent, 1514.4 records/sec (1.48 MB/sec), 3906.9 ms avg latency, 5543.0 ms max latency.
16667 records sent, 1007.739283 records/sec (0.98 MB/sec), 4676.38 ms avg latency, 9063.00 ms max latency, 5054 ms 50th, 5946 ms 95th, 6117 ms 99th, 6147 ms 99.9th.
----- /var/lib/kafka-client/results/security-overhead-final-factorial-tls-b5-rf3-isr3-msg1024-tps10000-batch131072-acksall-prod6-complz4-trial2/producer-perf-4.log -----
producer_index=4
producer_count=6
producer_records=16667
producer_throughput=1667
1 records sent, 0.1 records/sec (0.00 MB/sec), 8426.0 ms avg latency, 8426.0 ms max latency.
8312 records sent, 1614.3 records/sec (1.58 MB/sec), 3333.1 ms avg latency, 5012.0 ms max latency.
16667 records sent, 1090.272781 records/sec (1.06 MB/sec), 3790.30 ms avg latency, 8426.00 ms max latency, 4001 ms 50th, 4803 ms 95th, 4995 ms 99th, 4999 ms 99.9th.
----- /var/lib/kafka-client/results/security-overhead-final-factorial-tls-b5-rf3-isr3-msg1024-tps10000-batch131072-acksall-prod6-complz4-trial2/producer-perf-5.log -----
producer_index=5
producer_count=6
producer_records=16666
producer_throughput=1666
1 records sent, 0.1 records/sec (0.00 MB/sec), 9378.0 ms avg latency, 9378.0 ms max latency.
10576 records sent, 2067.6 records/sec (2.02 MB/sec), 3723.2 ms avg latency, 5350.0 ms max latency.
16666 records sent, 1058.965561 records/sec (1.03 MB/sec), 4002.54 ms avg latency, 9378.00 ms max latency, 4101 ms 50th, 5122 ms 95th, 5437 ms 99th, 5527 ms 99.9th.
----- /var/lib/kafka-client/results/security-overhead-final-factorial-tls-b5-rf3-isr3-msg1024-tps10000-batch131072-acksall-prod6-complz4-trial2/producer-perf-6.log -----
producer_index=6
producer_count=6
producer_records=16666
producer_throughput=1666
1 records sent, 0.1 records/sec (0.00 MB/sec), 8277.0 ms avg latency, 8277.0 ms max latency.
7126 records sent, 1388.3 records/sec (1.36 MB/sec), 3733.2 ms avg latency, 5404.0 ms max latency.
16666 records sent, 1063.696707 records/sec (1.04 MB/sec), 4397.87 ms avg latency, 8277.00 ms max latency, 4646 ms 50th, 5458 ms 95th, 5761 ms 99th, 5977 ms 99.9th.
