producer_index=1
producer_count=1
producer_records=100000
producer_throughput=1000
4997 records sent, 998.2 records/sec (9.75 MB/sec), 271.1 ms avg latency, 1498.0 ms max latency.
5007 records sent, 1001.0 records/sec (9.78 MB/sec), 8.0 ms avg latency, 73.0 ms max latency.
5006 records sent, 1000.0 records/sec (9.77 MB/sec), 7.9 ms avg latency, 49.0 ms max latency.
5004 records sent, 1000.0 records/sec (9.77 MB/sec), 7.3 ms avg latency, 28.0 ms max latency.
5001 records sent, 1000.0 records/sec (9.77 MB/sec), 7.4 ms avg latency, 33.0 ms max latency.
5007 records sent, 1000.8 records/sec (9.77 MB/sec), 6.8 ms avg latency, 30.0 ms max latency.
4997 records sent, 999.0 records/sec (9.76 MB/sec), 7.1 ms avg latency, 52.0 ms max latency.
5007 records sent, 1001.4 records/sec (9.78 MB/sec), 7.1 ms avg latency, 31.0 ms max latency.
4988 records sent, 991.1 records/sec (9.68 MB/sec), 8.2 ms avg latency, 59.0 ms max latency.
5013 records sent, 1001.8 records/sec (9.78 MB/sec), 9.3 ms avg latency, 59.0 ms max latency.
5044 records sent, 1008.0 records/sec (9.84 MB/sec), 8.5 ms avg latency, 51.0 ms max latency.
5000 records sent, 999.8 records/sec (9.76 MB/sec), 7.4 ms avg latency, 29.0 ms max latency.
5003 records sent, 1000.4 records/sec (9.77 MB/sec), 7.5 ms avg latency, 40.0 ms max latency.
5000 records sent, 999.8 records/sec (9.76 MB/sec), 7.8 ms avg latency, 74.0 ms max latency.
5009 records sent, 1000.6 records/sec (9.77 MB/sec), 10.2 ms avg latency, 77.0 ms max latency.
5007 records sent, 1000.4 records/sec (9.77 MB/sec), 7.8 ms avg latency, 39.0 ms max latency.
5006 records sent, 999.6 records/sec (9.76 MB/sec), 9.3 ms avg latency, 64.0 ms max latency.
5003 records sent, 1000.6 records/sec (9.77 MB/sec), 7.5 ms avg latency, 54.0 ms max latency.
4997 records sent, 998.4 records/sec (9.75 MB/sec), 8.1 ms avg latency, 42.0 ms max latency.
100000 records sent, 999.690096 records/sec (9.76 MB/sec), 21.10 ms avg latency, 1498.00 ms max latency, 7 ms 50th, 20 ms 95th, 676 ms 99th, 882 ms 99.9th.
