run_id=security-overhead-final-factorial-plaintext-b5-rf3-isr3-msg10240-tps1000-batch16384-acksall-prod12-compnone-trial1
producer_count=12
----- /var/lib/kafka-client/results/security-overhead-final-factorial-plaintext-b5-rf3-isr3-msg10240-tps1000-batch16384-acksall-prod12-compnone-trial1/producer-perf-1.log -----
producer_index=1
producer_count=12
producer_records=8334
producer_throughput=84
1 records sent, 0.1 records/sec (0.00 MB/sec), 8921.0 ms avg latency, 8921.0 ms max latency.
241 records sent, 48.1 records/sec (0.47 MB/sec), 3455.7 ms avg latency, 5110.0 ms max latency.
698 records sent, 139.4 records/sec (1.36 MB/sec), 6310.0 ms avg latency, 7449.0 ms max latency.
930 records sent, 185.2 records/sec (1.81 MB/sec), 5187.3 ms avg latency, 7904.0 ms max latency.
586 records sent, 117.2 records/sec (1.14 MB/sec), 423.2 ms avg latency, 2178.0 ms max latency.
423 records sent, 84.5 records/sec (0.83 MB/sec), 21.2 ms avg latency, 113.0 ms max latency.
419 records sent, 82.5 records/sec (0.81 MB/sec), 20.0 ms avg latency, 116.0 ms max latency.
433 records sent, 86.6 records/sec (0.85 MB/sec), 22.5 ms avg latency, 168.0 ms max latency.
420 records sent, 83.9 records/sec (0.82 MB/sec), 19.9 ms avg latency, 101.0 ms max latency.
421 records sent, 84.1 records/sec (0.82 MB/sec), 17.8 ms avg latency, 83.0 ms max latency.
422 records sent, 84.4 records/sec (0.82 MB/sec), 19.8 ms avg latency, 85.0 ms max latency.
421 records sent, 83.8 records/sec (0.82 MB/sec), 20.4 ms avg latency, 112.0 ms max latency.
421 records sent, 84.2 records/sec (0.82 MB/sec), 20.9 ms avg latency, 170.0 ms max latency.
420 records sent, 83.4 records/sec (0.81 MB/sec), 16.5 ms avg latency, 107.0 ms max latency.
424 records sent, 84.7 records/sec (0.83 MB/sec), 16.3 ms avg latency, 71.0 ms max latency.
422 records sent, 84.3 records/sec (0.82 MB/sec), 18.4 ms avg latency, 98.0 ms max latency.
421 records sent, 84.1 records/sec (0.82 MB/sec), 17.0 ms avg latency, 118.0 ms max latency.
424 records sent, 84.5 records/sec (0.83 MB/sec), 16.1 ms avg latency, 62.0 ms max latency.
8334 records sent, 83.682260 records/sec (0.82 MB/sec), 1251.27 ms avg latency, 8921.00 ms max latency, 17 ms 50th, 6693 ms 95th, 7493 ms 99th, 7768 ms 99.9th.
----- /var/lib/kafka-client/results/security-overhead-final-factorial-plaintext-b5-rf3-isr3-msg10240-tps1000-batch16384-acksall-prod12-compnone-trial1/producer-perf-2.log -----
producer_index=2
producer_count=12
producer_records=8334
producer_throughput=84
1 records sent, 0.1 records/sec (0.00 MB/sec), 8638.0 ms avg latency, 8638.0 ms max latency.
321 records sent, 64.0 records/sec (0.63 MB/sec), 2861.5 ms avg latency, 4539.0 ms max latency.
672 records sent, 133.7 records/sec (1.31 MB/sec), 5853.1 ms avg latency, 7327.0 ms max latency.
1002 records sent, 200.2 records/sec (1.95 MB/sec), 3598.0 ms avg latency, 7156.0 ms max latency.
421 records sent, 83.4 records/sec (0.81 MB/sec), 28.9 ms avg latency, 173.0 ms max latency.
429 records sent, 85.5 records/sec (0.84 MB/sec), 18.1 ms avg latency, 113.0 ms max latency.
421 records sent, 84.2 records/sec (0.82 MB/sec), 22.1 ms avg latency, 111.0 ms max latency.
421 records sent, 84.1 records/sec (0.82 MB/sec), 18.6 ms avg latency, 100.0 ms max latency.
419 records sent, 83.2 records/sec (0.81 MB/sec), 21.6 ms avg latency, 123.0 ms max latency.
423 records sent, 84.4 records/sec (0.82 MB/sec), 17.1 ms avg latency, 85.0 ms max latency.
426 records sent, 85.2 records/sec (0.83 MB/sec), 19.3 ms avg latency, 95.0 ms max latency.
420 records sent, 83.8 records/sec (0.82 MB/sec), 23.7 ms avg latency, 131.0 ms max latency.
420 records sent, 83.9 records/sec (0.82 MB/sec), 19.5 ms avg latency, 114.0 ms max latency.
423 records sent, 84.5 records/sec (0.83 MB/sec), 19.5 ms avg latency, 137.0 ms max latency.
417 records sent, 83.2 records/sec (0.81 MB/sec), 16.7 ms avg latency, 89.0 ms max latency.
425 records sent, 84.9 records/sec (0.83 MB/sec), 20.4 ms avg latency, 123.0 ms max latency.
413 records sent, 82.3 records/sec (0.80 MB/sec), 18.2 ms avg latency, 99.0 ms max latency.
430 records sent, 85.7 records/sec (0.84 MB/sec), 17.1 ms avg latency, 127.0 ms max latency.
422 records sent, 84.3 records/sec (0.82 MB/sec), 17.8 ms avg latency, 100.0 ms max latency.
8334 records sent, 83.687302 records/sec (0.82 MB/sec), 1030.93 ms avg latency, 8638.00 ms max latency, 17 ms 50th, 6098 ms 95th, 7051 ms 99th, 7291 ms 99.9th.
----- /var/lib/kafka-client/results/security-overhead-final-factorial-plaintext-b5-rf3-isr3-msg10240-tps1000-batch16384-acksall-prod12-compnone-trial1/producer-perf-3.log -----
producer_index=3
producer_count=12
producer_records=8334
producer_throughput=84
1 records sent, 0.1 records/sec (0.00 MB/sec), 8446.0 ms avg latency, 8446.0 ms max latency.
276 records sent, 55.0 records/sec (0.54 MB/sec), 2995.4 ms avg latency, 4455.0 ms max latency.
592 records sent, 117.7 records/sec (1.15 MB/sec), 6176.1 ms avg latency, 7499.0 ms max latency.
1024 records sent, 203.5 records/sec (1.99 MB/sec), 5032.7 ms avg latency, 8028.0 ms max latency.
521 records sent, 103.9 records/sec (1.01 MB/sec), 222.9 ms avg latency, 1289.0 ms max latency.
422 records sent, 84.2 records/sec (0.82 MB/sec), 21.0 ms avg latency, 113.0 ms max latency.
417 records sent, 83.3 records/sec (0.81 MB/sec), 21.6 ms avg latency, 120.0 ms max latency.
424 records sent, 84.5 records/sec (0.83 MB/sec), 20.3 ms avg latency, 136.0 ms max latency.
423 records sent, 84.5 records/sec (0.83 MB/sec), 19.3 ms avg latency, 138.0 ms max latency.
420 records sent, 83.9 records/sec (0.82 MB/sec), 18.2 ms avg latency, 84.0 ms max latency.
422 records sent, 83.7 records/sec (0.82 MB/sec), 17.5 ms avg latency, 72.0 ms max latency.
426 records sent, 85.0 records/sec (0.83 MB/sec), 22.6 ms avg latency, 159.0 ms max latency.
422 records sent, 84.4 records/sec (0.82 MB/sec), 21.3 ms avg latency, 133.0 ms max latency.
420 records sent, 83.9 records/sec (0.82 MB/sec), 18.0 ms avg latency, 116.0 ms max latency.
424 records sent, 84.6 records/sec (0.83 MB/sec), 17.1 ms avg latency, 98.0 ms max latency.
420 records sent, 83.8 records/sec (0.82 MB/sec), 22.0 ms avg latency, 133.0 ms max latency.
421 records sent, 84.1 records/sec (0.82 MB/sec), 16.7 ms avg latency, 119.0 ms max latency.
422 records sent, 84.1 records/sec (0.82 MB/sec), 17.4 ms avg latency, 116.0 ms max latency.
420 records sent, 83.9 records/sec (0.82 MB/sec), 16.6 ms avg latency, 127.0 ms max latency.
8334 records sent, 83.713362 records/sec (0.82 MB/sec), 1184.93 ms avg latency, 8446.00 ms max latency, 17 ms 50th, 6895 ms 95th, 7514 ms 99th, 7729 ms 99.9th.
----- /var/lib/kafka-client/results/security-overhead-final-factorial-plaintext-b5-rf3-isr3-msg10240-tps1000-batch16384-acksall-prod12-compnone-trial1/producer-perf-4.log -----
producer_index=4
producer_count=12
producer_records=8334
producer_throughput=84
1 records sent, 0.1 records/sec (0.00 MB/sec), 8584.0 ms avg latency, 8584.0 ms max latency.
307 records sent, 61.1 records/sec (0.60 MB/sec), 2804.9 ms avg latency, 4610.0 ms max latency.
618 records sent, 122.9 records/sec (1.20 MB/sec), 6020.0 ms avg latency, 7543.0 ms max latency.
1050 records sent, 209.8 records/sec (2.05 MB/sec), 4189.2 ms avg latency, 7805.0 ms max latency.
439 records sent, 87.7 records/sec (0.86 MB/sec), 42.2 ms avg latency, 322.0 ms max latency.
422 records sent, 84.2 records/sec (0.82 MB/sec), 21.7 ms avg latency, 152.0 ms max latency.
421 records sent, 84.1 records/sec (0.82 MB/sec), 23.8 ms avg latency, 190.0 ms max latency.
420 records sent, 84.0 records/sec (0.82 MB/sec), 20.2 ms avg latency, 126.0 ms max latency.
421 records sent, 84.1 records/sec (0.82 MB/sec), 20.8 ms avg latency, 112.0 ms max latency.
421 records sent, 84.1 records/sec (0.82 MB/sec), 16.3 ms avg latency, 88.0 ms max latency.
423 records sent, 84.4 records/sec (0.82 MB/sec), 18.8 ms avg latency, 107.0 ms max latency.
420 records sent, 84.0 records/sec (0.82 MB/sec), 21.2 ms avg latency, 126.0 ms max latency.
419 records sent, 83.7 records/sec (0.82 MB/sec), 17.6 ms avg latency, 102.0 ms max latency.
422 records sent, 84.2 records/sec (0.82 MB/sec), 17.7 ms avg latency, 95.0 ms max latency.
420 records sent, 83.6 records/sec (0.82 MB/sec), 15.9 ms avg latency, 67.0 ms max latency.
423 records sent, 84.5 records/sec (0.83 MB/sec), 18.6 ms avg latency, 105.0 ms max latency.
415 records sent, 82.8 records/sec (0.81 MB/sec), 19.4 ms avg latency, 152.0 ms max latency.
427 records sent, 85.4 records/sec (0.83 MB/sec), 15.9 ms avg latency, 90.0 ms max latency.
421 records sent, 84.0 records/sec (0.82 MB/sec), 16.5 ms avg latency, 78.0 ms max latency.
8334 records sent, 83.724295 records/sec (0.82 MB/sec), 1094.17 ms avg latency, 8584.00 ms max latency, 17 ms 50th, 6462 ms 95th, 7359 ms 99th, 7623 ms 99.9th.
----- /var/lib/kafka-client/results/security-overhead-final-factorial-plaintext-b5-rf3-isr3-msg10240-tps1000-batch16384-acksall-prod12-compnone-trial1/producer-perf-5.log -----
producer_index=5
producer_count=12
producer_records=8333
producer_throughput=83
1 records sent, 0.1 records/sec (0.00 MB/sec), 8430.0 ms avg latency, 8430.0 ms max latency.
290 records sent, 57.7 records/sec (0.56 MB/sec), 3035.6 ms avg latency, 4760.0 ms max latency.
666 records sent, 133.0 records/sec (1.30 MB/sec), 6217.1 ms avg latency, 7540.0 ms max latency.
1005 records sent, 200.0 records/sec (1.95 MB/sec), 3725.5 ms avg latency, 7291.0 ms max latency.
417 records sent, 83.3 records/sec (0.81 MB/sec), 33.1 ms avg latency, 136.0 ms max latency.
417 records sent, 83.1 records/sec (0.81 MB/sec), 17.6 ms avg latency, 104.0 ms max latency.
417 records sent, 83.4 records/sec (0.81 MB/sec), 21.4 ms avg latency, 108.0 ms max latency.
415 records sent, 83.0 records/sec (0.81 MB/sec), 18.4 ms avg latency, 113.0 ms max latency.
418 records sent, 83.3 records/sec (0.81 MB/sec), 22.6 ms avg latency, 110.0 ms max latency.
415 records sent, 82.7 records/sec (0.81 MB/sec), 17.4 ms avg latency, 98.0 ms max latency.
416 records sent, 83.0 records/sec (0.81 MB/sec), 19.8 ms avg latency, 118.0 ms max latency.
417 records sent, 83.4 records/sec (0.81 MB/sec), 21.8 ms avg latency, 156.0 ms max latency.
417 records sent, 83.2 records/sec (0.81 MB/sec), 20.5 ms avg latency, 157.0 ms max latency.
416 records sent, 83.1 records/sec (0.81 MB/sec), 17.7 ms avg latency, 77.0 ms max latency.
413 records sent, 82.3 records/sec (0.80 MB/sec), 16.4 ms avg latency, 71.0 ms max latency.
421 records sent, 84.0 records/sec (0.82 MB/sec), 18.8 ms avg latency, 87.0 ms max latency.
416 records sent, 83.2 records/sec (0.81 MB/sec), 19.3 ms avg latency, 160.0 ms max latency.
415 records sent, 82.9 records/sec (0.81 MB/sec), 15.5 ms avg latency, 99.0 ms max latency.
416 records sent, 83.1 records/sec (0.81 MB/sec), 15.6 ms avg latency, 79.0 ms max latency.
8333 records sent, 82.635859 records/sec (0.81 MB/sec), 1067.85 ms avg latency, 8430.00 ms max latency, 17 ms 50th, 6479 ms 95th, 7273 ms 99th, 7462 ms 99.9th.
----- /var/lib/kafka-client/results/security-overhead-final-factorial-plaintext-b5-rf3-isr3-msg10240-tps1000-batch16384-acksall-prod12-compnone-trial1/producer-perf-6.log -----
producer_index=6
producer_count=12
producer_records=8333
producer_throughput=83
1 records sent, 0.1 records/sec (0.00 MB/sec), 8191.0 ms avg latency, 8191.0 ms max latency.
252 records sent, 50.0 records/sec (0.49 MB/sec), 2840.3 ms avg latency, 4337.0 ms max latency.
583 records sent, 116.2 records/sec (1.13 MB/sec), 6090.2 ms avg latency, 7313.0 ms max latency.
961 records sent, 192.1 records/sec (1.88 MB/sec), 5366.7 ms avg latency, 8037.0 ms max latency.
565 records sent, 112.9 records/sec (1.10 MB/sec), 429.1 ms avg latency, 2009.0 ms max latency.
410 records sent, 81.8 records/sec (0.80 MB/sec), 19.0 ms avg latency, 107.0 ms max latency.
422 records sent, 84.1 records/sec (0.82 MB/sec), 20.6 ms avg latency, 105.0 ms max latency.
415 records sent, 83.0 records/sec (0.81 MB/sec), 22.5 ms avg latency, 136.0 ms max latency.
417 records sent, 83.2 records/sec (0.81 MB/sec), 20.1 ms avg latency, 128.0 ms max latency.
418 records sent, 83.6 records/sec (0.82 MB/sec), 17.8 ms avg latency, 94.0 ms max latency.
413 records sent, 81.9 records/sec (0.80 MB/sec), 17.7 ms avg latency, 70.0 ms max latency.
423 records sent, 84.5 records/sec (0.83 MB/sec), 23.7 ms avg latency, 147.0 ms max latency.
409 records sent, 81.7 records/sec (0.80 MB/sec), 20.4 ms avg latency, 132.0 ms max latency.
420 records sent, 83.8 records/sec (0.82 MB/sec), 19.2 ms avg latency, 119.0 ms max latency.
418 records sent, 83.6 records/sec (0.82 MB/sec), 16.5 ms avg latency, 87.0 ms max latency.
412 records sent, 82.4 records/sec (0.80 MB/sec), 17.0 ms avg latency, 109.0 ms max latency.
419 records sent, 83.8 records/sec (0.82 MB/sec), 20.6 ms avg latency, 133.0 ms max latency.
412 records sent, 82.1 records/sec (0.80 MB/sec), 16.7 ms avg latency, 122.0 ms max latency.
422 records sent, 84.3 records/sec (0.82 MB/sec), 14.4 ms avg latency, 67.0 ms max latency.
8333 records sent, 82.855239 records/sec (0.81 MB/sec), 1174.50 ms avg latency, 8191.00 ms max latency, 17 ms 50th, 6857 ms 95th, 7596 ms 99th, 7928 ms 99.9th.
----- /var/lib/kafka-client/results/security-overhead-final-factorial-plaintext-b5-rf3-isr3-msg10240-tps1000-batch16384-acksall-prod12-compnone-trial1/producer-perf-7.log -----
producer_index=7
producer_count=12
producer_records=8333
producer_throughput=83
1 records sent, 0.1 records/sec (0.00 MB/sec), 9254.0 ms avg latency, 9254.0 ms max latency.
323 records sent, 64.2 records/sec (0.63 MB/sec), 3231.8 ms avg latency, 4602.0 ms max latency.
617 records sent, 123.1 records/sec (1.20 MB/sec), 6104.4 ms avg latency, 7405.0 ms max latency.
1084 records sent, 215.2 records/sec (2.10 MB/sec), 4298.3 ms avg latency, 7906.0 ms max latency.
431 records sent, 86.0 records/sec (0.84 MB/sec), 33.7 ms avg latency, 461.0 ms max latency.
419 records sent, 83.6 records/sec (0.82 MB/sec), 20.5 ms avg latency, 105.0 ms max latency.
416 records sent, 83.1 records/sec (0.81 MB/sec), 19.7 ms avg latency, 116.0 ms max latency.
417 records sent, 83.4 records/sec (0.81 MB/sec), 19.2 ms avg latency, 90.0 ms max latency.
414 records sent, 82.8 records/sec (0.81 MB/sec), 18.3 ms avg latency, 100.0 ms max latency.
422 records sent, 84.3 records/sec (0.82 MB/sec), 18.1 ms avg latency, 90.0 ms max latency.
415 records sent, 82.8 records/sec (0.81 MB/sec), 18.5 ms avg latency, 105.0 ms max latency.
416 records sent, 83.2 records/sec (0.81 MB/sec), 19.6 ms avg latency, 122.0 ms max latency.
416 records sent, 83.1 records/sec (0.81 MB/sec), 20.8 ms avg latency, 139.0 ms max latency.
415 records sent, 82.9 records/sec (0.81 MB/sec), 16.9 ms avg latency, 107.0 ms max latency.
416 records sent, 83.0 records/sec (0.81 MB/sec), 16.9 ms avg latency, 73.0 ms max latency.
416 records sent, 83.1 records/sec (0.81 MB/sec), 17.9 ms avg latency, 112.0 ms max latency.
415 records sent, 82.9 records/sec (0.81 MB/sec), 18.1 ms avg latency, 157.0 ms max latency.
416 records sent, 83.1 records/sec (0.81 MB/sec), 16.3 ms avg latency, 62.0 ms max latency.
413 records sent, 82.5 records/sec (0.81 MB/sec), 14.9 ms avg latency, 71.0 ms max latency.
8333 records sent, 82.870895 records/sec (0.81 MB/sec), 1152.10 ms avg latency, 9254.00 ms max latency, 17 ms 50th, 6693 ms 95th, 7381 ms 99th, 7664 ms 99.9th.
----- /var/lib/kafka-client/results/security-overhead-final-factorial-plaintext-b5-rf3-isr3-msg10240-tps1000-batch16384-acksall-prod12-compnone-trial1/producer-perf-8.log -----
producer_index=8
producer_count=12
producer_records=8333
producer_throughput=83
1 records sent, 0.1 records/sec (0.00 MB/sec), 9791.0 ms avg latency, 9791.0 ms max latency.
260 records sent, 51.8 records/sec (0.51 MB/sec), 3340.6 ms avg latency, 5065.0 ms max latency.
602 records sent, 120.3 records/sec (1.17 MB/sec), 6554.0 ms avg latency, 7771.0 ms max latency.
1198 records sent, 239.3 records/sec (2.34 MB/sec), 5210.5 ms avg latency, 8957.0 ms max latency.
426 records sent, 85.0 records/sec (0.83 MB/sec), 34.5 ms avg latency, 590.0 ms max latency.
425 records sent, 85.0 records/sec (0.83 MB/sec), 21.1 ms avg latency, 169.0 ms max latency.
418 records sent, 83.3 records/sec (0.81 MB/sec), 20.3 ms avg latency, 124.0 ms max latency.
417 records sent, 83.2 records/sec (0.81 MB/sec), 18.3 ms avg latency, 198.0 ms max latency.
415 records sent, 82.8 records/sec (0.81 MB/sec), 20.0 ms avg latency, 155.0 ms max latency.
415 records sent, 81.8 records/sec (0.80 MB/sec), 17.6 ms avg latency, 146.0 ms max latency.
426 records sent, 85.1 records/sec (0.83 MB/sec), 20.3 ms avg latency, 111.0 ms max latency.
415 records sent, 83.0 records/sec (0.81 MB/sec), 20.1 ms avg latency, 131.0 ms max latency.
415 records sent, 83.0 records/sec (0.81 MB/sec), 17.2 ms avg latency, 122.0 ms max latency.
416 records sent, 83.0 records/sec (0.81 MB/sec), 16.2 ms avg latency, 94.0 ms max latency.
415 records sent, 83.0 records/sec (0.81 MB/sec), 16.4 ms avg latency, 85.0 ms max latency.
416 records sent, 83.0 records/sec (0.81 MB/sec), 18.9 ms avg latency, 116.0 ms max latency.
416 records sent, 83.2 records/sec (0.81 MB/sec), 18.1 ms avg latency, 117.0 ms max latency.
415 records sent, 83.0 records/sec (0.81 MB/sec), 14.7 ms avg latency, 64.0 ms max latency.
416 records sent, 83.1 records/sec (0.81 MB/sec), 14.1 ms avg latency, 80.0 ms max latency.
8333 records sent, 82.773760 records/sec (0.81 MB/sec), 1342.45 ms avg latency, 9791.00 ms max latency, 16 ms 50th, 7502 ms 95th, 8368 ms 99th, 8731 ms 99.9th.
----- /var/lib/kafka-client/results/security-overhead-final-factorial-plaintext-b5-rf3-isr3-msg10240-tps1000-batch16384-acksall-prod12-compnone-trial1/producer-perf-9.log -----
producer_index=9
producer_count=12
producer_records=8333
producer_throughput=83
1 records sent, 0.1 records/sec (0.00 MB/sec), 9325.0 ms avg latency, 9325.0 ms max latency.
274 records sent, 54.6 records/sec (0.53 MB/sec), 3416.6 ms avg latency, 4841.0 ms max latency.
655 records sent, 130.9 records/sec (1.28 MB/sec), 6114.4 ms avg latency, 7139.0 ms max latency.
1101 records sent, 219.9 records/sec (2.15 MB/sec), 4462.5 ms avg latency, 7621.0 ms max latency.
419 records sent, 83.7 records/sec (0.82 MB/sec), 28.3 ms avg latency, 152.0 ms max latency.
417 records sent, 83.3 records/sec (0.81 MB/sec), 19.1 ms avg latency, 126.0 ms max latency.
415 records sent, 83.0 records/sec (0.81 MB/sec), 21.2 ms avg latency, 114.0 ms max latency.
416 records sent, 83.0 records/sec (0.81 MB/sec), 19.2 ms avg latency, 100.0 ms max latency.
424 records sent, 84.6 records/sec (0.83 MB/sec), 19.5 ms avg latency, 152.0 ms max latency.
415 records sent, 82.9 records/sec (0.81 MB/sec), 16.2 ms avg latency, 73.0 ms max latency.
414 records sent, 82.8 records/sec (0.81 MB/sec), 20.4 ms avg latency, 119.0 ms max latency.
418 records sent, 83.3 records/sec (0.81 MB/sec), 22.1 ms avg latency, 129.0 ms max latency.
417 records sent, 83.2 records/sec (0.81 MB/sec), 20.6 ms avg latency, 136.0 ms max latency.
415 records sent, 83.0 records/sec (0.81 MB/sec), 17.5 ms avg latency, 94.0 ms max latency.
415 records sent, 83.0 records/sec (0.81 MB/sec), 17.4 ms avg latency, 69.0 ms max latency.
416 records sent, 83.2 records/sec (0.81 MB/sec), 17.3 ms avg latency, 119.0 ms max latency.
415 records sent, 82.9 records/sec (0.81 MB/sec), 18.0 ms avg latency, 83.0 ms max latency.
416 records sent, 82.9 records/sec (0.81 MB/sec), 15.6 ms avg latency, 76.0 ms max latency.
417 records sent, 83.2 records/sec (0.81 MB/sec), 14.8 ms avg latency, 77.0 ms max latency.
8333 records sent, 82.932752 records/sec (0.81 MB/sec), 1198.11 ms avg latency, 9325.00 ms max latency, 16 ms 50th, 6796 ms 95th, 7329 ms 99th, 7504 ms 99.9th.
----- /var/lib/kafka-client/results/security-overhead-final-factorial-plaintext-b5-rf3-isr3-msg10240-tps1000-batch16384-acksall-prod12-compnone-trial1/producer-perf-10.log -----
producer_index=10
producer_count=12
producer_records=8333
producer_throughput=83
1 records sent, 0.1 records/sec (0.00 MB/sec), 8949.0 ms avg latency, 8949.0 ms max latency.
298 records sent, 58.4 records/sec (0.57 MB/sec), 3103.7 ms avg latency, 4534.0 ms max latency.
557 records sent, 111.1 records/sec (1.09 MB/sec), 5954.0 ms avg latency, 7409.0 ms max latency.
907 records sent, 180.3 records/sec (1.76 MB/sec), 6050.4 ms avg latency, 8259.0 ms max latency.
664 records sent, 132.7 records/sec (1.30 MB/sec), 870.0 ms avg latency, 3121.0 ms max latency.
417 records sent, 83.2 records/sec (0.81 MB/sec), 19.7 ms avg latency, 101.0 ms max latency.
416 records sent, 83.2 records/sec (0.81 MB/sec), 22.3 ms avg latency, 134.0 ms max latency.
421 records sent, 84.0 records/sec (0.82 MB/sec), 20.6 ms avg latency, 152.0 ms max latency.
416 records sent, 83.2 records/sec (0.81 MB/sec), 19.0 ms avg latency, 143.0 ms max latency.
415 records sent, 82.8 records/sec (0.81 MB/sec), 16.8 ms avg latency, 64.0 ms max latency.
419 records sent, 83.7 records/sec (0.82 MB/sec), 19.3 ms avg latency, 91.0 ms max latency.
410 records sent, 82.0 records/sec (0.80 MB/sec), 21.0 ms avg latency, 134.0 ms max latency.
420 records sent, 83.8 records/sec (0.82 MB/sec), 17.7 ms avg latency, 104.0 ms max latency.
420 records sent, 83.7 records/sec (0.82 MB/sec), 18.8 ms avg latency, 110.0 ms max latency.
412 records sent, 82.1 records/sec (0.80 MB/sec), 15.4 ms avg latency, 72.0 ms max latency.
422 records sent, 84.4 records/sec (0.82 MB/sec), 18.2 ms avg latency, 88.0 ms max latency.
409 records sent, 81.7 records/sec (0.80 MB/sec), 19.1 ms avg latency, 122.0 ms max latency.
424 records sent, 84.5 records/sec (0.83 MB/sec), 15.4 ms avg latency, 76.0 ms max latency.
416 records sent, 83.0 records/sec (0.81 MB/sec), 16.1 ms avg latency, 76.0 ms max latency.
8333 records sent, 82.875840 records/sec (0.81 MB/sec), 1250.99 ms avg latency, 8949.00 ms max latency, 17 ms 50th, 6977 ms 95th, 7762 ms 99th, 7964 ms 99.9th.
----- /var/lib/kafka-client/results/security-overhead-final-factorial-plaintext-b5-rf3-isr3-msg10240-tps1000-batch16384-acksall-prod12-compnone-trial1/producer-perf-11.log -----
producer_index=11
producer_count=12
producer_records=8333
producer_throughput=83
1 records sent, 0.1 records/sec (0.00 MB/sec), 9018.0 ms avg latency, 9018.0 ms max latency.
322 records sent, 64.3 records/sec (0.63 MB/sec), 3086.7 ms avg latency, 4466.0 ms max latency.
572 records sent, 114.0 records/sec (1.11 MB/sec), 6018.0 ms avg latency, 7493.0 ms max latency.
1112 records sent, 222.4 records/sec (2.17 MB/sec), 4338.5 ms avg latency, 7742.0 ms max latency.
421 records sent, 84.0 records/sec (0.82 MB/sec), 27.9 ms avg latency, 149.0 ms max latency.
411 records sent, 81.7 records/sec (0.80 MB/sec), 21.8 ms avg latency, 123.0 ms max latency.
423 records sent, 84.3 records/sec (0.82 MB/sec), 21.7 ms avg latency, 136.0 ms max latency.
415 records sent, 82.8 records/sec (0.81 MB/sec), 19.5 ms avg latency, 98.0 ms max latency.
417 records sent, 83.3 records/sec (0.81 MB/sec), 18.4 ms avg latency, 109.0 ms max latency.
416 records sent, 83.2 records/sec (0.81 MB/sec), 16.7 ms avg latency, 83.0 ms max latency.
415 records sent, 82.9 records/sec (0.81 MB/sec), 15.9 ms avg latency, 80.0 ms max latency.
416 records sent, 82.9 records/sec (0.81 MB/sec), 22.1 ms avg latency, 145.0 ms max latency.
416 records sent, 83.1 records/sec (0.81 MB/sec), 17.0 ms avg latency, 99.0 ms max latency.
416 records sent, 83.0 records/sec (0.81 MB/sec), 16.1 ms avg latency, 93.0 ms max latency.
417 records sent, 83.3 records/sec (0.81 MB/sec), 16.5 ms avg latency, 80.0 ms max latency.
415 records sent, 82.9 records/sec (0.81 MB/sec), 15.2 ms avg latency, 86.0 ms max latency.
416 records sent, 83.2 records/sec (0.81 MB/sec), 18.7 ms avg latency, 132.0 ms max latency.
415 records sent, 82.9 records/sec (0.81 MB/sec), 14.7 ms avg latency, 57.0 ms max latency.
416 records sent, 83.2 records/sec (0.81 MB/sec), 14.4 ms avg latency, 77.0 ms max latency.
8333 records sent, 82.875840 records/sec (0.81 MB/sec), 1126.35 ms avg latency, 9018.00 ms max latency, 16 ms 50th, 6737 ms 95th, 7540 ms 99th, 7679 ms 99.9th.
----- /var/lib/kafka-client/results/security-overhead-final-factorial-plaintext-b5-rf3-isr3-msg10240-tps1000-batch16384-acksall-prod12-compnone-trial1/producer-perf-12.log -----
producer_index=12
producer_count=12
producer_records=8333
producer_throughput=83
1 records sent, 0.1 records/sec (0.00 MB/sec), 9556.0 ms avg latency, 9556.0 ms max latency.
271 records sent, 54.0 records/sec (0.53 MB/sec), 3072.1 ms avg latency, 4930.0 ms max latency.
635 records sent, 124.8 records/sec (1.22 MB/sec), 5916.1 ms avg latency, 7364.0 ms max latency.
1064 records sent, 212.8 records/sec (2.08 MB/sec), 5114.6 ms avg latency, 7894.0 ms max latency.
506 records sent, 101.1 records/sec (0.99 MB/sec), 160.7 ms avg latency, 1195.0 ms max latency.
416 records sent, 83.1 records/sec (0.81 MB/sec), 19.8 ms avg latency, 88.0 ms max latency.
418 records sent, 83.5 records/sec (0.82 MB/sec), 20.7 ms avg latency, 97.0 ms max latency.
415 records sent, 82.9 records/sec (0.81 MB/sec), 21.1 ms avg latency, 127.0 ms max latency.
423 records sent, 84.5 records/sec (0.83 MB/sec), 19.6 ms avg latency, 172.0 ms max latency.
415 records sent, 82.9 records/sec (0.81 MB/sec), 17.9 ms avg latency, 92.0 ms max latency.
414 records sent, 82.5 records/sec (0.81 MB/sec), 18.3 ms avg latency, 124.0 ms max latency.
419 records sent, 83.6 records/sec (0.82 MB/sec), 21.9 ms avg latency, 135.0 ms max latency.
416 records sent, 82.8 records/sec (0.81 MB/sec), 18.9 ms avg latency, 125.0 ms max latency.
417 records sent, 83.1 records/sec (0.81 MB/sec), 16.2 ms avg latency, 104.0 ms max latency.
417 records sent, 83.1 records/sec (0.81 MB/sec), 17.8 ms avg latency, 85.0 ms max latency.
416 records sent, 83.0 records/sec (0.81 MB/sec), 16.0 ms avg latency, 103.0 ms max latency.
416 records sent, 83.0 records/sec (0.81 MB/sec), 18.7 ms avg latency, 142.0 ms max latency.
416 records sent, 83.0 records/sec (0.81 MB/sec), 14.7 ms avg latency, 77.0 ms max latency.
416 records sent, 83.1 records/sec (0.81 MB/sec), 13.8 ms avg latency, 69.0 ms max latency.
8333 records sent, 82.811599 records/sec (0.81 MB/sec), 1227.49 ms avg latency, 9556.00 ms max latency, 17 ms 50th, 6909 ms 95th, 7577 ms 99th, 7809 ms 99.9th.
