run_id=security-overhead-final-factorial-plaintext-b5-rf3-isr3-msg10240-tps10000-batch16384-acks1-prod6-compnone-trial1
producer_count=6
----- /var/lib/kafka-client/results/security-overhead-final-factorial-plaintext-b5-rf3-isr3-msg10240-tps10000-batch16384-acks1-prod6-compnone-trial1/producer-perf-1.log -----
producer_index=1
producer_count=6
producer_records=16667
producer_throughput=1667
113 records sent, 22.6 records/sec (0.22 MB/sec), 717.9 ms avg latency, 3875.0 ms max latency.
1107 records sent, 221.0 records/sec (2.16 MB/sec), 3336.7 ms avg latency, 4540.0 ms max latency.
3202 records sent, 639.8 records/sec (6.25 MB/sec), 4109.1 ms avg latency, 5167.0 ms max latency.
3766 records sent, 751.4 records/sec (7.34 MB/sec), 2687.4 ms avg latency, 3147.0 ms max latency.
4539 records sent, 905.3 records/sec (8.84 MB/sec), 2323.8 ms avg latency, 2853.0 ms max latency.
16667 records sent, 571.453062 records/sec (5.58 MB/sec), 2777.67 ms avg latency, 5167.00 ms max latency, 2547 ms 50th, 4889 ms 95th, 5063 ms 99th, 5117 ms 99.9th.
----- /var/lib/kafka-client/results/security-overhead-final-factorial-plaintext-b5-rf3-isr3-msg10240-tps10000-batch16384-acks1-prod6-compnone-trial1/producer-perf-2.log -----
producer_index=2
producer_count=6
producer_records=16667
producer_throughput=1667
66 records sent, 13.2 records/sec (0.13 MB/sec), 716.7 ms avg latency, 4449.0 ms max latency.
906 records sent, 181.2 records/sec (1.77 MB/sec), 2883.0 ms avg latency, 4181.0 ms max latency.
3301 records sent, 659.7 records/sec (6.44 MB/sec), 4036.7 ms avg latency, 5125.0 ms max latency.
3988 records sent, 796.2 records/sec (7.78 MB/sec), 2482.6 ms avg latency, 3053.0 ms max latency.
4551 records sent, 907.8 records/sec (8.87 MB/sec), 2299.9 ms avg latency, 2637.0 ms max latency.
16667 records sent, 571.413878 records/sec (5.58 MB/sec), 2699.03 ms avg latency, 5125.00 ms max latency, 2413 ms 50th, 4549 ms 95th, 4972 ms 99th, 5104 ms 99.9th.
----- /var/lib/kafka-client/results/security-overhead-final-factorial-plaintext-b5-rf3-isr3-msg10240-tps10000-batch16384-acks1-prod6-compnone-trial1/producer-perf-3.log -----
producer_index=3
producer_count=6
producer_records=16667
producer_throughput=1667
1 records sent, 0.2 records/sec (0.00 MB/sec), 5435.0 ms avg latency, 5435.0 ms max latency.
763 records sent, 151.3 records/sec (1.48 MB/sec), 2741.5 ms avg latency, 4109.0 ms max latency.
2867 records sent, 571.3 records/sec (5.58 MB/sec), 4424.2 ms avg latency, 5525.0 ms max latency.
4199 records sent, 838.6 records/sec (8.19 MB/sec), 2586.4 ms avg latency, 3209.0 ms max latency.
4072 records sent, 812.0 records/sec (7.93 MB/sec), 2521.1 ms avg latency, 2834.0 ms max latency.
16667 records sent, 572.159286 records/sec (5.59 MB/sec), 2695.43 ms avg latency, 5525.00 ms max latency, 2477 ms 50th, 5009 ms 95th, 5227 ms 99th, 5471 ms 99.9th.
----- /var/lib/kafka-client/results/security-overhead-final-factorial-plaintext-b5-rf3-isr3-msg10240-tps10000-batch16384-acks1-prod6-compnone-trial1/producer-perf-4.log -----
producer_index=4
producer_count=6
producer_records=16667
producer_throughput=1667
64 records sent, 12.7 records/sec (0.12 MB/sec), 976.5 ms avg latency, 4191.0 ms max latency.
1090 records sent, 217.7 records/sec (2.13 MB/sec), 3160.9 ms avg latency, 4138.0 ms max latency.
2855 records sent, 570.3 records/sec (5.57 MB/sec), 4220.3 ms avg latency, 5113.0 ms max latency.
4072 records sent, 805.2 records/sec (7.86 MB/sec), 2730.2 ms avg latency, 3250.0 ms max latency.
4848 records sent, 965.7 records/sec (9.43 MB/sec), 2112.9 ms avg latency, 2461.0 ms max latency.
16667 records sent, 575.279580 records/sec (5.62 MB/sec), 2679.22 ms avg latency, 5113.00 ms max latency, 2334 ms 50th, 4716 ms 95th, 4974 ms 99th, 5070 ms 99.9th.
----- /var/lib/kafka-client/results/security-overhead-final-factorial-plaintext-b5-rf3-isr3-msg10240-tps10000-batch16384-acks1-prod6-compnone-trial1/producer-perf-5.log -----
producer_index=5
producer_count=6
producer_records=16666
producer_throughput=1666
31 records sent, 6.2 records/sec (0.06 MB/sec), 842.3 ms avg latency, 4552.0 ms max latency.
924 records sent, 184.4 records/sec (1.80 MB/sec), 2908.4 ms avg latency, 4335.0 ms max latency.
2793 records sent, 557.5 records/sec (5.44 MB/sec), 4288.4 ms avg latency, 5093.0 ms max latency.
3939 records sent, 785.0 records/sec (7.67 MB/sec), 2885.1 ms avg latency, 3708.0 ms max latency.
4457 records sent, 888.7 records/sec (8.68 MB/sec), 2334.1 ms avg latency, 2649.0 ms max latency.
16666 records sent, 565.850677 records/sec (5.53 MB/sec), 2732.76 ms avg latency, 5093.00 ms max latency, 2401 ms 50th, 4717 ms 95th, 4969 ms 99th, 5022 ms 99.9th.
----- /var/lib/kafka-client/results/security-overhead-final-factorial-plaintext-b5-rf3-isr3-msg10240-tps10000-batch16384-acks1-prod6-compnone-trial1/producer-perf-6.log -----
producer_index=6
producer_count=6
producer_records=16666
producer_throughput=1666
64 records sent, 12.8 records/sec (0.12 MB/sec), 746.7 ms avg latency, 4184.0 ms max latency.
977 records sent, 195.2 records/sec (1.91 MB/sec), 2885.2 ms avg latency, 4328.0 ms max latency.
2445 records sent, 488.0 records/sec (4.77 MB/sec), 5008.8 ms avg latency, 6068.0 ms max latency.
3849 records sent, 768.0 records/sec (7.50 MB/sec), 2922.3 ms avg latency, 4034.0 ms max latency.
4443 records sent, 887.9 records/sec (8.67 MB/sec), 2378.2 ms avg latency, 2850.0 ms max latency.
16666 records sent, 558.156670 records/sec (5.45 MB/sec), 2804.62 ms avg latency, 6068.00 ms max latency, 2561 ms 50th, 5429 ms 95th, 5889 ms 99th, 6044 ms 99.9th.
