run_id=security-overhead-final-factorial-plaintext-b5-rf3-isr3-msg10240-tps1000-batch16384-acks1-prod6-compnone-trial3
producer_count=6
----- /var/lib/kafka-client/results/security-overhead-final-factorial-plaintext-b5-rf3-isr3-msg10240-tps1000-batch16384-acks1-prod6-compnone-trial3/producer-perf-1.log -----
producer_index=1
producer_count=6
producer_records=16667
producer_throughput=167
6 records sent, 1.2 records/sec (0.01 MB/sec), 1338.8 ms avg latency, 4893.0 ms max latency.
1063 records sent, 212.6 records/sec (2.08 MB/sec), 2640.6 ms avg latency, 3746.0 ms max latency.
1448 records sent, 289.4 records/sec (2.83 MB/sec), 1106.4 ms avg latency, 3826.0 ms max latency.
836 records sent, 167.2 records/sec (1.63 MB/sec), 10.4 ms avg latency, 58.0 ms max latency.
834 records sent, 166.7 records/sec (1.63 MB/sec), 10.4 ms avg latency, 64.0 ms max latency.
838 records sent, 167.5 records/sec (1.64 MB/sec), 9.7 ms avg latency, 50.0 ms max latency.
834 records sent, 166.1 records/sec (1.62 MB/sec), 9.7 ms avg latency, 63.0 ms max latency.
845 records sent, 168.9 records/sec (1.65 MB/sec), 9.1 ms avg latency, 53.0 ms max latency.
836 records sent, 167.1 records/sec (1.63 MB/sec), 10.1 ms avg latency, 81.0 ms max latency.
836 records sent, 167.2 records/sec (1.63 MB/sec), 10.3 ms avg latency, 90.0 ms max latency.
835 records sent, 166.8 records/sec (1.63 MB/sec), 7.9 ms avg latency, 64.0 ms max latency.
836 records sent, 167.1 records/sec (1.63 MB/sec), 6.9 ms avg latency, 49.0 ms max latency.
836 records sent, 167.1 records/sec (1.63 MB/sec), 6.0 ms avg latency, 26.0 ms max latency.
836 records sent, 167.0 records/sec (1.63 MB/sec), 5.9 ms avg latency, 21.0 ms max latency.
836 records sent, 167.2 records/sec (1.63 MB/sec), 5.8 ms avg latency, 10.0 ms max latency.
835 records sent, 167.0 records/sec (1.63 MB/sec), 5.8 ms avg latency, 11.0 ms max latency.
836 records sent, 167.0 records/sec (1.63 MB/sec), 5.8 ms avg latency, 27.0 ms max latency.
835 records sent, 167.0 records/sec (1.63 MB/sec), 5.8 ms avg latency, 16.0 ms max latency.
835 records sent, 167.0 records/sec (1.63 MB/sec), 5.8 ms avg latency, 30.0 ms max latency.
16667 records sent, 166.910351 records/sec (1.63 MB/sec), 271.58 ms avg latency, 4893.00 ms max latency, 6 ms 50th, 2721 ms 95th, 3558 ms 99th, 3710 ms 99.9th.
----- /var/lib/kafka-client/results/security-overhead-final-factorial-plaintext-b5-rf3-isr3-msg10240-tps1000-batch16384-acks1-prod6-compnone-trial3/producer-perf-2.log -----
producer_index=2
producer_count=6
producer_records=16667
producer_throughput=167
109 records sent, 21.8 records/sec (0.21 MB/sec), 825.1 ms avg latency, 4062.0 ms max latency.
1558 records sent, 310.9 records/sec (3.04 MB/sec), 2024.4 ms avg latency, 3366.0 ms max latency.
847 records sent, 169.3 records/sec (1.65 MB/sec), 13.7 ms avg latency, 94.0 ms max latency.
833 records sent, 165.4 records/sec (1.62 MB/sec), 10.3 ms avg latency, 49.0 ms max latency.
848 records sent, 169.5 records/sec (1.66 MB/sec), 11.0 ms avg latency, 76.0 ms max latency.
835 records sent, 166.9 records/sec (1.63 MB/sec), 11.5 ms avg latency, 84.0 ms max latency.
836 records sent, 167.1 records/sec (1.63 MB/sec), 9.9 ms avg latency, 74.0 ms max latency.
837 records sent, 167.2 records/sec (1.63 MB/sec), 9.4 ms avg latency, 56.0 ms max latency.
837 records sent, 167.0 records/sec (1.63 MB/sec), 9.7 ms avg latency, 62.0 ms max latency.
847 records sent, 169.3 records/sec (1.65 MB/sec), 11.6 ms avg latency, 110.0 ms max latency.
836 records sent, 167.1 records/sec (1.63 MB/sec), 8.7 ms avg latency, 88.0 ms max latency.
835 records sent, 167.0 records/sec (1.63 MB/sec), 6.9 ms avg latency, 50.0 ms max latency.
835 records sent, 166.9 records/sec (1.63 MB/sec), 5.9 ms avg latency, 25.0 ms max latency.
837 records sent, 167.4 records/sec (1.63 MB/sec), 6.1 ms avg latency, 35.0 ms max latency.
836 records sent, 167.2 records/sec (1.63 MB/sec), 5.8 ms avg latency, 11.0 ms max latency.
836 records sent, 167.0 records/sec (1.63 MB/sec), 5.8 ms avg latency, 12.0 ms max latency.
835 records sent, 167.0 records/sec (1.63 MB/sec), 5.8 ms avg latency, 22.0 ms max latency.
836 records sent, 167.1 records/sec (1.63 MB/sec), 5.8 ms avg latency, 12.0 ms max latency.
835 records sent, 167.0 records/sec (1.63 MB/sec), 5.8 ms avg latency, 29.0 ms max latency.
16667 records sent, 166.933755 records/sec (1.63 MB/sec), 202.12 ms avg latency, 4062.00 ms max latency, 6 ms 50th, 2087 ms 95th, 3116 ms 99th, 3315 ms 99.9th.
----- /var/lib/kafka-client/results/security-overhead-final-factorial-plaintext-b5-rf3-isr3-msg10240-tps1000-batch16384-acks1-prod6-compnone-trial3/producer-perf-3.log -----
producer_index=3
producer_count=6
producer_records=16667
producer_throughput=167
1 records sent, 0.2 records/sec (0.00 MB/sec), 5041.0 ms avg latency, 5041.0 ms max latency.
1171 records sent, 234.1 records/sec (2.29 MB/sec), 2588.2 ms avg latency, 3398.0 ms max latency.
1357 records sent, 271.4 records/sec (2.65 MB/sec), 931.3 ms avg latency, 3184.0 ms max latency.
837 records sent, 167.1 records/sec (1.63 MB/sec), 10.5 ms avg latency, 65.0 ms max latency.
836 records sent, 167.2 records/sec (1.63 MB/sec), 11.6 ms avg latency, 78.0 ms max latency.
835 records sent, 167.0 records/sec (1.63 MB/sec), 9.7 ms avg latency, 59.0 ms max latency.
837 records sent, 167.3 records/sec (1.63 MB/sec), 10.3 ms avg latency, 52.0 ms max latency.
834 records sent, 166.8 records/sec (1.63 MB/sec), 9.2 ms avg latency, 44.0 ms max latency.
835 records sent, 166.9 records/sec (1.63 MB/sec), 9.3 ms avg latency, 73.0 ms max latency.
835 records sent, 166.1 records/sec (1.62 MB/sec), 9.1 ms avg latency, 70.0 ms max latency.
855 records sent, 170.9 records/sec (1.67 MB/sec), 8.6 ms avg latency, 128.0 ms max latency.
835 records sent, 167.0 records/sec (1.63 MB/sec), 6.5 ms avg latency, 49.0 ms max latency.
835 records sent, 167.0 records/sec (1.63 MB/sec), 6.1 ms avg latency, 29.0 ms max latency.
836 records sent, 167.0 records/sec (1.63 MB/sec), 6.0 ms avg latency, 34.0 ms max latency.
836 records sent, 167.0 records/sec (1.63 MB/sec), 5.9 ms avg latency, 34.0 ms max latency.
836 records sent, 167.2 records/sec (1.63 MB/sec), 5.8 ms avg latency, 17.0 ms max latency.
836 records sent, 167.1 records/sec (1.63 MB/sec), 5.8 ms avg latency, 11.0 ms max latency.
835 records sent, 166.9 records/sec (1.63 MB/sec), 5.8 ms avg latency, 15.0 ms max latency.
836 records sent, 167.1 records/sec (1.63 MB/sec), 5.9 ms avg latency, 30.0 ms max latency.
16667 records sent, 166.838507 records/sec (1.63 MB/sec), 264.55 ms avg latency, 5041.00 ms max latency, 6 ms 50th, 2677 ms 95th, 3244 ms 99th, 3375 ms 99.9th.
----- /var/lib/kafka-client/results/security-overhead-final-factorial-plaintext-b5-rf3-isr3-msg10240-tps1000-batch16384-acks1-prod6-compnone-trial3/producer-perf-4.log -----
producer_index=4
producer_count=6
producer_records=16667
producer_throughput=167
44 records sent, 8.7 records/sec (0.09 MB/sec), 830.8 ms avg latency, 4355.0 ms max latency.
1382 records sent, 276.2 records/sec (2.70 MB/sec), 2344.9 ms avg latency, 3300.0 ms max latency.
1093 records sent, 218.6 records/sec (2.13 MB/sec), 269.4 ms avg latency, 1607.0 ms max latency.
836 records sent, 166.9 records/sec (1.63 MB/sec), 10.3 ms avg latency, 51.0 ms max latency.
837 records sent, 167.3 records/sec (1.63 MB/sec), 10.6 ms avg latency, 64.0 ms max latency.
836 records sent, 167.0 records/sec (1.63 MB/sec), 9.4 ms avg latency, 54.0 ms max latency.
835 records sent, 166.6 records/sec (1.63 MB/sec), 9.4 ms avg latency, 41.0 ms max latency.
837 records sent, 167.2 records/sec (1.63 MB/sec), 9.4 ms avg latency, 42.0 ms max latency.
841 records sent, 168.1 records/sec (1.64 MB/sec), 9.3 ms avg latency, 66.0 ms max latency.
834 records sent, 166.6 records/sec (1.63 MB/sec), 9.6 ms avg latency, 84.0 ms max latency.
852 records sent, 170.3 records/sec (1.66 MB/sec), 9.2 ms avg latency, 99.0 ms max latency.
836 records sent, 167.1 records/sec (1.63 MB/sec), 6.5 ms avg latency, 49.0 ms max latency.
836 records sent, 167.0 records/sec (1.63 MB/sec), 6.0 ms avg latency, 25.0 ms max latency.
836 records sent, 167.0 records/sec (1.63 MB/sec), 6.0 ms avg latency, 23.0 ms max latency.
836 records sent, 167.1 records/sec (1.63 MB/sec), 5.8 ms avg latency, 10.0 ms max latency.
835 records sent, 166.9 records/sec (1.63 MB/sec), 5.8 ms avg latency, 24.0 ms max latency.
836 records sent, 167.1 records/sec (1.63 MB/sec), 5.8 ms avg latency, 18.0 ms max latency.
836 records sent, 167.1 records/sec (1.63 MB/sec), 5.8 ms avg latency, 13.0 ms max latency.
836 records sent, 167.0 records/sec (1.63 MB/sec), 5.8 ms avg latency, 19.0 ms max latency.
16667 records sent, 166.912022 records/sec (1.63 MB/sec), 220.81 ms avg latency, 4355.00 ms max latency, 6 ms 50th, 2265 ms 95th, 3024 ms 99th, 3238 ms 99.9th.
----- /var/lib/kafka-client/results/security-overhead-final-factorial-plaintext-b5-rf3-isr3-msg10240-tps1000-batch16384-acks1-prod6-compnone-trial3/producer-perf-5.log -----
producer_index=5
producer_count=6
producer_records=16666
producer_throughput=166
129 records sent, 25.7 records/sec (0.25 MB/sec), 862.7 ms avg latency, 3726.0 ms max latency.
1535 records sent, 306.5 records/sec (2.99 MB/sec), 1881.0 ms avg latency, 3076.0 ms max latency.
833 records sent, 166.1 records/sec (1.62 MB/sec), 12.5 ms avg latency, 92.0 ms max latency.
835 records sent, 166.6 records/sec (1.63 MB/sec), 10.4 ms avg latency, 72.0 ms max latency.
834 records sent, 166.8 records/sec (1.63 MB/sec), 11.1 ms avg latency, 72.0 ms max latency.
830 records sent, 166.0 records/sec (1.62 MB/sec), 9.5 ms avg latency, 52.0 ms max latency.
836 records sent, 167.2 records/sec (1.63 MB/sec), 10.6 ms avg latency, 79.0 ms max latency.
831 records sent, 166.1 records/sec (1.62 MB/sec), 8.5 ms avg latency, 47.0 ms max latency.
833 records sent, 166.6 records/sec (1.63 MB/sec), 10.7 ms avg latency, 112.0 ms max latency.
830 records sent, 165.9 records/sec (1.62 MB/sec), 12.0 ms avg latency, 136.0 ms max latency.
827 records sent, 164.8 records/sec (1.61 MB/sec), 7.9 ms avg latency, 64.0 ms max latency.
839 records sent, 167.8 records/sec (1.64 MB/sec), 7.1 ms avg latency, 88.0 ms max latency.
831 records sent, 166.0 records/sec (1.62 MB/sec), 5.5 ms avg latency, 23.0 ms max latency.
831 records sent, 166.2 records/sec (1.62 MB/sec), 5.5 ms avg latency, 36.0 ms max latency.
830 records sent, 165.9 records/sec (1.62 MB/sec), 5.1 ms avg latency, 10.0 ms max latency.
831 records sent, 166.2 records/sec (1.62 MB/sec), 5.1 ms avg latency, 19.0 ms max latency.
830 records sent, 166.0 records/sec (1.62 MB/sec), 5.1 ms avg latency, 22.0 ms max latency.
830 records sent, 165.9 records/sec (1.62 MB/sec), 5.2 ms avg latency, 13.0 ms max latency.
830 records sent, 166.0 records/sec (1.62 MB/sec), 5.1 ms avg latency, 16.0 ms max latency.
831 records sent, 166.1 records/sec (1.62 MB/sec), 5.1 ms avg latency, 10.0 ms max latency.
16666 records sent, 165.962956 records/sec (1.62 MB/sec), 187.02 ms avg latency, 3726.00 ms max latency, 6 ms 50th, 1957 ms 95th, 2777 ms 99th, 2999 ms 99.9th.
----- /var/lib/kafka-client/results/security-overhead-final-factorial-plaintext-b5-rf3-isr3-msg10240-tps1000-batch16384-acks1-prod6-compnone-trial3/producer-perf-6.log -----
producer_index=6
producer_count=6
producer_records=16666
producer_throughput=166
62 records sent, 12.3 records/sec (0.12 MB/sec), 742.5 ms avg latency, 4291.0 ms max latency.
1405 records sent, 280.8 records/sec (2.74 MB/sec), 2379.0 ms avg latency, 3331.0 ms max latency.
1036 records sent, 207.2 records/sec (2.02 MB/sec), 203.4 ms avg latency, 1349.0 ms max latency.
830 records sent, 165.9 records/sec (1.62 MB/sec), 9.4 ms avg latency, 57.0 ms max latency.
830 records sent, 166.0 records/sec (1.62 MB/sec), 10.7 ms avg latency, 64.0 ms max latency.
837 records sent, 167.3 records/sec (1.63 MB/sec), 10.5 ms avg latency, 89.0 ms max latency.
831 records sent, 166.0 records/sec (1.62 MB/sec), 10.0 ms avg latency, 75.0 ms max latency.
831 records sent, 166.2 records/sec (1.62 MB/sec), 8.5 ms avg latency, 53.0 ms max latency.
832 records sent, 166.2 records/sec (1.62 MB/sec), 9.2 ms avg latency, 63.0 ms max latency.
831 records sent, 166.0 records/sec (1.62 MB/sec), 10.0 ms avg latency, 99.0 ms max latency.
830 records sent, 165.9 records/sec (1.62 MB/sec), 8.3 ms avg latency, 75.0 ms max latency.
832 records sent, 166.2 records/sec (1.62 MB/sec), 5.7 ms avg latency, 64.0 ms max latency.
831 records sent, 166.2 records/sec (1.62 MB/sec), 5.4 ms avg latency, 30.0 ms max latency.
831 records sent, 166.0 records/sec (1.62 MB/sec), 5.3 ms avg latency, 22.0 ms max latency.
831 records sent, 166.1 records/sec (1.62 MB/sec), 5.1 ms avg latency, 11.0 ms max latency.
830 records sent, 165.9 records/sec (1.62 MB/sec), 5.1 ms avg latency, 11.0 ms max latency.
832 records sent, 166.2 records/sec (1.62 MB/sec), 5.1 ms avg latency, 9.0 ms max latency.
830 records sent, 165.9 records/sec (1.62 MB/sec), 5.1 ms avg latency, 13.0 ms max latency.
831 records sent, 166.0 records/sec (1.62 MB/sec), 5.2 ms avg latency, 32.0 ms max latency.
831 records sent, 166.2 records/sec (1.62 MB/sec), 5.1 ms avg latency, 10.0 ms max latency.
16666 records sent, 165.939821 records/sec (1.62 MB/sec), 222.14 ms avg latency, 4291.00 ms max latency, 6 ms 50th, 2269 ms 95th, 3156 ms 99th, 3267 ms 99.9th.
