run_id=security-overhead-final-factorial-tls-b3-rf3-isr3-msg1024-tps1000-batch131072-acksall-prod6-compnone-trial1
producer_count=6
----- /var/lib/kafka-client/results/security-overhead-final-factorial-tls-b3-rf3-isr3-msg1024-tps1000-batch131072-acksall-prod6-compnone-trial1/producer-perf-1.log -----
producer_index=1
producer_count=6
producer_records=16667
producer_throughput=167
1 records sent, 0.1 records/sec (0.00 MB/sec), 1215.0 ms avg latency, 1215.0 ms max latency.
2105 records sent, 420.8 records/sec (0.41 MB/sec), 930.0 ms avg latency, 7576.0 ms max latency.
837 records sent, 167.2 records/sec (0.16 MB/sec), 9.3 ms avg latency, 43.0 ms max latency.
836 records sent, 167.1 records/sec (0.16 MB/sec), 8.6 ms avg latency, 25.0 ms max latency.
835 records sent, 167.0 records/sec (0.16 MB/sec), 8.4 ms avg latency, 19.0 ms max latency.
836 records sent, 167.2 records/sec (0.16 MB/sec), 8.3 ms avg latency, 33.0 ms max latency.
836 records sent, 167.0 records/sec (0.16 MB/sec), 8.0 ms avg latency, 31.0 ms max latency.
837 records sent, 167.1 records/sec (0.16 MB/sec), 7.7 ms avg latency, 20.0 ms max latency.
836 records sent, 167.1 records/sec (0.16 MB/sec), 8.0 ms avg latency, 25.0 ms max latency.
836 records sent, 167.0 records/sec (0.16 MB/sec), 7.2 ms avg latency, 22.0 ms max latency.
836 records sent, 167.1 records/sec (0.16 MB/sec), 7.4 ms avg latency, 21.0 ms max latency.
836 records sent, 167.1 records/sec (0.16 MB/sec), 7.4 ms avg latency, 20.0 ms max latency.
836 records sent, 167.2 records/sec (0.16 MB/sec), 7.2 ms avg latency, 22.0 ms max latency.
835 records sent, 167.0 records/sec (0.16 MB/sec), 6.9 ms avg latency, 18.0 ms max latency.
836 records sent, 167.0 records/sec (0.16 MB/sec), 6.9 ms avg latency, 28.0 ms max latency.
836 records sent, 167.2 records/sec (0.16 MB/sec), 7.0 ms avg latency, 25.0 ms max latency.
836 records sent, 167.1 records/sec (0.16 MB/sec), 7.0 ms avg latency, 17.0 ms max latency.
835 records sent, 166.9 records/sec (0.16 MB/sec), 6.9 ms avg latency, 27.0 ms max latency.
836 records sent, 167.1 records/sec (0.16 MB/sec), 7.0 ms avg latency, 26.0 ms max latency.
16667 records sent, 166.945460 records/sec (0.16 MB/sec), 124.15 ms avg latency, 7576.00 ms max latency, 7 ms 50th, 1380 ms 95th, 1891 ms 99th, 1906 ms 99.9th.
----- /var/lib/kafka-client/results/security-overhead-final-factorial-tls-b3-rf3-isr3-msg1024-tps1000-batch131072-acksall-prod6-compnone-trial1/producer-perf-2.log -----
producer_index=2
producer_count=6
producer_records=16667
producer_throughput=167
1 records sent, 0.2 records/sec (0.00 MB/sec), 6540.0 ms avg latency, 6540.0 ms max latency.
1935 records sent, 386.1 records/sec (0.38 MB/sec), 681.2 ms avg latency, 1378.0 ms max latency.
836 records sent, 167.2 records/sec (0.16 MB/sec), 9.8 ms avg latency, 38.0 ms max latency.
837 records sent, 167.2 records/sec (0.16 MB/sec), 9.4 ms avg latency, 19.0 ms max latency.
836 records sent, 167.0 records/sec (0.16 MB/sec), 8.8 ms avg latency, 22.0 ms max latency.
835 records sent, 166.9 records/sec (0.16 MB/sec), 9.0 ms avg latency, 33.0 ms max latency.
836 records sent, 166.6 records/sec (0.16 MB/sec), 8.2 ms avg latency, 22.0 ms max latency.
839 records sent, 167.7 records/sec (0.16 MB/sec), 8.0 ms avg latency, 23.0 ms max latency.
836 records sent, 167.0 records/sec (0.16 MB/sec), 7.8 ms avg latency, 20.0 ms max latency.
836 records sent, 167.1 records/sec (0.16 MB/sec), 7.7 ms avg latency, 24.0 ms max latency.
835 records sent, 167.0 records/sec (0.16 MB/sec), 7.4 ms avg latency, 22.0 ms max latency.
836 records sent, 167.2 records/sec (0.16 MB/sec), 7.5 ms avg latency, 19.0 ms max latency.
836 records sent, 167.1 records/sec (0.16 MB/sec), 7.5 ms avg latency, 22.0 ms max latency.
836 records sent, 167.0 records/sec (0.16 MB/sec), 7.0 ms avg latency, 16.0 ms max latency.
836 records sent, 167.1 records/sec (0.16 MB/sec), 6.9 ms avg latency, 23.0 ms max latency.
836 records sent, 167.0 records/sec (0.16 MB/sec), 6.9 ms avg latency, 21.0 ms max latency.
836 records sent, 167.0 records/sec (0.16 MB/sec), 7.1 ms avg latency, 23.0 ms max latency.
836 records sent, 167.0 records/sec (0.16 MB/sec), 6.9 ms avg latency, 24.0 ms max latency.
835 records sent, 167.0 records/sec (0.16 MB/sec), 7.0 ms avg latency, 20.0 ms max latency.
16667 records sent, 166.932083 records/sec (0.16 MB/sec), 86.37 ms avg latency, 6540.00 ms max latency, 7 ms 50th, 858 ms 95th, 1338 ms 99th, 1364 ms 99.9th.
----- /var/lib/kafka-client/results/security-overhead-final-factorial-tls-b3-rf3-isr3-msg1024-tps1000-batch131072-acksall-prod6-compnone-trial1/producer-perf-3.log -----
producer_index=3
producer_count=6
producer_records=16667
producer_throughput=167
1 records sent, 0.1 records/sec (0.00 MB/sec), 7433.0 ms avg latency, 7433.0 ms max latency.
2083 records sent, 416.4 records/sec (0.41 MB/sec), 683.3 ms avg latency, 1371.0 ms max latency.
838 records sent, 167.2 records/sec (0.16 MB/sec), 9.0 ms avg latency, 29.0 ms max latency.
834 records sent, 166.7 records/sec (0.16 MB/sec), 8.5 ms avg latency, 22.0 ms max latency.
838 records sent, 167.4 records/sec (0.16 MB/sec), 8.4 ms avg latency, 24.0 ms max latency.
836 records sent, 167.1 records/sec (0.16 MB/sec), 8.3 ms avg latency, 26.0 ms max latency.
837 records sent, 167.1 records/sec (0.16 MB/sec), 8.0 ms avg latency, 26.0 ms max latency.
833 records sent, 166.3 records/sec (0.16 MB/sec), 8.0 ms avg latency, 34.0 ms max latency.
840 records sent, 167.9 records/sec (0.16 MB/sec), 8.1 ms avg latency, 35.0 ms max latency.
837 records sent, 167.3 records/sec (0.16 MB/sec), 7.3 ms avg latency, 19.0 ms max latency.
835 records sent, 166.9 records/sec (0.16 MB/sec), 7.5 ms avg latency, 18.0 ms max latency.
835 records sent, 167.0 records/sec (0.16 MB/sec), 7.4 ms avg latency, 19.0 ms max latency.
837 records sent, 167.2 records/sec (0.16 MB/sec), 7.1 ms avg latency, 23.0 ms max latency.
836 records sent, 167.1 records/sec (0.16 MB/sec), 6.9 ms avg latency, 18.0 ms max latency.
836 records sent, 167.1 records/sec (0.16 MB/sec), 6.9 ms avg latency, 21.0 ms max latency.
836 records sent, 167.0 records/sec (0.16 MB/sec), 7.1 ms avg latency, 24.0 ms max latency.
836 records sent, 167.1 records/sec (0.16 MB/sec), 7.0 ms avg latency, 15.0 ms max latency.
835 records sent, 166.9 records/sec (0.16 MB/sec), 6.9 ms avg latency, 26.0 ms max latency.
836 records sent, 167.0 records/sec (0.16 MB/sec), 7.1 ms avg latency, 23.0 ms max latency.
16667 records sent, 166.950477 records/sec (0.16 MB/sec), 92.50 ms avg latency, 7433.00 ms max latency, 7 ms 50th, 1037 ms 95th, 1334 ms 99th, 1353 ms 99.9th.
----- /var/lib/kafka-client/results/security-overhead-final-factorial-tls-b3-rf3-isr3-msg1024-tps1000-batch131072-acksall-prod6-compnone-trial1/producer-perf-4.log -----
producer_index=4
producer_count=6
producer_records=16667
producer_throughput=167
1 records sent, 0.1 records/sec (0.00 MB/sec), 7286.0 ms avg latency, 7286.0 ms max latency.
2056 records sent, 411.0 records/sec (0.40 MB/sec), 845.3 ms avg latency, 1818.0 ms max latency.
837 records sent, 167.2 records/sec (0.16 MB/sec), 9.2 ms avg latency, 32.0 ms max latency.
835 records sent, 166.8 records/sec (0.16 MB/sec), 9.3 ms avg latency, 28.0 ms max latency.
837 records sent, 167.1 records/sec (0.16 MB/sec), 8.7 ms avg latency, 24.0 ms max latency.
837 records sent, 167.2 records/sec (0.16 MB/sec), 8.6 ms avg latency, 31.0 ms max latency.
836 records sent, 167.0 records/sec (0.16 MB/sec), 8.2 ms avg latency, 28.0 ms max latency.
836 records sent, 167.1 records/sec (0.16 MB/sec), 7.7 ms avg latency, 19.0 ms max latency.
835 records sent, 166.8 records/sec (0.16 MB/sec), 7.9 ms avg latency, 23.0 ms max latency.
837 records sent, 167.3 records/sec (0.16 MB/sec), 7.4 ms avg latency, 21.0 ms max latency.
835 records sent, 167.0 records/sec (0.16 MB/sec), 7.5 ms avg latency, 21.0 ms max latency.
836 records sent, 167.0 records/sec (0.16 MB/sec), 7.4 ms avg latency, 22.0 ms max latency.
836 records sent, 167.1 records/sec (0.16 MB/sec), 7.3 ms avg latency, 19.0 ms max latency.
836 records sent, 167.0 records/sec (0.16 MB/sec), 6.9 ms avg latency, 21.0 ms max latency.
836 records sent, 167.1 records/sec (0.16 MB/sec), 6.9 ms avg latency, 24.0 ms max latency.
836 records sent, 167.0 records/sec (0.16 MB/sec), 7.1 ms avg latency, 25.0 ms max latency.
835 records sent, 166.9 records/sec (0.16 MB/sec), 7.1 ms avg latency, 15.0 ms max latency.
836 records sent, 167.0 records/sec (0.16 MB/sec), 6.8 ms avg latency, 24.0 ms max latency.
836 records sent, 167.1 records/sec (0.16 MB/sec), 7.0 ms avg latency, 22.0 ms max latency.
16667 records sent, 166.957166 records/sec (0.16 MB/sec), 111.44 ms avg latency, 7286.00 ms max latency, 7 ms 50th, 1216 ms 95th, 1758 ms 99th, 1817 ms 99.9th.
----- /var/lib/kafka-client/results/security-overhead-final-factorial-tls-b3-rf3-isr3-msg1024-tps1000-batch131072-acksall-prod6-compnone-trial1/producer-perf-5.log -----
producer_index=5
producer_count=6
producer_records=16666
producer_throughput=166
1 records sent, 0.1 records/sec (0.00 MB/sec), 7208.0 ms avg latency, 7208.0 ms max latency.
2033 records sent, 406.1 records/sec (0.40 MB/sec), 758.8 ms avg latency, 1669.0 ms max latency.
832 records sent, 166.1 records/sec (0.16 MB/sec), 9.6 ms avg latency, 46.0 ms max latency.
831 records sent, 166.1 records/sec (0.16 MB/sec), 9.5 ms avg latency, 26.0 ms max latency.
831 records sent, 166.0 records/sec (0.16 MB/sec), 9.0 ms avg latency, 20.0 ms max latency.
830 records sent, 166.0 records/sec (0.16 MB/sec), 8.9 ms avg latency, 24.0 ms max latency.
831 records sent, 166.1 records/sec (0.16 MB/sec), 8.6 ms avg latency, 29.0 ms max latency.
832 records sent, 166.3 records/sec (0.16 MB/sec), 8.4 ms avg latency, 19.0 ms max latency.
831 records sent, 165.9 records/sec (0.16 MB/sec), 8.2 ms avg latency, 23.0 ms max latency.
832 records sent, 166.3 records/sec (0.16 MB/sec), 7.4 ms avg latency, 22.0 ms max latency.
831 records sent, 166.0 records/sec (0.16 MB/sec), 7.7 ms avg latency, 22.0 ms max latency.
831 records sent, 166.0 records/sec (0.16 MB/sec), 7.8 ms avg latency, 21.0 ms max latency.
831 records sent, 166.1 records/sec (0.16 MB/sec), 7.3 ms avg latency, 23.0 ms max latency.
830 records sent, 165.9 records/sec (0.16 MB/sec), 7.1 ms avg latency, 21.0 ms max latency.
831 records sent, 166.0 records/sec (0.16 MB/sec), 6.8 ms avg latency, 25.0 ms max latency.
831 records sent, 166.0 records/sec (0.16 MB/sec), 6.8 ms avg latency, 19.0 ms max latency.
831 records sent, 166.1 records/sec (0.16 MB/sec), 6.9 ms avg latency, 16.0 ms max latency.
831 records sent, 166.1 records/sec (0.16 MB/sec), 6.9 ms avg latency, 22.0 ms max latency.
830 records sent, 166.0 records/sec (0.16 MB/sec), 7.0 ms avg latency, 21.0 ms max latency.
16666 records sent, 165.959650 records/sec (0.16 MB/sec), 99.90 ms avg latency, 7208.00 ms max latency, 7 ms 50th, 1084 ms 95th, 1605 ms 99th, 1660 ms 99.9th.
----- /var/lib/kafka-client/results/security-overhead-final-factorial-tls-b3-rf3-isr3-msg1024-tps1000-batch131072-acksall-prod6-compnone-trial1/producer-perf-6.log -----
producer_index=6
producer_count=6
producer_records=16666
producer_throughput=166
1 records sent, 0.1 records/sec (0.00 MB/sec), 7142.0 ms avg latency, 7142.0 ms max latency.
2021 records sent, 403.8 records/sec (0.39 MB/sec), 735.9 ms avg latency, 1428.0 ms max latency.
834 records sent, 166.6 records/sec (0.16 MB/sec), 10.0 ms avg latency, 41.0 ms max latency.
830 records sent, 165.9 records/sec (0.16 MB/sec), 9.7 ms avg latency, 20.0 ms max latency.
832 records sent, 166.1 records/sec (0.16 MB/sec), 9.5 ms avg latency, 26.0 ms max latency.
831 records sent, 165.8 records/sec (0.16 MB/sec), 9.2 ms avg latency, 32.0 ms max latency.
832 records sent, 166.3 records/sec (0.16 MB/sec), 8.8 ms avg latency, 22.0 ms max latency.
831 records sent, 165.9 records/sec (0.16 MB/sec), 8.4 ms avg latency, 27.0 ms max latency.
831 records sent, 166.1 records/sec (0.16 MB/sec), 8.3 ms avg latency, 34.0 ms max latency.
831 records sent, 166.0 records/sec (0.16 MB/sec), 7.6 ms avg latency, 22.0 ms max latency.
831 records sent, 166.1 records/sec (0.16 MB/sec), 8.0 ms avg latency, 21.0 ms max latency.
831 records sent, 166.0 records/sec (0.16 MB/sec), 7.6 ms avg latency, 22.0 ms max latency.
831 records sent, 166.2 records/sec (0.16 MB/sec), 7.4 ms avg latency, 21.0 ms max latency.
831 records sent, 166.1 records/sec (0.16 MB/sec), 7.0 ms avg latency, 22.0 ms max latency.
831 records sent, 166.0 records/sec (0.16 MB/sec), 7.0 ms avg latency, 31.0 ms max latency.
830 records sent, 165.9 records/sec (0.16 MB/sec), 6.8 ms avg latency, 21.0 ms max latency.
831 records sent, 166.2 records/sec (0.16 MB/sec), 7.1 ms avg latency, 15.0 ms max latency.
831 records sent, 166.1 records/sec (0.16 MB/sec), 6.9 ms avg latency, 26.0 ms max latency.
830 records sent, 165.7 records/sec (0.16 MB/sec), 7.2 ms avg latency, 22.0 ms max latency.
16666 records sent, 165.946430 records/sec (0.16 MB/sec), 96.69 ms avg latency, 7142.00 ms max latency, 8 ms 50th, 1101 ms 95th, 1365 ms 99th, 1381 ms 99.9th.
