run_id=security-overhead-final-factorial-mtls-b5-rf3-isr3-msg1024-tps1000-batch131072-acksall-prod12-compnone-trial1
producer_count=12
----- /var/lib/kafka-client/results/security-overhead-final-factorial-mtls-b5-rf3-isr3-msg1024-tps1000-batch131072-acksall-prod12-compnone-trial1/producer-perf-1.log -----
producer_index=1
producer_count=12
producer_records=8334
producer_throughput=84
1 records sent, 0.1 records/sec (0.00 MB/sec), 3319.0 ms avg latency, 3319.0 ms max latency.
1721 records sent, 344.1 records/sec (0.34 MB/sec), 3070.0 ms avg latency, 16123.0 ms max latency.
426 records sent, 85.1 records/sec (0.08 MB/sec), 45.1 ms avg latency, 146.0 ms max latency.
421 records sent, 84.0 records/sec (0.08 MB/sec), 19.3 ms avg latency, 71.0 ms max latency.
421 records sent, 84.2 records/sec (0.08 MB/sec), 16.4 ms avg latency, 45.0 ms max latency.
420 records sent, 84.0 records/sec (0.08 MB/sec), 15.5 ms avg latency, 46.0 ms max latency.
421 records sent, 84.1 records/sec (0.08 MB/sec), 14.6 ms avg latency, 37.0 ms max latency.
421 records sent, 84.0 records/sec (0.08 MB/sec), 13.6 ms avg latency, 41.0 ms max latency.
421 records sent, 84.0 records/sec (0.08 MB/sec), 13.7 ms avg latency, 37.0 ms max latency.
421 records sent, 84.2 records/sec (0.08 MB/sec), 12.9 ms avg latency, 42.0 ms max latency.
421 records sent, 84.1 records/sec (0.08 MB/sec), 12.9 ms avg latency, 45.0 ms max latency.
420 records sent, 84.0 records/sec (0.08 MB/sec), 12.4 ms avg latency, 39.0 ms max latency.
422 records sent, 84.3 records/sec (0.08 MB/sec), 12.0 ms avg latency, 24.0 ms max latency.
421 records sent, 84.1 records/sec (0.08 MB/sec), 11.3 ms avg latency, 29.0 ms max latency.
419 records sent, 83.8 records/sec (0.08 MB/sec), 11.6 ms avg latency, 28.0 ms max latency.
421 records sent, 84.2 records/sec (0.08 MB/sec), 10.8 ms avg latency, 24.0 ms max latency.
420 records sent, 84.0 records/sec (0.08 MB/sec), 9.7 ms avg latency, 19.0 ms max latency.
8334 records sent, 83.806804 records/sec (0.08 MB/sec), 646.43 ms avg latency, 16123.00 ms max latency, 14 ms 50th, 4320 ms 95th, 4491 ms 99th, 4621 ms 99.9th.
----- /var/lib/kafka-client/results/security-overhead-final-factorial-mtls-b5-rf3-isr3-msg1024-tps1000-batch131072-acksall-prod12-compnone-trial1/producer-perf-2.log -----
producer_index=2
producer_count=12
producer_records=8334
producer_throughput=84
1 records sent, 0.1 records/sec (0.00 MB/sec), 15496.0 ms avg latency, 15496.0 ms max latency.
1721 records sent, 343.9 records/sec (0.34 MB/sec), 2588.4 ms avg latency, 3892.0 ms max latency.
423 records sent, 84.6 records/sec (0.08 MB/sec), 34.4 ms avg latency, 113.0 ms max latency.
420 records sent, 83.9 records/sec (0.08 MB/sec), 18.5 ms avg latency, 58.0 ms max latency.
424 records sent, 84.8 records/sec (0.08 MB/sec), 20.5 ms avg latency, 250.0 ms max latency.
420 records sent, 84.0 records/sec (0.08 MB/sec), 15.5 ms avg latency, 49.0 ms max latency.
421 records sent, 84.1 records/sec (0.08 MB/sec), 14.1 ms avg latency, 42.0 ms max latency.
420 records sent, 83.9 records/sec (0.08 MB/sec), 13.2 ms avg latency, 45.0 ms max latency.
421 records sent, 84.2 records/sec (0.08 MB/sec), 13.4 ms avg latency, 39.0 ms max latency.
420 records sent, 83.8 records/sec (0.08 MB/sec), 13.1 ms avg latency, 38.0 ms max latency.
421 records sent, 84.1 records/sec (0.08 MB/sec), 13.2 ms avg latency, 34.0 ms max latency.
421 records sent, 84.2 records/sec (0.08 MB/sec), 12.2 ms avg latency, 41.0 ms max latency.
420 records sent, 83.9 records/sec (0.08 MB/sec), 11.3 ms avg latency, 33.0 ms max latency.
421 records sent, 84.1 records/sec (0.08 MB/sec), 11.2 ms avg latency, 27.0 ms max latency.
421 records sent, 84.0 records/sec (0.08 MB/sec), 11.5 ms avg latency, 32.0 ms max latency.
421 records sent, 84.1 records/sec (0.08 MB/sec), 11.5 ms avg latency, 31.0 ms max latency.
420 records sent, 84.0 records/sec (0.08 MB/sec), 10.4 ms avg latency, 20.0 ms max latency.
8334 records sent, 83.801748 records/sec (0.08 MB/sec), 548.03 ms avg latency, 15496.00 ms max latency, 14 ms 50th, 3504 ms 95th, 3793 ms 99th, 3865 ms 99.9th.
----- /var/lib/kafka-client/results/security-overhead-final-factorial-mtls-b5-rf3-isr3-msg1024-tps1000-batch131072-acksall-prod12-compnone-trial1/producer-perf-3.log -----
producer_index=3
producer_count=12
producer_records=8334
producer_throughput=84
1 records sent, 0.1 records/sec (0.00 MB/sec), 15990.0 ms avg latency, 15990.0 ms max latency.
1764 records sent, 352.7 records/sec (0.34 MB/sec), 2806.4 ms avg latency, 4368.0 ms max latency.
424 records sent, 84.6 records/sec (0.08 MB/sec), 65.8 ms avg latency, 579.0 ms max latency.
422 records sent, 84.3 records/sec (0.08 MB/sec), 19.9 ms avg latency, 74.0 ms max latency.
422 records sent, 84.3 records/sec (0.08 MB/sec), 14.5 ms avg latency, 43.0 ms max latency.
421 records sent, 84.1 records/sec (0.08 MB/sec), 14.7 ms avg latency, 38.0 ms max latency.
421 records sent, 83.9 records/sec (0.08 MB/sec), 15.1 ms avg latency, 39.0 ms max latency.
422 records sent, 84.3 records/sec (0.08 MB/sec), 25.5 ms avg latency, 331.0 ms max latency.
421 records sent, 84.0 records/sec (0.08 MB/sec), 14.0 ms avg latency, 42.0 ms max latency.
420 records sent, 84.0 records/sec (0.08 MB/sec), 13.8 ms avg latency, 46.0 ms max latency.
421 records sent, 84.1 records/sec (0.08 MB/sec), 12.6 ms avg latency, 27.0 ms max latency.
421 records sent, 84.1 records/sec (0.08 MB/sec), 11.6 ms avg latency, 34.0 ms max latency.
420 records sent, 83.9 records/sec (0.08 MB/sec), 13.2 ms avg latency, 44.0 ms max latency.
420 records sent, 83.9 records/sec (0.08 MB/sec), 11.2 ms avg latency, 42.0 ms max latency.
421 records sent, 84.1 records/sec (0.08 MB/sec), 9.8 ms avg latency, 25.0 ms max latency.
421 records sent, 84.1 records/sec (0.08 MB/sec), 11.0 ms avg latency, 48.0 ms max latency.
421 records sent, 84.1 records/sec (0.08 MB/sec), 9.4 ms avg latency, 15.0 ms max latency.
8334 records sent, 83.743644 records/sec (0.08 MB/sec), 609.47 ms avg latency, 15990.00 ms max latency, 14 ms 50th, 4030 ms 95th, 4289 ms 99th, 4365 ms 99.9th.
----- /var/lib/kafka-client/results/security-overhead-final-factorial-mtls-b5-rf3-isr3-msg1024-tps1000-batch131072-acksall-prod12-compnone-trial1/producer-perf-4.log -----
producer_index=4
producer_count=12
producer_records=8334
producer_throughput=84
1 records sent, 0.1 records/sec (0.00 MB/sec), 15554.0 ms avg latency, 15554.0 ms max latency.
1733 records sent, 345.5 records/sec (0.34 MB/sec), 2524.6 ms avg latency, 4295.0 ms max latency.
422 records sent, 84.4 records/sec (0.08 MB/sec), 46.9 ms avg latency, 144.0 ms max latency.
423 records sent, 84.4 records/sec (0.08 MB/sec), 39.7 ms avg latency, 465.0 ms max latency.
422 records sent, 84.2 records/sec (0.08 MB/sec), 15.6 ms avg latency, 39.0 ms max latency.
421 records sent, 84.2 records/sec (0.08 MB/sec), 15.5 ms avg latency, 108.0 ms max latency.
421 records sent, 83.9 records/sec (0.08 MB/sec), 13.9 ms avg latency, 37.0 ms max latency.
421 records sent, 84.1 records/sec (0.08 MB/sec), 14.9 ms avg latency, 37.0 ms max latency.
422 records sent, 84.2 records/sec (0.08 MB/sec), 14.5 ms avg latency, 48.0 ms max latency.
421 records sent, 84.0 records/sec (0.08 MB/sec), 13.1 ms avg latency, 41.0 ms max latency.
421 records sent, 84.1 records/sec (0.08 MB/sec), 12.4 ms avg latency, 32.0 ms max latency.
420 records sent, 83.9 records/sec (0.08 MB/sec), 12.0 ms avg latency, 38.0 ms max latency.
419 records sent, 83.8 records/sec (0.08 MB/sec), 11.7 ms avg latency, 42.0 ms max latency.
421 records sent, 84.2 records/sec (0.08 MB/sec), 11.3 ms avg latency, 42.0 ms max latency.
420 records sent, 83.9 records/sec (0.08 MB/sec), 11.8 ms avg latency, 22.0 ms max latency.
421 records sent, 84.1 records/sec (0.08 MB/sec), 11.1 ms avg latency, 54.0 ms max latency.
421 records sent, 84.0 records/sec (0.08 MB/sec), 9.7 ms avg latency, 20.0 ms max latency.
8334 records sent, 83.723453 records/sec (0.08 MB/sec), 540.02 ms avg latency, 15554.00 ms max latency, 14 ms 50th, 3643 ms 95th, 4153 ms 99th, 4256 ms 99.9th.
----- /var/lib/kafka-client/results/security-overhead-final-factorial-mtls-b5-rf3-isr3-msg1024-tps1000-batch131072-acksall-prod12-compnone-trial1/producer-perf-5.log -----
producer_index=5
producer_count=12
producer_records=8333
producer_throughput=83
1 records sent, 0.1 records/sec (0.00 MB/sec), 16621.0 ms avg latency, 16621.0 ms max latency.
1795 records sent, 358.0 records/sec (0.35 MB/sec), 2876.9 ms avg latency, 4675.0 ms max latency.
421 records sent, 84.2 records/sec (0.08 MB/sec), 60.9 ms avg latency, 511.0 ms max latency.
418 records sent, 83.5 records/sec (0.08 MB/sec), 17.7 ms avg latency, 48.0 ms max latency.
416 records sent, 83.1 records/sec (0.08 MB/sec), 16.0 ms avg latency, 60.0 ms max latency.
414 records sent, 82.7 records/sec (0.08 MB/sec), 14.0 ms avg latency, 34.0 ms max latency.
418 records sent, 83.4 records/sec (0.08 MB/sec), 12.6 ms avg latency, 32.0 ms max latency.
415 records sent, 82.8 records/sec (0.08 MB/sec), 14.0 ms avg latency, 36.0 ms max latency.
417 records sent, 83.2 records/sec (0.08 MB/sec), 12.6 ms avg latency, 36.0 ms max latency.
415 records sent, 83.0 records/sec (0.08 MB/sec), 12.9 ms avg latency, 38.0 ms max latency.
416 records sent, 83.1 records/sec (0.08 MB/sec), 12.6 ms avg latency, 70.0 ms max latency.
416 records sent, 83.0 records/sec (0.08 MB/sec), 10.8 ms avg latency, 27.0 ms max latency.
416 records sent, 83.1 records/sec (0.08 MB/sec), 12.5 ms avg latency, 36.0 ms max latency.
415 records sent, 83.0 records/sec (0.08 MB/sec), 11.3 ms avg latency, 39.0 ms max latency.
416 records sent, 83.1 records/sec (0.08 MB/sec), 11.0 ms avg latency, 22.0 ms max latency.
415 records sent, 83.0 records/sec (0.08 MB/sec), 10.7 ms avg latency, 37.0 ms max latency.
417 records sent, 83.3 records/sec (0.08 MB/sec), 9.2 ms avg latency, 22.0 ms max latency.
8333 records sent, 82.877489 records/sec (0.08 MB/sec), 633.99 ms avg latency, 16621.00 ms max latency, 13 ms 50th, 4054 ms 95th, 4467 ms 99th, 4654 ms 99.9th.
----- /var/lib/kafka-client/results/security-overhead-final-factorial-mtls-b5-rf3-isr3-msg1024-tps1000-batch131072-acksall-prod12-compnone-trial1/producer-perf-6.log -----
producer_index=6
producer_count=12
producer_records=8333
producer_throughput=83
1 records sent, 0.1 records/sec (0.00 MB/sec), 14988.0 ms avg latency, 14988.0 ms max latency.
1663 records sent, 332.5 records/sec (0.32 MB/sec), 2989.9 ms avg latency, 4297.0 ms max latency.
418 records sent, 83.6 records/sec (0.08 MB/sec), 47.4 ms avg latency, 398.0 ms max latency.
417 records sent, 83.2 records/sec (0.08 MB/sec), 33.2 ms avg latency, 391.0 ms max latency.
417 records sent, 83.3 records/sec (0.08 MB/sec), 14.8 ms avg latency, 43.0 ms max latency.
414 records sent, 82.7 records/sec (0.08 MB/sec), 15.1 ms avg latency, 48.0 ms max latency.
418 records sent, 83.3 records/sec (0.08 MB/sec), 13.9 ms avg latency, 45.0 ms max latency.
416 records sent, 83.0 records/sec (0.08 MB/sec), 14.0 ms avg latency, 52.0 ms max latency.
417 records sent, 83.2 records/sec (0.08 MB/sec), 13.4 ms avg latency, 39.0 ms max latency.
416 records sent, 83.1 records/sec (0.08 MB/sec), 12.7 ms avg latency, 27.0 ms max latency.
416 records sent, 83.0 records/sec (0.08 MB/sec), 12.3 ms avg latency, 30.0 ms max latency.
416 records sent, 83.2 records/sec (0.08 MB/sec), 11.7 ms avg latency, 40.0 ms max latency.
415 records sent, 83.0 records/sec (0.08 MB/sec), 11.3 ms avg latency, 33.0 ms max latency.
416 records sent, 83.1 records/sec (0.08 MB/sec), 11.3 ms avg latency, 31.0 ms max latency.
416 records sent, 83.1 records/sec (0.08 MB/sec), 11.4 ms avg latency, 56.0 ms max latency.
415 records sent, 83.0 records/sec (0.08 MB/sec), 10.8 ms avg latency, 37.0 ms max latency.
416 records sent, 83.1 records/sec (0.08 MB/sec), 9.7 ms avg latency, 17.0 ms max latency.
417 records sent, 83.2 records/sec (0.08 MB/sec), 8.9 ms avg latency, 23.0 ms max latency.
8333 records sent, 82.892329 records/sec (0.08 MB/sec), 611.09 ms avg latency, 14988.00 ms max latency, 13 ms 50th, 4163 ms 95th, 4256 ms 99th, 4264 ms 99.9th.
----- /var/lib/kafka-client/results/security-overhead-final-factorial-mtls-b5-rf3-isr3-msg1024-tps1000-batch131072-acksall-prod12-compnone-trial1/producer-perf-7.log -----
producer_index=7
producer_count=12
producer_records=8333
producer_throughput=83
1 records sent, 0.1 records/sec (0.00 MB/sec), 15619.0 ms avg latency, 15619.0 ms max latency.
1716 records sent, 341.6 records/sec (0.33 MB/sec), 2275.6 ms avg latency, 3405.0 ms max latency.
418 records sent, 83.6 records/sec (0.08 MB/sec), 35.1 ms avg latency, 123.0 ms max latency.
418 records sent, 83.3 records/sec (0.08 MB/sec), 17.3 ms avg latency, 53.0 ms max latency.
416 records sent, 83.0 records/sec (0.08 MB/sec), 14.6 ms avg latency, 51.0 ms max latency.
416 records sent, 83.2 records/sec (0.08 MB/sec), 27.3 ms avg latency, 363.0 ms max latency.
417 records sent, 83.3 records/sec (0.08 MB/sec), 14.2 ms avg latency, 34.0 ms max latency.
416 records sent, 83.1 records/sec (0.08 MB/sec), 14.2 ms avg latency, 39.0 ms max latency.
416 records sent, 83.1 records/sec (0.08 MB/sec), 13.7 ms avg latency, 57.0 ms max latency.
415 records sent, 82.9 records/sec (0.08 MB/sec), 12.9 ms avg latency, 43.0 ms max latency.
415 records sent, 82.9 records/sec (0.08 MB/sec), 13.1 ms avg latency, 35.0 ms max latency.
417 records sent, 83.4 records/sec (0.08 MB/sec), 12.3 ms avg latency, 47.0 ms max latency.
415 records sent, 83.0 records/sec (0.08 MB/sec), 12.4 ms avg latency, 34.0 ms max latency.
416 records sent, 83.0 records/sec (0.08 MB/sec), 11.0 ms avg latency, 55.0 ms max latency.
417 records sent, 83.2 records/sec (0.08 MB/sec), 11.3 ms avg latency, 29.0 ms max latency.
416 records sent, 83.1 records/sec (0.08 MB/sec), 10.9 ms avg latency, 44.0 ms max latency.
415 records sent, 82.9 records/sec (0.08 MB/sec), 9.3 ms avg latency, 14.0 ms max latency.
8333 records sent, 82.822299 records/sec (0.08 MB/sec), 482.40 ms avg latency, 15619.00 ms max latency, 14 ms 50th, 3236 ms 95th, 3333 ms 99th, 3374 ms 99.9th.
----- /var/lib/kafka-client/results/security-overhead-final-factorial-mtls-b5-rf3-isr3-msg1024-tps1000-batch131072-acksall-prod12-compnone-trial1/producer-perf-8.log -----
producer_index=8
producer_count=12
producer_records=8333
producer_throughput=83
1 records sent, 0.1 records/sec (0.00 MB/sec), 14647.0 ms avg latency, 14647.0 ms max latency.
1629 records sent, 325.8 records/sec (0.32 MB/sec), 2350.4 ms avg latency, 3760.0 ms max latency.
419 records sent, 83.3 records/sec (0.08 MB/sec), 74.0 ms avg latency, 538.0 ms max latency.
421 records sent, 84.0 records/sec (0.08 MB/sec), 23.4 ms avg latency, 105.0 ms max latency.
416 records sent, 83.1 records/sec (0.08 MB/sec), 15.0 ms avg latency, 49.0 ms max latency.
417 records sent, 83.3 records/sec (0.08 MB/sec), 15.1 ms avg latency, 45.0 ms max latency.
415 records sent, 83.0 records/sec (0.08 MB/sec), 13.2 ms avg latency, 41.0 ms max latency.
417 records sent, 83.1 records/sec (0.08 MB/sec), 12.7 ms avg latency, 37.0 ms max latency.
416 records sent, 82.8 records/sec (0.08 MB/sec), 13.2 ms avg latency, 38.0 ms max latency.
415 records sent, 82.9 records/sec (0.08 MB/sec), 12.3 ms avg latency, 40.0 ms max latency.
418 records sent, 83.5 records/sec (0.08 MB/sec), 12.3 ms avg latency, 26.0 ms max latency.
416 records sent, 83.1 records/sec (0.08 MB/sec), 12.5 ms avg latency, 35.0 ms max latency.
416 records sent, 83.1 records/sec (0.08 MB/sec), 10.4 ms avg latency, 25.0 ms max latency.
416 records sent, 83.1 records/sec (0.08 MB/sec), 11.6 ms avg latency, 42.0 ms max latency.
415 records sent, 83.0 records/sec (0.08 MB/sec), 11.3 ms avg latency, 36.0 ms max latency.
415 records sent, 83.0 records/sec (0.08 MB/sec), 10.8 ms avg latency, 29.0 ms max latency.
416 records sent, 83.2 records/sec (0.08 MB/sec), 10.0 ms avg latency, 21.0 ms max latency.
415 records sent, 82.9 records/sec (0.08 MB/sec), 9.2 ms avg latency, 23.0 ms max latency.
8333 records sent, 82.819007 records/sec (0.08 MB/sec), 474.65 ms avg latency, 14647.00 ms max latency, 13 ms 50th, 3381 ms 95th, 3683 ms 99th, 3723 ms 99.9th.
----- /var/lib/kafka-client/results/security-overhead-final-factorial-mtls-b5-rf3-isr3-msg1024-tps1000-batch131072-acksall-prod12-compnone-trial1/producer-perf-9.log -----
producer_index=9
producer_count=12
producer_records=8333
producer_throughput=83
1 records sent, 0.1 records/sec (0.00 MB/sec), 15530.0 ms avg latency, 15530.0 ms max latency.
1684 records sent, 322.5 records/sec (0.31 MB/sec), 3049.9 ms avg latency, 4716.0 ms max latency.
458 records sent, 91.6 records/sec (0.09 MB/sec), 57.7 ms avg latency, 533.0 ms max latency.
419 records sent, 83.6 records/sec (0.08 MB/sec), 17.8 ms avg latency, 48.0 ms max latency.
413 records sent, 82.6 records/sec (0.08 MB/sec), 15.3 ms avg latency, 68.0 ms max latency.
418 records sent, 83.5 records/sec (0.08 MB/sec), 15.5 ms avg latency, 54.0 ms max latency.
415 records sent, 83.0 records/sec (0.08 MB/sec), 14.8 ms avg latency, 32.0 ms max latency.
415 records sent, 82.9 records/sec (0.08 MB/sec), 13.8 ms avg latency, 33.0 ms max latency.
417 records sent, 83.2 records/sec (0.08 MB/sec), 13.8 ms avg latency, 58.0 ms max latency.
416 records sent, 83.1 records/sec (0.08 MB/sec), 13.0 ms avg latency, 45.0 ms max latency.
415 records sent, 82.7 records/sec (0.08 MB/sec), 13.5 ms avg latency, 41.0 ms max latency.
417 records sent, 83.3 records/sec (0.08 MB/sec), 11.5 ms avg latency, 64.0 ms max latency.
416 records sent, 83.1 records/sec (0.08 MB/sec), 11.7 ms avg latency, 34.0 ms max latency.
417 records sent, 83.2 records/sec (0.08 MB/sec), 10.9 ms avg latency, 26.0 ms max latency.
415 records sent, 82.9 records/sec (0.08 MB/sec), 10.3 ms avg latency, 26.0 ms max latency.
415 records sent, 83.0 records/sec (0.08 MB/sec), 10.7 ms avg latency, 40.0 ms max latency.
416 records sent, 83.2 records/sec (0.08 MB/sec), 10.0 ms avg latency, 16.0 ms max latency.
8333 records sent, 82.824769 records/sec (0.08 MB/sec), 630.96 ms avg latency, 15530.00 ms max latency, 14 ms 50th, 4305 ms 95th, 4454 ms 99th, 4601 ms 99.9th.
----- /var/lib/kafka-client/results/security-overhead-final-factorial-mtls-b5-rf3-isr3-msg1024-tps1000-batch131072-acksall-prod12-compnone-trial1/producer-perf-10.log -----
producer_index=10
producer_count=12
producer_records=8333
producer_throughput=83
1 records sent, 0.1 records/sec (0.00 MB/sec), 16651.0 ms avg latency, 16651.0 ms max latency.
1801 records sent, 358.7 records/sec (0.35 MB/sec), 3072.6 ms avg latency, 4489.0 ms max latency.
419 records sent, 83.7 records/sec (0.08 MB/sec), 32.6 ms avg latency, 118.0 ms max latency.
417 records sent, 83.3 records/sec (0.08 MB/sec), 16.3 ms avg latency, 46.0 ms max latency.
415 records sent, 82.9 records/sec (0.08 MB/sec), 15.3 ms avg latency, 45.0 ms max latency.
417 records sent, 83.2 records/sec (0.08 MB/sec), 14.5 ms avg latency, 33.0 ms max latency.
416 records sent, 83.0 records/sec (0.08 MB/sec), 32.6 ms avg latency, 443.0 ms max latency.
415 records sent, 82.8 records/sec (0.08 MB/sec), 14.2 ms avg latency, 43.0 ms max latency.
418 records sent, 83.5 records/sec (0.08 MB/sec), 13.1 ms avg latency, 39.0 ms max latency.
415 records sent, 82.9 records/sec (0.08 MB/sec), 13.3 ms avg latency, 45.0 ms max latency.
416 records sent, 83.1 records/sec (0.08 MB/sec), 13.0 ms avg latency, 36.0 ms max latency.
416 records sent, 83.1 records/sec (0.08 MB/sec), 12.8 ms avg latency, 33.0 ms max latency.
416 records sent, 83.0 records/sec (0.08 MB/sec), 12.0 ms avg latency, 37.0 ms max latency.
416 records sent, 83.1 records/sec (0.08 MB/sec), 11.4 ms avg latency, 38.0 ms max latency.
416 records sent, 83.1 records/sec (0.08 MB/sec), 11.0 ms avg latency, 46.0 ms max latency.
416 records sent, 83.1 records/sec (0.08 MB/sec), 10.3 ms avg latency, 21.0 ms max latency.
415 records sent, 82.9 records/sec (0.08 MB/sec), 9.4 ms avg latency, 29.0 ms max latency.
8333 records sent, 82.802548 records/sec (0.08 MB/sec), 678.01 ms avg latency, 16651.00 ms max latency, 14 ms 50th, 4218 ms 95th, 4390 ms 99th, 4489 ms 99.9th.
----- /var/lib/kafka-client/results/security-overhead-final-factorial-mtls-b5-rf3-isr3-msg1024-tps1000-batch131072-acksall-prod12-compnone-trial1/producer-perf-11.log -----
producer_index=11
producer_count=12
producer_records=8333
producer_throughput=83
1 records sent, 0.1 records/sec (0.00 MB/sec), 17774.0 ms avg latency, 17774.0 ms max latency.
1894 records sent, 378.4 records/sec (0.37 MB/sec), 3816.3 ms avg latency, 5931.0 ms max latency.
419 records sent, 83.5 records/sec (0.08 MB/sec), 31.4 ms avg latency, 98.0 ms max latency.
417 records sent, 83.3 records/sec (0.08 MB/sec), 16.9 ms avg latency, 67.0 ms max latency.
389 records sent, 76.8 records/sec (0.08 MB/sec), 17.4 ms avg latency, 395.0 ms max latency.
448 records sent, 89.6 records/sec (0.09 MB/sec), 28.6 ms avg latency, 407.0 ms max latency.
417 records sent, 83.1 records/sec (0.08 MB/sec), 13.5 ms avg latency, 44.0 ms max latency.
416 records sent, 83.2 records/sec (0.08 MB/sec), 14.2 ms avg latency, 52.0 ms max latency.
415 records sent, 83.0 records/sec (0.08 MB/sec), 13.0 ms avg latency, 41.0 ms max latency.
416 records sent, 83.2 records/sec (0.08 MB/sec), 13.6 ms avg latency, 44.0 ms max latency.
416 records sent, 83.1 records/sec (0.08 MB/sec), 12.2 ms avg latency, 33.0 ms max latency.
416 records sent, 83.0 records/sec (0.08 MB/sec), 11.0 ms avg latency, 41.0 ms max latency.
416 records sent, 83.2 records/sec (0.08 MB/sec), 11.6 ms avg latency, 29.0 ms max latency.
415 records sent, 83.0 records/sec (0.08 MB/sec), 11.4 ms avg latency, 26.0 ms max latency.
416 records sent, 83.0 records/sec (0.08 MB/sec), 11.7 ms avg latency, 56.0 ms max latency.
416 records sent, 83.1 records/sec (0.08 MB/sec), 10.3 ms avg latency, 31.0 ms max latency.
416 records sent, 82.9 records/sec (0.08 MB/sec), 9.7 ms avg latency, 22.0 ms max latency.
8333 records sent, 82.809131 records/sec (0.08 MB/sec), 881.11 ms avg latency, 17774.00 ms max latency, 14 ms 50th, 5581 ms 95th, 5791 ms 99th, 5891 ms 99.9th.
----- /var/lib/kafka-client/results/security-overhead-final-factorial-mtls-b5-rf3-isr3-msg1024-tps1000-batch131072-acksall-prod12-compnone-trial1/producer-perf-12.log -----
producer_index=12
producer_count=12
producer_records=8333
producer_throughput=83
1 records sent, 0.1 records/sec (0.00 MB/sec), 15478.0 ms avg latency, 15478.0 ms max latency.
1698 records sent, 337.2 records/sec (0.33 MB/sec), 1916.2 ms avg latency, 3166.0 ms max latency.
422 records sent, 84.3 records/sec (0.08 MB/sec), 36.1 ms avg latency, 108.0 ms max latency.
418 records sent, 83.5 records/sec (0.08 MB/sec), 29.0 ms avg latency, 352.0 ms max latency.
415 records sent, 83.0 records/sec (0.08 MB/sec), 15.3 ms avg latency, 46.0 ms max latency.
417 records sent, 83.1 records/sec (0.08 MB/sec), 15.1 ms avg latency, 33.0 ms max latency.
416 records sent, 83.0 records/sec (0.08 MB/sec), 15.1 ms avg latency, 36.0 ms max latency.
416 records sent, 83.1 records/sec (0.08 MB/sec), 14.1 ms avg latency, 37.0 ms max latency.
417 records sent, 83.2 records/sec (0.08 MB/sec), 13.9 ms avg latency, 38.0 ms max latency.
416 records sent, 83.2 records/sec (0.08 MB/sec), 12.7 ms avg latency, 53.0 ms max latency.
416 records sent, 83.1 records/sec (0.08 MB/sec), 13.2 ms avg latency, 31.0 ms max latency.
415 records sent, 82.8 records/sec (0.08 MB/sec), 12.6 ms avg latency, 46.0 ms max latency.
417 records sent, 83.3 records/sec (0.08 MB/sec), 11.5 ms avg latency, 27.0 ms max latency.
416 records sent, 83.1 records/sec (0.08 MB/sec), 11.1 ms avg latency, 30.0 ms max latency.
416 records sent, 83.0 records/sec (0.08 MB/sec), 11.0 ms avg latency, 27.0 ms max latency.
416 records sent, 83.0 records/sec (0.08 MB/sec), 10.7 ms avg latency, 26.0 ms max latency.
416 records sent, 83.1 records/sec (0.08 MB/sec), 10.2 ms avg latency, 23.0 ms max latency.
8333 records sent, 82.978173 records/sec (0.08 MB/sec), 404.36 ms avg latency, 15478.00 ms max latency, 14 ms 50th, 2759 ms 95th, 2862 ms 99th, 3165 ms 99.9th.
