run_id=security-overhead-final-factorial-mtls-b3-rf3-isr3-msg102400-tps10000-batch131072-acks1-prod6-complz4-trial2
producer_count=6
----- /var/lib/kafka-client/results/security-overhead-final-factorial-mtls-b3-rf3-isr3-msg102400-tps10000-batch131072-acks1-prod6-complz4-trial2/producer-perf-1.log -----
producer_index=1
producer_count=6
producer_records=16667
producer_throughput=1667
1 records sent, 0.1 records/sec (0.01 MB/sec), 3692.0 ms avg latency, 3692.0 ms max latency.
180 records sent, 35.9 records/sec (3.51 MB/sec), 4158.5 ms avg latency, 9643.0 ms max latency.
312 records sent, 62.1 records/sec (6.06 MB/sec), 5122.2 ms avg latency, 6514.0 ms max latency.
748 records sent, 149.0 records/sec (14.55 MB/sec), 1814.1 ms avg latency, 4215.0 ms max latency.
619 records sent, 123.5 records/sec (12.06 MB/sec), 75.7 ms avg latency, 309.0 ms max latency.
613 records sent, 121.9 records/sec (11.90 MB/sec), 26.8 ms avg latency, 115.0 ms max latency.
668 records sent, 133.6 records/sec (13.04 MB/sec), 29.8 ms avg latency, 159.0 ms max latency.
679 records sent, 135.6 records/sec (13.25 MB/sec), 24.2 ms avg latency, 101.0 ms max latency.
666 records sent, 133.1 records/sec (13.00 MB/sec), 24.1 ms avg latency, 75.0 ms max latency.
672 records sent, 134.1 records/sec (13.10 MB/sec), 26.5 ms avg latency, 149.0 ms max latency.
690 records sent, 137.9 records/sec (13.47 MB/sec), 23.5 ms avg latency, 96.0 ms max latency.
692 records sent, 138.2 records/sec (13.49 MB/sec), 23.4 ms avg latency, 143.0 ms max latency.
687 records sent, 137.3 records/sec (13.41 MB/sec), 23.8 ms avg latency, 158.0 ms max latency.
682 records sent, 136.2 records/sec (13.30 MB/sec), 19.6 ms avg latency, 68.0 ms max latency.
726 records sent, 145.1 records/sec (14.17 MB/sec), 19.6 ms avg latency, 141.0 ms max latency.
732 records sent, 146.0 records/sec (14.25 MB/sec), 23.2 ms avg latency, 146.0 ms max latency.
718 records sent, 143.6 records/sec (14.02 MB/sec), 20.2 ms avg latency, 96.0 ms max latency.
735 records sent, 146.4 records/sec (14.29 MB/sec), 52.5 ms avg latency, 321.0 ms max latency.
751 records sent, 149.9 records/sec (14.64 MB/sec), 19.3 ms avg latency, 143.0 ms max latency.
775 records sent, 154.4 records/sec (15.08 MB/sec), 18.4 ms avg latency, 120.0 ms max latency.
809 records sent, 161.3 records/sec (15.76 MB/sec), 15.9 ms avg latency, 58.0 ms max latency.
747 records sent, 148.9 records/sec (14.54 MB/sec), 18.8 ms avg latency, 92.0 ms max latency.
894 records sent, 178.8 records/sec (17.46 MB/sec), 16.0 ms avg latency, 67.0 ms max latency.
893 records sent, 178.4 records/sec (17.42 MB/sec), 14.1 ms avg latency, 49.0 ms max latency.
16667 records sent, 128.299476 records/sec (12.53 MB/sec), 244.94 ms avg latency, 9643.00 ms max latency, 18 ms 50th, 1802 ms 95th, 5314 ms 99th, 6174 ms 99.9th.
----- /var/lib/kafka-client/results/security-overhead-final-factorial-mtls-b3-rf3-isr3-msg102400-tps10000-batch131072-acks1-prod6-complz4-trial2/producer-perf-2.log -----
producer_index=2
producer_count=6
producer_records=16667
producer_throughput=1667
1 records sent, 0.1 records/sec (0.01 MB/sec), 1631.0 ms avg latency, 1631.0 ms max latency.
210 records sent, 42.0 records/sec (4.10 MB/sec), 4136.8 ms avg latency, 8403.0 ms max latency.
334 records sent, 66.2 records/sec (6.47 MB/sec), 3955.7 ms avg latency, 5096.0 ms max latency.
390 records sent, 77.9 records/sec (7.61 MB/sec), 3857.8 ms avg latency, 4548.0 ms max latency.
809 records sent, 161.7 records/sec (15.79 MB/sec), 923.4 ms avg latency, 3074.0 ms max latency.
660 records sent, 131.1 records/sec (12.81 MB/sec), 29.9 ms avg latency, 151.0 ms max latency.
616 records sent, 122.4 records/sec (11.96 MB/sec), 28.5 ms avg latency, 123.0 ms max latency.
685 records sent, 136.7 records/sec (13.35 MB/sec), 29.8 ms avg latency, 165.0 ms max latency.
673 records sent, 134.4 records/sec (13.13 MB/sec), 21.3 ms avg latency, 82.0 ms max latency.
670 records sent, 133.8 records/sec (13.07 MB/sec), 23.1 ms avg latency, 89.0 ms max latency.
693 records sent, 138.4 records/sec (13.52 MB/sec), 20.5 ms avg latency, 92.0 ms max latency.
697 records sent, 139.4 records/sec (13.61 MB/sec), 20.5 ms avg latency, 96.0 ms max latency.
698 records sent, 139.5 records/sec (13.62 MB/sec), 21.9 ms avg latency, 108.0 ms max latency.
691 records sent, 138.1 records/sec (13.48 MB/sec), 21.9 ms avg latency, 127.0 ms max latency.
699 records sent, 138.9 records/sec (13.57 MB/sec), 20.0 ms avg latency, 86.0 ms max latency.
704 records sent, 140.4 records/sec (13.71 MB/sec), 19.4 ms avg latency, 100.0 ms max latency.
739 records sent, 145.8 records/sec (14.23 MB/sec), 20.8 ms avg latency, 103.0 ms max latency.
758 records sent, 151.6 records/sec (14.80 MB/sec), 49.9 ms avg latency, 428.0 ms max latency.
750 records sent, 149.9 records/sec (14.64 MB/sec), 24.6 ms avg latency, 493.0 ms max latency.
711 records sent, 141.7 records/sec (13.84 MB/sec), 18.1 ms avg latency, 112.0 ms max latency.
763 records sent, 152.3 records/sec (14.88 MB/sec), 16.5 ms avg latency, 87.0 ms max latency.
781 records sent, 156.2 records/sec (15.25 MB/sec), 16.2 ms avg latency, 75.0 ms max latency.
799 records sent, 159.7 records/sec (15.60 MB/sec), 15.4 ms avg latency, 67.0 ms max latency.
857 records sent, 169.8 records/sec (16.59 MB/sec), 17.0 ms avg latency, 78.0 ms max latency.
1037 records sent, 207.2 records/sec (20.23 MB/sec), 12.5 ms avg latency, 62.0 ms max latency.
16667 records sent, 128.350853 records/sec (12.53 MB/sec), 286.14 ms avg latency, 8403.00 ms max latency, 17 ms 50th, 3317 ms 95th, 4417 ms 99th, 4965 ms 99.9th.
----- /var/lib/kafka-client/results/security-overhead-final-factorial-mtls-b3-rf3-isr3-msg102400-tps10000-batch131072-acks1-prod6-complz4-trial2/producer-perf-3.log -----
producer_index=3
producer_count=6
producer_records=16667
producer_throughput=1667
1 records sent, 0.1 records/sec (0.01 MB/sec), 2076.0 ms avg latency, 2076.0 ms max latency.
182 records sent, 36.1 records/sec (3.52 MB/sec), 3956.7 ms avg latency, 7960.0 ms max latency.
594 records sent, 118.7 records/sec (11.59 MB/sec), 2723.1 ms avg latency, 5198.0 ms max latency.
688 records sent, 137.5 records/sec (13.43 MB/sec), 462.0 ms avg latency, 1576.0 ms max latency.
626 records sent, 124.8 records/sec (12.19 MB/sec), 37.8 ms avg latency, 158.0 ms max latency.
667 records sent, 133.4 records/sec (13.03 MB/sec), 28.0 ms avg latency, 136.0 ms max latency.
599 records sent, 119.8 records/sec (11.70 MB/sec), 26.5 ms avg latency, 123.0 ms max latency.
675 records sent, 134.8 records/sec (13.17 MB/sec), 26.2 ms avg latency, 101.0 ms max latency.
641 records sent, 128.2 records/sec (12.52 MB/sec), 28.2 ms avg latency, 128.0 ms max latency.
697 records sent, 139.3 records/sec (13.60 MB/sec), 21.5 ms avg latency, 85.0 ms max latency.
694 records sent, 138.5 records/sec (13.52 MB/sec), 21.5 ms avg latency, 91.0 ms max latency.
709 records sent, 141.5 records/sec (13.82 MB/sec), 20.9 ms avg latency, 106.0 ms max latency.
725 records sent, 144.8 records/sec (14.14 MB/sec), 19.0 ms avg latency, 96.0 ms max latency.
696 records sent, 138.8 records/sec (13.56 MB/sec), 20.4 ms avg latency, 84.0 ms max latency.
724 records sent, 144.7 records/sec (14.13 MB/sec), 19.9 ms avg latency, 76.0 ms max latency.
712 records sent, 142.1 records/sec (13.87 MB/sec), 18.4 ms avg latency, 101.0 ms max latency.
703 records sent, 140.5 records/sec (13.72 MB/sec), 21.0 ms avg latency, 101.0 ms max latency.
719 records sent, 143.6 records/sec (14.02 MB/sec), 42.2 ms avg latency, 333.0 ms max latency.
729 records sent, 145.6 records/sec (14.22 MB/sec), 33.3 ms avg latency, 408.0 ms max latency.
697 records sent, 139.1 records/sec (13.59 MB/sec), 20.4 ms avg latency, 96.0 ms max latency.
795 records sent, 158.8 records/sec (15.51 MB/sec), 17.2 ms avg latency, 90.0 ms max latency.
782 records sent, 156.3 records/sec (15.27 MB/sec), 16.8 ms avg latency, 98.0 ms max latency.
819 records sent, 163.3 records/sec (15.95 MB/sec), 17.3 ms avg latency, 77.0 ms max latency.
846 records sent, 169.1 records/sec (16.51 MB/sec), 16.5 ms avg latency, 100.0 ms max latency.
16667 records sent, 129.882173 records/sec (12.68 MB/sec), 180.30 ms avg latency, 7960.00 ms max latency, 18 ms 50th, 1111 ms 95th, 4308 ms 99th, 4911 ms 99.9th.
----- /var/lib/kafka-client/results/security-overhead-final-factorial-mtls-b3-rf3-isr3-msg102400-tps10000-batch131072-acks1-prod6-complz4-trial2/producer-perf-4.log -----
producer_index=4
producer_count=6
producer_records=16667
producer_throughput=1667
1 records sent, 0.1 records/sec (0.01 MB/sec), 7483.0 ms avg latency, 7483.0 ms max latency.
150 records sent, 29.5 records/sec (2.88 MB/sec), 3868.1 ms avg latency, 5104.0 ms max latency.
498 records sent, 99.0 records/sec (9.67 MB/sec), 3483.0 ms avg latency, 5545.0 ms max latency.
681 records sent, 135.7 records/sec (13.25 MB/sec), 700.4 ms avg latency, 1943.0 ms max latency.
567 records sent, 112.3 records/sec (10.96 MB/sec), 42.4 ms avg latency, 152.0 ms max latency.
650 records sent, 130.0 records/sec (12.70 MB/sec), 24.2 ms avg latency, 102.0 ms max latency.
634 records sent, 126.5 records/sec (12.35 MB/sec), 31.0 ms avg latency, 157.0 ms max latency.
683 records sent, 136.3 records/sec (13.31 MB/sec), 25.6 ms avg latency, 116.0 ms max latency.
686 records sent, 137.0 records/sec (13.38 MB/sec), 22.6 ms avg latency, 118.0 ms max latency.
665 records sent, 132.7 records/sec (12.96 MB/sec), 25.6 ms avg latency, 95.0 ms max latency.
685 records sent, 136.2 records/sec (13.30 MB/sec), 25.4 ms avg latency, 120.0 ms max latency.
693 records sent, 138.6 records/sec (13.54 MB/sec), 23.4 ms avg latency, 122.0 ms max latency.
736 records sent, 147.0 records/sec (14.35 MB/sec), 19.0 ms avg latency, 85.0 ms max latency.
706 records sent, 140.6 records/sec (13.73 MB/sec), 18.3 ms avg latency, 87.0 ms max latency.
715 records sent, 142.8 records/sec (13.95 MB/sec), 21.1 ms avg latency, 128.0 ms max latency.
753 records sent, 150.1 records/sec (14.66 MB/sec), 20.7 ms avg latency, 83.0 ms max latency.
718 records sent, 143.4 records/sec (14.01 MB/sec), 19.8 ms avg latency, 98.0 ms max latency.
747 records sent, 149.4 records/sec (14.59 MB/sec), 23.0 ms avg latency, 156.0 ms max latency.
746 records sent, 149.1 records/sec (14.56 MB/sec), 47.8 ms avg latency, 372.0 ms max latency.
716 records sent, 143.1 records/sec (13.97 MB/sec), 16.9 ms avg latency, 75.0 ms max latency.
778 records sent, 155.5 records/sec (15.19 MB/sec), 16.5 ms avg latency, 56.0 ms max latency.
779 records sent, 155.4 records/sec (15.18 MB/sec), 16.3 ms avg latency, 65.0 ms max latency.
821 records sent, 163.9 records/sec (16.01 MB/sec), 15.0 ms avg latency, 82.0 ms max latency.
824 records sent, 164.5 records/sec (16.06 MB/sec), 15.1 ms avg latency, 54.0 ms max latency.
992 records sent, 198.3 records/sec (19.37 MB/sec), 14.0 ms avg latency, 73.0 ms max latency.
16667 records sent, 129.622573 records/sec (12.66 MB/sec), 188.63 ms avg latency, 7483.00 ms max latency, 17 ms 50th, 1119 ms 95th, 4537 ms 99th, 5104 ms 99.9th.
----- /var/lib/kafka-client/results/security-overhead-final-factorial-mtls-b3-rf3-isr3-msg102400-tps10000-batch131072-acks1-prod6-complz4-trial2/producer-perf-5.log -----
producer_index=5
producer_count=6
producer_records=16666
producer_throughput=1666
1 records sent, 0.1 records/sec (0.01 MB/sec), 2302.0 ms avg latency, 2302.0 ms max latency.
156 records sent, 31.1 records/sec (3.04 MB/sec), 4001.2 ms avg latency, 8309.0 ms max latency.
312 records sent, 62.2 records/sec (6.07 MB/sec), 4967.5 ms avg latency, 6473.0 ms max latency.
460 records sent, 91.3 records/sec (8.92 MB/sec), 3402.9 ms avg latency, 4326.0 ms max latency.
732 records sent, 146.0 records/sec (14.26 MB/sec), 652.7 ms avg latency, 2114.0 ms max latency.
623 records sent, 123.3 records/sec (12.05 MB/sec), 32.4 ms avg latency, 116.0 ms max latency.
593 records sent, 118.6 records/sec (11.58 MB/sec), 25.5 ms avg latency, 104.0 ms max latency.
732 records sent, 146.3 records/sec (14.28 MB/sec), 26.3 ms avg latency, 113.0 ms max latency.
667 records sent, 133.1 records/sec (13.00 MB/sec), 23.6 ms avg latency, 116.0 ms max latency.
639 records sent, 127.7 records/sec (12.48 MB/sec), 25.5 ms avg latency, 86.0 ms max latency.
692 records sent, 137.0 records/sec (13.38 MB/sec), 23.8 ms avg latency, 128.0 ms max latency.
714 records sent, 142.7 records/sec (13.93 MB/sec), 24.5 ms avg latency, 121.0 ms max latency.
743 records sent, 148.4 records/sec (14.49 MB/sec), 22.8 ms avg latency, 124.0 ms max latency.
692 records sent, 138.4 records/sec (13.52 MB/sec), 23.6 ms avg latency, 114.0 ms max latency.
743 records sent, 148.1 records/sec (14.46 MB/sec), 18.3 ms avg latency, 86.0 ms max latency.
712 records sent, 141.9 records/sec (13.86 MB/sec), 18.4 ms avg latency, 60.0 ms max latency.
701 records sent, 139.5 records/sec (13.62 MB/sec), 18.7 ms avg latency, 83.0 ms max latency.
736 records sent, 147.0 records/sec (14.35 MB/sec), 47.9 ms avg latency, 412.0 ms max latency.
762 records sent, 152.4 records/sec (14.88 MB/sec), 28.3 ms avg latency, 336.0 ms max latency.
726 records sent, 145.1 records/sec (14.17 MB/sec), 19.4 ms avg latency, 89.0 ms max latency.
745 records sent, 149.0 records/sec (14.55 MB/sec), 16.1 ms avg latency, 86.0 ms max latency.
704 records sent, 140.6 records/sec (13.73 MB/sec), 18.3 ms avg latency, 72.0 ms max latency.
828 records sent, 164.5 records/sec (16.07 MB/sec), 14.6 ms avg latency, 57.0 ms max latency.
868 records sent, 173.0 records/sec (16.90 MB/sec), 15.4 ms avg latency, 67.0 ms max latency.
937 records sent, 187.1 records/sec (18.27 MB/sec), 13.8 ms avg latency, 73.0 ms max latency.
16666 records sent, 128.009954 records/sec (12.50 MB/sec), 273.15 ms avg latency, 8309.00 ms max latency, 18 ms 50th, 2778 ms 95th, 5013 ms 99th, 6058 ms 99.9th.
----- /var/lib/kafka-client/results/security-overhead-final-factorial-mtls-b3-rf3-isr3-msg102400-tps10000-batch131072-acks1-prod6-complz4-trial2/producer-perf-6.log -----
producer_index=6
producer_count=6
producer_records=16666
producer_throughput=1666
1 records sent, 0.1 records/sec (0.01 MB/sec), 7589.0 ms avg latency, 7589.0 ms max latency.
152 records sent, 30.1 records/sec (2.94 MB/sec), 4098.4 ms avg latency, 5237.0 ms max latency.
366 records sent, 73.2 records/sec (7.14 MB/sec), 3855.9 ms avg latency, 4963.0 ms max latency.
466 records sent, 93.1 records/sec (9.09 MB/sec), 3404.5 ms avg latency, 4515.0 ms max latency.
739 records sent, 147.6 records/sec (14.41 MB/sec), 547.8 ms avg latency, 1873.0 ms max latency.
584 records sent, 116.5 records/sec (11.38 MB/sec), 36.9 ms avg latency, 151.0 ms max latency.
628 records sent, 125.3 records/sec (12.24 MB/sec), 31.2 ms avg latency, 172.0 ms max latency.
643 records sent, 128.4 records/sec (12.54 MB/sec), 33.9 ms avg latency, 285.0 ms max latency.
679 records sent, 135.3 records/sec (13.22 MB/sec), 24.4 ms avg latency, 114.0 ms max latency.
691 records sent, 138.2 records/sec (13.50 MB/sec), 23.7 ms avg latency, 80.0 ms max latency.
681 records sent, 136.2 records/sec (13.30 MB/sec), 24.2 ms avg latency, 92.0 ms max latency.
685 records sent, 136.4 records/sec (13.32 MB/sec), 24.1 ms avg latency, 126.0 ms max latency.
708 records sent, 141.5 records/sec (13.81 MB/sec), 20.3 ms avg latency, 100.0 ms max latency.
683 records sent, 136.4 records/sec (13.32 MB/sec), 21.4 ms avg latency, 104.0 ms max latency.
689 records sent, 137.8 records/sec (13.46 MB/sec), 21.8 ms avg latency, 86.0 ms max latency.
742 records sent, 148.0 records/sec (14.45 MB/sec), 24.5 ms avg latency, 110.0 ms max latency.
685 records sent, 136.5 records/sec (13.33 MB/sec), 20.4 ms avg latency, 93.0 ms max latency.
704 records sent, 140.4 records/sec (13.71 MB/sec), 29.8 ms avg latency, 210.0 ms max latency.
763 records sent, 151.9 records/sec (14.83 MB/sec), 47.1 ms avg latency, 417.0 ms max latency.
699 records sent, 139.5 records/sec (13.63 MB/sec), 18.4 ms avg latency, 75.0 ms max latency.
745 records sent, 148.8 records/sec (14.53 MB/sec), 15.9 ms avg latency, 75.0 ms max latency.
726 records sent, 145.1 records/sec (14.17 MB/sec), 17.3 ms avg latency, 79.0 ms max latency.
830 records sent, 165.7 records/sec (16.19 MB/sec), 14.8 ms avg latency, 65.0 ms max latency.
770 records sent, 153.9 records/sec (15.03 MB/sec), 16.0 ms avg latency, 99.0 ms max latency.
931 records sent, 185.6 records/sec (18.13 MB/sec), 13.2 ms avg latency, 52.0 ms max latency.
16666 records sent, 127.626662 records/sec (12.46 MB/sec), 262.58 ms avg latency, 7589.00 ms max latency, 18 ms 50th, 2922 ms 95th, 4396 ms 99th, 4910 ms 99.9th.
