run_id=security-overhead-final-factorial-tls-b5-rf5-isr3-msg1024-tps10000-batch16384-acks1-prod6-compnone-trial2
producer_count=6
----- /var/lib/kafka-client/results/security-overhead-final-factorial-tls-b5-rf5-isr3-msg1024-tps10000-batch16384-acks1-prod6-compnone-trial2/producer-perf-1.log -----
producer_index=1
producer_count=6
producer_records=16667
producer_throughput=1667
1 records sent, 0.1 records/sec (0.00 MB/sec), 7543.0 ms avg latency, 7543.0 ms max latency.
5700 records sent, 1128.3 records/sec (1.10 MB/sec), 3955.3 ms avg latency, 5195.0 ms max latency.
16667 records sent, 1064.303959 records/sec (1.04 MB/sec), 5348.12 ms avg latency, 7543.00 ms max latency, 5866 ms 50th, 6466 ms 95th, 6553 ms 99th, 6599 ms 99.9th.
----- /var/lib/kafka-client/results/security-overhead-final-factorial-tls-b5-rf5-isr3-msg1024-tps10000-batch16384-acks1-prod6-compnone-trial2/producer-perf-2.log -----
producer_index=2
producer_count=6
producer_records=16667
producer_throughput=1667
1 records sent, 0.1 records/sec (0.00 MB/sec), 1939.0 ms avg latency, 1939.0 ms max latency.
5340 records sent, 1065.4 records/sec (1.04 MB/sec), 3990.0 ms avg latency, 7509.0 ms max latency.
16667 records sent, 982.434424 records/sec (0.96 MB/sec), 6204.42 ms avg latency, 8467.00 ms max latency, 6542 ms 50th, 8314 ms 95th, 8417 ms 99th, 8463 ms 99.9th.
----- /var/lib/kafka-client/results/security-overhead-final-factorial-tls-b5-rf5-isr3-msg1024-tps10000-batch16384-acks1-prod6-compnone-trial2/producer-perf-3.log -----
producer_index=3
producer_count=6
producer_records=16667
producer_throughput=1667
1 records sent, 0.1 records/sec (0.00 MB/sec), 8003.0 ms avg latency, 8003.0 ms max latency.
7935 records sent, 1579.1 records/sec (1.54 MB/sec), 4055.5 ms avg latency, 5429.0 ms max latency.
16667 records sent, 1069.014175 records/sec (1.04 MB/sec), 4925.92 ms avg latency, 8003.00 ms max latency, 5336 ms 50th, 6118 ms 95th, 6212 ms 99th, 6258 ms 99.9th.
----- /var/lib/kafka-client/results/security-overhead-final-factorial-tls-b5-rf5-isr3-msg1024-tps10000-batch16384-acks1-prod6-compnone-trial2/producer-perf-4.log -----
producer_index=4
producer_count=6
producer_records=16667
producer_throughput=1667
1 records sent, 0.1 records/sec (0.00 MB/sec), 7636.0 ms avg latency, 7636.0 ms max latency.
5340 records sent, 1058.9 records/sec (1.03 MB/sec), 4066.6 ms avg latency, 5377.0 ms max latency.
16667 records sent, 1053.473232 records/sec (1.03 MB/sec), 5411.90 ms avg latency, 7636.00 ms max latency, 5725 ms 50th, 6524 ms 95th, 6644 ms 99th, 6708 ms 99.9th.
----- /var/lib/kafka-client/results/security-overhead-final-factorial-tls-b5-rf5-isr3-msg1024-tps10000-batch16384-acks1-prod6-compnone-trial2/producer-perf-5.log -----
producer_index=5
producer_count=6
producer_records=16666
producer_throughput=1666
1 records sent, 0.1 records/sec (0.00 MB/sec), 7846.0 ms avg latency, 7846.0 ms max latency.
5805 records sent, 1157.5 records/sec (1.13 MB/sec), 4043.6 ms avg latency, 5193.0 ms max latency.
16666 records sent, 1039.610754 records/sec (1.02 MB/sec), 5220.58 ms avg latency, 7846.00 ms max latency, 5573 ms 50th, 6254 ms 95th, 6339 ms 99th, 6417 ms 99.9th.
----- /var/lib/kafka-client/results/security-overhead-final-factorial-tls-b5-rf5-isr3-msg1024-tps10000-batch16384-acks1-prod6-compnone-trial2/producer-perf-6.log -----
producer_index=6
producer_count=6
producer_records=16666
producer_throughput=1666
1 records sent, 0.1 records/sec (0.00 MB/sec), 7834.0 ms avg latency, 7834.0 ms max latency.
6915 records sent, 1375.3 records/sec (1.34 MB/sec), 3937.7 ms avg latency, 5405.0 ms max latency.
16666 records sent, 1071.561757 records/sec (1.05 MB/sec), 5030.52 ms avg latency, 7834.00 ms max latency, 5418 ms 50th, 6167 ms 95th, 6262 ms 99th, 6378 ms 99.9th.
