run_id=security-overhead-final-factorial-plaintext-b5-rf3-isr3-msg10240-tps10000-batch131072-acks1-prod12-compnone-trial2
producer_count=12
----- /var/lib/kafka-client/results/security-overhead-final-factorial-plaintext-b5-rf3-isr3-msg10240-tps10000-batch131072-acks1-prod12-compnone-trial2/producer-perf-1.log -----
producer_index=1
producer_count=12
producer_records=8334
producer_throughput=834
1 records sent, 0.1 records/sec (0.00 MB/sec), 8383.0 ms avg latency, 8383.0 ms max latency.
2268 records sent, 445.9 records/sec (4.35 MB/sec), 1070.3 ms avg latency, 1608.0 ms max latency.
3104 records sent, 618.6 records/sec (6.04 MB/sec), 455.7 ms avg latency, 1655.0 ms max latency.
2791 records sent, 557.9 records/sec (5.45 MB/sec), 124.9 ms avg latency, 362.0 ms max latency.
8334 records sent, 341.137945 records/sec (3.33 MB/sec), 505.81 ms avg latency, 8383.00 ms max latency, 244 ms 50th, 1338 ms 95th, 1535 ms 99th, 1612 ms 99.9th.
----- /var/lib/kafka-client/results/security-overhead-final-factorial-plaintext-b5-rf3-isr3-msg10240-tps10000-batch131072-acks1-prod12-compnone-trial2/producer-perf-2.log -----
producer_index=2
producer_count=12
producer_records=8334
producer_throughput=834
1 records sent, 0.1 records/sec (0.00 MB/sec), 8639.0 ms avg latency, 8639.0 ms max latency.
1961 records sent, 386.1 records/sec (3.77 MB/sec), 564.8 ms avg latency, 1259.0 ms max latency.
2916 records sent, 578.1 records/sec (5.65 MB/sec), 238.4 ms avg latency, 793.0 ms max latency.
3028 records sent, 603.2 records/sec (5.89 MB/sec), 129.0 ms avg latency, 495.0 ms max latency.
8334 records sent, 335.304768 records/sec (3.27 MB/sec), 267.31 ms avg latency, 8639.00 ms max latency, 171 ms 50th, 727 ms 95th, 1008 ms 99th, 1259 ms 99.9th.
----- /var/lib/kafka-client/results/security-overhead-final-factorial-plaintext-b5-rf3-isr3-msg10240-tps10000-batch131072-acks1-prod12-compnone-trial2/producer-perf-3.log -----
producer_index=3
producer_count=12
producer_records=8334
producer_throughput=834
1 records sent, 0.1 records/sec (0.00 MB/sec), 8043.0 ms avg latency, 8043.0 ms max latency.
2055 records sent, 407.1 records/sec (3.98 MB/sec), 508.5 ms avg latency, 1458.0 ms max latency.
2752 records sent, 546.0 records/sec (5.33 MB/sec), 192.4 ms avg latency, 535.0 ms max latency.
2892 records sent, 578.1 records/sec (5.65 MB/sec), 111.3 ms avg latency, 361.0 ms max latency.
8334 records sent, 338.863137 records/sec (3.31 MB/sec), 235.09 ms avg latency, 8043.00 ms max latency, 162 ms 50th, 681 ms 95th, 1058 ms 99th, 1427 ms 99.9th.
----- /var/lib/kafka-client/results/security-overhead-final-factorial-plaintext-b5-rf3-isr3-msg10240-tps10000-batch131072-acks1-prod12-compnone-trial2/producer-perf-4.log -----
producer_index=4
producer_count=12
producer_records=8334
producer_throughput=834
1 records sent, 0.1 records/sec (0.00 MB/sec), 8237.0 ms avg latency, 8237.0 ms max latency.
2040 records sent, 405.9 records/sec (3.96 MB/sec), 372.3 ms avg latency, 992.0 ms max latency.
2811 records sent, 558.8 records/sec (5.46 MB/sec), 167.5 ms avg latency, 385.0 ms max latency.
2895 records sent, 575.0 records/sec (5.61 MB/sec), 145.3 ms avg latency, 481.0 ms max latency.
8334 records sent, 340.427270 records/sec (3.32 MB/sec), 202.71 ms avg latency, 8237.00 ms max latency, 171 ms 50th, 497 ms 95th, 742 ms 99th, 985 ms 99.9th.
----- /var/lib/kafka-client/results/security-overhead-final-factorial-plaintext-b5-rf3-isr3-msg10240-tps10000-batch131072-acks1-prod12-compnone-trial2/producer-perf-5.log -----
producer_index=5
producer_count=12
producer_records=8333
producer_throughput=833
1 records sent, 0.1 records/sec (0.00 MB/sec), 7929.0 ms avg latency, 7929.0 ms max latency.
1948 records sent, 385.7 records/sec (3.77 MB/sec), 272.2 ms avg latency, 797.0 ms max latency.
2547 records sent, 507.3 records/sec (4.95 MB/sec), 141.3 ms avg latency, 312.0 ms max latency.
2658 records sent, 523.6 records/sec (5.11 MB/sec), 125.2 ms avg latency, 322.0 ms max latency.
8333 records sent, 334.631756 records/sec (3.27 MB/sec), 154.84 ms avg latency, 7929.00 ms max latency, 132 ms 50th, 375 ms 95th, 578 ms 99th, 722 ms 99.9th.
----- /var/lib/kafka-client/results/security-overhead-final-factorial-plaintext-b5-rf3-isr3-msg10240-tps10000-batch131072-acks1-prod12-compnone-trial2/producer-perf-6.log -----
producer_index=6
producer_count=12
producer_records=8333
producer_throughput=833
1 records sent, 0.1 records/sec (0.00 MB/sec), 9763.0 ms avg latency, 9763.0 ms max latency.
1985 records sent, 395.3 records/sec (3.86 MB/sec), 574.1 ms avg latency, 1287.0 ms max latency.
2877 records sent, 554.7 records/sec (5.42 MB/sec), 233.6 ms avg latency, 747.0 ms max latency.
8333 records sent, 346.962568 records/sec (3.39 MB/sec), 247.24 ms avg latency, 9763.00 ms max latency, 154 ms 50th, 732 ms 95th, 1006 ms 99th, 1276 ms 99.9th.
----- /var/lib/kafka-client/results/security-overhead-final-factorial-plaintext-b5-rf3-isr3-msg10240-tps10000-batch131072-acks1-prod12-compnone-trial2/producer-perf-7.log -----
producer_index=7
producer_count=12
producer_records=8333
producer_throughput=833
1 records sent, 0.1 records/sec (0.00 MB/sec), 7598.0 ms avg latency, 7598.0 ms max latency.
2109 records sent, 416.6 records/sec (4.07 MB/sec), 475.8 ms avg latency, 1027.0 ms max latency.
3559 records sent, 708.1 records/sec (6.92 MB/sec), 246.0 ms avg latency, 884.0 ms max latency.
8333 records sent, 365.434373 records/sec (3.57 MB/sec), 280.27 ms avg latency, 7598.00 ms max latency, 234 ms 50th, 681 ms 95th, 849 ms 99th, 989 ms 99.9th.
----- /var/lib/kafka-client/results/security-overhead-final-factorial-plaintext-b5-rf3-isr3-msg10240-tps10000-batch131072-acks1-prod12-compnone-trial2/producer-perf-8.log -----
producer_index=8
producer_count=12
producer_records=8333
producer_throughput=833
1 records sent, 0.1 records/sec (0.00 MB/sec), 8199.0 ms avg latency, 8199.0 ms max latency.
2203 records sent, 437.1 records/sec (4.27 MB/sec), 730.4 ms avg latency, 1580.0 ms max latency.
3055 records sent, 605.4 records/sec (5.91 MB/sec), 192.0 ms avg latency, 610.0 ms max latency.
3002 records sent, 600.4 records/sec (5.86 MB/sec), 148.3 ms avg latency, 403.0 ms max latency.
8333 records sent, 344.809037 records/sec (3.37 MB/sec), 318.64 ms avg latency, 8199.00 ms max latency, 200 ms 50th, 985 ms 95th, 1265 ms 99th, 1552 ms 99.9th.
----- /var/lib/kafka-client/results/security-overhead-final-factorial-plaintext-b5-rf3-isr3-msg10240-tps10000-batch131072-acks1-prod12-compnone-trial2/producer-perf-9.log -----
producer_index=9
producer_count=12
producer_records=8333
producer_throughput=833
1 records sent, 0.1 records/sec (0.00 MB/sec), 8080.0 ms avg latency, 8080.0 ms max latency.
2156 records sent, 428.5 records/sec (4.18 MB/sec), 755.7 ms avg latency, 1611.0 ms max latency.
3038 records sent, 602.4 records/sec (5.88 MB/sec), 298.9 ms avg latency, 1137.0 ms max latency.
8333 records sent, 346.933678 records/sec (3.39 MB/sec), 366.20 ms avg latency, 8080.00 ms max latency, 250 ms 50th, 978 ms 95th, 1329 ms 99th, 1582 ms 99.9th.
----- /var/lib/kafka-client/results/security-overhead-final-factorial-plaintext-b5-rf3-isr3-msg10240-tps10000-batch131072-acks1-prod12-compnone-trial2/producer-perf-10.log -----
producer_index=10
producer_count=12
producer_records=8333
producer_throughput=833
1 records sent, 0.1 records/sec (0.00 MB/sec), 8346.0 ms avg latency, 8346.0 ms max latency.
2145 records sent, 426.0 records/sec (4.16 MB/sec), 486.7 ms avg latency, 1329.0 ms max latency.
3018 records sent, 599.8 records/sec (5.86 MB/sec), 184.1 ms avg latency, 540.0 ms max latency.
8333 records sent, 351.662728 records/sec (3.43 MB/sec), 232.34 ms avg latency, 8346.00 ms max latency, 160 ms 50th, 727 ms 95th, 1068 ms 99th, 1282 ms 99.9th.
----- /var/lib/kafka-client/results/security-overhead-final-factorial-plaintext-b5-rf3-isr3-msg10240-tps10000-batch131072-acks1-prod12-compnone-trial2/producer-perf-11.log -----
producer_index=11
producer_count=12
producer_records=8333
producer_throughput=833
1 records sent, 0.1 records/sec (0.00 MB/sec), 8199.0 ms avg latency, 8199.0 ms max latency.
2133 records sent, 425.1 records/sec (4.15 MB/sec), 353.0 ms avg latency, 804.0 ms max latency.
3116 records sent, 618.9 records/sec (6.04 MB/sec), 158.6 ms avg latency, 380.0 ms max latency.
2615 records sent, 520.4 records/sec (5.08 MB/sec), 98.1 ms avg latency, 318.0 ms max latency.
8333 records sent, 338.286039 records/sec (3.30 MB/sec), 185.63 ms avg latency, 8199.00 ms max latency, 141 ms 50th, 454 ms 95th, 625 ms 99th, 740 ms 99.9th.
----- /var/lib/kafka-client/results/security-overhead-final-factorial-plaintext-b5-rf3-isr3-msg10240-tps10000-batch131072-acks1-prod12-compnone-trial2/producer-perf-12.log -----
producer_index=12
producer_count=12
producer_records=8333
producer_throughput=833
1 records sent, 0.1 records/sec (0.00 MB/sec), 8055.0 ms avg latency, 8055.0 ms max latency.
2140 records sent, 423.5 records/sec (4.14 MB/sec), 547.3 ms avg latency, 1501.0 ms max latency.
2884 records sent, 575.5 records/sec (5.62 MB/sec), 167.1 ms avg latency, 429.0 ms max latency.
8333 records sent, 351.055314 records/sec (3.43 MB/sec), 276.44 ms avg latency, 8055.00 ms max latency, 201 ms 50th, 759 ms 95th, 1099 ms 99th, 1483 ms 99.9th.
