run_id=security-overhead-final-factorial-mtls-b5-rf3-isr3-msg102400-tps1000-batch131072-acks1-prod12-compnone-trial3
producer_count=12
----- /var/lib/kafka-client/results/security-overhead-final-factorial-mtls-b5-rf3-isr3-msg102400-tps1000-batch131072-acks1-prod12-compnone-trial3/producer-perf-1.log -----
producer_index=1
producer_count=12
producer_records=8334
producer_throughput=84
1 records sent, 0.1 records/sec (0.01 MB/sec), 17945.0 ms avg latency, 17945.0 ms max latency.
80 records sent, 15.3 records/sec (1.50 MB/sec), 7829.0 ms avg latency, 9067.0 ms max latency.
126 records sent, 24.4 records/sec (2.39 MB/sec), 10304.7 ms avg latency, 12310.0 ms max latency.
192 records sent, 38.0 records/sec (3.71 MB/sec), 10018.6 ms avg latency, 14347.0 ms max latency.
359 records sent, 71.2 records/sec (6.95 MB/sec), 4697.5 ms avg latency, 7825.0 ms max latency.
454 records sent, 90.2 records/sec (8.80 MB/sec), 2874.2 ms avg latency, 3556.0 ms max latency.
498 records sent, 99.3 records/sec (9.69 MB/sec), 1735.4 ms avg latency, 2675.0 ms max latency.
428 records sent, 85.6 records/sec (8.36 MB/sec), 227.7 ms avg latency, 1225.0 ms max latency.
360 records sent, 71.6 records/sec (6.99 MB/sec), 46.3 ms avg latency, 163.0 ms max latency.
381 records sent, 75.8 records/sec (7.40 MB/sec), 67.1 ms avg latency, 235.0 ms max latency.
391 records sent, 77.5 records/sec (7.57 MB/sec), 37.5 ms avg latency, 118.0 ms max latency.
408 records sent, 81.2 records/sec (7.93 MB/sec), 43.5 ms avg latency, 144.0 ms max latency.
412 records sent, 82.2 records/sec (8.03 MB/sec), 37.3 ms avg latency, 118.0 ms max latency.
410 records sent, 81.8 records/sec (7.98 MB/sec), 38.4 ms avg latency, 134.0 ms max latency.
413 records sent, 82.5 records/sec (8.05 MB/sec), 35.5 ms avg latency, 112.0 ms max latency.
401 records sent, 79.7 records/sec (7.79 MB/sec), 29.1 ms avg latency, 90.0 ms max latency.
413 records sent, 82.4 records/sec (8.05 MB/sec), 39.2 ms avg latency, 238.0 ms max latency.
417 records sent, 83.4 records/sec (8.14 MB/sec), 33.9 ms avg latency, 277.0 ms max latency.
412 records sent, 82.1 records/sec (8.02 MB/sec), 30.4 ms avg latency, 140.0 ms max latency.
439 records sent, 87.8 records/sec (8.57 MB/sec), 37.8 ms avg latency, 283.0 ms max latency.
405 records sent, 80.9 records/sec (7.90 MB/sec), 29.0 ms avg latency, 109.0 ms max latency.
439 records sent, 87.2 records/sec (8.52 MB/sec), 31.0 ms avg latency, 136.0 ms max latency.
424 records sent, 84.7 records/sec (8.27 MB/sec), 22.9 ms avg latency, 82.0 ms max latency.
8334 records sent, 64.043157 records/sec (6.25 MB/sec), 965.58 ms avg latency, 17945.00 ms max latency, 40 ms 50th, 6715 ms 95th, 10965 ms 99th, 13687 ms 99.9th.
----- /var/lib/kafka-client/results/security-overhead-final-factorial-mtls-b5-rf3-isr3-msg102400-tps1000-batch131072-acks1-prod12-compnone-trial3/producer-perf-2.log -----
producer_index=2
producer_count=12
producer_records=8334
producer_throughput=84
1 records sent, 0.1 records/sec (0.01 MB/sec), 16808.0 ms avg latency, 16808.0 ms max latency.
69 records sent, 13.2 records/sec (1.29 MB/sec), 7650.3 ms avg latency, 9522.0 ms max latency.
204 records sent, 39.7 records/sec (3.88 MB/sec), 10041.8 ms avg latency, 11720.0 ms max latency.
372 records sent, 74.2 records/sec (7.24 MB/sec), 4360.6 ms avg latency, 11211.0 ms max latency.
453 records sent, 90.4 records/sec (8.82 MB/sec), 3005.9 ms avg latency, 3790.0 ms max latency.
492 records sent, 97.7 records/sec (9.54 MB/sec), 2038.3 ms avg latency, 2851.0 ms max latency.
488 records sent, 97.2 records/sec (9.50 MB/sec), 527.8 ms avg latency, 1636.0 ms max latency.
368 records sent, 73.3 records/sec (7.16 MB/sec), 45.0 ms avg latency, 181.0 ms max latency.
365 records sent, 73.0 records/sec (7.13 MB/sec), 33.4 ms avg latency, 120.0 ms max latency.
378 records sent, 75.4 records/sec (7.36 MB/sec), 42.4 ms avg latency, 148.0 ms max latency.
374 records sent, 74.7 records/sec (7.29 MB/sec), 47.8 ms avg latency, 132.0 ms max latency.
385 records sent, 77.0 records/sec (7.52 MB/sec), 45.2 ms avg latency, 220.0 ms max latency.
394 records sent, 77.9 records/sec (7.61 MB/sec), 39.4 ms avg latency, 155.0 ms max latency.
385 records sent, 76.9 records/sec (7.51 MB/sec), 37.9 ms avg latency, 148.0 ms max latency.
402 records sent, 79.9 records/sec (7.80 MB/sec), 34.6 ms avg latency, 112.0 ms max latency.
408 records sent, 81.5 records/sec (7.96 MB/sec), 39.6 ms avg latency, 138.0 ms max latency.
407 records sent, 80.7 records/sec (7.88 MB/sec), 38.2 ms avg latency, 154.0 ms max latency.
410 records sent, 81.9 records/sec (8.00 MB/sec), 38.3 ms avg latency, 188.0 ms max latency.
432 records sent, 86.0 records/sec (8.40 MB/sec), 41.7 ms avg latency, 170.0 ms max latency.
418 records sent, 83.6 records/sec (8.16 MB/sec), 27.5 ms avg latency, 94.0 ms max latency.
415 records sent, 82.1 records/sec (8.02 MB/sec), 27.0 ms avg latency, 99.0 ms max latency.
412 records sent, 82.0 records/sec (8.01 MB/sec), 28.4 ms avg latency, 145.0 ms max latency.
8334 records sent, 65.500845 records/sec (6.40 MB/sec), 848.39 ms avg latency, 16808.00 ms max latency, 41 ms 50th, 4033 ms 95th, 10310 ms 99th, 11426 ms 99.9th.
----- /var/lib/kafka-client/results/security-overhead-final-factorial-mtls-b5-rf3-isr3-msg102400-tps1000-batch131072-acks1-prod12-compnone-trial3/producer-perf-3.log -----
producer_index=3
producer_count=12
producer_records=8334
producer_throughput=84
1 records sent, 0.1 records/sec (0.01 MB/sec), 17646.0 ms avg latency, 17646.0 ms max latency.
77 records sent, 15.4 records/sec (1.50 MB/sec), 6813.3 ms avg latency, 8126.0 ms max latency.
120 records sent, 24.0 records/sec (2.34 MB/sec), 8480.1 ms avg latency, 10405.0 ms max latency.
168 records sent, 32.6 records/sec (3.18 MB/sec), 9870.1 ms avg latency, 12290.0 ms max latency.
156 records sent, 31.1 records/sec (3.04 MB/sec), 8153.8 ms avg latency, 9673.0 ms max latency.
167 records sent, 32.3 records/sec (3.15 MB/sec), 8143.3 ms avg latency, 8909.0 ms max latency.
222 records sent, 44.2 records/sec (4.32 MB/sec), 7387.9 ms avg latency, 8364.0 ms max latency.
458 records sent, 90.9 records/sec (8.87 MB/sec), 3330.7 ms avg latency, 6465.0 ms max latency.
516 records sent, 102.3 records/sec (9.99 MB/sec), 1068.8 ms avg latency, 2365.0 ms max latency.
371 records sent, 74.0 records/sec (7.22 MB/sec), 44.7 ms avg latency, 156.0 ms max latency.
376 records sent, 75.0 records/sec (7.32 MB/sec), 48.2 ms avg latency, 188.0 ms max latency.
387 records sent, 77.4 records/sec (7.56 MB/sec), 54.7 ms avg latency, 142.0 ms max latency.
391 records sent, 78.1 records/sec (7.62 MB/sec), 51.8 ms avg latency, 186.0 ms max latency.
410 records sent, 81.6 records/sec (7.97 MB/sec), 49.5 ms avg latency, 201.0 ms max latency.
426 records sent, 85.1 records/sec (8.31 MB/sec), 38.2 ms avg latency, 131.0 ms max latency.
402 records sent, 80.0 records/sec (7.82 MB/sec), 36.4 ms avg latency, 171.0 ms max latency.
423 records sent, 84.3 records/sec (8.23 MB/sec), 42.5 ms avg latency, 300.0 ms max latency.
409 records sent, 81.5 records/sec (7.95 MB/sec), 34.4 ms avg latency, 257.0 ms max latency.
414 records sent, 82.2 records/sec (8.02 MB/sec), 29.2 ms avg latency, 97.0 ms max latency.
440 records sent, 87.6 records/sec (8.56 MB/sec), 30.4 ms avg latency, 175.0 ms max latency.
433 records sent, 86.2 records/sec (8.42 MB/sec), 31.9 ms avg latency, 183.0 ms max latency.
412 records sent, 82.2 records/sec (8.03 MB/sec), 27.9 ms avg latency, 144.0 ms max latency.
447 records sent, 89.2 records/sec (8.71 MB/sec), 28.1 ms avg latency, 147.0 ms max latency.
8334 records sent, 62.800949 records/sec (6.13 MB/sec), 1175.81 ms avg latency, 17646.00 ms max latency, 40 ms 50th, 8122 ms 95th, 9945 ms 99th, 11332 ms 99.9th.
----- /var/lib/kafka-client/results/security-overhead-final-factorial-mtls-b5-rf3-isr3-msg102400-tps1000-batch131072-acks1-prod12-compnone-trial3/producer-perf-4.log -----
producer_index=4
producer_count=12
producer_records=8334
producer_throughput=84
1 records sent, 0.1 records/sec (0.01 MB/sec), 18214.0 ms avg latency, 18214.0 ms max latency.
87 records sent, 17.3 records/sec (1.69 MB/sec), 8103.9 ms avg latency, 9975.0 ms max latency.
138 records sent, 27.1 records/sec (2.64 MB/sec), 11024.8 ms avg latency, 13186.0 ms max latency.
174 records sent, 34.1 records/sec (3.33 MB/sec), 9469.3 ms avg latency, 12460.0 ms max latency.
156 records sent, 31.1 records/sec (3.04 MB/sec), 7601.8 ms avg latency, 8736.0 ms max latency.
204 records sent, 40.2 records/sec (3.93 MB/sec), 7747.9 ms avg latency, 8911.0 ms max latency.
471 records sent, 93.4 records/sec (9.12 MB/sec), 3557.4 ms avg latency, 7406.0 ms max latency.
534 records sent, 106.1 records/sec (10.37 MB/sec), 1137.8 ms avg latency, 2461.0 ms max latency.
371 records sent, 74.0 records/sec (7.22 MB/sec), 54.1 ms avg latency, 162.0 ms max latency.
392 records sent, 78.2 records/sec (7.64 MB/sec), 61.4 ms avg latency, 281.0 ms max latency.
376 records sent, 74.7 records/sec (7.29 MB/sec), 42.4 ms avg latency, 138.0 ms max latency.
404 records sent, 80.6 records/sec (7.87 MB/sec), 42.2 ms avg latency, 129.0 ms max latency.
403 records sent, 78.8 records/sec (7.70 MB/sec), 38.4 ms avg latency, 135.0 ms max latency.
411 records sent, 82.2 records/sec (8.03 MB/sec), 45.2 ms avg latency, 185.0 ms max latency.
405 records sent, 80.6 records/sec (7.87 MB/sec), 39.3 ms avg latency, 121.0 ms max latency.
404 records sent, 80.7 records/sec (7.88 MB/sec), 36.5 ms avg latency, 136.0 ms max latency.
408 records sent, 81.5 records/sec (7.95 MB/sec), 45.8 ms avg latency, 366.0 ms max latency.
430 records sent, 85.5 records/sec (8.35 MB/sec), 35.4 ms avg latency, 223.0 ms max latency.
422 records sent, 84.3 records/sec (8.23 MB/sec), 31.3 ms avg latency, 106.0 ms max latency.
421 records sent, 84.0 records/sec (8.21 MB/sec), 38.6 ms avg latency, 143.0 ms max latency.
436 records sent, 86.9 records/sec (8.49 MB/sec), 38.3 ms avg latency, 208.0 ms max latency.
433 records sent, 86.4 records/sec (8.44 MB/sec), 33.2 ms avg latency, 105.0 ms max latency.
462 records sent, 92.1 records/sec (9.00 MB/sec), 29.1 ms avg latency, 111.0 ms max latency.
8334 records sent, 63.027498 records/sec (6.16 MB/sec), 1103.71 ms avg latency, 18214.00 ms max latency, 41 ms 50th, 8010 ms 95th, 11433 ms 99th, 12475 ms 99.9th.
----- /var/lib/kafka-client/results/security-overhead-final-factorial-mtls-b5-rf3-isr3-msg102400-tps1000-batch131072-acks1-prod12-compnone-trial3/producer-perf-5.log -----
producer_index=5
producer_count=12
producer_records=8333
producer_throughput=83
1 records sent, 0.1 records/sec (0.01 MB/sec), 6234.0 ms avg latency, 6234.0 ms max latency.
75 records sent, 14.6 records/sec (1.42 MB/sec), 7804.3 ms avg latency, 17415.0 ms max latency.
132 records sent, 26.4 records/sec (2.58 MB/sec), 10654.7 ms avg latency, 12113.0 ms max latency.
246 records sent, 48.9 records/sec (4.78 MB/sec), 8434.9 ms avg latency, 12587.0 ms max latency.
348 records sent, 69.5 records/sec (6.78 MB/sec), 4085.4 ms avg latency, 5616.0 ms max latency.
460 records sent, 91.4 records/sec (8.92 MB/sec), 2863.1 ms avg latency, 3727.0 ms max latency.
546 records sent, 109.0 records/sec (10.65 MB/sec), 1522.2 ms avg latency, 2645.0 ms max latency.
399 records sent, 79.5 records/sec (7.76 MB/sec), 102.8 ms avg latency, 562.0 ms max latency.
379 records sent, 75.3 records/sec (7.36 MB/sec), 47.4 ms avg latency, 178.0 ms max latency.
380 records sent, 75.3 records/sec (7.35 MB/sec), 51.1 ms avg latency, 197.0 ms max latency.
374 records sent, 74.6 records/sec (7.29 MB/sec), 49.4 ms avg latency, 272.0 ms max latency.
390 records sent, 77.2 records/sec (7.54 MB/sec), 49.5 ms avg latency, 189.0 ms max latency.
403 records sent, 80.3 records/sec (7.84 MB/sec), 35.8 ms avg latency, 144.0 ms max latency.
386 records sent, 77.1 records/sec (7.53 MB/sec), 37.5 ms avg latency, 118.0 ms max latency.
407 records sent, 81.2 records/sec (7.93 MB/sec), 42.5 ms avg latency, 164.0 ms max latency.
428 records sent, 85.5 records/sec (8.35 MB/sec), 27.9 ms avg latency, 110.0 ms max latency.
410 records sent, 81.9 records/sec (8.00 MB/sec), 37.8 ms avg latency, 212.0 ms max latency.
416 records sent, 83.0 records/sec (8.10 MB/sec), 42.8 ms avg latency, 199.0 ms max latency.
416 records sent, 82.8 records/sec (8.08 MB/sec), 26.0 ms avg latency, 72.0 ms max latency.
419 records sent, 83.3 records/sec (8.13 MB/sec), 28.5 ms avg latency, 103.0 ms max latency.
416 records sent, 83.1 records/sec (8.11 MB/sec), 29.2 ms avg latency, 137.0 ms max latency.
428 records sent, 85.5 records/sec (8.35 MB/sec), 24.4 ms avg latency, 111.0 ms max latency.
452 records sent, 90.3 records/sec (8.82 MB/sec), 23.3 ms avg latency, 86.0 ms max latency.
8333 records sent, 64.548863 records/sec (6.30 MB/sec), 948.87 ms avg latency, 17415.00 ms max latency, 41 ms 50th, 5653 ms 95th, 11284 ms 99th, 12175 ms 99.9th.
----- /var/lib/kafka-client/results/security-overhead-final-factorial-mtls-b5-rf3-isr3-msg102400-tps1000-batch131072-acks1-prod12-compnone-trial3/producer-perf-6.log -----
producer_index=6
producer_count=12
producer_records=8333
producer_throughput=83
1 records sent, 0.1 records/sec (0.01 MB/sec), 6133.0 ms avg latency, 6133.0 ms max latency.
77 records sent, 15.1 records/sec (1.47 MB/sec), 7177.4 ms avg latency, 18033.0 ms max latency.
114 records sent, 22.8 records/sec (2.22 MB/sec), 8651.4 ms avg latency, 10719.0 ms max latency.
156 records sent, 30.1 records/sec (2.94 MB/sec), 10479.9 ms avg latency, 11953.0 ms max latency.
150 records sent, 29.9 records/sec (2.92 MB/sec), 8859.8 ms avg latency, 10749.0 ms max latency.
156 records sent, 30.5 records/sec (2.98 MB/sec), 8613.2 ms avg latency, 9563.0 ms max latency.
209 records sent, 41.4 records/sec (4.04 MB/sec), 7880.3 ms avg latency, 9054.0 ms max latency.
458 records sent, 91.5 records/sec (8.94 MB/sec), 3488.3 ms avg latency, 6729.0 ms max latency.
513 records sent, 102.1 records/sec (9.97 MB/sec), 1059.4 ms avg latency, 2356.0 ms max latency.
379 records sent, 75.6 records/sec (7.38 MB/sec), 77.5 ms avg latency, 311.0 ms max latency.
386 records sent, 77.0 records/sec (7.52 MB/sec), 46.9 ms avg latency, 153.0 ms max latency.
381 records sent, 75.8 records/sec (7.40 MB/sec), 45.9 ms avg latency, 168.0 ms max latency.
382 records sent, 76.1 records/sec (7.43 MB/sec), 46.5 ms avg latency, 195.0 ms max latency.
411 records sent, 82.1 records/sec (8.01 MB/sec), 52.9 ms avg latency, 155.0 ms max latency.
390 records sent, 77.4 records/sec (7.56 MB/sec), 47.8 ms avg latency, 170.0 ms max latency.
415 records sent, 82.9 records/sec (8.09 MB/sec), 39.2 ms avg latency, 152.0 ms max latency.
420 records sent, 83.7 records/sec (8.17 MB/sec), 38.6 ms avg latency, 183.0 ms max latency.
411 records sent, 81.9 records/sec (7.99 MB/sec), 31.2 ms avg latency, 251.0 ms max latency.
427 records sent, 85.4 records/sec (8.34 MB/sec), 31.2 ms avg latency, 87.0 ms max latency.
419 records sent, 83.7 records/sec (8.18 MB/sec), 29.5 ms avg latency, 140.0 ms max latency.
430 records sent, 85.9 records/sec (8.39 MB/sec), 26.5 ms avg latency, 77.0 ms max latency.
425 records sent, 85.0 records/sec (8.30 MB/sec), 28.9 ms avg latency, 103.0 ms max latency.
468 records sent, 93.3 records/sec (9.11 MB/sec), 26.5 ms avg latency, 107.0 ms max latency.
8333 records sent, 62.688072 records/sec (6.12 MB/sec), 1185.72 ms avg latency, 18033.00 ms max latency, 40 ms 50th, 8527 ms 95th, 10510 ms 99th, 11562 ms 99.9th.
----- /var/lib/kafka-client/results/security-overhead-final-factorial-mtls-b5-rf3-isr3-msg102400-tps1000-batch131072-acks1-prod12-compnone-trial3/producer-perf-7.log -----
producer_index=7
producer_count=12
producer_records=8333
producer_throughput=83
1 records sent, 0.1 records/sec (0.01 MB/sec), 17117.0 ms avg latency, 17117.0 ms max latency.
72 records sent, 14.1 records/sec (1.37 MB/sec), 7176.0 ms avg latency, 8941.0 ms max latency.
114 records sent, 22.7 records/sec (2.22 MB/sec), 8956.8 ms avg latency, 10804.0 ms max latency.
168 records sent, 32.6 records/sec (3.18 MB/sec), 10194.7 ms avg latency, 11732.0 ms max latency.
341 records sent, 67.0 records/sec (6.54 MB/sec), 5555.5 ms avg latency, 9420.0 ms max latency.
438 records sent, 86.8 records/sec (8.48 MB/sec), 3035.6 ms avg latency, 3867.0 ms max latency.
503 records sent, 100.0 records/sec (9.77 MB/sec), 1914.5 ms avg latency, 2885.0 ms max latency.
461 records sent, 92.1 records/sec (8.99 MB/sec), 442.5 ms avg latency, 1545.0 ms max latency.
387 records sent, 77.4 records/sec (7.56 MB/sec), 62.7 ms avg latency, 222.0 ms max latency.
368 records sent, 72.7 records/sec (7.10 MB/sec), 44.3 ms avg latency, 134.0 ms max latency.
372 records sent, 74.0 records/sec (7.23 MB/sec), 38.3 ms avg latency, 117.0 ms max latency.
380 records sent, 76.0 records/sec (7.42 MB/sec), 46.7 ms avg latency, 130.0 ms max latency.
396 records sent, 79.1 records/sec (7.72 MB/sec), 39.5 ms avg latency, 148.0 ms max latency.
389 records sent, 77.6 records/sec (7.58 MB/sec), 32.4 ms avg latency, 98.0 ms max latency.
402 records sent, 80.0 records/sec (7.81 MB/sec), 37.3 ms avg latency, 110.0 ms max latency.
402 records sent, 80.4 records/sec (7.85 MB/sec), 33.0 ms avg latency, 132.0 ms max latency.
426 records sent, 84.7 records/sec (8.28 MB/sec), 42.2 ms avg latency, 396.0 ms max latency.
421 records sent, 84.2 records/sec (8.22 MB/sec), 30.4 ms avg latency, 104.0 ms max latency.
409 records sent, 81.6 records/sec (7.96 MB/sec), 31.9 ms avg latency, 166.0 ms max latency.
415 records sent, 82.9 records/sec (8.09 MB/sec), 27.7 ms avg latency, 103.0 ms max latency.
413 records sent, 82.1 records/sec (8.02 MB/sec), 25.5 ms avg latency, 100.0 ms max latency.
404 records sent, 80.8 records/sec (7.89 MB/sec), 22.6 ms avg latency, 62.0 ms max latency.
447 records sent, 89.2 records/sec (8.71 MB/sec), 26.2 ms avg latency, 119.0 ms max latency.
8333 records sent, 63.998095 records/sec (6.25 MB/sec), 945.52 ms avg latency, 17117.00 ms max latency, 40 ms 50th, 6675 ms 95th, 10310 ms 99th, 11255 ms 99.9th.
----- /var/lib/kafka-client/results/security-overhead-final-factorial-mtls-b5-rf3-isr3-msg102400-tps1000-batch131072-acks1-prod12-compnone-trial3/producer-perf-8.log -----
producer_index=8
producer_count=12
producer_records=8333
producer_throughput=83
1 records sent, 0.1 records/sec (0.01 MB/sec), 5877.0 ms avg latency, 5877.0 ms max latency.
74 records sent, 14.6 records/sec (1.42 MB/sec), 7539.0 ms avg latency, 17442.0 ms max latency.
126 records sent, 24.6 records/sec (2.41 MB/sec), 10312.0 ms avg latency, 11749.0 ms max latency.
192 records sent, 37.6 records/sec (3.67 MB/sec), 9986.9 ms avg latency, 13553.0 ms max latency.
378 records sent, 75.1 records/sec (7.34 MB/sec), 4527.6 ms avg latency, 8379.0 ms max latency.
467 records sent, 92.5 records/sec (9.03 MB/sec), 2602.5 ms avg latency, 3504.0 ms max latency.
485 records sent, 96.8 records/sec (9.46 MB/sec), 1382.0 ms avg latency, 2163.0 ms max latency.
430 records sent, 85.4 records/sec (8.34 MB/sec), 238.6 ms avg latency, 961.0 ms max latency.
379 records sent, 75.4 records/sec (7.36 MB/sec), 65.0 ms avg latency, 288.0 ms max latency.
381 records sent, 76.0 records/sec (7.43 MB/sec), 53.1 ms avg latency, 159.0 ms max latency.
367 records sent, 73.3 records/sec (7.16 MB/sec), 50.5 ms avg latency, 180.0 ms max latency.
376 records sent, 74.9 records/sec (7.31 MB/sec), 64.8 ms avg latency, 279.0 ms max latency.
402 records sent, 80.1 records/sec (7.83 MB/sec), 45.9 ms avg latency, 224.0 ms max latency.
408 records sent, 81.1 records/sec (7.92 MB/sec), 37.9 ms avg latency, 105.0 ms max latency.
396 records sent, 77.8 records/sec (7.59 MB/sec), 48.0 ms avg latency, 148.0 ms max latency.
419 records sent, 83.4 records/sec (8.14 MB/sec), 46.1 ms avg latency, 173.0 ms max latency.
409 records sent, 81.7 records/sec (7.98 MB/sec), 40.3 ms avg latency, 224.0 ms max latency.
432 records sent, 86.2 records/sec (8.41 MB/sec), 40.0 ms avg latency, 181.0 ms max latency.
407 records sent, 80.9 records/sec (7.90 MB/sec), 28.3 ms avg latency, 173.0 ms max latency.
426 records sent, 84.6 records/sec (8.26 MB/sec), 33.1 ms avg latency, 124.0 ms max latency.
420 records sent, 83.8 records/sec (8.19 MB/sec), 31.6 ms avg latency, 119.0 ms max latency.
409 records sent, 81.8 records/sec (7.98 MB/sec), 26.7 ms avg latency, 87.0 ms max latency.
430 records sent, 86.0 records/sec (8.40 MB/sec), 26.9 ms avg latency, 134.0 ms max latency.
8333 records sent, 64.157248 records/sec (6.27 MB/sec), 928.63 ms avg latency, 17442.00 ms max latency, 44 ms 50th, 6412 ms 95th, 11168 ms 99th, 12624 ms 99.9th.
----- /var/lib/kafka-client/results/security-overhead-final-factorial-mtls-b5-rf3-isr3-msg102400-tps1000-batch131072-acks1-prod12-compnone-trial3/producer-perf-9.log -----
producer_index=9
producer_count=12
producer_records=8333
producer_throughput=83
1 records sent, 0.1 records/sec (0.01 MB/sec), 6579.0 ms avg latency, 6579.0 ms max latency.
75 records sent, 14.3 records/sec (1.39 MB/sec), 7991.5 ms avg latency, 17575.0 ms max latency.
204 records sent, 40.2 records/sec (3.92 MB/sec), 10118.1 ms avg latency, 11946.0 ms max latency.
180 records sent, 35.5 records/sec (3.47 MB/sec), 6567.7 ms avg latency, 11148.0 ms max latency.
156 records sent, 30.7 records/sec (3.00 MB/sec), 7466.3 ms avg latency, 8498.0 ms max latency.
228 records sent, 45.5 records/sec (4.44 MB/sec), 7484.4 ms avg latency, 8881.0 ms max latency.
524 records sent, 104.7 records/sec (10.22 MB/sec), 2744.3 ms avg latency, 6444.0 ms max latency.
468 records sent, 93.2 records/sec (9.10 MB/sec), 509.6 ms avg latency, 1400.0 ms max latency.
371 records sent, 74.1 records/sec (7.23 MB/sec), 45.0 ms avg latency, 157.0 ms max latency.
361 records sent, 71.3 records/sec (6.96 MB/sec), 52.5 ms avg latency, 183.0 ms max latency.
378 records sent, 75.4 records/sec (7.36 MB/sec), 54.6 ms avg latency, 272.0 ms max latency.
398 records sent, 79.1 records/sec (7.73 MB/sec), 50.2 ms avg latency, 167.0 ms max latency.
422 records sent, 84.3 records/sec (8.23 MB/sec), 43.5 ms avg latency, 180.0 ms max latency.
388 records sent, 77.6 records/sec (7.58 MB/sec), 43.2 ms avg latency, 156.0 ms max latency.
408 records sent, 80.8 records/sec (7.89 MB/sec), 34.8 ms avg latency, 126.0 ms max latency.
427 records sent, 85.4 records/sec (8.34 MB/sec), 32.7 ms avg latency, 95.0 ms max latency.
421 records sent, 83.9 records/sec (8.19 MB/sec), 43.7 ms avg latency, 418.0 ms max latency.
430 records sent, 85.7 records/sec (8.37 MB/sec), 48.8 ms avg latency, 246.0 ms max latency.
428 records sent, 85.5 records/sec (8.35 MB/sec), 32.2 ms avg latency, 97.0 ms max latency.
424 records sent, 84.7 records/sec (8.27 MB/sec), 32.2 ms avg latency, 104.0 ms max latency.
409 records sent, 81.5 records/sec (7.95 MB/sec), 31.0 ms avg latency, 162.0 ms max latency.
423 records sent, 84.4 records/sec (8.24 MB/sec), 30.8 ms avg latency, 157.0 ms max latency.
443 records sent, 88.6 records/sec (8.65 MB/sec), 34.3 ms avg latency, 163.0 ms max latency.
8333 records sent, 63.161804 records/sec (6.17 MB/sec), 1038.48 ms avg latency, 17575.00 ms max latency, 41 ms 50th, 7722 ms 95th, 10526 ms 99th, 11811 ms 99.9th.
----- /var/lib/kafka-client/results/security-overhead-final-factorial-mtls-b5-rf3-isr3-msg102400-tps1000-batch131072-acks1-prod12-compnone-trial3/producer-perf-10.log -----
producer_index=10
producer_count=12
producer_records=8333
producer_throughput=83
1 records sent, 0.1 records/sec (0.01 MB/sec), 16939.0 ms avg latency, 16939.0 ms max latency.
60 records sent, 11.5 records/sec (1.12 MB/sec), 8149.5 ms avg latency, 9815.0 ms max latency.
108 records sent, 21.3 records/sec (2.08 MB/sec), 11345.5 ms avg latency, 13968.0 ms max latency.
180 records sent, 35.4 records/sec (3.45 MB/sec), 11293.7 ms avg latency, 14326.0 ms max latency.
156 records sent, 30.3 records/sec (2.96 MB/sec), 7952.7 ms avg latency, 9303.0 ms max latency.
162 records sent, 31.9 records/sec (3.12 MB/sec), 8349.0 ms avg latency, 9097.0 ms max latency.
412 records sent, 82.3 records/sec (8.04 MB/sec), 4832.1 ms avg latency, 8933.0 ms max latency.
540 records sent, 107.1 records/sec (10.45 MB/sec), 1435.4 ms avg latency, 2548.0 ms max latency.
400 records sent, 79.9 records/sec (7.81 MB/sec), 79.8 ms avg latency, 494.0 ms max latency.
360 records sent, 71.8 records/sec (7.01 MB/sec), 50.5 ms avg latency, 223.0 ms max latency.
373 records sent, 74.5 records/sec (7.28 MB/sec), 57.0 ms avg latency, 194.0 ms max latency.
387 records sent, 77.3 records/sec (7.55 MB/sec), 56.4 ms avg latency, 205.0 ms max latency.
395 records sent, 78.5 records/sec (7.67 MB/sec), 39.3 ms avg latency, 127.0 ms max latency.
381 records sent, 76.1 records/sec (7.43 MB/sec), 36.1 ms avg latency, 118.0 ms max latency.
406 records sent, 81.1 records/sec (7.92 MB/sec), 35.9 ms avg latency, 123.0 ms max latency.
417 records sent, 83.2 records/sec (8.13 MB/sec), 48.1 ms avg latency, 278.0 ms max latency.
423 records sent, 84.0 records/sec (8.21 MB/sec), 34.3 ms avg latency, 167.0 ms max latency.
403 records sent, 80.2 records/sec (7.84 MB/sec), 37.3 ms avg latency, 294.0 ms max latency.
417 records sent, 83.3 records/sec (8.13 MB/sec), 37.1 ms avg latency, 159.0 ms max latency.
434 records sent, 86.8 records/sec (8.47 MB/sec), 28.8 ms avg latency, 111.0 ms max latency.
402 records sent, 80.3 records/sec (7.84 MB/sec), 30.0 ms avg latency, 105.0 ms max latency.
409 records sent, 81.2 records/sec (7.93 MB/sec), 26.0 ms avg latency, 82.0 ms max latency.
428 records sent, 85.5 records/sec (8.35 MB/sec), 31.7 ms avg latency, 127.0 ms max latency.
8333 records sent, 62.549260 records/sec (6.11 MB/sec), 1126.86 ms avg latency, 16939.00 ms max latency, 40 ms 50th, 8454 ms 95th, 12590 ms 99th, 13855 ms 99.9th.
----- /var/lib/kafka-client/results/security-overhead-final-factorial-mtls-b5-rf3-isr3-msg102400-tps1000-batch131072-acks1-prod12-compnone-trial3/producer-perf-11.log -----
producer_index=11
producer_count=12
producer_records=8333
producer_throughput=83
1 records sent, 0.1 records/sec (0.01 MB/sec), 6479.0 ms avg latency, 6479.0 ms max latency.
76 records sent, 15.0 records/sec (1.47 MB/sec), 7693.4 ms avg latency, 17509.0 ms max latency.
192 records sent, 37.5 records/sec (3.66 MB/sec), 9765.6 ms avg latency, 11350.0 ms max latency.
341 records sent, 67.8 records/sec (6.63 MB/sec), 5019.3 ms avg latency, 10161.0 ms max latency.
432 records sent, 86.3 records/sec (8.43 MB/sec), 3149.4 ms avg latency, 3811.0 ms max latency.
473 records sent, 94.4 records/sec (9.22 MB/sec), 2099.1 ms avg latency, 3127.0 ms max latency.
491 records sent, 97.8 records/sec (9.55 MB/sec), 604.8 ms avg latency, 1772.0 ms max latency.
374 records sent, 74.6 records/sec (7.29 MB/sec), 41.2 ms avg latency, 137.0 ms max latency.
370 records sent, 74.0 records/sec (7.22 MB/sec), 47.9 ms avg latency, 159.0 ms max latency.
371 records sent, 74.2 records/sec (7.24 MB/sec), 47.6 ms avg latency, 185.0 ms max latency.
367 records sent, 72.9 records/sec (7.12 MB/sec), 42.4 ms avg latency, 147.0 ms max latency.
381 records sent, 75.7 records/sec (7.40 MB/sec), 43.1 ms avg latency, 149.0 ms max latency.
390 records sent, 77.7 records/sec (7.59 MB/sec), 42.5 ms avg latency, 199.0 ms max latency.
410 records sent, 82.0 records/sec (8.01 MB/sec), 44.3 ms avg latency, 168.0 ms max latency.
421 records sent, 84.2 records/sec (8.22 MB/sec), 35.5 ms avg latency, 119.0 ms max latency.
408 records sent, 81.6 records/sec (7.97 MB/sec), 32.8 ms avg latency, 127.0 ms max latency.
430 records sent, 85.9 records/sec (8.39 MB/sec), 57.0 ms avg latency, 401.0 ms max latency.
432 records sent, 86.2 records/sec (8.42 MB/sec), 31.8 ms avg latency, 206.0 ms max latency.
414 records sent, 82.0 records/sec (8.01 MB/sec), 28.7 ms avg latency, 141.0 ms max latency.
427 records sent, 85.3 records/sec (8.33 MB/sec), 34.5 ms avg latency, 134.0 ms max latency.
415 records sent, 81.4 records/sec (7.95 MB/sec), 26.5 ms avg latency, 184.0 ms max latency.
421 records sent, 84.1 records/sec (8.21 MB/sec), 26.9 ms avg latency, 169.0 ms max latency.
8333 records sent, 65.283131 records/sec (6.38 MB/sec), 848.16 ms avg latency, 17509.00 ms max latency, 41 ms 50th, 4741 ms 95th, 9826 ms 99th, 10909 ms 99.9th.
----- /var/lib/kafka-client/results/security-overhead-final-factorial-mtls-b5-rf3-isr3-msg102400-tps1000-batch131072-acks1-prod12-compnone-trial3/producer-perf-12.log -----
producer_index=12
producer_count=12
producer_records=8333
producer_throughput=83
1 records sent, 0.1 records/sec (0.01 MB/sec), 4378.0 ms avg latency, 4378.0 ms max latency.
58 records sent, 11.4 records/sec (1.12 MB/sec), 7150.6 ms avg latency, 16728.0 ms max latency.
114 records sent, 22.5 records/sec (2.20 MB/sec), 8532.4 ms avg latency, 10681.0 ms max latency.
162 records sent, 32.4 records/sec (3.16 MB/sec), 10093.5 ms avg latency, 11476.0 ms max latency.
150 records sent, 29.9 records/sec (2.92 MB/sec), 8458.5 ms avg latency, 10068.0 ms max latency.
162 records sent, 32.0 records/sec (3.12 MB/sec), 8382.7 ms avg latency, 9354.0 ms max latency.
174 records sent, 33.6 records/sec (3.28 MB/sec), 7963.6 ms avg latency, 8705.0 ms max latency.
333 records sent, 66.1 records/sec (6.46 MB/sec), 5681.4 ms avg latency, 8446.0 ms max latency.
504 records sent, 99.6 records/sec (9.73 MB/sec), 2049.5 ms avg latency, 3257.0 ms max latency.
465 records sent, 92.4 records/sec (9.03 MB/sec), 397.4 ms avg latency, 1391.0 ms max latency.
384 records sent, 76.1 records/sec (7.43 MB/sec), 57.0 ms avg latency, 162.0 ms max latency.
368 records sent, 73.6 records/sec (7.18 MB/sec), 48.5 ms avg latency, 190.0 ms max latency.
392 records sent, 78.1 records/sec (7.63 MB/sec), 37.3 ms avg latency, 110.0 ms max latency.
412 records sent, 82.1 records/sec (8.02 MB/sec), 56.0 ms avg latency, 288.0 ms max latency.
404 records sent, 80.7 records/sec (7.88 MB/sec), 47.3 ms avg latency, 223.0 ms max latency.
414 records sent, 82.7 records/sec (8.07 MB/sec), 38.1 ms avg latency, 206.0 ms max latency.
399 records sent, 79.5 records/sec (7.76 MB/sec), 36.0 ms avg latency, 213.0 ms max latency.
415 records sent, 82.7 records/sec (8.07 MB/sec), 33.9 ms avg latency, 126.0 ms max latency.
440 records sent, 87.9 records/sec (8.58 MB/sec), 37.3 ms avg latency, 230.0 ms max latency.
410 records sent, 81.7 records/sec (7.98 MB/sec), 27.7 ms avg latency, 89.0 ms max latency.
408 records sent, 81.2 records/sec (7.93 MB/sec), 27.0 ms avg latency, 102.0 ms max latency.
428 records sent, 85.5 records/sec (8.35 MB/sec), 29.5 ms avg latency, 92.0 ms max latency.
419 records sent, 83.7 records/sec (8.17 MB/sec), 29.9 ms avg latency, 119.0 ms max latency.
847 records sent, 169.4 records/sec (16.54 MB/sec), 14.3 ms avg latency, 62.0 ms max latency.
8333 records sent, 62.529546 records/sec (6.11 MB/sec), 1244.00 ms avg latency, 16728.00 ms max latency, 39 ms 50th, 8401 ms 95th, 10175 ms 99th, 11245 ms 99.9th.
