run_id=security-overhead-final-factorial-tls-b3-rf3-isr3-msg102400-tps10000-batch131072-acksall-prod6-complz4-trial1
producer_count=6
----- /var/lib/kafka-client/results/security-overhead-final-factorial-tls-b3-rf3-isr3-msg102400-tps10000-batch131072-acksall-prod6-complz4-trial1/producer-perf-1.log -----
producer_index=1
producer_count=6
producer_records=16667
producer_throughput=1667
1 records sent, 0.1 records/sec (0.01 MB/sec), 1718.0 ms avg latency, 1718.0 ms max latency.
148 records sent, 29.4 records/sec (2.87 MB/sec), 4180.0 ms avg latency, 7905.0 ms max latency.
674 records sent, 134.0 records/sec (13.09 MB/sec), 2478.7 ms avg latency, 5256.0 ms max latency.
636 records sent, 126.9 records/sec (12.39 MB/sec), 747.0 ms avg latency, 1585.0 ms max latency.
566 records sent, 113.0 records/sec (11.03 MB/sec), 43.0 ms avg latency, 147.0 ms max latency.
629 records sent, 125.8 records/sec (12.28 MB/sec), 31.7 ms avg latency, 127.0 ms max latency.
638 records sent, 125.7 records/sec (12.27 MB/sec), 34.8 ms avg latency, 105.0 ms max latency.
621 records sent, 124.2 records/sec (12.13 MB/sec), 35.5 ms avg latency, 157.0 ms max latency.
690 records sent, 137.8 records/sec (13.45 MB/sec), 28.6 ms avg latency, 89.0 ms max latency.
732 records sent, 146.4 records/sec (14.29 MB/sec), 29.0 ms avg latency, 109.0 ms max latency.
706 records sent, 141.1 records/sec (13.78 MB/sec), 30.5 ms avg latency, 149.0 ms max latency.
660 records sent, 131.9 records/sec (12.88 MB/sec), 26.9 ms avg latency, 108.0 ms max latency.
664 records sent, 132.7 records/sec (12.96 MB/sec), 22.3 ms avg latency, 88.0 ms max latency.
655 records sent, 130.3 records/sec (12.73 MB/sec), 27.2 ms avg latency, 146.0 ms max latency.
761 records sent, 152.2 records/sec (14.86 MB/sec), 29.9 ms avg latency, 121.0 ms max latency.
715 records sent, 143.0 records/sec (13.96 MB/sec), 29.4 ms avg latency, 133.0 ms max latency.
695 records sent, 139.0 records/sec (13.57 MB/sec), 25.6 ms avg latency, 79.0 ms max latency.
710 records sent, 140.5 records/sec (13.72 MB/sec), 25.1 ms avg latency, 122.0 ms max latency.
778 records sent, 155.0 records/sec (15.13 MB/sec), 268.2 ms avg latency, 700.0 ms max latency.
719 records sent, 143.5 records/sec (14.01 MB/sec), 22.9 ms avg latency, 85.0 ms max latency.
691 records sent, 138.0 records/sec (13.48 MB/sec), 24.7 ms avg latency, 100.0 ms max latency.
708 records sent, 141.3 records/sec (13.80 MB/sec), 28.1 ms avg latency, 180.0 ms max latency.
728 records sent, 145.6 records/sec (14.22 MB/sec), 22.2 ms avg latency, 76.0 ms max latency.
766 records sent, 153.1 records/sec (14.95 MB/sec), 23.1 ms avg latency, 89.0 ms max latency.
811 records sent, 161.7 records/sec (15.79 MB/sec), 20.9 ms avg latency, 94.0 ms max latency.
16667 records sent, 126.412633 records/sec (12.34 MB/sec), 202.30 ms avg latency, 7905.00 ms max latency, 25 ms 50th, 1414 ms 95th, 4408 ms 99th, 5020 ms 99.9th.
----- /var/lib/kafka-client/results/security-overhead-final-factorial-tls-b3-rf3-isr3-msg102400-tps10000-batch131072-acksall-prod6-complz4-trial1/producer-perf-2.log -----
producer_index=2
producer_count=6
producer_records=16667
producer_throughput=1667
1 records sent, 0.1 records/sec (0.01 MB/sec), 8251.0 ms avg latency, 8251.0 ms max latency.
162 records sent, 31.5 records/sec (3.08 MB/sec), 3497.4 ms avg latency, 4989.0 ms max latency.
466 records sent, 92.7 records/sec (9.05 MB/sec), 3728.2 ms avg latency, 5989.0 ms max latency.
656 records sent, 130.9 records/sec (12.78 MB/sec), 1095.6 ms avg latency, 2200.0 ms max latency.
576 records sent, 115.1 records/sec (11.24 MB/sec), 63.1 ms avg latency, 206.0 ms max latency.
570 records sent, 113.2 records/sec (11.05 MB/sec), 31.6 ms avg latency, 125.0 ms max latency.
608 records sent, 121.5 records/sec (11.87 MB/sec), 38.3 ms avg latency, 147.0 ms max latency.
660 records sent, 131.6 records/sec (12.85 MB/sec), 33.0 ms avg latency, 96.0 ms max latency.
635 records sent, 127.0 records/sec (12.40 MB/sec), 30.9 ms avg latency, 124.0 ms max latency.
664 records sent, 132.7 records/sec (12.96 MB/sec), 27.6 ms avg latency, 106.0 ms max latency.
669 records sent, 133.7 records/sec (13.06 MB/sec), 29.9 ms avg latency, 97.0 ms max latency.
671 records sent, 134.2 records/sec (13.10 MB/sec), 30.4 ms avg latency, 119.0 ms max latency.
665 records sent, 132.9 records/sec (12.98 MB/sec), 30.0 ms avg latency, 119.0 ms max latency.
679 records sent, 135.5 records/sec (13.23 MB/sec), 27.9 ms avg latency, 95.0 ms max latency.
734 records sent, 146.2 records/sec (14.28 MB/sec), 34.2 ms avg latency, 137.0 ms max latency.
710 records sent, 141.9 records/sec (13.86 MB/sec), 29.9 ms avg latency, 91.0 ms max latency.
707 records sent, 140.6 records/sec (13.73 MB/sec), 26.5 ms avg latency, 101.0 ms max latency.
692 records sent, 137.6 records/sec (13.44 MB/sec), 84.8 ms avg latency, 564.0 ms max latency.
757 records sent, 151.3 records/sec (14.77 MB/sec), 157.4 ms avg latency, 697.0 ms max latency.
709 records sent, 141.7 records/sec (13.84 MB/sec), 24.4 ms avg latency, 115.0 ms max latency.
685 records sent, 137.0 records/sec (13.38 MB/sec), 26.5 ms avg latency, 124.0 ms max latency.
732 records sent, 146.3 records/sec (14.29 MB/sec), 23.5 ms avg latency, 91.0 ms max latency.
737 records sent, 147.4 records/sec (14.39 MB/sec), 25.8 ms avg latency, 108.0 ms max latency.
815 records sent, 162.9 records/sec (15.91 MB/sec), 19.4 ms avg latency, 109.0 ms max latency.
822 records sent, 164.2 records/sec (16.03 MB/sec), 22.0 ms avg latency, 114.0 ms max latency.
16667 records sent, 124.675538 records/sec (12.18 MB/sec), 216.80 ms avg latency, 8251.00 ms max latency, 25 ms 50th, 1531 ms 95th, 4748 ms 99th, 5540 ms 99.9th.
----- /var/lib/kafka-client/results/security-overhead-final-factorial-tls-b3-rf3-isr3-msg102400-tps10000-batch131072-acksall-prod6-complz4-trial1/producer-perf-3.log -----
producer_index=3
producer_count=6
producer_records=16667
producer_throughput=1667
1 records sent, 0.1 records/sec (0.01 MB/sec), 8047.0 ms avg latency, 8047.0 ms max latency.
158 records sent, 30.8 records/sec (3.01 MB/sec), 3779.4 ms avg latency, 5002.0 ms max latency.
456 records sent, 91.1 records/sec (8.90 MB/sec), 3848.0 ms avg latency, 6172.0 ms max latency.
608 records sent, 121.6 records/sec (11.87 MB/sec), 773.4 ms avg latency, 2046.0 ms max latency.
588 records sent, 117.6 records/sec (11.48 MB/sec), 61.0 ms avg latency, 213.0 ms max latency.
649 records sent, 129.7 records/sec (12.67 MB/sec), 29.2 ms avg latency, 139.0 ms max latency.
608 records sent, 121.2 records/sec (11.84 MB/sec), 37.6 ms avg latency, 131.0 ms max latency.
633 records sent, 126.2 records/sec (12.33 MB/sec), 35.1 ms avg latency, 127.0 ms max latency.
654 records sent, 130.4 records/sec (12.73 MB/sec), 27.9 ms avg latency, 100.0 ms max latency.
726 records sent, 145.0 records/sec (14.16 MB/sec), 26.4 ms avg latency, 110.0 ms max latency.
680 records sent, 135.9 records/sec (13.27 MB/sec), 29.2 ms avg latency, 108.0 ms max latency.
648 records sent, 128.7 records/sec (12.57 MB/sec), 32.8 ms avg latency, 144.0 ms max latency.
693 records sent, 138.6 records/sec (13.54 MB/sec), 28.2 ms avg latency, 108.0 ms max latency.
696 records sent, 139.1 records/sec (13.58 MB/sec), 27.3 ms avg latency, 101.0 ms max latency.
718 records sent, 143.3 records/sec (14.00 MB/sec), 30.8 ms avg latency, 159.0 ms max latency.
683 records sent, 136.5 records/sec (13.33 MB/sec), 29.4 ms avg latency, 106.0 ms max latency.
681 records sent, 135.9 records/sec (13.27 MB/sec), 28.6 ms avg latency, 124.0 ms max latency.
687 records sent, 137.3 records/sec (13.40 MB/sec), 60.1 ms avg latency, 477.0 ms max latency.
771 records sent, 154.1 records/sec (15.05 MB/sec), 213.5 ms avg latency, 770.0 ms max latency.
701 records sent, 140.2 records/sec (13.69 MB/sec), 26.9 ms avg latency, 136.0 ms max latency.
683 records sent, 135.0 records/sec (13.18 MB/sec), 24.2 ms avg latency, 116.0 ms max latency.
721 records sent, 144.1 records/sec (14.07 MB/sec), 24.1 ms avg latency, 124.0 ms max latency.
677 records sent, 134.9 records/sec (13.17 MB/sec), 23.1 ms avg latency, 93.0 ms max latency.
784 records sent, 156.6 records/sec (15.29 MB/sec), 21.8 ms avg latency, 85.0 ms max latency.
794 records sent, 158.6 records/sec (15.49 MB/sec), 23.7 ms avg latency, 114.0 ms max latency.
859 records sent, 171.5 records/sec (16.75 MB/sec), 21.8 ms avg latency, 99.0 ms max latency.
16667 records sent, 124.265605 records/sec (12.14 MB/sec), 206.35 ms avg latency, 8047.00 ms max latency, 25 ms 50th, 1048 ms 95th, 4850 ms 99th, 5784 ms 99.9th.
----- /var/lib/kafka-client/results/security-overhead-final-factorial-tls-b3-rf3-isr3-msg102400-tps10000-batch131072-acksall-prod6-complz4-trial1/producer-perf-4.log -----
producer_index=4
producer_count=6
producer_records=16667
producer_throughput=1667
1 records sent, 0.1 records/sec (0.01 MB/sec), 7740.0 ms avg latency, 7740.0 ms max latency.
146 records sent, 28.5 records/sec (2.78 MB/sec), 3795.6 ms avg latency, 5377.0 ms max latency.
424 records sent, 84.3 records/sec (8.23 MB/sec), 4039.0 ms avg latency, 6125.0 ms max latency.
618 records sent, 123.0 records/sec (12.01 MB/sec), 1411.0 ms avg latency, 2507.0 ms max latency.
585 records sent, 116.7 records/sec (11.40 MB/sec), 118.0 ms avg latency, 706.0 ms max latency.
624 records sent, 124.7 records/sec (12.17 MB/sec), 34.6 ms avg latency, 135.0 ms max latency.
643 records sent, 128.4 records/sec (12.54 MB/sec), 46.5 ms avg latency, 231.0 ms max latency.
625 records sent, 124.4 records/sec (12.14 MB/sec), 30.7 ms avg latency, 111.0 ms max latency.
669 records sent, 133.7 records/sec (13.06 MB/sec), 31.4 ms avg latency, 143.0 ms max latency.
671 records sent, 134.0 records/sec (13.08 MB/sec), 29.7 ms avg latency, 130.0 ms max latency.
674 records sent, 134.5 records/sec (13.14 MB/sec), 26.2 ms avg latency, 90.0 ms max latency.
658 records sent, 131.5 records/sec (12.84 MB/sec), 27.7 ms avg latency, 98.0 ms max latency.
661 records sent, 132.1 records/sec (12.90 MB/sec), 29.4 ms avg latency, 157.0 ms max latency.
676 records sent, 134.7 records/sec (13.15 MB/sec), 26.5 ms avg latency, 118.0 ms max latency.
710 records sent, 141.8 records/sec (13.85 MB/sec), 29.9 ms avg latency, 166.0 ms max latency.
702 records sent, 139.4 records/sec (13.61 MB/sec), 29.2 ms avg latency, 110.0 ms max latency.
681 records sent, 135.9 records/sec (13.27 MB/sec), 28.1 ms avg latency, 101.0 ms max latency.
679 records sent, 134.7 records/sec (13.16 MB/sec), 29.6 ms avg latency, 220.0 ms max latency.
760 records sent, 151.7 records/sec (14.82 MB/sec), 190.6 ms avg latency, 670.0 ms max latency.
682 records sent, 136.4 records/sec (13.32 MB/sec), 22.7 ms avg latency, 88.0 ms max latency.
691 records sent, 138.2 records/sec (13.49 MB/sec), 26.1 ms avg latency, 135.0 ms max latency.
733 records sent, 146.3 records/sec (14.29 MB/sec), 27.7 ms avg latency, 142.0 ms max latency.
714 records sent, 142.7 records/sec (13.94 MB/sec), 22.6 ms avg latency, 89.0 ms max latency.
788 records sent, 157.5 records/sec (15.38 MB/sec), 21.1 ms avg latency, 83.0 ms max latency.
807 records sent, 161.3 records/sec (15.75 MB/sec), 21.5 ms avg latency, 73.0 ms max latency.
870 records sent, 173.7 records/sec (16.97 MB/sec), 20.1 ms avg latency, 79.0 ms max latency.
16667 records sent, 124.162849 records/sec (12.13 MB/sec), 225.06 ms avg latency, 7740.00 ms max latency, 24 ms 50th, 1602 ms 95th, 4759 ms 99th, 5545 ms 99.9th.
----- /var/lib/kafka-client/results/security-overhead-final-factorial-tls-b3-rf3-isr3-msg102400-tps10000-batch131072-acksall-prod6-complz4-trial1/producer-perf-5.log -----
producer_index=5
producer_count=6
producer_records=16666
producer_throughput=1666
1 records sent, 0.1 records/sec (0.01 MB/sec), 8288.0 ms avg latency, 8288.0 ms max latency.
152 records sent, 29.9 records/sec (2.92 MB/sec), 3569.8 ms avg latency, 4784.0 ms max latency.
422 records sent, 84.0 records/sec (8.20 MB/sec), 4180.9 ms avg latency, 6288.0 ms max latency.
675 records sent, 134.8 records/sec (13.16 MB/sec), 983.9 ms avg latency, 2657.0 ms max latency.
551 records sent, 110.2 records/sec (10.76 MB/sec), 42.1 ms avg latency, 138.0 ms max latency.
627 records sent, 125.3 records/sec (12.24 MB/sec), 30.9 ms avg latency, 119.0 ms max latency.
590 records sent, 118.0 records/sec (11.52 MB/sec), 39.8 ms avg latency, 146.0 ms max latency.
629 records sent, 125.8 records/sec (12.28 MB/sec), 38.5 ms avg latency, 168.0 ms max latency.
678 records sent, 135.4 records/sec (13.23 MB/sec), 28.3 ms avg latency, 98.0 ms max latency.
679 records sent, 135.6 records/sec (13.25 MB/sec), 35.3 ms avg latency, 185.0 ms max latency.
651 records sent, 130.0 records/sec (12.70 MB/sec), 31.9 ms avg latency, 126.0 ms max latency.
647 records sent, 129.2 records/sec (12.62 MB/sec), 29.1 ms avg latency, 104.0 ms max latency.
649 records sent, 129.1 records/sec (12.61 MB/sec), 31.1 ms avg latency, 117.0 ms max latency.
700 records sent, 139.9 records/sec (13.66 MB/sec), 28.8 ms avg latency, 123.0 ms max latency.
699 records sent, 139.7 records/sec (13.64 MB/sec), 32.7 ms avg latency, 106.0 ms max latency.
677 records sent, 135.1 records/sec (13.19 MB/sec), 36.5 ms avg latency, 194.0 ms max latency.
675 records sent, 134.9 records/sec (13.18 MB/sec), 27.3 ms avg latency, 112.0 ms max latency.
694 records sent, 138.7 records/sec (13.55 MB/sec), 65.5 ms avg latency, 475.0 ms max latency.
740 records sent, 147.7 records/sec (14.42 MB/sec), 162.6 ms avg latency, 617.0 ms max latency.
702 records sent, 140.4 records/sec (13.71 MB/sec), 24.1 ms avg latency, 111.0 ms max latency.
690 records sent, 138.0 records/sec (13.47 MB/sec), 27.6 ms avg latency, 123.0 ms max latency.
726 records sent, 145.1 records/sec (14.17 MB/sec), 24.4 ms avg latency, 117.0 ms max latency.
679 records sent, 135.7 records/sec (13.26 MB/sec), 26.2 ms avg latency, 112.0 ms max latency.
768 records sent, 153.5 records/sec (14.99 MB/sec), 23.3 ms avg latency, 111.0 ms max latency.
735 records sent, 147.0 records/sec (14.36 MB/sec), 23.4 ms avg latency, 80.0 ms max latency.
870 records sent, 173.9 records/sec (16.99 MB/sec), 23.5 ms avg latency, 140.0 ms max latency.
16666 records sent, 123.826082 records/sec (12.09 MB/sec), 213.37 ms avg latency, 8288.00 ms max latency, 26 ms 50th, 1339 ms 95th, 4963 ms 99th, 5828 ms 99.9th.
----- /var/lib/kafka-client/results/security-overhead-final-factorial-tls-b3-rf3-isr3-msg102400-tps10000-batch131072-acksall-prod6-complz4-trial1/producer-perf-6.log -----
producer_index=6
producer_count=6
producer_records=16666
producer_throughput=1666
1 records sent, 0.1 records/sec (0.01 MB/sec), 1188.0 ms avg latency, 1188.0 ms max latency.
128 records sent, 25.2 records/sec (2.46 MB/sec), 3820.9 ms avg latency, 7583.0 ms max latency.
296 records sent, 58.2 records/sec (5.68 MB/sec), 4986.6 ms avg latency, 6112.0 ms max latency.
574 records sent, 113.8 records/sec (11.12 MB/sec), 2534.3 ms avg latency, 4421.0 ms max latency.
679 records sent, 135.8 records/sec (13.26 MB/sec), 386.7 ms avg latency, 1356.0 ms max latency.
567 records sent, 113.2 records/sec (11.05 MB/sec), 33.8 ms avg latency, 127.0 ms max latency.
623 records sent, 124.6 records/sec (12.17 MB/sec), 32.9 ms avg latency, 137.0 ms max latency.
631 records sent, 125.0 records/sec (12.21 MB/sec), 38.1 ms avg latency, 153.0 ms max latency.
641 records sent, 128.1 records/sec (12.51 MB/sec), 34.1 ms avg latency, 168.0 ms max latency.
677 records sent, 135.4 records/sec (13.22 MB/sec), 32.2 ms avg latency, 132.0 ms max latency.
697 records sent, 139.3 records/sec (13.61 MB/sec), 28.4 ms avg latency, 113.0 ms max latency.
654 records sent, 130.7 records/sec (12.76 MB/sec), 30.4 ms avg latency, 106.0 ms max latency.
679 records sent, 135.6 records/sec (13.25 MB/sec), 30.4 ms avg latency, 127.0 ms max latency.
680 records sent, 135.7 records/sec (13.25 MB/sec), 34.4 ms avg latency, 121.0 ms max latency.
677 records sent, 135.4 records/sec (13.22 MB/sec), 29.9 ms avg latency, 162.0 ms max latency.
705 records sent, 140.9 records/sec (13.76 MB/sec), 30.9 ms avg latency, 122.0 ms max latency.
678 records sent, 134.8 records/sec (13.17 MB/sec), 30.4 ms avg latency, 107.0 ms max latency.
697 records sent, 138.8 records/sec (13.55 MB/sec), 28.3 ms avg latency, 123.0 ms max latency.
769 records sent, 153.1 records/sec (14.95 MB/sec), 254.4 ms avg latency, 777.0 ms max latency.
740 records sent, 147.5 records/sec (14.41 MB/sec), 23.0 ms avg latency, 79.0 ms max latency.
689 records sent, 137.7 records/sec (13.45 MB/sec), 25.1 ms avg latency, 147.0 ms max latency.
737 records sent, 147.4 records/sec (14.39 MB/sec), 27.7 ms avg latency, 127.0 ms max latency.
699 records sent, 139.6 records/sec (13.63 MB/sec), 25.8 ms avg latency, 82.0 ms max latency.
789 records sent, 157.3 records/sec (15.36 MB/sec), 23.2 ms avg latency, 104.0 ms max latency.
821 records sent, 163.8 records/sec (16.00 MB/sec), 23.4 ms avg latency, 109.0 ms max latency.
884 records sent, 176.8 records/sec (17.27 MB/sec), 20.8 ms avg latency, 77.0 ms max latency.
16666 records sent, 123.757119 records/sec (12.09 MB/sec), 257.24 ms avg latency, 7583.00 ms max latency, 26 ms 50th, 1628 ms 95th, 4963 ms 99th, 5919 ms 99.9th.
