run_id=security-overhead-final-factorial-tls-b5-rf5-isr3-msg10240-tps10000-batch16384-acksall-prod6-complz4-trial2
producer_count=6
----- /var/lib/kafka-client/results/security-overhead-final-factorial-tls-b5-rf5-isr3-msg10240-tps10000-batch16384-acksall-prod6-complz4-trial2/producer-perf-1.log -----
producer_index=1
producer_count=6
producer_records=16667
producer_throughput=1667
1 records sent, 0.1 records/sec (0.00 MB/sec), 9450.0 ms avg latency, 9450.0 ms max latency.
272 records sent, 54.1 records/sec (0.53 MB/sec), 4836.3 ms avg latency, 6092.0 ms max latency.
1083 records sent, 216.3 records/sec (2.11 MB/sec), 7323.6 ms avg latency, 8253.0 ms max latency.
1639 records sent, 327.6 records/sec (3.20 MB/sec), 8080.9 ms avg latency, 9609.0 ms max latency.
1884 records sent, 376.7 records/sec (3.68 MB/sec), 5843.6 ms avg latency, 6532.0 ms max latency.
2131 records sent, 425.9 records/sec (4.16 MB/sec), 5071.0 ms avg latency, 5725.0 ms max latency.
2225 records sent, 443.6 records/sec (4.33 MB/sec), 4775.1 ms avg latency, 5027.0 ms max latency.
2323 records sent, 463.9 records/sec (4.53 MB/sec), 4532.9 ms avg latency, 5014.0 ms max latency.
2472 records sent, 491.8 records/sec (4.80 MB/sec), 4132.3 ms avg latency, 4641.0 ms max latency.
16667 records sent, 307.101268 records/sec (3.00 MB/sec), 5151.26 ms avg latency, 9609.00 ms max latency, 4758 ms 50th, 8354 ms 95th, 9182 ms 99th, 9369 ms 99.9th.
----- /var/lib/kafka-client/results/security-overhead-final-factorial-tls-b5-rf5-isr3-msg10240-tps10000-batch16384-acksall-prod6-complz4-trial2/producer-perf-2.log -----
producer_index=2
producer_count=6
producer_records=16667
producer_throughput=1667
1 records sent, 0.1 records/sec (0.00 MB/sec), 9908.0 ms avg latency, 9908.0 ms max latency.
271 records sent, 53.8 records/sec (0.53 MB/sec), 4400.9 ms avg latency, 5503.0 ms max latency.
918 records sent, 182.9 records/sec (1.79 MB/sec), 7045.5 ms avg latency, 7907.0 ms max latency.
1651 records sent, 330.1 records/sec (3.22 MB/sec), 8158.9 ms avg latency, 9456.0 ms max latency.
1837 records sent, 367.0 records/sec (3.58 MB/sec), 5797.5 ms avg latency, 6820.0 ms max latency.
2034 records sent, 406.1 records/sec (3.97 MB/sec), 5243.6 ms avg latency, 5724.0 ms max latency.
2164 records sent, 432.1 records/sec (4.22 MB/sec), 4900.6 ms avg latency, 5137.0 ms max latency.
2055 records sent, 409.0 records/sec (3.99 MB/sec), 4971.3 ms avg latency, 5280.0 ms max latency.
2545 records sent, 508.5 records/sec (4.97 MB/sec), 4468.9 ms avg latency, 5214.0 ms max latency.
16667 records sent, 308.876946 records/sec (3.02 MB/sec), 5087.24 ms avg latency, 9908.00 ms max latency, 4962 ms 50th, 8218 ms 95th, 9089 ms 99th, 9344 ms 99.9th.
----- /var/lib/kafka-client/results/security-overhead-final-factorial-tls-b5-rf5-isr3-msg10240-tps10000-batch16384-acksall-prod6-complz4-trial2/producer-perf-3.log -----
producer_index=3
producer_count=6
producer_records=16667
producer_throughput=1667
1 records sent, 0.1 records/sec (0.00 MB/sec), 8491.0 ms avg latency, 8491.0 ms max latency.
235 records sent, 46.6 records/sec (0.46 MB/sec), 4388.1 ms avg latency, 5951.0 ms max latency.
895 records sent, 178.8 records/sec (1.75 MB/sec), 7435.3 ms avg latency, 8306.0 ms max latency.
1541 records sent, 307.6 records/sec (3.00 MB/sec), 8862.0 ms avg latency, 9979.0 ms max latency.
1973 records sent, 394.2 records/sec (3.85 MB/sec), 5998.5 ms avg latency, 7095.0 ms max latency.
2020 records sent, 403.4 records/sec (3.94 MB/sec), 4996.0 ms avg latency, 5567.0 ms max latency.
2075 records sent, 413.1 records/sec (4.03 MB/sec), 5065.6 ms avg latency, 5360.0 ms max latency.
2360 records sent, 469.6 records/sec (4.59 MB/sec), 4644.5 ms avg latency, 5020.0 ms max latency.
2298 records sent, 458.5 records/sec (4.48 MB/sec), 4402.9 ms avg latency, 4725.0 ms max latency.
2741 records sent, 547.1 records/sec (5.34 MB/sec), 4125.5 ms avg latency, 4520.0 ms max latency.
16667 records sent, 305.094364 records/sec (2.98 MB/sec), 5274.89 ms avg latency, 9979.00 ms max latency, 4893 ms 50th, 8984 ms 95th, 9723 ms 99th, 9881 ms 99.9th.
----- /var/lib/kafka-client/results/security-overhead-final-factorial-tls-b5-rf5-isr3-msg10240-tps10000-batch16384-acksall-prod6-complz4-trial2/producer-perf-4.log -----
producer_index=4
producer_count=6
producer_records=16667
producer_throughput=1667
1 records sent, 0.1 records/sec (0.00 MB/sec), 9433.0 ms avg latency, 9433.0 ms max latency.
252 records sent, 50.4 records/sec (0.49 MB/sec), 4682.5 ms avg latency, 6312.0 ms max latency.
928 records sent, 184.8 records/sec (1.80 MB/sec), 7409.0 ms avg latency, 8434.0 ms max latency.
1608 records sent, 320.7 records/sec (3.13 MB/sec), 8509.3 ms avg latency, 9953.0 ms max latency.
1926 records sent, 383.8 records/sec (3.75 MB/sec), 6062.6 ms avg latency, 6969.0 ms max latency.
2016 records sent, 402.6 records/sec (3.93 MB/sec), 4903.7 ms avg latency, 5736.0 ms max latency.
2100 records sent, 419.2 records/sec (4.09 MB/sec), 5179.8 ms avg latency, 5537.0 ms max latency.
2319 records sent, 462.5 records/sec (4.52 MB/sec), 4598.6 ms avg latency, 5221.0 ms max latency.
2340 records sent, 467.3 records/sec (4.56 MB/sec), 4385.4 ms avg latency, 4628.0 ms max latency.
16667 records sent, 305.726759 records/sec (2.99 MB/sec), 5194.28 ms avg latency, 9953.00 ms max latency, 4824 ms 50th, 8635 ms 95th, 9352 ms 99th, 9767 ms 99.9th.
----- /var/lib/kafka-client/results/security-overhead-final-factorial-tls-b5-rf5-isr3-msg10240-tps10000-batch16384-acksall-prod6-complz4-trial2/producer-perf-5.log -----
producer_index=5
producer_count=6
producer_records=16666
producer_throughput=1666
1 records sent, 0.1 records/sec (0.00 MB/sec), 2437.0 ms avg latency, 2437.0 ms max latency.
237 records sent, 47.1 records/sec (0.46 MB/sec), 4752.5 ms avg latency, 9185.0 ms max latency.
1002 records sent, 200.4 records/sec (1.96 MB/sec), 6985.5 ms avg latency, 7824.0 ms max latency.
1590 records sent, 317.2 records/sec (3.10 MB/sec), 8069.3 ms avg latency, 9120.0 ms max latency.
1869 records sent, 373.6 records/sec (3.65 MB/sec), 6138.7 ms avg latency, 7020.0 ms max latency.
1885 records sent, 376.2 records/sec (3.67 MB/sec), 5391.2 ms avg latency, 5785.0 ms max latency.
2117 records sent, 423.4 records/sec (4.13 MB/sec), 5182.4 ms avg latency, 5788.0 ms max latency.
2269 records sent, 453.6 records/sec (4.43 MB/sec), 4555.0 ms avg latency, 4970.0 ms max latency.
2238 records sent, 446.5 records/sec (4.36 MB/sec), 4531.3 ms avg latency, 4929.0 ms max latency.
3292 records sent, 658.4 records/sec (6.43 MB/sec), 3812.2 ms avg latency, 4745.0 ms max latency.
16666 records sent, 305.826223 records/sec (2.99 MB/sec), 5220.10 ms avg latency, 9185.00 ms max latency, 4966 ms 50th, 8054 ms 95th, 8853 ms 99th, 9030 ms 99.9th.
----- /var/lib/kafka-client/results/security-overhead-final-factorial-tls-b5-rf5-isr3-msg10240-tps10000-batch16384-acksall-prod6-complz4-trial2/producer-perf-6.log -----
producer_index=6
producer_count=6
producer_records=16666
producer_throughput=1666
1 records sent, 0.1 records/sec (0.00 MB/sec), 10157.0 ms avg latency, 10157.0 ms max latency.
275 records sent, 54.6 records/sec (0.53 MB/sec), 4709.6 ms avg latency, 6157.0 ms max latency.
922 records sent, 184.4 records/sec (1.80 MB/sec), 7486.6 ms avg latency, 8403.0 ms max latency.
1700 records sent, 339.4 records/sec (3.31 MB/sec), 8226.5 ms avg latency, 9631.0 ms max latency.
1877 records sent, 375.3 records/sec (3.67 MB/sec), 5747.7 ms avg latency, 6549.0 ms max latency.
2040 records sent, 406.2 records/sec (3.97 MB/sec), 5202.8 ms avg latency, 5729.0 ms max latency.
2255 records sent, 450.5 records/sec (4.40 MB/sec), 4750.2 ms avg latency, 5127.0 ms max latency.
2406 records sent, 480.1 records/sec (4.69 MB/sec), 4486.4 ms avg latency, 5083.0 ms max latency.
2361 records sent, 471.7 records/sec (4.61 MB/sec), 4319.3 ms avg latency, 4677.0 ms max latency.
16666 records sent, 307.496448 records/sec (3.00 MB/sec), 5104.47 ms avg latency, 10157.00 ms max latency, 4748 ms 50th, 8526 ms 95th, 9207 ms 99th, 9535 ms 99.9th.
