run_id=security-overhead-final-factorial-tls-b3-rf3-isr3-msg10240-tps10000-batch16384-acks1-prod12-compnone-trial3
producer_count=12
----- /var/lib/kafka-client/results/security-overhead-final-factorial-tls-b3-rf3-isr3-msg10240-tps10000-batch16384-acks1-prod12-compnone-trial3/producer-perf-1.log -----
producer_index=1
producer_count=12
producer_records=8334
producer_throughput=834
1 records sent, 0.1 records/sec (0.00 MB/sec), 14648.0 ms avg latency, 14648.0 ms max latency.
146 records sent, 29.2 records/sec (0.28 MB/sec), 5505.9 ms avg latency, 7496.0 ms max latency.
444 records sent, 88.5 records/sec (0.86 MB/sec), 9104.8 ms avg latency, 10871.0 ms max latency.
782 records sent, 155.6 records/sec (1.52 MB/sec), 11961.4 ms avg latency, 13248.0 ms max latency.
1137 records sent, 226.9 records/sec (2.22 MB/sec), 13532.0 ms avg latency, 15178.0 ms max latency.
1397 records sent, 274.2 records/sec (2.68 MB/sec), 9105.8 ms avg latency, 11284.0 ms max latency.
1548 records sent, 309.1 records/sec (3.02 MB/sec), 7231.4 ms avg latency, 7816.0 ms max latency.
2092 records sent, 416.7 records/sec (4.07 MB/sec), 5809.2 ms avg latency, 6792.0 ms max latency.
8334 records sent, 160.287726 records/sec (1.57 MB/sec), 8320.81 ms avg latency, 15178.00 ms max latency, 7531 ms 50th, 13967 ms 95th, 14737 ms 99th, 15083 ms 99.9th.
----- /var/lib/kafka-client/results/security-overhead-final-factorial-tls-b3-rf3-isr3-msg10240-tps10000-batch16384-acks1-prod12-compnone-trial3/producer-perf-2.log -----
producer_index=2
producer_count=12
producer_records=8334
producer_throughput=834
1 records sent, 0.1 records/sec (0.00 MB/sec), 3277.0 ms avg latency, 3277.0 ms max latency.
182 records sent, 36.3 records/sec (0.35 MB/sec), 5779.2 ms avg latency, 15897.0 ms max latency.
343 records sent, 68.3 records/sec (0.67 MB/sec), 8707.9 ms avg latency, 10892.0 ms max latency.
617 records sent, 122.6 records/sec (1.20 MB/sec), 12634.1 ms avg latency, 14464.0 ms max latency.
1122 records sent, 224.3 records/sec (2.19 MB/sec), 15427.0 ms avg latency, 16918.0 ms max latency.
1444 records sent, 288.2 records/sec (2.81 MB/sec), 9496.8 ms avg latency, 14928.0 ms max latency.
1630 records sent, 325.0 records/sec (3.17 MB/sec), 6950.6 ms avg latency, 7544.0 ms max latency.
2062 records sent, 411.1 records/sec (4.01 MB/sec), 5714.9 ms avg latency, 6584.0 ms max latency.
8334 records sent, 158.215472 records/sec (1.55 MB/sec), 8428.93 ms avg latency, 16918.00 ms max latency, 7030 ms 50th, 15763 ms 95th, 16479 ms 99th, 16782 ms 99.9th.
----- /var/lib/kafka-client/results/security-overhead-final-factorial-tls-b3-rf3-isr3-msg10240-tps10000-batch16384-acks1-prod12-compnone-trial3/producer-perf-3.log -----
producer_index=3
producer_count=12
producer_records=8334
producer_throughput=834
1 records sent, 0.1 records/sec (0.00 MB/sec), 3195.0 ms avg latency, 3195.0 ms max latency.
152 records sent, 29.7 records/sec (0.29 MB/sec), 5814.9 ms avg latency, 14887.0 ms max latency.
366 records sent, 72.5 records/sec (0.71 MB/sec), 9173.0 ms avg latency, 11136.0 ms max latency.
588 records sent, 117.2 records/sec (1.15 MB/sec), 12801.4 ms avg latency, 14200.0 ms max latency.
712 records sent, 142.3 records/sec (1.39 MB/sec), 15774.0 ms avg latency, 17516.0 ms max latency.
857 records sent, 171.2 records/sec (1.67 MB/sec), 16538.9 ms avg latency, 18856.0 ms max latency.
1391 records sent, 277.2 records/sec (2.71 MB/sec), 11312.4 ms avg latency, 13856.0 ms max latency.
1682 records sent, 331.2 records/sec (3.23 MB/sec), 7043.8 ms avg latency, 8965.0 ms max latency.
8334 records sent, 155.636065 records/sec (1.52 MB/sec), 9194.25 ms avg latency, 18856.00 ms max latency, 8025 ms 50th, 17248 ms 95th, 18346 ms 99th, 18708 ms 99.9th.
----- /var/lib/kafka-client/results/security-overhead-final-factorial-tls-b3-rf3-isr3-msg10240-tps10000-batch16384-acks1-prod12-compnone-trial3/producer-perf-4.log -----
producer_index=4
producer_count=12
producer_records=8334
producer_throughput=834
1 records sent, 0.1 records/sec (0.00 MB/sec), 3780.0 ms avg latency, 3780.0 ms max latency.
160 records sent, 31.5 records/sec (0.31 MB/sec), 6386.4 ms avg latency, 15687.0 ms max latency.
402 records sent, 79.6 records/sec (0.78 MB/sec), 9621.3 ms avg latency, 11474.0 ms max latency.
694 records sent, 138.3 records/sec (1.35 MB/sec), 12990.2 ms avg latency, 14609.0 ms max latency.
1124 records sent, 224.0 records/sec (2.19 MB/sec), 15180.5 ms avg latency, 16488.0 ms max latency.
1538 records sent, 306.5 records/sec (2.99 MB/sec), 8999.7 ms avg latency, 13025.0 ms max latency.
1612 records sent, 321.2 records/sec (3.14 MB/sec), 6607.1 ms avg latency, 7360.0 ms max latency.
1924 records sent, 384.6 records/sec (3.76 MB/sec), 6130.9 ms avg latency, 6557.0 ms max latency.
8334 records sent, 157.117810 records/sec (1.53 MB/sec), 8595.79 ms avg latency, 16488.00 ms max latency, 6887 ms 50th, 15580 ms 95th, 16221 ms 99th, 16408 ms 99.9th.
----- /var/lib/kafka-client/results/security-overhead-final-factorial-tls-b3-rf3-isr3-msg10240-tps10000-batch16384-acks1-prod12-compnone-trial3/producer-perf-5.log -----
producer_index=5
producer_count=12
producer_records=8333
producer_throughput=833
1 records sent, 0.1 records/sec (0.00 MB/sec), 14562.0 ms avg latency, 14562.0 ms max latency.
146 records sent, 28.7 records/sec (0.28 MB/sec), 5820.9 ms avg latency, 7472.0 ms max latency.
342 records sent, 67.7 records/sec (0.66 MB/sec), 9048.4 ms avg latency, 11116.0 ms max latency.
568 records sent, 113.3 records/sec (1.11 MB/sec), 12843.9 ms avg latency, 14322.0 ms max latency.
926 records sent, 184.2 records/sec (1.80 MB/sec), 15893.0 ms avg latency, 17160.0 ms max latency.
1356 records sent, 270.8 records/sec (2.64 MB/sec), 12047.5 ms avg latency, 17510.0 ms max latency.
1650 records sent, 328.5 records/sec (3.21 MB/sec), 7224.9 ms avg latency, 8606.0 ms max latency.
2042 records sent, 406.5 records/sec (3.97 MB/sec), 5826.9 ms avg latency, 6552.0 ms max latency.
8333 records sent, 157.968569 records/sec (1.54 MB/sec), 8655.79 ms avg latency, 17510.00 ms max latency, 7046 ms 50th, 16501 ms 95th, 17155 ms 99th, 17386 ms 99.9th.
----- /var/lib/kafka-client/results/security-overhead-final-factorial-tls-b3-rf3-isr3-msg10240-tps10000-batch16384-acks1-prod12-compnone-trial3/producer-perf-6.log -----
producer_index=6
producer_count=12
producer_records=8333
producer_throughput=833
1 records sent, 0.1 records/sec (0.00 MB/sec), 13935.0 ms avg latency, 13935.0 ms max latency.
146 records sent, 28.7 records/sec (0.28 MB/sec), 5602.2 ms avg latency, 7501.0 ms max latency.
388 records sent, 76.7 records/sec (0.75 MB/sec), 9085.5 ms avg latency, 10876.0 ms max latency.
751 records sent, 149.9 records/sec (1.46 MB/sec), 12194.9 ms avg latency, 13583.0 ms max latency.
1063 records sent, 212.0 records/sec (2.07 MB/sec), 14452.9 ms avg latency, 15878.0 ms max latency.
1360 records sent, 271.1 records/sec (2.65 MB/sec), 9672.6 ms avg latency, 12925.0 ms max latency.
1438 records sent, 287.3 records/sec (2.81 MB/sec), 7570.7 ms avg latency, 8324.0 ms max latency.
1768 records sent, 352.0 records/sec (3.44 MB/sec), 6722.2 ms avg latency, 7405.0 ms max latency.
8333 records sent, 157.807026 records/sec (1.54 MB/sec), 8673.06 ms avg latency, 15878.00 ms max latency, 7551 ms 50th, 14689 ms 95th, 15356 ms 99th, 15675 ms 99.9th.
----- /var/lib/kafka-client/results/security-overhead-final-factorial-tls-b3-rf3-isr3-msg10240-tps10000-batch16384-acks1-prod12-compnone-trial3/producer-perf-7.log -----
producer_index=7
producer_count=12
producer_records=8333
producer_throughput=833
1 records sent, 0.1 records/sec (0.00 MB/sec), 2998.0 ms avg latency, 2998.0 ms max latency.
140 records sent, 28.0 records/sec (0.27 MB/sec), 5699.7 ms avg latency, 14246.0 ms max latency.
348 records sent, 69.2 records/sec (0.68 MB/sec), 8956.3 ms avg latency, 10867.0 ms max latency.
552 records sent, 110.2 records/sec (1.08 MB/sec), 12807.0 ms avg latency, 14355.0 ms max latency.
1084 records sent, 214.8 records/sec (2.10 MB/sec), 15738.8 ms avg latency, 16660.0 ms max latency.
1392 records sent, 277.7 records/sec (2.71 MB/sec), 10513.3 ms avg latency, 16758.0 ms max latency.
1564 records sent, 311.2 records/sec (3.04 MB/sec), 7146.2 ms avg latency, 7808.0 ms max latency.
2056 records sent, 410.4 records/sec (4.01 MB/sec), 6013.9 ms avg latency, 6812.0 ms max latency.
8333 records sent, 159.148205 records/sec (1.55 MB/sec), 8602.00 ms avg latency, 16758.00 ms max latency, 7053 ms 50th, 16153 ms 95th, 16476 ms 99th, 16660 ms 99.9th.
----- /var/lib/kafka-client/results/security-overhead-final-factorial-tls-b3-rf3-isr3-msg10240-tps10000-batch16384-acks1-prod12-compnone-trial3/producer-perf-8.log -----
producer_index=8
producer_count=12
producer_records=8333
producer_throughput=833
1 records sent, 0.1 records/sec (0.00 MB/sec), 14795.0 ms avg latency, 14795.0 ms max latency.
158 records sent, 30.9 records/sec (0.30 MB/sec), 5363.3 ms avg latency, 7037.0 ms max latency.
372 records sent, 73.5 records/sec (0.72 MB/sec), 8397.7 ms avg latency, 10447.0 ms max latency.
592 records sent, 118.0 records/sec (1.15 MB/sec), 11926.5 ms avg latency, 13486.0 ms max latency.
986 records sent, 194.9 records/sec (1.90 MB/sec), 14985.8 ms avg latency, 16386.0 ms max latency.
1432 records sent, 286.3 records/sec (2.80 MB/sec), 11035.4 ms avg latency, 16627.0 ms max latency.
1626 records sent, 325.1 records/sec (3.17 MB/sec), 6877.0 ms avg latency, 7762.0 ms max latency.
2002 records sent, 399.4 records/sec (3.90 MB/sec), 5817.7 ms avg latency, 6411.0 ms max latency.
8333 records sent, 157.562350 records/sec (1.54 MB/sec), 8412.13 ms avg latency, 16627.00 ms max latency, 6845 ms 50th, 15516 ms 95th, 16188 ms 99th, 16524 ms 99.9th.
----- /var/lib/kafka-client/results/security-overhead-final-factorial-tls-b3-rf3-isr3-msg10240-tps10000-batch16384-acks1-prod12-compnone-trial3/producer-perf-9.log -----
producer_index=9
producer_count=12
producer_records=8333
producer_throughput=833
1 records sent, 0.1 records/sec (0.00 MB/sec), 3013.0 ms avg latency, 3013.0 ms max latency.
152 records sent, 30.0 records/sec (0.29 MB/sec), 5505.1 ms avg latency, 14048.0 ms max latency.
384 records sent, 76.6 records/sec (0.75 MB/sec), 8875.0 ms avg latency, 10730.0 ms max latency.
648 records sent, 129.5 records/sec (1.26 MB/sec), 12253.4 ms avg latency, 14025.0 ms max latency.
1074 records sent, 213.6 records/sec (2.09 MB/sec), 15109.7 ms avg latency, 16338.0 ms max latency.
1378 records sent, 275.0 records/sec (2.69 MB/sec), 10125.6 ms avg latency, 14260.0 ms max latency.
1666 records sent, 332.9 records/sec (3.25 MB/sec), 6913.5 ms avg latency, 7944.0 ms max latency.
2018 records sent, 403.4 records/sec (3.94 MB/sec), 5765.0 ms avg latency, 6403.0 ms max latency.
8333 records sent, 160.394972 records/sec (1.57 MB/sec), 8443.39 ms avg latency, 16338.00 ms max latency, 7009 ms 50th, 15360 ms 95th, 16072 ms 99th, 16271 ms 99.9th.
----- /var/lib/kafka-client/results/security-overhead-final-factorial-tls-b3-rf3-isr3-msg10240-tps10000-batch16384-acks1-prod12-compnone-trial3/producer-perf-10.log -----
producer_index=10
producer_count=12
producer_records=8333
producer_throughput=833
1 records sent, 0.1 records/sec (0.00 MB/sec), 14143.0 ms avg latency, 14143.0 ms max latency.
134 records sent, 26.7 records/sec (0.26 MB/sec), 5560.9 ms avg latency, 7480.0 ms max latency.
378 records sent, 75.4 records/sec (0.74 MB/sec), 9045.5 ms avg latency, 10905.0 ms max latency.
772 records sent, 153.2 records/sec (1.50 MB/sec), 12170.5 ms avg latency, 13467.0 ms max latency.
1108 records sent, 220.8 records/sec (2.16 MB/sec), 14205.2 ms avg latency, 15489.0 ms max latency.
1406 records sent, 277.5 records/sec (2.71 MB/sec), 9381.6 ms avg latency, 12409.0 ms max latency.
1700 records sent, 339.2 records/sec (3.31 MB/sec), 6778.3 ms avg latency, 7798.0 ms max latency.
1854 records sent, 370.3 records/sec (3.62 MB/sec), 5899.0 ms avg latency, 6278.0 ms max latency.
8333 records sent, 160.222269 records/sec (1.56 MB/sec), 8403.38 ms avg latency, 15489.00 ms max latency, 7126 ms 50th, 14532 ms 95th, 15154 ms 99th, 15418 ms 99.9th.
----- /var/lib/kafka-client/results/security-overhead-final-factorial-tls-b3-rf3-isr3-msg10240-tps10000-batch16384-acks1-prod12-compnone-trial3/producer-perf-11.log -----
producer_index=11
producer_count=12
producer_records=8333
producer_throughput=833
1 records sent, 0.1 records/sec (0.00 MB/sec), 14037.0 ms avg latency, 14037.0 ms max latency.
134 records sent, 26.7 records/sec (0.26 MB/sec), 4643.4 ms avg latency, 6905.0 ms max latency.
366 records sent, 72.6 records/sec (0.71 MB/sec), 8249.4 ms avg latency, 10050.0 ms max latency.
617 records sent, 123.2 records/sec (1.20 MB/sec), 11461.5 ms avg latency, 13171.0 ms max latency.
885 records sent, 176.8 records/sec (1.73 MB/sec), 14696.1 ms avg latency, 16226.0 ms max latency.
1403 records sent, 279.3 records/sec (2.73 MB/sec), 11914.7 ms avg latency, 16804.0 ms max latency.
1545 records sent, 307.8 records/sec (3.01 MB/sec), 7122.5 ms avg latency, 8592.0 ms max latency.
1822 records sent, 363.2 records/sec (3.55 MB/sec), 6403.5 ms avg latency, 6769.0 ms max latency.
8333 records sent, 157.063425 records/sec (1.53 MB/sec), 8512.75 ms avg latency, 16804.00 ms max latency, 6814 ms 50th, 15502 ms 95th, 16201 ms 99th, 16645 ms 99.9th.
----- /var/lib/kafka-client/results/security-overhead-final-factorial-tls-b3-rf3-isr3-msg10240-tps10000-batch16384-acks1-prod12-compnone-trial3/producer-perf-12.log -----
producer_index=12
producer_count=12
producer_records=8333
producer_throughput=833
1 records sent, 0.1 records/sec (0.00 MB/sec), 13539.0 ms avg latency, 13539.0 ms max latency.
126 records sent, 24.7 records/sec (0.24 MB/sec), 5082.1 ms avg latency, 6893.0 ms max latency.
348 records sent, 68.8 records/sec (0.67 MB/sec), 8539.6 ms avg latency, 10287.0 ms max latency.
582 records sent, 116.3 records/sec (1.14 MB/sec), 12158.7 ms avg latency, 13437.0 ms max latency.
990 records sent, 197.8 records/sec (1.93 MB/sec), 14920.8 ms avg latency, 16355.0 ms max latency.
1412 records sent, 281.5 records/sec (2.75 MB/sec), 11170.6 ms avg latency, 16555.0 ms max latency.
1762 records sent, 350.9 records/sec (3.43 MB/sec), 6671.9 ms avg latency, 7993.0 ms max latency.
1894 records sent, 378.6 records/sec (3.70 MB/sec), 5708.5 ms avg latency, 5961.0 ms max latency.
8333 records sent, 159.516836 records/sec (1.56 MB/sec), 8419.59 ms avg latency, 16555.00 ms max latency, 6669 ms 50th, 15539 ms 95th, 16236 ms 99th, 16481 ms 99.9th.
