run_id=security-overhead-final-factorial-mtls-b5-rf5-isr3-msg10240-tps10000-batch16384-acks1-prod6-compnone-trial3
producer_count=6
----- /var/lib/kafka-client/results/security-overhead-final-factorial-mtls-b5-rf5-isr3-msg10240-tps10000-batch16384-acks1-prod6-compnone-trial3/producer-perf-1.log -----
producer_index=1
producer_count=6
producer_records=16667
producer_throughput=1667
1 records sent, 0.1 records/sec (0.00 MB/sec), 3286.0 ms avg latency, 3286.0 ms max latency.
581 records sent, 115.7 records/sec (1.13 MB/sec), 5064.2 ms avg latency, 8576.0 ms max latency.
2073 records sent, 414.3 records/sec (4.05 MB/sec), 7332.1 ms avg latency, 9206.0 ms max latency.
2835 records sent, 564.7 records/sec (5.52 MB/sec), 3901.5 ms avg latency, 4941.0 ms max latency.
2982 records sent, 595.2 records/sec (5.81 MB/sec), 3465.7 ms avg latency, 3647.0 ms max latency.
3102 records sent, 619.0 records/sec (6.05 MB/sec), 3334.7 ms avg latency, 3575.0 ms max latency.
3610 records sent, 721.9 records/sec (7.05 MB/sec), 3043.6 ms avg latency, 3355.0 ms max latency.
16667 records sent, 420.830703 records/sec (4.11 MB/sec), 3848.71 ms avg latency, 9206.00 ms max latency, 3432 ms 50th, 7695 ms 95th, 8509 ms 99th, 9007 ms 99.9th.
----- /var/lib/kafka-client/results/security-overhead-final-factorial-mtls-b5-rf5-isr3-msg10240-tps10000-batch16384-acks1-prod6-compnone-trial3/producer-perf-2.log -----
producer_index=2
producer_count=6
producer_records=16667
producer_throughput=1667
1 records sent, 0.1 records/sec (0.00 MB/sec), 3153.0 ms avg latency, 3153.0 ms max latency.
709 records sent, 141.8 records/sec (1.38 MB/sec), 4085.0 ms avg latency, 8327.0 ms max latency.
2281 records sent, 455.3 records/sec (4.45 MB/sec), 5722.8 ms avg latency, 7124.0 ms max latency.
2812 records sent, 562.0 records/sec (5.49 MB/sec), 3809.2 ms avg latency, 4358.0 ms max latency.
3196 records sent, 637.5 records/sec (6.23 MB/sec), 3380.7 ms avg latency, 3601.0 ms max latency.
3336 records sent, 666.5 records/sec (6.51 MB/sec), 3094.3 ms avg latency, 3236.0 ms max latency.
3987 records sent, 797.1 records/sec (7.78 MB/sec), 2727.3 ms avg latency, 3039.0 ms max latency.
16667 records sent, 428.700036 records/sec (4.19 MB/sec), 3570.16 ms avg latency, 8327.00 ms max latency, 3242 ms 50th, 6134 ms 95th, 6872 ms 99th, 7109 ms 99.9th.
----- /var/lib/kafka-client/results/security-overhead-final-factorial-mtls-b5-rf5-isr3-msg10240-tps10000-batch16384-acks1-prod6-compnone-trial3/producer-perf-3.log -----
producer_index=3
producer_count=6
producer_records=16667
producer_throughput=1667
1 records sent, 0.1 records/sec (0.00 MB/sec), 3368.0 ms avg latency, 3368.0 ms max latency.
777 records sent, 155.2 records/sec (1.52 MB/sec), 4984.1 ms avg latency, 8704.0 ms max latency.
2219 records sent, 443.3 records/sec (4.33 MB/sec), 6544.8 ms avg latency, 8474.0 ms max latency.
3371 records sent, 674.1 records/sec (6.58 MB/sec), 3472.7 ms avg latency, 4659.0 ms max latency.
3231 records sent, 644.0 records/sec (6.29 MB/sec), 3080.9 ms avg latency, 3338.0 ms max latency.
3305 records sent, 660.3 records/sec (6.45 MB/sec), 3117.7 ms avg latency, 3336.0 ms max latency.
16667 records sent, 433.833099 records/sec (4.24 MB/sec), 3633.32 ms avg latency, 8704.00 ms max latency, 3127 ms 50th, 7118 ms 95th, 7787 ms 99th, 8300 ms 99.9th.
----- /var/lib/kafka-client/results/security-overhead-final-factorial-mtls-b5-rf5-isr3-msg10240-tps10000-batch16384-acks1-prod6-compnone-trial3/producer-perf-4.log -----
producer_index=4
producer_count=6
producer_records=16667
producer_throughput=1667
1 records sent, 0.1 records/sec (0.00 MB/sec), 3006.0 ms avg latency, 3006.0 ms max latency.
639 records sent, 127.5 records/sec (1.25 MB/sec), 5196.8 ms avg latency, 8102.0 ms max latency.
1815 records sent, 361.7 records/sec (3.53 MB/sec), 7613.9 ms avg latency, 9305.0 ms max latency.
2859 records sent, 571.5 records/sec (5.58 MB/sec), 4322.8 ms avg latency, 6179.0 ms max latency.
3304 records sent, 660.4 records/sec (6.45 MB/sec), 3152.8 ms avg latency, 3383.0 ms max latency.
3473 records sent, 694.0 records/sec (6.78 MB/sec), 3042.5 ms avg latency, 3313.0 ms max latency.
3745 records sent, 748.6 records/sec (7.31 MB/sec), 2839.9 ms avg latency, 3141.0 ms max latency.
16667 records sent, 425.678092 records/sec (4.16 MB/sec), 3782.73 ms avg latency, 9305.00 ms max latency, 3116 ms 50th, 7710 ms 95th, 8597 ms 99th, 9121 ms 99.9th.
----- /var/lib/kafka-client/results/security-overhead-final-factorial-mtls-b5-rf5-isr3-msg10240-tps10000-batch16384-acks1-prod6-compnone-trial3/producer-perf-5.log -----
producer_index=5
producer_count=6
producer_records=16666
producer_throughput=1666
1 records sent, 0.1 records/sec (0.00 MB/sec), 2948.0 ms avg latency, 2948.0 ms max latency.
584 records sent, 116.1 records/sec (1.13 MB/sec), 4924.7 ms avg latency, 7943.0 ms max latency.
1887 records sent, 376.0 records/sec (3.67 MB/sec), 7054.1 ms avg latency, 8232.0 ms max latency.
3010 records sent, 601.5 records/sec (5.87 MB/sec), 3881.1 ms avg latency, 5882.0 ms max latency.
3132 records sent, 624.9 records/sec (6.10 MB/sec), 3342.1 ms avg latency, 3605.0 ms max latency.
3232 records sent, 644.2 records/sec (6.29 MB/sec), 3309.3 ms avg latency, 3493.0 ms max latency.
3571 records sent, 714.1 records/sec (6.97 MB/sec), 2965.3 ms avg latency, 3267.0 ms max latency.
16666 records sent, 421.049972 records/sec (4.11 MB/sec), 3761.50 ms avg latency, 8232.00 ms max latency, 3345 ms 50th, 7252 ms 95th, 7937 ms 99th, 8134 ms 99.9th.
----- /var/lib/kafka-client/results/security-overhead-final-factorial-mtls-b5-rf5-isr3-msg10240-tps10000-batch16384-acks1-prod6-compnone-trial3/producer-perf-6.log -----
producer_index=6
producer_count=6
producer_records=16666
producer_throughput=1666
1 records sent, 0.1 records/sec (0.00 MB/sec), 3033.0 ms avg latency, 3033.0 ms max latency.
727 records sent, 145.2 records/sec (1.42 MB/sec), 4739.9 ms avg latency, 8653.0 ms max latency.
2064 records sent, 412.7 records/sec (4.03 MB/sec), 6768.9 ms avg latency, 8267.0 ms max latency.
2973 records sent, 594.5 records/sec (5.81 MB/sec), 3796.5 ms avg latency, 4993.0 ms max latency.
3160 records sent, 627.7 records/sec (6.13 MB/sec), 3229.3 ms avg latency, 3473.0 ms max latency.
3377 records sent, 673.0 records/sec (6.57 MB/sec), 3105.6 ms avg latency, 3374.0 ms max latency.
4123 records sent, 823.9 records/sec (8.05 MB/sec), 2790.6 ms avg latency, 3319.0 ms max latency.
16666 records sent, 426.120529 records/sec (4.16 MB/sec), 3684.90 ms avg latency, 8653.00 ms max latency, 3201 ms 50th, 7120 ms 95th, 7839 ms 99th, 8170 ms 99.9th.
