run_id=security-overhead-final-factorial-mtls-b5-rf5-isr4-msg10240-tps10000-batch131072-acks1-prod6-compnone-trial3
producer_count=6
----- /var/lib/kafka-client/results/security-overhead-final-factorial-mtls-b5-rf5-isr4-msg10240-tps10000-batch131072-acks1-prod6-compnone-trial3/producer-perf-1.log -----
producer_index=1
producer_count=6
producer_records=16667
producer_throughput=1667
1 records sent, 0.1 records/sec (0.00 MB/sec), 9205.0 ms avg latency, 9205.0 ms max latency.
1560 records sent, 307.4 records/sec (3.00 MB/sec), 3925.0 ms avg latency, 5097.0 ms max latency.
3288 records sent, 647.2 records/sec (6.32 MB/sec), 5168.7 ms avg latency, 6787.0 ms max latency.
3228 records sent, 643.0 records/sec (6.28 MB/sec), 4810.1 ms avg latency, 5408.0 ms max latency.
16667 records sent, 603.920574 records/sec (5.90 MB/sec), 3251.82 ms avg latency, 9205.00 ms max latency, 4070 ms 50th, 5406 ms 95th, 6034 ms 99th, 6653 ms 99.9th.
----- /var/lib/kafka-client/results/security-overhead-final-factorial-mtls-b5-rf5-isr4-msg10240-tps10000-batch131072-acks1-prod6-compnone-trial3/producer-perf-2.log -----
producer_index=2
producer_count=6
producer_records=16667
producer_throughput=1667
1 records sent, 0.1 records/sec (0.00 MB/sec), 9863.0 ms avg latency, 9863.0 ms max latency.
1440 records sent, 284.6 records/sec (2.78 MB/sec), 4398.8 ms avg latency, 5725.0 ms max latency.
3168 records sent, 633.1 records/sec (6.18 MB/sec), 5951.7 ms avg latency, 7333.0 ms max latency.
6348 records sent, 1268.3 records/sec (12.39 MB/sec), 3094.0 ms avg latency, 5676.0 ms max latency.
16667 records sent, 595.994994 records/sec (5.82 MB/sec), 3045.05 ms avg latency, 9863.00 ms max latency, 2437 ms 50th, 6327 ms 95th, 6813 ms 99th, 7272 ms 99.9th.
----- /var/lib/kafka-client/results/security-overhead-final-factorial-mtls-b5-rf5-isr4-msg10240-tps10000-batch131072-acks1-prod6-compnone-trial3/producer-perf-3.log -----
producer_index=3
producer_count=6
producer_records=16667
producer_throughput=1667
1 records sent, 0.1 records/sec (0.00 MB/sec), 9166.0 ms avg latency, 9166.0 ms max latency.
1440 records sent, 282.6 records/sec (2.76 MB/sec), 4897.6 ms avg latency, 6185.0 ms max latency.
5184 records sent, 1030.2 records/sec (10.06 MB/sec), 4378.3 ms avg latency, 6761.0 ms max latency.
8940 records sent, 1785.9 records/sec (17.44 MB/sec), 1497.8 ms avg latency, 2729.0 ms max latency.
16667 records sent, 664.103279 records/sec (6.49 MB/sec), 2634.75 ms avg latency, 9166.00 ms max latency, 1956 ms 50th, 5888 ms 95th, 6348 ms 99th, 6722 ms 99.9th.
----- /var/lib/kafka-client/results/security-overhead-final-factorial-mtls-b5-rf5-isr4-msg10240-tps10000-batch131072-acks1-prod6-compnone-trial3/producer-perf-4.log -----
producer_index=4
producer_count=6
producer_records=16667
producer_throughput=1667
1 records sent, 0.1 records/sec (0.00 MB/sec), 9308.0 ms avg latency, 9308.0 ms max latency.
1296 records sent, 256.2 records/sec (2.50 MB/sec), 4634.3 ms avg latency, 5861.0 ms max latency.
4080 records sent, 814.9 records/sec (7.96 MB/sec), 4702.6 ms avg latency, 6279.0 ms max latency.
3816 records sent, 759.7 records/sec (7.42 MB/sec), 4490.0 ms avg latency, 5169.0 ms max latency.
16667 records sent, 593.237231 records/sec (5.79 MB/sec), 3247.93 ms avg latency, 9308.00 ms max latency, 3704 ms 50th, 5594 ms 95th, 5985 ms 99th, 6277 ms 99.9th.
----- /var/lib/kafka-client/results/security-overhead-final-factorial-mtls-b5-rf5-isr4-msg10240-tps10000-batch131072-acks1-prod6-compnone-trial3/producer-perf-5.log -----
producer_index=5
producer_count=6
producer_records=16666
producer_throughput=1666
1 records sent, 0.1 records/sec (0.00 MB/sec), 9994.0 ms avg latency, 9994.0 ms max latency.
1404 records sent, 276.1 records/sec (2.70 MB/sec), 4517.0 ms avg latency, 5916.0 ms max latency.
4212 records sent, 834.6 records/sec (8.15 MB/sec), 5383.0 ms avg latency, 7366.0 ms max latency.
7908 records sent, 1581.3 records/sec (15.44 MB/sec), 1774.7 ms avg latency, 3104.0 ms max latency.
16666 records sent, 616.163857 records/sec (6.02 MB/sec), 2767.95 ms avg latency, 9994.00 ms max latency, 2020 ms 50th, 6713 ms 95th, 7114 ms 99th, 7320 ms 99.9th.
----- /var/lib/kafka-client/results/security-overhead-final-factorial-mtls-b5-rf5-isr4-msg10240-tps10000-batch131072-acks1-prod6-compnone-trial3/producer-perf-6.log -----
producer_index=6
producer_count=6
producer_records=16666
producer_throughput=1666
1 records sent, 0.1 records/sec (0.00 MB/sec), 9689.0 ms avg latency, 9689.0 ms max latency.
1440 records sent, 285.7 records/sec (2.79 MB/sec), 5000.8 ms avg latency, 6191.0 ms max latency.
3516 records sent, 696.9 records/sec (6.81 MB/sec), 5334.6 ms avg latency, 6651.0 ms max latency.
4572 records sent, 910.0 records/sec (8.89 MB/sec), 4252.9 ms avg latency, 5401.0 ms max latency.
16666 records sent, 591.685305 records/sec (5.78 MB/sec), 3154.08 ms avg latency, 9689.00 ms max latency, 3810 ms 50th, 6058 ms 95th, 6392 ms 99th, 6602 ms 99.9th.
