run_id=security-overhead-final-factorial-mtls-b5-rf3-isr3-msg10240-tps1000-batch131072-acks1-prod6-compnone-trial2
producer_count=6
----- /var/lib/kafka-client/results/security-overhead-final-factorial-mtls-b5-rf3-isr3-msg10240-tps1000-batch131072-acks1-prod6-compnone-trial2/producer-perf-1.log -----
producer_index=1
producer_count=6
producer_records=16667
producer_throughput=167
1 records sent, 0.1 records/sec (0.00 MB/sec), 2046.0 ms avg latency, 2046.0 ms max latency.
1668 records sent, 332.1 records/sec (3.24 MB/sec), 3934.8 ms avg latency, 7777.0 ms max latency.
1312 records sent, 262.1 records/sec (2.56 MB/sec), 800.5 ms avg latency, 6166.0 ms max latency.
836 records sent, 167.1 records/sec (1.63 MB/sec), 8.8 ms avg latency, 29.0 ms max latency.
835 records sent, 166.9 records/sec (1.63 MB/sec), 7.7 ms avg latency, 21.0 ms max latency.
837 records sent, 167.1 records/sec (1.63 MB/sec), 7.6 ms avg latency, 18.0 ms max latency.
836 records sent, 167.2 records/sec (1.63 MB/sec), 7.6 ms avg latency, 31.0 ms max latency.
837 records sent, 167.2 records/sec (1.63 MB/sec), 7.3 ms avg latency, 19.0 ms max latency.
836 records sent, 167.1 records/sec (1.63 MB/sec), 7.1 ms avg latency, 22.0 ms max latency.
837 records sent, 167.3 records/sec (1.63 MB/sec), 6.6 ms avg latency, 31.0 ms max latency.
835 records sent, 167.0 records/sec (1.63 MB/sec), 6.3 ms avg latency, 25.0 ms max latency.
835 records sent, 167.0 records/sec (1.63 MB/sec), 6.3 ms avg latency, 21.0 ms max latency.
837 records sent, 167.3 records/sec (1.63 MB/sec), 7.9 ms avg latency, 76.0 ms max latency.
836 records sent, 167.2 records/sec (1.63 MB/sec), 6.0 ms avg latency, 15.0 ms max latency.
836 records sent, 167.0 records/sec (1.63 MB/sec), 5.9 ms avg latency, 9.0 ms max latency.
836 records sent, 167.1 records/sec (1.63 MB/sec), 5.9 ms avg latency, 8.0 ms max latency.
835 records sent, 166.9 records/sec (1.63 MB/sec), 6.0 ms avg latency, 21.0 ms max latency.
836 records sent, 167.0 records/sec (1.63 MB/sec), 6.0 ms avg latency, 20.0 ms max latency.
837 records sent, 167.2 records/sec (1.63 MB/sec), 6.0 ms avg latency, 22.0 ms max latency.
16667 records sent, 166.935427 records/sec (1.63 MB/sec), 462.50 ms avg latency, 7777.00 ms max latency, 6 ms 50th, 4158 ms 95th, 5104 ms 99th, 6025 ms 99.9th.
----- /var/lib/kafka-client/results/security-overhead-final-factorial-mtls-b5-rf3-isr3-msg10240-tps1000-batch131072-acks1-prod6-compnone-trial2/producer-perf-2.log -----
producer_index=2
producer_count=6
producer_records=16667
producer_throughput=167
1 records sent, 0.1 records/sec (0.00 MB/sec), 3203.0 ms avg latency, 3203.0 ms max latency.
1932 records sent, 385.8 records/sec (3.77 MB/sec), 3079.3 ms avg latency, 8212.0 ms max latency.
1115 records sent, 222.5 records/sec (2.17 MB/sec), 335.2 ms avg latency, 2904.0 ms max latency.
838 records sent, 167.2 records/sec (1.63 MB/sec), 8.7 ms avg latency, 34.0 ms max latency.
837 records sent, 167.2 records/sec (1.63 MB/sec), 7.9 ms avg latency, 32.0 ms max latency.
835 records sent, 167.0 records/sec (1.63 MB/sec), 7.8 ms avg latency, 34.0 ms max latency.
836 records sent, 167.2 records/sec (1.63 MB/sec), 7.6 ms avg latency, 36.0 ms max latency.
836 records sent, 166.9 records/sec (1.63 MB/sec), 7.4 ms avg latency, 16.0 ms max latency.
837 records sent, 167.3 records/sec (1.63 MB/sec), 7.1 ms avg latency, 20.0 ms max latency.
836 records sent, 167.1 records/sec (1.63 MB/sec), 6.5 ms avg latency, 13.0 ms max latency.
835 records sent, 166.9 records/sec (1.63 MB/sec), 6.4 ms avg latency, 28.0 ms max latency.
836 records sent, 167.1 records/sec (1.63 MB/sec), 6.4 ms avg latency, 26.0 ms max latency.
836 records sent, 167.1 records/sec (1.63 MB/sec), 6.7 ms avg latency, 42.0 ms max latency.
836 records sent, 167.1 records/sec (1.63 MB/sec), 6.0 ms avg latency, 8.0 ms max latency.
836 records sent, 167.1 records/sec (1.63 MB/sec), 5.9 ms avg latency, 9.0 ms max latency.
836 records sent, 167.0 records/sec (1.63 MB/sec), 5.9 ms avg latency, 9.0 ms max latency.
835 records sent, 166.9 records/sec (1.63 MB/sec), 5.9 ms avg latency, 8.0 ms max latency.
836 records sent, 167.0 records/sec (1.63 MB/sec), 6.0 ms avg latency, 8.0 ms max latency.
836 records sent, 167.1 records/sec (1.63 MB/sec), 6.0 ms avg latency, 16.0 ms max latency.
16667 records sent, 166.933755 records/sec (1.63 MB/sec), 385.07 ms avg latency, 8212.00 ms max latency, 6 ms 50th, 3307 ms 95th, 4144 ms 99th, 4746 ms 99.9th.
----- /var/lib/kafka-client/results/security-overhead-final-factorial-mtls-b5-rf3-isr3-msg10240-tps1000-batch131072-acks1-prod6-compnone-trial2/producer-perf-3.log -----
producer_index=3
producer_count=6
producer_records=16667
producer_throughput=167
1 records sent, 0.1 records/sec (0.00 MB/sec), 3103.0 ms avg latency, 3103.0 ms max latency.
2270 records sent, 453.4 records/sec (4.43 MB/sec), 3395.8 ms avg latency, 8562.0 ms max latency.
837 records sent, 167.3 records/sec (1.63 MB/sec), 12.6 ms avg latency, 38.0 ms max latency.
836 records sent, 167.1 records/sec (1.63 MB/sec), 8.3 ms avg latency, 30.0 ms max latency.
837 records sent, 167.2 records/sec (1.63 MB/sec), 8.0 ms avg latency, 27.0 ms max latency.
836 records sent, 167.0 records/sec (1.63 MB/sec), 7.7 ms avg latency, 39.0 ms max latency.
836 records sent, 166.8 records/sec (1.63 MB/sec), 7.3 ms avg latency, 31.0 ms max latency.
840 records sent, 168.0 records/sec (1.64 MB/sec), 7.5 ms avg latency, 32.0 ms max latency.
837 records sent, 167.2 records/sec (1.63 MB/sec), 7.0 ms avg latency, 13.0 ms max latency.
836 records sent, 167.0 records/sec (1.63 MB/sec), 6.5 ms avg latency, 14.0 ms max latency.
837 records sent, 167.3 records/sec (1.63 MB/sec), 6.4 ms avg latency, 29.0 ms max latency.
836 records sent, 167.1 records/sec (1.63 MB/sec), 6.3 ms avg latency, 28.0 ms max latency.
835 records sent, 167.0 records/sec (1.63 MB/sec), 7.0 ms avg latency, 53.0 ms max latency.
836 records sent, 167.1 records/sec (1.63 MB/sec), 6.0 ms avg latency, 19.0 ms max latency.
835 records sent, 167.0 records/sec (1.63 MB/sec), 5.9 ms avg latency, 13.0 ms max latency.
836 records sent, 167.2 records/sec (1.63 MB/sec), 6.0 ms avg latency, 8.0 ms max latency.
835 records sent, 167.0 records/sec (1.63 MB/sec), 6.0 ms avg latency, 26.0 ms max latency.
835 records sent, 167.0 records/sec (1.63 MB/sec), 6.0 ms avg latency, 9.0 ms max latency.
835 records sent, 167.0 records/sec (1.63 MB/sec), 6.0 ms avg latency, 9.0 ms max latency.
16667 records sent, 166.943788 records/sec (1.63 MB/sec), 468.79 ms avg latency, 8562.00 ms max latency, 6 ms 50th, 4032 ms 95th, 4842 ms 99th, 5280 ms 99.9th.
----- /var/lib/kafka-client/results/security-overhead-final-factorial-mtls-b5-rf3-isr3-msg10240-tps1000-batch131072-acks1-prod6-compnone-trial2/producer-perf-4.log -----
producer_index=4
producer_count=6
producer_records=16667
producer_throughput=167
1 records sent, 0.1 records/sec (0.00 MB/sec), 2110.0 ms avg latency, 2110.0 ms max latency.
1704 records sent, 332.6 records/sec (3.25 MB/sec), 3089.2 ms avg latency, 8061.0 ms max latency.
1342 records sent, 268.4 records/sec (2.62 MB/sec), 895.6 ms avg latency, 5571.0 ms max latency.
836 records sent, 167.2 records/sec (1.63 MB/sec), 8.1 ms avg latency, 35.0 ms max latency.
837 records sent, 167.4 records/sec (1.63 MB/sec), 7.7 ms avg latency, 20.0 ms max latency.
837 records sent, 167.3 records/sec (1.63 MB/sec), 7.8 ms avg latency, 49.0 ms max latency.
836 records sent, 167.2 records/sec (1.63 MB/sec), 7.5 ms avg latency, 24.0 ms max latency.
835 records sent, 166.8 records/sec (1.63 MB/sec), 7.2 ms avg latency, 14.0 ms max latency.
835 records sent, 167.0 records/sec (1.63 MB/sec), 7.1 ms avg latency, 24.0 ms max latency.
836 records sent, 167.2 records/sec (1.63 MB/sec), 6.5 ms avg latency, 13.0 ms max latency.
836 records sent, 167.2 records/sec (1.63 MB/sec), 6.4 ms avg latency, 28.0 ms max latency.
835 records sent, 166.9 records/sec (1.63 MB/sec), 6.4 ms avg latency, 41.0 ms max latency.
836 records sent, 167.1 records/sec (1.63 MB/sec), 6.5 ms avg latency, 32.0 ms max latency.
836 records sent, 167.1 records/sec (1.63 MB/sec), 6.0 ms avg latency, 8.0 ms max latency.
836 records sent, 167.1 records/sec (1.63 MB/sec), 6.0 ms avg latency, 13.0 ms max latency.
834 records sent, 166.8 records/sec (1.63 MB/sec), 6.0 ms avg latency, 25.0 ms max latency.
836 records sent, 167.2 records/sec (1.63 MB/sec), 6.0 ms avg latency, 22.0 ms max latency.
836 records sent, 167.1 records/sec (1.63 MB/sec), 5.9 ms avg latency, 8.0 ms max latency.
835 records sent, 167.0 records/sec (1.63 MB/sec), 6.0 ms avg latency, 18.0 ms max latency.
16667 records sent, 166.905337 records/sec (1.63 MB/sec), 393.53 ms avg latency, 8061.00 ms max latency, 6 ms 50th, 3099 ms 95th, 4593 ms 99th, 5520 ms 99.9th.
----- /var/lib/kafka-client/results/security-overhead-final-factorial-mtls-b5-rf3-isr3-msg10240-tps1000-batch131072-acks1-prod6-compnone-trial2/producer-perf-5.log -----
producer_index=5
producer_count=6
producer_records=16666
producer_throughput=166
1 records sent, 0.1 records/sec (0.00 MB/sec), 1798.0 ms avg latency, 1798.0 ms max latency.
1704 records sent, 329.6 records/sec (3.22 MB/sec), 3418.9 ms avg latency, 7894.0 ms max latency.
1299 records sent, 259.4 records/sec (2.53 MB/sec), 680.3 ms avg latency, 4346.0 ms max latency.
833 records sent, 166.2 records/sec (1.62 MB/sec), 8.5 ms avg latency, 29.0 ms max latency.
832 records sent, 166.4 records/sec (1.62 MB/sec), 8.3 ms avg latency, 20.0 ms max latency.
831 records sent, 166.2 records/sec (1.62 MB/sec), 8.1 ms avg latency, 25.0 ms max latency.
831 records sent, 166.2 records/sec (1.62 MB/sec), 7.9 ms avg latency, 27.0 ms max latency.
830 records sent, 166.0 records/sec (1.62 MB/sec), 7.5 ms avg latency, 18.0 ms max latency.
831 records sent, 166.1 records/sec (1.62 MB/sec), 7.1 ms avg latency, 25.0 ms max latency.
832 records sent, 166.2 records/sec (1.62 MB/sec), 6.6 ms avg latency, 31.0 ms max latency.
830 records sent, 165.9 records/sec (1.62 MB/sec), 6.7 ms avg latency, 38.0 ms max latency.
831 records sent, 166.0 records/sec (1.62 MB/sec), 6.4 ms avg latency, 37.0 ms max latency.
831 records sent, 166.1 records/sec (1.62 MB/sec), 6.9 ms avg latency, 61.0 ms max latency.
830 records sent, 165.9 records/sec (1.62 MB/sec), 5.9 ms avg latency, 9.0 ms max latency.
831 records sent, 166.1 records/sec (1.62 MB/sec), 6.0 ms avg latency, 14.0 ms max latency.
831 records sent, 166.1 records/sec (1.62 MB/sec), 5.9 ms avg latency, 8.0 ms max latency.
830 records sent, 166.0 records/sec (1.62 MB/sec), 6.0 ms avg latency, 24.0 ms max latency.
830 records sent, 165.9 records/sec (1.62 MB/sec), 5.9 ms avg latency, 19.0 ms max latency.
831 records sent, 166.1 records/sec (1.62 MB/sec), 5.9 ms avg latency, 7.0 ms max latency.
16666 records sent, 165.938169 records/sec (1.62 MB/sec), 408.30 ms avg latency, 7894.00 ms max latency, 6 ms 50th, 3442 ms 95th, 4341 ms 99th, 4847 ms 99.9th.
----- /var/lib/kafka-client/results/security-overhead-final-factorial-mtls-b5-rf3-isr3-msg10240-tps1000-batch131072-acks1-prod6-compnone-trial2/producer-perf-6.log -----
producer_index=6
producer_count=6
producer_records=16666
producer_throughput=166
1 records sent, 0.1 records/sec (0.00 MB/sec), 8453.0 ms avg latency, 8453.0 ms max latency.
2238 records sent, 447.0 records/sec (4.36 MB/sec), 3013.8 ms avg latency, 5014.0 ms max latency.
835 records sent, 166.7 records/sec (1.63 MB/sec), 14.2 ms avg latency, 61.0 ms max latency.
832 records sent, 166.1 records/sec (1.62 MB/sec), 9.1 ms avg latency, 38.0 ms max latency.
832 records sent, 166.2 records/sec (1.62 MB/sec), 8.3 ms avg latency, 20.0 ms max latency.
832 records sent, 165.9 records/sec (1.62 MB/sec), 8.2 ms avg latency, 30.0 ms max latency.
831 records sent, 166.1 records/sec (1.62 MB/sec), 7.8 ms avg latency, 23.0 ms max latency.
831 records sent, 166.2 records/sec (1.62 MB/sec), 7.6 ms avg latency, 22.0 ms max latency.
831 records sent, 166.2 records/sec (1.62 MB/sec), 7.2 ms avg latency, 25.0 ms max latency.
831 records sent, 166.2 records/sec (1.62 MB/sec), 6.5 ms avg latency, 15.0 ms max latency.
831 records sent, 166.1 records/sec (1.62 MB/sec), 6.5 ms avg latency, 25.0 ms max latency.
831 records sent, 166.1 records/sec (1.62 MB/sec), 6.4 ms avg latency, 30.0 ms max latency.
831 records sent, 166.1 records/sec (1.62 MB/sec), 7.1 ms avg latency, 60.0 ms max latency.
831 records sent, 166.1 records/sec (1.62 MB/sec), 5.9 ms avg latency, 8.0 ms max latency.
830 records sent, 166.0 records/sec (1.62 MB/sec), 6.0 ms avg latency, 12.0 ms max latency.
830 records sent, 166.0 records/sec (1.62 MB/sec), 6.0 ms avg latency, 29.0 ms max latency.
831 records sent, 166.1 records/sec (1.62 MB/sec), 5.9 ms avg latency, 20.0 ms max latency.
831 records sent, 166.1 records/sec (1.62 MB/sec), 5.9 ms avg latency, 8.0 ms max latency.
830 records sent, 165.9 records/sec (1.62 MB/sec), 6.0 ms avg latency, 21.0 ms max latency.
16666 records sent, 165.938169 records/sec (1.62 MB/sec), 411.56 ms avg latency, 8453.00 ms max latency, 6 ms 50th, 3598 ms 95th, 4550 ms 99th, 4960 ms 99.9th.
