run_id=plaintext-requested-full-factorial-b5-rf3-isr3-msg1024-tps1000-batch65536-acksall-prod12-complz4-trial2
producer_count=12
----- /var/lib/kafka-client/results/plaintext-requested-full-factorial-b5-rf3-isr3-msg1024-tps1000-batch65536-acksall-prod12-complz4-trial2/producer-perf-1.log -----
producer_index=1
producer_count=12
producer_records=8334
producer_throughput=84
1 records sent, 0.1 records/sec (0.00 MB/sec), 7342.0 ms avg latency, 7342.0 ms max latency.
1048 records sent, 208.8 records/sec (0.20 MB/sec), 355.7 ms avg latency, 1008.0 ms max latency.
424 records sent, 84.6 records/sec (0.08 MB/sec), 19.3 ms avg latency, 117.0 ms max latency.
421 records sent, 84.1 records/sec (0.08 MB/sec), 10.8 ms avg latency, 22.0 ms max latency.
421 records sent, 84.2 records/sec (0.08 MB/sec), 14.4 ms avg latency, 28.0 ms max latency.
420 records sent, 84.0 records/sec (0.08 MB/sec), 13.9 ms avg latency, 37.0 ms max latency.
420 records sent, 83.8 records/sec (0.08 MB/sec), 13.6 ms avg latency, 24.0 ms max latency.
421 records sent, 84.0 records/sec (0.08 MB/sec), 13.4 ms avg latency, 57.0 ms max latency.
422 records sent, 84.3 records/sec (0.08 MB/sec), 12.6 ms avg latency, 23.0 ms max latency.
421 records sent, 84.1 records/sec (0.08 MB/sec), 12.5 ms avg latency, 19.0 ms max latency.
419 records sent, 83.7 records/sec (0.08 MB/sec), 11.6 ms avg latency, 39.0 ms max latency.
421 records sent, 84.2 records/sec (0.08 MB/sec), 11.4 ms avg latency, 18.0 ms max latency.
421 records sent, 84.0 records/sec (0.08 MB/sec), 11.9 ms avg latency, 34.0 ms max latency.
421 records sent, 84.1 records/sec (0.08 MB/sec), 11.1 ms avg latency, 37.0 ms max latency.
421 records sent, 84.1 records/sec (0.08 MB/sec), 10.1 ms avg latency, 18.0 ms max latency.
421 records sent, 84.1 records/sec (0.08 MB/sec), 8.6 ms avg latency, 19.0 ms max latency.
421 records sent, 84.1 records/sec (0.08 MB/sec), 8.1 ms avg latency, 13.0 ms max latency.
420 records sent, 84.0 records/sec (0.08 MB/sec), 9.0 ms avg latency, 23.0 ms max latency.
421 records sent, 84.1 records/sec (0.08 MB/sec), 7.5 ms avg latency, 15.0 ms max latency.
8334 records sent, 83.978235 records/sec (0.08 MB/sec), 55.81 ms avg latency, 7342.00 ms max latency, 12 ms 50th, 409 ms 95th, 790 ms 99th, 982 ms 99.9th.
----- /var/lib/kafka-client/results/plaintext-requested-full-factorial-b5-rf3-isr3-msg1024-tps1000-batch65536-acksall-prod12-complz4-trial2/producer-perf-2.log -----
producer_index=2
producer_count=12
producer_records=8334
producer_throughput=84
1 records sent, 0.1 records/sec (0.00 MB/sec), 6790.0 ms avg latency, 6790.0 ms max latency.
996 records sent, 199.2 records/sec (0.19 MB/sec), 317.1 ms avg latency, 765.0 ms max latency.
422 records sent, 84.4 records/sec (0.08 MB/sec), 20.0 ms avg latency, 60.0 ms max latency.
420 records sent, 84.0 records/sec (0.08 MB/sec), 10.8 ms avg latency, 27.0 ms max latency.
422 records sent, 84.2 records/sec (0.08 MB/sec), 13.4 ms avg latency, 28.0 ms max latency.
421 records sent, 84.1 records/sec (0.08 MB/sec), 14.4 ms avg latency, 34.0 ms max latency.
421 records sent, 84.2 records/sec (0.08 MB/sec), 13.7 ms avg latency, 45.0 ms max latency.
421 records sent, 84.1 records/sec (0.08 MB/sec), 12.8 ms avg latency, 22.0 ms max latency.
420 records sent, 83.9 records/sec (0.08 MB/sec), 12.8 ms avg latency, 45.0 ms max latency.
420 records sent, 84.0 records/sec (0.08 MB/sec), 12.5 ms avg latency, 26.0 ms max latency.
421 records sent, 84.1 records/sec (0.08 MB/sec), 11.6 ms avg latency, 24.0 ms max latency.
420 records sent, 83.9 records/sec (0.08 MB/sec), 11.4 ms avg latency, 19.0 ms max latency.
421 records sent, 84.1 records/sec (0.08 MB/sec), 11.6 ms avg latency, 25.0 ms max latency.
420 records sent, 83.9 records/sec (0.08 MB/sec), 11.2 ms avg latency, 37.0 ms max latency.
421 records sent, 84.1 records/sec (0.08 MB/sec), 10.2 ms avg latency, 20.0 ms max latency.
421 records sent, 84.1 records/sec (0.08 MB/sec), 8.7 ms avg latency, 22.0 ms max latency.
421 records sent, 84.0 records/sec (0.08 MB/sec), 8.3 ms avg latency, 17.0 ms max latency.
421 records sent, 84.0 records/sec (0.08 MB/sec), 8.6 ms avg latency, 20.0 ms max latency.
421 records sent, 84.2 records/sec (0.08 MB/sec), 7.8 ms avg latency, 18.0 ms max latency.
8334 records sent, 83.977388 records/sec (0.08 MB/sec), 48.95 ms avg latency, 6790.00 ms max latency, 12 ms 50th, 345 ms 95th, 700 ms 99th, 738 ms 99.9th.
----- /var/lib/kafka-client/results/plaintext-requested-full-factorial-b5-rf3-isr3-msg1024-tps1000-batch65536-acksall-prod12-complz4-trial2/producer-perf-3.log -----
producer_index=3
producer_count=12
producer_records=8334
producer_throughput=84
1 records sent, 0.1 records/sec (0.00 MB/sec), 6861.0 ms avg latency, 6861.0 ms max latency.
1006 records sent, 199.8 records/sec (0.20 MB/sec), 429.6 ms avg latency, 914.0 ms max latency.
424 records sent, 84.5 records/sec (0.08 MB/sec), 18.5 ms avg latency, 68.0 ms max latency.
421 records sent, 84.1 records/sec (0.08 MB/sec), 10.5 ms avg latency, 29.0 ms max latency.
421 records sent, 84.0 records/sec (0.08 MB/sec), 13.5 ms avg latency, 38.0 ms max latency.
421 records sent, 84.2 records/sec (0.08 MB/sec), 14.1 ms avg latency, 24.0 ms max latency.
421 records sent, 84.1 records/sec (0.08 MB/sec), 13.1 ms avg latency, 36.0 ms max latency.
420 records sent, 84.0 records/sec (0.08 MB/sec), 13.3 ms avg latency, 31.0 ms max latency.
420 records sent, 83.9 records/sec (0.08 MB/sec), 12.8 ms avg latency, 19.0 ms max latency.
421 records sent, 84.1 records/sec (0.08 MB/sec), 12.1 ms avg latency, 34.0 ms max latency.
420 records sent, 83.9 records/sec (0.08 MB/sec), 11.3 ms avg latency, 39.0 ms max latency.
421 records sent, 84.0 records/sec (0.08 MB/sec), 11.1 ms avg latency, 17.0 ms max latency.
421 records sent, 84.1 records/sec (0.08 MB/sec), 11.2 ms avg latency, 27.0 ms max latency.
421 records sent, 84.2 records/sec (0.08 MB/sec), 11.0 ms avg latency, 24.0 ms max latency.
420 records sent, 84.0 records/sec (0.08 MB/sec), 9.7 ms avg latency, 30.0 ms max latency.
420 records sent, 83.9 records/sec (0.08 MB/sec), 8.5 ms avg latency, 24.0 ms max latency.
421 records sent, 84.1 records/sec (0.08 MB/sec), 8.3 ms avg latency, 25.0 ms max latency.
421 records sent, 84.0 records/sec (0.08 MB/sec), 8.4 ms avg latency, 24.0 ms max latency.
421 records sent, 84.1 records/sec (0.08 MB/sec), 7.6 ms avg latency, 16.0 ms max latency.
8334 records sent, 83.970619 records/sec (0.08 MB/sec), 62.68 ms avg latency, 6861.00 ms max latency, 11 ms 50th, 616 ms 95th, 842 ms 99th, 887 ms 99.9th.
----- /var/lib/kafka-client/results/plaintext-requested-full-factorial-b5-rf3-isr3-msg1024-tps1000-batch65536-acksall-prod12-complz4-trial2/producer-perf-4.log -----
producer_index=4
producer_count=12
producer_records=8334
producer_throughput=84
1 records sent, 0.1 records/sec (0.00 MB/sec), 6848.0 ms avg latency, 6848.0 ms max latency.
997 records sent, 199.4 records/sec (0.19 MB/sec), 340.7 ms avg latency, 902.0 ms max latency.
424 records sent, 84.6 records/sec (0.08 MB/sec), 18.2 ms avg latency, 46.0 ms max latency.
421 records sent, 84.0 records/sec (0.08 MB/sec), 11.8 ms avg latency, 78.0 ms max latency.
422 records sent, 84.1 records/sec (0.08 MB/sec), 14.3 ms avg latency, 31.0 ms max latency.
420 records sent, 83.9 records/sec (0.08 MB/sec), 14.5 ms avg latency, 58.0 ms max latency.
421 records sent, 84.2 records/sec (0.08 MB/sec), 13.6 ms avg latency, 51.0 ms max latency.
421 records sent, 83.9 records/sec (0.08 MB/sec), 12.6 ms avg latency, 27.0 ms max latency.
421 records sent, 84.0 records/sec (0.08 MB/sec), 12.8 ms avg latency, 32.0 ms max latency.
421 records sent, 84.2 records/sec (0.08 MB/sec), 12.5 ms avg latency, 34.0 ms max latency.
420 records sent, 83.9 records/sec (0.08 MB/sec), 11.2 ms avg latency, 25.0 ms max latency.
420 records sent, 83.9 records/sec (0.08 MB/sec), 11.3 ms avg latency, 18.0 ms max latency.
421 records sent, 84.1 records/sec (0.08 MB/sec), 11.8 ms avg latency, 41.0 ms max latency.
421 records sent, 84.0 records/sec (0.08 MB/sec), 11.4 ms avg latency, 37.0 ms max latency.
422 records sent, 84.3 records/sec (0.08 MB/sec), 10.0 ms avg latency, 16.0 ms max latency.
420 records sent, 83.9 records/sec (0.08 MB/sec), 8.6 ms avg latency, 20.0 ms max latency.
420 records sent, 83.9 records/sec (0.08 MB/sec), 8.3 ms avg latency, 21.0 ms max latency.
421 records sent, 84.2 records/sec (0.08 MB/sec), 8.5 ms avg latency, 16.0 ms max latency.
421 records sent, 84.0 records/sec (0.08 MB/sec), 7.7 ms avg latency, 15.0 ms max latency.
8334 records sent, 83.970619 records/sec (0.08 MB/sec), 51.78 ms avg latency, 6848.00 ms max latency, 12 ms 50th, 386 ms 95th, 721 ms 99th, 867 ms 99.9th.
----- /var/lib/kafka-client/results/plaintext-requested-full-factorial-b5-rf3-isr3-msg1024-tps1000-batch65536-acksall-prod12-complz4-trial2/producer-perf-5.log -----
producer_index=5
producer_count=12
producer_records=8333
producer_throughput=83
1 records sent, 0.1 records/sec (0.00 MB/sec), 7322.0 ms avg latency, 7322.0 ms max latency.
1029 records sent, 205.6 records/sec (0.20 MB/sec), 492.8 ms avg latency, 1090.0 ms max latency.
417 records sent, 83.3 records/sec (0.08 MB/sec), 17.4 ms avg latency, 56.0 ms max latency.
415 records sent, 83.0 records/sec (0.08 MB/sec), 10.9 ms avg latency, 24.0 ms max latency.
417 records sent, 83.1 records/sec (0.08 MB/sec), 13.9 ms avg latency, 32.0 ms max latency.
416 records sent, 83.1 records/sec (0.08 MB/sec), 14.5 ms avg latency, 23.0 ms max latency.
415 records sent, 82.8 records/sec (0.08 MB/sec), 13.3 ms avg latency, 29.0 ms max latency.
416 records sent, 83.1 records/sec (0.08 MB/sec), 13.3 ms avg latency, 39.0 ms max latency.
416 records sent, 83.2 records/sec (0.08 MB/sec), 12.5 ms avg latency, 20.0 ms max latency.
415 records sent, 83.0 records/sec (0.08 MB/sec), 11.8 ms avg latency, 31.0 ms max latency.
417 records sent, 83.3 records/sec (0.08 MB/sec), 11.1 ms avg latency, 32.0 ms max latency.
415 records sent, 82.9 records/sec (0.08 MB/sec), 11.3 ms avg latency, 19.0 ms max latency.
416 records sent, 83.1 records/sec (0.08 MB/sec), 11.2 ms avg latency, 25.0 ms max latency.
415 records sent, 82.8 records/sec (0.08 MB/sec), 10.8 ms avg latency, 26.0 ms max latency.
417 records sent, 83.3 records/sec (0.08 MB/sec), 9.7 ms avg latency, 18.0 ms max latency.
416 records sent, 83.0 records/sec (0.08 MB/sec), 8.7 ms avg latency, 22.0 ms max latency.
415 records sent, 83.0 records/sec (0.08 MB/sec), 8.3 ms avg latency, 19.0 ms max latency.
415 records sent, 83.0 records/sec (0.08 MB/sec), 8.6 ms avg latency, 16.0 ms max latency.
416 records sent, 83.1 records/sec (0.08 MB/sec), 7.3 ms avg latency, 17.0 ms max latency.
8333 records sent, 82.917073 records/sec (0.08 MB/sec), 71.66 ms avg latency, 7322.00 ms max latency, 11 ms 50th, 728 ms 95th, 991 ms 99th, 1060 ms 99.9th.
----- /var/lib/kafka-client/results/plaintext-requested-full-factorial-b5-rf3-isr3-msg1024-tps1000-batch65536-acksall-prod12-complz4-trial2/producer-perf-6.log -----
producer_index=6
producer_count=12
producer_records=8333
producer_throughput=83
1 records sent, 0.1 records/sec (0.00 MB/sec), 7337.0 ms avg latency, 7337.0 ms max latency.
1026 records sent, 205.1 records/sec (0.20 MB/sec), 327.0 ms avg latency, 860.0 ms max latency.
419 records sent, 83.6 records/sec (0.08 MB/sec), 17.9 ms avg latency, 65.0 ms max latency.
417 records sent, 83.3 records/sec (0.08 MB/sec), 11.0 ms avg latency, 47.0 ms max latency.
415 records sent, 82.9 records/sec (0.08 MB/sec), 14.1 ms avg latency, 26.0 ms max latency.
416 records sent, 83.0 records/sec (0.08 MB/sec), 14.0 ms avg latency, 40.0 ms max latency.
416 records sent, 83.2 records/sec (0.08 MB/sec), 13.3 ms avg latency, 25.0 ms max latency.
416 records sent, 83.1 records/sec (0.08 MB/sec), 12.4 ms avg latency, 21.0 ms max latency.
416 records sent, 83.0 records/sec (0.08 MB/sec), 12.0 ms avg latency, 38.0 ms max latency.
415 records sent, 83.0 records/sec (0.08 MB/sec), 11.7 ms avg latency, 46.0 ms max latency.
417 records sent, 83.2 records/sec (0.08 MB/sec), 11.0 ms avg latency, 17.0 ms max latency.
415 records sent, 83.0 records/sec (0.08 MB/sec), 11.0 ms avg latency, 44.0 ms max latency.
416 records sent, 83.1 records/sec (0.08 MB/sec), 10.9 ms avg latency, 36.0 ms max latency.
415 records sent, 82.9 records/sec (0.08 MB/sec), 10.4 ms avg latency, 16.0 ms max latency.
417 records sent, 83.3 records/sec (0.08 MB/sec), 9.7 ms avg latency, 21.0 ms max latency.
415 records sent, 82.8 records/sec (0.08 MB/sec), 8.5 ms avg latency, 30.0 ms max latency.
417 records sent, 83.2 records/sec (0.08 MB/sec), 8.1 ms avg latency, 14.0 ms max latency.
416 records sent, 83.1 records/sec (0.08 MB/sec), 8.8 ms avg latency, 18.0 ms max latency.
415 records sent, 83.0 records/sec (0.08 MB/sec), 7.2 ms avg latency, 12.0 ms max latency.
8333 records sent, 82.974041 records/sec (0.08 MB/sec), 50.93 ms avg latency, 7337.00 ms max latency, 11 ms 50th, 393 ms 95th, 750 ms 99th, 858 ms 99.9th.
----- /var/lib/kafka-client/results/plaintext-requested-full-factorial-b5-rf3-isr3-msg1024-tps1000-batch65536-acksall-prod12-complz4-trial2/producer-perf-7.log -----
producer_index=7
producer_count=12
producer_records=8333
producer_throughput=83
1 records sent, 0.1 records/sec (0.00 MB/sec), 7243.0 ms avg latency, 7243.0 ms max latency.
1026 records sent, 204.4 records/sec (0.20 MB/sec), 340.0 ms avg latency, 894.0 ms max latency.
419 records sent, 83.6 records/sec (0.08 MB/sec), 16.7 ms avg latency, 53.0 ms max latency.
416 records sent, 83.0 records/sec (0.08 MB/sec), 10.6 ms avg latency, 23.0 ms max latency.
417 records sent, 83.3 records/sec (0.08 MB/sec), 13.9 ms avg latency, 23.0 ms max latency.
416 records sent, 83.0 records/sec (0.08 MB/sec), 14.0 ms avg latency, 29.0 ms max latency.
417 records sent, 83.1 records/sec (0.08 MB/sec), 13.2 ms avg latency, 25.0 ms max latency.
416 records sent, 83.1 records/sec (0.08 MB/sec), 12.4 ms avg latency, 26.0 ms max latency.
415 records sent, 83.0 records/sec (0.08 MB/sec), 12.4 ms avg latency, 43.0 ms max latency.
416 records sent, 83.1 records/sec (0.08 MB/sec), 11.8 ms avg latency, 28.0 ms max latency.
415 records sent, 83.0 records/sec (0.08 MB/sec), 11.1 ms avg latency, 17.0 ms max latency.
415 records sent, 83.0 records/sec (0.08 MB/sec), 11.2 ms avg latency, 24.0 ms max latency.
416 records sent, 83.2 records/sec (0.08 MB/sec), 11.5 ms avg latency, 29.0 ms max latency.
416 records sent, 83.0 records/sec (0.08 MB/sec), 11.0 ms avg latency, 18.0 ms max latency.
417 records sent, 83.2 records/sec (0.08 MB/sec), 9.9 ms avg latency, 27.0 ms max latency.
416 records sent, 83.1 records/sec (0.08 MB/sec), 8.6 ms avg latency, 17.0 ms max latency.
416 records sent, 83.1 records/sec (0.08 MB/sec), 8.2 ms avg latency, 13.0 ms max latency.
416 records sent, 83.1 records/sec (0.08 MB/sec), 8.8 ms avg latency, 17.0 ms max latency.
415 records sent, 83.0 records/sec (0.08 MB/sec), 7.4 ms avg latency, 16.0 ms max latency.
8333 records sent, 82.945135 records/sec (0.08 MB/sec), 52.56 ms avg latency, 7243.00 ms max latency, 11 ms 50th, 489 ms 95th, 727 ms 99th, 892 ms 99.9th.
----- /var/lib/kafka-client/results/plaintext-requested-full-factorial-b5-rf3-isr3-msg1024-tps1000-batch65536-acksall-prod12-complz4-trial2/producer-perf-8.log -----
producer_index=8
producer_count=12
producer_records=8333
producer_throughput=83
1 records sent, 0.1 records/sec (0.00 MB/sec), 6802.0 ms avg latency, 6802.0 ms max latency.
984 records sent, 196.0 records/sec (0.19 MB/sec), 376.1 ms avg latency, 806.0 ms max latency.
418 records sent, 83.5 records/sec (0.08 MB/sec), 19.1 ms avg latency, 99.0 ms max latency.
417 records sent, 83.3 records/sec (0.08 MB/sec), 11.1 ms avg latency, 24.0 ms max latency.
415 records sent, 83.0 records/sec (0.08 MB/sec), 13.9 ms avg latency, 40.0 ms max latency.
416 records sent, 83.2 records/sec (0.08 MB/sec), 14.2 ms avg latency, 26.0 ms max latency.
416 records sent, 83.1 records/sec (0.08 MB/sec), 13.6 ms avg latency, 28.0 ms max latency.
415 records sent, 82.8 records/sec (0.08 MB/sec), 13.5 ms avg latency, 42.0 ms max latency.
417 records sent, 83.2 records/sec (0.08 MB/sec), 13.2 ms avg latency, 23.0 ms max latency.
416 records sent, 83.0 records/sec (0.08 MB/sec), 12.0 ms avg latency, 26.0 ms max latency.
416 records sent, 83.0 records/sec (0.08 MB/sec), 11.4 ms avg latency, 42.0 ms max latency.
416 records sent, 83.1 records/sec (0.08 MB/sec), 11.1 ms avg latency, 18.0 ms max latency.
415 records sent, 83.0 records/sec (0.08 MB/sec), 10.7 ms avg latency, 32.0 ms max latency.
416 records sent, 83.1 records/sec (0.08 MB/sec), 10.8 ms avg latency, 31.0 ms max latency.
416 records sent, 83.2 records/sec (0.08 MB/sec), 10.0 ms avg latency, 17.0 ms max latency.
416 records sent, 83.2 records/sec (0.08 MB/sec), 8.9 ms avg latency, 24.0 ms max latency.
416 records sent, 83.1 records/sec (0.08 MB/sec), 8.2 ms avg latency, 23.0 ms max latency.
415 records sent, 83.0 records/sec (0.08 MB/sec), 8.7 ms avg latency, 16.0 ms max latency.
417 records sent, 83.2 records/sec (0.08 MB/sec), 7.8 ms avg latency, 19.0 ms max latency.
8333 records sent, 82.968258 records/sec (0.08 MB/sec), 55.36 ms avg latency, 6802.00 ms max latency, 11 ms 50th, 565 ms 95th, 747 ms 99th, 799 ms 99.9th.
----- /var/lib/kafka-client/results/plaintext-requested-full-factorial-b5-rf3-isr3-msg1024-tps1000-batch65536-acksall-prod12-complz4-trial2/producer-perf-9.log -----
producer_index=9
producer_count=12
producer_records=8333
producer_throughput=83
1 records sent, 0.1 records/sec (0.00 MB/sec), 6934.0 ms avg latency, 6934.0 ms max latency.
997 records sent, 199.1 records/sec (0.19 MB/sec), 449.8 ms avg latency, 1027.0 ms max latency.
417 records sent, 83.3 records/sec (0.08 MB/sec), 18.0 ms avg latency, 55.0 ms max latency.
418 records sent, 83.4 records/sec (0.08 MB/sec), 10.6 ms avg latency, 36.0 ms max latency.
417 records sent, 83.1 records/sec (0.08 MB/sec), 14.3 ms avg latency, 30.0 ms max latency.
416 records sent, 83.1 records/sec (0.08 MB/sec), 14.2 ms avg latency, 34.0 ms max latency.
416 records sent, 83.0 records/sec (0.08 MB/sec), 12.7 ms avg latency, 24.0 ms max latency.
416 records sent, 83.2 records/sec (0.08 MB/sec), 12.8 ms avg latency, 22.0 ms max latency.
415 records sent, 83.0 records/sec (0.08 MB/sec), 12.3 ms avg latency, 28.0 ms max latency.
416 records sent, 83.1 records/sec (0.08 MB/sec), 12.1 ms avg latency, 24.0 ms max latency.
416 records sent, 83.0 records/sec (0.08 MB/sec), 11.2 ms avg latency, 17.0 ms max latency.
416 records sent, 83.0 records/sec (0.08 MB/sec), 11.4 ms avg latency, 29.0 ms max latency.
417 records sent, 83.1 records/sec (0.08 MB/sec), 11.3 ms avg latency, 29.0 ms max latency.
416 records sent, 83.0 records/sec (0.08 MB/sec), 10.6 ms avg latency, 17.0 ms max latency.
416 records sent, 83.1 records/sec (0.08 MB/sec), 10.1 ms avg latency, 24.0 ms max latency.
415 records sent, 82.8 records/sec (0.08 MB/sec), 8.5 ms avg latency, 16.0 ms max latency.
416 records sent, 83.2 records/sec (0.08 MB/sec), 8.4 ms avg latency, 18.0 ms max latency.
415 records sent, 82.9 records/sec (0.08 MB/sec), 8.7 ms avg latency, 19.0 ms max latency.
416 records sent, 83.1 records/sec (0.08 MB/sec), 7.6 ms avg latency, 17.0 ms max latency.
8333 records sent, 82.968258 records/sec (0.08 MB/sec), 64.60 ms avg latency, 6934.00 ms max latency, 11 ms 50th, 724 ms 95th, 913 ms 99th, 997 ms 99.9th.
----- /var/lib/kafka-client/results/plaintext-requested-full-factorial-b5-rf3-isr3-msg1024-tps1000-batch65536-acksall-prod12-complz4-trial2/producer-perf-10.log -----
producer_index=10
producer_count=12
producer_records=8333
producer_throughput=83
1 records sent, 0.1 records/sec (0.00 MB/sec), 6998.0 ms avg latency, 6998.0 ms max latency.
1002 records sent, 199.9 records/sec (0.20 MB/sec), 355.5 ms avg latency, 882.0 ms max latency.
418 records sent, 83.5 records/sec (0.08 MB/sec), 18.8 ms avg latency, 78.0 ms max latency.
415 records sent, 83.0 records/sec (0.08 MB/sec), 10.7 ms avg latency, 27.0 ms max latency.
415 records sent, 82.9 records/sec (0.08 MB/sec), 14.1 ms avg latency, 36.0 ms max latency.
417 records sent, 83.2 records/sec (0.08 MB/sec), 13.8 ms avg latency, 45.0 ms max latency.
416 records sent, 83.1 records/sec (0.08 MB/sec), 13.1 ms avg latency, 20.0 ms max latency.
416 records sent, 83.0 records/sec (0.08 MB/sec), 13.4 ms avg latency, 45.0 ms max latency.
417 records sent, 83.3 records/sec (0.08 MB/sec), 12.5 ms avg latency, 29.0 ms max latency.
415 records sent, 82.9 records/sec (0.08 MB/sec), 12.0 ms avg latency, 21.0 ms max latency.
417 records sent, 83.2 records/sec (0.08 MB/sec), 11.0 ms avg latency, 20.0 ms max latency.
415 records sent, 82.9 records/sec (0.08 MB/sec), 11.1 ms avg latency, 43.0 ms max latency.
416 records sent, 83.0 records/sec (0.08 MB/sec), 11.1 ms avg latency, 20.0 ms max latency.
416 records sent, 83.1 records/sec (0.08 MB/sec), 10.5 ms avg latency, 35.0 ms max latency.
416 records sent, 83.0 records/sec (0.08 MB/sec), 9.9 ms avg latency, 16.0 ms max latency.
415 records sent, 83.0 records/sec (0.08 MB/sec), 8.7 ms avg latency, 30.0 ms max latency.
416 records sent, 83.2 records/sec (0.08 MB/sec), 8.3 ms avg latency, 17.0 ms max latency.
416 records sent, 83.1 records/sec (0.08 MB/sec), 8.7 ms avg latency, 31.0 ms max latency.
415 records sent, 83.0 records/sec (0.08 MB/sec), 7.8 ms avg latency, 21.0 ms max latency.
8333 records sent, 82.968258 records/sec (0.08 MB/sec), 53.56 ms avg latency, 6998.00 ms max latency, 11 ms 50th, 471 ms 95th, 784 ms 99th, 851 ms 99.9th.
----- /var/lib/kafka-client/results/plaintext-requested-full-factorial-b5-rf3-isr3-msg1024-tps1000-batch65536-acksall-prod12-complz4-trial2/producer-perf-11.log -----
producer_index=11
producer_count=12
producer_records=8333
producer_throughput=83
1 records sent, 0.1 records/sec (0.00 MB/sec), 6923.0 ms avg latency, 6923.0 ms max latency.
993 records sent, 198.6 records/sec (0.19 MB/sec), 261.6 ms avg latency, 846.0 ms max latency.
417 records sent, 83.3 records/sec (0.08 MB/sec), 18.2 ms avg latency, 57.0 ms max latency.
415 records sent, 82.8 records/sec (0.08 MB/sec), 10.6 ms avg latency, 47.0 ms max latency.
416 records sent, 83.1 records/sec (0.08 MB/sec), 14.0 ms avg latency, 45.0 ms max latency.
416 records sent, 83.2 records/sec (0.08 MB/sec), 14.3 ms avg latency, 25.0 ms max latency.
415 records sent, 83.0 records/sec (0.08 MB/sec), 13.4 ms avg latency, 36.0 ms max latency.
416 records sent, 83.2 records/sec (0.08 MB/sec), 12.6 ms avg latency, 21.0 ms max latency.
416 records sent, 83.1 records/sec (0.08 MB/sec), 12.5 ms avg latency, 19.0 ms max latency.
417 records sent, 83.2 records/sec (0.08 MB/sec), 12.2 ms avg latency, 30.0 ms max latency.
416 records sent, 83.2 records/sec (0.08 MB/sec), 11.5 ms avg latency, 39.0 ms max latency.
415 records sent, 83.0 records/sec (0.08 MB/sec), 11.1 ms avg latency, 17.0 ms max latency.
416 records sent, 82.9 records/sec (0.08 MB/sec), 11.2 ms avg latency, 28.0 ms max latency.
416 records sent, 82.9 records/sec (0.08 MB/sec), 11.0 ms avg latency, 23.0 ms max latency.
417 records sent, 83.2 records/sec (0.08 MB/sec), 10.2 ms avg latency, 17.0 ms max latency.
416 records sent, 83.2 records/sec (0.08 MB/sec), 8.6 ms avg latency, 15.0 ms max latency.
416 records sent, 83.0 records/sec (0.08 MB/sec), 8.3 ms avg latency, 21.0 ms max latency.
416 records sent, 83.0 records/sec (0.08 MB/sec), 8.7 ms avg latency, 16.0 ms max latency.
416 records sent, 83.1 records/sec (0.08 MB/sec), 7.6 ms avg latency, 17.0 ms max latency.
8333 records sent, 82.942658 records/sec (0.08 MB/sec), 42.01 ms avg latency, 6923.00 ms max latency, 11 ms 50th, 284 ms 95th, 591 ms 99th, 840 ms 99.9th.
----- /var/lib/kafka-client/results/plaintext-requested-full-factorial-b5-rf3-isr3-msg1024-tps1000-batch65536-acksall-prod12-complz4-trial2/producer-perf-12.log -----
producer_index=12
producer_count=12
producer_records=8333
producer_throughput=83
1 records sent, 0.1 records/sec (0.00 MB/sec), 6810.0 ms avg latency, 6810.0 ms max latency.
986 records sent, 197.1 records/sec (0.19 MB/sec), 390.8 ms avg latency, 902.0 ms max latency.
417 records sent, 83.3 records/sec (0.08 MB/sec), 17.9 ms avg latency, 49.0 ms max latency.
417 records sent, 83.4 records/sec (0.08 MB/sec), 10.9 ms avg latency, 33.0 ms max latency.
416 records sent, 83.1 records/sec (0.08 MB/sec), 13.9 ms avg latency, 37.0 ms max latency.
416 records sent, 83.1 records/sec (0.08 MB/sec), 14.0 ms avg latency, 47.0 ms max latency.
415 records sent, 83.0 records/sec (0.08 MB/sec), 13.7 ms avg latency, 49.0 ms max latency.
416 records sent, 83.1 records/sec (0.08 MB/sec), 13.1 ms avg latency, 24.0 ms max latency.
415 records sent, 82.9 records/sec (0.08 MB/sec), 12.9 ms avg latency, 44.0 ms max latency.
416 records sent, 83.2 records/sec (0.08 MB/sec), 12.5 ms avg latency, 39.0 ms max latency.
415 records sent, 82.9 records/sec (0.08 MB/sec), 11.7 ms avg latency, 18.0 ms max latency.
417 records sent, 83.2 records/sec (0.08 MB/sec), 11.7 ms avg latency, 25.0 ms max latency.
416 records sent, 83.0 records/sec (0.08 MB/sec), 11.3 ms avg latency, 33.0 ms max latency.
416 records sent, 83.1 records/sec (0.08 MB/sec), 11.0 ms avg latency, 16.0 ms max latency.
415 records sent, 82.9 records/sec (0.08 MB/sec), 10.1 ms avg latency, 38.0 ms max latency.
416 records sent, 83.1 records/sec (0.08 MB/sec), 8.7 ms avg latency, 18.0 ms max latency.
416 records sent, 83.1 records/sec (0.08 MB/sec), 8.4 ms avg latency, 14.0 ms max latency.
415 records sent, 83.0 records/sec (0.08 MB/sec), 8.6 ms avg latency, 15.0 ms max latency.
416 records sent, 83.1 records/sec (0.08 MB/sec), 7.6 ms avg latency, 15.0 ms max latency.
8333 records sent, 82.955869 records/sec (0.08 MB/sec), 57.18 ms avg latency, 6810.00 ms max latency, 11 ms 50th, 594 ms 95th, 809 ms 99th, 869 ms 99.9th.
