run_id=security-overhead-final-factorial-plaintext-b5-rf3-isr3-msg10240-tps10000-batch16384-acks1-prod6-complz4-trial1
producer_count=6
----- /var/lib/kafka-client/results/security-overhead-final-factorial-plaintext-b5-rf3-isr3-msg10240-tps10000-batch16384-acks1-prod6-complz4-trial1/producer-perf-1.log -----
producer_index=1
producer_count=6
producer_records=16667
producer_throughput=1667
113 records sent, 22.1 records/sec (0.22 MB/sec), 807.3 ms avg latency, 4133.0 ms max latency.
709 records sent, 141.5 records/sec (1.38 MB/sec), 2822.7 ms avg latency, 4023.0 ms max latency.
1943 records sent, 388.3 records/sec (3.79 MB/sec), 4883.2 ms avg latency, 5617.0 ms max latency.
2508 records sent, 499.5 records/sec (4.88 MB/sec), 4520.9 ms avg latency, 5376.0 ms max latency.
3045 records sent, 606.6 records/sec (5.92 MB/sec), 3442.8 ms avg latency, 4099.0 ms max latency.
3124 records sent, 623.3 records/sec (6.09 MB/sec), 3319.8 ms avg latency, 3608.0 ms max latency.
3754 records sent, 750.0 records/sec (7.32 MB/sec), 3063.2 ms avg latency, 3405.0 ms max latency.
16667 records sent, 455.805940 records/sec (4.45 MB/sec), 3478.49 ms avg latency, 5617.00 ms max latency, 3322 ms 50th, 5038 ms 95th, 5226 ms 99th, 5376 ms 99.9th.
----- /var/lib/kafka-client/results/security-overhead-final-factorial-plaintext-b5-rf3-isr3-msg10240-tps10000-batch16384-acks1-prod6-complz4-trial1/producer-perf-2.log -----
producer_index=2
producer_count=6
producer_records=16667
producer_throughput=1667
23 records sent, 4.6 records/sec (0.04 MB/sec), 1014.0 ms avg latency, 4816.0 ms max latency.
630 records sent, 126.0 records/sec (1.23 MB/sec), 2482.0 ms avg latency, 4022.0 ms max latency.
1679 records sent, 335.2 records/sec (3.27 MB/sec), 4835.5 ms avg latency, 5509.0 ms max latency.
2540 records sent, 506.1 records/sec (4.94 MB/sec), 4711.1 ms avg latency, 5565.0 ms max latency.
2907 records sent, 579.4 records/sec (5.66 MB/sec), 3544.9 ms avg latency, 3979.0 ms max latency.
3389 records sent, 674.4 records/sec (6.59 MB/sec), 3216.3 ms avg latency, 3799.0 ms max latency.
3264 records sent, 651.8 records/sec (6.36 MB/sec), 3071.7 ms avg latency, 3392.0 ms max latency.
16667 records sent, 448.652723 records/sec (4.38 MB/sec), 3494.47 ms avg latency, 5565.00 ms max latency, 3328 ms 50th, 5213 ms 95th, 5392 ms 99th, 5519 ms 99.9th.
----- /var/lib/kafka-client/results/security-overhead-final-factorial-plaintext-b5-rf3-isr3-msg10240-tps10000-batch16384-acks1-prod6-complz4-trial1/producer-perf-3.log -----
producer_index=3
producer_count=6
producer_records=16667
producer_throughput=1667
65 records sent, 12.9 records/sec (0.13 MB/sec), 834.9 ms avg latency, 4181.0 ms max latency.
588 records sent, 115.0 records/sec (1.12 MB/sec), 2974.1 ms avg latency, 4380.0 ms max latency.
1725 records sent, 344.9 records/sec (3.37 MB/sec), 5044.8 ms avg latency, 5541.0 ms max latency.
2644 records sent, 528.8 records/sec (5.16 MB/sec), 4465.7 ms avg latency, 5587.0 ms max latency.
3274 records sent, 652.8 records/sec (6.38 MB/sec), 3319.7 ms avg latency, 3939.0 ms max latency.
3340 records sent, 668.0 records/sec (6.52 MB/sec), 3043.5 ms avg latency, 3274.0 ms max latency.
3879 records sent, 775.3 records/sec (7.57 MB/sec), 2809.9 ms avg latency, 3129.0 ms max latency.
16667 records sent, 461.063930 records/sec (4.50 MB/sec), 3381.41 ms avg latency, 5587.00 ms max latency, 3083 ms 50th, 5202 ms 95th, 5311 ms 99th, 5496 ms 99.9th.
----- /var/lib/kafka-client/results/security-overhead-final-factorial-plaintext-b5-rf3-isr3-msg10240-tps10000-batch16384-acks1-prod6-complz4-trial1/producer-perf-4.log -----
producer_index=4
producer_count=6
producer_records=16667
producer_throughput=1667
9 records sent, 1.8 records/sec (0.02 MB/sec), 899.7 ms avg latency, 4779.0 ms max latency.
543 records sent, 107.7 records/sec (1.05 MB/sec), 1920.5 ms avg latency, 3435.0 ms max latency.
1778 records sent, 348.4 records/sec (3.40 MB/sec), 4298.3 ms avg latency, 4753.0 ms max latency.
2683 records sent, 536.6 records/sec (5.24 MB/sec), 4157.8 ms avg latency, 4692.0 ms max latency.
3246 records sent, 639.2 records/sec (6.24 MB/sec), 3280.7 ms avg latency, 4123.0 ms max latency.
3600 records sent, 718.0 records/sec (7.01 MB/sec), 3030.5 ms avg latency, 3363.0 ms max latency.
4073 records sent, 813.9 records/sec (7.95 MB/sec), 2681.4 ms avg latency, 2954.0 ms max latency.
16667 records sent, 460.694345 records/sec (4.50 MB/sec), 3225.10 ms avg latency, 4779.00 ms max latency, 3063 ms 50th, 4529 ms 95th, 4608 ms 99th, 4681 ms 99.9th.
----- /var/lib/kafka-client/results/security-overhead-final-factorial-plaintext-b5-rf3-isr3-msg10240-tps10000-batch16384-acks1-prod6-complz4-trial1/producer-perf-5.log -----
producer_index=5
producer_count=6
producer_records=16666
producer_throughput=1666
23 records sent, 4.6 records/sec (0.04 MB/sec), 956.0 ms avg latency, 4557.0 ms max latency.
559 records sent, 111.6 records/sec (1.09 MB/sec), 2627.4 ms avg latency, 4245.0 ms max latency.
1506 records sent, 298.0 records/sec (2.91 MB/sec), 5201.1 ms avg latency, 5696.0 ms max latency.
2533 records sent, 505.3 records/sec (4.93 MB/sec), 4808.1 ms avg latency, 5770.0 ms max latency.
2936 records sent, 584.0 records/sec (5.70 MB/sec), 3628.4 ms avg latency, 4022.0 ms max latency.
3466 records sent, 690.9 records/sec (6.75 MB/sec), 3014.1 ms avg latency, 3567.0 ms max latency.
3084 records sent, 615.0 records/sec (6.01 MB/sec), 3149.7 ms avg latency, 3485.0 ms max latency.
16666 records sent, 451.396224 records/sec (4.41 MB/sec), 3480.30 ms avg latency, 5770.00 ms max latency, 3314 ms 50th, 5458 ms 95th, 5634 ms 99th, 5720 ms 99.9th.
----- /var/lib/kafka-client/results/security-overhead-final-factorial-plaintext-b5-rf3-isr3-msg10240-tps10000-batch16384-acks1-prod6-complz4-trial1/producer-perf-6.log -----
producer_index=6
producer_count=6
producer_records=16666
producer_throughput=1666
38 records sent, 7.6 records/sec (0.07 MB/sec), 909.4 ms avg latency, 4248.0 ms max latency.
624 records sent, 122.8 records/sec (1.20 MB/sec), 2534.0 ms avg latency, 4031.0 ms max latency.
1778 records sent, 355.5 records/sec (3.47 MB/sec), 5012.3 ms avg latency, 5420.0 ms max latency.
2702 records sent, 539.4 records/sec (5.27 MB/sec), 4370.0 ms avg latency, 5241.0 ms max latency.
3009 records sent, 598.7 records/sec (5.85 MB/sec), 3406.8 ms avg latency, 3656.0 ms max latency.
3369 records sent, 673.8 records/sec (6.58 MB/sec), 3103.8 ms avg latency, 3563.0 ms max latency.
3779 records sent, 755.3 records/sec (7.38 MB/sec), 2901.6 ms avg latency, 3258.0 ms max latency.
16666 records sent, 457.743964 records/sec (4.47 MB/sec), 3395.70 ms avg latency, 5420.00 ms max latency, 3204 ms 50th, 5090 ms 95th, 5247 ms 99th, 5345 ms 99.9th.
