run_id=security-overhead-final-factorial-tls-b5-rf3-isr3-msg10240-tps10000-batch131072-acks1-prod12-compnone-trial3
producer_count=12
----- /var/lib/kafka-client/results/security-overhead-final-factorial-tls-b5-rf3-isr3-msg10240-tps10000-batch131072-acks1-prod12-compnone-trial3/producer-perf-1.log -----
producer_index=1
producer_count=12
producer_records=8334
producer_throughput=834
1 records sent, 0.1 records/sec (0.00 MB/sec), 15282.0 ms avg latency, 15282.0 ms max latency.
228 records sent, 42.7 records/sec (0.42 MB/sec), 6281.6 ms avg latency, 8181.0 ms max latency.
1008 records sent, 200.2 records/sec (1.96 MB/sec), 9275.0 ms avg latency, 11280.0 ms max latency.
936 records sent, 184.1 records/sec (1.80 MB/sec), 11919.4 ms avg latency, 14651.0 ms max latency.
1800 records sent, 351.1 records/sec (3.43 MB/sec), 13636.1 ms avg latency, 16233.0 ms max latency.
2160 records sent, 418.6 records/sec (4.09 MB/sec), 9455.6 ms avg latency, 12926.0 ms max latency.
8334 records sent, 191.181868 records/sec (1.87 MB/sec), 9644.10 ms avg latency, 16233.00 ms max latency, 9488 ms 50th, 14584 ms 95th, 15515 ms 99th, 16232 ms 99.9th.
----- /var/lib/kafka-client/results/security-overhead-final-factorial-tls-b5-rf3-isr3-msg10240-tps10000-batch131072-acks1-prod12-compnone-trial3/producer-perf-2.log -----
producer_index=2
producer_count=12
producer_records=8334
producer_throughput=834
[2026-04-23 18:46:07,867] WARN [Producer clientId=perf-producer-client] Bootstrap broker 10.20.1.118:9094 (id: -4 rack: null) disconnected (org.apache.kafka.clients.NetworkClient)
1 records sent, 0.1 records/sec (0.00 MB/sec), 15373.0 ms avg latency, 15373.0 ms max latency.
180 records sent, 36.0 records/sec (0.35 MB/sec), 5356.6 ms avg latency, 6921.0 ms max latency.
852 records sent, 164.7 records/sec (1.61 MB/sec), 8691.7 ms avg latency, 10398.0 ms max latency.
936 records sent, 171.6 records/sec (1.68 MB/sec), 11263.6 ms avg latency, 13538.0 ms max latency.
1224 records sent, 240.7 records/sec (2.35 MB/sec), 15100.1 ms avg latency, 16929.0 ms max latency.
2088 records sent, 407.3 records/sec (3.98 MB/sec), 12599.8 ms avg latency, 17068.0 ms max latency.
8334 records sent, 187.306154 records/sec (1.83 MB/sec), 9752.29 ms avg latency, 17068.00 ms max latency, 9682 ms 50th, 15782 ms 95th, 16466 ms 99th, 17039 ms 99.9th.
----- /var/lib/kafka-client/results/security-overhead-final-factorial-tls-b5-rf3-isr3-msg10240-tps10000-batch131072-acks1-prod12-compnone-trial3/producer-perf-3.log -----
producer_index=3
producer_count=12
producer_records=8334
producer_throughput=834
[2026-04-23 18:46:09,626] WARN [Producer clientId=perf-producer-client] Bootstrap broker 10.20.1.91:9094 (id: -3 rack: null) disconnected (org.apache.kafka.clients.NetworkClient)
1 records sent, 0.1 records/sec (0.00 MB/sec), 17470.0 ms avg latency, 17470.0 ms max latency.
600 records sent, 112.3 records/sec (1.10 MB/sec), 5534.8 ms avg latency, 7558.0 ms max latency.
936 records sent, 179.0 records/sec (1.75 MB/sec), 7839.3 ms avg latency, 10107.0 ms max latency.
1584 records sent, 304.5 records/sec (2.97 MB/sec), 11391.4 ms avg latency, 13116.0 ms max latency.
2016 records sent, 402.0 records/sec (3.93 MB/sec), 10757.6 ms avg latency, 14379.0 ms max latency.
8334 records sent, 195.753277 records/sec (1.91 MB/sec), 8438.38 ms avg latency, 17470.00 ms max latency, 8026 ms 50th, 12768 ms 95th, 13649 ms 99th, 14379 ms 99.9th.
----- /var/lib/kafka-client/results/security-overhead-final-factorial-tls-b5-rf3-isr3-msg10240-tps10000-batch131072-acks1-prod12-compnone-trial3/producer-perf-4.log -----
producer_index=4
producer_count=12
producer_records=8334
producer_throughput=834
1 records sent, 0.1 records/sec (0.00 MB/sec), 15711.0 ms avg latency, 15711.0 ms max latency.
264 records sent, 49.3 records/sec (0.48 MB/sec), 6071.1 ms avg latency, 8394.0 ms max latency.
996 records sent, 186.9 records/sec (1.83 MB/sec), 9787.9 ms avg latency, 11905.0 ms max latency.
2232 records sent, 439.1 records/sec (4.29 MB/sec), 11191.4 ms avg latency, 12622.0 ms max latency.
1800 records sent, 356.8 records/sec (3.48 MB/sec), 7901.9 ms avg latency, 10425.0 ms max latency.
8334 records sent, 202.734261 records/sec (1.98 MB/sec), 8588.59 ms avg latency, 15711.00 ms max latency, 8222 ms 50th, 11845 ms 95th, 12303 ms 99th, 12621 ms 99.9th.
----- /var/lib/kafka-client/results/security-overhead-final-factorial-tls-b5-rf3-isr3-msg10240-tps10000-batch131072-acks1-prod12-compnone-trial3/producer-perf-5.log -----
producer_index=5
producer_count=12
producer_records=8333
producer_throughput=833
[2026-04-23 18:46:08,214] WARN [Producer clientId=perf-producer-client] Bootstrap broker 10.20.1.238:9094 (id: -2 rack: null) disconnected (org.apache.kafka.clients.NetworkClient)
1 records sent, 0.1 records/sec (0.00 MB/sec), 16728.0 ms avg latency, 16728.0 ms max latency.
372 records sent, 70.8 records/sec (0.69 MB/sec), 6638.9 ms avg latency, 8245.0 ms max latency.
1008 records sent, 190.7 records/sec (1.86 MB/sec), 9186.4 ms avg latency, 11007.0 ms max latency.
1440 records sent, 281.7 records/sec (2.75 MB/sec), 12077.8 ms avg latency, 14047.0 ms max latency.
2592 records sent, 516.7 records/sec (5.05 MB/sec), 9927.0 ms avg latency, 14686.0 ms max latency.
8333 records sent, 205.925963 records/sec (2.01 MB/sec), 8006.00 ms avg latency, 16728.00 ms max latency, 7963 ms 50th, 13197 ms 95th, 14046 ms 99th, 14667 ms 99.9th.
----- /var/lib/kafka-client/results/security-overhead-final-factorial-tls-b5-rf3-isr3-msg10240-tps10000-batch131072-acks1-prod12-compnone-trial3/producer-perf-6.log -----
producer_index=6
producer_count=12
producer_records=8333
producer_throughput=833
1 records sent, 0.1 records/sec (0.00 MB/sec), 16034.0 ms avg latency, 16034.0 ms max latency.
408 records sent, 76.2 records/sec (0.74 MB/sec), 6584.1 ms avg latency, 8174.0 ms max latency.
1080 records sent, 212.6 records/sec (2.08 MB/sec), 8846.0 ms avg latency, 11433.0 ms max latency.
792 records sent, 146.2 records/sec (1.43 MB/sec), 12093.8 ms avg latency, 14816.0 ms max latency.
1872 records sent, 367.6 records/sec (3.59 MB/sec), 14242.5 ms avg latency, 16458.0 ms max latency.
3096 records sent, 614.8 records/sec (6.00 MB/sec), 7954.3 ms avg latency, 12960.0 ms max latency.
8333 records sent, 194.805498 records/sec (1.90 MB/sec), 9318.20 ms avg latency, 16458.00 ms max latency, 8885 ms 50th, 15084 ms 95th, 15890 ms 99th, 16456 ms 99.9th.
----- /var/lib/kafka-client/results/security-overhead-final-factorial-tls-b5-rf3-isr3-msg10240-tps10000-batch131072-acks1-prod12-compnone-trial3/producer-perf-7.log -----
producer_index=7
producer_count=12
producer_records=8333
producer_throughput=833
1 records sent, 0.1 records/sec (0.00 MB/sec), 15470.0 ms avg latency, 15470.0 ms max latency.
228 records sent, 44.4 records/sec (0.43 MB/sec), 6423.9 ms avg latency, 8307.0 ms max latency.
936 records sent, 186.1 records/sec (1.82 MB/sec), 9605.9 ms avg latency, 11463.0 ms max latency.
1584 records sent, 310.9 records/sec (3.04 MB/sec), 12266.3 ms avg latency, 13817.0 ms max latency.
1800 records sent, 356.0 records/sec (3.48 MB/sec), 10837.3 ms avg latency, 15097.0 ms max latency.
2160 records sent, 429.3 records/sec (4.19 MB/sec), 8134.7 ms avg latency, 9975.0 ms max latency.
8333 records sent, 190.979305 records/sec (1.87 MB/sec), 9369.71 ms avg latency, 15470.00 ms max latency, 8788 ms 50th, 12988 ms 95th, 14191 ms 99th, 15096 ms 99.9th.
----- /var/lib/kafka-client/results/security-overhead-final-factorial-tls-b5-rf3-isr3-msg10240-tps10000-batch131072-acks1-prod12-compnone-trial3/producer-perf-8.log -----
producer_index=8
producer_count=12
producer_records=8333
producer_throughput=833
1 records sent, 0.1 records/sec (0.00 MB/sec), 16458.0 ms avg latency, 16458.0 ms max latency.
408 records sent, 77.3 records/sec (0.75 MB/sec), 6708.6 ms avg latency, 8316.0 ms max latency.
1152 records sent, 230.0 records/sec (2.25 MB/sec), 9383.8 ms avg latency, 10953.0 ms max latency.
2148 records sent, 423.2 records/sec (4.13 MB/sec), 10432.1 ms avg latency, 12926.0 ms max latency.
8333 records sent, 222.106722 records/sec (2.17 MB/sec), 7043.69 ms avg latency, 16458.00 ms max latency, 6532 ms 50th, 11142 ms 95th, 12205 ms 99th, 12926 ms 99.9th.
----- /var/lib/kafka-client/results/security-overhead-final-factorial-tls-b5-rf3-isr3-msg10240-tps10000-batch131072-acks1-prod12-compnone-trial3/producer-perf-9.log -----
producer_index=9
producer_count=12
producer_records=8333
producer_throughput=833
1 records sent, 0.1 records/sec (0.00 MB/sec), 16438.0 ms avg latency, 16438.0 ms max latency.
348 records sent, 66.7 records/sec (0.65 MB/sec), 7086.1 ms avg latency, 8841.0 ms max latency.
1080 records sent, 209.3 records/sec (2.04 MB/sec), 9413.5 ms avg latency, 11357.0 ms max latency.
1512 records sent, 293.9 records/sec (2.87 MB/sec), 12274.4 ms avg latency, 14136.0 ms max latency.
1728 records sent, 345.2 records/sec (3.37 MB/sec), 11169.6 ms avg latency, 14506.0 ms max latency.
8333 records sent, 203.990208 records/sec (1.99 MB/sec), 8562.69 ms avg latency, 16438.00 ms max latency, 8925 ms 50th, 13280 ms 95th, 14036 ms 99th, 14506 ms 99.9th.
----- /var/lib/kafka-client/results/security-overhead-final-factorial-tls-b5-rf3-isr3-msg10240-tps10000-batch131072-acks1-prod12-compnone-trial3/producer-perf-10.log -----
producer_index=10
producer_count=12
producer_records=8333
producer_throughput=833
1 records sent, 0.1 records/sec (0.00 MB/sec), 16493.0 ms avg latency, 16493.0 ms max latency.
324 records sent, 63.6 records/sec (0.62 MB/sec), 6753.7 ms avg latency, 8607.0 ms max latency.
1008 records sent, 201.5 records/sec (1.97 MB/sec), 9367.1 ms avg latency, 11101.0 ms max latency.
1512 records sent, 301.3 records/sec (2.94 MB/sec), 12071.3 ms avg latency, 13661.0 ms max latency.
1872 records sent, 369.6 records/sec (3.61 MB/sec), 10799.9 ms avg latency, 14267.0 ms max latency.
2664 records sent, 527.8 records/sec (5.15 MB/sec), 7430.2 ms avg latency, 9702.0 ms max latency.
8333 records sent, 193.529658 records/sec (1.89 MB/sec), 9015.30 ms avg latency, 16493.00 ms max latency, 8605 ms 50th, 13025 ms 95th, 13660 ms 99th, 14266 ms 99.9th.
----- /var/lib/kafka-client/results/security-overhead-final-factorial-tls-b5-rf3-isr3-msg10240-tps10000-batch131072-acks1-prod12-compnone-trial3/producer-perf-11.log -----
producer_index=11
producer_count=12
producer_records=8333
producer_throughput=833
1 records sent, 0.1 records/sec (0.00 MB/sec), 15469.0 ms avg latency, 15469.0 ms max latency.
360 records sent, 67.1 records/sec (0.66 MB/sec), 5829.0 ms avg latency, 7183.0 ms max latency.
1008 records sent, 197.1 records/sec (1.92 MB/sec), 8484.4 ms avg latency, 11385.0 ms max latency.
2088 records sent, 409.8 records/sec (4.00 MB/sec), 10525.2 ms avg latency, 12323.0 ms max latency.
1944 records sent, 386.8 records/sec (3.78 MB/sec), 8367.2 ms avg latency, 11543.0 ms max latency.
8333 records sent, 204.742015 records/sec (2.00 MB/sec), 8215.35 ms avg latency, 15469.00 ms max latency, 7844 ms 50th, 11170 ms 95th, 11772 ms 99th, 12323 ms 99.9th.
----- /var/lib/kafka-client/results/security-overhead-final-factorial-tls-b5-rf3-isr3-msg10240-tps10000-batch131072-acks1-prod12-compnone-trial3/producer-perf-12.log -----
producer_index=12
producer_count=12
producer_records=8333
producer_throughput=833
1 records sent, 0.1 records/sec (0.00 MB/sec), 15205.0 ms avg latency, 15205.0 ms max latency.
300 records sent, 59.3 records/sec (0.58 MB/sec), 5739.8 ms avg latency, 7742.0 ms max latency.
936 records sent, 184.6 records/sec (1.80 MB/sec), 8296.9 ms avg latency, 10338.0 ms max latency.
3312 records sent, 656.4 records/sec (6.41 MB/sec), 8370.2 ms avg latency, 10560.0 ms max latency.
8333 records sent, 235.375533 records/sec (2.30 MB/sec), 6246.95 ms avg latency, 15205.00 ms max latency, 5209 ms 50th, 9994 ms 95th, 10367 ms 99th, 10554 ms 99.9th.
