run_id=security-overhead-final-factorial-mtls-b3-rf3-isr3-msg1024-tps10000-batch131072-acksall-prod12-complz4-trial1
producer_count=12
----- /var/lib/kafka-client/results/security-overhead-final-factorial-mtls-b3-rf3-isr3-msg1024-tps10000-batch131072-acksall-prod12-complz4-trial1/producer-perf-1.log -----
producer_index=1
producer_count=12
producer_records=8334
producer_throughput=834
1 records sent, 0.0 records/sec (0.00 MB/sec), 5017.0 ms avg latency, 5017.0 ms max latency.
8334 records sent, 335.331751 records/sec (0.33 MB/sec), 5973.53 ms avg latency, 20645.00 ms max latency, 5841 ms 50th, 7900 ms 95th, 8168 ms 99th, 8296 ms 99.9th.
----- /var/lib/kafka-client/results/security-overhead-final-factorial-mtls-b3-rf3-isr3-msg1024-tps10000-batch131072-acksall-prod12-complz4-trial1/producer-perf-2.log -----
producer_index=2
producer_count=12
producer_records=8334
producer_throughput=834
1 records sent, 0.1 records/sec (0.00 MB/sec), 3237.0 ms avg latency, 3237.0 ms max latency.
6234 records sent, 1235.7 records/sec (1.21 MB/sec), 4982.1 ms avg latency, 18732.0 ms max latency.
8334 records sent, 335.723493 records/sec (0.33 MB/sec), 5287.60 ms avg latency, 18732.00 ms max latency, 5336 ms 50th, 7431 ms 95th, 7528 ms 99th, 7528 ms 99.9th.
----- /var/lib/kafka-client/results/security-overhead-final-factorial-mtls-b3-rf3-isr3-msg1024-tps10000-batch131072-acksall-prod12-complz4-trial1/producer-perf-3.log -----
producer_index=3
producer_count=12
producer_records=8334
producer_throughput=834
1 records sent, 0.1 records/sec (0.00 MB/sec), 18266.0 ms avg latency, 18266.0 ms max latency.
5992 records sent, 1163.0 records/sec (1.14 MB/sec), 5105.3 ms avg latency, 6907.0 ms max latency.
8334 records sent, 338.189344 records/sec (0.33 MB/sec), 5353.78 ms avg latency, 18266.00 ms max latency, 5581 ms 50th, 6487 ms 95th, 6831 ms 99th, 6906 ms 99.9th.
----- /var/lib/kafka-client/results/security-overhead-final-factorial-mtls-b3-rf3-isr3-msg1024-tps10000-batch131072-acksall-prod12-complz4-trial1/producer-perf-4.log -----
producer_index=4
producer_count=12
producer_records=8334
producer_throughput=834
1 records sent, 0.1 records/sec (0.00 MB/sec), 16046.0 ms avg latency, 16046.0 ms max latency.
2225 records sent, 441.4 records/sec (0.43 MB/sec), 3356.3 ms avg latency, 7032.0 ms max latency.
8334 records sent, 342.624568 records/sec (0.33 MB/sec), 5258.05 ms avg latency, 16046.00 ms max latency, 5562 ms 50th, 7418 ms 95th, 8150 ms 99th, 8188 ms 99.9th.
----- /var/lib/kafka-client/results/security-overhead-final-factorial-mtls-b3-rf3-isr3-msg1024-tps10000-batch131072-acksall-prod12-complz4-trial1/producer-perf-5.log -----
producer_index=5
producer_count=12
producer_records=8333
producer_throughput=833
1 records sent, 0.1 records/sec (0.00 MB/sec), 2258.0 ms avg latency, 2258.0 ms max latency.
8333 records sent, 336.035164 records/sec (0.33 MB/sec), 4401.83 ms avg latency, 19772.00 ms max latency, 4625 ms 50th, 5495 ms 95th, 5596 ms 99th, 5672 ms 99.9th.
----- /var/lib/kafka-client/results/security-overhead-final-factorial-mtls-b3-rf3-isr3-msg1024-tps10000-batch131072-acksall-prod12-complz4-trial1/producer-perf-6.log -----
producer_index=6
producer_count=12
producer_records=8333
producer_throughput=833
1 records sent, 0.1 records/sec (0.00 MB/sec), 19638.0 ms avg latency, 19638.0 ms max latency.
8091 records sent, 1607.3 records/sec (1.57 MB/sec), 5422.8 ms avg latency, 6985.0 ms max latency.
8333 records sent, 333.000320 records/sec (0.33 MB/sec), 5436.69 ms avg latency, 19638.00 ms max latency, 5635 ms 50th, 6602 ms 95th, 6958 ms 99th, 6984 ms 99.9th.
----- /var/lib/kafka-client/results/security-overhead-final-factorial-mtls-b3-rf3-isr3-msg1024-tps10000-batch131072-acksall-prod12-complz4-trial1/producer-perf-7.log -----
producer_index=7
producer_count=12
producer_records=8333
producer_throughput=833
1 records sent, 0.1 records/sec (0.00 MB/sec), 18107.0 ms avg latency, 18107.0 ms max latency.
6491 records sent, 1294.8 records/sec (1.26 MB/sec), 4911.1 ms avg latency, 6260.0 ms max latency.
8333 records sent, 344.866118 records/sec (0.34 MB/sec), 5071.09 ms avg latency, 18107.00 ms max latency, 5269 ms 50th, 5961 ms 95th, 6173 ms 99th, 6198 ms 99.9th.
----- /var/lib/kafka-client/results/security-overhead-final-factorial-mtls-b3-rf3-isr3-msg1024-tps10000-batch131072-acksall-prod12-complz4-trial1/producer-perf-8.log -----
producer_index=8
producer_count=12
producer_records=8333
producer_throughput=833
1 records sent, 0.0 records/sec (0.00 MB/sec), 5337.0 ms avg latency, 5337.0 ms max latency.
8333 records sent, 336.578076 records/sec (0.33 MB/sec), 5857.90 ms avg latency, 20669.00 ms max latency, 5881 ms 50th, 7415 ms 95th, 7677 ms 99th, 7804 ms 99.9th.
----- /var/lib/kafka-client/results/security-overhead-final-factorial-mtls-b3-rf3-isr3-msg1024-tps10000-batch131072-acksall-prod12-complz4-trial1/producer-perf-9.log -----
producer_index=9
producer_count=12
producer_records=8333
producer_throughput=833
1 records sent, 0.1 records/sec (0.00 MB/sec), 5508.0 ms avg latency, 5508.0 ms max latency.
7125 records sent, 1394.3 records/sec (1.36 MB/sec), 6081.3 ms avg latency, 18800.0 ms max latency.
8333 records sent, 334.631756 records/sec (0.33 MB/sec), 6209.76 ms avg latency, 18800.00 ms max latency, 6565 ms 50th, 7392 ms 95th, 7636 ms 99th, 7637 ms 99.9th.
----- /var/lib/kafka-client/results/security-overhead-final-factorial-mtls-b3-rf3-isr3-msg1024-tps10000-batch131072-acksall-prod12-complz4-trial1/producer-perf-10.log -----
producer_index=10
producer_count=12
producer_records=8333
producer_throughput=833
1 records sent, 0.0 records/sec (0.00 MB/sec), 20408.0 ms avg latency, 20408.0 ms max latency.
8333 records sent, 334.685517 records/sec (0.33 MB/sec), 2962.28 ms avg latency, 20408.00 ms max latency, 3019 ms 50th, 3969 ms 95th, 4048 ms 99th, 4065 ms 99.9th.
----- /var/lib/kafka-client/results/security-overhead-final-factorial-mtls-b3-rf3-isr3-msg1024-tps10000-batch131072-acksall-prod12-complz4-trial1/producer-perf-11.log -----
producer_index=11
producer_count=12
producer_records=8333
producer_throughput=833
1 records sent, 0.1 records/sec (0.00 MB/sec), 19353.0 ms avg latency, 19353.0 ms max latency.
7092 records sent, 1386.8 records/sec (1.35 MB/sec), 4898.0 ms avg latency, 6635.0 ms max latency.
8333 records sent, 332.018488 records/sec (0.32 MB/sec), 5027.84 ms avg latency, 19353.00 ms max latency, 5385 ms 50th, 6226 ms 95th, 6465 ms 99th, 6634 ms 99.9th.
----- /var/lib/kafka-client/results/security-overhead-final-factorial-mtls-b3-rf3-isr3-msg1024-tps10000-batch131072-acksall-prod12-complz4-trial1/producer-perf-12.log -----
producer_index=12
producer_count=12
producer_records=8333
producer_throughput=833
1 records sent, 0.1 records/sec (0.00 MB/sec), 2519.0 ms avg latency, 2519.0 ms max latency.
5892 records sent, 1141.9 records/sec (1.12 MB/sec), 4902.0 ms avg latency, 19589.0 ms max latency.
8333 records sent, 341.055130 records/sec (0.33 MB/sec), 5171.12 ms avg latency, 19589.00 ms max latency, 5244 ms 50th, 6809 ms 95th, 7181 ms 99th, 7349 ms 99.9th.
