run_id=security-overhead-final-factorial-tls-b5-rf5-isr3-msg102400-tps10000-batch131072-acks1-prod6-compnone-trial2
producer_count=6
----- /var/lib/kafka-client/results/security-overhead-final-factorial-tls-b5-rf5-isr3-msg102400-tps10000-batch131072-acks1-prod6-compnone-trial2/producer-perf-1.log -----
producer_index=1
producer_count=6
producer_records=16667
producer_throughput=1667
1 records sent, 0.1 records/sec (0.01 MB/sec), 9315.0 ms avg latency, 9315.0 ms max latency.
136 records sent, 26.7 records/sec (2.61 MB/sec), 4821.5 ms avg latency, 6274.0 ms max latency.
473 records sent, 93.8 records/sec (9.16 MB/sec), 4231.8 ms avg latency, 7517.0 ms max latency.
772 records sent, 154.1 records/sec (15.05 MB/sec), 1540.5 ms avg latency, 2133.0 ms max latency.
869 records sent, 173.6 records/sec (16.96 MB/sec), 597.5 ms avg latency, 1422.0 ms max latency.
695 records sent, 138.9 records/sec (13.57 MB/sec), 44.6 ms avg latency, 178.0 ms max latency.
660 records sent, 132.0 records/sec (12.89 MB/sec), 31.9 ms avg latency, 146.0 ms max latency.
709 records sent, 141.8 records/sec (13.85 MB/sec), 34.4 ms avg latency, 137.0 ms max latency.
739 records sent, 147.5 records/sec (14.40 MB/sec), 43.3 ms avg latency, 236.0 ms max latency.
707 records sent, 141.3 records/sec (13.80 MB/sec), 23.5 ms avg latency, 71.0 ms max latency.
752 records sent, 150.2 records/sec (14.67 MB/sec), 25.3 ms avg latency, 138.0 ms max latency.
760 records sent, 151.4 records/sec (14.78 MB/sec), 29.1 ms avg latency, 122.0 ms max latency.
771 records sent, 154.0 records/sec (15.04 MB/sec), 22.8 ms avg latency, 109.0 ms max latency.
718 records sent, 143.4 records/sec (14.01 MB/sec), 18.1 ms avg latency, 69.0 ms max latency.
835 records sent, 167.0 records/sec (16.31 MB/sec), 36.2 ms avg latency, 203.0 ms max latency.
764 records sent, 152.8 records/sec (14.92 MB/sec), 27.6 ms avg latency, 205.0 ms max latency.
816 records sent, 163.1 records/sec (15.93 MB/sec), 39.8 ms avg latency, 461.0 ms max latency.
850 records sent, 169.7 records/sec (16.57 MB/sec), 69.4 ms avg latency, 344.0 ms max latency.
772 records sent, 154.2 records/sec (15.06 MB/sec), 18.5 ms avg latency, 99.0 ms max latency.
773 records sent, 153.9 records/sec (15.03 MB/sec), 17.4 ms avg latency, 95.0 ms max latency.
808 records sent, 161.5 records/sec (15.77 MB/sec), 19.0 ms avg latency, 110.0 ms max latency.
803 records sent, 160.5 records/sec (15.67 MB/sec), 19.6 ms avg latency, 142.0 ms max latency.
806 records sent, 161.0 records/sec (15.72 MB/sec), 17.2 ms avg latency, 88.0 ms max latency.
16667 records sent, 134.871376 records/sec (13.17 MB/sec), 287.87 ms avg latency, 9315.00 ms max latency, 22 ms 50th, 1752 ms 95th, 5754 ms 99th, 7074 ms 99.9th.
----- /var/lib/kafka-client/results/security-overhead-final-factorial-tls-b5-rf5-isr3-msg102400-tps10000-batch131072-acks1-prod6-compnone-trial2/producer-perf-2.log -----
producer_index=2
producer_count=6
producer_records=16667
producer_throughput=1667
1 records sent, 0.1 records/sec (0.01 MB/sec), 9069.0 ms avg latency, 9069.0 ms max latency.
193 records sent, 38.2 records/sec (3.73 MB/sec), 4414.8 ms avg latency, 5534.0 ms max latency.
282 records sent, 55.9 records/sec (5.46 MB/sec), 4924.2 ms avg latency, 7227.0 ms max latency.
411 records sent, 82.1 records/sec (8.01 MB/sec), 4018.2 ms avg latency, 5077.0 ms max latency.
868 records sent, 173.5 records/sec (16.94 MB/sec), 1258.4 ms avg latency, 2646.0 ms max latency.
816 records sent, 162.9 records/sec (15.91 MB/sec), 241.7 ms avg latency, 910.0 ms max latency.
782 records sent, 156.4 records/sec (15.27 MB/sec), 65.0 ms avg latency, 457.0 ms max latency.
687 records sent, 137.1 records/sec (13.39 MB/sec), 35.5 ms avg latency, 192.0 ms max latency.
768 records sent, 152.9 records/sec (14.93 MB/sec), 31.9 ms avg latency, 225.0 ms max latency.
760 records sent, 151.6 records/sec (14.80 MB/sec), 29.2 ms avg latency, 139.0 ms max latency.
753 records sent, 150.2 records/sec (14.67 MB/sec), 32.4 ms avg latency, 172.0 ms max latency.
778 records sent, 155.5 records/sec (15.19 MB/sec), 44.2 ms avg latency, 216.0 ms max latency.
762 records sent, 151.9 records/sec (14.83 MB/sec), 34.0 ms avg latency, 329.0 ms max latency.
816 records sent, 162.7 records/sec (15.89 MB/sec), 22.6 ms avg latency, 358.0 ms max latency.
853 records sent, 170.5 records/sec (16.65 MB/sec), 53.2 ms avg latency, 385.0 ms max latency.
749 records sent, 148.8 records/sec (14.53 MB/sec), 25.8 ms avg latency, 167.0 ms max latency.
865 records sent, 172.0 records/sec (16.79 MB/sec), 45.8 ms avg latency, 401.0 ms max latency.
810 records sent, 161.8 records/sec (15.80 MB/sec), 20.5 ms avg latency, 114.0 ms max latency.
780 records sent, 155.6 records/sec (15.20 MB/sec), 23.8 ms avg latency, 173.0 ms max latency.
826 records sent, 164.7 records/sec (16.08 MB/sec), 24.0 ms avg latency, 138.0 ms max latency.
775 records sent, 154.8 records/sec (15.12 MB/sec), 20.5 ms avg latency, 125.0 ms max latency.
822 records sent, 164.3 records/sec (16.05 MB/sec), 18.6 ms avg latency, 145.0 ms max latency.
797 records sent, 159.4 records/sec (15.57 MB/sec), 19.1 ms avg latency, 94.0 ms max latency.
16667 records sent, 136.127151 records/sec (13.29 MB/sec), 338.08 ms avg latency, 9069.00 ms max latency, 23 ms 50th, 2962 ms 95th, 4991 ms 99th, 6036 ms 99.9th.
----- /var/lib/kafka-client/results/security-overhead-final-factorial-tls-b5-rf5-isr3-msg102400-tps10000-batch131072-acks1-prod6-compnone-trial2/producer-perf-3.log -----
producer_index=3
producer_count=6
producer_records=16667
producer_throughput=1667
1 records sent, 0.1 records/sec (0.01 MB/sec), 8946.0 ms avg latency, 8946.0 ms max latency.
224 records sent, 44.4 records/sec (4.34 MB/sec), 4508.1 ms avg latency, 5732.0 ms max latency.
312 records sent, 62.1 records/sec (6.06 MB/sec), 4148.3 ms avg latency, 5904.0 ms max latency.
448 records sent, 88.9 records/sec (8.68 MB/sec), 3743.4 ms avg latency, 5169.0 ms max latency.
880 records sent, 175.8 records/sec (17.17 MB/sec), 1322.2 ms avg latency, 1817.0 ms max latency.
743 records sent, 147.9 records/sec (14.45 MB/sec), 134.5 ms avg latency, 781.0 ms max latency.
771 records sent, 153.9 records/sec (15.03 MB/sec), 66.4 ms avg latency, 356.0 ms max latency.
708 records sent, 141.5 records/sec (13.82 MB/sec), 36.7 ms avg latency, 185.0 ms max latency.
729 records sent, 145.7 records/sec (14.23 MB/sec), 65.9 ms avg latency, 479.0 ms max latency.
911 records sent, 182.1 records/sec (17.78 MB/sec), 119.6 ms avg latency, 567.0 ms max latency.
773 records sent, 153.6 records/sec (15.00 MB/sec), 36.2 ms avg latency, 205.0 ms max latency.
785 records sent, 156.9 records/sec (15.32 MB/sec), 24.6 ms avg latency, 124.0 ms max latency.
768 records sent, 153.4 records/sec (14.99 MB/sec), 25.3 ms avg latency, 159.0 ms max latency.
786 records sent, 156.7 records/sec (15.31 MB/sec), 27.2 ms avg latency, 165.0 ms max latency.
843 records sent, 168.6 records/sec (16.46 MB/sec), 28.9 ms avg latency, 112.0 ms max latency.
775 records sent, 155.0 records/sec (15.14 MB/sec), 25.9 ms avg latency, 128.0 ms max latency.
830 records sent, 164.6 records/sec (16.07 MB/sec), 76.0 ms avg latency, 477.0 ms max latency.
844 records sent, 168.3 records/sec (16.44 MB/sec), 34.2 ms avg latency, 377.0 ms max latency.
848 records sent, 169.1 records/sec (16.51 MB/sec), 34.7 ms avg latency, 266.0 ms max latency.
821 records sent, 164.0 records/sec (16.02 MB/sec), 19.8 ms avg latency, 120.0 ms max latency.
844 records sent, 168.8 records/sec (16.48 MB/sec), 23.3 ms avg latency, 133.0 ms max latency.
886 records sent, 177.2 records/sec (17.30 MB/sec), 21.4 ms avg latency, 211.0 ms max latency.
862 records sent, 172.4 records/sec (16.84 MB/sec), 23.4 ms avg latency, 172.0 ms max latency.
16667 records sent, 137.429191 records/sec (13.42 MB/sec), 349.31 ms avg latency, 8946.00 ms max latency, 25 ms 50th, 3127 ms 95th, 4925 ms 99th, 5650 ms 99.9th.
----- /var/lib/kafka-client/results/security-overhead-final-factorial-tls-b5-rf5-isr3-msg102400-tps10000-batch131072-acks1-prod6-compnone-trial2/producer-perf-4.log -----
producer_index=4
producer_count=6
producer_records=16667
producer_throughput=1667
1 records sent, 0.1 records/sec (0.01 MB/sec), 2441.0 ms avg latency, 2441.0 ms max latency.
145 records sent, 28.7 records/sec (2.80 MB/sec), 4340.4 ms avg latency, 8932.0 ms max latency.
353 records sent, 70.0 records/sec (6.83 MB/sec), 5363.4 ms avg latency, 8293.0 ms max latency.
790 records sent, 155.7 records/sec (15.20 MB/sec), 1713.7 ms avg latency, 3439.0 ms max latency.
929 records sent, 185.6 records/sec (18.13 MB/sec), 945.1 ms avg latency, 1550.0 ms max latency.
689 records sent, 137.5 records/sec (13.42 MB/sec), 39.4 ms avg latency, 132.0 ms max latency.
686 records sent, 136.8 records/sec (13.36 MB/sec), 30.8 ms avg latency, 163.0 ms max latency.
716 records sent, 143.1 records/sec (13.97 MB/sec), 24.7 ms avg latency, 126.0 ms max latency.
722 records sent, 144.0 records/sec (14.06 MB/sec), 41.8 ms avg latency, 233.0 ms max latency.
742 records sent, 148.1 records/sec (14.47 MB/sec), 32.7 ms avg latency, 143.0 ms max latency.
774 records sent, 154.5 records/sec (15.09 MB/sec), 34.8 ms avg latency, 195.0 ms max latency.
807 records sent, 161.3 records/sec (15.75 MB/sec), 32.7 ms avg latency, 211.0 ms max latency.
797 records sent, 159.3 records/sec (15.56 MB/sec), 23.6 ms avg latency, 127.0 ms max latency.
807 records sent, 161.3 records/sec (15.76 MB/sec), 26.5 ms avg latency, 163.0 ms max latency.
736 records sent, 147.2 records/sec (14.37 MB/sec), 21.4 ms avg latency, 102.0 ms max latency.
789 records sent, 157.8 records/sec (15.41 MB/sec), 29.1 ms avg latency, 120.0 ms max latency.
800 records sent, 159.8 records/sec (15.61 MB/sec), 46.7 ms avg latency, 507.0 ms max latency.
766 records sent, 153.0 records/sec (14.95 MB/sec), 22.2 ms avg latency, 93.0 ms max latency.
793 records sent, 158.4 records/sec (15.47 MB/sec), 39.0 ms avg latency, 283.0 ms max latency.
784 records sent, 156.5 records/sec (15.28 MB/sec), 19.4 ms avg latency, 99.0 ms max latency.
863 records sent, 172.6 records/sec (16.86 MB/sec), 31.4 ms avg latency, 150.0 ms max latency.
875 records sent, 174.7 records/sec (17.06 MB/sec), 22.3 ms avg latency, 129.0 ms max latency.
777 records sent, 155.4 records/sec (15.18 MB/sec), 15.4 ms avg latency, 67.0 ms max latency.
16667 records sent, 136.122704 records/sec (13.29 MB/sec), 310.56 ms avg latency, 8932.00 ms max latency, 23 ms 50th, 1734 ms 95th, 5811 ms 99th, 7279 ms 99.9th.
----- /var/lib/kafka-client/results/security-overhead-final-factorial-tls-b5-rf5-isr3-msg102400-tps10000-batch131072-acks1-prod6-compnone-trial2/producer-perf-5.log -----
producer_index=5
producer_count=6
producer_records=16666
producer_throughput=1666
1 records sent, 0.1 records/sec (0.01 MB/sec), 9234.0 ms avg latency, 9234.0 ms max latency.
155 records sent, 30.3 records/sec (2.96 MB/sec), 5252.3 ms avg latency, 6874.0 ms max latency.
311 records sent, 61.5 records/sec (6.01 MB/sec), 5359.0 ms avg latency, 7201.0 ms max latency.
282 records sent, 56.3 records/sec (5.50 MB/sec), 4662.2 ms avg latency, 5528.0 ms max latency.
729 records sent, 145.3 records/sec (14.19 MB/sec), 2141.1 ms avg latency, 4777.0 ms max latency.
829 records sent, 165.8 records/sec (16.19 MB/sec), 304.5 ms avg latency, 1013.0 ms max latency.
705 records sent, 140.9 records/sec (13.76 MB/sec), 37.8 ms avg latency, 153.0 ms max latency.
703 records sent, 140.5 records/sec (13.72 MB/sec), 49.0 ms avg latency, 219.0 ms max latency.
729 records sent, 145.6 records/sec (14.22 MB/sec), 36.6 ms avg latency, 129.0 ms max latency.
788 records sent, 157.5 records/sec (15.38 MB/sec), 36.6 ms avg latency, 193.0 ms max latency.
848 records sent, 169.5 records/sec (16.55 MB/sec), 89.5 ms avg latency, 542.0 ms max latency.
917 records sent, 183.0 records/sec (17.87 MB/sec), 107.7 ms avg latency, 568.0 ms max latency.
781 records sent, 156.0 records/sec (15.24 MB/sec), 26.2 ms avg latency, 126.0 ms max latency.
869 records sent, 173.4 records/sec (16.94 MB/sec), 25.9 ms avg latency, 123.0 ms max latency.
785 records sent, 156.9 records/sec (15.33 MB/sec), 27.4 ms avg latency, 134.0 ms max latency.
821 records sent, 164.0 records/sec (16.02 MB/sec), 24.9 ms avg latency, 165.0 ms max latency.
779 records sent, 155.0 records/sec (15.13 MB/sec), 46.5 ms avg latency, 388.0 ms max latency.
939 records sent, 187.5 records/sec (18.31 MB/sec), 57.2 ms avg latency, 448.0 ms max latency.
865 records sent, 172.9 records/sec (16.88 MB/sec), 31.9 ms avg latency, 254.0 ms max latency.
766 records sent, 152.8 records/sec (14.92 MB/sec), 16.8 ms avg latency, 86.0 ms max latency.
809 records sent, 161.7 records/sec (15.79 MB/sec), 17.6 ms avg latency, 94.0 ms max latency.
845 records sent, 167.9 records/sec (16.40 MB/sec), 17.7 ms avg latency, 68.0 ms max latency.
835 records sent, 166.7 records/sec (16.28 MB/sec), 28.3 ms avg latency, 232.0 ms max latency.
16666 records sent, 135.417767 records/sec (13.22 MB/sec), 371.10 ms avg latency, 9234.00 ms max latency, 23 ms 50th, 3780 ms 95th, 5829 ms 99th, 6835 ms 99.9th.
----- /var/lib/kafka-client/results/security-overhead-final-factorial-tls-b5-rf5-isr3-msg102400-tps10000-batch131072-acks1-prod6-compnone-trial2/producer-perf-6.log -----
producer_index=6
producer_count=6
producer_records=16666
producer_throughput=1666
1 records sent, 0.1 records/sec (0.01 MB/sec), 2178.0 ms avg latency, 2178.0 ms max latency.
205 records sent, 40.5 records/sec (3.95 MB/sec), 4880.6 ms avg latency, 8662.0 ms max latency.
574 records sent, 114.5 records/sec (11.19 MB/sec), 2848.7 ms avg latency, 6436.0 ms max latency.
796 records sent, 158.6 records/sec (15.49 MB/sec), 1444.9 ms avg latency, 2169.0 ms max latency.
850 records sent, 170.0 records/sec (16.60 MB/sec), 550.4 ms avg latency, 1394.0 ms max latency.
661 records sent, 131.9 records/sec (12.88 MB/sec), 50.7 ms avg latency, 169.0 ms max latency.
767 records sent, 152.7 records/sec (14.91 MB/sec), 59.3 ms avg latency, 345.0 ms max latency.
732 records sent, 145.9 records/sec (14.25 MB/sec), 28.2 ms avg latency, 142.0 ms max latency.
751 records sent, 150.0 records/sec (14.65 MB/sec), 47.7 ms avg latency, 251.0 ms max latency.
715 records sent, 142.8 records/sec (13.94 MB/sec), 26.8 ms avg latency, 127.0 ms max latency.
724 records sent, 144.6 records/sec (14.12 MB/sec), 20.5 ms avg latency, 86.0 ms max latency.
807 records sent, 160.9 records/sec (15.71 MB/sec), 35.3 ms avg latency, 182.0 ms max latency.
820 records sent, 163.9 records/sec (16.01 MB/sec), 24.0 ms avg latency, 140.0 ms max latency.
735 records sent, 146.3 records/sec (14.28 MB/sec), 19.7 ms avg latency, 80.0 ms max latency.
756 records sent, 151.0 records/sec (14.74 MB/sec), 19.9 ms avg latency, 93.0 ms max latency.
858 records sent, 171.3 records/sec (16.73 MB/sec), 45.6 ms avg latency, 273.0 ms max latency.
812 records sent, 162.2 records/sec (15.84 MB/sec), 54.0 ms avg latency, 505.0 ms max latency.
796 records sent, 159.1 records/sec (15.54 MB/sec), 29.1 ms avg latency, 215.0 ms max latency.
738 records sent, 147.2 records/sec (14.38 MB/sec), 17.9 ms avg latency, 78.0 ms max latency.
796 records sent, 159.2 records/sec (15.55 MB/sec), 17.9 ms avg latency, 125.0 ms max latency.
823 records sent, 164.5 records/sec (16.06 MB/sec), 26.6 ms avg latency, 149.0 ms max latency.
815 records sent, 162.7 records/sec (15.89 MB/sec), 20.5 ms avg latency, 146.0 ms max latency.
938 records sent, 187.4 records/sec (18.30 MB/sec), 24.8 ms avg latency, 193.0 ms max latency.
16666 records sent, 138.193517 records/sec (13.50 MB/sec), 282.12 ms avg latency, 8662.00 ms max latency, 23 ms 50th, 1870 ms 95th, 5165 ms 99th, 5889 ms 99.9th.
